6.9883 	EXP 	Created window1 = Window(allowGUI=False, allowStencil=False, autoLog=True, bitsMode=UNKNOWN, blendMode='avg', color=array([ 0.,  0.,  0.]), colorSpace='rgb', fullscr=UNKNOWN, gamma=None, lms=UNKNOWN, monitor=<psychopy.monitors.calibTools.Monitor object at 0x1131fb790>, name='window1', pos=[0, 0], screen=0, size=array([1440,  900]), stereo=False, units='pix', useFBO=True, useRetina=False, viewOri=0.0, viewPos=None, viewScale=None, waitBlanking=True, winType='pyglet')
6.9884 	EXP 	window1: recordFrameIntervals = False
7.1532 	EXP 	window1: recordFrameIntervals = True
7.3373 	EXP 	window1: recordFrameIntervals = False
7.5063 	EXP 	Created welcome = TextStim(alignHoriz='center', alignVert='center', antialias=True, autoLog=True, bold=False, color=u'white', colorSpace='named', contrast=1.0, depth=0.0, flipHoriz=False, flipVert=False, font=u'Arial', fontFiles=[], height=50, italic=False, name='welcome', opacity=1.0, ori=0, pos=array([ 0.,  0.]), rgb=array([ 255.,  255.,  255.]), text=u'Welcome!', units='pix', win=Window(...), wrapWidth=500)
7.5438 	EXP 	Created text = TextStim(alignHoriz='center', alignVert='center', antialias=True, autoLog=True, bold=False, color=u'white', colorSpace='named', contrast=1.0, depth=0.0, flipHoriz=False, flipVert=False, font=u'Arial', fontFiles=[], height=50, italic=False, name='text', opacity=1.0, ori=0, pos=array([ 0.,  0.]), rgb=array([ 255.,  255.,  255.]), text=unicode(...), units='pix', win=Window(...), wrapWidth=500)
7.5568 	EXP 	<method-wrapper '__getattribute__' of attributeSetter object at 0x10eef7d50>: vertices = array([[-400.,  450.],
       [ 400.,  450.],
       [ 400., -450.],
       [-400., -450.]])
7.5599 	EXP 	Created whitebackground = Rect(autoDraw=False, autoLog=True, closeShape=True, contrast=1.0, depth=-2.0, fillColor=array([ 1.,  1.,  1.]), fillColorSpace='rgb', fillRGB=array([ 1.,  1.,  1.]), interpolate=True, lineColor=array([ 1.,  1.,  1.]), lineColorSpace='rgb', lineRGB=array([ 1.,  1.,  1.]), lineWidth=0, name='whitebackground', opacity=1.0, ori=array(0.0), pos=array([-560.,    0.]), size=array([ 1.,  1.]), units='pix', vertices=ndarray(...), win=Window(...))
7.6588 	EXP 	Created robotS = ImageStim(autoLog=True, color=array([ 1.,  1.,  1.]), colorSpace='rgb', contrast=1.0, depth=-3.0, flipHoriz=False, flipVert=False, image='robot.png', interpolate=True, mask=None, maskParams=None, name='robotS', opacity=1.0, ori=0.0, pos=array([ 0.,  0.]), size=array([ 100.,  100.]), texRes=128, units='pix', win=Window(...))
7.6695 	EXP 	Created node1 = Polygon(autoDraw=False, autoLog=True, closeShape=True, contrast=1.0, depth=-4.0, fillColor=array([ 1.,  1.,  1.]), fillColorSpace='rgb', fillRGB=array([ 1.,  1.,  1.]), interpolate=True, lineColor=array([ 1.,  1.,  1.]), lineColorSpace='rgb', lineRGB=array([ 1.,  1.,  1.]), lineWidth=0, name='node1', opacity=1.0, ori=array(0.0), pos=array([ 0.,  0.]), size=array([ 100.,  100.]), units='pix', vertices=ndarray(...), win=Window(...))
7.6765 	EXP 	Created node2 = Polygon(autoDraw=False, autoLog=True, closeShape=True, contrast=1.0, depth=-5.0, fillColor=array([ 1.,  1.,  1.]), fillColorSpace='rgb', fillRGB=array([ 1.,  1.,  1.]), interpolate=True, lineColor=array([ 1.,  1.,  1.]), lineColorSpace='rgb', lineRGB=array([ 1.,  1.,  1.]), lineWidth=0, name='node2', opacity=1.0, ori=array(0.0), pos=array([ 0.,  0.]), size=array([ 100.,  100.]), units='pix', vertices=ndarray(...), win=Window(...))
7.6834 	EXP 	Created node3 = Polygon(autoDraw=False, autoLog=True, closeShape=True, contrast=1.0, depth=-6.0, fillColor=array([ 1.,  1.,  1.]), fillColorSpace='rgb', fillRGB=array([ 1.,  1.,  1.]), interpolate=True, lineColor=array([ 1.,  1.,  1.]), lineColorSpace='rgb', lineRGB=array([ 1.,  1.,  1.]), lineWidth=0, name='node3', opacity=1.0, ori=array(0.0), pos=array([ 0.,  0.]), size=array([ 100.,  100.]), units='pix', vertices=ndarray(...), win=Window(...))
7.6901 	EXP 	Created node4 = Polygon(autoDraw=False, autoLog=True, closeShape=True, contrast=1.0, depth=-7.0, fillColor=array([ 1.,  1.,  1.]), fillColorSpace='rgb', fillRGB=array([ 1.,  1.,  1.]), interpolate=True, lineColor=array([ 1.,  1.,  1.]), lineColorSpace='rgb', lineRGB=array([ 1.,  1.,  1.]), lineWidth=0, name='node4', opacity=1.0, ori=array(0.0), pos=array([ 0.,  0.]), size=array([ 100.,  100.]), units='pix', vertices=ndarray(...), win=Window(...))
7.7040 	EXP 	Created robotF = ImageStim(autoLog=True, color=array([ 1.,  1.,  1.]), colorSpace='rgb', contrast=1.0, depth=-8.0, flipHoriz=False, flipVert=False, image='robot.png', interpolate=True, mask=None, maskParams=None, name='robotF', opacity=1.0, ori=0.0, pos=array([ 0.,  0.]), size=array([ 100.,  100.]), texRes=128, units='pix', win=Window(...))
7.7104 	EXP 	Created select1 = Polygon(autoDraw=False, autoLog=True, closeShape=True, contrast=1.0, depth=-9.0, fillColor='red', fillColorSpace='named', fillRGB=array([ 255.,    0.,    0.]), interpolate=True, lineColor=array([ 1.,  1.,  1.]), lineColorSpace='rgb', lineRGB=array([ 1.,  1.,  1.]), lineWidth=0, name='select1', opacity=1.0, ori=array(0.0), pos=array([-650.,  100.]), size=array([ 100.,  100.]), units='pix', vertices=ndarray(...), win=Window(...))
7.7165 	EXP 	Created select2 = Polygon(autoDraw=False, autoLog=True, closeShape=True, contrast=1.0, depth=-10.0, fillColor='blue', fillColorSpace='named', fillRGB=array([   0.,    0.,  255.]), interpolate=True, lineColor=array([ 1.,  1.,  1.]), lineColorSpace='rgb', lineRGB=array([ 1.,  1.,  1.]), lineWidth=0, name='select2', opacity=1.0, ori=array(0.0), pos=array([-650.,  -50.]), size=array([ 100.,  100.]), units='pix', vertices=ndarray(...), win=Window(...))
7.7259 	EXP 	Created select3 = Polygon(autoDraw=False, autoLog=True, closeShape=True, contrast=1.0, depth=-11.0, fillColor='yellow', fillColorSpace='named', fillRGB=array([ 255.,  255.,    0.]), interpolate=True, lineColor=array([ 1.,  1.,  1.]), lineColorSpace='rgb', lineRGB=array([ 1.,  1.,  1.]), lineWidth=0, name='select3', opacity=1.0, ori=array(0.0), pos=array([-650., -200.]), size=array([ 100.,  100.]), units='pix', vertices=ndarray(...), win=Window(...))
7.7340 	EXP 	Created select4 = Polygon(autoDraw=False, autoLog=True, closeShape=True, contrast=1.0, depth=-12.0, fillColor='green', fillColorSpace='named', fillRGB=array([   0.,  128.,    0.]), interpolate=True, lineColor=array([ 1.,  1.,  1.]), lineColorSpace='rgb', lineRGB=array([ 1.,  1.,  1.]), lineWidth=0, name='select4', opacity=1.0, ori=array(0.0), pos=array([-650., -350.]), size=array([ 100.,  100.]), units='pix', vertices=ndarray(...), win=Window(...))
7.7642 	EXP 	Created selection = ImageStim(autoLog=True, color=array([ 1.,  1.,  1.]), colorSpace='rgb', contrast=1.0, depth=-13.0, flipHoriz=False, flipVert=False, image=u'shapes.png', interpolate=True, mask=None, maskParams=None, name='selection', opacity=1.0, ori=0.0, pos=array([ 0.,  0.]), size=array([ 531.9,  261.9]), texRes=128, units='pix', win=Window(...))
7.7925 	EXP 	Created Evaluation = TextStim(alignHoriz='center', alignVert='center', antialias=True, autoLog=True, bold=False, color='white', colorSpace='named', contrast=1.0, depth=-1.0, flipHoriz=False, flipVert=False, font='Arial', fontFiles=[], height=30, italic=False, name='Evaluation', opacity=1.0, ori=0, pos=array([   0.,  300.]), rgb=array([ 255.,  255.,  255.]), text=u'Is this pathway correct? \n', units='pix', win=Window(...), wrapWidth=500)
7.8004 	EXP 	Created polygon = Polygon(autoDraw=False, autoLog=True, closeShape=True, contrast=1.0, depth=-2.0, fillColor=u'red', fillColorSpace='named', fillRGB=array([ 255.,    0.,    0.]), interpolate=True, lineColor=u'red', lineColorSpace='named', lineRGB=array([ 255.,    0.,    0.]), lineWidth=1, name='polygon', opacity=1.0, ori=array(0.0), pos=array([ 250.,    0.]), size=array([ 100.,  100.]), units='pix', vertices=ndarray(...), win=Window(...))
7.8064 	EXP 	Created polygon_2 = Polygon(autoDraw=False, autoLog=True, closeShape=True, contrast=1.0, depth=-3.0, fillColor='green', fillColorSpace='named', fillRGB=array([   0.,  128.,    0.]), interpolate=True, lineColor='green', lineColorSpace='named', lineRGB=array([   0.,  128.,    0.]), lineWidth=1, name='polygon_2', opacity=1.0, ori=array(0.0), pos=array([ 355., -105.]), size=array([ 100.,  100.]), units='pix', vertices=ndarray(...), win=Window(...))
7.8124 	EXP 	Created polygon_3 = Polygon(autoDraw=False, autoLog=True, closeShape=True, contrast=1.0, depth=-4.0, fillColor=u'blue', fillColorSpace='named', fillRGB=array([   0.,    0.,  255.]), interpolate=True, lineColor=u'blue', lineColorSpace='named', lineRGB=array([   0.,    0.,  255.]), lineWidth=1, name='polygon_3', opacity=1.0, ori=array(0.0), pos=array([ 145., -105.]), size=array([ 100.,  100.]), units='pix', vertices=ndarray(...), win=Window(...))
7.8179 	EXP 	Created polygon_4 = Polygon(autoDraw=False, autoLog=True, closeShape=True, contrast=1.0, depth=-5.0, fillColor='blue', fillColorSpace='named', fillRGB=array([   0.,    0.,  255.]), interpolate=True, lineColor='blue', lineColorSpace='named', lineRGB=array([   0.,    0.,  255.]), lineWidth=1, name='polygon_4', opacity=1.0, ori=array(0.0), pos=array([ 250., -105.]), size=array([ 100.,  100.]), units='pix', vertices=ndarray(...), win=Window(...))
7.8310 	EXP 	Created choice = TextStim(alignHoriz='center', alignVert='center', antialias=True, autoLog=True, bold=False, color=u'white', colorSpace='named', contrast=1.0, depth=-6.0, flipHoriz=False, flipVert=False, font=u'Arial', fontFiles=[], height=50, italic=False, name='choice', opacity=1.0, ori=0, pos=array([   0., -300.]), rgb=array([ 255.,  255.,  255.]), text=u"Press 'y' for Yes  \nPress 'n' for No", units='pix', win=Window(...), wrapWidth=500)
7.8447 	EXP 	Created thankyou = TextStim(alignHoriz='center', alignVert='center', antialias=True, autoLog=True, bold=False, color=u'white', colorSpace='named', contrast=1.0, depth=0.0, flipHoriz=False, flipVert=False, font=u'Arial', fontFiles=[], height=50, italic=False, name='thankyou', opacity=1.0, ori=0, pos=array([ 0.,  0.]), rgb=array([ 255.,  255.,  255.]), text=unicode(...), units='pix', win=Window(...), wrapWidth=500)
7.8531 	EXP 	welcome: autoDraw = True
9.8532 	EXP 	welcome: autoDraw = False
9.8532 	EXP 	welcome: autoDraw = False
9.8532 	EXP 	text: autoDraw = True
13.8725 	DATA 	Keypress: space
13.9019 	EXP 	Imported designs.xlsx as conditions, 3 conditions, 14 params
13.9023 	EXP 	Created sequence: random, trialTypes=3, nReps=1, seed=None
13.9029 	EXP 	New trial (rep=0, index=0): {u'r4': u'd', u'n1col': u'green', u'n2col': u'green', u'n4col': u'yellow', u'r2': u'b', u'rs': u'LOC21', u'r3': u'c', u'n3col': u'blue', u're': u'LOC8', u'n1': u'LOC22', u'n2': u'LOC23', u'n3': u'LOC18', u'n4': u'LOC13', u'r1': u'a'}
13.9202 	EXP 	text: autoDraw = False
13.9202 	EXP 	robotS: pos = array([  40., -210.])
13.9202 	EXP 	node1: fillColor = u'green (named)'
13.9202 	EXP 	node1: pos = array([ 145., -210.])
13.9202 	EXP 	node2: fillColor = u'green (named)'
13.9202 	EXP 	node2: pos = array([ 250., -210.])
13.9202 	EXP 	node3: fillColor = u'blue (named)'
13.9202 	EXP 	node3: pos = array([ 250., -105.])
13.9202 	EXP 	node4: fillColor = u'yellow (named)'
13.9202 	EXP 	node4: pos = array([ 250.,    0.])
13.9202 	EXP 	robotF: pos = array([ 250.,  105.])
13.9202 	EXP 	whitebackground: autoDraw = True
13.9202 	EXP 	robotS: autoDraw = True
13.9202 	EXP 	node1: autoDraw = True
13.9202 	EXP 	node2: autoDraw = True
13.9202 	EXP 	node3: autoDraw = True
13.9202 	EXP 	node4: autoDraw = True
13.9202 	EXP 	robotF: autoDraw = True
13.9202 	EXP 	select1: autoDraw = True
13.9202 	EXP 	select2: autoDraw = True
13.9202 	EXP 	select3: autoDraw = True
13.9202 	EXP 	select4: autoDraw = True
13.9202 	EXP 	selection: autoDraw = True
17.5744 	DATA 	Keypress: a
18.5241 	DATA 	Keypress: a
19.5774 	DATA 	Keypress: a
32.1428 	DATA 	Keypress: a
32.1462 	EXP 	New trial (rep=0, index=1): {u'r4': u'd', u'n1col': u'red', u'n2col': u'red', u'n4col': u'blue', u'r2': u'b', u'rs': u'LOC11', u'r3': u'c', u'n3col': u'red', u're': u'LOC20', u'n1': u'LOC12', u'n2': u'LOC13', u'n3': u'LOC18', u'n4': u'LOC19', u'r1': u'a'}
32.1720 	EXP 	whitebackground: autoDraw = False
32.1720 	EXP 	robotS: autoDraw = False
32.1720 	EXP 	node1: autoDraw = False
32.1720 	EXP 	node2: autoDraw = False
32.1720 	EXP 	node3: autoDraw = False
32.1720 	EXP 	node4: autoDraw = False
32.1720 	EXP 	robotF: autoDraw = False
32.1720 	EXP 	select1: autoDraw = False
32.1720 	EXP 	select2: autoDraw = False
32.1720 	EXP 	select3: autoDraw = False
32.1720 	EXP 	select4: autoDraw = False
32.1720 	EXP 	selection: autoDraw = False
32.1720 	EXP 	robotS: pos = array([ 40.,   0.])
32.1720 	EXP 	node1: fillColor = u'red (named)'
32.1720 	EXP 	node1: pos = array([ 145.,    0.])
32.1720 	EXP 	node2: fillColor = u'red (named)'
32.1720 	EXP 	node2: pos = array([ 250.,    0.])
32.1720 	EXP 	node3: fillColor = u'red (named)'
32.1720 	EXP 	node3: pos = array([ 250., -105.])
32.1720 	EXP 	node4: fillColor = u'blue (named)'
32.1720 	EXP 	node4: pos = array([ 355., -105.])
32.1720 	EXP 	robotF: pos = array([ 460., -105.])
32.1720 	EXP 	whitebackground: autoDraw = True
32.1720 	EXP 	robotS: autoDraw = True
32.1720 	EXP 	node1: autoDraw = True
32.1720 	EXP 	node2: autoDraw = True
32.1720 	EXP 	node3: autoDraw = True
32.1720 	EXP 	node4: autoDraw = True
32.1720 	EXP 	robotF: autoDraw = True
32.1720 	EXP 	select1: autoDraw = True
32.1720 	EXP 	select2: autoDraw = True
32.1720 	EXP 	select3: autoDraw = True
32.1720 	EXP 	select4: autoDraw = True
32.1720 	EXP 	selection: autoDraw = True
33.1434 	DATA 	Keypress: a
35.0931 	DATA 	Keypress: a
38.8597 	DATA 	Keypress: a
48.6617 	DATA 	Keypress: a
48.6765 	EXP 	New trial (rep=0, index=2): {u'r4': u'd', u'n1col': u'red', u'n2col': u'blue', u'n4col': u'yellow', u'r2': u'b', u'rs': u'LOC5', u'r3': u'c', u'n3col': u'blue', u're': u'LOC12', u'n1': u'LOC10', u'n2': u'LOC15', u'n3': u'LOC14', u'n4': u'LOC13', u'r1': u'a'}
48.6909 	EXP 	whitebackground: autoDraw = False
48.6909 	EXP 	robotS: autoDraw = False
48.6909 	EXP 	node1: autoDraw = False
48.6909 	EXP 	node2: autoDraw = False
48.6909 	EXP 	node3: autoDraw = False
48.6909 	EXP 	node4: autoDraw = False
48.6909 	EXP 	robotF: autoDraw = False
48.6909 	EXP 	select1: autoDraw = False
48.6909 	EXP 	select2: autoDraw = False
48.6909 	EXP 	select3: autoDraw = False
48.6909 	EXP 	select4: autoDraw = False
48.6909 	EXP 	selection: autoDraw = False
48.6909 	EXP 	robotS: pos = array([ 460.,  210.])
48.6909 	EXP 	node1: fillColor = u'red (named)'
48.6909 	EXP 	node1: pos = array([ 460.,  105.])
48.6909 	EXP 	node2: fillColor = u'blue (named)'
48.6909 	EXP 	node2: pos = array([ 460.,    0.])
48.6909 	EXP 	node3: fillColor = u'blue (named)'
48.6909 	EXP 	node3: pos = array([ 355.,    0.])
48.6909 	EXP 	node4: fillColor = u'yellow (named)'
48.6909 	EXP 	node4: pos = array([ 250.,    0.])
48.6909 	EXP 	robotF: pos = array([ 145.,    0.])
48.6909 	EXP 	whitebackground: autoDraw = True
48.6909 	EXP 	robotS: autoDraw = True
48.6909 	EXP 	node1: autoDraw = True
48.6909 	EXP 	node2: autoDraw = True
48.6909 	EXP 	node3: autoDraw = True
48.6909 	EXP 	node4: autoDraw = True
48.6909 	EXP 	robotF: autoDraw = True
48.6909 	EXP 	select1: autoDraw = True
48.6909 	EXP 	select2: autoDraw = True
48.6909 	EXP 	select3: autoDraw = True
48.6909 	EXP 	select4: autoDraw = True
48.6909 	EXP 	selection: autoDraw = True
49.4279 	DATA 	Keypress: a
51.7779 	DATA 	Keypress: a
52.7778 	DATA 	Keypress: a
64.7458 	DATA 	Keypress: escape
