7.1265 	EXP 	Created window1 = Window(allowGUI=False, allowStencil=False, autoLog=True, bitsMode=UNKNOWN, blendMode='avg', color='black', colorSpace='named', fullscr=UNKNOWN, gamma=None, lms=UNKNOWN, monitor=<psychopy.monitors.calibTools.Monitor object at 0x112dfb990>, name='window1', pos=[0, 0], screen=0, size=array([1440,  900]), stereo=False, units='pix', useFBO=True, useRetina=False, viewOri=0.0, viewPos=None, viewScale=None, waitBlanking=True, winType='pyglet')
7.1266 	EXP 	window1: recordFrameIntervals = False
7.2925 	EXP 	window1: recordFrameIntervals = True
7.4763 	EXP 	window1: recordFrameIntervals = False
7.6378 	EXP 	Created welcome = TextStim(alignHoriz='center', alignVert='center', antialias=True, autoLog=True, bold=False, color='white', colorSpace='named', contrast=1.0, depth=-1.0, flipHoriz=False, flipVert=False, font='Arial', fontFiles=[], height=100, italic=False, name='welcome', opacity=1.0, ori=0, pos=array([ 0.,  0.]), rgb=array([ 255.,  255.,  255.]), text=u'Welcome!', units='pix', win=Window(...), wrapWidth=500)
7.6752 	EXP 	Created instruct = TextStim(alignHoriz='center', alignVert='center', antialias=True, autoLog=True, bold=False, color='white', colorSpace='named', contrast=1.0, depth=-2.0, flipHoriz=False, flipVert=False, font='Arial', fontFiles=[], height=50, italic=False, name='instruct', opacity=1.0, ori=0, pos=array([ 0.,  0.]), rgb=array([ 255.,  255.,  255.]), text=unicode(...), units='pix', win=Window(...), wrapWidth=500)
7.7572 	EXP 	Created rob0 = ImageStim(autoLog=True, color=array([ 1.,  1.,  1.]), colorSpace='rgb', contrast=1.0, depth=-3.0, flipHoriz=False, flipVert=False, image='robot1.png', interpolate=True, mask=None, maskParams=None, name='rob0', opacity=1.0, ori=0.0, pos=array([-250., -100.]), size=array([ 200.,  200.]), texRes=128, units='pix', win=Window(...))
7.7714 	EXP 	Created robb = ImageStim(autoLog=True, color=array([ 1.,  1.,  1.]), colorSpace='rgb', contrast=1.0, depth=-4.0, flipHoriz=False, flipVert=False, image='robot1.png', interpolate=True, mask=None, maskParams=None, name='robb', opacity=1.0, ori=0.0, pos=array([ 250., -100.]), size=array([ 200.,  200.]), texRes=128, units='pix', win=Window(...))
7.7867 	EXP 	Created na = Polygon(autoDraw=False, autoLog=True, closeShape=True, contrast=1.0, depth=-5.0, fillColor='blue', fillColorSpace='named', fillRGB=array([   0.,    0.,  255.]), interpolate=True, lineColor='blue', lineColorSpace='named', lineRGB=array([   0.,    0.,  255.]), lineWidth=1, name='na', opacity=1.0, ori=array(0.0), pos=array([ 0.,  0.]), size=array([ 1.,  1.]), units='pix', vertices=ndarray(...), win=Window(...))
7.7927 	EXP 	Created nb = Polygon(autoDraw=False, autoLog=True, closeShape=True, contrast=1.0, depth=-6.0, fillColor='blue', fillColorSpace='named', fillRGB=array([   0.,    0.,  255.]), interpolate=True, lineColor='blue', lineColorSpace='named', lineRGB=array([   0.,    0.,  255.]), lineWidth=1, name='nb', opacity=1.0, ori=array(0.0), pos=array([ 0.,  0.]), size=array([ 1.,  1.]), units='pix', vertices=ndarray(...), win=Window(...))
7.7998 	EXP 	Created nc = Polygon(autoDraw=False, autoLog=True, closeShape=True, contrast=1.0, depth=-7.0, fillColor='blue', fillColorSpace='named', fillRGB=array([   0.,    0.,  255.]), interpolate=True, lineColor='blue', lineColorSpace='named', lineRGB=array([   0.,    0.,  255.]), lineWidth=1, name='nc', opacity=1.0, ori=array(0.0), pos=array([ 0.,  0.]), size=array([ 1.,  1.]), units='pix', vertices=ndarray(...), win=Window(...))
7.8022 	EXP 	<method-wrapper '__getattribute__' of attributeSetter object at 0x110871f50>: vertices = array([[-55.,  20.],
       [ 55.,  20.],
       [ 55., -20.],
       [-55., -20.]])
7.8044 	EXP 	Created s1 = Rect(autoDraw=False, autoLog=True, closeShape=True, contrast=1.0, depth=-8.0, fillColor='black', fillColorSpace='named', fillRGB=array([ 0.,  0.,  0.]), interpolate=True, lineColor='black', lineColorSpace='named', lineRGB=array([ 0.,  0.,  0.]), lineWidth=1, name='s1', opacity=1.0, ori=array(0.0), pos=array([-110., -100.]), size=array([ 1.,  1.]), units='pix', vertices=ndarray(...), win=Window(...))
7.8051 	EXP 	<method-wrapper '__getattribute__' of attributeSetter object at 0x110871f50>: vertices = array([[-55.,  20.],
       [ 55.,  20.],
       [ 55., -20.],
       [-55., -20.]])
7.8082 	EXP 	Created s2 = Rect(autoDraw=False, autoLog=True, closeShape=True, contrast=1.0, depth=-9.0, fillColor='black', fillColorSpace='named', fillRGB=array([ 0.,  0.,  0.]), interpolate=True, lineColor='black', lineColorSpace='named', lineRGB=array([ 0.,  0.,  0.]), lineWidth=1, name='s2', opacity=1.0, ori=array(0.0), pos=array([   0., -100.]), size=array([ 1.,  1.]), units='pix', vertices=ndarray(...), win=Window(...))
7.8092 	EXP 	<method-wrapper '__getattribute__' of attributeSetter object at 0x110871f50>: vertices = array([[-55.,  20.],
       [ 55.,  20.],
       [ 55., -20.],
       [-55., -20.]])
7.8122 	EXP 	Created s3 = Rect(autoDraw=False, autoLog=True, closeShape=True, contrast=1.0, depth=-10.0, fillColor='black', fillColorSpace='named', fillRGB=array([ 0.,  0.,  0.]), interpolate=True, lineColor='black', lineColorSpace='named', lineRGB=array([ 0.,  0.,  0.]), lineWidth=1, name='s3', opacity=1.0, ori=array(0.0), pos=array([ 110., -100.]), size=array([ 1.,  1.]), units='pix', vertices=ndarray(...), win=Window(...))
8.2269 	EXP 	Created heart = ImageStim(autoLog=True, color=array([ 1.,  1.,  1.]), colorSpace='rgb', contrast=1.0, depth=-11.0, flipHoriz=False, flipVert=False, image='heart.png', interpolate=True, mask=None, maskParams=None, name='heart', opacity=1.0, ori=0.0, pos=array([   0., -100.]), size=array([ 1.,  1.]), texRes=128, units='pix', win=Window(...))
8.3105 	EXP 	Created text_2 = TextStim(alignHoriz='center', alignVert='center', antialias=True, autoLog=True, bold=False, color='white', colorSpace='named', contrast=1.0, depth=-1.0, flipHoriz=False, flipVert=False, font='Arial', fontFiles=[], height=40, italic=False, name='text_2', opacity=1.0, ori=0, pos=array([ 0.,  0.]), rgb=array([ 255.,  255.,  255.]), text=u"Let's take an example", units='pix', win=Window(...), wrapWidth=500)
8.3179 	EXP 	Created nod1 = Polygon(autoDraw=False, autoLog=True, closeShape=True, contrast=1.0, depth=-2.0, fillColor=array([ 1.,  1.,  1.]), fillColorSpace='rgb', fillRGB=array([ 1.,  1.,  1.]), interpolate=True, lineColor='red', lineColorSpace='named', lineRGB=array([ 255.,    0.,    0.]), lineWidth=1, name='nod1', opacity=1.0, ori=array(0.0), pos=array([ 0.,  0.]), size=array([ 100.,  100.]), units='pix', vertices=ndarray(...), win=Window(...))
8.3248 	EXP 	Created nod2 = Polygon(autoDraw=False, autoLog=True, closeShape=True, contrast=1.0, depth=-3.0, fillColor=array([ 1.,  1.,  1.]), fillColorSpace='rgb', fillRGB=array([ 1.,  1.,  1.]), interpolate=True, lineColor=array([ 1.,  1.,  1.]), lineColorSpace='rgb', lineRGB=array([ 1.,  1.,  1.]), lineWidth=1, name='nod2', opacity=1.0, ori=array(0.0), pos=array([ 0.,  0.]), size=array([ 100.,  100.]), units='pix', vertices=ndarray(...), win=Window(...))
8.3330 	EXP 	Created nod3 = Polygon(autoDraw=False, autoLog=True, closeShape=True, contrast=1.0, depth=-4.0, fillColor=array([ 1.,  1.,  1.]), fillColorSpace='rgb', fillRGB=array([ 1.,  1.,  1.]), interpolate=True, lineColor=array([ 1.,  1.,  1.]), lineColorSpace='rgb', lineRGB=array([ 1.,  1.,  1.]), lineWidth=1, name='nod3', opacity=1.0, ori=array(0.0), pos=array([ 135.,  115.]), size=array([ 100.,  100.]), units='pix', vertices=ndarray(...), win=Window(...))
8.3412 	EXP 	Created nod4 = Polygon(autoDraw=False, autoLog=True, closeShape=True, contrast=1.0, depth=-5.0, fillColor=array([ 1.,  1.,  1.]), fillColorSpace='rgb', fillRGB=array([ 1.,  1.,  1.]), interpolate=True, lineColor=array([ 1.,  1.,  1.]), lineColorSpace='rgb', lineRGB=array([ 1.,  1.,  1.]), lineWidth=1, name='nod4', opacity=1.0, ori=array(0.0), pos=array([ 250.,  115.]), size=array([ 100.,  100.]), units='pix', vertices=ndarray(...), win=Window(...))
8.3570 	EXP 	Created rob1 = ImageStim(autoLog=True, color=array([ 1.,  1.,  1.]), colorSpace='rgb', contrast=1.0, depth=-6.0, flipHoriz=False, flipVert=False, image='robot1.png', interpolate=True, mask=None, maskParams=None, name='rob1', opacity=1.0, ori=1.0, pos=array([  20., -115.]), size=array([ 100.,  100.]), texRes=128, units='pix', win=Window(...))
8.3601 	EXP 	Created rob2 = ImageStim(autoLog=True, color=array([ 1.,  1.,  1.]), colorSpace='rgb', contrast=1.0, depth=-7.0, flipHoriz=False, flipVert=False, image='sin', interpolate=True, mask=None, maskParams=None, name='rob2', opacity=1.0, ori=0.0, pos=array([ 365.,  115.]), size=array([ 100.,  100.]), texRes=128, units='pix', win=Window(...))
8.3606 	EXP 	<method-wrapper '__getattribute__' of attributeSetter object at 0x110871f50>: vertices = array([[-0.5,  0.5],
       [ 0.5,  0.5],
       [ 0.5, -0.5],
       [-0.5, -0.5]])
8.3621 	EXP 	Created sh1 = Rect(autoDraw=False, autoLog=True, closeShape=True, contrast=1.0, depth=-9.0, fillColor='black', fillColorSpace='named', fillRGB=array([ 0.,  0.,  0.]), interpolate=True, lineColor='black', lineColorSpace='named', lineRGB=array([ 0.,  0.,  0.]), lineWidth=1, name='sh1', opacity=1.0, ori=array(0.0), pos=array([ 20.,   0.]), size=array([ 1.,  1.]), units='pix', vertices=ndarray(...), win=Window(...))
8.3625 	EXP 	<method-wrapper '__getattribute__' of attributeSetter object at 0x110871f50>: vertices = array([[-30.,  20.],
       [ 30.,  20.],
       [ 30., -20.],
       [-30., -20.]])
8.3641 	EXP 	Created sh2a = Rect(autoDraw=False, autoLog=True, closeShape=True, contrast=1.0, depth=-10.0, fillColor='black', fillColorSpace='named', fillRGB=array([ 0.,  0.,  0.]), interpolate=True, lineColor='black', lineColorSpace='named', lineRGB=array([ 0.,  0.,  0.]), lineWidth=1, name='sh2a', opacity=1.0, ori=array(0.0), pos=array([  50.,  113.]), size=array([ 1.,  1.]), units='pix', vertices=ndarray(...), win=Window(...))
8.3646 	EXP 	<method-wrapper '__getattribute__' of attributeSetter object at 0x110871f50>: vertices = array([[-20.,  40.],
       [ 20.,  40.],
       [ 20., -40.],
       [-20., -40.]])
8.3661 	EXP 	Created sh2b = Rect(autoDraw=False, autoLog=True, closeShape=True, contrast=1.0, depth=-11.0, fillColor='black', fillColorSpace='named', fillRGB=array([ 0.,  0.,  0.]), interpolate=True, lineColor='black', lineColorSpace='named', lineRGB=array([ 0.,  0.,  0.]), lineWidth=1, name='sh2b', opacity=1.0, ori=array(0.0), pos=array([ 22.,  93.]), size=array([ 1.,  1.]), units='pix', vertices=ndarray(...), win=Window(...))
8.3665 	EXP 	<method-wrapper '__getattribute__' of attributeSetter object at 0x110871f50>: vertices = array([[-55.,  20.],
       [ 55.,  20.],
       [ 55., -20.],
       [-55., -20.]])
8.3686 	EXP 	Created sh3 = Rect(autoDraw=False, autoLog=True, closeShape=True, contrast=1.0, depth=-12.0, fillColor='black', fillColorSpace='named', fillRGB=array([ 0.,  0.,  0.]), interpolate=True, lineColor='black', lineColorSpace='named', lineRGB=array([ 0.,  0.,  0.]), lineWidth=1, name='sh3', opacity=1.0, ori=array(0.0), pos=array([ 135.,  115.]), size=array([ 1.,  1.]), units='pix', vertices=ndarray(...), win=Window(...))
8.3691 	EXP 	<method-wrapper '__getattribute__' of attributeSetter object at 0x110871f50>: vertices = array([[-55.,  20.],
       [ 55.,  20.],
       [ 55., -20.],
       [-55., -20.]])
8.3713 	EXP 	Created sh4 = Rect(autoDraw=False, autoLog=True, closeShape=True, contrast=1.0, depth=-13.0, fillColor='black', fillColorSpace='named', fillRGB=array([ 0.,  0.,  0.]), interpolate=True, lineColor='black', lineColorSpace='named', lineRGB=array([ 0.,  0.,  0.]), lineWidth=1, name='sh4', opacity=1.0, ori=array(0.0), pos=array([ 250.,  115.]), size=array([ 1.,  1.]), units='pix', vertices=ndarray(...), win=Window(...))
8.3913 	EXP 	Created star = TextStim(alignHoriz='center', alignVert='center', antialias=True, autoLog=True, bold=False, color='white', colorSpace='named', contrast=1.0, depth=0.0, flipHoriz=False, flipVert=False, font='Arial', fontFiles=[], height=50, italic=False, name='star', opacity=1.0, ori=0, pos=array([ 0.,  0.]), rgb=array([ 255.,  255.,  255.]), text=unicode(...), units='pix', win=Window(...), wrapWidth=500)
8.3918 	EXP 	<method-wrapper '__getattribute__' of attributeSetter object at 0x110871f50>: vertices = array([[-400.,  450.],
       [ 400.,  450.],
       [ 400., -450.],
       [-400., -450.]])
8.3944 	EXP 	Created whitebackground = Rect(autoDraw=False, autoLog=True, closeShape=True, contrast=1.0, depth=-2.0, fillColor=array([ 1.,  1.,  1.]), fillColorSpace='rgb', fillRGB=array([ 1.,  1.,  1.]), interpolate=True, lineColor=array([ 1.,  1.,  1.]), lineColorSpace='rgb', lineRGB=array([ 1.,  1.,  1.]), lineWidth=0, name='whitebackground', opacity=1.0, ori=array(0.0), pos=array([-560.,    0.]), size=array([ 1.,  1.]), units='pix', vertices=ndarray(...), win=Window(...))
8.4091 	EXP 	Created robotS = ImageStim(autoLog=True, color=array([ 1.,  1.,  1.]), colorSpace='rgb', contrast=1.0, depth=-3.0, flipHoriz=False, flipVert=False, image='robot1.png', interpolate=True, mask=None, maskParams=None, name='robotS', opacity=1.0, ori=0.0, pos=array([ 0.,  0.]), size=array([ 100.,  100.]), texRes=128, units='pix', win=Window(...))
8.4161 	EXP 	Created node1 = Polygon(autoDraw=False, autoLog=True, closeShape=True, contrast=1.0, depth=-4.0, fillColor=array([ 1.,  1.,  1.]), fillColorSpace='rgb', fillRGB=array([ 1.,  1.,  1.]), interpolate=True, lineColor=array([ 1.,  1.,  1.]), lineColorSpace='rgb', lineRGB=array([ 1.,  1.,  1.]), lineWidth=0, name='node1', opacity=1.0, ori=array(0.0), pos=array([ 0.,  0.]), size=array([ 100.,  100.]), units='pix', vertices=ndarray(...), win=Window(...))
8.4231 	EXP 	Created node2 = Polygon(autoDraw=False, autoLog=True, closeShape=True, contrast=1.0, depth=-5.0, fillColor=array([ 1.,  1.,  1.]), fillColorSpace='rgb', fillRGB=array([ 1.,  1.,  1.]), interpolate=True, lineColor=array([ 1.,  1.,  1.]), lineColorSpace='rgb', lineRGB=array([ 1.,  1.,  1.]), lineWidth=0, name='node2', opacity=1.0, ori=array(0.0), pos=array([ 0.,  0.]), size=array([ 100.,  100.]), units='pix', vertices=ndarray(...), win=Window(...))
8.4336 	EXP 	Created node3 = Polygon(autoDraw=False, autoLog=True, closeShape=True, contrast=1.0, depth=-6.0, fillColor=array([ 1.,  1.,  1.]), fillColorSpace='rgb', fillRGB=array([ 1.,  1.,  1.]), interpolate=True, lineColor=array([ 1.,  1.,  1.]), lineColorSpace='rgb', lineRGB=array([ 1.,  1.,  1.]), lineWidth=0, name='node3', opacity=1.0, ori=array(0.0), pos=array([ 0.,  0.]), size=array([ 100.,  100.]), units='pix', vertices=ndarray(...), win=Window(...))
8.4419 	EXP 	Created node4 = Polygon(autoDraw=False, autoLog=True, closeShape=True, contrast=1.0, depth=-7.0, fillColor=array([ 1.,  1.,  1.]), fillColorSpace='rgb', fillRGB=array([ 1.,  1.,  1.]), interpolate=True, lineColor=array([ 1.,  1.,  1.]), lineColorSpace='rgb', lineRGB=array([ 1.,  1.,  1.]), lineWidth=0, name='node4', opacity=1.0, ori=array(0.0), pos=array([ 0.,  0.]), size=array([ 100.,  100.]), units='pix', vertices=ndarray(...), win=Window(...))
8.4501 	EXP 	Created node5 = Polygon(autoDraw=False, autoLog=True, closeShape=True, contrast=1.0, depth=-8.0, fillColor=array([ 1.,  1.,  1.]), fillColorSpace='rgb', fillRGB=array([ 1.,  1.,  1.]), interpolate=True, lineColor=array([ 1.,  1.,  1.]), lineColorSpace='rgb', lineRGB=array([ 1.,  1.,  1.]), lineWidth=0, name='node5', opacity=1.0, ori=array(0.0), pos=array([ 0.,  0.]), size=array([ 100.,  100.]), units='pix', vertices=ndarray(...), win=Window(...))
8.4639 	EXP 	Created robotF = ImageStim(autoLog=True, color=array([ 1.,  1.,  1.]), colorSpace='rgb', contrast=1.0, depth=-9.0, flipHoriz=False, flipVert=False, image='robot1.png', interpolate=True, mask=None, maskParams=None, name='robotF', opacity=1.0, ori=0.0, pos=array([ 0.,  0.]), size=array([ 100.,  100.]), texRes=128, units='pix', win=Window(...))
8.4715 	EXP 	Created select1 = Polygon(autoDraw=False, autoLog=True, closeShape=True, contrast=1.0, depth=-10.0, fillColor='red', fillColorSpace='named', fillRGB=array([ 255.,    0.,    0.]), interpolate=True, lineColor=array([ 1.,  1.,  1.]), lineColorSpace='rgb', lineRGB=array([ 1.,  1.,  1.]), lineWidth=0, name='select1', opacity=1.0, ori=array(0.0), pos=array([-630.,    0.]), size=array([ 100.,  100.]), units='pix', vertices=ndarray(...), win=Window(...))
8.4787 	EXP 	Created select2 = Polygon(autoDraw=False, autoLog=True, closeShape=True, contrast=1.0, depth=-11.0, fillColor='blue', fillColorSpace='named', fillRGB=array([   0.,    0.,  255.]), interpolate=True, lineColor=array([ 1.,  1.,  1.]), lineColorSpace='rgb', lineRGB=array([ 1.,  1.,  1.]), lineWidth=0, name='select2', opacity=1.0, ori=array(0.0), pos=array([-630., -120.]), size=array([ 100.,  100.]), units='pix', vertices=ndarray(...), win=Window(...))
8.4854 	EXP 	Created select3 = Polygon(autoDraw=False, autoLog=True, closeShape=True, contrast=1.0, depth=-12.0, fillColor='yellow', fillColorSpace='named', fillRGB=array([ 255.,  255.,    0.]), interpolate=True, lineColor=array([ 1.,  1.,  1.]), lineColorSpace='rgb', lineRGB=array([ 1.,  1.,  1.]), lineWidth=0, name='select3', opacity=1.0, ori=array(0.0), pos=array([-630., -240.]), size=array([ 100.,  100.]), units='pix', vertices=ndarray(...), win=Window(...))
8.4918 	EXP 	Created select4 = Polygon(autoDraw=False, autoLog=True, closeShape=True, contrast=1.0, depth=-13.0, fillColor='green', fillColorSpace='named', fillRGB=array([   0.,  128.,    0.]), interpolate=True, lineColor=array([ 1.,  1.,  1.]), lineColorSpace='rgb', lineRGB=array([ 1.,  1.,  1.]), lineWidth=0, name='select4', opacity=1.0, ori=array(0.0), pos=array([-630., -360.]), size=array([ 100.,  100.]), units='pix', vertices=ndarray(...), win=Window(...))
8.5292 	EXP 	Created selection = ImageStim(autoLog=True, color=array([ 1.,  1.,  1.]), colorSpace='rgb', contrast=1.0, depth=-14.0, flipHoriz=False, flipVert=False, image='mastershapes.png', interpolate=True, mask=None, maskParams=None, name='selection', opacity=1.0, ori=0.0, pos=array([ 0.,  0.]), size=array([ 500.,  400.]), texRes=128, units='pix', win=Window(...))
8.5910 	EXP 	Created sel = TextStim(alignHoriz='center', alignVert='center', antialias=True, autoLog=True, bold=False, color='black', colorSpace='named', contrast=1.0, depth=-15.0, flipHoriz=False, flipVert=False, font='Arial', fontFiles=[], height=30, italic=False, name='sel', opacity=1.0, ori=0, pos=array([-450.,  250.]), rgb=array([ 0.,  0.,  0.]), text=unicode(...), units='pix', win=Window(...), wrapWidth=500)
8.6036 	EXP 	Created Evaluation = TextStim(alignHoriz='center', alignVert='center', antialias=True, autoLog=True, bold=False, color='white', colorSpace='named', contrast=1.0, depth=0.0, flipHoriz=False, flipVert=False, font='Arial', fontFiles=[], height=50, italic=False, name='Evaluation', opacity=1.0, ori=0, pos=array([   0.,  300.]), rgb=array([ 255.,  255.,  255.]), text=u'Is this pathway correct? \n', units='pix', win=Window(...), wrapWidth=500)
8.6112 	EXP 	Created polygon = Polygon(autoDraw=False, autoLog=True, closeShape=True, contrast=1.0, depth=-1.0, fillColor=array([ 1.,  1.,  1.]), fillColorSpace='rgb', fillRGB=array([ 1.,  1.,  1.]), interpolate=True, lineColor=array([ 1.,  1.,  1.]), lineColorSpace='rgb', lineRGB=array([ 1.,  1.,  1.]), lineWidth=1, name='polygon', opacity=1.0, ori=array(0.0), pos=array([ 0.,  0.]), size=array([ 100.,  100.]), units='pix', vertices=ndarray(...), win=Window(...))
8.6181 	EXP 	Created polygon_2 = Polygon(autoDraw=False, autoLog=True, closeShape=True, contrast=1.0, depth=-2.0, fillColor=array([ 1.,  1.,  1.]), fillColorSpace='rgb', fillRGB=array([ 1.,  1.,  1.]), interpolate=True, lineColor=array([ 1.,  1.,  1.]), lineColorSpace='rgb', lineRGB=array([ 1.,  1.,  1.]), lineWidth=1, name='polygon_2', opacity=1.0, ori=array(0.0), pos=array([ 0.,  0.]), size=array([ 100.,  100.]), units='pix', vertices=ndarray(...), win=Window(...))
8.6249 	EXP 	Created polygon_3 = Polygon(autoDraw=False, autoLog=True, closeShape=True, contrast=1.0, depth=-3.0, fillColor=array([ 1.,  1.,  1.]), fillColorSpace='rgb', fillRGB=array([ 1.,  1.,  1.]), interpolate=True, lineColor=array([ 1.,  1.,  1.]), lineColorSpace='rgb', lineRGB=array([ 1.,  1.,  1.]), lineWidth=1, name='polygon_3', opacity=1.0, ori=array(0.0), pos=array([ 0.,  0.]), size=array([ 100.,  100.]), units='pix', vertices=ndarray(...), win=Window(...))
8.6319 	EXP 	Created polygon_4 = Polygon(autoDraw=False, autoLog=True, closeShape=True, contrast=1.0, depth=-4.0, fillColor=array([ 1.,  1.,  1.]), fillColorSpace='rgb', fillRGB=array([ 1.,  1.,  1.]), interpolate=True, lineColor=array([ 1.,  1.,  1.]), lineColorSpace='rgb', lineRGB=array([ 1.,  1.,  1.]), lineWidth=1, name='polygon_4', opacity=1.0, ori=array(0.0), pos=array([ 0.,  0.]), size=array([ 100.,  100.]), units='pix', vertices=ndarray(...), win=Window(...))
8.6400 	EXP 	Created polygon_5 = Polygon(autoDraw=False, autoLog=True, closeShape=True, contrast=1.0, depth=-5.0, fillColor=array([ 1.,  1.,  1.]), fillColorSpace='rgb', fillRGB=array([ 1.,  1.,  1.]), interpolate=True, lineColor=array([ 1.,  1.,  1.]), lineColorSpace='rgb', lineRGB=array([ 1.,  1.,  1.]), lineWidth=1, name='polygon_5', opacity=1.0, ori=array(0.0), pos=array([ 0.,  0.]), size=array([ 100.,  100.]), units='pix', vertices=ndarray(...), win=Window(...))
8.6474 	EXP 	Created choice = TextStim(alignHoriz='center', alignVert='center', antialias=True, autoLog=True, bold=False, color=u'white', colorSpace='named', contrast=1.0, depth=-6.0, flipHoriz=False, flipVert=False, font=u'Arial', fontFiles=[], height=50, italic=False, name='choice', opacity=1.0, ori=0, pos=array([   0., -300.]), rgb=array([ 255.,  255.,  255.]), text=u'default text', units='pix', win=Window(...), wrapWidth=500)
8.6615 	EXP 	Created ro = ImageStim(autoLog=True, color=array([ 1.,  1.,  1.]), colorSpace='rgb', contrast=1.0, depth=-7.0, flipHoriz=False, flipVert=False, image='robot1.png', interpolate=True, mask=None, maskParams=None, name='ro', opacity=1.0, ori=0.0, pos=array([ 0.,  0.]), size=array([ 100.,  100.]), texRes=128, units='pix', win=Window(...))
8.6784 	EXP 	Created rq = ImageStim(autoLog=True, color=array([ 1.,  1.,  1.]), colorSpace='rgb', contrast=1.0, depth=-8.0, flipHoriz=False, flipVert=False, image='robot1.png', interpolate=True, mask=None, maskParams=None, name='rq', opacity=1.0, ori=0.0, pos=array([ 0.,  0.]), size=array([ 100.,  100.]), texRes=128, units='pix', win=Window(...))
8.6873 	EXP 	Created feedback = TextStim(alignHoriz='center', alignVert='center', antialias=True, autoLog=True, bold=False, color=u'white', colorSpace='named', contrast=1.0, depth=-11.0, flipHoriz=False, flipVert=False, font=u'Arial', fontFiles=[], height=50, italic=False, name='feedback', opacity=1.0, ori=0, pos=array([ 0.,  0.]), rgb=array([ 255.,  255.,  255.]), text=u"msg=''", units='pix', win=Window(...), wrapWidth=500)
8.6963 	EXP 	Created thankyou = TextStim(alignHoriz='center', alignVert='center', antialias=True, autoLog=True, bold=False, color='white', colorSpace='named', contrast=1.0, depth=0.0, flipHoriz=False, flipVert=False, font='Arial', fontFiles=[], height=50, italic=False, name='thankyou', opacity=1.0, ori=0, pos=array([ 0.,  0.]), rgb=array([ 255.,  255.,  255.]), text=u'Thank you for your participation.\n', units='pix', win=Window(...), wrapWidth=500)
8.7094 	EXP 	instruct: pos = array([   0.,  150.])
8.7094 	EXP 	na: pos = array([-110., -100.])
8.7094 	EXP 	na: size = array([ 100.,  100.])
8.7094 	EXP 	nb: pos = array([   0., -100.])
8.7094 	EXP 	nb: size = array([ 100.,  100.])
8.7094 	EXP 	nc: pos = array([ 110., -100.])
8.7094 	EXP 	nc: size = array([ 100.,  100.])
8.7094 	EXP 	welcome: autoDraw = True
11.7099 	EXP 	welcome: autoDraw = False
11.7262 	EXP 	instruct: autoDraw = True
14.7265 	EXP 	rob0: autoDraw = True
14.7265 	EXP 	robb: autoDraw = True
15.2267 	EXP 	na: autoDraw = True
15.7266 	EXP 	nb: autoDraw = True
16.2267 	EXP 	nc: autoDraw = True
17.2267 	EXP 	s1: autoDraw = True
18.2268 	EXP 	s2: autoDraw = True
19.2270 	EXP 	s3: autoDraw = True
22.7107 	EXP 	na: autoDraw = False
22.7107 	EXP 	nb: autoDraw = False
22.7107 	EXP 	nc: autoDraw = False
22.7107 	EXP 	s1: autoDraw = False
22.7107 	EXP 	s2: autoDraw = False
22.7107 	EXP 	s3: autoDraw = False
22.7273 	EXP 	heart: autoDraw = True
26.7279 	EXP 	instruct: autoDraw = False
26.7279 	EXP 	rob0: autoDraw = False
26.7279 	EXP 	robb: autoDraw = False
26.7279 	EXP 	heart: autoDraw = False
26.7279 	EXP 	welcome: autoDraw = False
26.7279 	EXP 	instruct: autoDraw = False
26.7279 	EXP 	rob0: autoDraw = False
26.7279 	EXP 	robb: autoDraw = False
26.7279 	EXP 	na: autoDraw = False
26.7279 	EXP 	nb: autoDraw = False
26.7279 	EXP 	nc: autoDraw = False
26.7279 	EXP 	s1: autoDraw = False
26.7279 	EXP 	s2: autoDraw = False
26.7279 	EXP 	s3: autoDraw = False
26.7279 	EXP 	heart: autoDraw = False
26.7279 	EXP 	text_2: pos = array([-300.,  300.])
26.7279 	EXP 	nod1: fillColor = 'red (named)'
26.7279 	EXP 	nod1: pos = array([ 20.,   0.])
26.7279 	EXP 	nod2: fillColor = 'yellow (named)'
26.7279 	EXP 	nod2: pos = array([  20.,  115.])
26.7279 	EXP 	nod2: lineColor = 'yellow (named)'
26.7279 	EXP 	nod3: fillColor = 'blue (named)'
26.7279 	EXP 	nod3: lineColor = 'blue (named)'
26.7279 	EXP 	nod4: fillColor = 'blue (named)'
26.7279 	EXP 	nod4: lineColor = 'blue (named)'
26.7279 	EXP 	rob1: ori = 0.0
26.7279 	EXP 	rob2: image = 'robot1.png'
26.7279 	EXP 	sh1: size = array([  40.,  110.])
26.7279 	EXP 	text_2: autoDraw = True
26.7279 	EXP 	nod1: autoDraw = True
26.7279 	EXP 	nod2: autoDraw = True
26.7279 	EXP 	nod3: autoDraw = True
26.7279 	EXP 	nod4: autoDraw = True
26.7279 	EXP 	rob1: autoDraw = True
26.7279 	EXP 	rob2: autoDraw = True
28.7279 	EXP 	sh1: autoDraw = True
29.2283 	EXP 	sh2a: autoDraw = True
29.2283 	EXP 	sh2b: autoDraw = True
29.7282 	EXP 	sh3: autoDraw = True
30.2282 	EXP 	sh4: autoDraw = True
31.5178 	DATA 	Keypress: space
31.5285 	EXP 	text_2: autoDraw = False
31.5285 	EXP 	nod1: autoDraw = False
31.5285 	EXP 	nod2: autoDraw = False
31.5285 	EXP 	nod3: autoDraw = False
31.5285 	EXP 	nod4: autoDraw = False
31.5285 	EXP 	rob1: autoDraw = False
31.5285 	EXP 	rob2: autoDraw = False
31.5285 	EXP 	sh1: autoDraw = False
31.5285 	EXP 	sh2a: autoDraw = False
31.5285 	EXP 	sh2b: autoDraw = False
31.5285 	EXP 	sh3: autoDraw = False
31.5285 	EXP 	sh4: autoDraw = False
31.5285 	EXP 	star: autoDraw = True
31.8481 	DATA 	Keypress: space
31.8661 	EXP 	Imported designs.xlsx as conditions, 4 conditions, 16 params
31.8665 	EXP 	Created sequence: sequential, trialTypes=4, nReps=1, seed=None
31.8672 	EXP 	New trial (rep=0, index=0): {u'n2col': u'blue', u'n4col': u'red', u'n3col': u'green', u'r4': u'd', u'n1col': u'blue', u'r1': u'a', u'r2': u'b', u'rs': u'LOC21', u'r3': u'c', u're': u'LOC9', u'n5col': u'red', u'n1': u'LOC22', u'n2': u'LOC23', u'n3': u'LOC24', u'n4': u'LOC19', u'n5': u'LOC14'}
31.8949 	EXP 	star: autoDraw = False
31.8949 	EXP 	robotS: pos = array([  20., -230.])
31.8949 	EXP 	node1: fillColor = u'blue (named)'
31.8949 	EXP 	node1: pos = array([ 135., -230.])
31.8949 	EXP 	node2: fillColor = u'blue (named)'
31.8949 	EXP 	node2: pos = array([ 250., -230.])
31.8949 	EXP 	node3: fillColor = u'green (named)'
31.8949 	EXP 	node3: pos = array([ 365., -230.])
31.8949 	EXP 	node4: fillColor = u'red (named)'
31.8949 	EXP 	node4: pos = array([ 365., -115.])
31.8949 	EXP 	node5: fillColor = u'red (named)'
31.8949 	EXP 	node5: pos = array([ 365.,    0.])
31.8949 	EXP 	robotF: pos = array([ 365.,  115.])
31.8949 	EXP 	whitebackground: autoDraw = True
31.8949 	EXP 	robotS: autoDraw = True
31.8949 	EXP 	node1: autoDraw = True
31.8949 	EXP 	node2: autoDraw = True
31.8949 	EXP 	node3: autoDraw = True
31.8949 	EXP 	node4: autoDraw = True
31.8949 	EXP 	node5: autoDraw = True
31.8949 	EXP 	robotF: autoDraw = True
31.8949 	EXP 	select1: autoDraw = True
31.8949 	EXP 	select2: autoDraw = True
31.8949 	EXP 	select3: autoDraw = True
31.8949 	EXP 	select4: autoDraw = True
31.8949 	EXP 	selection: autoDraw = True
31.8949 	EXP 	sel: autoDraw = True
32.8818 	DATA 	Keypress: a
33.1148 	DATA 	Keypress: a
33.3650 	DATA 	Keypress: a
33.7480 	DATA 	Keypress: a
33.7501 	EXP 	New trial (rep=0, index=1): {u'n2col': u'yellow', u'n4col': u'green', u'n3col': u'blue', u'r4': u'd', u'n1col': u'red', u'r1': u'a', u'r2': u'b', u'rs': u'LOC21', u'r3': u'c', u're': u'LOC3', u'n5col': u'red', u'n1': u'LOC16', u'n2': u'LOC11', u'n3': u'LOC12', u'n4': u'LOC13', u'n5': u'LOC8'}
33.7620 	EXP 	whitebackground: autoDraw = False
33.7620 	EXP 	robotS: autoDraw = False
33.7620 	EXP 	node1: autoDraw = False
33.7620 	EXP 	node2: autoDraw = False
33.7620 	EXP 	node3: autoDraw = False
33.7620 	EXP 	node4: autoDraw = False
33.7620 	EXP 	node5: autoDraw = False
33.7620 	EXP 	robotF: autoDraw = False
33.7620 	EXP 	select1: autoDraw = False
33.7620 	EXP 	select2: autoDraw = False
33.7620 	EXP 	select3: autoDraw = False
33.7620 	EXP 	select4: autoDraw = False
33.7620 	EXP 	selection: autoDraw = False
33.7620 	EXP 	sel: autoDraw = False
33.7620 	EXP 	robotS: pos = array([  20., -230.])
33.7620 	EXP 	node1: fillColor = u'red (named)'
33.7620 	EXP 	node1: pos = array([  20., -115.])
33.7620 	EXP 	node2: fillColor = u'yellow (named)'
33.7620 	EXP 	node2: pos = array([ 20.,   0.])
33.7620 	EXP 	node3: fillColor = u'blue (named)'
33.7620 	EXP 	node3: pos = array([ 135.,    0.])
33.7620 	EXP 	node4: fillColor = u'green (named)'
33.7620 	EXP 	node4: pos = array([ 250.,    0.])
33.7620 	EXP 	node5: fillColor = u'red (named)'
33.7620 	EXP 	node5: pos = array([ 250.,  115.])
33.7620 	EXP 	robotF: pos = array([ 250.,  230.])
33.7620 	EXP 	whitebackground: autoDraw = True
33.7620 	EXP 	robotS: autoDraw = True
33.7620 	EXP 	node1: autoDraw = True
33.7620 	EXP 	node2: autoDraw = True
33.7620 	EXP 	node3: autoDraw = True
33.7620 	EXP 	node4: autoDraw = True
33.7620 	EXP 	node5: autoDraw = True
33.7620 	EXP 	robotF: autoDraw = True
33.7620 	EXP 	select1: autoDraw = True
33.7620 	EXP 	select2: autoDraw = True
33.7620 	EXP 	select3: autoDraw = True
33.7620 	EXP 	select4: autoDraw = True
33.7620 	EXP 	selection: autoDraw = True
33.7620 	EXP 	sel: autoDraw = True
34.1324 	DATA 	Keypress: a
34.4318 	DATA 	Keypress: a
34.6984 	DATA 	Keypress: a
35.0315 	DATA 	Keypress: a
35.0335 	EXP 	New trial (rep=0, index=2): {u'n2col': u'red', u'n4col': u'blue', u'n3col': u'yellow', u'r4': u'd', u'n1col': u'red', u'r1': u'a', u'r2': u'b', u'rs': u'LOC22', u'r3': u'c', u're': u'LOC10', u'n5col': u'blue', u'n1': u'LOC17', u'n2': u'LOC12', u'n3': u'LOC7', u'n4': u'LOC8', u'n5': u'LOC9'}
35.0620 	EXP 	whitebackground: autoDraw = False
35.0620 	EXP 	robotS: autoDraw = False
35.0620 	EXP 	node1: autoDraw = False
35.0620 	EXP 	node2: autoDraw = False
35.0620 	EXP 	node3: autoDraw = False
35.0620 	EXP 	node4: autoDraw = False
35.0620 	EXP 	node5: autoDraw = False
35.0620 	EXP 	robotF: autoDraw = False
35.0620 	EXP 	select1: autoDraw = False
35.0620 	EXP 	select2: autoDraw = False
35.0620 	EXP 	select3: autoDraw = False
35.0620 	EXP 	select4: autoDraw = False
35.0620 	EXP 	selection: autoDraw = False
35.0620 	EXP 	sel: autoDraw = False
35.0620 	EXP 	robotS: pos = array([ 135., -230.])
35.0620 	EXP 	node1: fillColor = u'red (named)'
35.0620 	EXP 	node1: pos = array([ 135., -115.])
35.0620 	EXP 	node2: fillColor = u'red (named)'
35.0620 	EXP 	node2: pos = array([ 135.,    0.])
35.0620 	EXP 	node3: fillColor = u'yellow (named)'
35.0620 	EXP 	node3: pos = array([ 135.,  115.])
35.0620 	EXP 	node4: fillColor = u'blue (named)'
35.0620 	EXP 	node4: pos = array([ 250.,  115.])
35.0620 	EXP 	node5: fillColor = u'blue (named)'
35.0620 	EXP 	node5: pos = array([ 365.,  115.])
35.0620 	EXP 	robotF: pos = array([ 480.,  115.])
35.0620 	EXP 	whitebackground: autoDraw = True
35.0620 	EXP 	robotS: autoDraw = True
35.0620 	EXP 	node1: autoDraw = True
35.0620 	EXP 	node2: autoDraw = True
35.0620 	EXP 	node3: autoDraw = True
35.0620 	EXP 	node4: autoDraw = True
35.0620 	EXP 	node5: autoDraw = True
35.0620 	EXP 	robotF: autoDraw = True
35.0620 	EXP 	select1: autoDraw = True
35.0620 	EXP 	select2: autoDraw = True
35.0620 	EXP 	select3: autoDraw = True
35.0620 	EXP 	select4: autoDraw = True
35.0620 	EXP 	selection: autoDraw = True
35.0620 	EXP 	sel: autoDraw = True
35.3150 	DATA 	Keypress: a
35.5503 	DATA 	Keypress: a
35.8479 	DATA 	Keypress: a
36.1651 	DATA 	Keypress: a
36.1670 	EXP 	New trial (rep=0, index=3): {u'n2col': u'yellow', u'n4col': u'yellow', u'n3col': u'green', u'r4': u'd', u'n1col': u'green', u'r1': u'a', u'r2': u'b', u'rs': u'LOC16', u'r3': u'c', u're': u'LOC10', u'n5col': u'blue', u'n1': u'LOC17', u'n2': u'LOC12', u'n3': u'LOC13', u'n4': u'LOC8', u'n5': u'LOC9'}
36.1954 	EXP 	whitebackground: autoDraw = False
36.1954 	EXP 	robotS: autoDraw = False
36.1954 	EXP 	node1: autoDraw = False
36.1954 	EXP 	node2: autoDraw = False
36.1954 	EXP 	node3: autoDraw = False
36.1954 	EXP 	node4: autoDraw = False
36.1954 	EXP 	node5: autoDraw = False
36.1954 	EXP 	robotF: autoDraw = False
36.1954 	EXP 	select1: autoDraw = False
36.1954 	EXP 	select2: autoDraw = False
36.1954 	EXP 	select3: autoDraw = False
36.1954 	EXP 	select4: autoDraw = False
36.1954 	EXP 	selection: autoDraw = False
36.1954 	EXP 	sel: autoDraw = False
36.1954 	EXP 	robotS: pos = array([  20., -115.])
36.1954 	EXP 	node1: fillColor = u'green (named)'
36.1954 	EXP 	node1: pos = array([ 135., -115.])
36.1954 	EXP 	node2: fillColor = u'yellow (named)'
36.1954 	EXP 	node2: pos = array([ 135.,    0.])
36.1954 	EXP 	node3: fillColor = u'green (named)'
36.1954 	EXP 	node3: pos = array([ 250.,    0.])
36.1954 	EXP 	node4: fillColor = u'yellow (named)'
36.1954 	EXP 	node4: pos = array([ 250.,  115.])
36.1954 	EXP 	node5: fillColor = u'blue (named)'
36.1954 	EXP 	node5: pos = array([ 365.,  115.])
36.1954 	EXP 	robotF: pos = array([ 480.,  115.])
36.1954 	EXP 	whitebackground: autoDraw = True
36.1954 	EXP 	robotS: autoDraw = True
36.1954 	EXP 	node1: autoDraw = True
36.1954 	EXP 	node2: autoDraw = True
36.1954 	EXP 	node3: autoDraw = True
36.1954 	EXP 	node4: autoDraw = True
36.1954 	EXP 	node5: autoDraw = True
36.1954 	EXP 	robotF: autoDraw = True
36.1954 	EXP 	select1: autoDraw = True
36.1954 	EXP 	select2: autoDraw = True
36.1954 	EXP 	select3: autoDraw = True
36.1954 	EXP 	select4: autoDraw = True
36.1954 	EXP 	selection: autoDraw = True
36.1954 	EXP 	sel: autoDraw = True
36.4320 	DATA 	Keypress: a
36.7660 	DATA 	Keypress: a
37.3154 	DATA 	Keypress: a
37.7680 	DATA 	Keypress: a
37.7957 	EXP 	Imported designs1.xlsx as conditions, 2 conditions, 13 params
37.7961 	EXP 	Created sequence: random, trialTypes=2, nReps=5, seed=None
37.7969 	EXP 	New trial (rep=0, index=0): {u'n1col': u'green', u'n2col': u'yellow', u'n4col': u'yellow', u'rs': u'LOC16', u'n3col': u'green', u're': u'LOC10', u'corrAns': u'y', u'n5col': u'blue', u'n1': u'LOC17', u'n2': u'LOC12', u'n3': u'LOC13', u'n4': u'LOC8', u'n5': u'LOC9'}
37.8289 	EXP 	whitebackground: autoDraw = False
37.8289 	EXP 	robotS: autoDraw = False
37.8289 	EXP 	node1: autoDraw = False
37.8289 	EXP 	node2: autoDraw = False
37.8289 	EXP 	node3: autoDraw = False
37.8289 	EXP 	node4: autoDraw = False
37.8289 	EXP 	node5: autoDraw = False
37.8289 	EXP 	robotF: autoDraw = False
37.8289 	EXP 	select1: autoDraw = False
37.8289 	EXP 	select2: autoDraw = False
37.8289 	EXP 	select3: autoDraw = False
37.8289 	EXP 	select4: autoDraw = False
37.8289 	EXP 	selection: autoDraw = False
37.8289 	EXP 	sel: autoDraw = False
37.8289 	EXP 	polygon: fillColor = u'green (named)'
37.8289 	EXP 	polygon: pos = array([ 135., -115.])
37.8289 	EXP 	polygon_2: fillColor = u'yellow (named)'
37.8289 	EXP 	polygon_2: pos = array([ 135.,    0.])
37.8289 	EXP 	polygon_3: fillColor = u'green (named)'
37.8289 	EXP 	polygon_3: pos = array([ 250.,    0.])
37.8289 	EXP 	polygon_4: fillColor = u'yellow (named)'
37.8289 	EXP 	polygon_4: pos = array([ 250.,  115.])
37.8289 	EXP 	polygon_5: fillColor = u'blue (named)'
37.8289 	EXP 	polygon_5: pos = array([ 365.,  115.])
37.8289 	EXP 	choice: text = u"Press 'y' for Yes  \nPress 'n' for No"
37.8289 	EXP 	ro: color = '[ 1.  1.  1.] (rgb)'
37.8289 	EXP 	ro: pos = array([  20., -115.])
37.8289 	EXP 	rq: color = '[ 1.  1.  1.] (rgb)'
37.8289 	EXP 	rq: pos = array([ 480.,  115.])
37.8289 	EXP 	Evaluation: autoDraw = True
37.8289 	EXP 	polygon: autoDraw = True
37.8289 	EXP 	polygon_2: autoDraw = True
37.8289 	EXP 	polygon_3: autoDraw = True
37.8289 	EXP 	polygon_4: autoDraw = True
37.8289 	EXP 	polygon_5: autoDraw = True
37.8289 	EXP 	choice: autoDraw = True
37.8289 	EXP 	ro: autoDraw = True
37.8289 	EXP 	rq: autoDraw = True
39.6154 	DATA 	Keypress: y
39.6170 	EXP 	New trial (rep=0, index=1): {u'n1col': u'blue', u'n2col': u'yellow', u'n4col': u'yellow', u'rs': u'LOC16', u'n3col': u'red', u're': u'LOC10', u'corrAns': u'n', u'n5col': u'blue', u'n1': u'LOC17', u'n2': u'LOC12', u'n3': u'LOC13', u'n4': u'LOC8', u'n5': u'LOC9'}
39.6293 	EXP 	Evaluation: autoDraw = False
39.6293 	EXP 	polygon: autoDraw = False
39.6293 	EXP 	polygon_2: autoDraw = False
39.6293 	EXP 	polygon_3: autoDraw = False
39.6293 	EXP 	polygon_4: autoDraw = False
39.6293 	EXP 	polygon_5: autoDraw = False
39.6293 	EXP 	choice: autoDraw = False
39.6293 	EXP 	ro: autoDraw = False
39.6293 	EXP 	rq: autoDraw = False
39.6293 	EXP 	feedback: autoDraw = False
39.6293 	EXP 	polygon: fillColor = u'blue (named)'
39.6293 	EXP 	polygon: pos = array([ 135., -115.])
39.6293 	EXP 	polygon_2: fillColor = u'yellow (named)'
39.6293 	EXP 	polygon_2: pos = array([ 135.,    0.])
39.6293 	EXP 	polygon_3: fillColor = u'red (named)'
39.6293 	EXP 	polygon_3: pos = array([ 250.,    0.])
39.6293 	EXP 	polygon_4: fillColor = u'yellow (named)'
39.6293 	EXP 	polygon_4: pos = array([ 250.,  115.])
39.6293 	EXP 	polygon_5: fillColor = u'blue (named)'
39.6293 	EXP 	polygon_5: pos = array([ 365.,  115.])
39.6293 	EXP 	choice: text = u"Press 'y' for Yes  \nPress 'n' for No"
39.6293 	EXP 	ro: color = '[ 1.  1.  1.] (rgb)'
39.6293 	EXP 	ro: pos = array([  20., -115.])
39.6293 	EXP 	rq: color = '[ 1.  1.  1.] (rgb)'
39.6293 	EXP 	rq: pos = array([ 480.,  115.])
39.6293 	EXP 	Evaluation: autoDraw = True
39.6293 	EXP 	polygon: autoDraw = True
39.6293 	EXP 	polygon_2: autoDraw = True
39.6293 	EXP 	polygon_3: autoDraw = True
39.6293 	EXP 	polygon_4: autoDraw = True
39.6293 	EXP 	polygon_5: autoDraw = True
39.6293 	EXP 	choice: autoDraw = True
39.6293 	EXP 	ro: autoDraw = True
39.6293 	EXP 	rq: autoDraw = True
42.2323 	DATA 	Keypress: n
42.2338 	EXP 	New trial (rep=1, index=0): {u'n1col': u'blue', u'n2col': u'yellow', u'n4col': u'yellow', u'rs': u'LOC16', u'n3col': u'red', u're': u'LOC10', u'corrAns': u'n', u'n5col': u'blue', u'n1': u'LOC17', u'n2': u'LOC12', u'n3': u'LOC13', u'n4': u'LOC8', u'n5': u'LOC9'}
42.2463 	EXP 	Evaluation: autoDraw = False
42.2463 	EXP 	polygon: autoDraw = False
42.2463 	EXP 	polygon_2: autoDraw = False
42.2463 	EXP 	polygon_3: autoDraw = False
42.2463 	EXP 	polygon_4: autoDraw = False
42.2463 	EXP 	polygon_5: autoDraw = False
42.2463 	EXP 	choice: autoDraw = False
42.2463 	EXP 	ro: autoDraw = False
42.2463 	EXP 	rq: autoDraw = False
42.2463 	EXP 	feedback: autoDraw = False
42.2463 	EXP 	polygon: fillColor = u'blue (named)'
42.2463 	EXP 	polygon: pos = array([ 135., -115.])
42.2463 	EXP 	polygon_2: fillColor = u'yellow (named)'
42.2463 	EXP 	polygon_2: pos = array([ 135.,    0.])
42.2463 	EXP 	polygon_3: fillColor = u'red (named)'
42.2463 	EXP 	polygon_3: pos = array([ 250.,    0.])
42.2463 	EXP 	polygon_4: fillColor = u'yellow (named)'
42.2463 	EXP 	polygon_4: pos = array([ 250.,  115.])
42.2463 	EXP 	polygon_5: fillColor = u'blue (named)'
42.2463 	EXP 	polygon_5: pos = array([ 365.,  115.])
42.2463 	EXP 	choice: text = u"Press 'y' for Yes  \nPress 'n' for No"
42.2463 	EXP 	ro: color = '[ 1.  1.  1.] (rgb)'
42.2463 	EXP 	ro: pos = array([  20., -115.])
42.2463 	EXP 	rq: color = '[ 1.  1.  1.] (rgb)'
42.2463 	EXP 	rq: pos = array([ 480.,  115.])
42.2463 	EXP 	Evaluation: autoDraw = True
42.2463 	EXP 	polygon: autoDraw = True
42.2463 	EXP 	polygon_2: autoDraw = True
42.2463 	EXP 	polygon_3: autoDraw = True
42.2463 	EXP 	polygon_4: autoDraw = True
42.2463 	EXP 	polygon_5: autoDraw = True
42.2463 	EXP 	choice: autoDraw = True
42.2463 	EXP 	ro: autoDraw = True
42.2463 	EXP 	rq: autoDraw = True
42.8657 	DATA 	Keypress: y
42.8670 	EXP 	New trial (rep=1, index=1): {u'n1col': u'green', u'n2col': u'yellow', u'n4col': u'yellow', u'rs': u'LOC16', u'n3col': u'green', u're': u'LOC10', u'corrAns': u'y', u'n5col': u'blue', u'n1': u'LOC17', u'n2': u'LOC12', u'n3': u'LOC13', u'n4': u'LOC8', u'n5': u'LOC9'}
42.8798 	EXP 	Evaluation: autoDraw = False
42.8798 	EXP 	polygon: autoDraw = False
42.8798 	EXP 	polygon_2: autoDraw = False
42.8798 	EXP 	polygon_3: autoDraw = False
42.8798 	EXP 	polygon_4: autoDraw = False
42.8798 	EXP 	polygon_5: autoDraw = False
42.8798 	EXP 	choice: autoDraw = False
42.8798 	EXP 	ro: autoDraw = False
42.8798 	EXP 	rq: autoDraw = False
42.8798 	EXP 	feedback: autoDraw = False
42.8798 	EXP 	polygon: fillColor = u'green (named)'
42.8798 	EXP 	polygon: pos = array([ 135., -115.])
42.8798 	EXP 	polygon_2: fillColor = u'yellow (named)'
42.8798 	EXP 	polygon_2: pos = array([ 135.,    0.])
42.8798 	EXP 	polygon_3: fillColor = u'green (named)'
42.8798 	EXP 	polygon_3: pos = array([ 250.,    0.])
42.8798 	EXP 	polygon_4: fillColor = u'yellow (named)'
42.8798 	EXP 	polygon_4: pos = array([ 250.,  115.])
42.8798 	EXP 	polygon_5: fillColor = u'blue (named)'
42.8798 	EXP 	polygon_5: pos = array([ 365.,  115.])
42.8798 	EXP 	choice: text = u"Press 'y' for Yes  \nPress 'n' for No"
42.8798 	EXP 	ro: color = '[ 1.  1.  1.] (rgb)'
42.8798 	EXP 	ro: pos = array([  20., -115.])
42.8798 	EXP 	rq: color = '[ 1.  1.  1.] (rgb)'
42.8798 	EXP 	rq: pos = array([ 480.,  115.])
42.8798 	EXP 	Evaluation: autoDraw = True
42.8798 	EXP 	polygon: autoDraw = True
42.8798 	EXP 	polygon_2: autoDraw = True
42.8798 	EXP 	polygon_3: autoDraw = True
42.8798 	EXP 	polygon_4: autoDraw = True
42.8798 	EXP 	polygon_5: autoDraw = True
42.8798 	EXP 	choice: autoDraw = True
42.8798 	EXP 	ro: autoDraw = True
42.8798 	EXP 	rq: autoDraw = True
48.4174 	DATA 	Keypress: y
48.4196 	EXP 	New trial (rep=2, index=0): {u'n1col': u'green', u'n2col': u'yellow', u'n4col': u'yellow', u'rs': u'LOC16', u'n3col': u'green', u're': u'LOC10', u'corrAns': u'y', u'n5col': u'blue', u'n1': u'LOC17', u'n2': u'LOC12', u'n3': u'LOC13', u'n4': u'LOC8', u'n5': u'LOC9'}
48.4470 	EXP 	Evaluation: autoDraw = False
48.4470 	EXP 	polygon: autoDraw = False
48.4470 	EXP 	polygon_2: autoDraw = False
48.4470 	EXP 	polygon_3: autoDraw = False
48.4470 	EXP 	polygon_4: autoDraw = False
48.4470 	EXP 	polygon_5: autoDraw = False
48.4470 	EXP 	choice: autoDraw = False
48.4470 	EXP 	ro: autoDraw = False
48.4470 	EXP 	rq: autoDraw = False
48.4470 	EXP 	feedback: autoDraw = False
48.4470 	EXP 	polygon: fillColor = u'green (named)'
48.4470 	EXP 	polygon: pos = array([ 135., -115.])
48.4470 	EXP 	polygon_2: fillColor = u'yellow (named)'
48.4470 	EXP 	polygon_2: pos = array([ 135.,    0.])
48.4470 	EXP 	polygon_3: fillColor = u'green (named)'
48.4470 	EXP 	polygon_3: pos = array([ 250.,    0.])
48.4470 	EXP 	polygon_4: fillColor = u'yellow (named)'
48.4470 	EXP 	polygon_4: pos = array([ 250.,  115.])
48.4470 	EXP 	polygon_5: fillColor = u'blue (named)'
48.4470 	EXP 	polygon_5: pos = array([ 365.,  115.])
48.4470 	EXP 	choice: text = u"Press 'y' for Yes  \nPress 'n' for No"
48.4470 	EXP 	ro: color = '[ 1.  1.  1.] (rgb)'
48.4470 	EXP 	ro: pos = array([  20., -115.])
48.4470 	EXP 	rq: color = '[ 1.  1.  1.] (rgb)'
48.4470 	EXP 	rq: pos = array([ 480.,  115.])
48.4470 	EXP 	Evaluation: autoDraw = True
48.4470 	EXP 	polygon: autoDraw = True
48.4470 	EXP 	polygon_2: autoDraw = True
48.4470 	EXP 	polygon_3: autoDraw = True
48.4470 	EXP 	polygon_4: autoDraw = True
48.4470 	EXP 	polygon_5: autoDraw = True
48.4470 	EXP 	choice: autoDraw = True
48.4470 	EXP 	ro: autoDraw = True
48.4470 	EXP 	rq: autoDraw = True
49.5175 	DATA 	Keypress: n
49.5194 	EXP 	New trial (rep=2, index=1): {u'n1col': u'blue', u'n2col': u'yellow', u'n4col': u'yellow', u'rs': u'LOC16', u'n3col': u'red', u're': u'LOC10', u'corrAns': u'n', u'n5col': u'blue', u'n1': u'LOC17', u'n2': u'LOC12', u'n3': u'LOC13', u'n4': u'LOC8', u'n5': u'LOC9'}
49.5471 	EXP 	Evaluation: autoDraw = False
49.5471 	EXP 	polygon: autoDraw = False
49.5471 	EXP 	polygon_2: autoDraw = False
49.5471 	EXP 	polygon_3: autoDraw = False
49.5471 	EXP 	polygon_4: autoDraw = False
49.5471 	EXP 	polygon_5: autoDraw = False
49.5471 	EXP 	choice: autoDraw = False
49.5471 	EXP 	ro: autoDraw = False
49.5471 	EXP 	rq: autoDraw = False
49.5471 	EXP 	feedback: autoDraw = False
49.5471 	EXP 	polygon: fillColor = u'blue (named)'
49.5471 	EXP 	polygon: pos = array([ 135., -115.])
49.5471 	EXP 	polygon_2: fillColor = u'yellow (named)'
49.5471 	EXP 	polygon_2: pos = array([ 135.,    0.])
49.5471 	EXP 	polygon_3: fillColor = u'red (named)'
49.5471 	EXP 	polygon_3: pos = array([ 250.,    0.])
49.5471 	EXP 	polygon_4: fillColor = u'yellow (named)'
49.5471 	EXP 	polygon_4: pos = array([ 250.,  115.])
49.5471 	EXP 	polygon_5: fillColor = u'blue (named)'
49.5471 	EXP 	polygon_5: pos = array([ 365.,  115.])
49.5471 	EXP 	choice: text = u"Press 'y' for Yes  \nPress 'n' for No"
49.5471 	EXP 	ro: color = '[ 1.  1.  1.] (rgb)'
49.5471 	EXP 	ro: pos = array([  20., -115.])
49.5471 	EXP 	rq: color = '[ 1.  1.  1.] (rgb)'
49.5471 	EXP 	rq: pos = array([ 480.,  115.])
49.5471 	EXP 	Evaluation: autoDraw = True
49.5471 	EXP 	polygon: autoDraw = True
49.5471 	EXP 	polygon_2: autoDraw = True
49.5471 	EXP 	polygon_3: autoDraw = True
49.5471 	EXP 	polygon_4: autoDraw = True
49.5471 	EXP 	polygon_5: autoDraw = True
49.5471 	EXP 	choice: autoDraw = True
49.5471 	EXP 	ro: autoDraw = True
49.5471 	EXP 	rq: autoDraw = True
51.0505 	DATA 	Keypress: y
51.0522 	EXP 	New trial (rep=3, index=0): {u'n1col': u'green', u'n2col': u'yellow', u'n4col': u'yellow', u'rs': u'LOC16', u'n3col': u'green', u're': u'LOC10', u'corrAns': u'y', u'n5col': u'blue', u'n1': u'LOC17', u'n2': u'LOC12', u'n3': u'LOC13', u'n4': u'LOC8', u'n5': u'LOC9'}
51.0638 	EXP 	Evaluation: autoDraw = False
51.0638 	EXP 	polygon: autoDraw = False
51.0638 	EXP 	polygon_2: autoDraw = False
51.0638 	EXP 	polygon_3: autoDraw = False
51.0638 	EXP 	polygon_4: autoDraw = False
51.0638 	EXP 	polygon_5: autoDraw = False
51.0638 	EXP 	choice: autoDraw = False
51.0638 	EXP 	ro: autoDraw = False
51.0638 	EXP 	rq: autoDraw = False
51.0638 	EXP 	feedback: autoDraw = False
51.0638 	EXP 	polygon: fillColor = u'green (named)'
51.0638 	EXP 	polygon: pos = array([ 135., -115.])
51.0638 	EXP 	polygon_2: fillColor = u'yellow (named)'
51.0638 	EXP 	polygon_2: pos = array([ 135.,    0.])
51.0638 	EXP 	polygon_3: fillColor = u'green (named)'
51.0638 	EXP 	polygon_3: pos = array([ 250.,    0.])
51.0638 	EXP 	polygon_4: fillColor = u'yellow (named)'
51.0638 	EXP 	polygon_4: pos = array([ 250.,  115.])
51.0638 	EXP 	polygon_5: fillColor = u'blue (named)'
51.0638 	EXP 	polygon_5: pos = array([ 365.,  115.])
51.0638 	EXP 	choice: text = u"Press 'y' for Yes  \nPress 'n' for No"
51.0638 	EXP 	ro: color = '[ 1.  1.  1.] (rgb)'
51.0638 	EXP 	ro: pos = array([  20., -115.])
51.0638 	EXP 	rq: color = '[ 1.  1.  1.] (rgb)'
51.0638 	EXP 	rq: pos = array([ 480.,  115.])
51.0638 	EXP 	Evaluation: autoDraw = True
51.0638 	EXP 	polygon: autoDraw = True
51.0638 	EXP 	polygon_2: autoDraw = True
51.0638 	EXP 	polygon_3: autoDraw = True
51.0638 	EXP 	polygon_4: autoDraw = True
51.0638 	EXP 	polygon_5: autoDraw = True
51.0638 	EXP 	choice: autoDraw = True
51.0638 	EXP 	ro: autoDraw = True
51.0638 	EXP 	rq: autoDraw = True
55.1012 	DATA 	Keypress: n
55.1038 	EXP 	New trial (rep=3, index=1): {u'n1col': u'blue', u'n2col': u'yellow', u'n4col': u'yellow', u'rs': u'LOC16', u'n3col': u'red', u're': u'LOC10', u'corrAns': u'n', u'n5col': u'blue', u'n1': u'LOC17', u'n2': u'LOC12', u'n3': u'LOC13', u'n4': u'LOC8', u'n5': u'LOC9'}
55.1310 	EXP 	Evaluation: autoDraw = False
55.1310 	EXP 	polygon: autoDraw = False
55.1310 	EXP 	polygon_2: autoDraw = False
55.1310 	EXP 	polygon_3: autoDraw = False
55.1310 	EXP 	polygon_4: autoDraw = False
55.1310 	EXP 	polygon_5: autoDraw = False
55.1310 	EXP 	choice: autoDraw = False
55.1310 	EXP 	ro: autoDraw = False
55.1310 	EXP 	rq: autoDraw = False
55.1310 	EXP 	feedback: autoDraw = False
55.1310 	EXP 	polygon: fillColor = u'blue (named)'
55.1310 	EXP 	polygon: pos = array([ 135., -115.])
55.1310 	EXP 	polygon_2: fillColor = u'yellow (named)'
55.1310 	EXP 	polygon_2: pos = array([ 135.,    0.])
55.1310 	EXP 	polygon_3: fillColor = u'red (named)'
55.1310 	EXP 	polygon_3: pos = array([ 250.,    0.])
55.1310 	EXP 	polygon_4: fillColor = u'yellow (named)'
55.1310 	EXP 	polygon_4: pos = array([ 250.,  115.])
55.1310 	EXP 	polygon_5: fillColor = u'blue (named)'
55.1310 	EXP 	polygon_5: pos = array([ 365.,  115.])
55.1310 	EXP 	choice: text = u"Press 'y' for Yes  \nPress 'n' for No"
55.1310 	EXP 	ro: color = '[ 1.  1.  1.] (rgb)'
55.1310 	EXP 	ro: pos = array([  20., -115.])
55.1310 	EXP 	rq: color = '[ 1.  1.  1.] (rgb)'
55.1310 	EXP 	rq: pos = array([ 480.,  115.])
55.1310 	EXP 	Evaluation: autoDraw = True
55.1310 	EXP 	polygon: autoDraw = True
55.1310 	EXP 	polygon_2: autoDraw = True
55.1310 	EXP 	polygon_3: autoDraw = True
55.1310 	EXP 	polygon_4: autoDraw = True
55.1310 	EXP 	polygon_5: autoDraw = True
55.1310 	EXP 	choice: autoDraw = True
55.1310 	EXP 	ro: autoDraw = True
55.1310 	EXP 	rq: autoDraw = True
55.5872 	DATA 	Keypress: n
55.5997 	EXP 	New trial (rep=4, index=0): {u'n1col': u'blue', u'n2col': u'yellow', u'n4col': u'yellow', u'rs': u'LOC16', u'n3col': u'red', u're': u'LOC10', u'corrAns': u'n', u'n5col': u'blue', u'n1': u'LOC17', u'n2': u'LOC12', u'n3': u'LOC13', u'n4': u'LOC8', u'n5': u'LOC9'}
55.6144 	EXP 	Evaluation: autoDraw = False
55.6144 	EXP 	polygon: autoDraw = False
55.6144 	EXP 	polygon_2: autoDraw = False
55.6144 	EXP 	polygon_3: autoDraw = False
55.6144 	EXP 	polygon_4: autoDraw = False
55.6144 	EXP 	polygon_5: autoDraw = False
55.6144 	EXP 	choice: autoDraw = False
55.6144 	EXP 	ro: autoDraw = False
55.6144 	EXP 	rq: autoDraw = False
55.6144 	EXP 	feedback: autoDraw = False
55.6144 	EXP 	polygon: fillColor = u'blue (named)'
55.6144 	EXP 	polygon: pos = array([ 135., -115.])
55.6144 	EXP 	polygon_2: fillColor = u'yellow (named)'
55.6144 	EXP 	polygon_2: pos = array([ 135.,    0.])
55.6144 	EXP 	polygon_3: fillColor = u'red (named)'
55.6144 	EXP 	polygon_3: pos = array([ 250.,    0.])
55.6144 	EXP 	polygon_4: fillColor = u'yellow (named)'
55.6144 	EXP 	polygon_4: pos = array([ 250.,  115.])
55.6144 	EXP 	polygon_5: fillColor = u'blue (named)'
55.6144 	EXP 	polygon_5: pos = array([ 365.,  115.])
55.6144 	EXP 	choice: text = u"Press 'y' for Yes  \nPress 'n' for No"
55.6144 	EXP 	ro: color = '[ 1.  1.  1.] (rgb)'
55.6144 	EXP 	ro: pos = array([  20., -115.])
55.6144 	EXP 	rq: color = '[ 1.  1.  1.] (rgb)'
55.6144 	EXP 	rq: pos = array([ 480.,  115.])
55.6144 	EXP 	Evaluation: autoDraw = True
55.6144 	EXP 	polygon: autoDraw = True
55.6144 	EXP 	polygon_2: autoDraw = True
55.6144 	EXP 	polygon_3: autoDraw = True
55.6144 	EXP 	polygon_4: autoDraw = True
55.6144 	EXP 	polygon_5: autoDraw = True
55.6144 	EXP 	choice: autoDraw = True
55.6144 	EXP 	ro: autoDraw = True
55.6144 	EXP 	rq: autoDraw = True
56.4179 	DATA 	Keypress: y
56.4197 	EXP 	New trial (rep=4, index=1): {u'n1col': u'green', u'n2col': u'yellow', u'n4col': u'yellow', u'rs': u'LOC16', u'n3col': u'green', u're': u'LOC10', u'corrAns': u'y', u'n5col': u'blue', u'n1': u'LOC17', u'n2': u'LOC12', u'n3': u'LOC13', u'n4': u'LOC8', u'n5': u'LOC9'}
56.4312 	EXP 	Evaluation: autoDraw = False
56.4312 	EXP 	polygon: autoDraw = False
56.4312 	EXP 	polygon_2: autoDraw = False
56.4312 	EXP 	polygon_3: autoDraw = False
56.4312 	EXP 	polygon_4: autoDraw = False
56.4312 	EXP 	polygon_5: autoDraw = False
56.4312 	EXP 	choice: autoDraw = False
56.4312 	EXP 	ro: autoDraw = False
56.4312 	EXP 	rq: autoDraw = False
56.4312 	EXP 	feedback: autoDraw = False
56.4312 	EXP 	polygon: fillColor = u'green (named)'
56.4312 	EXP 	polygon: pos = array([ 135., -115.])
56.4312 	EXP 	polygon_2: fillColor = u'yellow (named)'
56.4312 	EXP 	polygon_2: pos = array([ 135.,    0.])
56.4312 	EXP 	polygon_3: fillColor = u'green (named)'
56.4312 	EXP 	polygon_3: pos = array([ 250.,    0.])
56.4312 	EXP 	polygon_4: fillColor = u'yellow (named)'
56.4312 	EXP 	polygon_4: pos = array([ 250.,  115.])
56.4312 	EXP 	polygon_5: fillColor = u'blue (named)'
56.4312 	EXP 	polygon_5: pos = array([ 365.,  115.])
56.4312 	EXP 	choice: text = u"Press 'y' for Yes  \nPress 'n' for No"
56.4312 	EXP 	ro: color = '[ 1.  1.  1.] (rgb)'
56.4312 	EXP 	ro: pos = array([  20., -115.])
56.4312 	EXP 	rq: color = '[ 1.  1.  1.] (rgb)'
56.4312 	EXP 	rq: pos = array([ 480.,  115.])
56.4312 	EXP 	Evaluation: autoDraw = True
56.4312 	EXP 	polygon: autoDraw = True
56.4312 	EXP 	polygon_2: autoDraw = True
56.4312 	EXP 	polygon_3: autoDraw = True
56.4312 	EXP 	polygon_4: autoDraw = True
56.4312 	EXP 	polygon_5: autoDraw = True
56.4312 	EXP 	choice: autoDraw = True
56.4312 	EXP 	ro: autoDraw = True
56.4312 	EXP 	rq: autoDraw = True
60.7877 	DATA 	Keypress: y
60.8149 	EXP 	Evaluation: autoDraw = False
60.8149 	EXP 	polygon: autoDraw = False
60.8149 	EXP 	polygon_2: autoDraw = False
60.8149 	EXP 	polygon_3: autoDraw = False
60.8149 	EXP 	polygon_4: autoDraw = False
60.8149 	EXP 	polygon_5: autoDraw = False
60.8149 	EXP 	choice: autoDraw = False
60.8149 	EXP 	ro: autoDraw = False
60.8149 	EXP 	rq: autoDraw = False
60.8149 	EXP 	feedback: autoDraw = False
60.8149 	EXP 	thankyou: autoDraw = True
61.8333 	EXP 	window1: mouseVisible = True
