6.9468 	EXP 	Created window1 = Window(allowGUI=False, allowStencil=False, autoLog=True, bitsMode=UNKNOWN, blendMode='avg', color='black', colorSpace='named', fullscr=UNKNOWN, gamma=None, lms=UNKNOWN, monitor=<psychopy.monitors.calibTools.Monitor object at 0x112576b10>, name='window1', pos=[0, 0], screen=0, size=array([1440,  900]), stereo=False, units='pix', useFBO=True, useRetina=False, viewOri=0.0, viewPos=None, viewScale=None, waitBlanking=True, winType='pyglet')
6.9469 	EXP 	window1: recordFrameIntervals = False
7.1122 	EXP 	window1: recordFrameIntervals = True
7.2959 	EXP 	window1: recordFrameIntervals = False
7.4663 	EXP 	Created welcome = TextStim(alignHoriz='center', alignVert='center', antialias=True, autoLog=True, bold=False, color='white', colorSpace='named', contrast=1.0, depth=-1.0, flipHoriz=False, flipVert=False, font='Arial', fontFiles=[], height=100, italic=False, name='welcome', opacity=1.0, ori=0, pos=array([ 0.,  0.]), rgb=array([ 255.,  255.,  255.]), text=u'Welcome!', units='pix', win=Window(...), wrapWidth=500)
7.5013 	EXP 	Created instruct = TextStim(alignHoriz='center', alignVert='center', antialias=True, autoLog=True, bold=False, color='white', colorSpace='named', contrast=1.0, depth=-2.0, flipHoriz=False, flipVert=False, font='Arial', fontFiles=[], height=50, italic=False, name='instruct', opacity=1.0, ori=0, pos=array([ 0.,  0.]), rgb=array([ 255.,  255.,  255.]), text=unicode(...), units='pix', win=Window(...), wrapWidth=500)
7.5926 	EXP 	Created rob0 = ImageStim(autoLog=True, color=array([ 1.,  1.,  1.]), colorSpace='rgb', contrast=1.0, depth=-3.0, flipHoriz=False, flipVert=False, image='robot1.png', interpolate=True, mask=None, maskParams=None, name='rob0', opacity=1.0, ori=0.0, pos=array([-250., -100.]), size=array([ 200.,  200.]), texRes=128, units='pix', win=Window(...))
7.6082 	EXP 	Created robb = ImageStim(autoLog=True, color=array([ 1.,  1.,  1.]), colorSpace='rgb', contrast=1.0, depth=-4.0, flipHoriz=False, flipVert=False, image='robot1.png', interpolate=True, mask=None, maskParams=None, name='robb', opacity=1.0, ori=0.0, pos=array([ 250., -100.]), size=array([ 200.,  200.]), texRes=128, units='pix', win=Window(...))
7.6248 	EXP 	Created na = Polygon(autoDraw=False, autoLog=True, closeShape=True, contrast=1.0, depth=-5.0, fillColor='blue', fillColorSpace='named', fillRGB=array([   0.,    0.,  255.]), interpolate=True, lineColor='blue', lineColorSpace='named', lineRGB=array([   0.,    0.,  255.]), lineWidth=1, name='na', opacity=1.0, ori=array(0.0), pos=array([ 0.,  0.]), size=array([ 1.,  1.]), units='pix', vertices=ndarray(...), win=Window(...))
7.6307 	EXP 	Created nb = Polygon(autoDraw=False, autoLog=True, closeShape=True, contrast=1.0, depth=-6.0, fillColor='blue', fillColorSpace='named', fillRGB=array([   0.,    0.,  255.]), interpolate=True, lineColor='blue', lineColorSpace='named', lineRGB=array([   0.,    0.,  255.]), lineWidth=1, name='nb', opacity=1.0, ori=array(0.0), pos=array([ 0.,  0.]), size=array([ 1.,  1.]), units='pix', vertices=ndarray(...), win=Window(...))
7.6373 	EXP 	Created nc = Polygon(autoDraw=False, autoLog=True, closeShape=True, contrast=1.0, depth=-7.0, fillColor='blue', fillColorSpace='named', fillRGB=array([   0.,    0.,  255.]), interpolate=True, lineColor='blue', lineColorSpace='named', lineRGB=array([   0.,    0.,  255.]), lineWidth=1, name='nc', opacity=1.0, ori=array(0.0), pos=array([ 0.,  0.]), size=array([ 1.,  1.]), units='pix', vertices=ndarray(...), win=Window(...))
7.6395 	EXP 	<method-wrapper '__getattribute__' of attributeSetter object at 0x11004b110>: vertices = array([[-55.,  20.],
       [ 55.,  20.],
       [ 55., -20.],
       [-55., -20.]])
7.6413 	EXP 	Created s1 = Rect(autoDraw=False, autoLog=True, closeShape=True, contrast=1.0, depth=-8.0, fillColor='black', fillColorSpace='named', fillRGB=array([ 0.,  0.,  0.]), interpolate=True, lineColor='black', lineColorSpace='named', lineRGB=array([ 0.,  0.,  0.]), lineWidth=1, name='s1', opacity=1.0, ori=array(0.0), pos=array([-110., -100.]), size=array([ 1.,  1.]), units='pix', vertices=ndarray(...), win=Window(...))
7.6417 	EXP 	<method-wrapper '__getattribute__' of attributeSetter object at 0x11004b110>: vertices = array([[-55.,  20.],
       [ 55.,  20.],
       [ 55., -20.],
       [-55., -20.]])
7.6432 	EXP 	Created s2 = Rect(autoDraw=False, autoLog=True, closeShape=True, contrast=1.0, depth=-9.0, fillColor='black', fillColorSpace='named', fillRGB=array([ 0.,  0.,  0.]), interpolate=True, lineColor='black', lineColorSpace='named', lineRGB=array([ 0.,  0.,  0.]), lineWidth=1, name='s2', opacity=1.0, ori=array(0.0), pos=array([   0., -100.]), size=array([ 1.,  1.]), units='pix', vertices=ndarray(...), win=Window(...))
7.6436 	EXP 	<method-wrapper '__getattribute__' of attributeSetter object at 0x11004b110>: vertices = array([[-55.,  20.],
       [ 55.,  20.],
       [ 55., -20.],
       [-55., -20.]])
7.6451 	EXP 	Created s3 = Rect(autoDraw=False, autoLog=True, closeShape=True, contrast=1.0, depth=-10.0, fillColor='black', fillColorSpace='named', fillRGB=array([ 0.,  0.,  0.]), interpolate=True, lineColor='black', lineColorSpace='named', lineRGB=array([ 0.,  0.,  0.]), lineWidth=1, name='s3', opacity=1.0, ori=array(0.0), pos=array([ 110., -100.]), size=array([ 1.,  1.]), units='pix', vertices=ndarray(...), win=Window(...))
8.1123 	EXP 	Created heart = ImageStim(autoLog=True, color=array([ 1.,  1.,  1.]), colorSpace='rgb', contrast=1.0, depth=-11.0, flipHoriz=False, flipVert=False, image='heart.png', interpolate=True, mask=None, maskParams=None, name='heart', opacity=1.0, ori=0.0, pos=array([   0., -100.]), size=array([ 1.,  1.]), texRes=128, units='pix', win=Window(...))
8.1917 	EXP 	Created text_2 = TextStim(alignHoriz='center', alignVert='center', antialias=True, autoLog=True, bold=False, color='white', colorSpace='named', contrast=1.0, depth=-1.0, flipHoriz=False, flipVert=False, font='Arial', fontFiles=[], height=40, italic=False, name='text_2', opacity=1.0, ori=0, pos=array([ 0.,  0.]), rgb=array([ 255.,  255.,  255.]), text=u"Let's take an example", units='pix', win=Window(...), wrapWidth=500)
8.2045 	EXP 	Created nod1 = Polygon(autoDraw=False, autoLog=True, closeShape=True, contrast=1.0, depth=-2.0, fillColor=array([ 1.,  1.,  1.]), fillColorSpace='rgb', fillRGB=array([ 1.,  1.,  1.]), interpolate=True, lineColor='red', lineColorSpace='named', lineRGB=array([ 255.,    0.,    0.]), lineWidth=1, name='nod1', opacity=1.0, ori=array(0.0), pos=array([ 0.,  0.]), size=array([ 100.,  100.]), units='pix', vertices=ndarray(...), win=Window(...))
8.2165 	EXP 	Created nod2 = Polygon(autoDraw=False, autoLog=True, closeShape=True, contrast=1.0, depth=-3.0, fillColor=array([ 1.,  1.,  1.]), fillColorSpace='rgb', fillRGB=array([ 1.,  1.,  1.]), interpolate=True, lineColor=array([ 1.,  1.,  1.]), lineColorSpace='rgb', lineRGB=array([ 1.,  1.,  1.]), lineWidth=1, name='nod2', opacity=1.0, ori=array(0.0), pos=array([ 0.,  0.]), size=array([ 100.,  100.]), units='pix', vertices=ndarray(...), win=Window(...))
8.2293 	EXP 	Created nod3 = Polygon(autoDraw=False, autoLog=True, closeShape=True, contrast=1.0, depth=-4.0, fillColor=array([ 1.,  1.,  1.]), fillColorSpace='rgb', fillRGB=array([ 1.,  1.,  1.]), interpolate=True, lineColor=array([ 1.,  1.,  1.]), lineColorSpace='rgb', lineRGB=array([ 1.,  1.,  1.]), lineWidth=1, name='nod3', opacity=1.0, ori=array(0.0), pos=array([ 135.,  115.]), size=array([ 100.,  100.]), units='pix', vertices=ndarray(...), win=Window(...))
8.2368 	EXP 	Created nod4 = Polygon(autoDraw=False, autoLog=True, closeShape=True, contrast=1.0, depth=-5.0, fillColor=array([ 1.,  1.,  1.]), fillColorSpace='rgb', fillRGB=array([ 1.,  1.,  1.]), interpolate=True, lineColor=array([ 1.,  1.,  1.]), lineColorSpace='rgb', lineRGB=array([ 1.,  1.,  1.]), lineWidth=1, name='nod4', opacity=1.0, ori=array(0.0), pos=array([ 250.,  115.]), size=array([ 100.,  100.]), units='pix', vertices=ndarray(...), win=Window(...))
8.2561 	EXP 	Created rob1 = ImageStim(autoLog=True, color=array([ 1.,  1.,  1.]), colorSpace='rgb', contrast=1.0, depth=-6.0, flipHoriz=False, flipVert=False, image='robot1.png', interpolate=True, mask=None, maskParams=None, name='rob1', opacity=1.0, ori=1.0, pos=array([  20., -115.]), size=array([ 100.,  100.]), texRes=128, units='pix', win=Window(...))
8.2590 	EXP 	Created rob2 = ImageStim(autoLog=True, color=array([ 1.,  1.,  1.]), colorSpace='rgb', contrast=1.0, depth=-7.0, flipHoriz=False, flipVert=False, image='sin', interpolate=True, mask=None, maskParams=None, name='rob2', opacity=1.0, ori=0.0, pos=array([ 365.,  115.]), size=array([ 100.,  100.]), texRes=128, units='pix', win=Window(...))
8.2595 	EXP 	<method-wrapper '__getattribute__' of attributeSetter object at 0x11004b110>: vertices = array([[-0.5,  0.5],
       [ 0.5,  0.5],
       [ 0.5, -0.5],
       [-0.5, -0.5]])
8.2610 	EXP 	Created sh1 = Rect(autoDraw=False, autoLog=True, closeShape=True, contrast=1.0, depth=-9.0, fillColor='black', fillColorSpace='named', fillRGB=array([ 0.,  0.,  0.]), interpolate=True, lineColor='black', lineColorSpace='named', lineRGB=array([ 0.,  0.,  0.]), lineWidth=1, name='sh1', opacity=1.0, ori=array(0.0), pos=array([ 20.,   0.]), size=array([ 1.,  1.]), units='pix', vertices=ndarray(...), win=Window(...))
8.2614 	EXP 	<method-wrapper '__getattribute__' of attributeSetter object at 0x11004b110>: vertices = array([[-30.,  20.],
       [ 30.,  20.],
       [ 30., -20.],
       [-30., -20.]])
8.2632 	EXP 	Created sh2a = Rect(autoDraw=False, autoLog=True, closeShape=True, contrast=1.0, depth=-10.0, fillColor='black', fillColorSpace='named', fillRGB=array([ 0.,  0.,  0.]), interpolate=True, lineColor='black', lineColorSpace='named', lineRGB=array([ 0.,  0.,  0.]), lineWidth=1, name='sh2a', opacity=1.0, ori=array(0.0), pos=array([  50.,  113.]), size=array([ 1.,  1.]), units='pix', vertices=ndarray(...), win=Window(...))
8.2636 	EXP 	<method-wrapper '__getattribute__' of attributeSetter object at 0x11004b110>: vertices = array([[-20.,  40.],
       [ 20.,  40.],
       [ 20., -40.],
       [-20., -40.]])
8.2651 	EXP 	Created sh2b = Rect(autoDraw=False, autoLog=True, closeShape=True, contrast=1.0, depth=-11.0, fillColor='black', fillColorSpace='named', fillRGB=array([ 0.,  0.,  0.]), interpolate=True, lineColor='black', lineColorSpace='named', lineRGB=array([ 0.,  0.,  0.]), lineWidth=1, name='sh2b', opacity=1.0, ori=array(0.0), pos=array([ 22.,  93.]), size=array([ 1.,  1.]), units='pix', vertices=ndarray(...), win=Window(...))
8.2656 	EXP 	<method-wrapper '__getattribute__' of attributeSetter object at 0x11004b110>: vertices = array([[-55.,  20.],
       [ 55.,  20.],
       [ 55., -20.],
       [-55., -20.]])
8.2670 	EXP 	Created sh3 = Rect(autoDraw=False, autoLog=True, closeShape=True, contrast=1.0, depth=-12.0, fillColor='black', fillColorSpace='named', fillRGB=array([ 0.,  0.,  0.]), interpolate=True, lineColor='black', lineColorSpace='named', lineRGB=array([ 0.,  0.,  0.]), lineWidth=1, name='sh3', opacity=1.0, ori=array(0.0), pos=array([ 135.,  115.]), size=array([ 1.,  1.]), units='pix', vertices=ndarray(...), win=Window(...))
8.2675 	EXP 	<method-wrapper '__getattribute__' of attributeSetter object at 0x11004b110>: vertices = array([[-55.,  20.],
       [ 55.,  20.],
       [ 55., -20.],
       [-55., -20.]])
8.2690 	EXP 	Created sh4 = Rect(autoDraw=False, autoLog=True, closeShape=True, contrast=1.0, depth=-13.0, fillColor='black', fillColorSpace='named', fillRGB=array([ 0.,  0.,  0.]), interpolate=True, lineColor='black', lineColorSpace='named', lineRGB=array([ 0.,  0.,  0.]), lineWidth=1, name='sh4', opacity=1.0, ori=array(0.0), pos=array([ 250.,  115.]), size=array([ 1.,  1.]), units='pix', vertices=ndarray(...), win=Window(...))
8.2982 	EXP 	Created star = TextStim(alignHoriz='center', alignVert='center', antialias=True, autoLog=True, bold=False, color='white', colorSpace='named', contrast=1.0, depth=0.0, flipHoriz=False, flipVert=False, font='Arial', fontFiles=[], height=50, italic=False, name='star', opacity=1.0, ori=0, pos=array([ 0.,  0.]), rgb=array([ 255.,  255.,  255.]), text=unicode(...), units='pix', win=Window(...), wrapWidth=500)
8.2988 	EXP 	<method-wrapper '__getattribute__' of attributeSetter object at 0x11004b110>: vertices = array([[-400.,  450.],
       [ 400.,  450.],
       [ 400., -450.],
       [-400., -450.]])
8.3014 	EXP 	Created whitebackground = Rect(autoDraw=False, autoLog=True, closeShape=True, contrast=1.0, depth=-2.0, fillColor=array([ 1.,  1.,  1.]), fillColorSpace='rgb', fillRGB=array([ 1.,  1.,  1.]), interpolate=True, lineColor=array([ 1.,  1.,  1.]), lineColorSpace='rgb', lineRGB=array([ 1.,  1.,  1.]), lineWidth=0, name='whitebackground', opacity=1.0, ori=array(0.0), pos=array([-560.,    0.]), size=array([ 1.,  1.]), units='pix', vertices=ndarray(...), win=Window(...))
8.3157 	EXP 	Created robotS = ImageStim(autoLog=True, color=array([ 1.,  1.,  1.]), colorSpace='rgb', contrast=1.0, depth=-3.0, flipHoriz=False, flipVert=False, image=u'robot1.png', interpolate=True, mask=None, maskParams=None, name='robotS', opacity=1.0, ori=0.0, pos=array([ 0.,  0.]), size=array([ 100.,  100.]), texRes=128, units='pix', win=Window(...))
8.3244 	EXP 	Created node1 = Polygon(autoDraw=False, autoLog=True, closeShape=True, contrast=1.0, depth=-4.0, fillColor=array([ 1.,  1.,  1.]), fillColorSpace='rgb', fillRGB=array([ 1.,  1.,  1.]), interpolate=True, lineColor=array([ 1.,  1.,  1.]), lineColorSpace='rgb', lineRGB=array([ 1.,  1.,  1.]), lineWidth=0, name='node1', opacity=1.0, ori=array(0.0), pos=array([ 0.,  0.]), size=array([ 100.,  100.]), units='pix', vertices=ndarray(...), win=Window(...))
8.3315 	EXP 	Created node2 = Polygon(autoDraw=False, autoLog=True, closeShape=True, contrast=1.0, depth=-5.0, fillColor=array([ 1.,  1.,  1.]), fillColorSpace='rgb', fillRGB=array([ 1.,  1.,  1.]), interpolate=True, lineColor=array([ 1.,  1.,  1.]), lineColorSpace='rgb', lineRGB=array([ 1.,  1.,  1.]), lineWidth=0, name='node2', opacity=1.0, ori=array(0.0), pos=array([ 0.,  0.]), size=array([ 100.,  100.]), units='pix', vertices=ndarray(...), win=Window(...))
8.3394 	EXP 	Created node3 = Polygon(autoDraw=False, autoLog=True, closeShape=True, contrast=1.0, depth=-6.0, fillColor=array([ 1.,  1.,  1.]), fillColorSpace='rgb', fillRGB=array([ 1.,  1.,  1.]), interpolate=True, lineColor=array([ 1.,  1.,  1.]), lineColorSpace='rgb', lineRGB=array([ 1.,  1.,  1.]), lineWidth=0, name='node3', opacity=1.0, ori=array(0.0), pos=array([ 0.,  0.]), size=array([ 100.,  100.]), units='pix', vertices=ndarray(...), win=Window(...))
8.3464 	EXP 	Created node4 = Polygon(autoDraw=False, autoLog=True, closeShape=True, contrast=1.0, depth=-7.0, fillColor=array([ 1.,  1.,  1.]), fillColorSpace='rgb', fillRGB=array([ 1.,  1.,  1.]), interpolate=True, lineColor=array([ 1.,  1.,  1.]), lineColorSpace='rgb', lineRGB=array([ 1.,  1.,  1.]), lineWidth=0, name='node4', opacity=1.0, ori=array(0.0), pos=array([ 0.,  0.]), size=array([ 100.,  100.]), units='pix', vertices=ndarray(...), win=Window(...))
8.3544 	EXP 	Created node5 = Polygon(autoDraw=False, autoLog=True, closeShape=True, contrast=1.0, depth=-8.0, fillColor=array([ 1.,  1.,  1.]), fillColorSpace='rgb', fillRGB=array([ 1.,  1.,  1.]), interpolate=True, lineColor=array([ 1.,  1.,  1.]), lineColorSpace='rgb', lineRGB=array([ 1.,  1.,  1.]), lineWidth=0, name='node5', opacity=1.0, ori=array(0.0), pos=array([ 0.,  0.]), size=array([ 100.,  100.]), units='pix', vertices=ndarray(...), win=Window(...))
8.3685 	EXP 	Created robotF = ImageStim(autoLog=True, color=array([ 1.,  1.,  1.]), colorSpace='rgb', contrast=1.0, depth=-9.0, flipHoriz=False, flipVert=False, image=u'robot1.png', interpolate=True, mask=None, maskParams=None, name='robotF', opacity=1.0, ori=0.0, pos=array([ 0.,  0.]), size=array([ 100.,  100.]), texRes=128, units='pix', win=Window(...))
8.3749 	EXP 	Created select1 = Polygon(autoDraw=False, autoLog=True, closeShape=True, contrast=1.0, depth=-10.0, fillColor='red', fillColorSpace='named', fillRGB=array([ 255.,    0.,    0.]), interpolate=True, lineColor=array([ 1.,  1.,  1.]), lineColorSpace='rgb', lineRGB=array([ 1.,  1.,  1.]), lineWidth=0, name='select1', opacity=1.0, ori=array(0.0), pos=array([-630.,    0.]), size=array([ 100.,  100.]), units='pix', vertices=ndarray(...), win=Window(...))
8.3813 	EXP 	Created select2 = Polygon(autoDraw=False, autoLog=True, closeShape=True, contrast=1.0, depth=-11.0, fillColor='blue', fillColorSpace='named', fillRGB=array([   0.,    0.,  255.]), interpolate=True, lineColor=array([ 1.,  1.,  1.]), lineColorSpace='rgb', lineRGB=array([ 1.,  1.,  1.]), lineWidth=0, name='select2', opacity=1.0, ori=array(0.0), pos=array([-630., -120.]), size=array([ 100.,  100.]), units='pix', vertices=ndarray(...), win=Window(...))
8.3986 	EXP 	Created select3 = Polygon(autoDraw=False, autoLog=True, closeShape=True, contrast=1.0, depth=-12.0, fillColor='yellow', fillColorSpace='named', fillRGB=array([ 255.,  255.,    0.]), interpolate=True, lineColor=array([ 1.,  1.,  1.]), lineColorSpace='rgb', lineRGB=array([ 1.,  1.,  1.]), lineWidth=0, name='select3', opacity=1.0, ori=array(0.0), pos=array([-630., -240.]), size=array([ 100.,  100.]), units='pix', vertices=ndarray(...), win=Window(...))
8.4052 	EXP 	Created select4 = Polygon(autoDraw=False, autoLog=True, closeShape=True, contrast=1.0, depth=-13.0, fillColor=u'green', fillColorSpace='named', fillRGB=array([   0.,  128.,    0.]), interpolate=True, lineColor=array([ 1.,  1.,  1.]), lineColorSpace='rgb', lineRGB=array([ 1.,  1.,  1.]), lineWidth=0, name='select4', opacity=1.0, ori=array(0.0), pos=array([-630., -360.]), size=array([ 100.,  100.]), units='pix', vertices=ndarray(...), win=Window(...))
8.4437 	EXP 	Created selection = ImageStim(autoLog=True, color=array([ 1.,  1.,  1.]), colorSpace='rgb', contrast=1.0, depth=-14.0, flipHoriz=False, flipVert=False, image='mastershapes.png', interpolate=True, mask=None, maskParams=None, name='selection', opacity=1.0, ori=0.0, pos=array([ 0.,  0.]), size=array([ 500.,  400.]), texRes=128, units='pix', win=Window(...))
8.5375 	EXP 	Created sel = TextStim(alignHoriz='center', alignVert='center', antialias=True, autoLog=True, bold=False, color='black', colorSpace='named', contrast=1.0, depth=-15.0, flipHoriz=False, flipVert=False, font='Arial', fontFiles=[], height=30, italic=False, name='sel', opacity=1.0, ori=0, pos=array([-450.,  250.]), rgb=array([ 0.,  0.,  0.]), text=unicode(...), units='pix', win=Window(...), wrapWidth=500)
8.5490 	EXP 	Created Evaluation = TextStim(alignHoriz='center', alignVert='center', antialias=True, autoLog=True, bold=False, color=u'white', colorSpace='named', contrast=1.0, depth=-1.0, flipHoriz=False, flipVert=False, font=u'Arial', fontFiles=[], height=50, italic=False, name='Evaluation', opacity=1.0, ori=0, pos=array([   0.,  300.]), rgb=array([ 255.,  255.,  255.]), text=u'Is this pathway correct? \n', units='pix', win=Window(...), wrapWidth=500)
8.5604 	EXP 	Created polygon = Polygon(autoDraw=False, autoLog=True, closeShape=True, contrast=1.0, depth=-2.0, fillColor=array([ 1.,  1.,  1.]), fillColorSpace='rgb', fillRGB=array([ 1.,  1.,  1.]), interpolate=True, lineColor=array([ 1.,  1.,  1.]), lineColorSpace='rgb', lineRGB=array([ 1.,  1.,  1.]), lineWidth=1, name='polygon', opacity=1.0, ori=array(0.0), pos=array([ 0.,  0.]), size=array([ 100.,  100.]), units='pix', vertices=ndarray(...), win=Window(...))
8.5675 	EXP 	Created polygon_2 = Polygon(autoDraw=False, autoLog=True, closeShape=True, contrast=1.0, depth=-3.0, fillColor=array([ 1.,  1.,  1.]), fillColorSpace='rgb', fillRGB=array([ 1.,  1.,  1.]), interpolate=True, lineColor=array([ 1.,  1.,  1.]), lineColorSpace='rgb', lineRGB=array([ 1.,  1.,  1.]), lineWidth=1, name='polygon_2', opacity=1.0, ori=array(0.0), pos=array([ 0.,  0.]), size=array([ 100.,  100.]), units='pix', vertices=ndarray(...), win=Window(...))
8.5747 	EXP 	Created polygon_3 = Polygon(autoDraw=False, autoLog=True, closeShape=True, contrast=1.0, depth=-4.0, fillColor=array([ 1.,  1.,  1.]), fillColorSpace='rgb', fillRGB=array([ 1.,  1.,  1.]), interpolate=True, lineColor=array([ 1.,  1.,  1.]), lineColorSpace='rgb', lineRGB=array([ 1.,  1.,  1.]), lineWidth=1, name='polygon_3', opacity=1.0, ori=array(0.0), pos=array([ 0.,  0.]), size=array([ 100.,  100.]), units='pix', vertices=ndarray(...), win=Window(...))
8.5816 	EXP 	Created polygon_4 = Polygon(autoDraw=False, autoLog=True, closeShape=True, contrast=1.0, depth=-5.0, fillColor=array([ 1.,  1.,  1.]), fillColorSpace='rgb', fillRGB=array([ 1.,  1.,  1.]), interpolate=True, lineColor=array([ 1.,  1.,  1.]), lineColorSpace='rgb', lineRGB=array([ 1.,  1.,  1.]), lineWidth=1, name='polygon_4', opacity=1.0, ori=array(0.0), pos=array([ 0.,  0.]), size=array([ 100.,  100.]), units='pix', vertices=ndarray(...), win=Window(...))
8.5904 	EXP 	Created polygon_5 = Polygon(autoDraw=False, autoLog=True, closeShape=True, contrast=1.0, depth=-6.0, fillColor=array([ 1.,  1.,  1.]), fillColorSpace='rgb', fillRGB=array([ 1.,  1.,  1.]), interpolate=True, lineColor=array([ 1.,  1.,  1.]), lineColorSpace='rgb', lineRGB=array([ 1.,  1.,  1.]), lineWidth=1, name='polygon_5', opacity=1.0, ori=array(0.0), pos=array([ 0.,  0.]), size=array([ 100.,  100.]), units='pix', vertices=ndarray(...), win=Window(...))
8.5975 	EXP 	Created choice = TextStim(alignHoriz='center', alignVert='center', antialias=True, autoLog=True, bold=False, color=u'white', colorSpace='named', contrast=1.0, depth=-7.0, flipHoriz=False, flipVert=False, font=u'Arial', fontFiles=[], height=50, italic=False, name='choice', opacity=1.0, ori=0, pos=array([   0., -300.]), rgb=array([ 255.,  255.,  255.]), text=u'default text', units='pix', win=Window(...), wrapWidth=500)
8.6116 	EXP 	Created ro = ImageStim(autoLog=True, color=array([ 1.,  1.,  1.]), colorSpace='rgb', contrast=1.0, depth=-9.0, flipHoriz=False, flipVert=False, image=u'robot1.png', interpolate=True, mask=None, maskParams=None, name='ro', opacity=1.0, ori=0.0, pos=array([ 0.,  0.]), size=array([ 100.,  100.]), texRes=128, units='pix', win=Window(...))
8.6258 	EXP 	Created rq = ImageStim(autoLog=True, color=array([ 1.,  1.,  1.]), colorSpace='rgb', contrast=1.0, depth=-10.0, flipHoriz=False, flipVert=False, image=u'robot1.png', interpolate=True, mask=None, maskParams=None, name='rq', opacity=1.0, ori=0.0, pos=array([ 0.,  0.]), size=array([ 100.,  100.]), texRes=128, units='pix', win=Window(...))
8.6382 	EXP 	Created text = TextStim(alignHoriz='center', alignVert='center', antialias=True, autoLog=True, bold=False, color=u'white', colorSpace='named', contrast=1.0, depth=-2.0, flipHoriz=False, flipVert=False, font=u'Arial', fontFiles=[], height=100, italic=False, name='text', opacity=1.0, ori=0, pos=array([ 0.,  0.]), rgb=array([ 255.,  255.,  255.]), text=u'default text', units='pix', win=Window(...), wrapWidth=500)
8.6495 	EXP 	Created thankyou = TextStim(alignHoriz='center', alignVert='center', antialias=True, autoLog=True, bold=False, color='white', colorSpace='named', contrast=1.0, depth=0.0, flipHoriz=False, flipVert=False, font='Arial', fontFiles=[], height=50, italic=False, name='thankyou', opacity=1.0, ori=0, pos=array([ 0.,  0.]), rgb=array([ 255.,  255.,  255.]), text=u'Thank you for your participation.\n', units='pix', win=Window(...), wrapWidth=500)
8.6789 	EXP 	instruct: pos = array([   0.,  150.])
8.6789 	EXP 	na: pos = array([-110., -100.])
8.6789 	EXP 	na: size = array([ 100.,  100.])
8.6789 	EXP 	nb: pos = array([   0., -100.])
8.6789 	EXP 	nb: size = array([ 100.,  100.])
8.6789 	EXP 	nc: pos = array([ 110., -100.])
8.6789 	EXP 	nc: size = array([ 100.,  100.])
8.6789 	EXP 	welcome: autoDraw = True
11.6628 	EXP 	welcome: autoDraw = False
11.6793 	EXP 	instruct: autoDraw = True
14.6798 	EXP 	rob0: autoDraw = True
14.6798 	EXP 	robb: autoDraw = True
15.1796 	EXP 	na: autoDraw = True
15.6797 	EXP 	nb: autoDraw = True
16.1798 	EXP 	nc: autoDraw = True
17.1799 	EXP 	s1: autoDraw = True
18.1801 	EXP 	s2: autoDraw = True
19.1800 	EXP 	s3: autoDraw = True
22.6640 	EXP 	na: autoDraw = False
22.6640 	EXP 	nb: autoDraw = False
22.6640 	EXP 	nc: autoDraw = False
22.6640 	EXP 	s1: autoDraw = False
22.6640 	EXP 	s2: autoDraw = False
22.6640 	EXP 	s3: autoDraw = False
22.6805 	EXP 	heart: autoDraw = True
26.6811 	EXP 	instruct: autoDraw = False
26.6811 	EXP 	rob0: autoDraw = False
26.6811 	EXP 	robb: autoDraw = False
26.6811 	EXP 	heart: autoDraw = False
26.6811 	EXP 	welcome: autoDraw = False
26.6811 	EXP 	instruct: autoDraw = False
26.6811 	EXP 	rob0: autoDraw = False
26.6811 	EXP 	robb: autoDraw = False
26.6811 	EXP 	na: autoDraw = False
26.6811 	EXP 	nb: autoDraw = False
26.6811 	EXP 	nc: autoDraw = False
26.6811 	EXP 	s1: autoDraw = False
26.6811 	EXP 	s2: autoDraw = False
26.6811 	EXP 	s3: autoDraw = False
26.6811 	EXP 	heart: autoDraw = False
26.6811 	EXP 	text_2: pos = array([-300.,  300.])
26.6811 	EXP 	nod1: fillColor = 'red (named)'
26.6811 	EXP 	nod1: pos = array([ 20.,   0.])
26.6811 	EXP 	nod2: fillColor = 'yellow (named)'
26.6811 	EXP 	nod2: pos = array([  20.,  115.])
26.6811 	EXP 	nod2: lineColor = 'yellow (named)'
26.6811 	EXP 	nod3: fillColor = 'blue (named)'
26.6811 	EXP 	nod3: lineColor = 'blue (named)'
26.6811 	EXP 	nod4: fillColor = 'blue (named)'
26.6811 	EXP 	nod4: lineColor = 'blue (named)'
26.6811 	EXP 	rob1: ori = 0.0
26.6811 	EXP 	rob2: image = 'robot1.png'
26.6811 	EXP 	sh1: size = array([  40.,  110.])
26.6811 	EXP 	text_2: autoDraw = True
26.6811 	EXP 	nod1: autoDraw = True
26.6811 	EXP 	nod2: autoDraw = True
26.6811 	EXP 	nod3: autoDraw = True
26.6811 	EXP 	nod4: autoDraw = True
26.6811 	EXP 	rob1: autoDraw = True
26.6811 	EXP 	rob2: autoDraw = True
28.3056 	DATA 	Keypress: a
28.6811 	EXP 	sh1: autoDraw = True
29.1813 	EXP 	sh2a: autoDraw = True
29.1813 	EXP 	sh2b: autoDraw = True
29.6813 	EXP 	sh3: autoDraw = True
30.1813 	EXP 	sh4: autoDraw = True
39.9712 	DATA 	Keypress: space
39.9990 	EXP 	text_2: autoDraw = False
39.9990 	EXP 	nod1: autoDraw = False
39.9990 	EXP 	nod2: autoDraw = False
39.9990 	EXP 	nod3: autoDraw = False
39.9990 	EXP 	nod4: autoDraw = False
39.9990 	EXP 	rob1: autoDraw = False
39.9990 	EXP 	rob2: autoDraw = False
39.9990 	EXP 	sh1: autoDraw = False
39.9990 	EXP 	sh2a: autoDraw = False
39.9990 	EXP 	sh2b: autoDraw = False
39.9990 	EXP 	sh3: autoDraw = False
39.9990 	EXP 	sh4: autoDraw = False
39.9990 	EXP 	star: autoDraw = True
41.1683 	DATA 	Keypress: space
41.1806 	EXP 	Imported designs.xlsx as conditions, 4 conditions, 16 params
41.1810 	EXP 	Created sequence: sequential, trialTypes=4, nReps=1, seed=None
41.1818 	EXP 	New trial (rep=0, index=0): {u'n2col': u'blue', u'n4col': u'red', u'n3col': u'green', u'r4': u'd', u'n1col': u'blue', u'r1': u'a', u'r2': u'b', u'rs': u'LOC21', u'r3': u'c', u're': u'LOC9', u'n5col': u'red', u'n1': u'LOC22', u'n2': u'LOC23', u'n3': u'LOC24', u'n4': u'LOC19', u'n5': u'LOC14'}
41.1992 	EXP 	star: autoDraw = False
41.1992 	EXP 	robotS: pos = array([  20., -230.])
41.1992 	EXP 	node1: fillColor = u'blue (named)'
41.1992 	EXP 	node1: pos = array([ 135., -230.])
41.1992 	EXP 	node2: fillColor = u'blue (named)'
41.1992 	EXP 	node2: pos = array([ 250., -230.])
41.1992 	EXP 	node3: fillColor = u'green (named)'
41.1992 	EXP 	node3: pos = array([ 365., -230.])
41.1992 	EXP 	node4: fillColor = u'red (named)'
41.1992 	EXP 	node4: pos = array([ 365., -115.])
41.1992 	EXP 	node5: fillColor = u'red (named)'
41.1992 	EXP 	node5: pos = array([ 365.,    0.])
41.1992 	EXP 	robotF: pos = array([ 365.,  115.])
41.1992 	EXP 	whitebackground: autoDraw = True
41.1992 	EXP 	robotS: autoDraw = True
41.1992 	EXP 	node1: autoDraw = True
41.1992 	EXP 	node2: autoDraw = True
41.1992 	EXP 	node3: autoDraw = True
41.1992 	EXP 	node4: autoDraw = True
41.1992 	EXP 	node5: autoDraw = True
41.1992 	EXP 	robotF: autoDraw = True
41.1992 	EXP 	select1: autoDraw = True
41.1992 	EXP 	select2: autoDraw = True
41.1992 	EXP 	select3: autoDraw = True
41.1992 	EXP 	select4: autoDraw = True
41.1992 	EXP 	selection: autoDraw = True
41.1992 	EXP 	sel: autoDraw = True
42.3030 	DATA 	Keypress: a
42.4686 	DATA 	Keypress: a
42.6356 	DATA 	Keypress: a
42.9195 	DATA 	Keypress: a
42.9217 	EXP 	New trial (rep=0, index=1): {u'n2col': u'yellow', u'n4col': u'green', u'n3col': u'blue', u'r4': u'd', u'n1col': u'red', u'r1': u'a', u'r2': u'b', u'rs': u'LOC21', u'r3': u'c', u're': u'LOC3', u'n5col': u'red', u'n1': u'LOC16', u'n2': u'LOC11', u'n3': u'LOC12', u'n4': u'LOC13', u'n5': u'LOC8'}
42.9493 	EXP 	whitebackground: autoDraw = False
42.9493 	EXP 	robotS: autoDraw = False
42.9493 	EXP 	node1: autoDraw = False
42.9493 	EXP 	node2: autoDraw = False
42.9493 	EXP 	node3: autoDraw = False
42.9493 	EXP 	node4: autoDraw = False
42.9493 	EXP 	node5: autoDraw = False
42.9493 	EXP 	robotF: autoDraw = False
42.9493 	EXP 	select1: autoDraw = False
42.9493 	EXP 	select2: autoDraw = False
42.9493 	EXP 	select3: autoDraw = False
42.9493 	EXP 	select4: autoDraw = False
42.9493 	EXP 	selection: autoDraw = False
42.9493 	EXP 	sel: autoDraw = False
42.9493 	EXP 	robotS: pos = array([  20., -230.])
42.9493 	EXP 	node1: fillColor = u'red (named)'
42.9493 	EXP 	node1: pos = array([  20., -115.])
42.9493 	EXP 	node2: fillColor = u'yellow (named)'
42.9493 	EXP 	node2: pos = array([ 20.,   0.])
42.9493 	EXP 	node3: fillColor = u'blue (named)'
42.9493 	EXP 	node3: pos = array([ 135.,    0.])
42.9493 	EXP 	node4: fillColor = u'green (named)'
42.9493 	EXP 	node4: pos = array([ 250.,    0.])
42.9493 	EXP 	node5: fillColor = u'red (named)'
42.9493 	EXP 	node5: pos = array([ 250.,  115.])
42.9493 	EXP 	robotF: pos = array([ 250.,  230.])
42.9493 	EXP 	whitebackground: autoDraw = True
42.9493 	EXP 	robotS: autoDraw = True
42.9493 	EXP 	node1: autoDraw = True
42.9493 	EXP 	node2: autoDraw = True
42.9493 	EXP 	node3: autoDraw = True
42.9493 	EXP 	node4: autoDraw = True
42.9493 	EXP 	node5: autoDraw = True
42.9493 	EXP 	robotF: autoDraw = True
42.9493 	EXP 	select1: autoDraw = True
42.9493 	EXP 	select2: autoDraw = True
42.9493 	EXP 	select3: autoDraw = True
42.9493 	EXP 	select4: autoDraw = True
42.9493 	EXP 	selection: autoDraw = True
42.9493 	EXP 	sel: autoDraw = True
43.1358 	DATA 	Keypress: a
43.2860 	DATA 	Keypress: a
43.5524 	DATA 	Keypress: a
43.8692 	DATA 	Keypress: a
43.8709 	EXP 	New trial (rep=0, index=2): {u'n2col': u'red', u'n4col': u'blue', u'n3col': u'yellow', u'r4': u'd', u'n1col': u'red', u'r1': u'a', u'r2': u'b', u'rs': u'LOC22', u'r3': u'c', u're': u'LOC10', u'n5col': u'blue', u'n1': u'LOC17', u'n2': u'LOC12', u'n3': u'LOC7', u'n4': u'LOC8', u'n5': u'LOC9'}
43.8829 	EXP 	whitebackground: autoDraw = False
43.8829 	EXP 	robotS: autoDraw = False
43.8829 	EXP 	node1: autoDraw = False
43.8829 	EXP 	node2: autoDraw = False
43.8829 	EXP 	node3: autoDraw = False
43.8829 	EXP 	node4: autoDraw = False
43.8829 	EXP 	node5: autoDraw = False
43.8829 	EXP 	robotF: autoDraw = False
43.8829 	EXP 	select1: autoDraw = False
43.8829 	EXP 	select2: autoDraw = False
43.8829 	EXP 	select3: autoDraw = False
43.8829 	EXP 	select4: autoDraw = False
43.8829 	EXP 	selection: autoDraw = False
43.8829 	EXP 	sel: autoDraw = False
43.8829 	EXP 	robotS: pos = array([ 135., -230.])
43.8829 	EXP 	node1: fillColor = u'red (named)'
43.8829 	EXP 	node1: pos = array([ 135., -115.])
43.8829 	EXP 	node2: fillColor = u'red (named)'
43.8829 	EXP 	node2: pos = array([ 135.,    0.])
43.8829 	EXP 	node3: fillColor = u'yellow (named)'
43.8829 	EXP 	node3: pos = array([ 135.,  115.])
43.8829 	EXP 	node4: fillColor = u'blue (named)'
43.8829 	EXP 	node4: pos = array([ 250.,  115.])
43.8829 	EXP 	node5: fillColor = u'blue (named)'
43.8829 	EXP 	node5: pos = array([ 365.,  115.])
43.8829 	EXP 	robotF: pos = array([ 480.,  115.])
43.8829 	EXP 	whitebackground: autoDraw = True
43.8829 	EXP 	robotS: autoDraw = True
43.8829 	EXP 	node1: autoDraw = True
43.8829 	EXP 	node2: autoDraw = True
43.8829 	EXP 	node3: autoDraw = True
43.8829 	EXP 	node4: autoDraw = True
43.8829 	EXP 	node5: autoDraw = True
43.8829 	EXP 	robotF: autoDraw = True
43.8829 	EXP 	select1: autoDraw = True
43.8829 	EXP 	select2: autoDraw = True
43.8829 	EXP 	select3: autoDraw = True
43.8829 	EXP 	select4: autoDraw = True
43.8829 	EXP 	selection: autoDraw = True
43.8829 	EXP 	sel: autoDraw = True
44.1521 	DATA 	Keypress: a
44.4226 	DATA 	Keypress: a
44.7196 	DATA 	Keypress: a
45.0385 	DATA 	Keypress: a
45.0520 	EXP 	New trial (rep=0, index=3): {u'n2col': u'yellow', u'n4col': u'yellow', u'n3col': u'green', u'r4': u'd', u'n1col': u'green', u'r1': u'a', u'r2': u'b', u'rs': u'LOC16', u'r3': u'c', u're': u'LOC10', u'n5col': u'blue', u'n1': u'LOC17', u'n2': u'LOC12', u'n3': u'LOC13', u'n4': u'LOC8', u'n5': u'LOC9'}
45.0665 	EXP 	whitebackground: autoDraw = False
45.0665 	EXP 	robotS: autoDraw = False
45.0665 	EXP 	node1: autoDraw = False
45.0665 	EXP 	node2: autoDraw = False
45.0665 	EXP 	node3: autoDraw = False
45.0665 	EXP 	node4: autoDraw = False
45.0665 	EXP 	node5: autoDraw = False
45.0665 	EXP 	robotF: autoDraw = False
45.0665 	EXP 	select1: autoDraw = False
45.0665 	EXP 	select2: autoDraw = False
45.0665 	EXP 	select3: autoDraw = False
45.0665 	EXP 	select4: autoDraw = False
45.0665 	EXP 	selection: autoDraw = False
45.0665 	EXP 	sel: autoDraw = False
45.0665 	EXP 	robotS: pos = array([  20., -115.])
45.0665 	EXP 	node1: fillColor = u'green (named)'
45.0665 	EXP 	node1: pos = array([ 135., -115.])
45.0665 	EXP 	node2: fillColor = u'yellow (named)'
45.0665 	EXP 	node2: pos = array([ 135.,    0.])
45.0665 	EXP 	node3: fillColor = u'green (named)'
45.0665 	EXP 	node3: pos = array([ 250.,    0.])
45.0665 	EXP 	node4: fillColor = u'yellow (named)'
45.0665 	EXP 	node4: pos = array([ 250.,  115.])
45.0665 	EXP 	node5: fillColor = u'blue (named)'
45.0665 	EXP 	node5: pos = array([ 365.,  115.])
45.0665 	EXP 	robotF: pos = array([ 480.,  115.])
45.0665 	EXP 	whitebackground: autoDraw = True
45.0665 	EXP 	robotS: autoDraw = True
45.0665 	EXP 	node1: autoDraw = True
45.0665 	EXP 	node2: autoDraw = True
45.0665 	EXP 	node3: autoDraw = True
45.0665 	EXP 	node4: autoDraw = True
45.0665 	EXP 	node5: autoDraw = True
45.0665 	EXP 	robotF: autoDraw = True
45.0665 	EXP 	select1: autoDraw = True
45.0665 	EXP 	select2: autoDraw = True
45.0665 	EXP 	select3: autoDraw = True
45.0665 	EXP 	select4: autoDraw = True
45.0665 	EXP 	selection: autoDraw = True
45.0665 	EXP 	sel: autoDraw = True
45.3696 	DATA 	Keypress: a
45.6865 	DATA 	Keypress: a
46.0692 	DATA 	Keypress: a
46.6855 	DATA 	Keypress: a
46.6951 	EXP 	Imported designs1.xlsx as conditions, 2 conditions, 13 params
46.6956 	EXP 	Created sequence: random, trialTypes=2, nReps=5, seed=None
46.6963 	EXP 	New trial (rep=0, index=0): {u'n1col': u'blue', u'n2col': u'yellow', u'n4col': u'yellow', u'rs': u'LOC16', u'n3col': u'red', u're': u'LOC10', u'corrAns': u'n', u'n5col': u'blue', u'n1': u'LOC17', u'n2': u'LOC12', u'n3': u'LOC13', u'n4': u'LOC8', u'n5': u'LOC9'}
46.7332 	EXP 	whitebackground: autoDraw = False
46.7332 	EXP 	robotS: autoDraw = False
46.7332 	EXP 	node1: autoDraw = False
46.7332 	EXP 	node2: autoDraw = False
46.7332 	EXP 	node3: autoDraw = False
46.7332 	EXP 	node4: autoDraw = False
46.7332 	EXP 	node5: autoDraw = False
46.7332 	EXP 	robotF: autoDraw = False
46.7332 	EXP 	select1: autoDraw = False
46.7332 	EXP 	select2: autoDraw = False
46.7332 	EXP 	select3: autoDraw = False
46.7332 	EXP 	select4: autoDraw = False
46.7332 	EXP 	selection: autoDraw = False
46.7332 	EXP 	sel: autoDraw = False
46.7332 	EXP 	polygon: fillColor = u'blue (named)'
46.7332 	EXP 	polygon: pos = array([ 135., -115.])
46.7332 	EXP 	polygon_2: fillColor = u'yellow (named)'
46.7332 	EXP 	polygon_2: pos = array([ 135.,    0.])
46.7332 	EXP 	polygon_3: fillColor = u'red (named)'
46.7332 	EXP 	polygon_3: pos = array([ 250.,    0.])
46.7332 	EXP 	polygon_4: fillColor = u'yellow (named)'
46.7332 	EXP 	polygon_4: pos = array([ 250.,  115.])
46.7332 	EXP 	polygon_5: fillColor = u'blue (named)'
46.7332 	EXP 	polygon_5: pos = array([ 365.,  115.])
46.7332 	EXP 	choice: text = u"Press 'y' for Yes  \nPress 'n' for No"
46.7332 	EXP 	ro: color = '[ 1.  1.  1.] (rgb)'
46.7332 	EXP 	ro: pos = array([  20., -115.])
46.7332 	EXP 	rq: color = '[ 1.  1.  1.] (rgb)'
46.7332 	EXP 	rq: pos = array([ 480.,  115.])
46.7332 	EXP 	Evaluation: autoDraw = True
46.7332 	EXP 	polygon: autoDraw = True
46.7332 	EXP 	polygon_2: autoDraw = True
46.7332 	EXP 	polygon_3: autoDraw = True
46.7332 	EXP 	polygon_4: autoDraw = True
46.7332 	EXP 	polygon_5: autoDraw = True
46.7332 	EXP 	choice: autoDraw = True
46.7332 	EXP 	ro: autoDraw = True
46.7332 	EXP 	rq: autoDraw = True
48.6555 	DATA 	Keypress: y
48.7003 	EXP 	Evaluation: autoDraw = False
48.7003 	EXP 	polygon: autoDraw = False
48.7003 	EXP 	polygon_2: autoDraw = False
48.7003 	EXP 	polygon_3: autoDraw = False
48.7003 	EXP 	polygon_4: autoDraw = False
48.7003 	EXP 	polygon_5: autoDraw = False
48.7003 	EXP 	choice: autoDraw = False
48.7003 	EXP 	ro: autoDraw = False
48.7003 	EXP 	rq: autoDraw = False
48.7003 	EXP 	text: text = 'anything'
51.7005 	EXP 	text: autoDraw = True
59.0712 	DATA 	Keypress: y
59.0728 	EXP 	New trial (rep=0, index=1): {u'n1col': u'green', u'n2col': u'yellow', u'n4col': u'yellow', u'rs': u'LOC16', u'n3col': u'green', u're': u'LOC10', u'corrAns': u'y', u'n5col': u'blue', u'n1': u'LOC17', u'n2': u'LOC12', u'n3': u'LOC13', u'n4': u'LOC8', u'n5': u'LOC9'}
59.0846 	EXP 	text: autoDraw = False
59.0846 	EXP 	polygon: fillColor = u'green (named)'
59.0846 	EXP 	polygon: pos = array([ 135., -115.])
59.0846 	EXP 	polygon_2: fillColor = u'yellow (named)'
59.0846 	EXP 	polygon_2: pos = array([ 135.,    0.])
59.0846 	EXP 	polygon_3: fillColor = u'green (named)'
59.0846 	EXP 	polygon_3: pos = array([ 250.,    0.])
59.0846 	EXP 	polygon_4: fillColor = u'yellow (named)'
59.0846 	EXP 	polygon_4: pos = array([ 250.,  115.])
59.0846 	EXP 	polygon_5: fillColor = u'blue (named)'
59.0846 	EXP 	polygon_5: pos = array([ 365.,  115.])
59.0846 	EXP 	choice: text = u"Press 'y' for Yes  \nPress 'n' for No"
59.0846 	EXP 	ro: color = '[ 1.  1.  1.] (rgb)'
59.0846 	EXP 	ro: pos = array([  20., -115.])
59.0846 	EXP 	rq: color = '[ 1.  1.  1.] (rgb)'
59.0846 	EXP 	rq: pos = array([ 480.,  115.])
59.0846 	EXP 	Evaluation: autoDraw = True
59.0846 	EXP 	polygon: autoDraw = True
59.0846 	EXP 	polygon_2: autoDraw = True
59.0846 	EXP 	polygon_3: autoDraw = True
59.0846 	EXP 	polygon_4: autoDraw = True
59.0846 	EXP 	polygon_5: autoDraw = True
59.0846 	EXP 	choice: autoDraw = True
59.0846 	EXP 	ro: autoDraw = True
59.0846 	EXP 	rq: autoDraw = True
61.2546 	DATA 	Keypress: n
61.2681 	EXP 	Evaluation: autoDraw = False
61.2681 	EXP 	polygon: autoDraw = False
61.2681 	EXP 	polygon_2: autoDraw = False
61.2681 	EXP 	polygon_3: autoDraw = False
61.2681 	EXP 	polygon_4: autoDraw = False
61.2681 	EXP 	polygon_5: autoDraw = False
61.2681 	EXP 	choice: autoDraw = False
61.2681 	EXP 	ro: autoDraw = False
61.2681 	EXP 	rq: autoDraw = False
61.2681 	EXP 	text: text = 'anything'
64.2851 	EXP 	text: autoDraw = True
67.8227 	DATA 	Keypress: escape
