5.5470 	EXP 	Created window1 = Window(allowGUI=False, allowStencil=False, autoLog=True, bitsMode=UNKNOWN, blendMode='avg', color='black', colorSpace='named', fullscr=UNKNOWN, gamma=None, lms=UNKNOWN, monitor=<psychopy.monitors.calibTools.Monitor object at 0x1129db990>, name='window1', pos=[0, 0], screen=0, size=array([1440,  900]), stereo=False, units='pix', useFBO=True, useRetina=False, viewOri=0.0, viewPos=None, viewScale=None, waitBlanking=True, winType='pyglet')
5.5470 	EXP 	window1: recordFrameIntervals = False
5.7124 	EXP 	window1: recordFrameIntervals = True
5.8962 	EXP 	window1: recordFrameIntervals = False
6.0252 	EXP 	Created welcome = TextStim(alignHoriz='center', alignVert='center', antialias=True, autoLog=True, bold=False, color='white', colorSpace='named', contrast=1.0, depth=0.0, flipHoriz=False, flipVert=False, font='Arial', fontFiles=[], height=100, italic=False, name='welcome', opacity=1.0, ori=0, pos=array([ 0.,  0.]), rgb=array([ 255.,  255.,  255.]), text=u'Welcome!', units='pix', win=Window(...), wrapWidth=500)
6.0581 	EXP 	Created text = TextStim(alignHoriz='center', alignVert='center', antialias=True, autoLog=True, bold=False, color=u'white', colorSpace='named', contrast=1.0, depth=0.0, flipHoriz=False, flipVert=False, font=u'Arial', fontFiles=[], height=50, italic=False, name='text', opacity=1.0, ori=0, pos=array([ 0.,  0.]), rgb=array([ 255.,  255.,  255.]), text=unicode(...), units='pix', win=Window(...), wrapWidth=500)
6.0704 	EXP 	Created nod1 = Polygon(autoDraw=False, autoLog=True, closeShape=True, contrast=1.0, depth=-1.0, fillColor=array([ 1.,  1.,  1.]), fillColorSpace='rgb', fillRGB=array([ 1.,  1.,  1.]), interpolate=True, lineColor=u'blue', lineColorSpace='named', lineRGB=array([   0.,    0.,  255.]), lineWidth=1, name='nod1', opacity=1.0, ori=array(0.0), pos=array([ 0.,  0.]), size=array([ 100.,  100.]), units='pix', vertices=ndarray(...), win=Window(...))
6.0766 	EXP 	Created nod2 = Polygon(autoDraw=False, autoLog=True, closeShape=True, contrast=1.0, depth=-2.0, fillColor=array([ 1.,  1.,  1.]), fillColorSpace='rgb', fillRGB=array([ 1.,  1.,  1.]), interpolate=True, lineColor=array([ 1.,  1.,  1.]), lineColorSpace='rgb', lineRGB=array([ 1.,  1.,  1.]), lineWidth=1, name='nod2', opacity=1.0, ori=array(0.0), pos=array([ 0.,  0.]), size=array([ 100.,  100.]), units='pix', vertices=ndarray(...), win=Window(...))
6.0831 	EXP 	Created nod3 = Polygon(autoDraw=False, autoLog=True, closeShape=True, contrast=1.0, depth=-3.0, fillColor=array([ 1.,  1.,  1.]), fillColorSpace='rgb', fillRGB=array([ 1.,  1.,  1.]), interpolate=True, lineColor=array([ 1.,  1.,  1.]), lineColorSpace='rgb', lineRGB=array([ 1.,  1.,  1.]), lineWidth=1, name='nod3', opacity=1.0, ori=array(0.0), pos=array([ 480.,  115.]), size=array([ 100.,  100.]), units='pix', vertices=ndarray(...), win=Window(...))
6.0892 	EXP 	Created nod4 = Polygon(autoDraw=False, autoLog=True, closeShape=True, contrast=1.0, depth=-4.0, fillColor=array([ 1.,  1.,  1.]), fillColorSpace='rgb', fillRGB=array([ 1.,  1.,  1.]), interpolate=True, lineColor=array([ 1.,  1.,  1.]), lineColorSpace='rgb', lineRGB=array([ 1.,  1.,  1.]), lineWidth=1, name='nod4', opacity=1.0, ori=array(0.0), pos=array([ 480.,  115.]), size=array([ 1.,  1.]), units='pix', vertices=ndarray(...), win=Window(...))
6.1523 	EXP 	Created robE = ImageStim(autoLog=True, color=array([ 1.,  1.,  1.]), colorSpace='rgb', contrast=1.0, depth=-5.0, flipHoriz=False, flipVert=False, image=u'robot1.png', interpolate=True, mask=None, maskParams=None, name='robE', opacity=1.0, ori=1.0, pos=array([ 135., -115.]), size=array([ 100.,  100.]), texRes=128, units='pix', win=Window(...))
6.1647 	EXP 	Created robS = ImageStim(autoLog=True, color=array([ 1.,  1.,  1.]), colorSpace='rgb', contrast=1.0, depth=-6.0, flipHoriz=False, flipVert=False, image=u'robot1.png', interpolate=True, mask=None, maskParams=None, name='robS', opacity=1.0, ori=0.0, pos=array([ 365.,  115.]), size=array([ 100.,  100.]), texRes=128, units='pix', win=Window(...))
6.1789 	EXP 	Created text_2 = TextStim(alignHoriz='center', alignVert='center', antialias=True, autoLog=True, bold=False, color=array([ 1.,  1.,  1.]), colorSpace='rgb', contrast=1.0, depth=-8.0, flipHoriz=False, flipVert=False, font=u'Arial', fontFiles=[], height=40, italic=False, name='text_2', opacity=1.0, ori=0, pos=array([-500.,  300.]), rgb=array([ 1.,  1.,  1.]), text=u'default text', units='pix', win=Window(...), wrapWidth=500)
6.1931 	EXP 	Created star = TextStim(alignHoriz='center', alignVert='center', antialias=True, autoLog=True, bold=False, color=u'white', colorSpace='named', contrast=1.0, depth=0.0, flipHoriz=False, flipVert=False, font=u'Arial', fontFiles=[], height=50, italic=False, name='star', opacity=1.0, ori=0, pos=array([ 0.,  0.]), rgb=array([ 255.,  255.,  255.]), text=unicode(...), units='pix', win=Window(...), wrapWidth=500)
6.1946 	EXP 	<method-wrapper '__getattribute__' of attributeSetter object at 0x10eea1f50>: vertices = array([[-400.,  450.],
       [ 400.,  450.],
       [ 400., -450.],
       [-400., -450.]])
6.1970 	EXP 	Created whitebackground = Rect(autoDraw=False, autoLog=True, closeShape=True, contrast=1.0, depth=-2.0, fillColor=array([ 1.,  1.,  1.]), fillColorSpace='rgb', fillRGB=array([ 1.,  1.,  1.]), interpolate=True, lineColor=array([ 1.,  1.,  1.]), lineColorSpace='rgb', lineRGB=array([ 1.,  1.,  1.]), lineWidth=0, name='whitebackground', opacity=1.0, ori=array(0.0), pos=array([-560.,    0.]), size=array([ 1.,  1.]), units='pix', vertices=ndarray(...), win=Window(...))
6.2091 	EXP 	Created robotS = ImageStim(autoLog=True, color=array([ 1.,  1.,  1.]), colorSpace='rgb', contrast=1.0, depth=-3.0, flipHoriz=False, flipVert=False, image='robot1.png', interpolate=True, mask=None, maskParams=None, name='robotS', opacity=1.0, ori=0.0, pos=array([ 0.,  0.]), size=array([ 100.,  100.]), texRes=128, units='pix', win=Window(...))
6.2155 	EXP 	Created node1 = Polygon(autoDraw=False, autoLog=True, closeShape=True, contrast=1.0, depth=-4.0, fillColor=array([ 1.,  1.,  1.]), fillColorSpace='rgb', fillRGB=array([ 1.,  1.,  1.]), interpolate=True, lineColor=array([ 1.,  1.,  1.]), lineColorSpace='rgb', lineRGB=array([ 1.,  1.,  1.]), lineWidth=0, name='node1', opacity=1.0, ori=array(0.0), pos=array([ 0.,  0.]), size=array([ 100.,  100.]), units='pix', vertices=ndarray(...), win=Window(...))
6.2218 	EXP 	Created node2 = Polygon(autoDraw=False, autoLog=True, closeShape=True, contrast=1.0, depth=-5.0, fillColor=array([ 1.,  1.,  1.]), fillColorSpace='rgb', fillRGB=array([ 1.,  1.,  1.]), interpolate=True, lineColor=array([ 1.,  1.,  1.]), lineColorSpace='rgb', lineRGB=array([ 1.,  1.,  1.]), lineWidth=0, name='node2', opacity=1.0, ori=array(0.0), pos=array([ 0.,  0.]), size=array([ 100.,  100.]), units='pix', vertices=ndarray(...), win=Window(...))
6.2281 	EXP 	Created node3 = Polygon(autoDraw=False, autoLog=True, closeShape=True, contrast=1.0, depth=-6.0, fillColor=array([ 1.,  1.,  1.]), fillColorSpace='rgb', fillRGB=array([ 1.,  1.,  1.]), interpolate=True, lineColor=array([ 1.,  1.,  1.]), lineColorSpace='rgb', lineRGB=array([ 1.,  1.,  1.]), lineWidth=0, name='node3', opacity=1.0, ori=array(0.0), pos=array([ 0.,  0.]), size=array([ 100.,  100.]), units='pix', vertices=ndarray(...), win=Window(...))
6.2382 	EXP 	Created node4 = Polygon(autoDraw=False, autoLog=True, closeShape=True, contrast=1.0, depth=-7.0, fillColor=array([ 1.,  1.,  1.]), fillColorSpace='rgb', fillRGB=array([ 1.,  1.,  1.]), interpolate=True, lineColor=array([ 1.,  1.,  1.]), lineColorSpace='rgb', lineRGB=array([ 1.,  1.,  1.]), lineWidth=0, name='node4', opacity=1.0, ori=array(0.0), pos=array([ 0.,  0.]), size=array([ 100.,  100.]), units='pix', vertices=ndarray(...), win=Window(...))
6.2455 	EXP 	Created node5 = Polygon(autoDraw=False, autoLog=True, closeShape=True, contrast=1.0, depth=-8.0, fillColor=array([ 1.,  1.,  1.]), fillColorSpace='rgb', fillRGB=array([ 1.,  1.,  1.]), interpolate=True, lineColor=array([ 1.,  1.,  1.]), lineColorSpace='rgb', lineRGB=array([ 1.,  1.,  1.]), lineWidth=0, name='node5', opacity=1.0, ori=array(0.0), pos=array([ 0.,  0.]), size=array([ 100.,  100.]), units='pix', vertices=ndarray(...), win=Window(...))
6.2582 	EXP 	Created robotF = ImageStim(autoLog=True, color=array([ 1.,  1.,  1.]), colorSpace='rgb', contrast=1.0, depth=-9.0, flipHoriz=False, flipVert=False, image='robot1.png', interpolate=True, mask=None, maskParams=None, name='robotF', opacity=1.0, ori=0.0, pos=array([ 0.,  0.]), size=array([ 100.,  100.]), texRes=128, units='pix', win=Window(...))
6.2648 	EXP 	Created select1 = Polygon(autoDraw=False, autoLog=True, closeShape=True, contrast=1.0, depth=-10.0, fillColor='red', fillColorSpace='named', fillRGB=array([ 255.,    0.,    0.]), interpolate=True, lineColor=array([ 1.,  1.,  1.]), lineColorSpace='rgb', lineRGB=array([ 1.,  1.,  1.]), lineWidth=0, name='select1', opacity=1.0, ori=array(0.0), pos=array([-630.,    0.]), size=array([ 100.,  100.]), units='pix', vertices=ndarray(...), win=Window(...))
6.2708 	EXP 	Created select2 = Polygon(autoDraw=False, autoLog=True, closeShape=True, contrast=1.0, depth=-11.0, fillColor='blue', fillColorSpace='named', fillRGB=array([   0.,    0.,  255.]), interpolate=True, lineColor=array([ 1.,  1.,  1.]), lineColorSpace='rgb', lineRGB=array([ 1.,  1.,  1.]), lineWidth=0, name='select2', opacity=1.0, ori=array(0.0), pos=array([-630., -120.]), size=array([ 100.,  100.]), units='pix', vertices=ndarray(...), win=Window(...))
6.2764 	EXP 	Created select3 = Polygon(autoDraw=False, autoLog=True, closeShape=True, contrast=1.0, depth=-12.0, fillColor='yellow', fillColorSpace='named', fillRGB=array([ 255.,  255.,    0.]), interpolate=True, lineColor=array([ 1.,  1.,  1.]), lineColorSpace='rgb', lineRGB=array([ 1.,  1.,  1.]), lineWidth=0, name='select3', opacity=1.0, ori=array(0.0), pos=array([-630., -240.]), size=array([ 100.,  100.]), units='pix', vertices=ndarray(...), win=Window(...))
6.2861 	EXP 	Created select4 = Polygon(autoDraw=False, autoLog=True, closeShape=True, contrast=1.0, depth=-13.0, fillColor='green', fillColorSpace='named', fillRGB=array([   0.,  128.,    0.]), interpolate=True, lineColor=array([ 1.,  1.,  1.]), lineColorSpace='rgb', lineRGB=array([ 1.,  1.,  1.]), lineWidth=0, name='select4', opacity=1.0, ori=array(0.0), pos=array([-630., -360.]), size=array([ 100.,  100.]), units='pix', vertices=ndarray(...), win=Window(...))
6.2975 	EXP 	Created selection = ImageStim(autoLog=True, color=array([ 1.,  1.,  1.]), colorSpace='rgb', contrast=1.0, depth=-14.0, flipHoriz=False, flipVert=False, image='lettera.png', interpolate=True, mask=None, maskParams=None, name='selection', opacity=1.0, ori=0.0, pos=array([ 0.,  0.]), size=array([ 400.,  200.]), texRes=128, units='pix', win=Window(...))
6.3236 	EXP 	Created master = ImageStim(autoLog=True, color=array([ 1.,  1.,  1.]), colorSpace='rgb', contrast=1.0, depth=-15.0, flipHoriz=False, flipVert=False, image='mastershapes.png', interpolate=True, mask=None, maskParams=None, name='master', opacity=1.0, ori=0.0, pos=array([-510.,   90.]), size=array([ 500.,  400.]), texRes=128, units='pix', win=Window(...))
6.3591 	EXP 	Created sel = TextStim(alignHoriz='center', alignVert='center', antialias=True, autoLog=True, bold=False, color='black', colorSpace='named', contrast=1.0, depth=-16.0, flipHoriz=False, flipVert=False, font='Arial', fontFiles=[], height=30, italic=False, name='sel', opacity=1.0, ori=0, pos=array([-450.,  300.]), rgb=array([ 0.,  0.,  0.]), text=unicode(...), units='pix', win=Window(...), wrapWidth=500)
6.3672 	EXP 	Created Evaluation = TextStim(alignHoriz='center', alignVert='center', antialias=True, autoLog=True, bold=False, color='white', colorSpace='named', contrast=1.0, depth=-1.0, flipHoriz=False, flipVert=False, font='Arial', fontFiles=[], height=30, italic=False, name='Evaluation', opacity=1.0, ori=0, pos=array([   0.,  300.]), rgb=array([ 255.,  255.,  255.]), text=u'Is this pathway correct? \n', units='pix', win=Window(...), wrapWidth=500)
6.3730 	EXP 	Created polygon = Polygon(autoDraw=False, autoLog=True, closeShape=True, contrast=1.0, depth=-2.0, fillColor=u'red', fillColorSpace='named', fillRGB=array([ 255.,    0.,    0.]), interpolate=True, lineColor=u'red', lineColorSpace='named', lineRGB=array([ 255.,    0.,    0.]), lineWidth=1, name='polygon', opacity=1.0, ori=array(0.0), pos=array([ 250.,    0.]), size=array([ 100.,  100.]), units='pix', vertices=ndarray(...), win=Window(...))
6.3782 	EXP 	Created polygon_2 = Polygon(autoDraw=False, autoLog=True, closeShape=True, contrast=1.0, depth=-3.0, fillColor='green', fillColorSpace='named', fillRGB=array([   0.,  128.,    0.]), interpolate=True, lineColor='green', lineColorSpace='named', lineRGB=array([   0.,  128.,    0.]), lineWidth=1, name='polygon_2', opacity=1.0, ori=array(0.0), pos=array([ 365., -115.]), size=array([ 100.,  100.]), units='pix', vertices=ndarray(...), win=Window(...))
6.3838 	EXP 	Created polygon_3 = Polygon(autoDraw=False, autoLog=True, closeShape=True, contrast=1.0, depth=-4.0, fillColor='blue', fillColorSpace='named', fillRGB=array([   0.,    0.,  255.]), interpolate=True, lineColor='blue', lineColorSpace='named', lineRGB=array([   0.,    0.,  255.]), lineWidth=1, name='polygon_3', opacity=1.0, ori=array(0.0), pos=array([ 135., -115.]), size=array([ 100.,  100.]), units='pix', vertices=ndarray(...), win=Window(...))
6.3891 	EXP 	Created polygon_4 = Polygon(autoDraw=False, autoLog=True, closeShape=True, contrast=1.0, depth=-5.0, fillColor='blue', fillColorSpace='named', fillRGB=array([   0.,    0.,  255.]), interpolate=True, lineColor='blue', lineColorSpace='named', lineRGB=array([   0.,    0.,  255.]), lineWidth=1, name='polygon_4', opacity=1.0, ori=array(0.0), pos=array([ 250., -115.]), size=array([ 100.,  100.]), units='pix', vertices=ndarray(...), win=Window(...))
6.4007 	EXP 	Created choice = TextStim(alignHoriz='center', alignVert='center', antialias=True, autoLog=True, bold=False, color='white', colorSpace='named', contrast=1.0, depth=-6.0, flipHoriz=False, flipVert=False, font='Arial', fontFiles=[], height=50, italic=False, name='choice', opacity=1.0, ori=0, pos=array([   0., -300.]), rgb=array([ 255.,  255.,  255.]), text=u"Press 'y' for Yes  \nPress 'n' for No", units='pix', win=Window(...), wrapWidth=500)
6.4132 	EXP 	Created thankyou = TextStim(alignHoriz='center', alignVert='center', antialias=True, autoLog=True, bold=False, color='white', colorSpace='named', contrast=1.0, depth=0.0, flipHoriz=False, flipVert=False, font='Arial', fontFiles=[], height=50, italic=False, name='thankyou', opacity=1.0, ori=0, pos=array([ 0.,  0.]), rgb=array([ 255.,  255.,  255.]), text=unicode(...), units='pix', win=Window(...), wrapWidth=500)
6.4290 	EXP 	welcome: autoDraw = True
8.4293 	EXP 	welcome: autoDraw = False
8.4293 	EXP 	welcome: autoDraw = False
8.4293 	EXP 	text: pos = array([ 0.,  0.])
8.4293 	EXP 	text: autoDraw = True
15.4473 	EXP 	text: autoDraw = False
15.4473 	EXP 	nod1: fillColor = u'blue (named)'
15.4473 	EXP 	nod1: pos = array([ 20.,   0.])
15.4473 	EXP 	nod2: fillColor = u'green (named)'
15.4473 	EXP 	nod2: pos = array([ 365.,    0.])
15.4473 	EXP 	nod2: lineColor = u'green (named)'
15.4473 	EXP 	nod3: fillColor = u'blue (named)'
15.4473 	EXP 	nod3: lineColor = u'blue (named)'
15.4473 	EXP 	nod4: fillColor = u'blue (named)'
15.4473 	EXP 	nod4: lineColor = u'blue (named)'
15.4473 	EXP 	nod4: size = array([ 100.,  100.])
15.4473 	EXP 	robE: ori = 0.0
15.4473 	EXP 	text_2: color = u'white (named)'
15.4473 	EXP 	text_2: text = u"Let's take an example..."
15.4473 	EXP 	nod1: autoDraw = True
15.4473 	EXP 	nod2: autoDraw = True
15.4473 	EXP 	nod3: autoDraw = True
15.4473 	EXP 	nod4: autoDraw = True
15.4473 	EXP 	robE: autoDraw = True
15.4473 	EXP 	robS: autoDraw = True
15.4473 	EXP 	text_2: autoDraw = True
16.4302 	EXP 	nod3: autoDraw = False
60.4952 	DATA 	Keypress: space
60.5018 	EXP 	nod1: autoDraw = False
60.5018 	EXP 	nod2: autoDraw = False
60.5018 	EXP 	nod3: autoDraw = False
60.5018 	EXP 	nod4: autoDraw = False
60.5018 	EXP 	robE: autoDraw = False
60.5018 	EXP 	robS: autoDraw = False
60.5018 	EXP 	text_2: autoDraw = False
60.5018 	EXP 	star: autoDraw = True
74.8588 	DATA 	Keypress: space
74.8931 	EXP 	Imported designs.xlsx as conditions, 4 conditions, 16 params
74.8935 	EXP 	Created sequence: sequential, trialTypes=4, nReps=1, seed=None
74.8943 	EXP 	New trial (rep=0, index=0): {u'n2col': u'blue', u'n4col': u'red', u'n3col': u'green', u'r4': u'd', u'n1col': u'blue', u'r1': u'a', u'r2': u'b', u'rs': u'LOC21', u'r3': u'c', u're': u'LOC9', u'n5col': u'red', u'n1': u'LOC22', u'n2': u'LOC23', u'n3': u'LOC24', u'n4': u'LOC19', u'n5': u'LOC14'}
74.9198 	EXP 	star: autoDraw = False
74.9198 	EXP 	robotS: pos = array([  20., -230.])
74.9198 	EXP 	node1: fillColor = u'blue (named)'
74.9198 	EXP 	node1: pos = array([ 135., -230.])
74.9198 	EXP 	node2: fillColor = u'blue (named)'
74.9198 	EXP 	node2: pos = array([ 250., -230.])
74.9198 	EXP 	node3: fillColor = u'green (named)'
74.9198 	EXP 	node3: pos = array([ 365., -230.])
74.9198 	EXP 	node4: fillColor = u'red (named)'
74.9198 	EXP 	node4: pos = array([ 365., -115.])
74.9198 	EXP 	node5: fillColor = u'red (named)'
74.9198 	EXP 	node5: pos = array([ 365.,    0.])
74.9198 	EXP 	robotF: pos = array([ 365.,  115.])
74.9198 	EXP 	whitebackground: autoDraw = True
74.9198 	EXP 	robotS: autoDraw = True
74.9198 	EXP 	node1: autoDraw = True
74.9198 	EXP 	node2: autoDraw = True
74.9198 	EXP 	node3: autoDraw = True
74.9198 	EXP 	node4: autoDraw = True
74.9198 	EXP 	node5: autoDraw = True
74.9198 	EXP 	robotF: autoDraw = True
74.9198 	EXP 	select1: autoDraw = True
74.9198 	EXP 	select2: autoDraw = True
74.9198 	EXP 	select3: autoDraw = True
74.9198 	EXP 	select4: autoDraw = True
74.9198 	EXP 	selection: autoDraw = True
74.9198 	EXP 	master: autoDraw = True
74.9198 	EXP 	sel: autoDraw = True
93.4253 	DATA 	Keypress: a
93.8417 	DATA 	Keypress: a
94.2423 	DATA 	Keypress: a
94.6420 	DATA 	Keypress: a
94.6454 	EXP 	New trial (rep=0, index=1): {u'n2col': u'yellow', u'n4col': u'green', u'n3col': u'blue', u'r4': u'd', u'n1col': u'red', u'r1': u'a', u'r2': u'b', u'rs': u'LOC21', u'r3': u'c', u're': u'LOC3', u'n5col': u'red', u'n1': u'LOC16', u'n2': u'LOC11', u'n3': u'LOC12', u'n4': u'LOC13', u'n5': u'LOC8'}
94.6719 	EXP 	whitebackground: autoDraw = False
94.6719 	EXP 	robotS: autoDraw = False
94.6719 	EXP 	node1: autoDraw = False
94.6719 	EXP 	node2: autoDraw = False
94.6719 	EXP 	node3: autoDraw = False
94.6719 	EXP 	node4: autoDraw = False
94.6719 	EXP 	node5: autoDraw = False
94.6719 	EXP 	robotF: autoDraw = False
94.6719 	EXP 	select1: autoDraw = False
94.6719 	EXP 	select2: autoDraw = False
94.6719 	EXP 	select3: autoDraw = False
94.6719 	EXP 	select4: autoDraw = False
94.6719 	EXP 	selection: autoDraw = False
94.6719 	EXP 	master: autoDraw = False
94.6719 	EXP 	sel: autoDraw = False
94.6719 	EXP 	robotS: pos = array([  20., -230.])
94.6719 	EXP 	node1: fillColor = u'red (named)'
94.6719 	EXP 	node1: pos = array([  20., -115.])
94.6719 	EXP 	node2: fillColor = u'yellow (named)'
94.6719 	EXP 	node2: pos = array([ 20.,   0.])
94.6719 	EXP 	node3: fillColor = u'blue (named)'
94.6719 	EXP 	node3: pos = array([ 135.,    0.])
94.6719 	EXP 	node4: fillColor = u'green (named)'
94.6719 	EXP 	node4: pos = array([ 250.,    0.])
94.6719 	EXP 	node5: fillColor = u'red (named)'
94.6719 	EXP 	node5: pos = array([ 250.,  115.])
94.6719 	EXP 	robotF: pos = array([ 250.,  230.])
94.6719 	EXP 	whitebackground: autoDraw = True
94.6719 	EXP 	robotS: autoDraw = True
94.6719 	EXP 	node1: autoDraw = True
94.6719 	EXP 	node2: autoDraw = True
94.6719 	EXP 	node3: autoDraw = True
94.6719 	EXP 	node4: autoDraw = True
94.6719 	EXP 	node5: autoDraw = True
94.6719 	EXP 	robotF: autoDraw = True
94.6719 	EXP 	select1: autoDraw = True
94.6719 	EXP 	select2: autoDraw = True
94.6719 	EXP 	select3: autoDraw = True
94.6719 	EXP 	select4: autoDraw = True
94.6719 	EXP 	selection: autoDraw = True
94.6719 	EXP 	master: autoDraw = True
94.6719 	EXP 	sel: autoDraw = True
96.6585 	DATA 	Keypress: a
97.0089 	DATA 	Keypress: a
97.6591 	DATA 	Keypress: a
98.3296 	DATA 	Keypress: a
98.3416 	EXP 	New trial (rep=0, index=2): {u'n2col': u'red', u'n4col': u'blue', u'n3col': u'yellow', u'r4': u'd', u'n1col': u'red', u'r1': u'a', u'r2': u'b', u'rs': u'LOC22', u'r3': u'c', u're': u'LOC10', u'n5col': u'blue', u'n1': u'LOC17', u'n2': u'LOC12', u'n3': u'LOC7', u'n4': u'LOC8', u'n5': u'LOC9'}
98.3723 	EXP 	whitebackground: autoDraw = False
98.3723 	EXP 	robotS: autoDraw = False
98.3723 	EXP 	node1: autoDraw = False
98.3723 	EXP 	node2: autoDraw = False
98.3723 	EXP 	node3: autoDraw = False
98.3723 	EXP 	node4: autoDraw = False
98.3723 	EXP 	node5: autoDraw = False
98.3723 	EXP 	robotF: autoDraw = False
98.3723 	EXP 	select1: autoDraw = False
98.3723 	EXP 	select2: autoDraw = False
98.3723 	EXP 	select3: autoDraw = False
98.3723 	EXP 	select4: autoDraw = False
98.3723 	EXP 	selection: autoDraw = False
98.3723 	EXP 	master: autoDraw = False
98.3723 	EXP 	sel: autoDraw = False
98.3723 	EXP 	robotS: pos = array([ 135., -230.])
98.3723 	EXP 	node1: fillColor = u'red (named)'
98.3723 	EXP 	node1: pos = array([ 135., -115.])
98.3723 	EXP 	node2: fillColor = u'red (named)'
98.3723 	EXP 	node2: pos = array([ 135.,    0.])
98.3723 	EXP 	node3: fillColor = u'yellow (named)'
98.3723 	EXP 	node3: pos = array([ 135.,  115.])
98.3723 	EXP 	node4: fillColor = u'blue (named)'
98.3723 	EXP 	node4: pos = array([ 250.,  115.])
98.3723 	EXP 	node5: fillColor = u'blue (named)'
98.3723 	EXP 	node5: pos = array([ 365.,  115.])
98.3723 	EXP 	robotF: pos = array([ 480.,  115.])
98.3723 	EXP 	whitebackground: autoDraw = True
98.3723 	EXP 	robotS: autoDraw = True
98.3723 	EXP 	node1: autoDraw = True
98.3723 	EXP 	node2: autoDraw = True
98.3723 	EXP 	node3: autoDraw = True
98.3723 	EXP 	node4: autoDraw = True
98.3723 	EXP 	node5: autoDraw = True
98.3723 	EXP 	robotF: autoDraw = True
98.3723 	EXP 	select1: autoDraw = True
98.3723 	EXP 	select2: autoDraw = True
98.3723 	EXP 	select3: autoDraw = True
98.3723 	EXP 	select4: autoDraw = True
98.3723 	EXP 	selection: autoDraw = True
98.3723 	EXP 	master: autoDraw = True
98.3723 	EXP 	sel: autoDraw = True
99.7432 	DATA 	Keypress: a
100.1601 	DATA 	Keypress: a
100.6262 	DATA 	Keypress: a
101.2764 	DATA 	Keypress: a
101.2793 	EXP 	New trial (rep=0, index=3): {u'n2col': u'yellow', u'n4col': u'yellow', u'n3col': u'green', u'r4': None, u'n1col': u'green', u'r1': None, u'r2': None, u'rs': u'LOC16', u'r3': None, u're': u'LOC10', u'n5col': u'blue', u'n1': u'LOC17', u'n2': u'LOC12', u'n3': u'LOC13', u'n4': u'LOC8', u'n5': u'LOC9'}
101.3062 	EXP 	whitebackground: autoDraw = False
101.3062 	EXP 	robotS: autoDraw = False
101.3062 	EXP 	node1: autoDraw = False
101.3062 	EXP 	node2: autoDraw = False
101.3062 	EXP 	node3: autoDraw = False
101.3062 	EXP 	node4: autoDraw = False
101.3062 	EXP 	node5: autoDraw = False
101.3062 	EXP 	robotF: autoDraw = False
101.3062 	EXP 	select1: autoDraw = False
101.3062 	EXP 	select2: autoDraw = False
101.3062 	EXP 	select3: autoDraw = False
101.3062 	EXP 	select4: autoDraw = False
101.3062 	EXP 	selection: autoDraw = False
101.3062 	EXP 	master: autoDraw = False
101.3062 	EXP 	sel: autoDraw = False
101.3062 	EXP 	robotS: pos = array([  20., -115.])
101.3062 	EXP 	node1: fillColor = u'green (named)'
101.3062 	EXP 	node1: pos = array([ 135., -115.])
101.3062 	EXP 	node2: fillColor = u'yellow (named)'
101.3062 	EXP 	node2: pos = array([ 135.,    0.])
101.3062 	EXP 	node3: fillColor = u'green (named)'
101.3062 	EXP 	node3: pos = array([ 250.,    0.])
101.3062 	EXP 	node4: fillColor = u'yellow (named)'
101.3062 	EXP 	node4: pos = array([ 250.,  115.])
101.3062 	EXP 	node5: fillColor = u'blue (named)'
101.3062 	EXP 	node5: pos = array([ 365.,  115.])
101.3062 	EXP 	robotF: pos = array([ 480.,  115.])
101.3062 	EXP 	whitebackground: autoDraw = True
101.3062 	EXP 	robotS: autoDraw = True
101.3062 	EXP 	node1: autoDraw = True
101.3062 	EXP 	node2: autoDraw = True
101.3062 	EXP 	node3: autoDraw = True
101.3062 	EXP 	node4: autoDraw = True
101.3062 	EXP 	node5: autoDraw = True
101.3062 	EXP 	robotF: autoDraw = True
101.3062 	EXP 	select1: autoDraw = True
101.3062 	EXP 	select2: autoDraw = True
101.3062 	EXP 	select3: autoDraw = True
101.3062 	EXP 	select4: autoDraw = True
101.3062 	EXP 	selection: autoDraw = True
101.3062 	EXP 	master: autoDraw = True
101.3062 	EXP 	sel: autoDraw = True
102.6932 	DATA 	Keypress: a
103.1437 	DATA 	Keypress: a
103.7763 	DATA 	Keypress: a
104.4641 	DATA 	Keypress: a
104.4896 	EXP 	whitebackground: autoDraw = False
104.4896 	EXP 	robotS: autoDraw = False
104.4896 	EXP 	node1: autoDraw = False
104.4896 	EXP 	node2: autoDraw = False
104.4896 	EXP 	node3: autoDraw = False
104.4896 	EXP 	node4: autoDraw = False
104.4896 	EXP 	node5: autoDraw = False
104.4896 	EXP 	robotF: autoDraw = False
104.4896 	EXP 	select1: autoDraw = False
104.4896 	EXP 	select2: autoDraw = False
104.4896 	EXP 	select3: autoDraw = False
104.4896 	EXP 	select4: autoDraw = False
104.4896 	EXP 	selection: autoDraw = False
104.4896 	EXP 	master: autoDraw = False
104.4896 	EXP 	sel: autoDraw = False
104.4896 	EXP 	Evaluation: autoDraw = True
104.4896 	EXP 	polygon: autoDraw = True
104.4896 	EXP 	polygon_2: autoDraw = True
104.4896 	EXP 	polygon_3: autoDraw = True
104.4896 	EXP 	polygon_4: autoDraw = True
106.5060 	EXP 	choice: autoDraw = True
108.4898 	EXP 	polygon_4: autoDraw = False
109.0934 	DATA 	Keypress: escape
