7.8480 	EXP 	Created window1 = Window(allowGUI=False, allowStencil=False, autoLog=True, bitsMode=UNKNOWN, blendMode='avg', color=array([ 0.,  0.,  0.]), colorSpace='rgb', fullscr=UNKNOWN, gamma=None, lms=UNKNOWN, monitor=<psychopy.monitors.calibTools.Monitor object at 0x112345890>, name='window1', pos=[0, 0], screen=0, size=array([1440,  900]), stereo=False, units='pix', useFBO=True, useRetina=False, viewOri=0.0, viewPos=None, viewScale=None, waitBlanking=True, winType='pyglet')
7.8481 	EXP 	window1: recordFrameIntervals = False
8.0135 	EXP 	window1: recordFrameIntervals = True
8.1973 	EXP 	window1: recordFrameIntervals = False
8.3738 	EXP 	Created welcome = TextStim(alignHoriz='center', alignVert='center', antialias=True, autoLog=True, bold=False, color=u'white', colorSpace='named', contrast=1.0, depth=0.0, flipHoriz=False, flipVert=False, font=u'Arial', fontFiles=[], height=100, italic=False, name='welcome', opacity=1.0, ori=0, pos=array([ 0.,  0.]), rgb=array([ 255.,  255.,  255.]), text=u'Welcome!', units='pix', win=Window(...), wrapWidth=500)
8.4204 	EXP 	Created text = TextStim(alignHoriz='center', alignVert='center', antialias=True, autoLog=True, bold=False, color=u'white', colorSpace='named', contrast=1.0, depth=0.0, flipHoriz=False, flipVert=False, font=u'Arial', fontFiles=[], height=50, italic=False, name='text', opacity=1.0, ori=0, pos=array([ 0.,  0.]), rgb=array([ 255.,  255.,  255.]), text=unicode(...), units='pix', win=Window(...), wrapWidth=500)
8.4300 	EXP 	<method-wrapper '__getattribute__' of attributeSetter object at 0x10edcce50>: vertices = array([[-400.,  450.],
       [ 400.,  450.],
       [ 400., -450.],
       [-400., -450.]])
8.4325 	EXP 	Created whitebackground = Rect(autoDraw=False, autoLog=True, closeShape=True, contrast=1.0, depth=-2.0, fillColor=array([ 1.,  1.,  1.]), fillColorSpace='rgb', fillRGB=array([ 1.,  1.,  1.]), interpolate=True, lineColor=array([ 1.,  1.,  1.]), lineColorSpace='rgb', lineRGB=array([ 1.,  1.,  1.]), lineWidth=0, name='whitebackground', opacity=1.0, ori=array(0.0), pos=array([-560.,    0.]), size=array([ 1.,  1.]), units='pix', vertices=ndarray(...), win=Window(...))
8.5225 	EXP 	Created robotS = ImageStim(autoLog=True, color=array([ 1.,  1.,  1.]), colorSpace='rgb', contrast=1.0, depth=-3.0, flipHoriz=False, flipVert=False, image='robot.png', interpolate=True, mask=None, maskParams=None, name='robotS', opacity=1.0, ori=0.0, pos=array([ 0.,  0.]), size=array([ 100.,  100.]), texRes=128, units='pix', win=Window(...))
8.5321 	EXP 	Created node1 = Polygon(autoDraw=False, autoLog=True, closeShape=True, contrast=1.0, depth=-4.0, fillColor=array([ 1.,  1.,  1.]), fillColorSpace='rgb', fillRGB=array([ 1.,  1.,  1.]), interpolate=True, lineColor=array([ 1.,  1.,  1.]), lineColorSpace='rgb', lineRGB=array([ 1.,  1.,  1.]), lineWidth=0, name='node1', opacity=1.0, ori=array(0.0), pos=array([ 0.,  0.]), size=array([ 100.,  100.]), units='pix', vertices=ndarray(...), win=Window(...))
8.5395 	EXP 	Created node2 = Polygon(autoDraw=False, autoLog=True, closeShape=True, contrast=1.0, depth=-5.0, fillColor=array([ 1.,  1.,  1.]), fillColorSpace='rgb', fillRGB=array([ 1.,  1.,  1.]), interpolate=True, lineColor=array([ 1.,  1.,  1.]), lineColorSpace='rgb', lineRGB=array([ 1.,  1.,  1.]), lineWidth=0, name='node2', opacity=1.0, ori=array(0.0), pos=array([ 0.,  0.]), size=array([ 100.,  100.]), units='pix', vertices=ndarray(...), win=Window(...))
8.5463 	EXP 	Created node3 = Polygon(autoDraw=False, autoLog=True, closeShape=True, contrast=1.0, depth=-6.0, fillColor=array([ 1.,  1.,  1.]), fillColorSpace='rgb', fillRGB=array([ 1.,  1.,  1.]), interpolate=True, lineColor=array([ 1.,  1.,  1.]), lineColorSpace='rgb', lineRGB=array([ 1.,  1.,  1.]), lineWidth=0, name='node3', opacity=1.0, ori=array(0.0), pos=array([ 0.,  0.]), size=array([ 100.,  100.]), units='pix', vertices=ndarray(...), win=Window(...))
8.5530 	EXP 	Created node4 = Polygon(autoDraw=False, autoLog=True, closeShape=True, contrast=1.0, depth=-7.0, fillColor=array([ 1.,  1.,  1.]), fillColorSpace='rgb', fillRGB=array([ 1.,  1.,  1.]), interpolate=True, lineColor=array([ 1.,  1.,  1.]), lineColorSpace='rgb', lineRGB=array([ 1.,  1.,  1.]), lineWidth=0, name='node4', opacity=1.0, ori=array(0.0), pos=array([ 0.,  0.]), size=array([ 100.,  100.]), units='pix', vertices=ndarray(...), win=Window(...))
8.5706 	EXP 	Created robotF = ImageStim(autoLog=True, color=array([ 1.,  1.,  1.]), colorSpace='rgb', contrast=1.0, depth=-8.0, flipHoriz=False, flipVert=False, image='robot.png', interpolate=True, mask=None, maskParams=None, name='robotF', opacity=1.0, ori=0.0, pos=array([ 0.,  0.]), size=array([ 100.,  100.]), texRes=128, units='pix', win=Window(...))
8.5765 	EXP 	Created select1 = Polygon(autoDraw=False, autoLog=True, closeShape=True, contrast=1.0, depth=-9.0, fillColor='red', fillColorSpace='named', fillRGB=array([ 255.,    0.,    0.]), interpolate=True, lineColor=array([ 1.,  1.,  1.]), lineColorSpace='rgb', lineRGB=array([ 1.,  1.,  1.]), lineWidth=0, name='select1', opacity=1.0, ori=array(0.0), pos=array([-630.,    0.]), size=array([ 100.,  100.]), units='pix', vertices=ndarray(...), win=Window(...))
8.5826 	EXP 	Created select2 = Polygon(autoDraw=False, autoLog=True, closeShape=True, contrast=1.0, depth=-10.0, fillColor='blue', fillColorSpace='named', fillRGB=array([   0.,    0.,  255.]), interpolate=True, lineColor=array([ 1.,  1.,  1.]), lineColorSpace='rgb', lineRGB=array([ 1.,  1.,  1.]), lineWidth=0, name='select2', opacity=1.0, ori=array(0.0), pos=array([-630., -120.]), size=array([ 100.,  100.]), units='pix', vertices=ndarray(...), win=Window(...))
8.5924 	EXP 	Created select3 = Polygon(autoDraw=False, autoLog=True, closeShape=True, contrast=1.0, depth=-11.0, fillColor='yellow', fillColorSpace='named', fillRGB=array([ 255.,  255.,    0.]), interpolate=True, lineColor=array([ 1.,  1.,  1.]), lineColorSpace='rgb', lineRGB=array([ 1.,  1.,  1.]), lineWidth=0, name='select3', opacity=1.0, ori=array(0.0), pos=array([-630., -240.]), size=array([ 100.,  100.]), units='pix', vertices=ndarray(...), win=Window(...))
8.6019 	EXP 	Created select4 = Polygon(autoDraw=False, autoLog=True, closeShape=True, contrast=1.0, depth=-12.0, fillColor='green', fillColorSpace='named', fillRGB=array([   0.,  128.,    0.]), interpolate=True, lineColor=array([ 1.,  1.,  1.]), lineColorSpace='rgb', lineRGB=array([ 1.,  1.,  1.]), lineWidth=0, name='select4', opacity=1.0, ori=array(0.0), pos=array([-630., -360.]), size=array([ 100.,  100.]), units='pix', vertices=ndarray(...), win=Window(...))
8.6156 	EXP 	Created selection = ImageStim(autoLog=True, color=array([ 1.,  1.,  1.]), colorSpace='rgb', contrast=1.0, depth=-13.0, flipHoriz=False, flipVert=False, image=u'lettera.png', interpolate=True, mask=None, maskParams=None, name='selection', opacity=1.0, ori=0.0, pos=array([ 0.,  0.]), size=array([ 400.,  200.]), texRes=128, units='pix', win=Window(...))
8.6436 	EXP 	Created master = ImageStim(autoLog=True, color=array([ 1.,  1.,  1.]), colorSpace='rgb', contrast=1.0, depth=-14.0, flipHoriz=False, flipVert=False, image=u'mastershapes.png', interpolate=True, mask=None, maskParams=None, name='master', opacity=1.0, ori=0.0, pos=array([-510.,   90.]), size=array([ 500.,  400.]), texRes=128, units='pix', win=Window(...))
8.6799 	EXP 	Created sel = TextStim(alignHoriz='center', alignVert='center', antialias=True, autoLog=True, bold=False, color=u'black', colorSpace='named', contrast=1.0, depth=-15.0, flipHoriz=False, flipVert=False, font=u'Arial', fontFiles=[], height=30, italic=False, name='sel', opacity=1.0, ori=0, pos=array([-450.,  300.]), rgb=array([ 0.,  0.,  0.]), text=unicode(...), units='pix', win=Window(...), wrapWidth=500)
8.6888 	EXP 	Created Evaluation = TextStim(alignHoriz='center', alignVert='center', antialias=True, autoLog=True, bold=False, color='white', colorSpace='named', contrast=1.0, depth=-1.0, flipHoriz=False, flipVert=False, font='Arial', fontFiles=[], height=30, italic=False, name='Evaluation', opacity=1.0, ori=0, pos=array([   0.,  300.]), rgb=array([ 255.,  255.,  255.]), text=u'Is this pathway correct? \n', units='pix', win=Window(...), wrapWidth=500)
8.6949 	EXP 	Created polygon = Polygon(autoDraw=False, autoLog=True, closeShape=True, contrast=1.0, depth=-2.0, fillColor=u'red', fillColorSpace='named', fillRGB=array([ 255.,    0.,    0.]), interpolate=True, lineColor=u'red', lineColorSpace='named', lineRGB=array([ 255.,    0.,    0.]), lineWidth=1, name='polygon', opacity=1.0, ori=array(0.0), pos=array([ 250.,    0.]), size=array([ 100.,  100.]), units='pix', vertices=ndarray(...), win=Window(...))
8.7008 	EXP 	Created polygon_2 = Polygon(autoDraw=False, autoLog=True, closeShape=True, contrast=1.0, depth=-3.0, fillColor='green', fillColorSpace='named', fillRGB=array([   0.,  128.,    0.]), interpolate=True, lineColor='green', lineColorSpace='named', lineRGB=array([   0.,  128.,    0.]), lineWidth=1, name='polygon_2', opacity=1.0, ori=array(0.0), pos=array([ 355., -105.]), size=array([ 100.,  100.]), units='pix', vertices=ndarray(...), win=Window(...))
8.7072 	EXP 	Created polygon_3 = Polygon(autoDraw=False, autoLog=True, closeShape=True, contrast=1.0, depth=-4.0, fillColor=u'blue', fillColorSpace='named', fillRGB=array([   0.,    0.,  255.]), interpolate=True, lineColor=u'blue', lineColorSpace='named', lineRGB=array([   0.,    0.,  255.]), lineWidth=1, name='polygon_3', opacity=1.0, ori=array(0.0), pos=array([ 145., -105.]), size=array([ 100.,  100.]), units='pix', vertices=ndarray(...), win=Window(...))
8.7129 	EXP 	Created polygon_4 = Polygon(autoDraw=False, autoLog=True, closeShape=True, contrast=1.0, depth=-5.0, fillColor='blue', fillColorSpace='named', fillRGB=array([   0.,    0.,  255.]), interpolate=True, lineColor='blue', lineColorSpace='named', lineRGB=array([   0.,    0.,  255.]), lineWidth=1, name='polygon_4', opacity=1.0, ori=array(0.0), pos=array([ 250., -105.]), size=array([ 100.,  100.]), units='pix', vertices=ndarray(...), win=Window(...))
8.7344 	EXP 	Created choice = TextStim(alignHoriz='center', alignVert='center', antialias=True, autoLog=True, bold=False, color=u'white', colorSpace='named', contrast=1.0, depth=-6.0, flipHoriz=False, flipVert=False, font=u'Arial', fontFiles=[], height=50, italic=False, name='choice', opacity=1.0, ori=0, pos=array([   0., -300.]), rgb=array([ 255.,  255.,  255.]), text=u"Press 'y' for Yes  \nPress 'n' for No", units='pix', win=Window(...), wrapWidth=500)
8.7472 	EXP 	Created thankyou = TextStim(alignHoriz='center', alignVert='center', antialias=True, autoLog=True, bold=False, color=u'white', colorSpace='named', contrast=1.0, depth=0.0, flipHoriz=False, flipVert=False, font=u'Arial', fontFiles=[], height=50, italic=False, name='thankyou', opacity=1.0, ori=0, pos=array([ 0.,  0.]), rgb=array([ 255.,  255.,  255.]), text=unicode(...), units='pix', win=Window(...), wrapWidth=500)
8.7638 	EXP 	welcome: autoDraw = True
10.7638 	EXP 	welcome: autoDraw = False
10.7638 	EXP 	welcome: autoDraw = False
10.7638 	EXP 	text: autoDraw = True
23.3834 	DATA 	Keypress: space
23.4008 	EXP 	Imported designs.xlsx as conditions, 3 conditions, 14 params
23.4034 	EXP 	Created sequence: random, trialTypes=3, nReps=1, seed=None
23.4045 	EXP 	New trial (rep=0, index=0): {u'r4': u'd', u'n1col': u'red', u'n2col': u'red', u'n4col': u'blue', u'r2': u'b', u'rs': u'LOC11', u'r3': u'c', u'n3col': u'red', u're': u'LOC20', u'n1': u'LOC12', u'n2': u'LOC13', u'n3': u'LOC18', u'n4': u'LOC19', u'r1': u'a'}
23.4324 	EXP 	text: autoDraw = False
23.4324 	EXP 	robotS: pos = array([ 40.,   0.])
23.4324 	EXP 	node1: fillColor = u'red (named)'
23.4324 	EXP 	node1: pos = array([ 145.,    0.])
23.4324 	EXP 	node2: fillColor = u'red (named)'
23.4324 	EXP 	node2: pos = array([ 250.,    0.])
23.4324 	EXP 	node3: fillColor = u'red (named)'
23.4324 	EXP 	node3: pos = array([ 250., -105.])
23.4324 	EXP 	node4: fillColor = u'blue (named)'
23.4324 	EXP 	node4: pos = array([ 355., -105.])
23.4324 	EXP 	robotF: pos = array([ 460., -105.])
23.4324 	EXP 	whitebackground: autoDraw = True
23.4324 	EXP 	robotS: autoDraw = True
23.4324 	EXP 	node1: autoDraw = True
23.4324 	EXP 	node2: autoDraw = True
23.4324 	EXP 	node3: autoDraw = True
23.4324 	EXP 	node4: autoDraw = True
23.4324 	EXP 	robotF: autoDraw = True
23.4324 	EXP 	select1: autoDraw = True
23.4324 	EXP 	select2: autoDraw = True
23.4324 	EXP 	select3: autoDraw = True
23.4324 	EXP 	select4: autoDraw = True
23.4324 	EXP 	selection: autoDraw = True
23.4324 	EXP 	master: autoDraw = True
23.4324 	EXP 	sel: autoDraw = True
30.2405 	DATA 	Keypress: a
30.8023 	DATA 	Keypress: a
31.3188 	DATA 	Keypress: a
31.7188 	DATA 	Keypress: a
31.7294 	EXP 	New trial (rep=0, index=1): {u'r4': u'd', u'n1col': u'red', u'n2col': u'blue', u'n4col': u'yellow', u'r2': u'b', u'rs': u'LOC5', u'r3': u'c', u'n3col': u'blue', u're': u'LOC12', u'n1': u'LOC10', u'n2': u'LOC15', u'n3': u'LOC14', u'n4': u'LOC13', u'r1': u'a'}
31.7492 	EXP 	whitebackground: autoDraw = False
31.7492 	EXP 	robotS: autoDraw = False
31.7492 	EXP 	node1: autoDraw = False
31.7492 	EXP 	node2: autoDraw = False
31.7492 	EXP 	node3: autoDraw = False
31.7492 	EXP 	node4: autoDraw = False
31.7492 	EXP 	robotF: autoDraw = False
31.7492 	EXP 	select1: autoDraw = False
31.7492 	EXP 	select2: autoDraw = False
31.7492 	EXP 	select3: autoDraw = False
31.7492 	EXP 	select4: autoDraw = False
31.7492 	EXP 	selection: autoDraw = False
31.7492 	EXP 	master: autoDraw = False
31.7492 	EXP 	sel: autoDraw = False
31.7492 	EXP 	robotS: pos = array([ 460.,  210.])
31.7492 	EXP 	node1: fillColor = u'red (named)'
31.7492 	EXP 	node1: pos = array([ 460.,  105.])
31.7492 	EXP 	node2: fillColor = u'blue (named)'
31.7492 	EXP 	node2: pos = array([ 460.,    0.])
31.7492 	EXP 	node3: fillColor = u'blue (named)'
31.7492 	EXP 	node3: pos = array([ 355.,    0.])
31.7492 	EXP 	node4: fillColor = u'yellow (named)'
31.7492 	EXP 	node4: pos = array([ 250.,    0.])
31.7492 	EXP 	robotF: pos = array([ 145.,    0.])
31.7492 	EXP 	whitebackground: autoDraw = True
31.7492 	EXP 	robotS: autoDraw = True
31.7492 	EXP 	node1: autoDraw = True
31.7492 	EXP 	node2: autoDraw = True
31.7492 	EXP 	node3: autoDraw = True
31.7492 	EXP 	node4: autoDraw = True
31.7492 	EXP 	robotF: autoDraw = True
31.7492 	EXP 	select1: autoDraw = True
31.7492 	EXP 	select2: autoDraw = True
31.7492 	EXP 	select3: autoDraw = True
31.7492 	EXP 	select4: autoDraw = True
31.7492 	EXP 	selection: autoDraw = True
31.7492 	EXP 	master: autoDraw = True
31.7492 	EXP 	sel: autoDraw = True
32.4365 	DATA 	Keypress: a
32.8022 	DATA 	Keypress: a
33.1021 	DATA 	Keypress: a
33.4857 	DATA 	Keypress: a
33.4875 	EXP 	New trial (rep=0, index=2): {u'r4': u'd', u'n1col': u'green', u'n2col': u'green', u'n4col': u'yellow', u'r2': u'b', u'rs': u'LOC21', u'r3': u'c', u'n3col': u'blue', u're': u'LOC8', u'n1': u'LOC22', u'n2': u'LOC23', u'n3': u'LOC18', u'n4': u'LOC13', u'r1': u'a'}
33.4995 	EXP 	whitebackground: autoDraw = False
33.4995 	EXP 	robotS: autoDraw = False
33.4995 	EXP 	node1: autoDraw = False
33.4995 	EXP 	node2: autoDraw = False
33.4995 	EXP 	node3: autoDraw = False
33.4995 	EXP 	node4: autoDraw = False
33.4995 	EXP 	robotF: autoDraw = False
33.4995 	EXP 	select1: autoDraw = False
33.4995 	EXP 	select2: autoDraw = False
33.4995 	EXP 	select3: autoDraw = False
33.4995 	EXP 	select4: autoDraw = False
33.4995 	EXP 	selection: autoDraw = False
33.4995 	EXP 	master: autoDraw = False
33.4995 	EXP 	sel: autoDraw = False
33.4995 	EXP 	robotS: pos = array([  40., -210.])
33.4995 	EXP 	node1: fillColor = u'green (named)'
33.4995 	EXP 	node1: pos = array([ 145., -210.])
33.4995 	EXP 	node2: fillColor = u'green (named)'
33.4995 	EXP 	node2: pos = array([ 250., -210.])
33.4995 	EXP 	node3: fillColor = u'blue (named)'
33.4995 	EXP 	node3: pos = array([ 250., -105.])
33.4995 	EXP 	node4: fillColor = u'yellow (named)'
33.4995 	EXP 	node4: pos = array([ 250.,    0.])
33.4995 	EXP 	robotF: pos = array([ 250.,  105.])
33.4995 	EXP 	whitebackground: autoDraw = True
33.4995 	EXP 	robotS: autoDraw = True
33.4995 	EXP 	node1: autoDraw = True
33.4995 	EXP 	node2: autoDraw = True
33.4995 	EXP 	node3: autoDraw = True
33.4995 	EXP 	node4: autoDraw = True
33.4995 	EXP 	robotF: autoDraw = True
33.4995 	EXP 	select1: autoDraw = True
33.4995 	EXP 	select2: autoDraw = True
33.4995 	EXP 	select3: autoDraw = True
33.4995 	EXP 	select4: autoDraw = True
33.4995 	EXP 	selection: autoDraw = True
33.4995 	EXP 	master: autoDraw = True
33.4995 	EXP 	sel: autoDraw = True
33.9520 	DATA 	Keypress: a
34.2690 	DATA 	Keypress: a
34.5883 	DATA 	Keypress: a
35.2902 	DATA 	Keypress: a
35.3161 	EXP 	whitebackground: autoDraw = False
35.3161 	EXP 	robotS: autoDraw = False
35.3161 	EXP 	node1: autoDraw = False
35.3161 	EXP 	node2: autoDraw = False
35.3161 	EXP 	node3: autoDraw = False
35.3161 	EXP 	node4: autoDraw = False
35.3161 	EXP 	robotF: autoDraw = False
35.3161 	EXP 	select1: autoDraw = False
35.3161 	EXP 	select2: autoDraw = False
35.3161 	EXP 	select3: autoDraw = False
35.3161 	EXP 	select4: autoDraw = False
35.3161 	EXP 	selection: autoDraw = False
35.3161 	EXP 	master: autoDraw = False
35.3161 	EXP 	sel: autoDraw = False
35.3161 	EXP 	Evaluation: autoDraw = True
35.3161 	EXP 	polygon: autoDraw = True
35.3161 	EXP 	polygon_2: autoDraw = True
35.3161 	EXP 	polygon_3: autoDraw = True
35.3161 	EXP 	polygon_4: autoDraw = True
37.3338 	EXP 	choice: autoDraw = True
39.3170 	EXP 	polygon_4: autoDraw = False
40.3166 	EXP 	Evaluation: autoDraw = False
40.3166 	EXP 	polygon: autoDraw = False
40.3166 	EXP 	polygon_2: autoDraw = False
40.3166 	EXP 	polygon_3: autoDraw = False
40.3166 	EXP 	choice: autoDraw = False
56.0489 	DATA 	Keypress: escape
