6.9656 	EXP 	Created window1 = Window(allowGUI=False, allowStencil=False, autoLog=True, bitsMode=UNKNOWN, blendMode='avg', color='black', colorSpace='named', fullscr=UNKNOWN, gamma=None, lms=UNKNOWN, monitor=<psychopy.monitors.calibTools.Monitor object at 0x1123c4ad0>, name='window1', pos=[0, 0], screen=0, size=array([1440,  900]), stereo=False, units='pix', useFBO=True, useRetina=False, viewOri=0.0, viewPos=None, viewScale=None, waitBlanking=True, winType='pyglet')
6.9657 	EXP 	window1: recordFrameIntervals = False
7.1320 	EXP 	window1: recordFrameIntervals = True
7.3152 	EXP 	window1: recordFrameIntervals = False
7.4728 	EXP 	Created welcome = TextStim(alignHoriz='center', alignVert='center', antialias=True, autoLog=True, bold=False, color='white', colorSpace='named', contrast=1.0, depth=-1.0, flipHoriz=False, flipVert=False, font='Arial', fontFiles=[], height=100, italic=False, name='welcome', opacity=1.0, ori=0, pos=array([ 0.,  0.]), rgb=array([ 255.,  255.,  255.]), text=u'Welcome!', units='pix', win=Window(...), wrapWidth=500)
7.5107 	EXP 	Created instruct = TextStim(alignHoriz='center', alignVert='center', antialias=True, autoLog=True, bold=False, color='white', colorSpace='named', contrast=1.0, depth=-2.0, flipHoriz=False, flipVert=False, font='Arial', fontFiles=[], height=50, italic=False, name='instruct', opacity=1.0, ori=0, pos=array([ 0.,  0.]), rgb=array([ 255.,  255.,  255.]), text=unicode(...), units='pix', win=Window(...), wrapWidth=500)
7.5944 	EXP 	Created rob0 = ImageStim(autoLog=True, color=array([ 1.,  1.,  1.]), colorSpace='rgb', contrast=1.0, depth=-3.0, flipHoriz=False, flipVert=False, image='robot1.png', interpolate=True, mask=None, maskParams=None, name='rob0', opacity=1.0, ori=0.0, pos=array([-250., -100.]), size=array([ 200.,  200.]), texRes=128, units='pix', win=Window(...))
7.6079 	EXP 	Created robb = ImageStim(autoLog=True, color=array([ 1.,  1.,  1.]), colorSpace='rgb', contrast=1.0, depth=-4.0, flipHoriz=False, flipVert=False, image='robot1.png', interpolate=True, mask=None, maskParams=None, name='robb', opacity=1.0, ori=0.0, pos=array([ 250., -100.]), size=array([ 200.,  200.]), texRes=128, units='pix', win=Window(...))
7.6249 	EXP 	Created na = Polygon(autoDraw=False, autoLog=True, closeShape=True, contrast=1.0, depth=-5.0, fillColor='blue', fillColorSpace='named', fillRGB=array([   0.,    0.,  255.]), interpolate=True, lineColor='blue', lineColorSpace='named', lineRGB=array([   0.,    0.,  255.]), lineWidth=1, name='na', opacity=1.0, ori=array(0.0), pos=array([ 0.,  0.]), size=array([ 1.,  1.]), units='pix', vertices=ndarray(...), win=Window(...))
7.6303 	EXP 	Created nb = Polygon(autoDraw=False, autoLog=True, closeShape=True, contrast=1.0, depth=-6.0, fillColor='blue', fillColorSpace='named', fillRGB=array([   0.,    0.,  255.]), interpolate=True, lineColor='blue', lineColorSpace='named', lineRGB=array([   0.,    0.,  255.]), lineWidth=1, name='nb', opacity=1.0, ori=array(0.0), pos=array([ 0.,  0.]), size=array([ 1.,  1.]), units='pix', vertices=ndarray(...), win=Window(...))
7.6356 	EXP 	Created nc = Polygon(autoDraw=False, autoLog=True, closeShape=True, contrast=1.0, depth=-7.0, fillColor='blue', fillColorSpace='named', fillRGB=array([   0.,    0.,  255.]), interpolate=True, lineColor='blue', lineColorSpace='named', lineRGB=array([   0.,    0.,  255.]), lineWidth=1, name='nc', opacity=1.0, ori=array(0.0), pos=array([ 0.,  0.]), size=array([ 1.,  1.]), units='pix', vertices=ndarray(...), win=Window(...))
7.6377 	EXP 	<method-wrapper '__getattribute__' of attributeSetter object at 0x10e6950d0>: vertices = array([[-55.,  20.],
       [ 55.,  20.],
       [ 55., -20.],
       [-55., -20.]])
7.6394 	EXP 	Created s1 = Rect(autoDraw=False, autoLog=True, closeShape=True, contrast=1.0, depth=-8.0, fillColor='black', fillColorSpace='named', fillRGB=array([ 0.,  0.,  0.]), interpolate=True, lineColor='black', lineColorSpace='named', lineRGB=array([ 0.,  0.,  0.]), lineWidth=1, name='s1', opacity=1.0, ori=array(0.0), pos=array([-110., -100.]), size=array([ 1.,  1.]), units='pix', vertices=ndarray(...), win=Window(...))
7.6399 	EXP 	<method-wrapper '__getattribute__' of attributeSetter object at 0x10e6950d0>: vertices = array([[-55.,  20.],
       [ 55.,  20.],
       [ 55., -20.],
       [-55., -20.]])
7.6412 	EXP 	Created s2 = Rect(autoDraw=False, autoLog=True, closeShape=True, contrast=1.0, depth=-9.0, fillColor='black', fillColorSpace='named', fillRGB=array([ 0.,  0.,  0.]), interpolate=True, lineColor='black', lineColorSpace='named', lineRGB=array([ 0.,  0.,  0.]), lineWidth=1, name='s2', opacity=1.0, ori=array(0.0), pos=array([   0., -100.]), size=array([ 1.,  1.]), units='pix', vertices=ndarray(...), win=Window(...))
7.6417 	EXP 	<method-wrapper '__getattribute__' of attributeSetter object at 0x10e6950d0>: vertices = array([[-55.,  20.],
       [ 55.,  20.],
       [ 55., -20.],
       [-55., -20.]])
7.6431 	EXP 	Created s3 = Rect(autoDraw=False, autoLog=True, closeShape=True, contrast=1.0, depth=-10.0, fillColor='black', fillColorSpace='named', fillRGB=array([ 0.,  0.,  0.]), interpolate=True, lineColor='black', lineColorSpace='named', lineRGB=array([ 0.,  0.,  0.]), lineWidth=1, name='s3', opacity=1.0, ori=array(0.0), pos=array([ 110., -100.]), size=array([ 1.,  1.]), units='pix', vertices=ndarray(...), win=Window(...))
8.0443 	EXP 	Created heart = ImageStim(autoLog=True, color=array([ 1.,  1.,  1.]), colorSpace='rgb', contrast=1.0, depth=-11.0, flipHoriz=False, flipVert=False, image='heart.png', interpolate=True, mask=None, maskParams=None, name='heart', opacity=1.0, ori=0.0, pos=array([   0., -100.]), size=array([ 1.,  1.]), texRes=128, units='pix', win=Window(...))
8.1143 	EXP 	Created text_2 = TextStim(alignHoriz='center', alignVert='center', antialias=True, autoLog=True, bold=False, color='white', colorSpace='named', contrast=1.0, depth=-1.0, flipHoriz=False, flipVert=False, font='Arial', fontFiles=[], height=40, italic=False, name='text_2', opacity=1.0, ori=0, pos=array([ 0.,  0.]), rgb=array([ 255.,  255.,  255.]), text=u"Let's take an example", units='pix', win=Window(...), wrapWidth=500)
8.1251 	EXP 	Created nod1 = Polygon(autoDraw=False, autoLog=True, closeShape=True, contrast=1.0, depth=-2.0, fillColor=array([ 1.,  1.,  1.]), fillColorSpace='rgb', fillRGB=array([ 1.,  1.,  1.]), interpolate=True, lineColor='red', lineColorSpace='named', lineRGB=array([ 255.,    0.,    0.]), lineWidth=1, name='nod1', opacity=1.0, ori=array(0.0), pos=array([ 0.,  0.]), size=array([ 100.,  100.]), units='pix', vertices=ndarray(...), win=Window(...))
8.1313 	EXP 	Created nod2 = Polygon(autoDraw=False, autoLog=True, closeShape=True, contrast=1.0, depth=-3.0, fillColor=array([ 1.,  1.,  1.]), fillColorSpace='rgb', fillRGB=array([ 1.,  1.,  1.]), interpolate=True, lineColor=array([ 1.,  1.,  1.]), lineColorSpace='rgb', lineRGB=array([ 1.,  1.,  1.]), lineWidth=1, name='nod2', opacity=1.0, ori=array(0.0), pos=array([ 0.,  0.]), size=array([ 100.,  100.]), units='pix', vertices=ndarray(...), win=Window(...))
8.1383 	EXP 	Created nod3 = Polygon(autoDraw=False, autoLog=True, closeShape=True, contrast=1.0, depth=-4.0, fillColor=array([ 1.,  1.,  1.]), fillColorSpace='rgb', fillRGB=array([ 1.,  1.,  1.]), interpolate=True, lineColor=array([ 1.,  1.,  1.]), lineColorSpace='rgb', lineRGB=array([ 1.,  1.,  1.]), lineWidth=1, name='nod3', opacity=1.0, ori=array(0.0), pos=array([ 135.,  115.]), size=array([ 100.,  100.]), units='pix', vertices=ndarray(...), win=Window(...))
8.1450 	EXP 	Created nod4 = Polygon(autoDraw=False, autoLog=True, closeShape=True, contrast=1.0, depth=-5.0, fillColor=array([ 1.,  1.,  1.]), fillColorSpace='rgb', fillRGB=array([ 1.,  1.,  1.]), interpolate=True, lineColor=array([ 1.,  1.,  1.]), lineColorSpace='rgb', lineRGB=array([ 1.,  1.,  1.]), lineWidth=1, name='nod4', opacity=1.0, ori=array(0.0), pos=array([ 250.,  115.]), size=array([ 100.,  100.]), units='pix', vertices=ndarray(...), win=Window(...))
8.1582 	EXP 	Created rob1 = ImageStim(autoLog=True, color=array([ 1.,  1.,  1.]), colorSpace='rgb', contrast=1.0, depth=-6.0, flipHoriz=False, flipVert=False, image='robot1.png', interpolate=True, mask=None, maskParams=None, name='rob1', opacity=1.0, ori=1.0, pos=array([  20., -115.]), size=array([ 100.,  100.]), texRes=128, units='pix', win=Window(...))
8.1613 	EXP 	Created rob2 = ImageStim(autoLog=True, color=array([ 1.,  1.,  1.]), colorSpace='rgb', contrast=1.0, depth=-7.0, flipHoriz=False, flipVert=False, image='sin', interpolate=True, mask=None, maskParams=None, name='rob2', opacity=1.0, ori=0.0, pos=array([ 365.,  115.]), size=array([ 100.,  100.]), texRes=128, units='pix', win=Window(...))
8.1617 	EXP 	<method-wrapper '__getattribute__' of attributeSetter object at 0x10e6950d0>: vertices = array([[-0.5,  0.5],
       [ 0.5,  0.5],
       [ 0.5, -0.5],
       [-0.5, -0.5]])
8.1631 	EXP 	Created sh1 = Rect(autoDraw=False, autoLog=True, closeShape=True, contrast=1.0, depth=-9.0, fillColor='black', fillColorSpace='named', fillRGB=array([ 0.,  0.,  0.]), interpolate=True, lineColor='black', lineColorSpace='named', lineRGB=array([ 0.,  0.,  0.]), lineWidth=1, name='sh1', opacity=1.0, ori=array(0.0), pos=array([ 20.,   0.]), size=array([ 1.,  1.]), units='pix', vertices=ndarray(...), win=Window(...))
8.1635 	EXP 	<method-wrapper '__getattribute__' of attributeSetter object at 0x10e6950d0>: vertices = array([[-30.,  20.],
       [ 30.,  20.],
       [ 30., -20.],
       [-30., -20.]])
8.1648 	EXP 	Created sh2a = Rect(autoDraw=False, autoLog=True, closeShape=True, contrast=1.0, depth=-10.0, fillColor='black', fillColorSpace='named', fillRGB=array([ 0.,  0.,  0.]), interpolate=True, lineColor='black', lineColorSpace='named', lineRGB=array([ 0.,  0.,  0.]), lineWidth=1, name='sh2a', opacity=1.0, ori=array(0.0), pos=array([  50.,  113.]), size=array([ 1.,  1.]), units='pix', vertices=ndarray(...), win=Window(...))
8.1652 	EXP 	<method-wrapper '__getattribute__' of attributeSetter object at 0x10e6950d0>: vertices = array([[-20.,  40.],
       [ 20.,  40.],
       [ 20., -40.],
       [-20., -40.]])
8.1667 	EXP 	Created sh2b = Rect(autoDraw=False, autoLog=True, closeShape=True, contrast=1.0, depth=-11.0, fillColor='black', fillColorSpace='named', fillRGB=array([ 0.,  0.,  0.]), interpolate=True, lineColor='black', lineColorSpace='named', lineRGB=array([ 0.,  0.,  0.]), lineWidth=1, name='sh2b', opacity=1.0, ori=array(0.0), pos=array([ 22.,  93.]), size=array([ 1.,  1.]), units='pix', vertices=ndarray(...), win=Window(...))
8.1673 	EXP 	<method-wrapper '__getattribute__' of attributeSetter object at 0x10e6950d0>: vertices = array([[-55.,  20.],
       [ 55.,  20.],
       [ 55., -20.],
       [-55., -20.]])
8.1692 	EXP 	Created sh3 = Rect(autoDraw=False, autoLog=True, closeShape=True, contrast=1.0, depth=-12.0, fillColor='black', fillColorSpace='named', fillRGB=array([ 0.,  0.,  0.]), interpolate=True, lineColor='black', lineColorSpace='named', lineRGB=array([ 0.,  0.,  0.]), lineWidth=1, name='sh3', opacity=1.0, ori=array(0.0), pos=array([ 135.,  115.]), size=array([ 1.,  1.]), units='pix', vertices=ndarray(...), win=Window(...))
8.1698 	EXP 	<method-wrapper '__getattribute__' of attributeSetter object at 0x10e6950d0>: vertices = array([[-55.,  20.],
       [ 55.,  20.],
       [ 55., -20.],
       [-55., -20.]])
8.1717 	EXP 	Created sh4 = Rect(autoDraw=False, autoLog=True, closeShape=True, contrast=1.0, depth=-13.0, fillColor='black', fillColorSpace='named', fillRGB=array([ 0.,  0.,  0.]), interpolate=True, lineColor='black', lineColorSpace='named', lineRGB=array([ 0.,  0.,  0.]), lineWidth=1, name='sh4', opacity=1.0, ori=array(0.0), pos=array([ 250.,  115.]), size=array([ 1.,  1.]), units='pix', vertices=ndarray(...), win=Window(...))
8.1945 	EXP 	Created star = TextStim(alignHoriz='center', alignVert='center', antialias=True, autoLog=True, bold=False, color='white', colorSpace='named', contrast=1.0, depth=0.0, flipHoriz=False, flipVert=False, font='Arial', fontFiles=[], height=50, italic=False, name='star', opacity=1.0, ori=0, pos=array([ 0.,  0.]), rgb=array([ 255.,  255.,  255.]), text=unicode(...), units='pix', win=Window(...), wrapWidth=500)
8.1950 	EXP 	<method-wrapper '__getattribute__' of attributeSetter object at 0x10e6950d0>: vertices = array([[-400.,  450.],
       [ 400.,  450.],
       [ 400., -450.],
       [-400., -450.]])
8.1974 	EXP 	Created whitebackground = Rect(autoDraw=False, autoLog=True, closeShape=True, contrast=1.0, depth=-2.0, fillColor=array([ 1.,  1.,  1.]), fillColorSpace='rgb', fillRGB=array([ 1.,  1.,  1.]), interpolate=True, lineColor=array([ 1.,  1.,  1.]), lineColorSpace='rgb', lineRGB=array([ 1.,  1.,  1.]), lineWidth=0, name='whitebackground', opacity=1.0, ori=array(0.0), pos=array([-560.,    0.]), size=array([ 1.,  1.]), units='pix', vertices=ndarray(...), win=Window(...))
8.2115 	EXP 	Created robotS = ImageStim(autoLog=True, color=array([ 1.,  1.,  1.]), colorSpace='rgb', contrast=1.0, depth=-3.0, flipHoriz=False, flipVert=False, image='robot1.png', interpolate=True, mask=None, maskParams=None, name='robotS', opacity=1.0, ori=0.0, pos=array([ 0.,  0.]), size=array([ 100.,  100.]), texRes=128, units='pix', win=Window(...))
8.2217 	EXP 	Created node1 = Polygon(autoDraw=False, autoLog=True, closeShape=True, contrast=1.0, depth=-4.0, fillColor=array([ 1.,  1.,  1.]), fillColorSpace='rgb', fillRGB=array([ 1.,  1.,  1.]), interpolate=True, lineColor=array([ 1.,  1.,  1.]), lineColorSpace='rgb', lineRGB=array([ 1.,  1.,  1.]), lineWidth=0, name='node1', opacity=1.0, ori=array(0.0), pos=array([ 0.,  0.]), size=array([ 100.,  100.]), units='pix', vertices=ndarray(...), win=Window(...))
8.2313 	EXP 	Created node2 = Polygon(autoDraw=False, autoLog=True, closeShape=True, contrast=1.0, depth=-5.0, fillColor=array([ 1.,  1.,  1.]), fillColorSpace='rgb', fillRGB=array([ 1.,  1.,  1.]), interpolate=True, lineColor=array([ 1.,  1.,  1.]), lineColorSpace='rgb', lineRGB=array([ 1.,  1.,  1.]), lineWidth=0, name='node2', opacity=1.0, ori=array(0.0), pos=array([ 0.,  0.]), size=array([ 100.,  100.]), units='pix', vertices=ndarray(...), win=Window(...))
8.2399 	EXP 	Created node3 = Polygon(autoDraw=False, autoLog=True, closeShape=True, contrast=1.0, depth=-6.0, fillColor=array([ 1.,  1.,  1.]), fillColorSpace='rgb', fillRGB=array([ 1.,  1.,  1.]), interpolate=True, lineColor=array([ 1.,  1.,  1.]), lineColorSpace='rgb', lineRGB=array([ 1.,  1.,  1.]), lineWidth=0, name='node3', opacity=1.0, ori=array(0.0), pos=array([ 0.,  0.]), size=array([ 100.,  100.]), units='pix', vertices=ndarray(...), win=Window(...))
8.2475 	EXP 	Created node4 = Polygon(autoDraw=False, autoLog=True, closeShape=True, contrast=1.0, depth=-7.0, fillColor=array([ 1.,  1.,  1.]), fillColorSpace='rgb', fillRGB=array([ 1.,  1.,  1.]), interpolate=True, lineColor=array([ 1.,  1.,  1.]), lineColorSpace='rgb', lineRGB=array([ 1.,  1.,  1.]), lineWidth=0, name='node4', opacity=1.0, ori=array(0.0), pos=array([ 0.,  0.]), size=array([ 100.,  100.]), units='pix', vertices=ndarray(...), win=Window(...))
8.2538 	EXP 	Created node5 = Polygon(autoDraw=False, autoLog=True, closeShape=True, contrast=1.0, depth=-8.0, fillColor=array([ 1.,  1.,  1.]), fillColorSpace='rgb', fillRGB=array([ 1.,  1.,  1.]), interpolate=True, lineColor=array([ 1.,  1.,  1.]), lineColorSpace='rgb', lineRGB=array([ 1.,  1.,  1.]), lineWidth=0, name='node5', opacity=1.0, ori=array(0.0), pos=array([ 0.,  0.]), size=array([ 100.,  100.]), units='pix', vertices=ndarray(...), win=Window(...))
8.2660 	EXP 	Created robotF = ImageStim(autoLog=True, color=array([ 1.,  1.,  1.]), colorSpace='rgb', contrast=1.0, depth=-9.0, flipHoriz=False, flipVert=False, image='robot1.png', interpolate=True, mask=None, maskParams=None, name='robotF', opacity=1.0, ori=0.0, pos=array([ 0.,  0.]), size=array([ 100.,  100.]), texRes=128, units='pix', win=Window(...))
8.2740 	EXP 	Created select1 = Polygon(autoDraw=False, autoLog=True, closeShape=True, contrast=1.0, depth=-10.0, fillColor='red', fillColorSpace='named', fillRGB=array([ 255.,    0.,    0.]), interpolate=True, lineColor=array([ 1.,  1.,  1.]), lineColorSpace='rgb', lineRGB=array([ 1.,  1.,  1.]), lineWidth=0, name='select1', opacity=1.0, ori=array(0.0), pos=array([-630.,    0.]), size=array([ 100.,  100.]), units='pix', vertices=ndarray(...), win=Window(...))
8.2800 	EXP 	Created select2 = Polygon(autoDraw=False, autoLog=True, closeShape=True, contrast=1.0, depth=-11.0, fillColor='blue', fillColorSpace='named', fillRGB=array([   0.,    0.,  255.]), interpolate=True, lineColor=array([ 1.,  1.,  1.]), lineColorSpace='rgb', lineRGB=array([ 1.,  1.,  1.]), lineWidth=0, name='select2', opacity=1.0, ori=array(0.0), pos=array([-630., -120.]), size=array([ 100.,  100.]), units='pix', vertices=ndarray(...), win=Window(...))
8.2881 	EXP 	Created select3 = Polygon(autoDraw=False, autoLog=True, closeShape=True, contrast=1.0, depth=-12.0, fillColor='yellow', fillColorSpace='named', fillRGB=array([ 255.,  255.,    0.]), interpolate=True, lineColor=array([ 1.,  1.,  1.]), lineColorSpace='rgb', lineRGB=array([ 1.,  1.,  1.]), lineWidth=0, name='select3', opacity=1.0, ori=array(0.0), pos=array([-630., -240.]), size=array([ 100.,  100.]), units='pix', vertices=ndarray(...), win=Window(...))
8.2963 	EXP 	Created select4 = Polygon(autoDraw=False, autoLog=True, closeShape=True, contrast=1.0, depth=-13.0, fillColor='green', fillColorSpace='named', fillRGB=array([   0.,  128.,    0.]), interpolate=True, lineColor=array([ 1.,  1.,  1.]), lineColorSpace='rgb', lineRGB=array([ 1.,  1.,  1.]), lineWidth=0, name='select4', opacity=1.0, ori=array(0.0), pos=array([-630., -360.]), size=array([ 100.,  100.]), units='pix', vertices=ndarray(...), win=Window(...))
8.3348 	EXP 	Created selection = ImageStim(autoLog=True, color=array([ 1.,  1.,  1.]), colorSpace='rgb', contrast=1.0, depth=-14.0, flipHoriz=False, flipVert=False, image='mastershapes.png', interpolate=True, mask=None, maskParams=None, name='selection', opacity=1.0, ori=0.0, pos=array([ 0.,  0.]), size=array([ 500.,  400.]), texRes=128, units='pix', win=Window(...))
8.3875 	EXP 	Created sel = TextStim(alignHoriz='center', alignVert='center', antialias=True, autoLog=True, bold=False, color='black', colorSpace='named', contrast=1.0, depth=-15.0, flipHoriz=False, flipVert=False, font='Arial', fontFiles=[], height=30, italic=False, name='sel', opacity=1.0, ori=0, pos=array([-450.,  250.]), rgb=array([ 0.,  0.,  0.]), text=unicode(...), units='pix', win=Window(...), wrapWidth=500)
8.4022 	EXP 	Created Evaluation = TextStim(alignHoriz='center', alignVert='center', antialias=True, autoLog=True, bold=False, color=u'white', colorSpace='named', contrast=1.0, depth=-1.0, flipHoriz=False, flipVert=False, font=u'Arial', fontFiles=[], height=40, italic=False, name='Evaluation', opacity=1.0, ori=0, pos=array([   0.,  300.]), rgb=array([ 255.,  255.,  255.]), text=unicode(...), units='pix', win=Window(...), wrapWidth=500)
8.4094 	EXP 	Created polygon = Polygon(autoDraw=False, autoLog=True, closeShape=True, contrast=1.0, depth=-2.0, fillColor=array([ 1.,  1.,  1.]), fillColorSpace='rgb', fillRGB=array([ 1.,  1.,  1.]), interpolate=True, lineColor=array([ 1.,  1.,  1.]), lineColorSpace='rgb', lineRGB=array([ 1.,  1.,  1.]), lineWidth=1, name='polygon', opacity=1.0, ori=array(0.0), pos=array([ 0.,  0.]), size=array([ 100.,  100.]), units='pix', vertices=ndarray(...), win=Window(...))
8.4158 	EXP 	Created polygon_2 = Polygon(autoDraw=False, autoLog=True, closeShape=True, contrast=1.0, depth=-3.0, fillColor=array([ 1.,  1.,  1.]), fillColorSpace='rgb', fillRGB=array([ 1.,  1.,  1.]), interpolate=True, lineColor=array([ 1.,  1.,  1.]), lineColorSpace='rgb', lineRGB=array([ 1.,  1.,  1.]), lineWidth=1, name='polygon_2', opacity=1.0, ori=array(0.0), pos=array([ 0.,  0.]), size=array([ 100.,  100.]), units='pix', vertices=ndarray(...), win=Window(...))
8.4230 	EXP 	Created polygon_3 = Polygon(autoDraw=False, autoLog=True, closeShape=True, contrast=1.0, depth=-4.0, fillColor=array([ 1.,  1.,  1.]), fillColorSpace='rgb', fillRGB=array([ 1.,  1.,  1.]), interpolate=True, lineColor=array([ 1.,  1.,  1.]), lineColorSpace='rgb', lineRGB=array([ 1.,  1.,  1.]), lineWidth=1, name='polygon_3', opacity=1.0, ori=array(0.0), pos=array([ 0.,  0.]), size=array([ 100.,  100.]), units='pix', vertices=ndarray(...), win=Window(...))
8.4292 	EXP 	Created polygon_4 = Polygon(autoDraw=False, autoLog=True, closeShape=True, contrast=1.0, depth=-5.0, fillColor=array([ 1.,  1.,  1.]), fillColorSpace='rgb', fillRGB=array([ 1.,  1.,  1.]), interpolate=True, lineColor=array([ 1.,  1.,  1.]), lineColorSpace='rgb', lineRGB=array([ 1.,  1.,  1.]), lineWidth=1, name='polygon_4', opacity=1.0, ori=array(0.0), pos=array([ 0.,  0.]), size=array([ 100.,  100.]), units='pix', vertices=ndarray(...), win=Window(...))
8.4354 	EXP 	Created polygon_5 = Polygon(autoDraw=False, autoLog=True, closeShape=True, contrast=1.0, depth=-6.0, fillColor=array([ 1.,  1.,  1.]), fillColorSpace='rgb', fillRGB=array([ 1.,  1.,  1.]), interpolate=True, lineColor=array([ 1.,  1.,  1.]), lineColorSpace='rgb', lineRGB=array([ 1.,  1.,  1.]), lineWidth=1, name='polygon_5', opacity=1.0, ori=array(0.0), pos=array([ 0.,  0.]), size=array([ 100.,  100.]), units='pix', vertices=ndarray(...), win=Window(...))
8.4435 	EXP 	Created choice = TextStim(alignHoriz='center', alignVert='center', antialias=True, autoLog=True, bold=False, color='white', colorSpace='named', contrast=1.0, depth=-7.0, flipHoriz=False, flipVert=False, font='Arial', fontFiles=[], height=50, italic=False, name='choice', opacity=1.0, ori=0, pos=array([   0., -300.]), rgb=array([ 255.,  255.,  255.]), text=u'default text', units='pix', win=Window(...), wrapWidth=500)
8.4569 	EXP 	Created ro = ImageStim(autoLog=True, color=array([ 1.,  1.,  1.]), colorSpace='rgb', contrast=1.0, depth=-8.0, flipHoriz=False, flipVert=False, image='robot1.png', interpolate=True, mask=None, maskParams=None, name='ro', opacity=1.0, ori=0.0, pos=array([ 0.,  0.]), size=array([ 100.,  100.]), texRes=128, units='pix', win=Window(...))
8.4696 	EXP 	Created rq = ImageStim(autoLog=True, color=array([ 1.,  1.,  1.]), colorSpace='rgb', contrast=1.0, depth=-9.0, flipHoriz=False, flipVert=False, image='robot1.png', interpolate=True, mask=None, maskParams=None, name='rq', opacity=1.0, ori=0.0, pos=array([ 0.,  0.]), size=array([ 100.,  100.]), texRes=128, units='pix', win=Window(...))
8.4768 	EXP 	Created feedback = TextStim(alignHoriz='center', alignVert='center', antialias=True, autoLog=True, bold=False, color=u'white', colorSpace='named', contrast=1.0, depth=-1.0, flipHoriz=False, flipVert=False, font=u'Arial', fontFiles=[], height=50, italic=False, name='feedback', opacity=1.0, ori=0, pos=array([ 0.,  0.]), rgb=array([ 255.,  255.,  255.]), text=u'default text', units='pix', win=Window(...), wrapWidth=500)
8.4864 	EXP 	Created thankyou = TextStim(alignHoriz='center', alignVert='center', antialias=True, autoLog=True, bold=False, color='white', colorSpace='named', contrast=1.0, depth=0.0, flipHoriz=False, flipVert=False, font='Arial', fontFiles=[], height=50, italic=False, name='thankyou', opacity=1.0, ori=0, pos=array([ 0.,  0.]), rgb=array([ 255.,  255.,  255.]), text=u'Thank you for your participation.\n', units='pix', win=Window(...), wrapWidth=500)
8.5149 	EXP 	instruct: pos = array([   0.,  150.])
8.5149 	EXP 	na: pos = array([-110., -100.])
8.5149 	EXP 	na: size = array([ 100.,  100.])
8.5149 	EXP 	nb: pos = array([   0., -100.])
8.5149 	EXP 	nb: size = array([ 100.,  100.])
8.5149 	EXP 	nc: pos = array([ 110., -100.])
8.5149 	EXP 	nc: size = array([ 100.,  100.])
8.5149 	EXP 	welcome: autoDraw = True
11.4984 	EXP 	welcome: autoDraw = False
11.5151 	EXP 	instruct: autoDraw = True
14.5155 	EXP 	rob0: autoDraw = True
14.5155 	EXP 	robb: autoDraw = True
15.0155 	EXP 	na: autoDraw = True
15.5155 	EXP 	nb: autoDraw = True
16.0156 	EXP 	nc: autoDraw = True
17.0157 	EXP 	s1: autoDraw = True
18.0158 	EXP 	s2: autoDraw = True
19.0162 	EXP 	s3: autoDraw = True
22.4997 	EXP 	na: autoDraw = False
22.4997 	EXP 	nb: autoDraw = False
22.4997 	EXP 	nc: autoDraw = False
22.4997 	EXP 	s1: autoDraw = False
22.4997 	EXP 	s2: autoDraw = False
22.4997 	EXP 	s3: autoDraw = False
22.5163 	EXP 	heart: autoDraw = True
26.5168 	EXP 	instruct: autoDraw = False
26.5168 	EXP 	rob0: autoDraw = False
26.5168 	EXP 	robb: autoDraw = False
26.5168 	EXP 	heart: autoDraw = False
26.5168 	EXP 	welcome: autoDraw = False
26.5168 	EXP 	instruct: autoDraw = False
26.5168 	EXP 	rob0: autoDraw = False
26.5168 	EXP 	robb: autoDraw = False
26.5168 	EXP 	na: autoDraw = False
26.5168 	EXP 	nb: autoDraw = False
26.5168 	EXP 	nc: autoDraw = False
26.5168 	EXP 	s1: autoDraw = False
26.5168 	EXP 	s2: autoDraw = False
26.5168 	EXP 	s3: autoDraw = False
26.5168 	EXP 	heart: autoDraw = False
26.5168 	EXP 	text_2: pos = array([-300.,  300.])
26.5168 	EXP 	nod1: fillColor = 'red (named)'
26.5168 	EXP 	nod1: pos = array([ 20.,   0.])
26.5168 	EXP 	nod2: fillColor = 'yellow (named)'
26.5168 	EXP 	nod2: pos = array([  20.,  115.])
26.5168 	EXP 	nod2: lineColor = 'yellow (named)'
26.5168 	EXP 	nod3: fillColor = 'blue (named)'
26.5168 	EXP 	nod3: lineColor = 'blue (named)'
26.5168 	EXP 	nod4: fillColor = 'blue (named)'
26.5168 	EXP 	nod4: lineColor = 'blue (named)'
26.5168 	EXP 	rob1: ori = 0.0
26.5168 	EXP 	rob2: image = 'robot1.png'
26.5168 	EXP 	sh1: size = array([  40.,  110.])
26.5168 	EXP 	text_2: autoDraw = True
26.5168 	EXP 	nod1: autoDraw = True
26.5168 	EXP 	nod2: autoDraw = True
26.5168 	EXP 	nod3: autoDraw = True
26.5168 	EXP 	nod4: autoDraw = True
26.5168 	EXP 	rob1: autoDraw = True
26.5168 	EXP 	rob2: autoDraw = True
28.5172 	EXP 	sh1: autoDraw = True
29.0173 	EXP 	sh2a: autoDraw = True
29.0173 	EXP 	sh2b: autoDraw = True
29.5172 	EXP 	sh3: autoDraw = True
30.0174 	EXP 	sh4: autoDraw = True
31.3970 	DATA 	Keypress: space
31.4342 	EXP 	text_2: autoDraw = False
31.4342 	EXP 	nod1: autoDraw = False
31.4342 	EXP 	nod2: autoDraw = False
31.4342 	EXP 	nod3: autoDraw = False
31.4342 	EXP 	nod4: autoDraw = False
31.4342 	EXP 	rob1: autoDraw = False
31.4342 	EXP 	rob2: autoDraw = False
31.4342 	EXP 	sh1: autoDraw = False
31.4342 	EXP 	sh2a: autoDraw = False
31.4342 	EXP 	sh2b: autoDraw = False
31.4342 	EXP 	sh3: autoDraw = False
31.4342 	EXP 	sh4: autoDraw = False
31.4342 	EXP 	star: autoDraw = True
32.1716 	DATA 	Keypress: space
32.1947 	EXP 	Imported designs.xlsx as conditions, 4 conditions, 16 params
32.1952 	EXP 	Created sequence: sequential, trialTypes=4, nReps=1, seed=None
32.1959 	EXP 	New trial (rep=0, index=0): {u'n2col': u'blue', u'n4col': u'red', u'n3col': u'green', u'r4': u'd', u'n1col': u'blue', u'r1': u'a', u'r2': u'b', u'rs': u'LOC21', u'r3': u'c', u're': u'LOC9', u'n5col': u'red', u'n1': u'LOC22', u'n2': u'LOC23', u'n3': u'LOC24', u'n4': u'LOC19', u'n5': u'LOC14'}
32.2175 	EXP 	star: autoDraw = False
32.2175 	EXP 	robotS: pos = array([  20., -230.])
32.2175 	EXP 	node1: fillColor = u'blue (named)'
32.2175 	EXP 	node1: pos = array([ 135., -230.])
32.2175 	EXP 	node2: fillColor = u'blue (named)'
32.2175 	EXP 	node2: pos = array([ 250., -230.])
32.2175 	EXP 	node3: fillColor = u'green (named)'
32.2175 	EXP 	node3: pos = array([ 365., -230.])
32.2175 	EXP 	node4: fillColor = u'red (named)'
32.2175 	EXP 	node4: pos = array([ 365., -115.])
32.2175 	EXP 	node5: fillColor = u'red (named)'
32.2175 	EXP 	node5: pos = array([ 365.,    0.])
32.2175 	EXP 	robotF: pos = array([ 365.,  115.])
32.2175 	EXP 	whitebackground: autoDraw = True
32.2175 	EXP 	robotS: autoDraw = True
32.2175 	EXP 	node1: autoDraw = True
32.2175 	EXP 	node2: autoDraw = True
32.2175 	EXP 	node3: autoDraw = True
32.2175 	EXP 	node4: autoDraw = True
32.2175 	EXP 	node5: autoDraw = True
32.2175 	EXP 	robotF: autoDraw = True
32.2175 	EXP 	select1: autoDraw = True
32.2175 	EXP 	select2: autoDraw = True
32.2175 	EXP 	select3: autoDraw = True
32.2175 	EXP 	select4: autoDraw = True
32.2175 	EXP 	selection: autoDraw = True
32.2175 	EXP 	sel: autoDraw = True
33.2211 	DATA 	Keypress: a
33.3546 	DATA 	Keypress: a
33.4878 	DATA 	Keypress: a
33.6211 	DATA 	Keypress: a
33.6244 	EXP 	New trial (rep=0, index=1): {u'n2col': u'yellow', u'n4col': u'green', u'n3col': u'blue', u'r4': u'd', u'n1col': u'red', u'r1': u'a', u'r2': u'b', u'rs': u'LOC21', u'r3': u'c', u're': u'LOC3', u'n5col': u'red', u'n1': u'LOC16', u'n2': u'LOC11', u'n3': u'LOC12', u'n4': u'LOC13', u'n5': u'LOC8'}
33.6510 	EXP 	whitebackground: autoDraw = False
33.6510 	EXP 	robotS: autoDraw = False
33.6510 	EXP 	node1: autoDraw = False
33.6510 	EXP 	node2: autoDraw = False
33.6510 	EXP 	node3: autoDraw = False
33.6510 	EXP 	node4: autoDraw = False
33.6510 	EXP 	node5: autoDraw = False
33.6510 	EXP 	robotF: autoDraw = False
33.6510 	EXP 	select1: autoDraw = False
33.6510 	EXP 	select2: autoDraw = False
33.6510 	EXP 	select3: autoDraw = False
33.6510 	EXP 	select4: autoDraw = False
33.6510 	EXP 	selection: autoDraw = False
33.6510 	EXP 	sel: autoDraw = False
33.6510 	EXP 	robotS: pos = array([  20., -230.])
33.6510 	EXP 	node1: fillColor = u'red (named)'
33.6510 	EXP 	node1: pos = array([  20., -115.])
33.6510 	EXP 	node2: fillColor = u'yellow (named)'
33.6510 	EXP 	node2: pos = array([ 20.,   0.])
33.6510 	EXP 	node3: fillColor = u'blue (named)'
33.6510 	EXP 	node3: pos = array([ 135.,    0.])
33.6510 	EXP 	node4: fillColor = u'green (named)'
33.6510 	EXP 	node4: pos = array([ 250.,    0.])
33.6510 	EXP 	node5: fillColor = u'red (named)'
33.6510 	EXP 	node5: pos = array([ 250.,  115.])
33.6510 	EXP 	robotF: pos = array([ 250.,  230.])
33.6510 	EXP 	whitebackground: autoDraw = True
33.6510 	EXP 	robotS: autoDraw = True
33.6510 	EXP 	node1: autoDraw = True
33.6510 	EXP 	node2: autoDraw = True
33.6510 	EXP 	node3: autoDraw = True
33.6510 	EXP 	node4: autoDraw = True
33.6510 	EXP 	node5: autoDraw = True
33.6510 	EXP 	robotF: autoDraw = True
33.6510 	EXP 	select1: autoDraw = True
33.6510 	EXP 	select2: autoDraw = True
33.6510 	EXP 	select3: autoDraw = True
33.6510 	EXP 	select4: autoDraw = True
33.6510 	EXP 	selection: autoDraw = True
33.6510 	EXP 	sel: autoDraw = True
33.7879 	DATA 	Keypress: a
33.9722 	DATA 	Keypress: a
34.1210 	DATA 	Keypress: a
34.2706 	DATA 	Keypress: a
34.2730 	EXP 	New trial (rep=0, index=2): {u'n2col': u'red', u'n4col': u'blue', u'n3col': u'yellow', u'r4': u'd', u'n1col': u'red', u'r1': u'a', u'r2': u'b', u'rs': u'LOC22', u'r3': u'c', u're': u'LOC10', u'n5col': u'blue', u'n1': u'LOC17', u'n2': u'LOC12', u'n3': u'LOC7', u'n4': u'LOC8', u'n5': u'LOC9'}
34.3007 	EXP 	whitebackground: autoDraw = False
34.3007 	EXP 	robotS: autoDraw = False
34.3007 	EXP 	node1: autoDraw = False
34.3007 	EXP 	node2: autoDraw = False
34.3007 	EXP 	node3: autoDraw = False
34.3007 	EXP 	node4: autoDraw = False
34.3007 	EXP 	node5: autoDraw = False
34.3007 	EXP 	robotF: autoDraw = False
34.3007 	EXP 	select1: autoDraw = False
34.3007 	EXP 	select2: autoDraw = False
34.3007 	EXP 	select3: autoDraw = False
34.3007 	EXP 	select4: autoDraw = False
34.3007 	EXP 	selection: autoDraw = False
34.3007 	EXP 	sel: autoDraw = False
34.3007 	EXP 	robotS: pos = array([ 135., -230.])
34.3007 	EXP 	node1: fillColor = u'red (named)'
34.3007 	EXP 	node1: pos = array([ 135., -115.])
34.3007 	EXP 	node2: fillColor = u'red (named)'
34.3007 	EXP 	node2: pos = array([ 135.,    0.])
34.3007 	EXP 	node3: fillColor = u'yellow (named)'
34.3007 	EXP 	node3: pos = array([ 135.,  115.])
34.3007 	EXP 	node4: fillColor = u'blue (named)'
34.3007 	EXP 	node4: pos = array([ 250.,  115.])
34.3007 	EXP 	node5: fillColor = u'blue (named)'
34.3007 	EXP 	node5: pos = array([ 365.,  115.])
34.3007 	EXP 	robotF: pos = array([ 480.,  115.])
34.3007 	EXP 	whitebackground: autoDraw = True
34.3007 	EXP 	robotS: autoDraw = True
34.3007 	EXP 	node1: autoDraw = True
34.3007 	EXP 	node2: autoDraw = True
34.3007 	EXP 	node3: autoDraw = True
34.3007 	EXP 	node4: autoDraw = True
34.3007 	EXP 	node5: autoDraw = True
34.3007 	EXP 	robotF: autoDraw = True
34.3007 	EXP 	select1: autoDraw = True
34.3007 	EXP 	select2: autoDraw = True
34.3007 	EXP 	select3: autoDraw = True
34.3007 	EXP 	select4: autoDraw = True
34.3007 	EXP 	selection: autoDraw = True
34.3007 	EXP 	sel: autoDraw = True
34.5065 	DATA 	Keypress: a
34.6719 	DATA 	Keypress: a
34.8385 	DATA 	Keypress: a
35.1386 	DATA 	Keypress: a
35.1412 	EXP 	New trial (rep=0, index=3): {u'n2col': u'yellow', u'n4col': u'yellow', u'n3col': u'green', u'r4': u'd', u'n1col': u'green', u'r1': u'a', u'r2': u'b', u'rs': u'LOC16', u'r3': u'c', u're': u'LOC10', u'n5col': u'blue', u'n1': u'LOC17', u'n2': u'LOC12', u'n3': u'LOC13', u'n4': u'LOC8', u'n5': u'LOC9'}
35.1679 	EXP 	whitebackground: autoDraw = False
35.1679 	EXP 	robotS: autoDraw = False
35.1679 	EXP 	node1: autoDraw = False
35.1679 	EXP 	node2: autoDraw = False
35.1679 	EXP 	node3: autoDraw = False
35.1679 	EXP 	node4: autoDraw = False
35.1679 	EXP 	node5: autoDraw = False
35.1679 	EXP 	robotF: autoDraw = False
35.1679 	EXP 	select1: autoDraw = False
35.1679 	EXP 	select2: autoDraw = False
35.1679 	EXP 	select3: autoDraw = False
35.1679 	EXP 	select4: autoDraw = False
35.1679 	EXP 	selection: autoDraw = False
35.1679 	EXP 	sel: autoDraw = False
35.1679 	EXP 	robotS: pos = array([  20., -115.])
35.1679 	EXP 	node1: fillColor = u'green (named)'
35.1679 	EXP 	node1: pos = array([ 135., -115.])
35.1679 	EXP 	node2: fillColor = u'yellow (named)'
35.1679 	EXP 	node2: pos = array([ 135.,    0.])
35.1679 	EXP 	node3: fillColor = u'green (named)'
35.1679 	EXP 	node3: pos = array([ 250.,    0.])
35.1679 	EXP 	node4: fillColor = u'yellow (named)'
35.1679 	EXP 	node4: pos = array([ 250.,  115.])
35.1679 	EXP 	node5: fillColor = u'blue (named)'
35.1679 	EXP 	node5: pos = array([ 365.,  115.])
35.1679 	EXP 	robotF: pos = array([ 480.,  115.])
35.1679 	EXP 	whitebackground: autoDraw = True
35.1679 	EXP 	robotS: autoDraw = True
35.1679 	EXP 	node1: autoDraw = True
35.1679 	EXP 	node2: autoDraw = True
35.1679 	EXP 	node3: autoDraw = True
35.1679 	EXP 	node4: autoDraw = True
35.1679 	EXP 	node5: autoDraw = True
35.1679 	EXP 	robotF: autoDraw = True
35.1679 	EXP 	select1: autoDraw = True
35.1679 	EXP 	select2: autoDraw = True
35.1679 	EXP 	select3: autoDraw = True
35.1679 	EXP 	select4: autoDraw = True
35.1679 	EXP 	selection: autoDraw = True
35.1679 	EXP 	sel: autoDraw = True
35.4891 	DATA 	Keypress: a
35.6549 	DATA 	Keypress: a
35.7917 	DATA 	Keypress: a
36.2213 	DATA 	Keypress: a
36.2442 	EXP 	Imported designs1.xlsx as conditions, 2 conditions, 13 params
36.2446 	EXP 	Created sequence: sequential, trialTypes=2, nReps=1, seed=None
36.2454 	EXP 	New trial (rep=0, index=0): {u'n1col': u'green', u'n2col': u'yellow', u'n4col': u'yellow', u'rs': u'LOC16', u'n3col': u'green', u're': u'LOC10', u'corrAns': u'y', u'n5col': u'blue', u'n1': u'LOC17', u'n2': u'LOC12', u'n3': u'LOC13', u'n4': u'LOC8', u'n5': u'LOC9'}
36.2845 	EXP 	whitebackground: autoDraw = False
36.2845 	EXP 	robotS: autoDraw = False
36.2845 	EXP 	node1: autoDraw = False
36.2845 	EXP 	node2: autoDraw = False
36.2845 	EXP 	node3: autoDraw = False
36.2845 	EXP 	node4: autoDraw = False
36.2845 	EXP 	node5: autoDraw = False
36.2845 	EXP 	robotF: autoDraw = False
36.2845 	EXP 	select1: autoDraw = False
36.2845 	EXP 	select2: autoDraw = False
36.2845 	EXP 	select3: autoDraw = False
36.2845 	EXP 	select4: autoDraw = False
36.2845 	EXP 	selection: autoDraw = False
36.2845 	EXP 	sel: autoDraw = False
36.2845 	EXP 	polygon: fillColor = u'green (named)'
36.2845 	EXP 	polygon: pos = array([ 135., -115.])
36.2845 	EXP 	polygon_2: fillColor = u'yellow (named)'
36.2845 	EXP 	polygon_2: pos = array([ 135.,    0.])
36.2845 	EXP 	polygon_3: fillColor = u'green (named)'
36.2845 	EXP 	polygon_3: pos = array([ 250.,    0.])
36.2845 	EXP 	polygon_4: fillColor = u'yellow (named)'
36.2845 	EXP 	polygon_4: pos = array([ 250.,  115.])
36.2845 	EXP 	polygon_5: fillColor = u'blue (named)'
36.2845 	EXP 	polygon_5: pos = array([ 365.,  115.])
36.2845 	EXP 	choice: text = "Press 'y' for Yes  \nPress 'n' for No"
36.2845 	EXP 	ro: color = '[ 1.  1.  1.] (rgb)'
36.2845 	EXP 	ro: pos = array([  20., -115.])
36.2845 	EXP 	rq: color = '[ 1.  1.  1.] (rgb)'
36.2845 	EXP 	rq: pos = array([ 480.,  115.])
36.2845 	EXP 	Evaluation: autoDraw = True
36.2845 	EXP 	polygon: autoDraw = True
36.2845 	EXP 	polygon_2: autoDraw = True
36.2845 	EXP 	polygon_3: autoDraw = True
36.2845 	EXP 	polygon_4: autoDraw = True
36.2845 	EXP 	polygon_5: autoDraw = True
36.2845 	EXP 	choice: autoDraw = True
36.2845 	EXP 	ro: autoDraw = True
36.2845 	EXP 	rq: autoDraw = True
37.8550 	DATA 	Keypress: y
37.8849 	EXP 	Evaluation: autoDraw = False
37.8849 	EXP 	polygon: autoDraw = False
37.8849 	EXP 	polygon_2: autoDraw = False
37.8849 	EXP 	polygon_3: autoDraw = False
37.8849 	EXP 	polygon_4: autoDraw = False
37.8849 	EXP 	polygon_5: autoDraw = False
37.8849 	EXP 	choice: autoDraw = False
37.8849 	EXP 	ro: autoDraw = False
37.8849 	EXP 	rq: autoDraw = False
37.8849 	EXP 	feedback: text = 'Fabulous!'
37.8849 	EXP 	feedback: autoDraw = True
40.8530 	EXP 	New trial (rep=0, index=1): {u'n1col': u'blue', u'n2col': u'yellow', u'n4col': u'yellow', u'rs': u'LOC16', u'n3col': u'red', u're': u'LOC10', u'corrAns': u'n', u'n5col': u'blue', u'n1': u'LOC17', u'n2': u'LOC12', u'n3': u'LOC13', u'n4': u'LOC8', u'n5': u'LOC9'}
40.8688 	EXP 	feedback: autoDraw = False
40.8688 	EXP 	feedback: autoDraw = False
40.8688 	EXP 	polygon: fillColor = u'blue (named)'
40.8688 	EXP 	polygon: pos = array([ 135., -115.])
40.8688 	EXP 	polygon_2: fillColor = u'yellow (named)'
40.8688 	EXP 	polygon_2: pos = array([ 135.,    0.])
40.8688 	EXP 	polygon_3: fillColor = u'red (named)'
40.8688 	EXP 	polygon_3: pos = array([ 250.,    0.])
40.8688 	EXP 	polygon_4: fillColor = u'yellow (named)'
40.8688 	EXP 	polygon_4: pos = array([ 250.,  115.])
40.8688 	EXP 	polygon_5: fillColor = u'blue (named)'
40.8688 	EXP 	polygon_5: pos = array([ 365.,  115.])
40.8688 	EXP 	choice: text = "Press 'y' for Yes  \nPress 'n' for No"
40.8688 	EXP 	ro: color = '[ 1.  1.  1.] (rgb)'
40.8688 	EXP 	ro: pos = array([  20., -115.])
40.8688 	EXP 	rq: color = '[ 1.  1.  1.] (rgb)'
40.8688 	EXP 	rq: pos = array([ 480.,  115.])
40.8688 	EXP 	Evaluation: autoDraw = True
40.8688 	EXP 	polygon: autoDraw = True
40.8688 	EXP 	polygon_2: autoDraw = True
40.8688 	EXP 	polygon_3: autoDraw = True
40.8688 	EXP 	polygon_4: autoDraw = True
40.8688 	EXP 	polygon_5: autoDraw = True
40.8688 	EXP 	choice: autoDraw = True
40.8688 	EXP 	ro: autoDraw = True
40.8688 	EXP 	rq: autoDraw = True
43.7891 	DATA 	Keypress: n
43.8024 	EXP 	Evaluation: autoDraw = False
43.8024 	EXP 	polygon: autoDraw = False
43.8024 	EXP 	polygon_2: autoDraw = False
43.8024 	EXP 	polygon_3: autoDraw = False
43.8024 	EXP 	polygon_4: autoDraw = False
43.8024 	EXP 	polygon_5: autoDraw = False
43.8024 	EXP 	choice: autoDraw = False
43.8024 	EXP 	ro: autoDraw = False
43.8024 	EXP 	rq: autoDraw = False
43.8024 	EXP 	feedback: text = 'Fabulous!'
43.8024 	EXP 	feedback: autoDraw = True
46.8021 	EXP 	feedback: autoDraw = False
46.8021 	EXP 	feedback: autoDraw = False
46.8021 	EXP 	thankyou: autoDraw = True
47.8132 	EXP 	window1: mouseVisible = True
