6.7445 	EXP 	Created window1 = Window(allowGUI=False, allowStencil=False, autoLog=True, bitsMode=UNKNOWN, blendMode='avg', color='black', colorSpace='named', fullscr=UNKNOWN, gamma=None, lms=UNKNOWN, monitor=<psychopy.monitors.calibTools.Monitor object at 0x111af8910>, name='window1', pos=[0, 0], screen=0, size=array([1440,  900]), stereo=False, units='pix', useFBO=True, useRetina=False, viewOri=0.0, viewPos=None, viewScale=None, waitBlanking=True, winType='pyglet')
6.7446 	EXP 	window1: recordFrameIntervals = False
6.9101 	EXP 	window1: recordFrameIntervals = True
7.0939 	EXP 	window1: recordFrameIntervals = False
7.2597 	EXP 	Created welcome = TextStim(alignHoriz='center', alignVert='center', antialias=True, autoLog=True, bold=False, color='white', colorSpace='named', contrast=1.0, depth=-1.0, flipHoriz=False, flipVert=False, font='Arial', fontFiles=[], height=100, italic=False, name='welcome', opacity=1.0, ori=0, pos=array([ 0.,  0.]), rgb=array([ 255.,  255.,  255.]), text=u'Welcome!', units='pix', win=Window(...), wrapWidth=500)
7.2955 	EXP 	Created instruct = TextStim(alignHoriz='center', alignVert='center', antialias=True, autoLog=True, bold=False, color='white', colorSpace='named', contrast=1.0, depth=-2.0, flipHoriz=False, flipVert=False, font='Arial', fontFiles=[], height=50, italic=False, name='instruct', opacity=1.0, ori=0, pos=array([ 0.,  0.]), rgb=array([ 255.,  255.,  255.]), text=unicode(...), units='pix', win=Window(...), wrapWidth=500)
7.3791 	EXP 	Created rob0 = ImageStim(autoLog=True, color=array([ 1.,  1.,  1.]), colorSpace='rgb', contrast=1.0, depth=-3.0, flipHoriz=False, flipVert=False, image='robot1.png', interpolate=True, mask=None, maskParams=None, name='rob0', opacity=1.0, ori=0.0, pos=array([-250., -100.]), size=array([ 200.,  200.]), texRes=128, units='pix', win=Window(...))
7.3934 	EXP 	Created robb = ImageStim(autoLog=True, color=array([ 1.,  1.,  1.]), colorSpace='rgb', contrast=1.0, depth=-4.0, flipHoriz=False, flipVert=False, image='robot1.png', interpolate=True, mask=None, maskParams=None, name='robb', opacity=1.0, ori=0.0, pos=array([ 250., -100.]), size=array([ 200.,  200.]), texRes=128, units='pix', win=Window(...))
7.4096 	EXP 	Created na = Polygon(autoDraw=False, autoLog=True, closeShape=True, contrast=1.0, depth=-5.0, fillColor='blue', fillColorSpace='named', fillRGB=array([   0.,    0.,  255.]), interpolate=True, lineColor='blue', lineColorSpace='named', lineRGB=array([   0.,    0.,  255.]), lineWidth=1, name='na', opacity=1.0, ori=array(0.0), pos=array([ 0.,  0.]), size=array([ 1.,  1.]), units='pix', vertices=ndarray(...), win=Window(...))
7.4157 	EXP 	Created nb = Polygon(autoDraw=False, autoLog=True, closeShape=True, contrast=1.0, depth=-6.0, fillColor='blue', fillColorSpace='named', fillRGB=array([   0.,    0.,  255.]), interpolate=True, lineColor='blue', lineColorSpace='named', lineRGB=array([   0.,    0.,  255.]), lineWidth=1, name='nb', opacity=1.0, ori=array(0.0), pos=array([ 0.,  0.]), size=array([ 1.,  1.]), units='pix', vertices=ndarray(...), win=Window(...))
7.4226 	EXP 	Created nc = Polygon(autoDraw=False, autoLog=True, closeShape=True, contrast=1.0, depth=-7.0, fillColor='blue', fillColorSpace='named', fillRGB=array([   0.,    0.,  255.]), interpolate=True, lineColor='blue', lineColorSpace='named', lineRGB=array([   0.,    0.,  255.]), lineWidth=1, name='nc', opacity=1.0, ori=array(0.0), pos=array([ 0.,  0.]), size=array([ 1.,  1.]), units='pix', vertices=ndarray(...), win=Window(...))
7.4247 	EXP 	<method-wrapper '__getattribute__' of attributeSetter object at 0x10e333ed0>: vertices = array([[-55.,  20.],
       [ 55.,  20.],
       [ 55., -20.],
       [-55., -20.]])
7.4265 	EXP 	Created s1 = Rect(autoDraw=False, autoLog=True, closeShape=True, contrast=1.0, depth=-8.0, fillColor='black', fillColorSpace='named', fillRGB=array([ 0.,  0.,  0.]), interpolate=True, lineColor='black', lineColorSpace='named', lineRGB=array([ 0.,  0.,  0.]), lineWidth=1, name='s1', opacity=1.0, ori=array(0.0), pos=array([-110., -100.]), size=array([ 1.,  1.]), units='pix', vertices=ndarray(...), win=Window(...))
7.4270 	EXP 	<method-wrapper '__getattribute__' of attributeSetter object at 0x10e333ed0>: vertices = array([[-55.,  20.],
       [ 55.,  20.],
       [ 55., -20.],
       [-55., -20.]])
7.4285 	EXP 	Created s2 = Rect(autoDraw=False, autoLog=True, closeShape=True, contrast=1.0, depth=-9.0, fillColor='black', fillColorSpace='named', fillRGB=array([ 0.,  0.,  0.]), interpolate=True, lineColor='black', lineColorSpace='named', lineRGB=array([ 0.,  0.,  0.]), lineWidth=1, name='s2', opacity=1.0, ori=array(0.0), pos=array([   0., -100.]), size=array([ 1.,  1.]), units='pix', vertices=ndarray(...), win=Window(...))
7.4289 	EXP 	<method-wrapper '__getattribute__' of attributeSetter object at 0x10e333ed0>: vertices = array([[-55.,  20.],
       [ 55.,  20.],
       [ 55., -20.],
       [-55., -20.]])
7.4305 	EXP 	Created s3 = Rect(autoDraw=False, autoLog=True, closeShape=True, contrast=1.0, depth=-10.0, fillColor='black', fillColorSpace='named', fillRGB=array([ 0.,  0.,  0.]), interpolate=True, lineColor='black', lineColorSpace='named', lineRGB=array([ 0.,  0.,  0.]), lineWidth=1, name='s3', opacity=1.0, ori=array(0.0), pos=array([ 110., -100.]), size=array([ 1.,  1.]), units='pix', vertices=ndarray(...), win=Window(...))
7.9402 	EXP 	Created heart = ImageStim(autoLog=True, color=array([ 1.,  1.,  1.]), colorSpace='rgb', contrast=1.0, depth=-11.0, flipHoriz=False, flipVert=False, image='heart.png', interpolate=True, mask=None, maskParams=None, name='heart', opacity=1.0, ori=0.0, pos=array([   0., -100.]), size=array([ 1.,  1.]), texRes=128, units='pix', win=Window(...))
8.0291 	EXP 	Created text_2 = TextStim(alignHoriz='center', alignVert='center', antialias=True, autoLog=True, bold=False, color='white', colorSpace='named', contrast=1.0, depth=-1.0, flipHoriz=False, flipVert=False, font='Arial', fontFiles=[], height=40, italic=False, name='text_2', opacity=1.0, ori=0, pos=array([ 0.,  0.]), rgb=array([ 255.,  255.,  255.]), text=u"Let's take an example", units='pix', win=Window(...), wrapWidth=500)
8.0393 	EXP 	Created nod1 = Polygon(autoDraw=False, autoLog=True, closeShape=True, contrast=1.0, depth=-2.0, fillColor=array([ 1.,  1.,  1.]), fillColorSpace='rgb', fillRGB=array([ 1.,  1.,  1.]), interpolate=True, lineColor='red', lineColorSpace='named', lineRGB=array([ 255.,    0.,    0.]), lineWidth=1, name='nod1', opacity=1.0, ori=array(0.0), pos=array([ 0.,  0.]), size=array([ 100.,  100.]), units='pix', vertices=ndarray(...), win=Window(...))
8.0513 	EXP 	Created nod2 = Polygon(autoDraw=False, autoLog=True, closeShape=True, contrast=1.0, depth=-3.0, fillColor=array([ 1.,  1.,  1.]), fillColorSpace='rgb', fillRGB=array([ 1.,  1.,  1.]), interpolate=True, lineColor=array([ 1.,  1.,  1.]), lineColorSpace='rgb', lineRGB=array([ 1.,  1.,  1.]), lineWidth=1, name='nod2', opacity=1.0, ori=array(0.0), pos=array([ 0.,  0.]), size=array([ 100.,  100.]), units='pix', vertices=ndarray(...), win=Window(...))
8.0654 	EXP 	Created nod3 = Polygon(autoDraw=False, autoLog=True, closeShape=True, contrast=1.0, depth=-4.0, fillColor=array([ 1.,  1.,  1.]), fillColorSpace='rgb', fillRGB=array([ 1.,  1.,  1.]), interpolate=True, lineColor=array([ 1.,  1.,  1.]), lineColorSpace='rgb', lineRGB=array([ 1.,  1.,  1.]), lineWidth=1, name='nod3', opacity=1.0, ori=array(0.0), pos=array([ 135.,  115.]), size=array([ 100.,  100.]), units='pix', vertices=ndarray(...), win=Window(...))
8.0768 	EXP 	Created nod4 = Polygon(autoDraw=False, autoLog=True, closeShape=True, contrast=1.0, depth=-5.0, fillColor=array([ 1.,  1.,  1.]), fillColorSpace='rgb', fillRGB=array([ 1.,  1.,  1.]), interpolate=True, lineColor=array([ 1.,  1.,  1.]), lineColorSpace='rgb', lineRGB=array([ 1.,  1.,  1.]), lineWidth=1, name='nod4', opacity=1.0, ori=array(0.0), pos=array([ 250.,  115.]), size=array([ 100.,  100.]), units='pix', vertices=ndarray(...), win=Window(...))
8.0977 	EXP 	Created rob1 = ImageStim(autoLog=True, color=array([ 1.,  1.,  1.]), colorSpace='rgb', contrast=1.0, depth=-6.0, flipHoriz=False, flipVert=False, image='robot1.png', interpolate=True, mask=None, maskParams=None, name='rob1', opacity=1.0, ori=1.0, pos=array([  20., -115.]), size=array([ 100.,  100.]), texRes=128, units='pix', win=Window(...))
8.1026 	EXP 	Created rob2 = ImageStim(autoLog=True, color=array([ 1.,  1.,  1.]), colorSpace='rgb', contrast=1.0, depth=-7.0, flipHoriz=False, flipVert=False, image='sin', interpolate=True, mask=None, maskParams=None, name='rob2', opacity=1.0, ori=0.0, pos=array([ 365.,  115.]), size=array([ 100.,  100.]), texRes=128, units='pix', win=Window(...))
8.1033 	EXP 	<method-wrapper '__getattribute__' of attributeSetter object at 0x10e333ed0>: vertices = array([[-0.5,  0.5],
       [ 0.5,  0.5],
       [ 0.5, -0.5],
       [-0.5, -0.5]])
8.1052 	EXP 	Created sh1 = Rect(autoDraw=False, autoLog=True, closeShape=True, contrast=1.0, depth=-9.0, fillColor='black', fillColorSpace='named', fillRGB=array([ 0.,  0.,  0.]), interpolate=True, lineColor='black', lineColorSpace='named', lineRGB=array([ 0.,  0.,  0.]), lineWidth=1, name='sh1', opacity=1.0, ori=array(0.0), pos=array([ 20.,   0.]), size=array([ 1.,  1.]), units='pix', vertices=ndarray(...), win=Window(...))
8.1056 	EXP 	<method-wrapper '__getattribute__' of attributeSetter object at 0x10e333ed0>: vertices = array([[-30.,  20.],
       [ 30.,  20.],
       [ 30., -20.],
       [-30., -20.]])
8.1072 	EXP 	Created sh2a = Rect(autoDraw=False, autoLog=True, closeShape=True, contrast=1.0, depth=-10.0, fillColor='black', fillColorSpace='named', fillRGB=array([ 0.,  0.,  0.]), interpolate=True, lineColor='black', lineColorSpace='named', lineRGB=array([ 0.,  0.,  0.]), lineWidth=1, name='sh2a', opacity=1.0, ori=array(0.0), pos=array([  50.,  113.]), size=array([ 1.,  1.]), units='pix', vertices=ndarray(...), win=Window(...))
8.1076 	EXP 	<method-wrapper '__getattribute__' of attributeSetter object at 0x10e333ed0>: vertices = array([[-20.,  40.],
       [ 20.,  40.],
       [ 20., -40.],
       [-20., -40.]])
8.1093 	EXP 	Created sh2b = Rect(autoDraw=False, autoLog=True, closeShape=True, contrast=1.0, depth=-11.0, fillColor='black', fillColorSpace='named', fillRGB=array([ 0.,  0.,  0.]), interpolate=True, lineColor='black', lineColorSpace='named', lineRGB=array([ 0.,  0.,  0.]), lineWidth=1, name='sh2b', opacity=1.0, ori=array(0.0), pos=array([ 22.,  93.]), size=array([ 1.,  1.]), units='pix', vertices=ndarray(...), win=Window(...))
8.1098 	EXP 	<method-wrapper '__getattribute__' of attributeSetter object at 0x10e333ed0>: vertices = array([[-55.,  20.],
       [ 55.,  20.],
       [ 55., -20.],
       [-55., -20.]])
8.1113 	EXP 	Created sh3 = Rect(autoDraw=False, autoLog=True, closeShape=True, contrast=1.0, depth=-12.0, fillColor='black', fillColorSpace='named', fillRGB=array([ 0.,  0.,  0.]), interpolate=True, lineColor='black', lineColorSpace='named', lineRGB=array([ 0.,  0.,  0.]), lineWidth=1, name='sh3', opacity=1.0, ori=array(0.0), pos=array([ 135.,  115.]), size=array([ 1.,  1.]), units='pix', vertices=ndarray(...), win=Window(...))
8.1117 	EXP 	<method-wrapper '__getattribute__' of attributeSetter object at 0x10e333ed0>: vertices = array([[-55.,  20.],
       [ 55.,  20.],
       [ 55., -20.],
       [-55., -20.]])
8.1132 	EXP 	Created sh4 = Rect(autoDraw=False, autoLog=True, closeShape=True, contrast=1.0, depth=-13.0, fillColor='black', fillColorSpace='named', fillRGB=array([ 0.,  0.,  0.]), interpolate=True, lineColor='black', lineColorSpace='named', lineRGB=array([ 0.,  0.,  0.]), lineWidth=1, name='sh4', opacity=1.0, ori=array(0.0), pos=array([ 250.,  115.]), size=array([ 1.,  1.]), units='pix', vertices=ndarray(...), win=Window(...))
8.1344 	EXP 	Created star = TextStim(alignHoriz='center', alignVert='center', antialias=True, autoLog=True, bold=False, color='white', colorSpace='named', contrast=1.0, depth=0.0, flipHoriz=False, flipVert=False, font='Arial', fontFiles=[], height=50, italic=False, name='star', opacity=1.0, ori=0, pos=array([ 0.,  0.]), rgb=array([ 255.,  255.,  255.]), text=unicode(...), units='pix', win=Window(...), wrapWidth=500)
8.1349 	EXP 	<method-wrapper '__getattribute__' of attributeSetter object at 0x10e333ed0>: vertices = array([[-400.,  450.],
       [ 400.,  450.],
       [ 400., -450.],
       [-400., -450.]])
8.1377 	EXP 	Created whitebackground = Rect(autoDraw=False, autoLog=True, closeShape=True, contrast=1.0, depth=-2.0, fillColor=array([ 1.,  1.,  1.]), fillColorSpace='rgb', fillRGB=array([ 1.,  1.,  1.]), interpolate=True, lineColor=array([ 1.,  1.,  1.]), lineColorSpace='rgb', lineRGB=array([ 1.,  1.,  1.]), lineWidth=0, name='whitebackground', opacity=1.0, ori=array(0.0), pos=array([-560.,    0.]), size=array([ 1.,  1.]), units='pix', vertices=ndarray(...), win=Window(...))
8.1573 	EXP 	Created robotS = ImageStim(autoLog=True, color=array([ 1.,  1.,  1.]), colorSpace='rgb', contrast=1.0, depth=-3.0, flipHoriz=False, flipVert=False, image='robot1.png', interpolate=True, mask=None, maskParams=None, name='robotS', opacity=1.0, ori=0.0, pos=array([ 0.,  0.]), size=array([ 100.,  100.]), texRes=128, units='pix', win=Window(...))
8.1705 	EXP 	Created node1 = Polygon(autoDraw=False, autoLog=True, closeShape=True, contrast=1.0, depth=-4.0, fillColor=array([ 1.,  1.,  1.]), fillColorSpace='rgb', fillRGB=array([ 1.,  1.,  1.]), interpolate=True, lineColor=array([ 1.,  1.,  1.]), lineColorSpace='rgb', lineRGB=array([ 1.,  1.,  1.]), lineWidth=0, name='node1', opacity=1.0, ori=array(0.0), pos=array([ 0.,  0.]), size=array([ 100.,  100.]), units='pix', vertices=ndarray(...), win=Window(...))
8.1785 	EXP 	Created node2 = Polygon(autoDraw=False, autoLog=True, closeShape=True, contrast=1.0, depth=-5.0, fillColor=array([ 1.,  1.,  1.]), fillColorSpace='rgb', fillRGB=array([ 1.,  1.,  1.]), interpolate=True, lineColor=array([ 1.,  1.,  1.]), lineColorSpace='rgb', lineRGB=array([ 1.,  1.,  1.]), lineWidth=0, name='node2', opacity=1.0, ori=array(0.0), pos=array([ 0.,  0.]), size=array([ 100.,  100.]), units='pix', vertices=ndarray(...), win=Window(...))
8.1859 	EXP 	Created node3 = Polygon(autoDraw=False, autoLog=True, closeShape=True, contrast=1.0, depth=-6.0, fillColor=array([ 1.,  1.,  1.]), fillColorSpace='rgb', fillRGB=array([ 1.,  1.,  1.]), interpolate=True, lineColor=array([ 1.,  1.,  1.]), lineColorSpace='rgb', lineRGB=array([ 1.,  1.,  1.]), lineWidth=0, name='node3', opacity=1.0, ori=array(0.0), pos=array([ 0.,  0.]), size=array([ 100.,  100.]), units='pix', vertices=ndarray(...), win=Window(...))
8.1936 	EXP 	Created node4 = Polygon(autoDraw=False, autoLog=True, closeShape=True, contrast=1.0, depth=-7.0, fillColor=array([ 1.,  1.,  1.]), fillColorSpace='rgb', fillRGB=array([ 1.,  1.,  1.]), interpolate=True, lineColor=array([ 1.,  1.,  1.]), lineColorSpace='rgb', lineRGB=array([ 1.,  1.,  1.]), lineWidth=0, name='node4', opacity=1.0, ori=array(0.0), pos=array([ 0.,  0.]), size=array([ 100.,  100.]), units='pix', vertices=ndarray(...), win=Window(...))
8.2076 	EXP 	Created node5 = Polygon(autoDraw=False, autoLog=True, closeShape=True, contrast=1.0, depth=-8.0, fillColor=array([ 1.,  1.,  1.]), fillColorSpace='rgb', fillRGB=array([ 1.,  1.,  1.]), interpolate=True, lineColor=array([ 1.,  1.,  1.]), lineColorSpace='rgb', lineRGB=array([ 1.,  1.,  1.]), lineWidth=0, name='node5', opacity=1.0, ori=array(0.0), pos=array([ 0.,  0.]), size=array([ 100.,  100.]), units='pix', vertices=ndarray(...), win=Window(...))
8.2218 	EXP 	Created robotF = ImageStim(autoLog=True, color=array([ 1.,  1.,  1.]), colorSpace='rgb', contrast=1.0, depth=-9.0, flipHoriz=False, flipVert=False, image='robot1.png', interpolate=True, mask=None, maskParams=None, name='robotF', opacity=1.0, ori=0.0, pos=array([ 0.,  0.]), size=array([ 100.,  100.]), texRes=128, units='pix', win=Window(...))
8.2285 	EXP 	Created select1 = Polygon(autoDraw=False, autoLog=True, closeShape=True, contrast=1.0, depth=-10.0, fillColor='red', fillColorSpace='named', fillRGB=array([ 255.,    0.,    0.]), interpolate=True, lineColor=array([ 1.,  1.,  1.]), lineColorSpace='rgb', lineRGB=array([ 1.,  1.,  1.]), lineWidth=0, name='select1', opacity=1.0, ori=array(0.0), pos=array([-630.,    0.]), size=array([ 100.,  100.]), units='pix', vertices=ndarray(...), win=Window(...))
8.2348 	EXP 	Created select2 = Polygon(autoDraw=False, autoLog=True, closeShape=True, contrast=1.0, depth=-11.0, fillColor='blue', fillColorSpace='named', fillRGB=array([   0.,    0.,  255.]), interpolate=True, lineColor=array([ 1.,  1.,  1.]), lineColorSpace='rgb', lineRGB=array([ 1.,  1.,  1.]), lineWidth=0, name='select2', opacity=1.0, ori=array(0.0), pos=array([-630., -120.]), size=array([ 100.,  100.]), units='pix', vertices=ndarray(...), win=Window(...))
8.2412 	EXP 	Created select3 = Polygon(autoDraw=False, autoLog=True, closeShape=True, contrast=1.0, depth=-12.0, fillColor='yellow', fillColorSpace='named', fillRGB=array([ 255.,  255.,    0.]), interpolate=True, lineColor=array([ 1.,  1.,  1.]), lineColorSpace='rgb', lineRGB=array([ 1.,  1.,  1.]), lineWidth=0, name='select3', opacity=1.0, ori=array(0.0), pos=array([-630., -240.]), size=array([ 100.,  100.]), units='pix', vertices=ndarray(...), win=Window(...))
8.2488 	EXP 	Created select4 = Polygon(autoDraw=False, autoLog=True, closeShape=True, contrast=1.0, depth=-13.0, fillColor='green', fillColorSpace='named', fillRGB=array([   0.,  128.,    0.]), interpolate=True, lineColor=array([ 1.,  1.,  1.]), lineColorSpace='rgb', lineRGB=array([ 1.,  1.,  1.]), lineWidth=0, name='select4', opacity=1.0, ori=array(0.0), pos=array([-630., -360.]), size=array([ 100.,  100.]), units='pix', vertices=ndarray(...), win=Window(...))
8.2874 	EXP 	Created selection = ImageStim(autoLog=True, color=array([ 1.,  1.,  1.]), colorSpace='rgb', contrast=1.0, depth=-14.0, flipHoriz=False, flipVert=False, image='mastershapes.png', interpolate=True, mask=None, maskParams=None, name='selection', opacity=1.0, ori=0.0, pos=array([ 0.,  0.]), size=array([ 500.,  400.]), texRes=128, units='pix', win=Window(...))
8.3608 	EXP 	Created sel = TextStim(alignHoriz='center', alignVert='center', antialias=True, autoLog=True, bold=False, color='black', colorSpace='named', contrast=1.0, depth=-15.0, flipHoriz=False, flipVert=False, font='Arial', fontFiles=[], height=30, italic=False, name='sel', opacity=1.0, ori=0, pos=array([-450.,  250.]), rgb=array([ 0.,  0.,  0.]), text=unicode(...), units='pix', win=Window(...), wrapWidth=500)
8.3743 	EXP 	Created Evaluation = TextStim(alignHoriz='center', alignVert='center', antialias=True, autoLog=True, bold=False, color='white', colorSpace='named', contrast=1.0, depth=0.0, flipHoriz=False, flipVert=False, font='Arial', fontFiles=[], height=50, italic=False, name='Evaluation', opacity=1.0, ori=0, pos=array([   0.,  300.]), rgb=array([ 255.,  255.,  255.]), text=u'Is this pathway correct? \n', units='pix', win=Window(...), wrapWidth=500)
8.3839 	EXP 	Created polygon = Polygon(autoDraw=False, autoLog=True, closeShape=True, contrast=1.0, depth=-1.0, fillColor=array([ 1.,  1.,  1.]), fillColorSpace='rgb', fillRGB=array([ 1.,  1.,  1.]), interpolate=True, lineColor=array([ 1.,  1.,  1.]), lineColorSpace='rgb', lineRGB=array([ 1.,  1.,  1.]), lineWidth=1, name='polygon', opacity=1.0, ori=array(0.0), pos=array([ 0.,  0.]), size=array([ 100.,  100.]), units='pix', vertices=ndarray(...), win=Window(...))
8.3941 	EXP 	Created polygon_2 = Polygon(autoDraw=False, autoLog=True, closeShape=True, contrast=1.0, depth=-2.0, fillColor=array([ 1.,  1.,  1.]), fillColorSpace='rgb', fillRGB=array([ 1.,  1.,  1.]), interpolate=True, lineColor=array([ 1.,  1.,  1.]), lineColorSpace='rgb', lineRGB=array([ 1.,  1.,  1.]), lineWidth=1, name='polygon_2', opacity=1.0, ori=array(0.0), pos=array([ 0.,  0.]), size=array([ 100.,  100.]), units='pix', vertices=ndarray(...), win=Window(...))
8.4050 	EXP 	Created polygon_3 = Polygon(autoDraw=False, autoLog=True, closeShape=True, contrast=1.0, depth=-3.0, fillColor=array([ 1.,  1.,  1.]), fillColorSpace='rgb', fillRGB=array([ 1.,  1.,  1.]), interpolate=True, lineColor=array([ 1.,  1.,  1.]), lineColorSpace='rgb', lineRGB=array([ 1.,  1.,  1.]), lineWidth=1, name='polygon_3', opacity=1.0, ori=array(0.0), pos=array([ 0.,  0.]), size=array([ 100.,  100.]), units='pix', vertices=ndarray(...), win=Window(...))
8.4129 	EXP 	Created polygon_4 = Polygon(autoDraw=False, autoLog=True, closeShape=True, contrast=1.0, depth=-4.0, fillColor=array([ 1.,  1.,  1.]), fillColorSpace='rgb', fillRGB=array([ 1.,  1.,  1.]), interpolate=True, lineColor=array([ 1.,  1.,  1.]), lineColorSpace='rgb', lineRGB=array([ 1.,  1.,  1.]), lineWidth=1, name='polygon_4', opacity=1.0, ori=array(0.0), pos=array([ 0.,  0.]), size=array([ 100.,  100.]), units='pix', vertices=ndarray(...), win=Window(...))
8.4226 	EXP 	Created polygon_5 = Polygon(autoDraw=False, autoLog=True, closeShape=True, contrast=1.0, depth=-5.0, fillColor=array([ 1.,  1.,  1.]), fillColorSpace='rgb', fillRGB=array([ 1.,  1.,  1.]), interpolate=True, lineColor=array([ 1.,  1.,  1.]), lineColorSpace='rgb', lineRGB=array([ 1.,  1.,  1.]), lineWidth=1, name='polygon_5', opacity=1.0, ori=array(0.0), pos=array([ 0.,  0.]), size=array([ 100.,  100.]), units='pix', vertices=ndarray(...), win=Window(...))
8.4312 	EXP 	Created choice = TextStim(alignHoriz='center', alignVert='center', antialias=True, autoLog=True, bold=False, color=u'white', colorSpace='named', contrast=1.0, depth=-6.0, flipHoriz=False, flipVert=False, font=u'Arial', fontFiles=[], height=50, italic=False, name='choice', opacity=1.0, ori=0, pos=array([   0., -300.]), rgb=array([ 255.,  255.,  255.]), text=u'default text', units='pix', win=Window(...), wrapWidth=500)
8.4461 	EXP 	Created ro = ImageStim(autoLog=True, color=array([ 1.,  1.,  1.]), colorSpace='rgb', contrast=1.0, depth=-7.0, flipHoriz=False, flipVert=False, image='robot1.png', interpolate=True, mask=None, maskParams=None, name='ro', opacity=1.0, ori=0.0, pos=array([ 0.,  0.]), size=array([ 100.,  100.]), texRes=128, units='pix', win=Window(...))
8.4615 	EXP 	Created rq = ImageStim(autoLog=True, color=array([ 1.,  1.,  1.]), colorSpace='rgb', contrast=1.0, depth=-8.0, flipHoriz=False, flipVert=False, image='robot1.png', interpolate=True, mask=None, maskParams=None, name='rq', opacity=1.0, ori=0.0, pos=array([ 0.,  0.]), size=array([ 100.,  100.]), texRes=128, units='pix', win=Window(...))
8.4690 	EXP 	Created feedback = TextStim(alignHoriz='center', alignVert='center', antialias=True, autoLog=True, bold=False, color=u'white', colorSpace='named', contrast=1.0, depth=-10.0, flipHoriz=False, flipVert=False, font=u'Arial', fontFiles=[], height=50, italic=False, name='feedback', opacity=1.0, ori=0, pos=array([ 0.,  0.]), rgb=array([ 255.,  255.,  255.]), text=u'default text', units='pix', win=Window(...), wrapWidth=500)
8.4810 	EXP 	Created thankyou = TextStim(alignHoriz='center', alignVert='center', antialias=True, autoLog=True, bold=False, color='white', colorSpace='named', contrast=1.0, depth=0.0, flipHoriz=False, flipVert=False, font='Arial', fontFiles=[], height=50, italic=False, name='thankyou', opacity=1.0, ori=0, pos=array([ 0.,  0.]), rgb=array([ 255.,  255.,  255.]), text=u'Thank you for your participation.\n', units='pix', win=Window(...), wrapWidth=500)
8.5102 	EXP 	instruct: pos = array([   0.,  150.])
8.5102 	EXP 	na: pos = array([-110., -100.])
8.5102 	EXP 	na: size = array([ 100.,  100.])
8.5102 	EXP 	nb: pos = array([   0., -100.])
8.5102 	EXP 	nb: size = array([ 100.,  100.])
8.5102 	EXP 	nc: pos = array([ 110., -100.])
8.5102 	EXP 	nc: size = array([ 100.,  100.])
8.5102 	EXP 	welcome: autoDraw = True
11.4937 	EXP 	welcome: autoDraw = False
11.5103 	EXP 	instruct: autoDraw = True
14.5109 	EXP 	rob0: autoDraw = True
14.5109 	EXP 	robb: autoDraw = True
15.0108 	EXP 	na: autoDraw = True
15.5110 	EXP 	nb: autoDraw = True
16.0109 	EXP 	nc: autoDraw = True
17.0111 	EXP 	s1: autoDraw = True
18.0111 	EXP 	s2: autoDraw = True
19.0113 	EXP 	s3: autoDraw = True
22.4950 	EXP 	na: autoDraw = False
22.4950 	EXP 	nb: autoDraw = False
22.4950 	EXP 	nc: autoDraw = False
22.4950 	EXP 	s1: autoDraw = False
22.4950 	EXP 	s2: autoDraw = False
22.4950 	EXP 	s3: autoDraw = False
22.5116 	EXP 	heart: autoDraw = True
26.5120 	EXP 	instruct: autoDraw = False
26.5120 	EXP 	rob0: autoDraw = False
26.5120 	EXP 	robb: autoDraw = False
26.5120 	EXP 	heart: autoDraw = False
26.5120 	EXP 	welcome: autoDraw = False
26.5120 	EXP 	instruct: autoDraw = False
26.5120 	EXP 	rob0: autoDraw = False
26.5120 	EXP 	robb: autoDraw = False
26.5120 	EXP 	na: autoDraw = False
26.5120 	EXP 	nb: autoDraw = False
26.5120 	EXP 	nc: autoDraw = False
26.5120 	EXP 	s1: autoDraw = False
26.5120 	EXP 	s2: autoDraw = False
26.5120 	EXP 	s3: autoDraw = False
26.5120 	EXP 	heart: autoDraw = False
26.5120 	EXP 	text_2: pos = array([-300.,  300.])
26.5120 	EXP 	nod1: fillColor = 'red (named)'
26.5120 	EXP 	nod1: pos = array([ 20.,   0.])
26.5120 	EXP 	nod2: fillColor = 'yellow (named)'
26.5120 	EXP 	nod2: pos = array([  20.,  115.])
26.5120 	EXP 	nod2: lineColor = 'yellow (named)'
26.5120 	EXP 	nod3: fillColor = 'blue (named)'
26.5120 	EXP 	nod3: lineColor = 'blue (named)'
26.5120 	EXP 	nod4: fillColor = 'blue (named)'
26.5120 	EXP 	nod4: lineColor = 'blue (named)'
26.5120 	EXP 	rob1: ori = 0.0
26.5120 	EXP 	rob2: image = 'robot1.png'
26.5120 	EXP 	sh1: size = array([  40.,  110.])
26.5120 	EXP 	text_2: autoDraw = True
26.5120 	EXP 	nod1: autoDraw = True
26.5120 	EXP 	nod2: autoDraw = True
26.5120 	EXP 	nod3: autoDraw = True
26.5120 	EXP 	nod4: autoDraw = True
26.5120 	EXP 	rob1: autoDraw = True
26.5120 	EXP 	rob2: autoDraw = True
28.5124 	EXP 	sh1: autoDraw = True
29.0125 	EXP 	sh2a: autoDraw = True
29.0125 	EXP 	sh2b: autoDraw = True
29.5125 	EXP 	sh3: autoDraw = True
30.0125 	EXP 	sh4: autoDraw = True
32.5815 	DATA 	Keypress: space
32.6127 	EXP 	text_2: autoDraw = False
32.6127 	EXP 	nod1: autoDraw = False
32.6127 	EXP 	nod2: autoDraw = False
32.6127 	EXP 	nod3: autoDraw = False
32.6127 	EXP 	nod4: autoDraw = False
32.6127 	EXP 	rob1: autoDraw = False
32.6127 	EXP 	rob2: autoDraw = False
32.6127 	EXP 	sh1: autoDraw = False
32.6127 	EXP 	sh2a: autoDraw = False
32.6127 	EXP 	sh2b: autoDraw = False
32.6127 	EXP 	sh3: autoDraw = False
32.6127 	EXP 	sh4: autoDraw = False
32.6127 	EXP 	star: autoDraw = True
32.9827 	DATA 	Keypress: space
33.0088 	EXP 	Imported designs.xlsx as conditions, 4 conditions, 16 params
33.0099 	EXP 	Created sequence: sequential, trialTypes=4, nReps=1, seed=None
33.0110 	EXP 	New trial (rep=0, index=0): {u'n2col': u'blue', u'n4col': u'red', u'n3col': u'green', u'r4': u'd', u'n1col': u'blue', u'r1': u'a', u'r2': u'b', u'rs': u'LOC21', u'r3': u'c', u're': u'LOC9', u'n5col': u'red', u'n1': u'LOC22', u'n2': u'LOC23', u'n3': u'LOC24', u'n4': u'LOC19', u'n5': u'LOC14'}
33.0295 	EXP 	star: autoDraw = False
33.0295 	EXP 	robotS: pos = array([  20., -230.])
33.0295 	EXP 	node1: fillColor = u'blue (named)'
33.0295 	EXP 	node1: pos = array([ 135., -230.])
33.0295 	EXP 	node2: fillColor = u'blue (named)'
33.0295 	EXP 	node2: pos = array([ 250., -230.])
33.0295 	EXP 	node3: fillColor = u'green (named)'
33.0295 	EXP 	node3: pos = array([ 365., -230.])
33.0295 	EXP 	node4: fillColor = u'red (named)'
33.0295 	EXP 	node4: pos = array([ 365., -115.])
33.0295 	EXP 	node5: fillColor = u'red (named)'
33.0295 	EXP 	node5: pos = array([ 365.,    0.])
33.0295 	EXP 	robotF: pos = array([ 365.,  115.])
33.0295 	EXP 	whitebackground: autoDraw = True
33.0295 	EXP 	robotS: autoDraw = True
33.0295 	EXP 	node1: autoDraw = True
33.0295 	EXP 	node2: autoDraw = True
33.0295 	EXP 	node3: autoDraw = True
33.0295 	EXP 	node4: autoDraw = True
33.0295 	EXP 	node5: autoDraw = True
33.0295 	EXP 	robotF: autoDraw = True
33.0295 	EXP 	select1: autoDraw = True
33.0295 	EXP 	select2: autoDraw = True
33.0295 	EXP 	select3: autoDraw = True
33.0295 	EXP 	select4: autoDraw = True
33.0295 	EXP 	selection: autoDraw = True
33.0295 	EXP 	sel: autoDraw = True
34.1171 	DATA 	Keypress: a
34.3662 	DATA 	Keypress: a
34.5993 	DATA 	Keypress: a
34.8703 	DATA 	Keypress: a
34.8831 	EXP 	New trial (rep=0, index=1): {u'n2col': u'yellow', u'n4col': u'green', u'n3col': u'blue', u'r4': u'd', u'n1col': u'red', u'r1': u'a', u'r2': u'b', u'rs': u'LOC21', u'r3': u'c', u're': u'LOC3', u'n5col': u'red', u'n1': u'LOC16', u'n2': u'LOC11', u'n3': u'LOC12', u'n4': u'LOC13', u'n5': u'LOC8'}
34.8965 	EXP 	whitebackground: autoDraw = False
34.8965 	EXP 	robotS: autoDraw = False
34.8965 	EXP 	node1: autoDraw = False
34.8965 	EXP 	node2: autoDraw = False
34.8965 	EXP 	node3: autoDraw = False
34.8965 	EXP 	node4: autoDraw = False
34.8965 	EXP 	node5: autoDraw = False
34.8965 	EXP 	robotF: autoDraw = False
34.8965 	EXP 	select1: autoDraw = False
34.8965 	EXP 	select2: autoDraw = False
34.8965 	EXP 	select3: autoDraw = False
34.8965 	EXP 	select4: autoDraw = False
34.8965 	EXP 	selection: autoDraw = False
34.8965 	EXP 	sel: autoDraw = False
34.8965 	EXP 	robotS: pos = array([  20., -230.])
34.8965 	EXP 	node1: fillColor = u'red (named)'
34.8965 	EXP 	node1: pos = array([  20., -115.])
34.8965 	EXP 	node2: fillColor = u'yellow (named)'
34.8965 	EXP 	node2: pos = array([ 20.,   0.])
34.8965 	EXP 	node3: fillColor = u'blue (named)'
34.8965 	EXP 	node3: pos = array([ 135.,    0.])
34.8965 	EXP 	node4: fillColor = u'green (named)'
34.8965 	EXP 	node4: pos = array([ 250.,    0.])
34.8965 	EXP 	node5: fillColor = u'red (named)'
34.8965 	EXP 	node5: pos = array([ 250.,  115.])
34.8965 	EXP 	robotF: pos = array([ 250.,  230.])
34.8965 	EXP 	whitebackground: autoDraw = True
34.8965 	EXP 	robotS: autoDraw = True
34.8965 	EXP 	node1: autoDraw = True
34.8965 	EXP 	node2: autoDraw = True
34.8965 	EXP 	node3: autoDraw = True
34.8965 	EXP 	node4: autoDraw = True
34.8965 	EXP 	node5: autoDraw = True
34.8965 	EXP 	robotF: autoDraw = True
34.8965 	EXP 	select1: autoDraw = True
34.8965 	EXP 	select2: autoDraw = True
34.8965 	EXP 	select3: autoDraw = True
34.8965 	EXP 	select4: autoDraw = True
34.8965 	EXP 	selection: autoDraw = True
34.8965 	EXP 	sel: autoDraw = True
35.1521 	DATA 	Keypress: a
35.3830 	DATA 	Keypress: a
35.8326 	DATA 	Keypress: a
36.1499 	DATA 	Keypress: a
36.1523 	EXP 	New trial (rep=0, index=2): {u'n2col': u'red', u'n4col': u'blue', u'n3col': u'yellow', u'r4': u'd', u'n1col': u'red', u'r1': u'a', u'r2': u'b', u'rs': u'LOC22', u'r3': u'c', u're': u'LOC10', u'n5col': u'blue', u'n1': u'LOC17', u'n2': u'LOC12', u'n3': u'LOC7', u'n4': u'LOC8', u'n5': u'LOC9'}
36.1798 	EXP 	whitebackground: autoDraw = False
36.1798 	EXP 	robotS: autoDraw = False
36.1798 	EXP 	node1: autoDraw = False
36.1798 	EXP 	node2: autoDraw = False
36.1798 	EXP 	node3: autoDraw = False
36.1798 	EXP 	node4: autoDraw = False
36.1798 	EXP 	node5: autoDraw = False
36.1798 	EXP 	robotF: autoDraw = False
36.1798 	EXP 	select1: autoDraw = False
36.1798 	EXP 	select2: autoDraw = False
36.1798 	EXP 	select3: autoDraw = False
36.1798 	EXP 	select4: autoDraw = False
36.1798 	EXP 	selection: autoDraw = False
36.1798 	EXP 	sel: autoDraw = False
36.1798 	EXP 	robotS: pos = array([ 135., -230.])
36.1798 	EXP 	node1: fillColor = u'red (named)'
36.1798 	EXP 	node1: pos = array([ 135., -115.])
36.1798 	EXP 	node2: fillColor = u'red (named)'
36.1798 	EXP 	node2: pos = array([ 135.,    0.])
36.1798 	EXP 	node3: fillColor = u'yellow (named)'
36.1798 	EXP 	node3: pos = array([ 135.,  115.])
36.1798 	EXP 	node4: fillColor = u'blue (named)'
36.1798 	EXP 	node4: pos = array([ 250.,  115.])
36.1798 	EXP 	node5: fillColor = u'blue (named)'
36.1798 	EXP 	node5: pos = array([ 365.,  115.])
36.1798 	EXP 	robotF: pos = array([ 480.,  115.])
36.1798 	EXP 	whitebackground: autoDraw = True
36.1798 	EXP 	robotS: autoDraw = True
36.1798 	EXP 	node1: autoDraw = True
36.1798 	EXP 	node2: autoDraw = True
36.1798 	EXP 	node3: autoDraw = True
36.1798 	EXP 	node4: autoDraw = True
36.1798 	EXP 	node5: autoDraw = True
36.1798 	EXP 	robotF: autoDraw = True
36.1798 	EXP 	select1: autoDraw = True
36.1798 	EXP 	select2: autoDraw = True
36.1798 	EXP 	select3: autoDraw = True
36.1798 	EXP 	select4: autoDraw = True
36.1798 	EXP 	selection: autoDraw = True
36.1798 	EXP 	sel: autoDraw = True
36.4829 	DATA 	Keypress: a
36.7829 	DATA 	Keypress: a
37.1495 	DATA 	Keypress: a
37.5329 	DATA 	Keypress: a
37.5348 	EXP 	New trial (rep=0, index=3): {u'n2col': u'yellow', u'n4col': u'yellow', u'n3col': u'green', u'r4': u'd', u'n1col': u'green', u'r1': u'a', u'r2': u'b', u'rs': u'LOC16', u'r3': u'c', u're': u'LOC10', u'n5col': u'blue', u'n1': u'LOC17', u'n2': u'LOC12', u'n3': u'LOC13', u'n4': u'LOC8', u'n5': u'LOC9'}
37.5467 	EXP 	whitebackground: autoDraw = False
37.5467 	EXP 	robotS: autoDraw = False
37.5467 	EXP 	node1: autoDraw = False
37.5467 	EXP 	node2: autoDraw = False
37.5467 	EXP 	node3: autoDraw = False
37.5467 	EXP 	node4: autoDraw = False
37.5467 	EXP 	node5: autoDraw = False
37.5467 	EXP 	robotF: autoDraw = False
37.5467 	EXP 	select1: autoDraw = False
37.5467 	EXP 	select2: autoDraw = False
37.5467 	EXP 	select3: autoDraw = False
37.5467 	EXP 	select4: autoDraw = False
37.5467 	EXP 	selection: autoDraw = False
37.5467 	EXP 	sel: autoDraw = False
37.5467 	EXP 	robotS: pos = array([  20., -115.])
37.5467 	EXP 	node1: fillColor = u'green (named)'
37.5467 	EXP 	node1: pos = array([ 135., -115.])
37.5467 	EXP 	node2: fillColor = u'yellow (named)'
37.5467 	EXP 	node2: pos = array([ 135.,    0.])
37.5467 	EXP 	node3: fillColor = u'green (named)'
37.5467 	EXP 	node3: pos = array([ 250.,    0.])
37.5467 	EXP 	node4: fillColor = u'yellow (named)'
37.5467 	EXP 	node4: pos = array([ 250.,  115.])
37.5467 	EXP 	node5: fillColor = u'blue (named)'
37.5467 	EXP 	node5: pos = array([ 365.,  115.])
37.5467 	EXP 	robotF: pos = array([ 480.,  115.])
37.5467 	EXP 	whitebackground: autoDraw = True
37.5467 	EXP 	robotS: autoDraw = True
37.5467 	EXP 	node1: autoDraw = True
37.5467 	EXP 	node2: autoDraw = True
37.5467 	EXP 	node3: autoDraw = True
37.5467 	EXP 	node4: autoDraw = True
37.5467 	EXP 	node5: autoDraw = True
37.5467 	EXP 	robotF: autoDraw = True
37.5467 	EXP 	select1: autoDraw = True
37.5467 	EXP 	select2: autoDraw = True
37.5467 	EXP 	select3: autoDraw = True
37.5467 	EXP 	select4: autoDraw = True
37.5467 	EXP 	selection: autoDraw = True
37.5467 	EXP 	sel: autoDraw = True
37.8501 	DATA 	Keypress: a
38.1665 	DATA 	Keypress: a
38.6003 	DATA 	Keypress: a
39.0164 	DATA 	Keypress: a
39.0347 	EXP 	Imported designs1.xlsx as conditions, 2 conditions, 13 params
39.0354 	EXP 	Created sequence: random, trialTypes=2, nReps=5, seed=None
39.0360 	EXP 	New trial (rep=0, index=0): {u'n1col': u'blue', u'n2col': u'yellow', u'n4col': u'yellow', u'rs': u'LOC16', u'n3col': u'red', u're': u'LOC10', u'corrAns': u'n', u'n5col': u'blue', u'n1': u'LOC17', u'n2': u'LOC12', u'n3': u'LOC13', u'n4': u'LOC8', u'n5': u'LOC9'}
39.0802 	EXP 	whitebackground: autoDraw = False
39.0802 	EXP 	robotS: autoDraw = False
39.0802 	EXP 	node1: autoDraw = False
39.0802 	EXP 	node2: autoDraw = False
39.0802 	EXP 	node3: autoDraw = False
39.0802 	EXP 	node4: autoDraw = False
39.0802 	EXP 	node5: autoDraw = False
39.0802 	EXP 	robotF: autoDraw = False
39.0802 	EXP 	select1: autoDraw = False
39.0802 	EXP 	select2: autoDraw = False
39.0802 	EXP 	select3: autoDraw = False
39.0802 	EXP 	select4: autoDraw = False
39.0802 	EXP 	selection: autoDraw = False
39.0802 	EXP 	sel: autoDraw = False
39.0802 	EXP 	polygon: fillColor = u'blue (named)'
39.0802 	EXP 	polygon: pos = array([ 135., -115.])
39.0802 	EXP 	polygon_2: fillColor = u'yellow (named)'
39.0802 	EXP 	polygon_2: pos = array([ 135.,    0.])
39.0802 	EXP 	polygon_3: fillColor = u'red (named)'
39.0802 	EXP 	polygon_3: pos = array([ 250.,    0.])
39.0802 	EXP 	polygon_4: fillColor = u'yellow (named)'
39.0802 	EXP 	polygon_4: pos = array([ 250.,  115.])
39.0802 	EXP 	polygon_5: fillColor = u'blue (named)'
39.0802 	EXP 	polygon_5: pos = array([ 365.,  115.])
39.0802 	EXP 	choice: text = u"Press 'y' for Yes  \nPress 'n' for No"
39.0802 	EXP 	ro: color = '[ 1.  1.  1.] (rgb)'
39.0802 	EXP 	ro: pos = array([  20., -115.])
39.0802 	EXP 	rq: color = '[ 1.  1.  1.] (rgb)'
39.0802 	EXP 	rq: pos = array([ 480.,  115.])
39.0802 	EXP 	feedback: text = u"msg=''"
39.0802 	EXP 	Evaluation: autoDraw = True
39.0802 	EXP 	polygon: autoDraw = True
39.0802 	EXP 	polygon_2: autoDraw = True
39.0802 	EXP 	polygon_3: autoDraw = True
39.0802 	EXP 	polygon_4: autoDraw = True
39.0802 	EXP 	polygon_5: autoDraw = True
39.0802 	EXP 	choice: autoDraw = True
39.0802 	EXP 	ro: autoDraw = True
39.0802 	EXP 	rq: autoDraw = True
53.0352 	DATA 	Keypress: y
53.0375 	EXP 	New trial (rep=0, index=1): {u'n1col': u'green', u'n2col': u'yellow', u'n4col': u'yellow', u'rs': u'LOC16', u'n3col': u'green', u're': u'LOC10', u'corrAns': u'y', u'n5col': u'blue', u'n1': u'LOC17', u'n2': u'LOC12', u'n3': u'LOC13', u'n4': u'LOC8', u'n5': u'LOC9'}
53.0651 	EXP 	Evaluation: autoDraw = False
53.0651 	EXP 	polygon: autoDraw = False
53.0651 	EXP 	polygon_2: autoDraw = False
53.0651 	EXP 	polygon_3: autoDraw = False
53.0651 	EXP 	polygon_4: autoDraw = False
53.0651 	EXP 	polygon_5: autoDraw = False
53.0651 	EXP 	choice: autoDraw = False
53.0651 	EXP 	ro: autoDraw = False
53.0651 	EXP 	rq: autoDraw = False
53.0651 	EXP 	feedback: autoDraw = False
53.0651 	EXP 	polygon: fillColor = u'green (named)'
53.0651 	EXP 	polygon: pos = array([ 135., -115.])
53.0651 	EXP 	polygon_2: fillColor = u'yellow (named)'
53.0651 	EXP 	polygon_2: pos = array([ 135.,    0.])
53.0651 	EXP 	polygon_3: fillColor = u'green (named)'
53.0651 	EXP 	polygon_3: pos = array([ 250.,    0.])
53.0651 	EXP 	polygon_4: fillColor = u'yellow (named)'
53.0651 	EXP 	polygon_4: pos = array([ 250.,  115.])
53.0651 	EXP 	polygon_5: fillColor = u'blue (named)'
53.0651 	EXP 	polygon_5: pos = array([ 365.,  115.])
53.0651 	EXP 	choice: text = u"Press 'y' for Yes  \nPress 'n' for No"
53.0651 	EXP 	ro: color = '[ 1.  1.  1.] (rgb)'
53.0651 	EXP 	ro: pos = array([  20., -115.])
53.0651 	EXP 	rq: color = '[ 1.  1.  1.] (rgb)'
53.0651 	EXP 	rq: pos = array([ 480.,  115.])
53.0651 	EXP 	feedback: text = u"msg=''"
53.0651 	EXP 	Evaluation: autoDraw = True
53.0651 	EXP 	polygon: autoDraw = True
53.0651 	EXP 	polygon_2: autoDraw = True
53.0651 	EXP 	polygon_3: autoDraw = True
53.0651 	EXP 	polygon_4: autoDraw = True
53.0651 	EXP 	polygon_5: autoDraw = True
53.0651 	EXP 	choice: autoDraw = True
53.0651 	EXP 	ro: autoDraw = True
53.0651 	EXP 	rq: autoDraw = True
53.9713 	DATA 	Keypress: y
53.9837 	EXP 	New trial (rep=1, index=0): {u'n1col': u'green', u'n2col': u'yellow', u'n4col': u'yellow', u'rs': u'LOC16', u'n3col': u'green', u're': u'LOC10', u'corrAns': u'y', u'n5col': u'blue', u'n1': u'LOC17', u'n2': u'LOC12', u'n3': u'LOC13', u'n4': u'LOC8', u'n5': u'LOC9'}
53.9985 	EXP 	Evaluation: autoDraw = False
53.9985 	EXP 	polygon: autoDraw = False
53.9985 	EXP 	polygon_2: autoDraw = False
53.9985 	EXP 	polygon_3: autoDraw = False
53.9985 	EXP 	polygon_4: autoDraw = False
53.9985 	EXP 	polygon_5: autoDraw = False
53.9985 	EXP 	choice: autoDraw = False
53.9985 	EXP 	ro: autoDraw = False
53.9985 	EXP 	rq: autoDraw = False
53.9985 	EXP 	feedback: autoDraw = False
53.9985 	EXP 	polygon: fillColor = u'green (named)'
53.9985 	EXP 	polygon: pos = array([ 135., -115.])
53.9985 	EXP 	polygon_2: fillColor = u'yellow (named)'
53.9985 	EXP 	polygon_2: pos = array([ 135.,    0.])
53.9985 	EXP 	polygon_3: fillColor = u'green (named)'
53.9985 	EXP 	polygon_3: pos = array([ 250.,    0.])
53.9985 	EXP 	polygon_4: fillColor = u'yellow (named)'
53.9985 	EXP 	polygon_4: pos = array([ 250.,  115.])
53.9985 	EXP 	polygon_5: fillColor = u'blue (named)'
53.9985 	EXP 	polygon_5: pos = array([ 365.,  115.])
53.9985 	EXP 	choice: text = u"Press 'y' for Yes  \nPress 'n' for No"
53.9985 	EXP 	ro: color = '[ 1.  1.  1.] (rgb)'
53.9985 	EXP 	ro: pos = array([  20., -115.])
53.9985 	EXP 	rq: color = '[ 1.  1.  1.] (rgb)'
53.9985 	EXP 	rq: pos = array([ 480.,  115.])
53.9985 	EXP 	feedback: text = u"msg=''"
53.9985 	EXP 	Evaluation: autoDraw = True
53.9985 	EXP 	polygon: autoDraw = True
53.9985 	EXP 	polygon_2: autoDraw = True
53.9985 	EXP 	polygon_3: autoDraw = True
53.9985 	EXP 	polygon_4: autoDraw = True
53.9985 	EXP 	polygon_5: autoDraw = True
53.9985 	EXP 	choice: autoDraw = True
53.9985 	EXP 	ro: autoDraw = True
53.9985 	EXP 	rq: autoDraw = True
57.5020 	DATA 	Keypress: escape
