6.8589 	EXP 	Created window1 = Window(allowGUI=False, allowStencil=False, autoLog=True, bitsMode=UNKNOWN, blendMode='avg', color='black', colorSpace='named', fullscr=UNKNOWN, gamma=None, lms=UNKNOWN, monitor=<psychopy.monitors.calibTools.Monitor object at 0x112574a50>, name='window1', pos=[0, 0], screen=0, size=array([1440,  900]), stereo=False, units='pix', useFBO=True, useRetina=False, viewOri=0.0, viewPos=None, viewScale=None, waitBlanking=True, winType='pyglet')
6.8589 	EXP 	window1: recordFrameIntervals = False
7.0245 	EXP 	window1: recordFrameIntervals = True
7.2084 	EXP 	window1: recordFrameIntervals = False
7.3794 	EXP 	Created welcome = TextStim(alignHoriz='center', alignVert='center', antialias=True, autoLog=True, bold=False, color='white', colorSpace='named', contrast=1.0, depth=-1.0, flipHoriz=False, flipVert=False, font='Arial', fontFiles=[], height=100, italic=False, name='welcome', opacity=1.0, ori=0, pos=array([ 0.,  0.]), rgb=array([ 255.,  255.,  255.]), text=u'Welcome!', units='pix', win=Window(...), wrapWidth=500)
7.4177 	EXP 	Created instruct = TextStim(alignHoriz='center', alignVert='center', antialias=True, autoLog=True, bold=False, color='white', colorSpace='named', contrast=1.0, depth=-2.0, flipHoriz=False, flipVert=False, font='Arial', fontFiles=[], height=50, italic=False, name='instruct', opacity=1.0, ori=0, pos=array([ 0.,  0.]), rgb=array([ 255.,  255.,  255.]), text=unicode(...), units='pix', win=Window(...), wrapWidth=500)
7.5147 	EXP 	Created rob0 = ImageStim(autoLog=True, color=array([ 1.,  1.,  1.]), colorSpace='rgb', contrast=1.0, depth=-3.0, flipHoriz=False, flipVert=False, image='robot1.png', interpolate=True, mask=None, maskParams=None, name='rob0', opacity=1.0, ori=0.0, pos=array([-250., -100.]), size=array([ 200.,  200.]), texRes=128, units='pix', win=Window(...))
7.5290 	EXP 	Created robb = ImageStim(autoLog=True, color=array([ 1.,  1.,  1.]), colorSpace='rgb', contrast=1.0, depth=-4.0, flipHoriz=False, flipVert=False, image='robot1.png', interpolate=True, mask=None, maskParams=None, name='robb', opacity=1.0, ori=0.0, pos=array([ 250., -100.]), size=array([ 200.,  200.]), texRes=128, units='pix', win=Window(...))
7.5461 	EXP 	Created na = Polygon(autoDraw=False, autoLog=True, closeShape=True, contrast=1.0, depth=-5.0, fillColor='blue', fillColorSpace='named', fillRGB=array([   0.,    0.,  255.]), interpolate=True, lineColor='blue', lineColorSpace='named', lineRGB=array([   0.,    0.,  255.]), lineWidth=1, name='na', opacity=1.0, ori=array(0.0), pos=array([ 0.,  0.]), size=array([ 1.,  1.]), units='pix', vertices=ndarray(...), win=Window(...))
7.5518 	EXP 	Created nb = Polygon(autoDraw=False, autoLog=True, closeShape=True, contrast=1.0, depth=-6.0, fillColor='blue', fillColorSpace='named', fillRGB=array([   0.,    0.,  255.]), interpolate=True, lineColor='blue', lineColorSpace='named', lineRGB=array([   0.,    0.,  255.]), lineWidth=1, name='nb', opacity=1.0, ori=array(0.0), pos=array([ 0.,  0.]), size=array([ 1.,  1.]), units='pix', vertices=ndarray(...), win=Window(...))
7.5585 	EXP 	Created nc = Polygon(autoDraw=False, autoLog=True, closeShape=True, contrast=1.0, depth=-7.0, fillColor='blue', fillColorSpace='named', fillRGB=array([   0.,    0.,  255.]), interpolate=True, lineColor='blue', lineColorSpace='named', lineRGB=array([   0.,    0.,  255.]), lineWidth=1, name='nc', opacity=1.0, ori=array(0.0), pos=array([ 0.,  0.]), size=array([ 1.,  1.]), units='pix', vertices=ndarray(...), win=Window(...))
7.5612 	EXP 	<method-wrapper '__getattribute__' of attributeSetter object at 0x10ef0c050>: vertices = array([[-55.,  20.],
       [ 55.,  20.],
       [ 55., -20.],
       [-55., -20.]])
7.5632 	EXP 	Created s1 = Rect(autoDraw=False, autoLog=True, closeShape=True, contrast=1.0, depth=-8.0, fillColor='black', fillColorSpace='named', fillRGB=array([ 0.,  0.,  0.]), interpolate=True, lineColor='black', lineColorSpace='named', lineRGB=array([ 0.,  0.,  0.]), lineWidth=1, name='s1', opacity=1.0, ori=array(0.0), pos=array([-110., -100.]), size=array([ 1.,  1.]), units='pix', vertices=ndarray(...), win=Window(...))
7.5638 	EXP 	<method-wrapper '__getattribute__' of attributeSetter object at 0x10ef0c050>: vertices = array([[-55.,  20.],
       [ 55.,  20.],
       [ 55., -20.],
       [-55., -20.]])
7.5662 	EXP 	Created s2 = Rect(autoDraw=False, autoLog=True, closeShape=True, contrast=1.0, depth=-9.0, fillColor='black', fillColorSpace='named', fillRGB=array([ 0.,  0.,  0.]), interpolate=True, lineColor='black', lineColorSpace='named', lineRGB=array([ 0.,  0.,  0.]), lineWidth=1, name='s2', opacity=1.0, ori=array(0.0), pos=array([   0., -100.]), size=array([ 1.,  1.]), units='pix', vertices=ndarray(...), win=Window(...))
7.5666 	EXP 	<method-wrapper '__getattribute__' of attributeSetter object at 0x10ef0c050>: vertices = array([[-55.,  20.],
       [ 55.,  20.],
       [ 55., -20.],
       [-55., -20.]])
7.5679 	EXP 	Created s3 = Rect(autoDraw=False, autoLog=True, closeShape=True, contrast=1.0, depth=-10.0, fillColor='black', fillColorSpace='named', fillRGB=array([ 0.,  0.,  0.]), interpolate=True, lineColor='black', lineColorSpace='named', lineRGB=array([ 0.,  0.,  0.]), lineWidth=1, name='s3', opacity=1.0, ori=array(0.0), pos=array([ 110., -100.]), size=array([ 1.,  1.]), units='pix', vertices=ndarray(...), win=Window(...))
8.0237 	EXP 	Created heart = ImageStim(autoLog=True, color=array([ 1.,  1.,  1.]), colorSpace='rgb', contrast=1.0, depth=-11.0, flipHoriz=False, flipVert=False, image='heart.png', interpolate=True, mask=None, maskParams=None, name='heart', opacity=1.0, ori=0.0, pos=array([   0., -100.]), size=array([ 1.,  1.]), texRes=128, units='pix', win=Window(...))
8.1266 	EXP 	Created text_2 = TextStim(alignHoriz='center', alignVert='center', antialias=True, autoLog=True, bold=False, color='white', colorSpace='named', contrast=1.0, depth=-1.0, flipHoriz=False, flipVert=False, font='Arial', fontFiles=[], height=40, italic=False, name='text_2', opacity=1.0, ori=0, pos=array([ 0.,  0.]), rgb=array([ 255.,  255.,  255.]), text=u"Let's take an example", units='pix', win=Window(...), wrapWidth=500)
8.1330 	EXP 	Created nod1 = Polygon(autoDraw=False, autoLog=True, closeShape=True, contrast=1.0, depth=-2.0, fillColor=array([ 1.,  1.,  1.]), fillColorSpace='rgb', fillRGB=array([ 1.,  1.,  1.]), interpolate=True, lineColor='red', lineColorSpace='named', lineRGB=array([ 255.,    0.,    0.]), lineWidth=1, name='nod1', opacity=1.0, ori=array(0.0), pos=array([ 0.,  0.]), size=array([ 100.,  100.]), units='pix', vertices=ndarray(...), win=Window(...))
8.1394 	EXP 	Created nod2 = Polygon(autoDraw=False, autoLog=True, closeShape=True, contrast=1.0, depth=-3.0, fillColor=array([ 1.,  1.,  1.]), fillColorSpace='rgb', fillRGB=array([ 1.,  1.,  1.]), interpolate=True, lineColor=array([ 1.,  1.,  1.]), lineColorSpace='rgb', lineRGB=array([ 1.,  1.,  1.]), lineWidth=1, name='nod2', opacity=1.0, ori=array(0.0), pos=array([ 0.,  0.]), size=array([ 100.,  100.]), units='pix', vertices=ndarray(...), win=Window(...))
8.1459 	EXP 	Created nod3 = Polygon(autoDraw=False, autoLog=True, closeShape=True, contrast=1.0, depth=-4.0, fillColor=array([ 1.,  1.,  1.]), fillColorSpace='rgb', fillRGB=array([ 1.,  1.,  1.]), interpolate=True, lineColor=array([ 1.,  1.,  1.]), lineColorSpace='rgb', lineRGB=array([ 1.,  1.,  1.]), lineWidth=1, name='nod3', opacity=1.0, ori=array(0.0), pos=array([ 135.,  115.]), size=array([ 100.,  100.]), units='pix', vertices=ndarray(...), win=Window(...))
8.1522 	EXP 	Created nod4 = Polygon(autoDraw=False, autoLog=True, closeShape=True, contrast=1.0, depth=-5.0, fillColor=array([ 1.,  1.,  1.]), fillColorSpace='rgb', fillRGB=array([ 1.,  1.,  1.]), interpolate=True, lineColor=array([ 1.,  1.,  1.]), lineColorSpace='rgb', lineRGB=array([ 1.,  1.,  1.]), lineWidth=1, name='nod4', opacity=1.0, ori=array(0.0), pos=array([ 250.,  115.]), size=array([ 100.,  100.]), units='pix', vertices=ndarray(...), win=Window(...))
8.1668 	EXP 	Created rob1 = ImageStim(autoLog=True, color=array([ 1.,  1.,  1.]), colorSpace='rgb', contrast=1.0, depth=-6.0, flipHoriz=False, flipVert=False, image='robot1.png', interpolate=True, mask=None, maskParams=None, name='rob1', opacity=1.0, ori=1.0, pos=array([  20., -115.]), size=array([ 100.,  100.]), texRes=128, units='pix', win=Window(...))
8.1695 	EXP 	Created rob2 = ImageStim(autoLog=True, color=array([ 1.,  1.,  1.]), colorSpace='rgb', contrast=1.0, depth=-7.0, flipHoriz=False, flipVert=False, image='sin', interpolate=True, mask=None, maskParams=None, name='rob2', opacity=1.0, ori=0.0, pos=array([ 365.,  115.]), size=array([ 100.,  100.]), texRes=128, units='pix', win=Window(...))
8.1699 	EXP 	<method-wrapper '__getattribute__' of attributeSetter object at 0x10ef0c050>: vertices = array([[-0.5,  0.5],
       [ 0.5,  0.5],
       [ 0.5, -0.5],
       [-0.5, -0.5]])
8.1714 	EXP 	Created sh1 = Rect(autoDraw=False, autoLog=True, closeShape=True, contrast=1.0, depth=-9.0, fillColor='black', fillColorSpace='named', fillRGB=array([ 0.,  0.,  0.]), interpolate=True, lineColor='black', lineColorSpace='named', lineRGB=array([ 0.,  0.,  0.]), lineWidth=1, name='sh1', opacity=1.0, ori=array(0.0), pos=array([ 20.,   0.]), size=array([ 1.,  1.]), units='pix', vertices=ndarray(...), win=Window(...))
8.1718 	EXP 	<method-wrapper '__getattribute__' of attributeSetter object at 0x10ef0c050>: vertices = array([[-30.,  20.],
       [ 30.,  20.],
       [ 30., -20.],
       [-30., -20.]])
8.1731 	EXP 	Created sh2a = Rect(autoDraw=False, autoLog=True, closeShape=True, contrast=1.0, depth=-10.0, fillColor='black', fillColorSpace='named', fillRGB=array([ 0.,  0.,  0.]), interpolate=True, lineColor='black', lineColorSpace='named', lineRGB=array([ 0.,  0.,  0.]), lineWidth=1, name='sh2a', opacity=1.0, ori=array(0.0), pos=array([  50.,  113.]), size=array([ 1.,  1.]), units='pix', vertices=ndarray(...), win=Window(...))
8.1735 	EXP 	<method-wrapper '__getattribute__' of attributeSetter object at 0x10ef0c050>: vertices = array([[-20.,  40.],
       [ 20.,  40.],
       [ 20., -40.],
       [-20., -40.]])
8.1751 	EXP 	Created sh2b = Rect(autoDraw=False, autoLog=True, closeShape=True, contrast=1.0, depth=-11.0, fillColor='black', fillColorSpace='named', fillRGB=array([ 0.,  0.,  0.]), interpolate=True, lineColor='black', lineColorSpace='named', lineRGB=array([ 0.,  0.,  0.]), lineWidth=1, name='sh2b', opacity=1.0, ori=array(0.0), pos=array([ 22.,  93.]), size=array([ 1.,  1.]), units='pix', vertices=ndarray(...), win=Window(...))
8.1754 	EXP 	<method-wrapper '__getattribute__' of attributeSetter object at 0x10ef0c050>: vertices = array([[-55.,  20.],
       [ 55.,  20.],
       [ 55., -20.],
       [-55., -20.]])
8.1769 	EXP 	Created sh3 = Rect(autoDraw=False, autoLog=True, closeShape=True, contrast=1.0, depth=-12.0, fillColor='black', fillColorSpace='named', fillRGB=array([ 0.,  0.,  0.]), interpolate=True, lineColor='black', lineColorSpace='named', lineRGB=array([ 0.,  0.,  0.]), lineWidth=1, name='sh3', opacity=1.0, ori=array(0.0), pos=array([ 135.,  115.]), size=array([ 1.,  1.]), units='pix', vertices=ndarray(...), win=Window(...))
8.1772 	EXP 	<method-wrapper '__getattribute__' of attributeSetter object at 0x10ef0c050>: vertices = array([[-55.,  20.],
       [ 55.,  20.],
       [ 55., -20.],
       [-55., -20.]])
8.1785 	EXP 	Created sh4 = Rect(autoDraw=False, autoLog=True, closeShape=True, contrast=1.0, depth=-13.0, fillColor='black', fillColorSpace='named', fillRGB=array([ 0.,  0.,  0.]), interpolate=True, lineColor='black', lineColorSpace='named', lineRGB=array([ 0.,  0.,  0.]), lineWidth=1, name='sh4', opacity=1.0, ori=array(0.0), pos=array([ 250.,  115.]), size=array([ 1.,  1.]), units='pix', vertices=ndarray(...), win=Window(...))
8.1993 	EXP 	Created star = TextStim(alignHoriz='center', alignVert='center', antialias=True, autoLog=True, bold=False, color='white', colorSpace='named', contrast=1.0, depth=0.0, flipHoriz=False, flipVert=False, font='Arial', fontFiles=[], height=50, italic=False, name='star', opacity=1.0, ori=0, pos=array([ 0.,  0.]), rgb=array([ 255.,  255.,  255.]), text=unicode(...), units='pix', win=Window(...), wrapWidth=500)
8.1997 	EXP 	<method-wrapper '__getattribute__' of attributeSetter object at 0x10ef0c050>: vertices = array([[-400.,  450.],
       [ 400.,  450.],
       [ 400., -450.],
       [-400., -450.]])
8.2021 	EXP 	Created whitebackground = Rect(autoDraw=False, autoLog=True, closeShape=True, contrast=1.0, depth=-2.0, fillColor=array([ 1.,  1.,  1.]), fillColorSpace='rgb', fillRGB=array([ 1.,  1.,  1.]), interpolate=True, lineColor=array([ 1.,  1.,  1.]), lineColorSpace='rgb', lineRGB=array([ 1.,  1.,  1.]), lineWidth=0, name='whitebackground', opacity=1.0, ori=array(0.0), pos=array([-560.,    0.]), size=array([ 1.,  1.]), units='pix', vertices=ndarray(...), win=Window(...))
8.2151 	EXP 	Created robotS = ImageStim(autoLog=True, color=array([ 1.,  1.,  1.]), colorSpace='rgb', contrast=1.0, depth=-3.0, flipHoriz=False, flipVert=False, image='robot1.png', interpolate=True, mask=None, maskParams=None, name='robotS', opacity=1.0, ori=0.0, pos=array([ 0.,  0.]), size=array([ 100.,  100.]), texRes=128, units='pix', win=Window(...))
8.2252 	EXP 	Created node1 = Polygon(autoDraw=False, autoLog=True, closeShape=True, contrast=1.0, depth=-4.0, fillColor=array([ 1.,  1.,  1.]), fillColorSpace='rgb', fillRGB=array([ 1.,  1.,  1.]), interpolate=True, lineColor=array([ 1.,  1.,  1.]), lineColorSpace='rgb', lineRGB=array([ 1.,  1.,  1.]), lineWidth=0, name='node1', opacity=1.0, ori=array(0.0), pos=array([ 0.,  0.]), size=array([ 100.,  100.]), units='pix', vertices=ndarray(...), win=Window(...))
8.2321 	EXP 	Created node2 = Polygon(autoDraw=False, autoLog=True, closeShape=True, contrast=1.0, depth=-5.0, fillColor=array([ 1.,  1.,  1.]), fillColorSpace='rgb', fillRGB=array([ 1.,  1.,  1.]), interpolate=True, lineColor=array([ 1.,  1.,  1.]), lineColorSpace='rgb', lineRGB=array([ 1.,  1.,  1.]), lineWidth=0, name='node2', opacity=1.0, ori=array(0.0), pos=array([ 0.,  0.]), size=array([ 100.,  100.]), units='pix', vertices=ndarray(...), win=Window(...))
8.2401 	EXP 	Created node3 = Polygon(autoDraw=False, autoLog=True, closeShape=True, contrast=1.0, depth=-6.0, fillColor=array([ 1.,  1.,  1.]), fillColorSpace='rgb', fillRGB=array([ 1.,  1.,  1.]), interpolate=True, lineColor=array([ 1.,  1.,  1.]), lineColorSpace='rgb', lineRGB=array([ 1.,  1.,  1.]), lineWidth=0, name='node3', opacity=1.0, ori=array(0.0), pos=array([ 0.,  0.]), size=array([ 100.,  100.]), units='pix', vertices=ndarray(...), win=Window(...))
8.2466 	EXP 	Created node4 = Polygon(autoDraw=False, autoLog=True, closeShape=True, contrast=1.0, depth=-7.0, fillColor=array([ 1.,  1.,  1.]), fillColorSpace='rgb', fillRGB=array([ 1.,  1.,  1.]), interpolate=True, lineColor=array([ 1.,  1.,  1.]), lineColorSpace='rgb', lineRGB=array([ 1.,  1.,  1.]), lineWidth=0, name='node4', opacity=1.0, ori=array(0.0), pos=array([ 0.,  0.]), size=array([ 100.,  100.]), units='pix', vertices=ndarray(...), win=Window(...))
8.2529 	EXP 	Created node5 = Polygon(autoDraw=False, autoLog=True, closeShape=True, contrast=1.0, depth=-8.0, fillColor=array([ 1.,  1.,  1.]), fillColorSpace='rgb', fillRGB=array([ 1.,  1.,  1.]), interpolate=True, lineColor=array([ 1.,  1.,  1.]), lineColorSpace='rgb', lineRGB=array([ 1.,  1.,  1.]), lineWidth=0, name='node5', opacity=1.0, ori=array(0.0), pos=array([ 0.,  0.]), size=array([ 100.,  100.]), units='pix', vertices=ndarray(...), win=Window(...))
8.2660 	EXP 	Created robotF = ImageStim(autoLog=True, color=array([ 1.,  1.,  1.]), colorSpace='rgb', contrast=1.0, depth=-9.0, flipHoriz=False, flipVert=False, image='robot1.png', interpolate=True, mask=None, maskParams=None, name='robotF', opacity=1.0, ori=0.0, pos=array([ 0.,  0.]), size=array([ 100.,  100.]), texRes=128, units='pix', win=Window(...))
8.2723 	EXP 	Created select1 = Polygon(autoDraw=False, autoLog=True, closeShape=True, contrast=1.0, depth=-10.0, fillColor='red', fillColorSpace='named', fillRGB=array([ 255.,    0.,    0.]), interpolate=True, lineColor=array([ 1.,  1.,  1.]), lineColorSpace='rgb', lineRGB=array([ 1.,  1.,  1.]), lineWidth=0, name='select1', opacity=1.0, ori=array(0.0), pos=array([-630.,    0.]), size=array([ 100.,  100.]), units='pix', vertices=ndarray(...), win=Window(...))
8.2781 	EXP 	Created select2 = Polygon(autoDraw=False, autoLog=True, closeShape=True, contrast=1.0, depth=-11.0, fillColor='blue', fillColorSpace='named', fillRGB=array([   0.,    0.,  255.]), interpolate=True, lineColor=array([ 1.,  1.,  1.]), lineColorSpace='rgb', lineRGB=array([ 1.,  1.,  1.]), lineWidth=0, name='select2', opacity=1.0, ori=array(0.0), pos=array([-630., -120.]), size=array([ 100.,  100.]), units='pix', vertices=ndarray(...), win=Window(...))
8.2841 	EXP 	Created select3 = Polygon(autoDraw=False, autoLog=True, closeShape=True, contrast=1.0, depth=-12.0, fillColor='yellow', fillColorSpace='named', fillRGB=array([ 255.,  255.,    0.]), interpolate=True, lineColor=array([ 1.,  1.,  1.]), lineColorSpace='rgb', lineRGB=array([ 1.,  1.,  1.]), lineWidth=0, name='select3', opacity=1.0, ori=array(0.0), pos=array([-630., -240.]), size=array([ 100.,  100.]), units='pix', vertices=ndarray(...), win=Window(...))
8.2930 	EXP 	Created select4 = Polygon(autoDraw=False, autoLog=True, closeShape=True, contrast=1.0, depth=-13.0, fillColor='green', fillColorSpace='named', fillRGB=array([   0.,  128.,    0.]), interpolate=True, lineColor=array([ 1.,  1.,  1.]), lineColorSpace='rgb', lineRGB=array([ 1.,  1.,  1.]), lineWidth=0, name='select4', opacity=1.0, ori=array(0.0), pos=array([-630., -360.]), size=array([ 100.,  100.]), units='pix', vertices=ndarray(...), win=Window(...))
8.3339 	EXP 	Created selection = ImageStim(autoLog=True, color=array([ 1.,  1.,  1.]), colorSpace='rgb', contrast=1.0, depth=-14.0, flipHoriz=False, flipVert=False, image='mastershapes.png', interpolate=True, mask=None, maskParams=None, name='selection', opacity=1.0, ori=0.0, pos=array([ 0.,  0.]), size=array([ 500.,  400.]), texRes=128, units='pix', win=Window(...))
8.3830 	EXP 	Created sel = TextStim(alignHoriz='center', alignVert='center', antialias=True, autoLog=True, bold=False, color='black', colorSpace='named', contrast=1.0, depth=-15.0, flipHoriz=False, flipVert=False, font='Arial', fontFiles=[], height=30, italic=False, name='sel', opacity=1.0, ori=0, pos=array([-450.,  250.]), rgb=array([ 0.,  0.,  0.]), text=unicode(...), units='pix', win=Window(...), wrapWidth=500)
8.3990 	EXP 	Created Evaluation = TextStim(alignHoriz='center', alignVert='center', antialias=True, autoLog=True, bold=False, color='white', colorSpace='named', contrast=1.0, depth=-1.0, flipHoriz=False, flipVert=False, font='Arial', fontFiles=[], height=50, italic=False, name='Evaluation', opacity=1.0, ori=0, pos=array([   0.,  300.]), rgb=array([ 255.,  255.,  255.]), text=unicode(...), units='pix', win=Window(...), wrapWidth=500)
8.4051 	EXP 	Created polygon = Polygon(autoDraw=False, autoLog=True, closeShape=True, contrast=1.0, depth=-2.0, fillColor=array([ 1.,  1.,  1.]), fillColorSpace='rgb', fillRGB=array([ 1.,  1.,  1.]), interpolate=True, lineColor=array([ 1.,  1.,  1.]), lineColorSpace='rgb', lineRGB=array([ 1.,  1.,  1.]), lineWidth=1, name='polygon', opacity=1.0, ori=array(0.0), pos=array([ 0.,  0.]), size=array([ 100.,  100.]), units='pix', vertices=ndarray(...), win=Window(...))
8.4160 	EXP 	Created polygon_2 = Polygon(autoDraw=False, autoLog=True, closeShape=True, contrast=1.0, depth=-3.0, fillColor=array([ 1.,  1.,  1.]), fillColorSpace='rgb', fillRGB=array([ 1.,  1.,  1.]), interpolate=True, lineColor=array([ 1.,  1.,  1.]), lineColorSpace='rgb', lineRGB=array([ 1.,  1.,  1.]), lineWidth=1, name='polygon_2', opacity=1.0, ori=array(0.0), pos=array([ 0.,  0.]), size=array([ 100.,  100.]), units='pix', vertices=ndarray(...), win=Window(...))
8.4254 	EXP 	Created polygon_3 = Polygon(autoDraw=False, autoLog=True, closeShape=True, contrast=1.0, depth=-4.0, fillColor=array([ 1.,  1.,  1.]), fillColorSpace='rgb', fillRGB=array([ 1.,  1.,  1.]), interpolate=True, lineColor=array([ 1.,  1.,  1.]), lineColorSpace='rgb', lineRGB=array([ 1.,  1.,  1.]), lineWidth=1, name='polygon_3', opacity=1.0, ori=array(0.0), pos=array([ 0.,  0.]), size=array([ 100.,  100.]), units='pix', vertices=ndarray(...), win=Window(...))
8.4320 	EXP 	Created polygon_4 = Polygon(autoDraw=False, autoLog=True, closeShape=True, contrast=1.0, depth=-5.0, fillColor=array([ 1.,  1.,  1.]), fillColorSpace='rgb', fillRGB=array([ 1.,  1.,  1.]), interpolate=True, lineColor=array([ 1.,  1.,  1.]), lineColorSpace='rgb', lineRGB=array([ 1.,  1.,  1.]), lineWidth=1, name='polygon_4', opacity=1.0, ori=array(0.0), pos=array([ 0.,  0.]), size=array([ 100.,  100.]), units='pix', vertices=ndarray(...), win=Window(...))
8.4385 	EXP 	Created polygon_5 = Polygon(autoDraw=False, autoLog=True, closeShape=True, contrast=1.0, depth=-6.0, fillColor=array([ 1.,  1.,  1.]), fillColorSpace='rgb', fillRGB=array([ 1.,  1.,  1.]), interpolate=True, lineColor=array([ 1.,  1.,  1.]), lineColorSpace='rgb', lineRGB=array([ 1.,  1.,  1.]), lineWidth=1, name='polygon_5', opacity=1.0, ori=array(0.0), pos=array([ 0.,  0.]), size=array([ 100.,  100.]), units='pix', vertices=ndarray(...), win=Window(...))
8.4467 	EXP 	Created choice = TextStim(alignHoriz='center', alignVert='center', antialias=True, autoLog=True, bold=False, color='white', colorSpace='named', contrast=1.0, depth=-7.0, flipHoriz=False, flipVert=False, font='Arial', fontFiles=[], height=50, italic=False, name='choice', opacity=1.0, ori=0, pos=array([   0., -300.]), rgb=array([ 255.,  255.,  255.]), text=u'default text', units='pix', win=Window(...), wrapWidth=500)
8.4614 	EXP 	Created ro = ImageStim(autoLog=True, color=array([ 1.,  1.,  1.]), colorSpace='rgb', contrast=1.0, depth=-8.0, flipHoriz=False, flipVert=False, image='robot1.png', interpolate=True, mask=None, maskParams=None, name='ro', opacity=1.0, ori=0.0, pos=array([ 0.,  0.]), size=array([ 100.,  100.]), texRes=128, units='pix', win=Window(...))
8.4744 	EXP 	Created rq = ImageStim(autoLog=True, color=array([ 1.,  1.,  1.]), colorSpace='rgb', contrast=1.0, depth=-9.0, flipHoriz=False, flipVert=False, image='robot1.png', interpolate=True, mask=None, maskParams=None, name='rq', opacity=1.0, ori=0.0, pos=array([ 0.,  0.]), size=array([ 100.,  100.]), texRes=128, units='pix', win=Window(...))
8.4751 	EXP 	Created feedback = TextStim(alignHoriz='center', alignVert='center', antialias=True, autoLog=True, bold=False, color='white', colorSpace='named', contrast=1.0, depth=-1.0, flipHoriz=False, flipVert=False, font='Arial', fontFiles=[], height=50, italic=False, name='feedback', opacity=1.0, ori=0, pos=array([ 0.,  0.]), rgb=array([ 255.,  255.,  255.]), text='', units='pix', win=Window(...), wrapWidth=500)
8.4835 	EXP 	Created thankyou = TextStim(alignHoriz='center', alignVert='center', antialias=True, autoLog=True, bold=False, color='white', colorSpace='named', contrast=1.0, depth=0.0, flipHoriz=False, flipVert=False, font='Arial', fontFiles=[], height=50, italic=False, name='thankyou', opacity=1.0, ori=0, pos=array([ 0.,  0.]), rgb=array([ 255.,  255.,  255.]), text=u'Thank you for your participation.\n', units='pix', win=Window(...), wrapWidth=500)
8.5083 	EXP 	instruct: pos = array([   0.,  150.])
8.5083 	EXP 	na: pos = array([-110., -100.])
8.5083 	EXP 	na: size = array([ 100.,  100.])
8.5083 	EXP 	nb: pos = array([   0., -100.])
8.5083 	EXP 	nb: size = array([ 100.,  100.])
8.5083 	EXP 	nc: pos = array([ 110., -100.])
8.5083 	EXP 	nc: size = array([ 100.,  100.])
8.5083 	EXP 	welcome: autoDraw = True
11.4916 	EXP 	welcome: autoDraw = False
11.5085 	EXP 	instruct: autoDraw = True
14.5088 	EXP 	rob0: autoDraw = True
14.5088 	EXP 	robb: autoDraw = True
15.0090 	EXP 	na: autoDraw = True
15.5090 	EXP 	nb: autoDraw = True
16.0091 	EXP 	nc: autoDraw = True
17.0091 	EXP 	s1: autoDraw = True
18.0093 	EXP 	s2: autoDraw = True
19.0092 	EXP 	s3: autoDraw = True
22.4929 	EXP 	na: autoDraw = False
22.4929 	EXP 	nb: autoDraw = False
22.4929 	EXP 	nc: autoDraw = False
22.4929 	EXP 	s1: autoDraw = False
22.4929 	EXP 	s2: autoDraw = False
22.4929 	EXP 	s3: autoDraw = False
22.5097 	EXP 	heart: autoDraw = True
26.5266 	EXP 	instruct: autoDraw = False
26.5266 	EXP 	rob0: autoDraw = False
26.5266 	EXP 	robb: autoDraw = False
26.5266 	EXP 	heart: autoDraw = False
26.5266 	EXP 	welcome: autoDraw = False
26.5266 	EXP 	instruct: autoDraw = False
26.5266 	EXP 	rob0: autoDraw = False
26.5266 	EXP 	robb: autoDraw = False
26.5266 	EXP 	na: autoDraw = False
26.5266 	EXP 	nb: autoDraw = False
26.5266 	EXP 	nc: autoDraw = False
26.5266 	EXP 	s1: autoDraw = False
26.5266 	EXP 	s2: autoDraw = False
26.5266 	EXP 	s3: autoDraw = False
26.5266 	EXP 	heart: autoDraw = False
26.5266 	EXP 	text_2: pos = array([-300.,  300.])
26.5266 	EXP 	nod1: fillColor = 'red (named)'
26.5266 	EXP 	nod1: pos = array([ 20.,   0.])
26.5266 	EXP 	nod2: fillColor = 'yellow (named)'
26.5266 	EXP 	nod2: pos = array([  20.,  115.])
26.5266 	EXP 	nod2: lineColor = 'yellow (named)'
26.5266 	EXP 	nod3: fillColor = 'blue (named)'
26.5266 	EXP 	nod3: lineColor = 'blue (named)'
26.5266 	EXP 	nod4: fillColor = 'blue (named)'
26.5266 	EXP 	nod4: lineColor = 'blue (named)'
26.5266 	EXP 	rob1: ori = 0.0
26.5266 	EXP 	rob2: image = 'robot1.png'
26.5266 	EXP 	sh1: size = array([  40.,  110.])
26.5266 	EXP 	text_2: autoDraw = True
26.5266 	EXP 	nod1: autoDraw = True
26.5266 	EXP 	nod2: autoDraw = True
26.5266 	EXP 	nod3: autoDraw = True
26.5266 	EXP 	nod4: autoDraw = True
26.5266 	EXP 	rob1: autoDraw = True
26.5266 	EXP 	rob2: autoDraw = True
28.5101 	EXP 	sh1: autoDraw = True
29.0101 	EXP 	sh2a: autoDraw = True
29.0101 	EXP 	sh2b: autoDraw = True
29.5102 	EXP 	sh3: autoDraw = True
30.0102 	EXP 	sh4: autoDraw = True
32.8749 	DATA 	Keypress: space
32.9104 	EXP 	text_2: autoDraw = False
32.9104 	EXP 	nod1: autoDraw = False
32.9104 	EXP 	nod2: autoDraw = False
32.9104 	EXP 	nod3: autoDraw = False
32.9104 	EXP 	nod4: autoDraw = False
32.9104 	EXP 	rob1: autoDraw = False
32.9104 	EXP 	rob2: autoDraw = False
32.9104 	EXP 	sh1: autoDraw = False
32.9104 	EXP 	sh2a: autoDraw = False
32.9104 	EXP 	sh2b: autoDraw = False
32.9104 	EXP 	sh3: autoDraw = False
32.9104 	EXP 	sh4: autoDraw = False
32.9104 	EXP 	star: autoDraw = True
33.2310 	DATA 	Keypress: space
33.2546 	EXP 	Imported designs.xlsx as conditions, 4 conditions, 16 params
33.2550 	EXP 	Created sequence: sequential, trialTypes=4, nReps=1, seed=None
33.2558 	EXP 	New trial (rep=0, index=0): {u'n2col': u'blue', u'n4col': u'red', u'n3col': u'green', u'r4': u'd', u'n1col': u'blue', u'r1': u'a', u'r2': u'b', u'rs': u'LOC21', u'r3': u'c', u're': u'LOC9', u'n5col': u'red', u'n1': u'LOC22', u'n2': u'LOC23', u'n3': u'LOC24', u'n4': u'LOC19', u'n5': u'LOC14'}
33.2775 	EXP 	star: autoDraw = False
33.2775 	EXP 	robotS: pos = array([  20., -230.])
33.2775 	EXP 	node1: fillColor = u'blue (named)'
33.2775 	EXP 	node1: pos = array([ 135., -230.])
33.2775 	EXP 	node2: fillColor = u'blue (named)'
33.2775 	EXP 	node2: pos = array([ 250., -230.])
33.2775 	EXP 	node3: fillColor = u'green (named)'
33.2775 	EXP 	node3: pos = array([ 365., -230.])
33.2775 	EXP 	node4: fillColor = u'red (named)'
33.2775 	EXP 	node4: pos = array([ 365., -115.])
33.2775 	EXP 	node5: fillColor = u'red (named)'
33.2775 	EXP 	node5: pos = array([ 365.,    0.])
33.2775 	EXP 	robotF: pos = array([ 365.,  115.])
33.2775 	EXP 	whitebackground: autoDraw = True
33.2775 	EXP 	robotS: autoDraw = True
33.2775 	EXP 	node1: autoDraw = True
33.2775 	EXP 	node2: autoDraw = True
33.2775 	EXP 	node3: autoDraw = True
33.2775 	EXP 	node4: autoDraw = True
33.2775 	EXP 	node5: autoDraw = True
33.2775 	EXP 	robotF: autoDraw = True
33.2775 	EXP 	select1: autoDraw = True
33.2775 	EXP 	select2: autoDraw = True
33.2775 	EXP 	select3: autoDraw = True
33.2775 	EXP 	select4: autoDraw = True
33.2775 	EXP 	selection: autoDraw = True
33.2775 	EXP 	sel: autoDraw = True
34.3979 	DATA 	Keypress: a
34.5985 	DATA 	Keypress: a
34.8475 	DATA 	Keypress: a
35.1140 	DATA 	Keypress: a
35.1171 	EXP 	New trial (rep=0, index=1): {u'n2col': u'yellow', u'n4col': u'green', u'n3col': u'blue', u'r4': u'd', u'n1col': u'red', u'r1': u'a', u'r2': u'b', u'rs': u'LOC21', u'r3': u'c', u're': u'LOC3', u'n5col': u'red', u'n1': u'LOC16', u'n2': u'LOC11', u'n3': u'LOC12', u'n4': u'LOC13', u'n5': u'LOC8'}
35.1445 	EXP 	whitebackground: autoDraw = False
35.1445 	EXP 	robotS: autoDraw = False
35.1445 	EXP 	node1: autoDraw = False
35.1445 	EXP 	node2: autoDraw = False
35.1445 	EXP 	node3: autoDraw = False
35.1445 	EXP 	node4: autoDraw = False
35.1445 	EXP 	node5: autoDraw = False
35.1445 	EXP 	robotF: autoDraw = False
35.1445 	EXP 	select1: autoDraw = False
35.1445 	EXP 	select2: autoDraw = False
35.1445 	EXP 	select3: autoDraw = False
35.1445 	EXP 	select4: autoDraw = False
35.1445 	EXP 	selection: autoDraw = False
35.1445 	EXP 	sel: autoDraw = False
35.1445 	EXP 	robotS: pos = array([  20., -230.])
35.1445 	EXP 	node1: fillColor = u'red (named)'
35.1445 	EXP 	node1: pos = array([  20., -115.])
35.1445 	EXP 	node2: fillColor = u'yellow (named)'
35.1445 	EXP 	node2: pos = array([ 20.,   0.])
35.1445 	EXP 	node3: fillColor = u'blue (named)'
35.1445 	EXP 	node3: pos = array([ 135.,    0.])
35.1445 	EXP 	node4: fillColor = u'green (named)'
35.1445 	EXP 	node4: pos = array([ 250.,    0.])
35.1445 	EXP 	node5: fillColor = u'red (named)'
35.1445 	EXP 	node5: pos = array([ 250.,  115.])
35.1445 	EXP 	robotF: pos = array([ 250.,  230.])
35.1445 	EXP 	whitebackground: autoDraw = True
35.1445 	EXP 	robotS: autoDraw = True
35.1445 	EXP 	node1: autoDraw = True
35.1445 	EXP 	node2: autoDraw = True
35.1445 	EXP 	node3: autoDraw = True
35.1445 	EXP 	node4: autoDraw = True
35.1445 	EXP 	node5: autoDraw = True
35.1445 	EXP 	robotF: autoDraw = True
35.1445 	EXP 	select1: autoDraw = True
35.1445 	EXP 	select2: autoDraw = True
35.1445 	EXP 	select3: autoDraw = True
35.1445 	EXP 	select4: autoDraw = True
35.1445 	EXP 	selection: autoDraw = True
35.1445 	EXP 	sel: autoDraw = True
35.3303 	DATA 	Keypress: a
35.5311 	DATA 	Keypress: a
35.7648 	DATA 	Keypress: a
35.9987 	DATA 	Keypress: a
36.0134 	EXP 	New trial (rep=0, index=2): {u'n2col': u'red', u'n4col': u'blue', u'n3col': u'yellow', u'r4': u'd', u'n1col': u'red', u'r1': u'a', u'r2': u'b', u'rs': u'LOC22', u'r3': u'c', u're': u'LOC10', u'n5col': u'blue', u'n1': u'LOC17', u'n2': u'LOC12', u'n3': u'LOC7', u'n4': u'LOC8', u'n5': u'LOC9'}
36.0445 	EXP 	whitebackground: autoDraw = False
36.0445 	EXP 	robotS: autoDraw = False
36.0445 	EXP 	node1: autoDraw = False
36.0445 	EXP 	node2: autoDraw = False
36.0445 	EXP 	node3: autoDraw = False
36.0445 	EXP 	node4: autoDraw = False
36.0445 	EXP 	node5: autoDraw = False
36.0445 	EXP 	robotF: autoDraw = False
36.0445 	EXP 	select1: autoDraw = False
36.0445 	EXP 	select2: autoDraw = False
36.0445 	EXP 	select3: autoDraw = False
36.0445 	EXP 	select4: autoDraw = False
36.0445 	EXP 	selection: autoDraw = False
36.0445 	EXP 	sel: autoDraw = False
36.0445 	EXP 	robotS: pos = array([ 135., -230.])
36.0445 	EXP 	node1: fillColor = u'red (named)'
36.0445 	EXP 	node1: pos = array([ 135., -115.])
36.0445 	EXP 	node2: fillColor = u'red (named)'
36.0445 	EXP 	node2: pos = array([ 135.,    0.])
36.0445 	EXP 	node3: fillColor = u'yellow (named)'
36.0445 	EXP 	node3: pos = array([ 135.,  115.])
36.0445 	EXP 	node4: fillColor = u'blue (named)'
36.0445 	EXP 	node4: pos = array([ 250.,  115.])
36.0445 	EXP 	node5: fillColor = u'blue (named)'
36.0445 	EXP 	node5: pos = array([ 365.,  115.])
36.0445 	EXP 	robotF: pos = array([ 480.,  115.])
36.0445 	EXP 	whitebackground: autoDraw = True
36.0445 	EXP 	robotS: autoDraw = True
36.0445 	EXP 	node1: autoDraw = True
36.0445 	EXP 	node2: autoDraw = True
36.0445 	EXP 	node3: autoDraw = True
36.0445 	EXP 	node4: autoDraw = True
36.0445 	EXP 	node5: autoDraw = True
36.0445 	EXP 	robotF: autoDraw = True
36.0445 	EXP 	select1: autoDraw = True
36.0445 	EXP 	select2: autoDraw = True
36.0445 	EXP 	select3: autoDraw = True
36.0445 	EXP 	select4: autoDraw = True
36.0445 	EXP 	selection: autoDraw = True
36.0445 	EXP 	sel: autoDraw = True
36.2175 	DATA 	Keypress: a
36.4482 	DATA 	Keypress: a
36.7015 	DATA 	Keypress: a
36.9645 	DATA 	Keypress: a
36.9671 	EXP 	New trial (rep=0, index=3): {u'n2col': u'yellow', u'n4col': u'yellow', u'n3col': u'green', u'r4': u'd', u'n1col': u'green', u'r1': u'a', u'r2': u'b', u'rs': u'LOC16', u'r3': u'c', u're': u'LOC10', u'n5col': u'blue', u'n1': u'LOC17', u'n2': u'LOC12', u'n3': u'LOC13', u'n4': u'LOC8', u'n5': u'LOC9'}
36.9945 	EXP 	whitebackground: autoDraw = False
36.9945 	EXP 	robotS: autoDraw = False
36.9945 	EXP 	node1: autoDraw = False
36.9945 	EXP 	node2: autoDraw = False
36.9945 	EXP 	node3: autoDraw = False
36.9945 	EXP 	node4: autoDraw = False
36.9945 	EXP 	node5: autoDraw = False
36.9945 	EXP 	robotF: autoDraw = False
36.9945 	EXP 	select1: autoDraw = False
36.9945 	EXP 	select2: autoDraw = False
36.9945 	EXP 	select3: autoDraw = False
36.9945 	EXP 	select4: autoDraw = False
36.9945 	EXP 	selection: autoDraw = False
36.9945 	EXP 	sel: autoDraw = False
36.9945 	EXP 	robotS: pos = array([  20., -115.])
36.9945 	EXP 	node1: fillColor = u'green (named)'
36.9945 	EXP 	node1: pos = array([ 135., -115.])
36.9945 	EXP 	node2: fillColor = u'yellow (named)'
36.9945 	EXP 	node2: pos = array([ 135.,    0.])
36.9945 	EXP 	node3: fillColor = u'green (named)'
36.9945 	EXP 	node3: pos = array([ 250.,    0.])
36.9945 	EXP 	node4: fillColor = u'yellow (named)'
36.9945 	EXP 	node4: pos = array([ 250.,  115.])
36.9945 	EXP 	node5: fillColor = u'blue (named)'
36.9945 	EXP 	node5: pos = array([ 365.,  115.])
36.9945 	EXP 	robotF: pos = array([ 480.,  115.])
36.9945 	EXP 	whitebackground: autoDraw = True
36.9945 	EXP 	robotS: autoDraw = True
36.9945 	EXP 	node1: autoDraw = True
36.9945 	EXP 	node2: autoDraw = True
36.9945 	EXP 	node3: autoDraw = True
36.9945 	EXP 	node4: autoDraw = True
36.9945 	EXP 	node5: autoDraw = True
36.9945 	EXP 	robotF: autoDraw = True
36.9945 	EXP 	select1: autoDraw = True
36.9945 	EXP 	select2: autoDraw = True
36.9945 	EXP 	select3: autoDraw = True
36.9945 	EXP 	select4: autoDraw = True
36.9945 	EXP 	selection: autoDraw = True
36.9945 	EXP 	sel: autoDraw = True
37.1981 	DATA 	Keypress: a
37.4312 	DATA 	Keypress: a
37.7312 	DATA 	Keypress: a
38.0312 	DATA 	Keypress: a
38.0521 	EXP 	Imported designs1.xlsx as conditions, 2 conditions, 13 params
38.0528 	EXP 	Created sequence: random, trialTypes=2, nReps=5, seed=None
38.0535 	EXP 	New trial (rep=0, index=0): {u'n1col': u'blue', u'n2col': u'yellow', u'n4col': u'yellow', u'rs': u'LOC16', u'n3col': u'red', u're': u'LOC10', u'corrAns': u'n', u'n5col': u'blue', u'n1': u'LOC17', u'n2': u'LOC12', u'n3': u'LOC13', u'n4': u'LOC8', u'n5': u'LOC9'}
38.0780 	EXP 	whitebackground: autoDraw = False
38.0780 	EXP 	robotS: autoDraw = False
38.0780 	EXP 	node1: autoDraw = False
38.0780 	EXP 	node2: autoDraw = False
38.0780 	EXP 	node3: autoDraw = False
38.0780 	EXP 	node4: autoDraw = False
38.0780 	EXP 	node5: autoDraw = False
38.0780 	EXP 	robotF: autoDraw = False
38.0780 	EXP 	select1: autoDraw = False
38.0780 	EXP 	select2: autoDraw = False
38.0780 	EXP 	select3: autoDraw = False
38.0780 	EXP 	select4: autoDraw = False
38.0780 	EXP 	selection: autoDraw = False
38.0780 	EXP 	sel: autoDraw = False
38.0780 	EXP 	polygon: fillColor = u'blue (named)'
38.0780 	EXP 	polygon: pos = array([ 135., -115.])
38.0780 	EXP 	polygon_2: fillColor = u'yellow (named)'
38.0780 	EXP 	polygon_2: pos = array([ 135.,    0.])
38.0780 	EXP 	polygon_3: fillColor = u'red (named)'
38.0780 	EXP 	polygon_3: pos = array([ 250.,    0.])
38.0780 	EXP 	polygon_4: fillColor = u'yellow (named)'
38.0780 	EXP 	polygon_4: pos = array([ 250.,  115.])
38.0780 	EXP 	polygon_5: fillColor = u'blue (named)'
38.0780 	EXP 	polygon_5: pos = array([ 365.,  115.])
38.0780 	EXP 	choice: text = "Press 'y' for Yes  \nPress 'n' for No"
38.0780 	EXP 	ro: color = '[ 1.  1.  1.] (rgb)'
38.0780 	EXP 	ro: pos = array([  20., -115.])
38.0780 	EXP 	rq: color = '[ 1.  1.  1.] (rgb)'
38.0780 	EXP 	rq: pos = array([ 480.,  115.])
38.0780 	EXP 	Evaluation: autoDraw = True
38.0780 	EXP 	polygon: autoDraw = True
38.0780 	EXP 	polygon_2: autoDraw = True
38.0780 	EXP 	polygon_3: autoDraw = True
38.0780 	EXP 	polygon_4: autoDraw = True
38.0780 	EXP 	polygon_5: autoDraw = True
38.0780 	EXP 	choice: autoDraw = True
38.0780 	EXP 	ro: autoDraw = True
38.0780 	EXP 	rq: autoDraw = True
41.2983 	DATA 	Keypress: y
41.3114 	EXP 	Evaluation: autoDraw = False
41.3114 	EXP 	polygon: autoDraw = False
41.3114 	EXP 	polygon_2: autoDraw = False
41.3114 	EXP 	polygon_3: autoDraw = False
41.3114 	EXP 	polygon_4: autoDraw = False
41.3114 	EXP 	polygon_5: autoDraw = False
41.3114 	EXP 	choice: autoDraw = False
41.3114 	EXP 	ro: autoDraw = False
41.3114 	EXP 	rq: autoDraw = False
41.3114 	EXP 	feedback: autoDraw = True
41.3114 	EXP 	feedback: text = ''
46.2965 	EXP 	New trial (rep=0, index=1): {u'n1col': u'green', u'n2col': u'yellow', u'n4col': u'yellow', u'rs': u'LOC16', u'n3col': u'green', u're': u'LOC10', u'corrAns': u'y', u'n5col': u'blue', u'n1': u'LOC17', u'n2': u'LOC12', u'n3': u'LOC13', u'n4': u'LOC8', u'n5': u'LOC9'}
46.3124 	EXP 	feedback: autoDraw = False
46.3124 	EXP 	feedback: autoDraw = False
46.3124 	EXP 	polygon: fillColor = u'green (named)'
46.3124 	EXP 	polygon: pos = array([ 135., -115.])
46.3124 	EXP 	polygon_2: fillColor = u'yellow (named)'
46.3124 	EXP 	polygon_2: pos = array([ 135.,    0.])
46.3124 	EXP 	polygon_3: fillColor = u'green (named)'
46.3124 	EXP 	polygon_3: pos = array([ 250.,    0.])
46.3124 	EXP 	polygon_4: fillColor = u'yellow (named)'
46.3124 	EXP 	polygon_4: pos = array([ 250.,  115.])
46.3124 	EXP 	polygon_5: fillColor = u'blue (named)'
46.3124 	EXP 	polygon_5: pos = array([ 365.,  115.])
46.3124 	EXP 	choice: text = "Press 'y' for Yes  \nPress 'n' for No"
46.3124 	EXP 	ro: color = '[ 1.  1.  1.] (rgb)'
46.3124 	EXP 	ro: pos = array([  20., -115.])
46.3124 	EXP 	rq: color = '[ 1.  1.  1.] (rgb)'
46.3124 	EXP 	rq: pos = array([ 480.,  115.])
46.3124 	EXP 	Evaluation: autoDraw = True
46.3124 	EXP 	polygon: autoDraw = True
46.3124 	EXP 	polygon_2: autoDraw = True
46.3124 	EXP 	polygon_3: autoDraw = True
46.3124 	EXP 	polygon_4: autoDraw = True
46.3124 	EXP 	polygon_5: autoDraw = True
46.3124 	EXP 	choice: autoDraw = True
46.3124 	EXP 	ro: autoDraw = True
46.3124 	EXP 	rq: autoDraw = True
50.9332 	DATA 	Keypress: n
50.9461 	EXP 	Evaluation: autoDraw = False
50.9461 	EXP 	polygon: autoDraw = False
50.9461 	EXP 	polygon_2: autoDraw = False
50.9461 	EXP 	polygon_3: autoDraw = False
50.9461 	EXP 	polygon_4: autoDraw = False
50.9461 	EXP 	polygon_5: autoDraw = False
50.9461 	EXP 	choice: autoDraw = False
50.9461 	EXP 	ro: autoDraw = False
50.9461 	EXP 	rq: autoDraw = False
50.9461 	EXP 	feedback: autoDraw = True
55.9310 	EXP 	New trial (rep=1, index=0): {u'n1col': u'blue', u'n2col': u'yellow', u'n4col': u'yellow', u'rs': u'LOC16', u'n3col': u'red', u're': u'LOC10', u'corrAns': u'n', u'n5col': u'blue', u'n1': u'LOC17', u'n2': u'LOC12', u'n3': u'LOC13', u'n4': u'LOC8', u'n5': u'LOC9'}
55.9467 	EXP 	feedback: autoDraw = False
55.9467 	EXP 	feedback: autoDraw = False
55.9467 	EXP 	polygon: fillColor = u'blue (named)'
55.9467 	EXP 	polygon: pos = array([ 135., -115.])
55.9467 	EXP 	polygon_2: fillColor = u'yellow (named)'
55.9467 	EXP 	polygon_2: pos = array([ 135.,    0.])
55.9467 	EXP 	polygon_3: fillColor = u'red (named)'
55.9467 	EXP 	polygon_3: pos = array([ 250.,    0.])
55.9467 	EXP 	polygon_4: fillColor = u'yellow (named)'
55.9467 	EXP 	polygon_4: pos = array([ 250.,  115.])
55.9467 	EXP 	polygon_5: fillColor = u'blue (named)'
55.9467 	EXP 	polygon_5: pos = array([ 365.,  115.])
55.9467 	EXP 	choice: text = "Press 'y' for Yes  \nPress 'n' for No"
55.9467 	EXP 	ro: color = '[ 1.  1.  1.] (rgb)'
55.9467 	EXP 	ro: pos = array([  20., -115.])
55.9467 	EXP 	rq: color = '[ 1.  1.  1.] (rgb)'
55.9467 	EXP 	rq: pos = array([ 480.,  115.])
55.9467 	EXP 	Evaluation: autoDraw = True
55.9467 	EXP 	polygon: autoDraw = True
55.9467 	EXP 	polygon_2: autoDraw = True
55.9467 	EXP 	polygon_3: autoDraw = True
55.9467 	EXP 	polygon_4: autoDraw = True
55.9467 	EXP 	polygon_5: autoDraw = True
55.9467 	EXP 	choice: autoDraw = True
55.9467 	EXP 	ro: autoDraw = True
55.9467 	EXP 	rq: autoDraw = True
71.8014 	DATA 	Keypress: escape
