7.3110 	EXP 	Created window1 = Window(allowGUI=False, allowStencil=False, autoLog=True, bitsMode=UNKNOWN, blendMode='avg', color='black', colorSpace='named', fullscr=UNKNOWN, gamma=None, lms=UNKNOWN, monitor=<psychopy.monitors.calibTools.Monitor object at 0x112234a10>, name='window1', pos=[0, 0], screen=0, size=array([1440,  900]), stereo=False, units='pix', useFBO=True, useRetina=False, viewOri=0.0, viewPos=None, viewScale=None, waitBlanking=True, winType='pyglet')
7.3110 	EXP 	window1: recordFrameIntervals = False
7.4776 	EXP 	window1: recordFrameIntervals = True
7.6612 	EXP 	window1: recordFrameIntervals = False
7.8237 	EXP 	Created welcome = TextStim(alignHoriz='center', alignVert='center', antialias=True, autoLog=True, bold=False, color='white', colorSpace='named', contrast=1.0, depth=0.0, flipHoriz=False, flipVert=False, font='Arial', fontFiles=[], height=100, italic=False, name='welcome', opacity=1.0, ori=0, pos=array([ 0.,  0.]), rgb=array([ 255.,  255.,  255.]), text=u'Welcome!', units='pix', win=Window(...), wrapWidth=500)
7.8673 	EXP 	Created text = TextStim(alignHoriz='center', alignVert='center', antialias=True, autoLog=True, bold=False, color='white', colorSpace='named', contrast=1.0, depth=0.0, flipHoriz=False, flipVert=False, font='Arial', fontFiles=[], height=50, italic=False, name='text', opacity=1.0, ori=0, pos=array([ 0.,  0.]), rgb=array([ 255.,  255.,  255.]), text=unicode(...), units='pix', win=Window(...), wrapWidth=500)
7.8788 	EXP 	<method-wrapper '__getattribute__' of attributeSetter object at 0x10eda3fd0>: vertices = array([[-400.,  450.],
       [ 400.,  450.],
       [ 400., -450.],
       [-400., -450.]])
7.8824 	EXP 	Created whitebackground = Rect(autoDraw=False, autoLog=True, closeShape=True, contrast=1.0, depth=-2.0, fillColor=array([ 1.,  1.,  1.]), fillColorSpace='rgb', fillRGB=array([ 1.,  1.,  1.]), interpolate=True, lineColor=array([ 1.,  1.,  1.]), lineColorSpace='rgb', lineRGB=array([ 1.,  1.,  1.]), lineWidth=0, name='whitebackground', opacity=1.0, ori=array(0.0), pos=array([-560.,    0.]), size=array([ 1.,  1.]), units='pix', vertices=ndarray(...), win=Window(...))
7.9757 	EXP 	Created robotS = ImageStim(autoLog=True, color=array([ 1.,  1.,  1.]), colorSpace='rgb', contrast=1.0, depth=-3.0, flipHoriz=False, flipVert=False, image='robot1.png', interpolate=True, mask=None, maskParams=None, name='robotS', opacity=1.0, ori=0.0, pos=array([ 0.,  0.]), size=array([ 100.,  100.]), texRes=128, units='pix', win=Window(...))
7.9877 	EXP 	Created node1 = Polygon(autoDraw=False, autoLog=True, closeShape=True, contrast=1.0, depth=-4.0, fillColor=array([ 1.,  1.,  1.]), fillColorSpace='rgb', fillRGB=array([ 1.,  1.,  1.]), interpolate=True, lineColor=array([ 1.,  1.,  1.]), lineColorSpace='rgb', lineRGB=array([ 1.,  1.,  1.]), lineWidth=0, name='node1', opacity=1.0, ori=array(0.0), pos=array([ 0.,  0.]), size=array([ 100.,  100.]), units='pix', vertices=ndarray(...), win=Window(...))
7.9939 	EXP 	Created node2 = Polygon(autoDraw=False, autoLog=True, closeShape=True, contrast=1.0, depth=-5.0, fillColor=array([ 1.,  1.,  1.]), fillColorSpace='rgb', fillRGB=array([ 1.,  1.,  1.]), interpolate=True, lineColor=array([ 1.,  1.,  1.]), lineColorSpace='rgb', lineRGB=array([ 1.,  1.,  1.]), lineWidth=0, name='node2', opacity=1.0, ori=array(0.0), pos=array([ 0.,  0.]), size=array([ 100.,  100.]), units='pix', vertices=ndarray(...), win=Window(...))
7.9999 	EXP 	Created node3 = Polygon(autoDraw=False, autoLog=True, closeShape=True, contrast=1.0, depth=-6.0, fillColor=array([ 1.,  1.,  1.]), fillColorSpace='rgb', fillRGB=array([ 1.,  1.,  1.]), interpolate=True, lineColor=array([ 1.,  1.,  1.]), lineColorSpace='rgb', lineRGB=array([ 1.,  1.,  1.]), lineWidth=0, name='node3', opacity=1.0, ori=array(0.0), pos=array([ 0.,  0.]), size=array([ 100.,  100.]), units='pix', vertices=ndarray(...), win=Window(...))
8.0059 	EXP 	Created node4 = Polygon(autoDraw=False, autoLog=True, closeShape=True, contrast=1.0, depth=-7.0, fillColor=array([ 1.,  1.,  1.]), fillColorSpace='rgb', fillRGB=array([ 1.,  1.,  1.]), interpolate=True, lineColor=array([ 1.,  1.,  1.]), lineColorSpace='rgb', lineRGB=array([ 1.,  1.,  1.]), lineWidth=0, name='node4', opacity=1.0, ori=array(0.0), pos=array([ 0.,  0.]), size=array([ 100.,  100.]), units='pix', vertices=ndarray(...), win=Window(...))
8.0118 	EXP 	Created node5 = Polygon(autoDraw=False, autoLog=True, closeShape=True, contrast=1.0, depth=-8.0, fillColor=array([ 1.,  1.,  1.]), fillColorSpace='rgb', fillRGB=array([ 1.,  1.,  1.]), interpolate=True, lineColor=array([ 1.,  1.,  1.]), lineColorSpace='rgb', lineRGB=array([ 1.,  1.,  1.]), lineWidth=0, name='node5', opacity=1.0, ori=array(0.0), pos=array([ 0.,  0.]), size=array([ 100.,  100.]), units='pix', vertices=ndarray(...), win=Window(...))
8.0264 	EXP 	Created robotF = ImageStim(autoLog=True, color=array([ 1.,  1.,  1.]), colorSpace='rgb', contrast=1.0, depth=-9.0, flipHoriz=False, flipVert=False, image='robot1.png', interpolate=True, mask=None, maskParams=None, name='robotF', opacity=1.0, ori=0.0, pos=array([ 0.,  0.]), size=array([ 100.,  100.]), texRes=128, units='pix', win=Window(...))
8.0331 	EXP 	Created select1 = Polygon(autoDraw=False, autoLog=True, closeShape=True, contrast=1.0, depth=-10.0, fillColor='red', fillColorSpace='named', fillRGB=array([ 255.,    0.,    0.]), interpolate=True, lineColor=array([ 1.,  1.,  1.]), lineColorSpace='rgb', lineRGB=array([ 1.,  1.,  1.]), lineWidth=0, name='select1', opacity=1.0, ori=array(0.0), pos=array([-630.,    0.]), size=array([ 100.,  100.]), units='pix', vertices=ndarray(...), win=Window(...))
8.0393 	EXP 	Created select2 = Polygon(autoDraw=False, autoLog=True, closeShape=True, contrast=1.0, depth=-11.0, fillColor='blue', fillColorSpace='named', fillRGB=array([   0.,    0.,  255.]), interpolate=True, lineColor=array([ 1.,  1.,  1.]), lineColorSpace='rgb', lineRGB=array([ 1.,  1.,  1.]), lineWidth=0, name='select2', opacity=1.0, ori=array(0.0), pos=array([-630., -120.]), size=array([ 100.,  100.]), units='pix', vertices=ndarray(...), win=Window(...))
8.0450 	EXP 	Created select3 = Polygon(autoDraw=False, autoLog=True, closeShape=True, contrast=1.0, depth=-12.0, fillColor='yellow', fillColorSpace='named', fillRGB=array([ 255.,  255.,    0.]), interpolate=True, lineColor=array([ 1.,  1.,  1.]), lineColorSpace='rgb', lineRGB=array([ 1.,  1.,  1.]), lineWidth=0, name='select3', opacity=1.0, ori=array(0.0), pos=array([-630., -240.]), size=array([ 100.,  100.]), units='pix', vertices=ndarray(...), win=Window(...))
8.0508 	EXP 	Created select4 = Polygon(autoDraw=False, autoLog=True, closeShape=True, contrast=1.0, depth=-13.0, fillColor='green', fillColorSpace='named', fillRGB=array([   0.,  128.,    0.]), interpolate=True, lineColor=array([ 1.,  1.,  1.]), lineColorSpace='rgb', lineRGB=array([ 1.,  1.,  1.]), lineWidth=0, name='select4', opacity=1.0, ori=array(0.0), pos=array([-630., -360.]), size=array([ 100.,  100.]), units='pix', vertices=ndarray(...), win=Window(...))
8.0641 	EXP 	Created selection = ImageStim(autoLog=True, color=array([ 1.,  1.,  1.]), colorSpace='rgb', contrast=1.0, depth=-14.0, flipHoriz=False, flipVert=False, image='lettera.png', interpolate=True, mask=None, maskParams=None, name='selection', opacity=1.0, ori=0.0, pos=array([ 0.,  0.]), size=array([ 400.,  200.]), texRes=128, units='pix', win=Window(...))
8.0925 	EXP 	Created master = ImageStim(autoLog=True, color=array([ 1.,  1.,  1.]), colorSpace='rgb', contrast=1.0, depth=-15.0, flipHoriz=False, flipVert=False, image='mastershapes.png', interpolate=True, mask=None, maskParams=None, name='master', opacity=1.0, ori=0.0, pos=array([-510.,   90.]), size=array([ 500.,  400.]), texRes=128, units='pix', win=Window(...))
8.1194 	EXP 	Created sel = TextStim(alignHoriz='center', alignVert='center', antialias=True, autoLog=True, bold=False, color='black', colorSpace='named', contrast=1.0, depth=-16.0, flipHoriz=False, flipVert=False, font='Arial', fontFiles=[], height=30, italic=False, name='sel', opacity=1.0, ori=0, pos=array([-450.,  300.]), rgb=array([ 0.,  0.,  0.]), text=unicode(...), units='pix', win=Window(...), wrapWidth=500)
8.1275 	EXP 	Created Evaluation = TextStim(alignHoriz='center', alignVert='center', antialias=True, autoLog=True, bold=False, color='white', colorSpace='named', contrast=1.0, depth=-1.0, flipHoriz=False, flipVert=False, font='Arial', fontFiles=[], height=30, italic=False, name='Evaluation', opacity=1.0, ori=0, pos=array([   0.,  300.]), rgb=array([ 255.,  255.,  255.]), text=u'Is this pathway correct? \n', units='pix', win=Window(...), wrapWidth=500)
8.1326 	EXP 	Created polygon = Polygon(autoDraw=False, autoLog=True, closeShape=True, contrast=1.0, depth=-2.0, fillColor='red', fillColorSpace='named', fillRGB=array([ 255.,    0.,    0.]), interpolate=True, lineColor='red', lineColorSpace='named', lineRGB=array([ 255.,    0.,    0.]), lineWidth=1, name='polygon', opacity=1.0, ori=array(0.0), pos=array([ 250.,    0.]), size=array([ 100.,  100.]), units='pix', vertices=ndarray(...), win=Window(...))
8.1386 	EXP 	Created polygon_2 = Polygon(autoDraw=False, autoLog=True, closeShape=True, contrast=1.0, depth=-3.0, fillColor='green', fillColorSpace='named', fillRGB=array([   0.,  128.,    0.]), interpolate=True, lineColor='green', lineColorSpace='named', lineRGB=array([   0.,  128.,    0.]), lineWidth=1, name='polygon_2', opacity=1.0, ori=array(0.0), pos=array([ 365., -115.]), size=array([ 100.,  100.]), units='pix', vertices=ndarray(...), win=Window(...))
8.1438 	EXP 	Created polygon_3 = Polygon(autoDraw=False, autoLog=True, closeShape=True, contrast=1.0, depth=-4.0, fillColor='blue', fillColorSpace='named', fillRGB=array([   0.,    0.,  255.]), interpolate=True, lineColor='blue', lineColorSpace='named', lineRGB=array([   0.,    0.,  255.]), lineWidth=1, name='polygon_3', opacity=1.0, ori=array(0.0), pos=array([ 135., -115.]), size=array([ 100.,  100.]), units='pix', vertices=ndarray(...), win=Window(...))
8.1489 	EXP 	Created polygon_4 = Polygon(autoDraw=False, autoLog=True, closeShape=True, contrast=1.0, depth=-5.0, fillColor='blue', fillColorSpace='named', fillRGB=array([   0.,    0.,  255.]), interpolate=True, lineColor='blue', lineColorSpace='named', lineRGB=array([   0.,    0.,  255.]), lineWidth=1, name='polygon_4', opacity=1.0, ori=array(0.0), pos=array([ 250., -115.]), size=array([ 100.,  100.]), units='pix', vertices=ndarray(...), win=Window(...))
8.1702 	EXP 	Created choice = TextStim(alignHoriz='center', alignVert='center', antialias=True, autoLog=True, bold=False, color='white', colorSpace='named', contrast=1.0, depth=-6.0, flipHoriz=False, flipVert=False, font='Arial', fontFiles=[], height=50, italic=False, name='choice', opacity=1.0, ori=0, pos=array([   0., -300.]), rgb=array([ 255.,  255.,  255.]), text=u"Press 'y' for Yes  \nPress 'n' for No", units='pix', win=Window(...), wrapWidth=500)
8.1816 	EXP 	Created thankyou = TextStim(alignHoriz='center', alignVert='center', antialias=True, autoLog=True, bold=False, color='white', colorSpace='named', contrast=1.0, depth=0.0, flipHoriz=False, flipVert=False, font='Arial', fontFiles=[], height=50, italic=False, name='thankyou', opacity=1.0, ori=0, pos=array([ 0.,  0.]), rgb=array([ 255.,  255.,  255.]), text=unicode(...), units='pix', win=Window(...), wrapWidth=500)
8.2109 	EXP 	welcome: autoDraw = True
10.1945 	EXP 	welcome: autoDraw = False
10.1945 	EXP 	welcome: autoDraw = False
10.1945 	EXP 	text: autoDraw = True
11.0045 	DATA 	Keypress: space
11.0125 	EXP 	Imported designs.xlsx as conditions, 3 conditions, 16 params
11.0130 	EXP 	Created sequence: random, trialTypes=3, nReps=1, seed=None
11.0135 	EXP 	New trial (rep=0, index=0): {u'n2col': u'red', u'n4col': u'blue', u'n3col': u'red', u'r4': u'd', u'n1col': u'red', u'r1': u'a', u'r2': u'b', u'rs': u'LOC11', u'r3': u'c', u're': u'LOC5', u'n5col': u'blue', u'n1': u'LOC6', u'n2': u'LOC1', u'n3': u'LOC2', u'n4': u'LOC3', u'n5': u'LOC4'}
11.0445 	EXP 	text: autoDraw = False
11.0445 	EXP 	robotS: pos = array([ 20.,   0.])
11.0445 	EXP 	node1: fillColor = u'red (named)'
11.0445 	EXP 	node1: pos = array([  20.,  115.])
11.0445 	EXP 	node2: fillColor = u'red (named)'
11.0445 	EXP 	node2: pos = array([  20.,  230.])
11.0445 	EXP 	node3: fillColor = u'red (named)'
11.0445 	EXP 	node3: pos = array([ 135.,  230.])
11.0445 	EXP 	node4: fillColor = u'blue (named)'
11.0445 	EXP 	node4: pos = array([ 250.,  230.])
11.0445 	EXP 	node5: fillColor = u'blue (named)'
11.0445 	EXP 	node5: pos = array([ 365.,  230.])
11.0445 	EXP 	robotF: pos = array([ 480.,  230.])
11.0445 	EXP 	whitebackground: autoDraw = True
11.0445 	EXP 	robotS: autoDraw = True
11.0445 	EXP 	node1: autoDraw = True
11.0445 	EXP 	node2: autoDraw = True
11.0445 	EXP 	node3: autoDraw = True
11.0445 	EXP 	node4: autoDraw = True
11.0445 	EXP 	node5: autoDraw = True
11.0445 	EXP 	robotF: autoDraw = True
11.0445 	EXP 	select1: autoDraw = True
11.0445 	EXP 	select2: autoDraw = True
11.0445 	EXP 	select3: autoDraw = True
11.0445 	EXP 	select4: autoDraw = True
11.0445 	EXP 	selection: autoDraw = True
11.0445 	EXP 	master: autoDraw = True
11.0445 	EXP 	sel: autoDraw = True
71.5712 	DATA 	Keypress: a
71.8043 	DATA 	Keypress: a
72.0876 	DATA 	Keypress: a
72.5876 	DATA 	Keypress: a
72.5911 	EXP 	New trial (rep=0, index=1): {u'n2col': u'blue', u'n4col': u'yellow', u'n3col': u'blue', u'r4': u'd', u'n1col': u'red', u'r1': u'a', u'r2': u'b', u'rs': u'LOC5', u'r3': u'c', u're': u'LOC17', u'n5col': u'yellow', u'n1': u'LOC10', u'n2': u'LOC15', u'n3': u'LOC14', u'n4': u'LOC13', u'n5': u'LOC12'}
72.6175 	EXP 	whitebackground: autoDraw = False
72.6175 	EXP 	robotS: autoDraw = False
72.6175 	EXP 	node1: autoDraw = False
72.6175 	EXP 	node2: autoDraw = False
72.6175 	EXP 	node3: autoDraw = False
72.6175 	EXP 	node4: autoDraw = False
72.6175 	EXP 	node5: autoDraw = False
72.6175 	EXP 	robotF: autoDraw = False
72.6175 	EXP 	select1: autoDraw = False
72.6175 	EXP 	select2: autoDraw = False
72.6175 	EXP 	select3: autoDraw = False
72.6175 	EXP 	select4: autoDraw = False
72.6175 	EXP 	selection: autoDraw = False
72.6175 	EXP 	master: autoDraw = False
72.6175 	EXP 	sel: autoDraw = False
72.6175 	EXP 	robotS: pos = array([ 480.,  230.])
72.6175 	EXP 	node1: fillColor = u'red (named)'
72.6175 	EXP 	node1: pos = array([ 480.,  115.])
72.6175 	EXP 	node2: fillColor = u'blue (named)'
72.6175 	EXP 	node2: pos = array([ 480.,    0.])
72.6175 	EXP 	node3: fillColor = u'blue (named)'
72.6175 	EXP 	node3: pos = array([ 365.,    0.])
72.6175 	EXP 	node4: fillColor = u'yellow (named)'
72.6175 	EXP 	node4: pos = array([ 250.,    0.])
72.6175 	EXP 	node5: fillColor = u'yellow (named)'
72.6175 	EXP 	node5: pos = array([ 135.,    0.])
72.6175 	EXP 	robotF: pos = array([ 135., -115.])
72.6175 	EXP 	whitebackground: autoDraw = True
72.6175 	EXP 	robotS: autoDraw = True
72.6175 	EXP 	node1: autoDraw = True
72.6175 	EXP 	node2: autoDraw = True
72.6175 	EXP 	node3: autoDraw = True
72.6175 	EXP 	node4: autoDraw = True
72.6175 	EXP 	node5: autoDraw = True
72.6175 	EXP 	robotF: autoDraw = True
72.6175 	EXP 	select1: autoDraw = True
72.6175 	EXP 	select2: autoDraw = True
72.6175 	EXP 	select3: autoDraw = True
72.6175 	EXP 	select4: autoDraw = True
72.6175 	EXP 	selection: autoDraw = True
72.6175 	EXP 	master: autoDraw = True
72.6175 	EXP 	sel: autoDraw = True
126.5595 	DATA 	Keypress: a
126.7633 	DATA 	Keypress: a
127.0134 	DATA 	Keypress: a
127.4767 	DATA 	Keypress: a
127.4799 	EXP 	New trial (rep=0, index=2): {u'n2col': u'green', u'n4col': u'yellow', u'n3col': u'blue', u'r4': u'd', u'n1col': u'green', u'r1': u'a', u'r2': u'b', u'rs': u'LOC16', u'r3': u'c', u're': u'LOC10', u'n5col': u'blue', u'n1': u'LOC17', u'n2': u'LOC12', u'n3': u'LOC13', u'n4': u'LOC8', u'n5': u'LOC9'}
127.5064 	EXP 	whitebackground: autoDraw = False
127.5064 	EXP 	robotS: autoDraw = False
127.5064 	EXP 	node1: autoDraw = False
127.5064 	EXP 	node2: autoDraw = False
127.5064 	EXP 	node3: autoDraw = False
127.5064 	EXP 	node4: autoDraw = False
127.5064 	EXP 	node5: autoDraw = False
127.5064 	EXP 	robotF: autoDraw = False
127.5064 	EXP 	select1: autoDraw = False
127.5064 	EXP 	select2: autoDraw = False
127.5064 	EXP 	select3: autoDraw = False
127.5064 	EXP 	select4: autoDraw = False
127.5064 	EXP 	selection: autoDraw = False
127.5064 	EXP 	master: autoDraw = False
127.5064 	EXP 	sel: autoDraw = False
127.5064 	EXP 	robotS: pos = array([  20., -115.])
127.5064 	EXP 	node1: fillColor = u'green (named)'
127.5064 	EXP 	node1: pos = array([ 135., -115.])
127.5064 	EXP 	node2: fillColor = u'green (named)'
127.5064 	EXP 	node2: pos = array([ 135.,    0.])
127.5064 	EXP 	node3: fillColor = u'blue (named)'
127.5064 	EXP 	node3: pos = array([ 250.,    0.])
127.5064 	EXP 	node4: fillColor = u'yellow (named)'
127.5064 	EXP 	node4: pos = array([ 250.,  115.])
127.5064 	EXP 	node5: fillColor = u'blue (named)'
127.5064 	EXP 	node5: pos = array([ 365.,  115.])
127.5064 	EXP 	robotF: pos = array([ 480.,  115.])
127.5064 	EXP 	whitebackground: autoDraw = True
127.5064 	EXP 	robotS: autoDraw = True
127.5064 	EXP 	node1: autoDraw = True
127.5064 	EXP 	node2: autoDraw = True
127.5064 	EXP 	node3: autoDraw = True
127.5064 	EXP 	node4: autoDraw = True
127.5064 	EXP 	node5: autoDraw = True
127.5064 	EXP 	robotF: autoDraw = True
127.5064 	EXP 	select1: autoDraw = True
127.5064 	EXP 	select2: autoDraw = True
127.5064 	EXP 	select3: autoDraw = True
127.5064 	EXP 	select4: autoDraw = True
127.5064 	EXP 	selection: autoDraw = True
127.5064 	EXP 	master: autoDraw = True
127.5064 	EXP 	sel: autoDraw = True
127.5435 	DATA 	Keypress: a
211.9354 	DATA 	Keypress: a
212.0722 	DATA 	Keypress: a
212.4520 	DATA 	Keypress: a
212.4653 	EXP 	whitebackground: autoDraw = False
212.4653 	EXP 	robotS: autoDraw = False
212.4653 	EXP 	node1: autoDraw = False
212.4653 	EXP 	node2: autoDraw = False
212.4653 	EXP 	node3: autoDraw = False
212.4653 	EXP 	node4: autoDraw = False
212.4653 	EXP 	node5: autoDraw = False
212.4653 	EXP 	robotF: autoDraw = False
212.4653 	EXP 	select1: autoDraw = False
212.4653 	EXP 	select2: autoDraw = False
212.4653 	EXP 	select3: autoDraw = False
212.4653 	EXP 	select4: autoDraw = False
212.4653 	EXP 	selection: autoDraw = False
212.4653 	EXP 	master: autoDraw = False
212.4653 	EXP 	sel: autoDraw = False
212.4653 	EXP 	Evaluation: autoDraw = True
212.4653 	EXP 	polygon: autoDraw = True
212.4653 	EXP 	polygon_2: autoDraw = True
212.4653 	EXP 	polygon_3: autoDraw = True
212.4653 	EXP 	polygon_4: autoDraw = True
213.1712 	DATA 	Keypress: a
213.7874 	DATA 	Keypress: escape
