7.1246 	EXP 	Created window1 = Window(allowGUI=False, allowStencil=False, autoLog=True, bitsMode=UNKNOWN, blendMode='avg', color=u'black', colorSpace='named', fullscr=UNKNOWN, gamma=None, lms=UNKNOWN, monitor=<psychopy.monitors.calibTools.Monitor object at 0x111939990>, name='window1', pos=[0, 0], screen=0, size=array([1440,  900]), stereo=False, units='pix', useFBO=True, useRetina=False, viewOri=0.0, viewPos=None, viewScale=None, waitBlanking=True, winType='pyglet')
7.1247 	EXP 	window1: recordFrameIntervals = False
7.2901 	EXP 	window1: recordFrameIntervals = True
7.4739 	EXP 	window1: recordFrameIntervals = False
7.6517 	EXP 	Created welcome = TextStim(alignHoriz='center', alignVert='center', antialias=True, autoLog=True, bold=False, color='white', colorSpace='named', contrast=1.0, depth=0.0, flipHoriz=False, flipVert=False, font='Arial', fontFiles=[], height=100, italic=False, name='welcome', opacity=1.0, ori=0, pos=array([ 0.,  0.]), rgb=array([ 255.,  255.,  255.]), text=u'Welcome!', units='pix', win=Window(...), wrapWidth=500)
7.6913 	EXP 	Created text = TextStim(alignHoriz='center', alignVert='center', antialias=True, autoLog=True, bold=False, color='white', colorSpace='named', contrast=1.0, depth=0.0, flipHoriz=False, flipVert=False, font='Arial', fontFiles=[], height=50, italic=False, name='text', opacity=1.0, ori=0, pos=array([ 0.,  0.]), rgb=array([ 255.,  255.,  255.]), text=unicode(...), units='pix', win=Window(...), wrapWidth=500)
7.7037 	EXP 	<method-wrapper '__getattribute__' of attributeSetter object at 0x10ee60f50>: vertices = array([[-400.,  450.],
       [ 400.,  450.],
       [ 400., -450.],
       [-400., -450.]])
7.7073 	EXP 	Created whitebackground = Rect(autoDraw=False, autoLog=True, closeShape=True, contrast=1.0, depth=-2.0, fillColor=array([ 1.,  1.,  1.]), fillColorSpace='rgb', fillRGB=array([ 1.,  1.,  1.]), interpolate=True, lineColor=array([ 1.,  1.,  1.]), lineColorSpace='rgb', lineRGB=array([ 1.,  1.,  1.]), lineWidth=0, name='whitebackground', opacity=1.0, ori=array(0.0), pos=array([-560.,    0.]), size=array([ 1.,  1.]), units='pix', vertices=ndarray(...), win=Window(...))
7.8158 	EXP 	Created robotS = ImageStim(autoLog=True, color=array([ 1.,  1.,  1.]), colorSpace='rgb', contrast=1.0, depth=-3.0, flipHoriz=False, flipVert=False, image=u'robot1.png', interpolate=True, mask=None, maskParams=None, name='robotS', opacity=1.0, ori=0.0, pos=array([ 0.,  0.]), size=array([ 100.,  100.]), texRes=128, units='pix', win=Window(...))
7.8294 	EXP 	Created node1 = Polygon(autoDraw=False, autoLog=True, closeShape=True, contrast=1.0, depth=-4.0, fillColor=array([ 1.,  1.,  1.]), fillColorSpace='rgb', fillRGB=array([ 1.,  1.,  1.]), interpolate=True, lineColor=array([ 1.,  1.,  1.]), lineColorSpace='rgb', lineRGB=array([ 1.,  1.,  1.]), lineWidth=0, name='node1', opacity=1.0, ori=array(0.0), pos=array([ 0.,  0.]), size=array([ 100.,  100.]), units='pix', vertices=ndarray(...), win=Window(...))
7.8365 	EXP 	Created node2 = Polygon(autoDraw=False, autoLog=True, closeShape=True, contrast=1.0, depth=-5.0, fillColor=array([ 1.,  1.,  1.]), fillColorSpace='rgb', fillRGB=array([ 1.,  1.,  1.]), interpolate=True, lineColor=array([ 1.,  1.,  1.]), lineColorSpace='rgb', lineRGB=array([ 1.,  1.,  1.]), lineWidth=0, name='node2', opacity=1.0, ori=array(0.0), pos=array([ 0.,  0.]), size=array([ 100.,  100.]), units='pix', vertices=ndarray(...), win=Window(...))
7.8462 	EXP 	Created node3 = Polygon(autoDraw=False, autoLog=True, closeShape=True, contrast=1.0, depth=-6.0, fillColor=array([ 1.,  1.,  1.]), fillColorSpace='rgb', fillRGB=array([ 1.,  1.,  1.]), interpolate=True, lineColor=array([ 1.,  1.,  1.]), lineColorSpace='rgb', lineRGB=array([ 1.,  1.,  1.]), lineWidth=0, name='node3', opacity=1.0, ori=array(0.0), pos=array([ 0.,  0.]), size=array([ 100.,  100.]), units='pix', vertices=ndarray(...), win=Window(...))
7.8601 	EXP 	Created node4 = Polygon(autoDraw=False, autoLog=True, closeShape=True, contrast=1.0, depth=-7.0, fillColor=array([ 1.,  1.,  1.]), fillColorSpace='rgb', fillRGB=array([ 1.,  1.,  1.]), interpolate=True, lineColor=array([ 1.,  1.,  1.]), lineColorSpace='rgb', lineRGB=array([ 1.,  1.,  1.]), lineWidth=0, name='node4', opacity=1.0, ori=array(0.0), pos=array([ 0.,  0.]), size=array([ 100.,  100.]), units='pix', vertices=ndarray(...), win=Window(...))
7.8610 	EXP 	<method-wrapper '__getattribute__' of attributeSetter object at 0x10ee60f50>: vertices = array([[-0.25,  0.25],
       [ 0.25,  0.25],
       [ 0.25, -0.25],
       [-0.25, -0.25]])
7.8653 	EXP 	Created node5 = Rect(autoDraw=False, autoLog=True, closeShape=True, contrast=1.0, depth=-8.0, fillColor=array([ 1.,  1.,  1.]), fillColorSpace='rgb', fillRGB=array([ 1.,  1.,  1.]), interpolate=True, lineColor=array([ 1.,  1.,  1.]), lineColorSpace='rgb', lineRGB=array([ 1.,  1.,  1.]), lineWidth=1, name='node5', opacity=1.0, ori=array(0.0), pos=array([ 0.,  0.]), size=array([ 1.,  1.]), units='pix', vertices=ndarray(...), win=Window(...))
7.8796 	EXP 	Created robotF = ImageStim(autoLog=True, color=array([ 1.,  1.,  1.]), colorSpace='rgb', contrast=1.0, depth=-9.0, flipHoriz=False, flipVert=False, image=u'robot1.png', interpolate=True, mask=None, maskParams=None, name='robotF', opacity=1.0, ori=0.0, pos=array([ 0.,  0.]), size=array([ 100.,  100.]), texRes=128, units='pix', win=Window(...))
7.8853 	EXP 	Created select1 = Polygon(autoDraw=False, autoLog=True, closeShape=True, contrast=1.0, depth=-10.0, fillColor='red', fillColorSpace='named', fillRGB=array([ 255.,    0.,    0.]), interpolate=True, lineColor=array([ 1.,  1.,  1.]), lineColorSpace='rgb', lineRGB=array([ 1.,  1.,  1.]), lineWidth=0, name='select1', opacity=1.0, ori=array(0.0), pos=array([-630.,    0.]), size=array([ 100.,  100.]), units='pix', vertices=ndarray(...), win=Window(...))
7.8938 	EXP 	Created select2 = Polygon(autoDraw=False, autoLog=True, closeShape=True, contrast=1.0, depth=-11.0, fillColor='blue', fillColorSpace='named', fillRGB=array([   0.,    0.,  255.]), interpolate=True, lineColor=array([ 1.,  1.,  1.]), lineColorSpace='rgb', lineRGB=array([ 1.,  1.,  1.]), lineWidth=0, name='select2', opacity=1.0, ori=array(0.0), pos=array([-630., -120.]), size=array([ 100.,  100.]), units='pix', vertices=ndarray(...), win=Window(...))
7.9073 	EXP 	Created select3 = Polygon(autoDraw=False, autoLog=True, closeShape=True, contrast=1.0, depth=-12.0, fillColor='yellow', fillColorSpace='named', fillRGB=array([ 255.,  255.,    0.]), interpolate=True, lineColor=array([ 1.,  1.,  1.]), lineColorSpace='rgb', lineRGB=array([ 1.,  1.,  1.]), lineWidth=0, name='select3', opacity=1.0, ori=array(0.0), pos=array([-630., -240.]), size=array([ 100.,  100.]), units='pix', vertices=ndarray(...), win=Window(...))
7.9159 	EXP 	Created select4 = Polygon(autoDraw=False, autoLog=True, closeShape=True, contrast=1.0, depth=-13.0, fillColor='green', fillColorSpace='named', fillRGB=array([   0.,  128.,    0.]), interpolate=True, lineColor=array([ 1.,  1.,  1.]), lineColorSpace='rgb', lineRGB=array([ 1.,  1.,  1.]), lineWidth=0, name='select4', opacity=1.0, ori=array(0.0), pos=array([-630., -360.]), size=array([ 100.,  100.]), units='pix', vertices=ndarray(...), win=Window(...))
7.9405 	EXP 	Created selection = ImageStim(autoLog=True, color=array([ 1.,  1.,  1.]), colorSpace='rgb', contrast=1.0, depth=-14.0, flipHoriz=False, flipVert=False, image='lettera.png', interpolate=True, mask=None, maskParams=None, name='selection', opacity=1.0, ori=0.0, pos=array([ 0.,  0.]), size=array([ 400.,  200.]), texRes=128, units='pix', win=Window(...))
7.9671 	EXP 	Created master = ImageStim(autoLog=True, color=array([ 1.,  1.,  1.]), colorSpace='rgb', contrast=1.0, depth=-15.0, flipHoriz=False, flipVert=False, image='mastershapes.png', interpolate=True, mask=None, maskParams=None, name='master', opacity=1.0, ori=0.0, pos=array([-510.,   90.]), size=array([ 500.,  400.]), texRes=128, units='pix', win=Window(...))
7.9936 	EXP 	Created sel = TextStim(alignHoriz='center', alignVert='center', antialias=True, autoLog=True, bold=False, color='black', colorSpace='named', contrast=1.0, depth=-16.0, flipHoriz=False, flipVert=False, font='Arial', fontFiles=[], height=30, italic=False, name='sel', opacity=1.0, ori=0, pos=array([-450.,  300.]), rgb=array([ 0.,  0.,  0.]), text=unicode(...), units='pix', win=Window(...), wrapWidth=500)
8.0016 	EXP 	Created Evaluation = TextStim(alignHoriz='center', alignVert='center', antialias=True, autoLog=True, bold=False, color='white', colorSpace='named', contrast=1.0, depth=-1.0, flipHoriz=False, flipVert=False, font='Arial', fontFiles=[], height=30, italic=False, name='Evaluation', opacity=1.0, ori=0, pos=array([   0.,  300.]), rgb=array([ 255.,  255.,  255.]), text=u'Is this pathway correct? \n', units='pix', win=Window(...), wrapWidth=500)
8.0084 	EXP 	Created polygon = Polygon(autoDraw=False, autoLog=True, closeShape=True, contrast=1.0, depth=-2.0, fillColor='red', fillColorSpace='named', fillRGB=array([ 255.,    0.,    0.]), interpolate=True, lineColor='red', lineColorSpace='named', lineRGB=array([ 255.,    0.,    0.]), lineWidth=1, name='polygon', opacity=1.0, ori=array(0.0), pos=array([ 250.,    0.]), size=array([ 100.,  100.]), units='pix', vertices=ndarray(...), win=Window(...))
8.0135 	EXP 	Created polygon_2 = Polygon(autoDraw=False, autoLog=True, closeShape=True, contrast=1.0, depth=-3.0, fillColor='green', fillColorSpace='named', fillRGB=array([   0.,  128.,    0.]), interpolate=True, lineColor='green', lineColorSpace='named', lineRGB=array([   0.,  128.,    0.]), lineWidth=1, name='polygon_2', opacity=1.0, ori=array(0.0), pos=array([ 355., -105.]), size=array([ 100.,  100.]), units='pix', vertices=ndarray(...), win=Window(...))
8.0187 	EXP 	Created polygon_3 = Polygon(autoDraw=False, autoLog=True, closeShape=True, contrast=1.0, depth=-4.0, fillColor='blue', fillColorSpace='named', fillRGB=array([   0.,    0.,  255.]), interpolate=True, lineColor='blue', lineColorSpace='named', lineRGB=array([   0.,    0.,  255.]), lineWidth=1, name='polygon_3', opacity=1.0, ori=array(0.0), pos=array([ 145., -105.]), size=array([ 100.,  100.]), units='pix', vertices=ndarray(...), win=Window(...))
8.0252 	EXP 	Created polygon_4 = Polygon(autoDraw=False, autoLog=True, closeShape=True, contrast=1.0, depth=-5.0, fillColor='blue', fillColorSpace='named', fillRGB=array([   0.,    0.,  255.]), interpolate=True, lineColor='blue', lineColorSpace='named', lineRGB=array([   0.,    0.,  255.]), lineWidth=1, name='polygon_4', opacity=1.0, ori=array(0.0), pos=array([ 250., -105.]), size=array([ 100.,  100.]), units='pix', vertices=ndarray(...), win=Window(...))
8.0486 	EXP 	Created choice = TextStim(alignHoriz='center', alignVert='center', antialias=True, autoLog=True, bold=False, color='white', colorSpace='named', contrast=1.0, depth=-6.0, flipHoriz=False, flipVert=False, font='Arial', fontFiles=[], height=50, italic=False, name='choice', opacity=1.0, ori=0, pos=array([   0., -300.]), rgb=array([ 255.,  255.,  255.]), text=u"Press 'y' for Yes  \nPress 'n' for No", units='pix', win=Window(...), wrapWidth=500)
8.0607 	EXP 	Created thankyou = TextStim(alignHoriz='center', alignVert='center', antialias=True, autoLog=True, bold=False, color='white', colorSpace='named', contrast=1.0, depth=0.0, flipHoriz=False, flipVert=False, font='Arial', fontFiles=[], height=50, italic=False, name='thankyou', opacity=1.0, ori=0, pos=array([ 0.,  0.]), rgb=array([ 255.,  255.,  255.]), text=unicode(...), units='pix', win=Window(...), wrapWidth=500)
8.0734 	EXP 	welcome: autoDraw = True
10.0735 	EXP 	welcome: autoDraw = False
10.0735 	EXP 	welcome: autoDraw = False
10.0735 	EXP 	text: autoDraw = True
11.4010 	DATA 	Keypress: space
11.4116 	EXP 	Imported designs.xlsx as conditions, 3 conditions, 16 params
11.4120 	EXP 	Created sequence: random, trialTypes=3, nReps=1, seed=None
11.4126 	EXP 	New trial (rep=0, index=0): {u'n2col': u'red', u'n4col': u'blue', u'n3col': u'red', u'r4': u'd', u'n1col': u'red', u'r1': u'a', u'r2': u'b', u'rs': u'LOC11', u'r3': u'c', u're': u'LOC20', u'n5col': u'blue', u'n1': u'LOC6', u'n2': u'LOC1', u'n3': u'LOC2', u'n4': u'LOC3', u'n5': u'LOC4'}
11.4405 	EXP 	text: autoDraw = False
11.4405 	EXP 	robotS: pos = array([ 40.,   0.])
11.4405 	EXP 	node1: fillColor = u'red (named)'
11.4405 	EXP 	node1: pos = array([  40.,  105.])
11.4405 	EXP 	node2: fillColor = u'red (named)'
11.4405 	EXP 	node2: pos = array([  40.,  210.])
11.4405 	EXP 	node3: fillColor = u'red (named)'
11.4405 	EXP 	node3: pos = array([ 145.,  210.])
11.4405 	EXP 	node4: fillColor = u'blue (named)'
11.4405 	EXP 	node4: pos = array([ 250.,  210.])
11.4405 	EXP 	robotF: pos = array([ 460., -105.])
11.4405 	EXP 	whitebackground: autoDraw = True
11.4405 	EXP 	robotS: autoDraw = True
11.4405 	EXP 	node1: autoDraw = True
11.4405 	EXP 	node2: autoDraw = True
11.4405 	EXP 	node3: autoDraw = True
11.4405 	EXP 	node4: autoDraw = True
11.4405 	EXP 	node5: autoDraw = True
11.4405 	EXP 	robotF: autoDraw = True
11.4405 	EXP 	select1: autoDraw = True
11.4405 	EXP 	select2: autoDraw = True
11.4405 	EXP 	select3: autoDraw = True
11.4405 	EXP 	select4: autoDraw = True
11.4405 	EXP 	selection: autoDraw = True
11.4405 	EXP 	master: autoDraw = True
11.4405 	EXP 	sel: autoDraw = True
12.4240 	EXP 	node5: autoDraw = False
37.0633 	DATA 	Keypress: a
37.4135 	DATA 	Keypress: a
37.7464 	DATA 	Keypress: a
38.1806 	DATA 	Keypress: a
38.1966 	EXP 	New trial (rep=0, index=1): {u'n2col': u'green', u'n4col': u'yellow', u'n3col': u'blue', u'r4': u'd', u'n1col': u'green', u'r1': u'a', u'r2': u'b', u'rs': u'LOC16', u'r3': u'c', u're': u'LOC10', u'n5col': u'blue', u'n1': u'LOC17', u'n2': u'LOC12', u'n3': u'LOC13', u'n4': u'LOC8', u'n5': u'LOC9'}
38.2266 	EXP 	whitebackground: autoDraw = False
38.2266 	EXP 	robotS: autoDraw = False
38.2266 	EXP 	node1: autoDraw = False
38.2266 	EXP 	node2: autoDraw = False
38.2266 	EXP 	node3: autoDraw = False
38.2266 	EXP 	node4: autoDraw = False
38.2266 	EXP 	node5: autoDraw = False
38.2266 	EXP 	robotF: autoDraw = False
38.2266 	EXP 	select1: autoDraw = False
38.2266 	EXP 	select2: autoDraw = False
38.2266 	EXP 	select3: autoDraw = False
38.2266 	EXP 	select4: autoDraw = False
38.2266 	EXP 	selection: autoDraw = False
38.2266 	EXP 	master: autoDraw = False
38.2266 	EXP 	sel: autoDraw = False
38.2266 	EXP 	robotS: pos = array([  40., -105.])
38.2266 	EXP 	node1: fillColor = u'green (named)'
38.2266 	EXP 	node1: pos = array([ 145., -105.])
38.2266 	EXP 	node2: fillColor = u'green (named)'
38.2266 	EXP 	node2: pos = array([ 145.,    0.])
38.2266 	EXP 	node3: fillColor = u'blue (named)'
38.2266 	EXP 	node3: pos = array([ 250.,    0.])
38.2266 	EXP 	node4: fillColor = u'yellow (named)'
38.2266 	EXP 	node4: pos = array([ 250.,  105.])
38.2266 	EXP 	robotF: pos = array([ 460.,  105.])
38.2266 	EXP 	whitebackground: autoDraw = True
38.2266 	EXP 	robotS: autoDraw = True
38.2266 	EXP 	node1: autoDraw = True
38.2266 	EXP 	node2: autoDraw = True
38.2266 	EXP 	node3: autoDraw = True
38.2266 	EXP 	node4: autoDraw = True
38.2266 	EXP 	node5: autoDraw = True
38.2266 	EXP 	robotF: autoDraw = True
38.2266 	EXP 	select1: autoDraw = True
38.2266 	EXP 	select2: autoDraw = True
38.2266 	EXP 	select3: autoDraw = True
38.2266 	EXP 	select4: autoDraw = True
38.2266 	EXP 	selection: autoDraw = True
38.2266 	EXP 	master: autoDraw = True
38.2266 	EXP 	sel: autoDraw = True
39.2101 	EXP 	node5: autoDraw = False
46.1143 	DATA 	Keypress: a
46.4645 	DATA 	Keypress: a
46.8812 	DATA 	Keypress: a
47.3481 	DATA 	Keypress: a
47.3507 	EXP 	New trial (rep=0, index=2): {u'n2col': u'blue', u'n4col': u'yellow', u'n3col': u'blue', u'r4': u'd', u'n1col': u'red', u'r1': u'a', u'r2': u'b', u'rs': u'LOC5', u'r3': u'c', u're': u'LOC17', u'n5col': u'yellow', u'n1': u'LOC10', u'n2': u'LOC15', u'n3': u'LOC14', u'n4': u'LOC13', u'n5': u'LOC12'}
47.3776 	EXP 	whitebackground: autoDraw = False
47.3776 	EXP 	robotS: autoDraw = False
47.3776 	EXP 	node1: autoDraw = False
47.3776 	EXP 	node2: autoDraw = False
47.3776 	EXP 	node3: autoDraw = False
47.3776 	EXP 	node4: autoDraw = False
47.3776 	EXP 	node5: autoDraw = False
47.3776 	EXP 	robotF: autoDraw = False
47.3776 	EXP 	select1: autoDraw = False
47.3776 	EXP 	select2: autoDraw = False
47.3776 	EXP 	select3: autoDraw = False
47.3776 	EXP 	select4: autoDraw = False
47.3776 	EXP 	selection: autoDraw = False
47.3776 	EXP 	master: autoDraw = False
47.3776 	EXP 	sel: autoDraw = False
47.3776 	EXP 	robotS: pos = array([ 460.,  210.])
47.3776 	EXP 	node1: fillColor = u'red (named)'
47.3776 	EXP 	node1: pos = array([ 460.,  105.])
47.3776 	EXP 	node2: fillColor = u'blue (named)'
47.3776 	EXP 	node2: pos = array([ 460.,    0.])
47.3776 	EXP 	node3: fillColor = u'blue (named)'
47.3776 	EXP 	node3: pos = array([ 355.,    0.])
47.3776 	EXP 	node4: fillColor = u'yellow (named)'
47.3776 	EXP 	node4: pos = array([ 250.,    0.])
47.3776 	EXP 	robotF: pos = array([ 145., -105.])
47.3776 	EXP 	whitebackground: autoDraw = True
47.3776 	EXP 	robotS: autoDraw = True
47.3776 	EXP 	node1: autoDraw = True
47.3776 	EXP 	node2: autoDraw = True
47.3776 	EXP 	node3: autoDraw = True
47.3776 	EXP 	node4: autoDraw = True
47.3776 	EXP 	node5: autoDraw = True
47.3776 	EXP 	robotF: autoDraw = True
47.3776 	EXP 	select1: autoDraw = True
47.3776 	EXP 	select2: autoDraw = True
47.3776 	EXP 	select3: autoDraw = True
47.3776 	EXP 	select4: autoDraw = True
47.3776 	EXP 	selection: autoDraw = True
47.3776 	EXP 	master: autoDraw = True
47.3776 	EXP 	sel: autoDraw = True
48.3610 	EXP 	node5: autoDraw = False
52.4308 	DATA 	Keypress: a
52.6978 	DATA 	Keypress: a
53.1482 	DATA 	Keypress: a
53.4482 	DATA 	Keypress: a
53.4615 	EXP 	whitebackground: autoDraw = False
53.4615 	EXP 	robotS: autoDraw = False
53.4615 	EXP 	node1: autoDraw = False
53.4615 	EXP 	node2: autoDraw = False
53.4615 	EXP 	node3: autoDraw = False
53.4615 	EXP 	node4: autoDraw = False
53.4615 	EXP 	node5: autoDraw = False
53.4615 	EXP 	robotF: autoDraw = False
53.4615 	EXP 	select1: autoDraw = False
53.4615 	EXP 	select2: autoDraw = False
53.4615 	EXP 	select3: autoDraw = False
53.4615 	EXP 	select4: autoDraw = False
53.4615 	EXP 	selection: autoDraw = False
53.4615 	EXP 	master: autoDraw = False
53.4615 	EXP 	sel: autoDraw = False
53.4615 	EXP 	Evaluation: autoDraw = True
53.4615 	EXP 	polygon: autoDraw = True
53.4615 	EXP 	polygon_2: autoDraw = True
53.4615 	EXP 	polygon_3: autoDraw = True
53.4615 	EXP 	polygon_4: autoDraw = True
54.1813 	DATA 	Keypress: escape
