5.8798 	EXP 	Created window1 = Window(allowGUI=False, allowStencil=False, autoLog=True, bitsMode=UNKNOWN, blendMode='avg', color='black', colorSpace='named', fullscr=UNKNOWN, gamma=None, lms=UNKNOWN, monitor=<psychopy.monitors.calibTools.Monitor object at 0x111b0fa10>, name='window1', pos=[0, 0], screen=0, size=array([1440,  900]), stereo=False, units='pix', useFBO=True, useRetina=False, viewOri=0.0, viewPos=None, viewScale=None, waitBlanking=True, winType='pyglet')
5.8798 	EXP 	window1: recordFrameIntervals = False
6.0459 	EXP 	window1: recordFrameIntervals = True
6.2300 	EXP 	window1: recordFrameIntervals = False
6.3525 	EXP 	Created welcome = TextStim(alignHoriz='center', alignVert='center', antialias=True, autoLog=True, bold=False, color='white', colorSpace='named', contrast=1.0, depth=0.0, flipHoriz=False, flipVert=False, font='Arial', fontFiles=[], height=100, italic=False, name='welcome', opacity=1.0, ori=0, pos=array([ 0.,  0.]), rgb=array([ 255.,  255.,  255.]), text=u'Welcome!', units='pix', win=Window(...), wrapWidth=500)
6.3968 	EXP 	Created text = TextStim(alignHoriz='center', alignVert='center', antialias=True, autoLog=True, bold=False, color='white', colorSpace='named', contrast=1.0, depth=0.0, flipHoriz=False, flipVert=False, font='Arial', fontFiles=[], height=50, italic=False, name='text', opacity=1.0, ori=0, pos=array([ 0.,  0.]), rgb=array([ 255.,  255.,  255.]), text=unicode(...), units='pix', win=Window(...), wrapWidth=500)
6.4029 	EXP 	<method-wrapper '__getattribute__' of attributeSetter object at 0x10ef68fd0>: vertices = array([[-400.,  450.],
       [ 400.,  450.],
       [ 400., -450.],
       [-400., -450.]])
6.4053 	EXP 	Created whitebackground = Rect(autoDraw=False, autoLog=True, closeShape=True, contrast=1.0, depth=-2.0, fillColor=array([ 1.,  1.,  1.]), fillColorSpace='rgb', fillRGB=array([ 1.,  1.,  1.]), interpolate=True, lineColor=array([ 1.,  1.,  1.]), lineColorSpace='rgb', lineRGB=array([ 1.,  1.,  1.]), lineWidth=0, name='whitebackground', opacity=1.0, ori=array(0.0), pos=array([-560.,    0.]), size=array([ 1.,  1.]), units='pix', vertices=ndarray(...), win=Window(...))
6.4626 	EXP 	Created robotS = ImageStim(autoLog=True, color=array([ 1.,  1.,  1.]), colorSpace='rgb', contrast=1.0, depth=-3.0, flipHoriz=False, flipVert=False, image='robot1.png', interpolate=True, mask=None, maskParams=None, name='robotS', opacity=1.0, ori=0.0, pos=array([ 0.,  0.]), size=array([ 100.,  100.]), texRes=128, units='pix', win=Window(...))
6.4699 	EXP 	Created node1 = Polygon(autoDraw=False, autoLog=True, closeShape=True, contrast=1.0, depth=-4.0, fillColor=array([ 1.,  1.,  1.]), fillColorSpace='rgb', fillRGB=array([ 1.,  1.,  1.]), interpolate=True, lineColor=array([ 1.,  1.,  1.]), lineColorSpace='rgb', lineRGB=array([ 1.,  1.,  1.]), lineWidth=0, name='node1', opacity=1.0, ori=array(0.0), pos=array([ 0.,  0.]), size=array([ 100.,  100.]), units='pix', vertices=ndarray(...), win=Window(...))
6.4760 	EXP 	Created node2 = Polygon(autoDraw=False, autoLog=True, closeShape=True, contrast=1.0, depth=-5.0, fillColor=array([ 1.,  1.,  1.]), fillColorSpace='rgb', fillRGB=array([ 1.,  1.,  1.]), interpolate=True, lineColor=array([ 1.,  1.,  1.]), lineColorSpace='rgb', lineRGB=array([ 1.,  1.,  1.]), lineWidth=0, name='node2', opacity=1.0, ori=array(0.0), pos=array([ 0.,  0.]), size=array([ 100.,  100.]), units='pix', vertices=ndarray(...), win=Window(...))
6.4823 	EXP 	Created node3 = Polygon(autoDraw=False, autoLog=True, closeShape=True, contrast=1.0, depth=-6.0, fillColor=array([ 1.,  1.,  1.]), fillColorSpace='rgb', fillRGB=array([ 1.,  1.,  1.]), interpolate=True, lineColor=array([ 1.,  1.,  1.]), lineColorSpace='rgb', lineRGB=array([ 1.,  1.,  1.]), lineWidth=0, name='node3', opacity=1.0, ori=array(0.0), pos=array([ 0.,  0.]), size=array([ 100.,  100.]), units='pix', vertices=ndarray(...), win=Window(...))
6.4883 	EXP 	Created node4 = Polygon(autoDraw=False, autoLog=True, closeShape=True, contrast=1.0, depth=-7.0, fillColor=array([ 1.,  1.,  1.]), fillColorSpace='rgb', fillRGB=array([ 1.,  1.,  1.]), interpolate=True, lineColor=array([ 1.,  1.,  1.]), lineColorSpace='rgb', lineRGB=array([ 1.,  1.,  1.]), lineWidth=0, name='node4', opacity=1.0, ori=array(0.0), pos=array([ 0.,  0.]), size=array([ 100.,  100.]), units='pix', vertices=ndarray(...), win=Window(...))
6.4944 	EXP 	Created node5 = Polygon(autoDraw=False, autoLog=True, closeShape=True, contrast=1.0, depth=-8.0, fillColor=array([ 1.,  1.,  1.]), fillColorSpace='rgb', fillRGB=array([ 1.,  1.,  1.]), interpolate=True, lineColor=array([ 1.,  1.,  1.]), lineColorSpace='rgb', lineRGB=array([ 1.,  1.,  1.]), lineWidth=0, name='node5', opacity=1.0, ori=array(0.0), pos=array([ 0.,  0.]), size=array([ 100.,  100.]), units='pix', vertices=ndarray(...), win=Window(...))
6.5071 	EXP 	Created robotF = ImageStim(autoLog=True, color=array([ 1.,  1.,  1.]), colorSpace='rgb', contrast=1.0, depth=-9.0, flipHoriz=False, flipVert=False, image='robot1.png', interpolate=True, mask=None, maskParams=None, name='robotF', opacity=1.0, ori=0.0, pos=array([ 0.,  0.]), size=array([ 100.,  100.]), texRes=128, units='pix', win=Window(...))
6.5136 	EXP 	Created select1 = Polygon(autoDraw=False, autoLog=True, closeShape=True, contrast=1.0, depth=-10.0, fillColor='red', fillColorSpace='named', fillRGB=array([ 255.,    0.,    0.]), interpolate=True, lineColor=array([ 1.,  1.,  1.]), lineColorSpace='rgb', lineRGB=array([ 1.,  1.,  1.]), lineWidth=0, name='select1', opacity=1.0, ori=array(0.0), pos=array([-630.,    0.]), size=array([ 100.,  100.]), units='pix', vertices=ndarray(...), win=Window(...))
6.5193 	EXP 	Created select2 = Polygon(autoDraw=False, autoLog=True, closeShape=True, contrast=1.0, depth=-11.0, fillColor='blue', fillColorSpace='named', fillRGB=array([   0.,    0.,  255.]), interpolate=True, lineColor=array([ 1.,  1.,  1.]), lineColorSpace='rgb', lineRGB=array([ 1.,  1.,  1.]), lineWidth=0, name='select2', opacity=1.0, ori=array(0.0), pos=array([-630., -120.]), size=array([ 100.,  100.]), units='pix', vertices=ndarray(...), win=Window(...))
6.5251 	EXP 	Created select3 = Polygon(autoDraw=False, autoLog=True, closeShape=True, contrast=1.0, depth=-12.0, fillColor='yellow', fillColorSpace='named', fillRGB=array([ 255.,  255.,    0.]), interpolate=True, lineColor=array([ 1.,  1.,  1.]), lineColorSpace='rgb', lineRGB=array([ 1.,  1.,  1.]), lineWidth=0, name='select3', opacity=1.0, ori=array(0.0), pos=array([-630., -240.]), size=array([ 100.,  100.]), units='pix', vertices=ndarray(...), win=Window(...))
6.5308 	EXP 	Created select4 = Polygon(autoDraw=False, autoLog=True, closeShape=True, contrast=1.0, depth=-13.0, fillColor='green', fillColorSpace='named', fillRGB=array([   0.,  128.,    0.]), interpolate=True, lineColor=array([ 1.,  1.,  1.]), lineColorSpace='rgb', lineRGB=array([ 1.,  1.,  1.]), lineWidth=0, name='select4', opacity=1.0, ori=array(0.0), pos=array([-630., -360.]), size=array([ 100.,  100.]), units='pix', vertices=ndarray(...), win=Window(...))
6.5555 	EXP 	Created selection = ImageStim(autoLog=True, color=array([ 1.,  1.,  1.]), colorSpace='rgb', contrast=1.0, depth=-14.0, flipHoriz=False, flipVert=False, image='lettera.png', interpolate=True, mask=None, maskParams=None, name='selection', opacity=1.0, ori=0.0, pos=array([ 0.,  0.]), size=array([ 400.,  200.]), texRes=128, units='pix', win=Window(...))
6.5791 	EXP 	Created master = ImageStim(autoLog=True, color=array([ 1.,  1.,  1.]), colorSpace='rgb', contrast=1.0, depth=-15.0, flipHoriz=False, flipVert=False, image='mastershapes.png', interpolate=True, mask=None, maskParams=None, name='master', opacity=1.0, ori=0.0, pos=array([-510.,   90.]), size=array([ 500.,  400.]), texRes=128, units='pix', win=Window(...))
6.6073 	EXP 	Created sel = TextStim(alignHoriz='center', alignVert='center', antialias=True, autoLog=True, bold=False, color='black', colorSpace='named', contrast=1.0, depth=-16.0, flipHoriz=False, flipVert=False, font='Arial', fontFiles=[], height=30, italic=False, name='sel', opacity=1.0, ori=0, pos=array([-450.,  300.]), rgb=array([ 0.,  0.,  0.]), text=unicode(...), units='pix', win=Window(...), wrapWidth=500)
6.6158 	EXP 	Created Evaluation = TextStim(alignHoriz='center', alignVert='center', antialias=True, autoLog=True, bold=False, color='white', colorSpace='named', contrast=1.0, depth=-1.0, flipHoriz=False, flipVert=False, font='Arial', fontFiles=[], height=30, italic=False, name='Evaluation', opacity=1.0, ori=0, pos=array([   0.,  300.]), rgb=array([ 255.,  255.,  255.]), text=u'Is this pathway correct? \n', units='pix', win=Window(...), wrapWidth=500)
6.6211 	EXP 	Created polygon = Polygon(autoDraw=False, autoLog=True, closeShape=True, contrast=1.0, depth=-2.0, fillColor='red', fillColorSpace='named', fillRGB=array([ 255.,    0.,    0.]), interpolate=True, lineColor='red', lineColorSpace='named', lineRGB=array([ 255.,    0.,    0.]), lineWidth=1, name='polygon', opacity=1.0, ori=array(0.0), pos=array([ 250.,    0.]), size=array([ 100.,  100.]), units='pix', vertices=ndarray(...), win=Window(...))
6.6263 	EXP 	Created polygon_2 = Polygon(autoDraw=False, autoLog=True, closeShape=True, contrast=1.0, depth=-3.0, fillColor='green', fillColorSpace='named', fillRGB=array([   0.,  128.,    0.]), interpolate=True, lineColor='green', lineColorSpace='named', lineRGB=array([   0.,  128.,    0.]), lineWidth=1, name='polygon_2', opacity=1.0, ori=array(0.0), pos=array([ 355., -105.]), size=array([ 100.,  100.]), units='pix', vertices=ndarray(...), win=Window(...))
6.6315 	EXP 	Created polygon_3 = Polygon(autoDraw=False, autoLog=True, closeShape=True, contrast=1.0, depth=-4.0, fillColor='blue', fillColorSpace='named', fillRGB=array([   0.,    0.,  255.]), interpolate=True, lineColor='blue', lineColorSpace='named', lineRGB=array([   0.,    0.,  255.]), lineWidth=1, name='polygon_3', opacity=1.0, ori=array(0.0), pos=array([ 145., -105.]), size=array([ 100.,  100.]), units='pix', vertices=ndarray(...), win=Window(...))
6.6367 	EXP 	Created polygon_4 = Polygon(autoDraw=False, autoLog=True, closeShape=True, contrast=1.0, depth=-5.0, fillColor='blue', fillColorSpace='named', fillRGB=array([   0.,    0.,  255.]), interpolate=True, lineColor='blue', lineColorSpace='named', lineRGB=array([   0.,    0.,  255.]), lineWidth=1, name='polygon_4', opacity=1.0, ori=array(0.0), pos=array([ 250., -105.]), size=array([ 100.,  100.]), units='pix', vertices=ndarray(...), win=Window(...))
6.6575 	EXP 	Created choice = TextStim(alignHoriz='center', alignVert='center', antialias=True, autoLog=True, bold=False, color='white', colorSpace='named', contrast=1.0, depth=-6.0, flipHoriz=False, flipVert=False, font='Arial', fontFiles=[], height=50, italic=False, name='choice', opacity=1.0, ori=0, pos=array([   0., -300.]), rgb=array([ 255.,  255.,  255.]), text=u"Press 'y' for Yes  \nPress 'n' for No", units='pix', win=Window(...), wrapWidth=500)
6.6758 	EXP 	Created thankyou = TextStim(alignHoriz='center', alignVert='center', antialias=True, autoLog=True, bold=False, color='white', colorSpace='named', contrast=1.0, depth=0.0, flipHoriz=False, flipVert=False, font='Arial', fontFiles=[], height=50, italic=False, name='thankyou', opacity=1.0, ori=0, pos=array([ 0.,  0.]), rgb=array([ 255.,  255.,  255.]), text=unicode(...), units='pix', win=Window(...), wrapWidth=500)
6.6962 	EXP 	welcome: autoDraw = True
8.6964 	EXP 	welcome: autoDraw = False
8.6964 	EXP 	text: autoDraw = True
9.9022 	DATA 	Keypress: space
9.9102 	EXP 	Imported designs.xlsx as conditions, 3 conditions, 16 params
9.9107 	EXP 	Created sequence: random, trialTypes=3, nReps=1, seed=None
9.9113 	EXP 	New trial (rep=0, index=0): {u'n2col': u'red', u'n4col': u'blue', u'n3col': u'red', u'r4': u'd', u'n1col': u'red', u'r1': u'a', u'r2': u'b', u'rs': u'LOC11', u'r3': u'c', u're': u'LOC20', u'n5col': u'blue', u'n1': u'LOC6', u'n2': u'LOC1', u'n3': u'LOC2', u'n4': u'LOC3', u'n5': u'LOC4'}
9.9298 	EXP 	text: autoDraw = False
9.9298 	EXP 	robotS: pos = array([ 40.,   0.])
9.9298 	EXP 	node1: fillColor = u'red (named)'
9.9298 	EXP 	node1: pos = array([  40.,  105.])
9.9298 	EXP 	node2: fillColor = u'red (named)'
9.9298 	EXP 	node2: pos = array([  40.,  210.])
9.9298 	EXP 	node3: fillColor = u'red (named)'
9.9298 	EXP 	node3: pos = array([ 145.,  210.])
9.9298 	EXP 	node4: fillColor = u'blue (named)'
9.9298 	EXP 	node4: pos = array([ 250.,  210.])
9.9298 	EXP 	node5: fillColor = u'blue (named)'
9.9298 	EXP 	node5: pos = array([ 355.,  210.])
9.9298 	EXP 	robotF: pos = array([ 460., -105.])
9.9298 	EXP 	whitebackground: autoDraw = True
9.9298 	EXP 	robotS: autoDraw = True
9.9298 	EXP 	node1: autoDraw = True
9.9298 	EXP 	node2: autoDraw = True
9.9298 	EXP 	node3: autoDraw = True
9.9298 	EXP 	node4: autoDraw = True
9.9298 	EXP 	node5: autoDraw = True
9.9298 	EXP 	robotF: autoDraw = True
9.9298 	EXP 	select1: autoDraw = True
9.9298 	EXP 	select2: autoDraw = True
9.9298 	EXP 	select3: autoDraw = True
9.9298 	EXP 	select4: autoDraw = True
9.9298 	EXP 	selection: autoDraw = True
9.9298 	EXP 	master: autoDraw = True
9.9298 	EXP 	sel: autoDraw = True
26.7687 	DATA 	Keypress: a
27.1524 	DATA 	Keypress: a
27.5182 	DATA 	Keypress: a
27.9016 	DATA 	Keypress: a
27.9035 	EXP 	New trial (rep=0, index=1): {u'n2col': u'green', u'n4col': u'yellow', u'n3col': u'blue', u'r4': u'd', u'n1col': u'green', u'r1': u'a', u'r2': u'b', u'rs': u'LOC16', u'r3': u'c', u're': u'LOC10', u'n5col': u'blue', u'n1': u'LOC17', u'n2': u'LOC12', u'n3': u'LOC13', u'n4': u'LOC8', u'n5': u'LOC9'}
27.9315 	EXP 	whitebackground: autoDraw = False
27.9315 	EXP 	robotS: autoDraw = False
27.9315 	EXP 	node1: autoDraw = False
27.9315 	EXP 	node2: autoDraw = False
27.9315 	EXP 	node3: autoDraw = False
27.9315 	EXP 	node4: autoDraw = False
27.9315 	EXP 	node5: autoDraw = False
27.9315 	EXP 	robotF: autoDraw = False
27.9315 	EXP 	select1: autoDraw = False
27.9315 	EXP 	select2: autoDraw = False
27.9315 	EXP 	select3: autoDraw = False
27.9315 	EXP 	select4: autoDraw = False
27.9315 	EXP 	selection: autoDraw = False
27.9315 	EXP 	master: autoDraw = False
27.9315 	EXP 	sel: autoDraw = False
27.9315 	EXP 	robotS: pos = array([  40., -105.])
27.9315 	EXP 	node1: fillColor = u'green (named)'
27.9315 	EXP 	node1: pos = array([ 145., -105.])
27.9315 	EXP 	node2: fillColor = u'green (named)'
27.9315 	EXP 	node2: pos = array([ 145.,    0.])
27.9315 	EXP 	node3: fillColor = u'blue (named)'
27.9315 	EXP 	node3: pos = array([ 250.,    0.])
27.9315 	EXP 	node4: fillColor = u'yellow (named)'
27.9315 	EXP 	node4: pos = array([ 250.,  105.])
27.9315 	EXP 	node5: fillColor = u'blue (named)'
27.9315 	EXP 	node5: pos = array([ 355.,  105.])
27.9315 	EXP 	robotF: pos = array([ 460.,  105.])
27.9315 	EXP 	whitebackground: autoDraw = True
27.9315 	EXP 	robotS: autoDraw = True
27.9315 	EXP 	node1: autoDraw = True
27.9315 	EXP 	node2: autoDraw = True
27.9315 	EXP 	node3: autoDraw = True
27.9315 	EXP 	node4: autoDraw = True
27.9315 	EXP 	node5: autoDraw = True
27.9315 	EXP 	robotF: autoDraw = True
27.9315 	EXP 	select1: autoDraw = True
27.9315 	EXP 	select2: autoDraw = True
27.9315 	EXP 	select3: autoDraw = True
27.9315 	EXP 	select4: autoDraw = True
27.9315 	EXP 	selection: autoDraw = True
27.9315 	EXP 	master: autoDraw = True
27.9315 	EXP 	sel: autoDraw = True
33.6190 	DATA 	Keypress: a
34.2522 	DATA 	Keypress: a
34.5855 	DATA 	Keypress: a
35.2201 	DATA 	Keypress: a
35.2230 	EXP 	New trial (rep=0, index=2): {u'n2col': u'blue', u'n4col': u'yellow', u'n3col': u'blue', u'r4': u'd', u'n1col': u'red', u'r1': u'a', u'r2': u'b', u'rs': u'LOC5', u'r3': u'c', u're': u'LOC17', u'n5col': u'yellow', u'n1': u'LOC10', u'n2': u'LOC15', u'n3': u'LOC14', u'n4': u'LOC13', u'n5': u'LOC12'}
35.2488 	EXP 	whitebackground: autoDraw = False
35.2488 	EXP 	robotS: autoDraw = False
35.2488 	EXP 	node1: autoDraw = False
35.2488 	EXP 	node2: autoDraw = False
35.2488 	EXP 	node3: autoDraw = False
35.2488 	EXP 	node4: autoDraw = False
35.2488 	EXP 	node5: autoDraw = False
35.2488 	EXP 	robotF: autoDraw = False
35.2488 	EXP 	select1: autoDraw = False
35.2488 	EXP 	select2: autoDraw = False
35.2488 	EXP 	select3: autoDraw = False
35.2488 	EXP 	select4: autoDraw = False
35.2488 	EXP 	selection: autoDraw = False
35.2488 	EXP 	master: autoDraw = False
35.2488 	EXP 	sel: autoDraw = False
35.2488 	EXP 	robotS: pos = array([ 460.,  210.])
35.2488 	EXP 	node1: fillColor = u'red (named)'
35.2488 	EXP 	node1: pos = array([ 460.,  105.])
35.2488 	EXP 	node2: fillColor = u'blue (named)'
35.2488 	EXP 	node2: pos = array([ 460.,    0.])
35.2488 	EXP 	node3: fillColor = u'blue (named)'
35.2488 	EXP 	node3: pos = array([ 355.,    0.])
35.2488 	EXP 	node4: fillColor = u'yellow (named)'
35.2488 	EXP 	node4: pos = array([ 250.,    0.])
35.2488 	EXP 	node5: fillColor = u'yellow (named)'
35.2488 	EXP 	node5: pos = array([ 145.,    0.])
35.2488 	EXP 	robotF: pos = array([ 145., -105.])
35.2488 	EXP 	whitebackground: autoDraw = True
35.2488 	EXP 	robotS: autoDraw = True
35.2488 	EXP 	node1: autoDraw = True
35.2488 	EXP 	node2: autoDraw = True
35.2488 	EXP 	node3: autoDraw = True
35.2488 	EXP 	node4: autoDraw = True
35.2488 	EXP 	node5: autoDraw = True
35.2488 	EXP 	robotF: autoDraw = True
35.2488 	EXP 	select1: autoDraw = True
35.2488 	EXP 	select2: autoDraw = True
35.2488 	EXP 	select3: autoDraw = True
35.2488 	EXP 	select4: autoDraw = True
35.2488 	EXP 	selection: autoDraw = True
35.2488 	EXP 	master: autoDraw = True
35.2488 	EXP 	sel: autoDraw = True
37.5361 	DATA 	Keypress: a
37.9867 	DATA 	Keypress: a
38.2363 	DATA 	Keypress: a
38.6029 	DATA 	Keypress: a
38.6161 	EXP 	whitebackground: autoDraw = False
38.6161 	EXP 	robotS: autoDraw = False
38.6161 	EXP 	node1: autoDraw = False
38.6161 	EXP 	node2: autoDraw = False
38.6161 	EXP 	node3: autoDraw = False
38.6161 	EXP 	node4: autoDraw = False
38.6161 	EXP 	node5: autoDraw = False
38.6161 	EXP 	robotF: autoDraw = False
38.6161 	EXP 	select1: autoDraw = False
38.6161 	EXP 	select2: autoDraw = False
38.6161 	EXP 	select3: autoDraw = False
38.6161 	EXP 	select4: autoDraw = False
38.6161 	EXP 	selection: autoDraw = False
38.6161 	EXP 	master: autoDraw = False
38.6161 	EXP 	sel: autoDraw = False
38.6161 	EXP 	Evaluation: autoDraw = True
38.6161 	EXP 	polygon: autoDraw = True
38.6161 	EXP 	polygon_2: autoDraw = True
38.6161 	EXP 	polygon_3: autoDraw = True
38.6161 	EXP 	polygon_4: autoDraw = True
39.7527 	DATA 	Keypress: escape
