7.8097 	EXP 	Created window1 = Window(allowGUI=False, allowStencil=False, autoLog=True, bitsMode=UNKNOWN, blendMode='avg', color='black', colorSpace='named', fullscr=UNKNOWN, gamma=None, lms=UNKNOWN, monitor=<psychopy.monitors.calibTools.Monitor object at 0x112cbfa90>, name='window1', pos=[0, 0], screen=0, size=array([1440,  900]), stereo=False, units='pix', useFBO=True, useRetina=False, viewOri=0.0, viewPos=None, viewScale=None, waitBlanking=True, winType='pyglet')
7.8098 	EXP 	window1: recordFrameIntervals = False
7.9750 	EXP 	window1: recordFrameIntervals = True
8.1588 	EXP 	window1: recordFrameIntervals = False
8.3264 	EXP 	Created welcome = TextStim(alignHoriz='center', alignVert='center', antialias=True, autoLog=True, bold=False, color='white', colorSpace='named', contrast=1.0, depth=-1.0, flipHoriz=False, flipVert=False, font='Arial', fontFiles=[], height=100, italic=False, name='welcome', opacity=1.0, ori=0, pos=array([ 0.,  0.]), rgb=array([ 255.,  255.,  255.]), text=u'Welcome!', units='pix', win=Window(...), wrapWidth=500)
8.3639 	EXP 	Created instruct = TextStim(alignHoriz='center', alignVert='center', antialias=True, autoLog=True, bold=False, color='white', colorSpace='named', contrast=1.0, depth=-2.0, flipHoriz=False, flipVert=False, font='Arial', fontFiles=[], height=50, italic=False, name='instruct', opacity=1.0, ori=0, pos=array([ 0.,  0.]), rgb=array([ 255.,  255.,  255.]), text=unicode(...), units='pix', win=Window(...), wrapWidth=500)
8.4499 	EXP 	Created rob0 = ImageStim(autoLog=True, color=array([ 1.,  1.,  1.]), colorSpace='rgb', contrast=1.0, depth=-3.0, flipHoriz=False, flipVert=False, image='robot1.png', interpolate=True, mask=None, maskParams=None, name='rob0', opacity=1.0, ori=0.0, pos=array([-250., -100.]), size=array([ 200.,  200.]), texRes=128, units='pix', win=Window(...))
8.4645 	EXP 	Created robb = ImageStim(autoLog=True, color=array([ 1.,  1.,  1.]), colorSpace='rgb', contrast=1.0, depth=-4.0, flipHoriz=False, flipVert=False, image='robot1.png', interpolate=True, mask=None, maskParams=None, name='robb', opacity=1.0, ori=0.0, pos=array([ 250., -100.]), size=array([ 200.,  200.]), texRes=128, units='pix', win=Window(...))
8.4824 	EXP 	Created na = Polygon(autoDraw=False, autoLog=True, closeShape=True, contrast=1.0, depth=-5.0, fillColor='blue', fillColorSpace='named', fillRGB=array([   0.,    0.,  255.]), interpolate=True, lineColor='blue', lineColorSpace='named', lineRGB=array([   0.,    0.,  255.]), lineWidth=1, name='na', opacity=1.0, ori=array(0.0), pos=array([ 0.,  0.]), size=array([ 1.,  1.]), units='pix', vertices=ndarray(...), win=Window(...))
8.4911 	EXP 	Created nb = Polygon(autoDraw=False, autoLog=True, closeShape=True, contrast=1.0, depth=-6.0, fillColor='blue', fillColorSpace='named', fillRGB=array([   0.,    0.,  255.]), interpolate=True, lineColor='blue', lineColorSpace='named', lineRGB=array([   0.,    0.,  255.]), lineWidth=1, name='nb', opacity=1.0, ori=array(0.0), pos=array([ 0.,  0.]), size=array([ 1.,  1.]), units='pix', vertices=ndarray(...), win=Window(...))
8.4974 	EXP 	Created nc = Polygon(autoDraw=False, autoLog=True, closeShape=True, contrast=1.0, depth=-7.0, fillColor='blue', fillColorSpace='named', fillRGB=array([   0.,    0.,  255.]), interpolate=True, lineColor='blue', lineColorSpace='named', lineRGB=array([   0.,    0.,  255.]), lineWidth=1, name='nc', opacity=1.0, ori=array(0.0), pos=array([ 0.,  0.]), size=array([ 1.,  1.]), units='pix', vertices=ndarray(...), win=Window(...))
8.4994 	EXP 	<method-wrapper '__getattribute__' of attributeSetter object at 0x10eecd090>: vertices = array([[-55.,  20.],
       [ 55.,  20.],
       [ 55., -20.],
       [-55., -20.]])
8.5011 	EXP 	Created s1 = Rect(autoDraw=False, autoLog=True, closeShape=True, contrast=1.0, depth=-8.0, fillColor='black', fillColorSpace='named', fillRGB=array([ 0.,  0.,  0.]), interpolate=True, lineColor='black', lineColorSpace='named', lineRGB=array([ 0.,  0.,  0.]), lineWidth=1, name='s1', opacity=1.0, ori=array(0.0), pos=array([-110., -100.]), size=array([ 1.,  1.]), units='pix', vertices=ndarray(...), win=Window(...))
8.5016 	EXP 	<method-wrapper '__getattribute__' of attributeSetter object at 0x10eecd090>: vertices = array([[-55.,  20.],
       [ 55.,  20.],
       [ 55., -20.],
       [-55., -20.]])
8.5032 	EXP 	Created s2 = Rect(autoDraw=False, autoLog=True, closeShape=True, contrast=1.0, depth=-9.0, fillColor='black', fillColorSpace='named', fillRGB=array([ 0.,  0.,  0.]), interpolate=True, lineColor='black', lineColorSpace='named', lineRGB=array([ 0.,  0.,  0.]), lineWidth=1, name='s2', opacity=1.0, ori=array(0.0), pos=array([   0., -100.]), size=array([ 1.,  1.]), units='pix', vertices=ndarray(...), win=Window(...))
8.5036 	EXP 	<method-wrapper '__getattribute__' of attributeSetter object at 0x10eecd090>: vertices = array([[-55.,  20.],
       [ 55.,  20.],
       [ 55., -20.],
       [-55., -20.]])
8.5052 	EXP 	Created s3 = Rect(autoDraw=False, autoLog=True, closeShape=True, contrast=1.0, depth=-10.0, fillColor='black', fillColorSpace='named', fillRGB=array([ 0.,  0.,  0.]), interpolate=True, lineColor='black', lineColorSpace='named', lineRGB=array([ 0.,  0.,  0.]), lineWidth=1, name='s3', opacity=1.0, ori=array(0.0), pos=array([ 110., -100.]), size=array([ 1.,  1.]), units='pix', vertices=ndarray(...), win=Window(...))
8.9934 	EXP 	Created heart = ImageStim(autoLog=True, color=array([ 1.,  1.,  1.]), colorSpace='rgb', contrast=1.0, depth=-11.0, flipHoriz=False, flipVert=False, image='heart.png', interpolate=True, mask=None, maskParams=None, name='heart', opacity=1.0, ori=0.0, pos=array([   0., -100.]), size=array([ 1.,  1.]), texRes=128, units='pix', win=Window(...))
9.1052 	EXP 	Created text_2 = TextStim(alignHoriz='center', alignVert='center', antialias=True, autoLog=True, bold=False, color='white', colorSpace='named', contrast=1.0, depth=-1.0, flipHoriz=False, flipVert=False, font='Arial', fontFiles=[], height=40, italic=False, name='text_2', opacity=1.0, ori=0, pos=array([ 0.,  0.]), rgb=array([ 255.,  255.,  255.]), text=u"Let's take an example", units='pix', win=Window(...), wrapWidth=500)
9.1146 	EXP 	Created nod1 = Polygon(autoDraw=False, autoLog=True, closeShape=True, contrast=1.0, depth=-2.0, fillColor=array([ 1.,  1.,  1.]), fillColorSpace='rgb', fillRGB=array([ 1.,  1.,  1.]), interpolate=True, lineColor='red', lineColorSpace='named', lineRGB=array([ 255.,    0.,    0.]), lineWidth=1, name='nod1', opacity=1.0, ori=array(0.0), pos=array([ 0.,  0.]), size=array([ 100.,  100.]), units='pix', vertices=ndarray(...), win=Window(...))
9.1248 	EXP 	Created nod2 = Polygon(autoDraw=False, autoLog=True, closeShape=True, contrast=1.0, depth=-3.0, fillColor=array([ 1.,  1.,  1.]), fillColorSpace='rgb', fillRGB=array([ 1.,  1.,  1.]), interpolate=True, lineColor=array([ 1.,  1.,  1.]), lineColorSpace='rgb', lineRGB=array([ 1.,  1.,  1.]), lineWidth=1, name='nod2', opacity=1.0, ori=array(0.0), pos=array([ 0.,  0.]), size=array([ 100.,  100.]), units='pix', vertices=ndarray(...), win=Window(...))
9.1358 	EXP 	Created nod3 = Polygon(autoDraw=False, autoLog=True, closeShape=True, contrast=1.0, depth=-4.0, fillColor=array([ 1.,  1.,  1.]), fillColorSpace='rgb', fillRGB=array([ 1.,  1.,  1.]), interpolate=True, lineColor=array([ 1.,  1.,  1.]), lineColorSpace='rgb', lineRGB=array([ 1.,  1.,  1.]), lineWidth=1, name='nod3', opacity=1.0, ori=array(0.0), pos=array([ 135.,  115.]), size=array([ 100.,  100.]), units='pix', vertices=ndarray(...), win=Window(...))
9.1438 	EXP 	Created nod4 = Polygon(autoDraw=False, autoLog=True, closeShape=True, contrast=1.0, depth=-5.0, fillColor=array([ 1.,  1.,  1.]), fillColorSpace='rgb', fillRGB=array([ 1.,  1.,  1.]), interpolate=True, lineColor=array([ 1.,  1.,  1.]), lineColorSpace='rgb', lineRGB=array([ 1.,  1.,  1.]), lineWidth=1, name='nod4', opacity=1.0, ori=array(0.0), pos=array([ 250.,  115.]), size=array([ 100.,  100.]), units='pix', vertices=ndarray(...), win=Window(...))
9.1585 	EXP 	Created rob1 = ImageStim(autoLog=True, color=array([ 1.,  1.,  1.]), colorSpace='rgb', contrast=1.0, depth=-6.0, flipHoriz=False, flipVert=False, image='robot1.png', interpolate=True, mask=None, maskParams=None, name='rob1', opacity=1.0, ori=1.0, pos=array([  20., -115.]), size=array([ 100.,  100.]), texRes=128, units='pix', win=Window(...))
9.1628 	EXP 	Created rob2 = ImageStim(autoLog=True, color=array([ 1.,  1.,  1.]), colorSpace='rgb', contrast=1.0, depth=-7.0, flipHoriz=False, flipVert=False, image='sin', interpolate=True, mask=None, maskParams=None, name='rob2', opacity=1.0, ori=0.0, pos=array([ 365.,  115.]), size=array([ 100.,  100.]), texRes=128, units='pix', win=Window(...))
9.1636 	EXP 	<method-wrapper '__getattribute__' of attributeSetter object at 0x10eecd090>: vertices = array([[-0.5,  0.5],
       [ 0.5,  0.5],
       [ 0.5, -0.5],
       [-0.5, -0.5]])
9.1663 	EXP 	Created sh1 = Rect(autoDraw=False, autoLog=True, closeShape=True, contrast=1.0, depth=-9.0, fillColor='black', fillColorSpace='named', fillRGB=array([ 0.,  0.,  0.]), interpolate=True, lineColor='black', lineColorSpace='named', lineRGB=array([ 0.,  0.,  0.]), lineWidth=1, name='sh1', opacity=1.0, ori=array(0.0), pos=array([ 20.,   0.]), size=array([ 1.,  1.]), units='pix', vertices=ndarray(...), win=Window(...))
9.1670 	EXP 	<method-wrapper '__getattribute__' of attributeSetter object at 0x10eecd090>: vertices = array([[-30.,  20.],
       [ 30.,  20.],
       [ 30., -20.],
       [-30., -20.]])
9.1688 	EXP 	Created sh2a = Rect(autoDraw=False, autoLog=True, closeShape=True, contrast=1.0, depth=-10.0, fillColor='black', fillColorSpace='named', fillRGB=array([ 0.,  0.,  0.]), interpolate=True, lineColor='black', lineColorSpace='named', lineRGB=array([ 0.,  0.,  0.]), lineWidth=1, name='sh2a', opacity=1.0, ori=array(0.0), pos=array([  50.,  113.]), size=array([ 1.,  1.]), units='pix', vertices=ndarray(...), win=Window(...))
9.1693 	EXP 	<method-wrapper '__getattribute__' of attributeSetter object at 0x10eecd090>: vertices = array([[-20.,  40.],
       [ 20.,  40.],
       [ 20., -40.],
       [-20., -40.]])
9.1709 	EXP 	Created sh2b = Rect(autoDraw=False, autoLog=True, closeShape=True, contrast=1.0, depth=-11.0, fillColor='black', fillColorSpace='named', fillRGB=array([ 0.,  0.,  0.]), interpolate=True, lineColor='black', lineColorSpace='named', lineRGB=array([ 0.,  0.,  0.]), lineWidth=1, name='sh2b', opacity=1.0, ori=array(0.0), pos=array([ 22.,  93.]), size=array([ 1.,  1.]), units='pix', vertices=ndarray(...), win=Window(...))
9.1714 	EXP 	<method-wrapper '__getattribute__' of attributeSetter object at 0x10eecd090>: vertices = array([[-55.,  20.],
       [ 55.,  20.],
       [ 55., -20.],
       [-55., -20.]])
9.1730 	EXP 	Created sh3 = Rect(autoDraw=False, autoLog=True, closeShape=True, contrast=1.0, depth=-12.0, fillColor='black', fillColorSpace='named', fillRGB=array([ 0.,  0.,  0.]), interpolate=True, lineColor='black', lineColorSpace='named', lineRGB=array([ 0.,  0.,  0.]), lineWidth=1, name='sh3', opacity=1.0, ori=array(0.0), pos=array([ 135.,  115.]), size=array([ 1.,  1.]), units='pix', vertices=ndarray(...), win=Window(...))
9.1736 	EXP 	<method-wrapper '__getattribute__' of attributeSetter object at 0x10eecd090>: vertices = array([[-55.,  20.],
       [ 55.,  20.],
       [ 55., -20.],
       [-55., -20.]])
9.1753 	EXP 	Created sh4 = Rect(autoDraw=False, autoLog=True, closeShape=True, contrast=1.0, depth=-13.0, fillColor='black', fillColorSpace='named', fillRGB=array([ 0.,  0.,  0.]), interpolate=True, lineColor='black', lineColorSpace='named', lineRGB=array([ 0.,  0.,  0.]), lineWidth=1, name='sh4', opacity=1.0, ori=array(0.0), pos=array([ 250.,  115.]), size=array([ 1.,  1.]), units='pix', vertices=ndarray(...), win=Window(...))
9.1963 	EXP 	Created star = TextStim(alignHoriz='center', alignVert='center', antialias=True, autoLog=True, bold=False, color='white', colorSpace='named', contrast=1.0, depth=0.0, flipHoriz=False, flipVert=False, font='Arial', fontFiles=[], height=50, italic=False, name='star', opacity=1.0, ori=0, pos=array([ 0.,  0.]), rgb=array([ 255.,  255.,  255.]), text=unicode(...), units='pix', win=Window(...), wrapWidth=500)
9.1968 	EXP 	<method-wrapper '__getattribute__' of attributeSetter object at 0x10eecd090>: vertices = array([[-400.,  450.],
       [ 400.,  450.],
       [ 400., -450.],
       [-400., -450.]])
9.1996 	EXP 	Created whitebackground = Rect(autoDraw=False, autoLog=True, closeShape=True, contrast=1.0, depth=-2.0, fillColor=array([ 1.,  1.,  1.]), fillColorSpace='rgb', fillRGB=array([ 1.,  1.,  1.]), interpolate=True, lineColor=array([ 1.,  1.,  1.]), lineColorSpace='rgb', lineRGB=array([ 1.,  1.,  1.]), lineWidth=0, name='whitebackground', opacity=1.0, ori=array(0.0), pos=array([-560.,    0.]), size=array([ 1.,  1.]), units='pix', vertices=ndarray(...), win=Window(...))
9.2140 	EXP 	Created robotS = ImageStim(autoLog=True, color=array([ 1.,  1.,  1.]), colorSpace='rgb', contrast=1.0, depth=-3.0, flipHoriz=False, flipVert=False, image=u'robot1.png', interpolate=True, mask=None, maskParams=None, name='robotS', opacity=1.0, ori=0.0, pos=array([ 0.,  0.]), size=array([ 100.,  100.]), texRes=128, units='pix', win=Window(...))
9.2213 	EXP 	Created node1 = Polygon(autoDraw=False, autoLog=True, closeShape=True, contrast=1.0, depth=-4.0, fillColor=array([ 1.,  1.,  1.]), fillColorSpace='rgb', fillRGB=array([ 1.,  1.,  1.]), interpolate=True, lineColor=array([ 1.,  1.,  1.]), lineColorSpace='rgb', lineRGB=array([ 1.,  1.,  1.]), lineWidth=0, name='node1', opacity=1.0, ori=array(0.0), pos=array([ 0.,  0.]), size=array([ 100.,  100.]), units='pix', vertices=ndarray(...), win=Window(...))
9.2287 	EXP 	Created node2 = Polygon(autoDraw=False, autoLog=True, closeShape=True, contrast=1.0, depth=-5.0, fillColor=array([ 1.,  1.,  1.]), fillColorSpace='rgb', fillRGB=array([ 1.,  1.,  1.]), interpolate=True, lineColor=array([ 1.,  1.,  1.]), lineColorSpace='rgb', lineRGB=array([ 1.,  1.,  1.]), lineWidth=0, name='node2', opacity=1.0, ori=array(0.0), pos=array([ 0.,  0.]), size=array([ 100.,  100.]), units='pix', vertices=ndarray(...), win=Window(...))
9.2369 	EXP 	Created node3 = Polygon(autoDraw=False, autoLog=True, closeShape=True, contrast=1.0, depth=-6.0, fillColor=array([ 1.,  1.,  1.]), fillColorSpace='rgb', fillRGB=array([ 1.,  1.,  1.]), interpolate=True, lineColor=array([ 1.,  1.,  1.]), lineColorSpace='rgb', lineRGB=array([ 1.,  1.,  1.]), lineWidth=0, name='node3', opacity=1.0, ori=array(0.0), pos=array([ 0.,  0.]), size=array([ 100.,  100.]), units='pix', vertices=ndarray(...), win=Window(...))
9.2449 	EXP 	Created node4 = Polygon(autoDraw=False, autoLog=True, closeShape=True, contrast=1.0, depth=-7.0, fillColor=array([ 1.,  1.,  1.]), fillColorSpace='rgb', fillRGB=array([ 1.,  1.,  1.]), interpolate=True, lineColor=array([ 1.,  1.,  1.]), lineColorSpace='rgb', lineRGB=array([ 1.,  1.,  1.]), lineWidth=0, name='node4', opacity=1.0, ori=array(0.0), pos=array([ 0.,  0.]), size=array([ 100.,  100.]), units='pix', vertices=ndarray(...), win=Window(...))
9.2532 	EXP 	Created node5 = Polygon(autoDraw=False, autoLog=True, closeShape=True, contrast=1.0, depth=-8.0, fillColor=array([ 1.,  1.,  1.]), fillColorSpace='rgb', fillRGB=array([ 1.,  1.,  1.]), interpolate=True, lineColor=array([ 1.,  1.,  1.]), lineColorSpace='rgb', lineRGB=array([ 1.,  1.,  1.]), lineWidth=0, name='node5', opacity=1.0, ori=array(0.0), pos=array([ 0.,  0.]), size=array([ 100.,  100.]), units='pix', vertices=ndarray(...), win=Window(...))
9.2674 	EXP 	Created robotF = ImageStim(autoLog=True, color=array([ 1.,  1.,  1.]), colorSpace='rgb', contrast=1.0, depth=-9.0, flipHoriz=False, flipVert=False, image=u'robot1.png', interpolate=True, mask=None, maskParams=None, name='robotF', opacity=1.0, ori=0.0, pos=array([ 0.,  0.]), size=array([ 100.,  100.]), texRes=128, units='pix', win=Window(...))
9.2746 	EXP 	Created select1 = Polygon(autoDraw=False, autoLog=True, closeShape=True, contrast=1.0, depth=-10.0, fillColor='red', fillColorSpace='named', fillRGB=array([ 255.,    0.,    0.]), interpolate=True, lineColor=array([ 1.,  1.,  1.]), lineColorSpace='rgb', lineRGB=array([ 1.,  1.,  1.]), lineWidth=0, name='select1', opacity=1.0, ori=array(0.0), pos=array([-630.,    0.]), size=array([ 100.,  100.]), units='pix', vertices=ndarray(...), win=Window(...))
9.2831 	EXP 	Created select2 = Polygon(autoDraw=False, autoLog=True, closeShape=True, contrast=1.0, depth=-11.0, fillColor='blue', fillColorSpace='named', fillRGB=array([   0.,    0.,  255.]), interpolate=True, lineColor=array([ 1.,  1.,  1.]), lineColorSpace='rgb', lineRGB=array([ 1.,  1.,  1.]), lineWidth=0, name='select2', opacity=1.0, ori=array(0.0), pos=array([-630., -120.]), size=array([ 100.,  100.]), units='pix', vertices=ndarray(...), win=Window(...))
9.2900 	EXP 	Created select3 = Polygon(autoDraw=False, autoLog=True, closeShape=True, contrast=1.0, depth=-12.0, fillColor='yellow', fillColorSpace='named', fillRGB=array([ 255.,  255.,    0.]), interpolate=True, lineColor=array([ 1.,  1.,  1.]), lineColorSpace='rgb', lineRGB=array([ 1.,  1.,  1.]), lineWidth=0, name='select3', opacity=1.0, ori=array(0.0), pos=array([-630., -240.]), size=array([ 100.,  100.]), units='pix', vertices=ndarray(...), win=Window(...))
9.2970 	EXP 	Created select4 = Polygon(autoDraw=False, autoLog=True, closeShape=True, contrast=1.0, depth=-13.0, fillColor=u'green', fillColorSpace='named', fillRGB=array([   0.,  128.,    0.]), interpolate=True, lineColor=array([ 1.,  1.,  1.]), lineColorSpace='rgb', lineRGB=array([ 1.,  1.,  1.]), lineWidth=0, name='select4', opacity=1.0, ori=array(0.0), pos=array([-630., -360.]), size=array([ 100.,  100.]), units='pix', vertices=ndarray(...), win=Window(...))
9.3319 	EXP 	Created selection = ImageStim(autoLog=True, color=array([ 1.,  1.,  1.]), colorSpace='rgb', contrast=1.0, depth=-14.0, flipHoriz=False, flipVert=False, image='mastershapes.png', interpolate=True, mask=None, maskParams=None, name='selection', opacity=1.0, ori=0.0, pos=array([ 0.,  0.]), size=array([ 500.,  400.]), texRes=128, units='pix', win=Window(...))
9.3828 	EXP 	Created sel = TextStim(alignHoriz='center', alignVert='center', antialias=True, autoLog=True, bold=False, color='black', colorSpace='named', contrast=1.0, depth=-15.0, flipHoriz=False, flipVert=False, font='Arial', fontFiles=[], height=30, italic=False, name='sel', opacity=1.0, ori=0, pos=array([-450.,  250.]), rgb=array([ 0.,  0.,  0.]), text=unicode(...), units='pix', win=Window(...), wrapWidth=500)
9.3937 	EXP 	Created Evaluation = TextStim(alignHoriz='center', alignVert='center', antialias=True, autoLog=True, bold=False, color=u'white', colorSpace='named', contrast=1.0, depth=-1.0, flipHoriz=False, flipVert=False, font=u'Arial', fontFiles=[], height=50, italic=False, name='Evaluation', opacity=1.0, ori=0, pos=array([   0.,  300.]), rgb=array([ 255.,  255.,  255.]), text=u'Is this pathway correct? \n', units='pix', win=Window(...), wrapWidth=500)
9.4010 	EXP 	Created polygon = Polygon(autoDraw=False, autoLog=True, closeShape=True, contrast=1.0, depth=-2.0, fillColor=array([ 1.,  1.,  1.]), fillColorSpace='rgb', fillRGB=array([ 1.,  1.,  1.]), interpolate=True, lineColor=array([ 1.,  1.,  1.]), lineColorSpace='rgb', lineRGB=array([ 1.,  1.,  1.]), lineWidth=1, name='polygon', opacity=1.0, ori=array(0.0), pos=array([ 0.,  0.]), size=array([ 100.,  100.]), units='pix', vertices=ndarray(...), win=Window(...))
9.4083 	EXP 	Created polygon_2 = Polygon(autoDraw=False, autoLog=True, closeShape=True, contrast=1.0, depth=-3.0, fillColor=array([ 1.,  1.,  1.]), fillColorSpace='rgb', fillRGB=array([ 1.,  1.,  1.]), interpolate=True, lineColor=array([ 1.,  1.,  1.]), lineColorSpace='rgb', lineRGB=array([ 1.,  1.,  1.]), lineWidth=1, name='polygon_2', opacity=1.0, ori=array(0.0), pos=array([ 0.,  0.]), size=array([ 100.,  100.]), units='pix', vertices=ndarray(...), win=Window(...))
9.4169 	EXP 	Created polygon_3 = Polygon(autoDraw=False, autoLog=True, closeShape=True, contrast=1.0, depth=-4.0, fillColor=array([ 1.,  1.,  1.]), fillColorSpace='rgb', fillRGB=array([ 1.,  1.,  1.]), interpolate=True, lineColor=array([ 1.,  1.,  1.]), lineColorSpace='rgb', lineRGB=array([ 1.,  1.,  1.]), lineWidth=1, name='polygon_3', opacity=1.0, ori=array(0.0), pos=array([ 0.,  0.]), size=array([ 100.,  100.]), units='pix', vertices=ndarray(...), win=Window(...))
9.4245 	EXP 	Created polygon_4 = Polygon(autoDraw=False, autoLog=True, closeShape=True, contrast=1.0, depth=-5.0, fillColor=array([ 1.,  1.,  1.]), fillColorSpace='rgb', fillRGB=array([ 1.,  1.,  1.]), interpolate=True, lineColor=array([ 1.,  1.,  1.]), lineColorSpace='rgb', lineRGB=array([ 1.,  1.,  1.]), lineWidth=1, name='polygon_4', opacity=1.0, ori=array(0.0), pos=array([ 0.,  0.]), size=array([ 100.,  100.]), units='pix', vertices=ndarray(...), win=Window(...))
9.4318 	EXP 	Created polygon_5 = Polygon(autoDraw=False, autoLog=True, closeShape=True, contrast=1.0, depth=-6.0, fillColor=array([ 1.,  1.,  1.]), fillColorSpace='rgb', fillRGB=array([ 1.,  1.,  1.]), interpolate=True, lineColor=array([ 1.,  1.,  1.]), lineColorSpace='rgb', lineRGB=array([ 1.,  1.,  1.]), lineWidth=1, name='polygon_5', opacity=1.0, ori=array(0.0), pos=array([ 0.,  0.]), size=array([ 100.,  100.]), units='pix', vertices=ndarray(...), win=Window(...))
9.4449 	EXP 	Created choice = TextStim(alignHoriz='center', alignVert='center', antialias=True, autoLog=True, bold=False, color=u'white', colorSpace='named', contrast=1.0, depth=-7.0, flipHoriz=False, flipVert=False, font=u'Arial', fontFiles=[], height=50, italic=False, name='choice', opacity=1.0, ori=0, pos=array([   0., -300.]), rgb=array([ 255.,  255.,  255.]), text=u"Press 'y' for Yes  \nPress 'n' for No", units='pix', win=Window(...), wrapWidth=500)
9.4595 	EXP 	Created ro = ImageStim(autoLog=True, color=array([ 1.,  1.,  1.]), colorSpace='rgb', contrast=1.0, depth=-9.0, flipHoriz=False, flipVert=False, image=u'robot1.png', interpolate=True, mask=None, maskParams=None, name='ro', opacity=1.0, ori=0.0, pos=array([ 0.,  0.]), size=array([ 100.,  100.]), texRes=128, units='pix', win=Window(...))
9.4735 	EXP 	Created rq = ImageStim(autoLog=True, color=array([ 1.,  1.,  1.]), colorSpace='rgb', contrast=1.0, depth=-10.0, flipHoriz=False, flipVert=False, image=u'robot1.png', interpolate=True, mask=None, maskParams=None, name='rq', opacity=1.0, ori=0.0, pos=array([ 0.,  0.]), size=array([ 100.,  100.]), texRes=128, units='pix', win=Window(...))
9.4825 	EXP 	Created text = TextStim(alignHoriz='center', alignVert='center', antialias=True, autoLog=True, bold=False, color=u'white', colorSpace='named', contrast=1.0, depth=-1.0, flipHoriz=False, flipVert=False, font=u'Arial', fontFiles=[], height=50, italic=False, name='text', opacity=1.0, ori=0, pos=array([ 0.,  0.]), rgb=array([ 255.,  255.,  255.]), text=u'default text', units='pix', win=Window(...), wrapWidth=500)
9.4912 	EXP 	Created thankyou = TextStim(alignHoriz='center', alignVert='center', antialias=True, autoLog=True, bold=False, color='white', colorSpace='named', contrast=1.0, depth=0.0, flipHoriz=False, flipVert=False, font='Arial', fontFiles=[], height=50, italic=False, name='thankyou', opacity=1.0, ori=0, pos=array([ 0.,  0.]), rgb=array([ 255.,  255.,  255.]), text=u'Thank you for your participation.\n', units='pix', win=Window(...), wrapWidth=500)
9.5251 	EXP 	instruct: pos = array([   0.,  150.])
9.5251 	EXP 	na: pos = array([-110., -100.])
9.5251 	EXP 	na: size = array([ 100.,  100.])
9.5251 	EXP 	nb: pos = array([   0., -100.])
9.5251 	EXP 	nb: size = array([ 100.,  100.])
9.5251 	EXP 	nc: pos = array([ 110., -100.])
9.5251 	EXP 	nc: size = array([ 100.,  100.])
9.5251 	EXP 	welcome: autoDraw = True
12.5088 	EXP 	welcome: autoDraw = False
12.5088 	EXP 	instruct: autoDraw = True
15.5092 	EXP 	rob0: autoDraw = True
15.5092 	EXP 	robb: autoDraw = True
16.0089 	EXP 	na: autoDraw = True
16.5092 	EXP 	nb: autoDraw = True
17.0093 	EXP 	nc: autoDraw = True
18.0091 	EXP 	s1: autoDraw = True
19.0095 	EXP 	s2: autoDraw = True
20.0096 	EXP 	s3: autoDraw = True
23.5099 	EXP 	na: autoDraw = False
23.5099 	EXP 	nb: autoDraw = False
23.5099 	EXP 	nc: autoDraw = False
23.5099 	EXP 	s1: autoDraw = False
23.5099 	EXP 	s2: autoDraw = False
23.5099 	EXP 	s3: autoDraw = False
23.5099 	EXP 	heart: autoDraw = True
27.5272 	EXP 	welcome: autoDraw = False
27.5272 	EXP 	instruct: autoDraw = False
27.5272 	EXP 	rob0: autoDraw = False
27.5272 	EXP 	robb: autoDraw = False
27.5272 	EXP 	na: autoDraw = False
27.5272 	EXP 	nb: autoDraw = False
27.5272 	EXP 	nc: autoDraw = False
27.5272 	EXP 	s1: autoDraw = False
27.5272 	EXP 	s2: autoDraw = False
27.5272 	EXP 	s3: autoDraw = False
27.5272 	EXP 	heart: autoDraw = False
27.5272 	EXP 	text_2: pos = array([-300.,  300.])
27.5272 	EXP 	nod1: fillColor = 'red (named)'
27.5272 	EXP 	nod1: pos = array([ 20.,   0.])
27.5272 	EXP 	nod2: fillColor = 'yellow (named)'
27.5272 	EXP 	nod2: pos = array([  20.,  115.])
27.5272 	EXP 	nod2: lineColor = 'yellow (named)'
27.5272 	EXP 	nod3: fillColor = 'blue (named)'
27.5272 	EXP 	nod3: lineColor = 'blue (named)'
27.5272 	EXP 	nod4: fillColor = 'blue (named)'
27.5272 	EXP 	nod4: lineColor = 'blue (named)'
27.5272 	EXP 	rob1: ori = 0.0
27.5272 	EXP 	rob2: image = 'robot1.png'
27.5272 	EXP 	sh1: size = array([  40.,  110.])
27.5272 	EXP 	text_2: autoDraw = True
27.5272 	EXP 	nod1: autoDraw = True
27.5272 	EXP 	nod2: autoDraw = True
27.5272 	EXP 	nod3: autoDraw = True
27.5272 	EXP 	nod4: autoDraw = True
27.5272 	EXP 	rob1: autoDraw = True
27.5272 	EXP 	rob2: autoDraw = True
29.5107 	EXP 	sh1: autoDraw = True
30.0274 	EXP 	sh2a: autoDraw = True
30.0274 	EXP 	sh2b: autoDraw = True
30.5108 	EXP 	sh3: autoDraw = True
31.0107 	EXP 	sh4: autoDraw = True
34.0893 	DATA 	Keypress: space
34.1111 	EXP 	text_2: autoDraw = False
34.1111 	EXP 	nod1: autoDraw = False
34.1111 	EXP 	nod2: autoDraw = False
34.1111 	EXP 	nod3: autoDraw = False
34.1111 	EXP 	nod4: autoDraw = False
34.1111 	EXP 	rob1: autoDraw = False
34.1111 	EXP 	rob2: autoDraw = False
34.1111 	EXP 	sh1: autoDraw = False
34.1111 	EXP 	sh2a: autoDraw = False
34.1111 	EXP 	sh2b: autoDraw = False
34.1111 	EXP 	sh3: autoDraw = False
34.1111 	EXP 	sh4: autoDraw = False
34.1111 	EXP 	star: autoDraw = True
34.7982 	DATA 	Keypress: space
34.8322 	EXP 	Imported designs.xlsx as conditions, 4 conditions, 17 params
34.8326 	EXP 	Created sequence: sequential, trialTypes=4, nReps=1, seed=None
34.8333 	EXP 	New trial (rep=0, index=0): {u'n2col': u'blue', u'n4col': u'red', u'n3col': u'green', u'corrAns': u'a', u'r4': u'd', u'n1col': u'blue', u'r1': u'a', u'r2': u'b', u'rs': u'LOC21', u'r3': u'c', u're': u'LOC9', u'n5col': u'red', u'n1': u'LOC22', u'n2': u'LOC23', u'n3': u'LOC24', u'n4': u'LOC19', u'n5': u'LOC14'}
34.8612 	EXP 	star: autoDraw = False
34.8612 	EXP 	robotS: pos = array([  20., -230.])
34.8612 	EXP 	node1: fillColor = u'blue (named)'
34.8612 	EXP 	node1: pos = array([ 135., -230.])
34.8612 	EXP 	node2: fillColor = u'blue (named)'
34.8612 	EXP 	node2: pos = array([ 250., -230.])
34.8612 	EXP 	node3: fillColor = u'green (named)'
34.8612 	EXP 	node3: pos = array([ 365., -230.])
34.8612 	EXP 	node4: fillColor = u'red (named)'
34.8612 	EXP 	node4: pos = array([ 365., -115.])
34.8612 	EXP 	node5: fillColor = u'red (named)'
34.8612 	EXP 	node5: pos = array([ 365.,    0.])
34.8612 	EXP 	robotF: pos = array([ 365.,  115.])
34.8612 	EXP 	whitebackground: autoDraw = True
34.8612 	EXP 	robotS: autoDraw = True
34.8612 	EXP 	node1: autoDraw = True
34.8612 	EXP 	node2: autoDraw = True
34.8612 	EXP 	node3: autoDraw = True
34.8612 	EXP 	node4: autoDraw = True
34.8612 	EXP 	node5: autoDraw = True
34.8612 	EXP 	robotF: autoDraw = True
34.8612 	EXP 	select1: autoDraw = True
34.8612 	EXP 	select2: autoDraw = True
34.8612 	EXP 	select3: autoDraw = True
34.8612 	EXP 	select4: autoDraw = True
34.8612 	EXP 	selection: autoDraw = True
34.8612 	EXP 	sel: autoDraw = True
36.7155 	DATA 	Keypress: a
36.9528 	DATA 	Keypress: a
37.2981 	DATA 	Keypress: a
43.2489 	DATA 	Keypress: a
43.2517 	EXP 	New trial (rep=0, index=1): {u'n2col': u'yellow', u'n4col': u'green', u'n3col': u'blue', u'corrAns': u'b', u'r4': u'd', u'n1col': u'red', u'r1': u'a', u'r2': u'b', u'rs': u'LOC21', u'r3': u'c', u're': u'LOC3', u'n5col': u'red', u'n1': u'LOC16', u'n2': u'LOC11', u'n3': u'LOC12', u'n4': u'LOC13', u'n5': u'LOC8'}
43.2789 	EXP 	whitebackground: autoDraw = False
43.2789 	EXP 	robotS: autoDraw = False
43.2789 	EXP 	node1: autoDraw = False
43.2789 	EXP 	node2: autoDraw = False
43.2789 	EXP 	node3: autoDraw = False
43.2789 	EXP 	node4: autoDraw = False
43.2789 	EXP 	node5: autoDraw = False
43.2789 	EXP 	robotF: autoDraw = False
43.2789 	EXP 	select1: autoDraw = False
43.2789 	EXP 	select2: autoDraw = False
43.2789 	EXP 	select3: autoDraw = False
43.2789 	EXP 	select4: autoDraw = False
43.2789 	EXP 	selection: autoDraw = False
43.2789 	EXP 	sel: autoDraw = False
43.2789 	EXP 	robotS: pos = array([  20., -230.])
43.2789 	EXP 	node1: fillColor = u'red (named)'
43.2789 	EXP 	node1: pos = array([  20., -115.])
43.2789 	EXP 	node2: fillColor = u'yellow (named)'
43.2789 	EXP 	node2: pos = array([ 20.,   0.])
43.2789 	EXP 	node3: fillColor = u'blue (named)'
43.2789 	EXP 	node3: pos = array([ 135.,    0.])
43.2789 	EXP 	node4: fillColor = u'green (named)'
43.2789 	EXP 	node4: pos = array([ 250.,    0.])
43.2789 	EXP 	node5: fillColor = u'red (named)'
43.2789 	EXP 	node5: pos = array([ 250.,  115.])
43.2789 	EXP 	robotF: pos = array([ 250.,  230.])
43.2789 	EXP 	whitebackground: autoDraw = True
43.2789 	EXP 	robotS: autoDraw = True
43.2789 	EXP 	node1: autoDraw = True
43.2789 	EXP 	node2: autoDraw = True
43.2789 	EXP 	node3: autoDraw = True
43.2789 	EXP 	node4: autoDraw = True
43.2789 	EXP 	node5: autoDraw = True
43.2789 	EXP 	robotF: autoDraw = True
43.2789 	EXP 	select1: autoDraw = True
43.2789 	EXP 	select2: autoDraw = True
43.2789 	EXP 	select3: autoDraw = True
43.2789 	EXP 	select4: autoDraw = True
43.2789 	EXP 	selection: autoDraw = True
43.2789 	EXP 	sel: autoDraw = True
43.7492 	DATA 	Keypress: a
43.9992 	DATA 	Keypress: a
44.2994 	DATA 	Keypress: a
44.6826 	DATA 	Keypress: a
44.6852 	EXP 	New trial (rep=0, index=2): {u'n2col': u'red', u'n4col': u'blue', u'n3col': u'yellow', u'corrAns': u'c', u'r4': u'd', u'n1col': u'red', u'r1': u'a', u'r2': u'b', u'rs': u'LOC22', u'r3': u'c', u're': u'LOC10', u'n5col': u'blue', u'n1': u'LOC17', u'n2': u'LOC12', u'n3': u'LOC7', u'n4': u'LOC8', u'n5': u'LOC9'}
44.7122 	EXP 	whitebackground: autoDraw = False
44.7122 	EXP 	robotS: autoDraw = False
44.7122 	EXP 	node1: autoDraw = False
44.7122 	EXP 	node2: autoDraw = False
44.7122 	EXP 	node3: autoDraw = False
44.7122 	EXP 	node4: autoDraw = False
44.7122 	EXP 	node5: autoDraw = False
44.7122 	EXP 	robotF: autoDraw = False
44.7122 	EXP 	select1: autoDraw = False
44.7122 	EXP 	select2: autoDraw = False
44.7122 	EXP 	select3: autoDraw = False
44.7122 	EXP 	select4: autoDraw = False
44.7122 	EXP 	selection: autoDraw = False
44.7122 	EXP 	sel: autoDraw = False
44.7122 	EXP 	robotS: pos = array([ 135., -230.])
44.7122 	EXP 	node1: fillColor = u'red (named)'
44.7122 	EXP 	node1: pos = array([ 135., -115.])
44.7122 	EXP 	node2: fillColor = u'red (named)'
44.7122 	EXP 	node2: pos = array([ 135.,    0.])
44.7122 	EXP 	node3: fillColor = u'yellow (named)'
44.7122 	EXP 	node3: pos = array([ 135.,  115.])
44.7122 	EXP 	node4: fillColor = u'blue (named)'
44.7122 	EXP 	node4: pos = array([ 250.,  115.])
44.7122 	EXP 	node5: fillColor = u'blue (named)'
44.7122 	EXP 	node5: pos = array([ 365.,  115.])
44.7122 	EXP 	robotF: pos = array([ 480.,  115.])
44.7122 	EXP 	whitebackground: autoDraw = True
44.7122 	EXP 	robotS: autoDraw = True
44.7122 	EXP 	node1: autoDraw = True
44.7122 	EXP 	node2: autoDraw = True
44.7122 	EXP 	node3: autoDraw = True
44.7122 	EXP 	node4: autoDraw = True
44.7122 	EXP 	node5: autoDraw = True
44.7122 	EXP 	robotF: autoDraw = True
44.7122 	EXP 	select1: autoDraw = True
44.7122 	EXP 	select2: autoDraw = True
44.7122 	EXP 	select3: autoDraw = True
44.7122 	EXP 	select4: autoDraw = True
44.7122 	EXP 	selection: autoDraw = True
44.7122 	EXP 	sel: autoDraw = True
44.9659 	DATA 	Keypress: a
45.2681 	DATA 	Keypress: a
45.5858 	DATA 	Keypress: a
45.9325 	DATA 	Keypress: a
45.9348 	EXP 	New trial (rep=0, index=3): {u'n2col': u'yellow', u'n4col': u'yellow', u'n3col': u'green', u'corrAns': u'd', u'r4': u'd', u'n1col': u'green', u'r1': u'a', u'r2': u'b', u'rs': u'LOC16', u'r3': u'c', u're': u'LOC10', u'n5col': u'blue', u'n1': u'LOC17', u'n2': u'LOC12', u'n3': u'LOC13', u'n4': u'LOC8', u'n5': u'LOC9'}
45.9624 	EXP 	whitebackground: autoDraw = False
45.9624 	EXP 	robotS: autoDraw = False
45.9624 	EXP 	node1: autoDraw = False
45.9624 	EXP 	node2: autoDraw = False
45.9624 	EXP 	node3: autoDraw = False
45.9624 	EXP 	node4: autoDraw = False
45.9624 	EXP 	node5: autoDraw = False
45.9624 	EXP 	robotF: autoDraw = False
45.9624 	EXP 	select1: autoDraw = False
45.9624 	EXP 	select2: autoDraw = False
45.9624 	EXP 	select3: autoDraw = False
45.9624 	EXP 	select4: autoDraw = False
45.9624 	EXP 	selection: autoDraw = False
45.9624 	EXP 	sel: autoDraw = False
45.9624 	EXP 	robotS: pos = array([  20., -115.])
45.9624 	EXP 	node1: fillColor = u'green (named)'
45.9624 	EXP 	node1: pos = array([ 135., -115.])
45.9624 	EXP 	node2: fillColor = u'yellow (named)'
45.9624 	EXP 	node2: pos = array([ 135.,    0.])
45.9624 	EXP 	node3: fillColor = u'green (named)'
45.9624 	EXP 	node3: pos = array([ 250.,    0.])
45.9624 	EXP 	node4: fillColor = u'yellow (named)'
45.9624 	EXP 	node4: pos = array([ 250.,  115.])
45.9624 	EXP 	node5: fillColor = u'blue (named)'
45.9624 	EXP 	node5: pos = array([ 365.,  115.])
45.9624 	EXP 	robotF: pos = array([ 480.,  115.])
45.9624 	EXP 	whitebackground: autoDraw = True
45.9624 	EXP 	robotS: autoDraw = True
45.9624 	EXP 	node1: autoDraw = True
45.9624 	EXP 	node2: autoDraw = True
45.9624 	EXP 	node3: autoDraw = True
45.9624 	EXP 	node4: autoDraw = True
45.9624 	EXP 	node5: autoDraw = True
45.9624 	EXP 	robotF: autoDraw = True
45.9624 	EXP 	select1: autoDraw = True
45.9624 	EXP 	select2: autoDraw = True
45.9624 	EXP 	select3: autoDraw = True
45.9624 	EXP 	select4: autoDraw = True
45.9624 	EXP 	selection: autoDraw = True
45.9624 	EXP 	sel: autoDraw = True
46.2494 	DATA 	Keypress: a
46.5324 	DATA 	Keypress: a
46.9857 	DATA 	Keypress: a
47.5030 	DATA 	Keypress: a
47.5259 	EXP 	Imported designs1.xlsx as conditions, 2 conditions, 17 params
47.5283 	EXP 	Created sequence: random, trialTypes=2, nReps=5, seed=None
47.5297 	EXP 	New trial (rep=0, index=0): {u'n2col': u'yellow', u'n4col': u'yellow', u'n3col': u'green', u'corrAns': u'y', u'r4': None, u'n1col': u'green', u'r1': None, u'r2': None, u'rs': u'LOC16', u'r3': None, u're': u'LOC10', u'n5col': u'blue', u'n1': u'LOC17', u'n2': u'LOC12', u'n3': u'LOC13', u'n4': u'LOC8', u'n5': u'LOC9'}
47.5461 	EXP 	whitebackground: autoDraw = False
47.5461 	EXP 	robotS: autoDraw = False
47.5461 	EXP 	node1: autoDraw = False
47.5461 	EXP 	node2: autoDraw = False
47.5461 	EXP 	node3: autoDraw = False
47.5461 	EXP 	node4: autoDraw = False
47.5461 	EXP 	node5: autoDraw = False
47.5461 	EXP 	robotF: autoDraw = False
47.5461 	EXP 	select1: autoDraw = False
47.5461 	EXP 	select2: autoDraw = False
47.5461 	EXP 	select3: autoDraw = False
47.5461 	EXP 	select4: autoDraw = False
47.5461 	EXP 	selection: autoDraw = False
47.5461 	EXP 	sel: autoDraw = False
47.5461 	EXP 	polygon: fillColor = u'green (named)'
47.5461 	EXP 	polygon: pos = array([ 135., -115.])
47.5461 	EXP 	polygon_2: fillColor = u'yellow (named)'
47.5461 	EXP 	polygon_2: pos = array([ 135.,    0.])
47.5461 	EXP 	polygon_3: fillColor = u'green (named)'
47.5461 	EXP 	polygon_3: pos = array([ 250.,    0.])
47.5461 	EXP 	polygon_4: fillColor = u'yellow (named)'
47.5461 	EXP 	polygon_4: pos = array([ 250.,  115.])
47.5461 	EXP 	polygon_5: fillColor = u'blue (named)'
47.5461 	EXP 	polygon_5: pos = array([ 365.,  115.])
47.5461 	EXP 	ro: color = '[ 1.  1.  1.] (rgb)'
47.5461 	EXP 	ro: pos = array([  20., -115.])
47.5461 	EXP 	rq: color = '[ 1.  1.  1.] (rgb)'
47.5461 	EXP 	rq: pos = array([ 480.,  115.])
47.5461 	EXP 	Evaluation: autoDraw = True
47.5461 	EXP 	polygon: autoDraw = True
47.5461 	EXP 	polygon_2: autoDraw = True
47.5461 	EXP 	polygon_3: autoDraw = True
47.5461 	EXP 	polygon_4: autoDraw = True
47.5461 	EXP 	polygon_5: autoDraw = True
47.5461 	EXP 	choice: autoDraw = True
47.5461 	EXP 	ro: autoDraw = True
47.5461 	EXP 	rq: autoDraw = True
52.0173 	DATA 	Keypress: y
52.0297 	EXP 	Evaluation: autoDraw = False
52.0297 	EXP 	polygon: autoDraw = False
52.0297 	EXP 	polygon_2: autoDraw = False
52.0297 	EXP 	polygon_3: autoDraw = False
52.0297 	EXP 	polygon_4: autoDraw = False
52.0297 	EXP 	polygon_5: autoDraw = False
52.0297 	EXP 	choice: autoDraw = False
52.0297 	EXP 	ro: autoDraw = False
52.0297 	EXP 	rq: autoDraw = False
52.0297 	EXP 	text: text = ''
52.0297 	EXP 	text: autoDraw = True
57.0845 	DATA 	Keypress: y
60.1175 	DATA 	Keypress: n
67.8352 	DATA 	Keypress: escape
