6.0859 	EXP 	Created window1 = Window(allowGUI=False, allowStencil=False, autoLog=True, bitsMode=UNKNOWN, blendMode='avg', color='black', colorSpace='named', fullscr=UNKNOWN, gamma=None, lms=UNKNOWN, monitor=<psychopy.monitors.calibTools.Monitor object at 0x112b72a10>, name='window1', pos=[0, 0], screen=0, size=array([1440,  900]), stereo=False, units='pix', useFBO=True, useRetina=False, viewOri=0.0, viewPos=None, viewScale=None, waitBlanking=True, winType='pyglet')
6.0860 	EXP 	window1: recordFrameIntervals = False
6.2518 	EXP 	window1: recordFrameIntervals = True
6.4354 	EXP 	window1: recordFrameIntervals = False
6.5517 	EXP 	Created welcome = TextStim(alignHoriz='center', alignVert='center', antialias=True, autoLog=True, bold=False, color='white', colorSpace='named', contrast=1.0, depth=0.0, flipHoriz=False, flipVert=False, font='Arial', fontFiles=[], height=100, italic=False, name='welcome', opacity=1.0, ori=0, pos=array([ 0.,  0.]), rgb=array([ 255.,  255.,  255.]), text=u'Welcome!', units='pix', win=Window(...), wrapWidth=500)
6.5910 	EXP 	Created text = TextStim(alignHoriz='center', alignVert='center', antialias=True, autoLog=True, bold=False, color='white', colorSpace='named', contrast=1.0, depth=0.0, flipHoriz=False, flipVert=False, font='Arial', fontFiles=[], height=50, italic=False, name='text', opacity=1.0, ori=0, pos=array([ 0.,  0.]), rgb=array([ 255.,  255.,  255.]), text=unicode(...), units='pix', win=Window(...), wrapWidth=500)
6.6014 	EXP 	<method-wrapper '__getattribute__' of attributeSetter object at 0x10efd1fd0>: vertices = array([[-400.,  450.],
       [ 400.,  450.],
       [ 400., -450.],
       [-400., -450.]])
6.6042 	EXP 	Created whitebackground = Rect(autoDraw=False, autoLog=True, closeShape=True, contrast=1.0, depth=-2.0, fillColor=array([ 1.,  1.,  1.]), fillColorSpace='rgb', fillRGB=array([ 1.,  1.,  1.]), interpolate=True, lineColor=array([ 1.,  1.,  1.]), lineColorSpace='rgb', lineRGB=array([ 1.,  1.,  1.]), lineWidth=0, name='whitebackground', opacity=1.0, ori=array(0.0), pos=array([-560.,    0.]), size=array([ 1.,  1.]), units='pix', vertices=ndarray(...), win=Window(...))
6.6671 	EXP 	Created robotS = ImageStim(autoLog=True, color=array([ 1.,  1.,  1.]), colorSpace='rgb', contrast=1.0, depth=-3.0, flipHoriz=False, flipVert=False, image='robot1.png', interpolate=True, mask=None, maskParams=None, name='robotS', opacity=1.0, ori=0.0, pos=array([ 0.,  0.]), size=array([ 100.,  100.]), texRes=128, units='pix', win=Window(...))
6.6759 	EXP 	Created node1 = Polygon(autoDraw=False, autoLog=True, closeShape=True, contrast=1.0, depth=-4.0, fillColor=array([ 1.,  1.,  1.]), fillColorSpace='rgb', fillRGB=array([ 1.,  1.,  1.]), interpolate=True, lineColor=array([ 1.,  1.,  1.]), lineColorSpace='rgb', lineRGB=array([ 1.,  1.,  1.]), lineWidth=0, name='node1', opacity=1.0, ori=array(0.0), pos=array([ 0.,  0.]), size=array([ 100.,  100.]), units='pix', vertices=ndarray(...), win=Window(...))
6.6822 	EXP 	Created node2 = Polygon(autoDraw=False, autoLog=True, closeShape=True, contrast=1.0, depth=-5.0, fillColor=array([ 1.,  1.,  1.]), fillColorSpace='rgb', fillRGB=array([ 1.,  1.,  1.]), interpolate=True, lineColor=array([ 1.,  1.,  1.]), lineColorSpace='rgb', lineRGB=array([ 1.,  1.,  1.]), lineWidth=0, name='node2', opacity=1.0, ori=array(0.0), pos=array([ 0.,  0.]), size=array([ 100.,  100.]), units='pix', vertices=ndarray(...), win=Window(...))
6.6905 	EXP 	Created node3 = Polygon(autoDraw=False, autoLog=True, closeShape=True, contrast=1.0, depth=-6.0, fillColor=array([ 1.,  1.,  1.]), fillColorSpace='rgb', fillRGB=array([ 1.,  1.,  1.]), interpolate=True, lineColor=array([ 1.,  1.,  1.]), lineColorSpace='rgb', lineRGB=array([ 1.,  1.,  1.]), lineWidth=0, name='node3', opacity=1.0, ori=array(0.0), pos=array([ 0.,  0.]), size=array([ 100.,  100.]), units='pix', vertices=ndarray(...), win=Window(...))
6.6983 	EXP 	Created node4 = Polygon(autoDraw=False, autoLog=True, closeShape=True, contrast=1.0, depth=-7.0, fillColor=array([ 1.,  1.,  1.]), fillColorSpace='rgb', fillRGB=array([ 1.,  1.,  1.]), interpolate=True, lineColor=array([ 1.,  1.,  1.]), lineColorSpace='rgb', lineRGB=array([ 1.,  1.,  1.]), lineWidth=0, name='node4', opacity=1.0, ori=array(0.0), pos=array([ 0.,  0.]), size=array([ 100.,  100.]), units='pix', vertices=ndarray(...), win=Window(...))
6.7041 	EXP 	Created node5 = Polygon(autoDraw=False, autoLog=True, closeShape=True, contrast=1.0, depth=-8.0, fillColor=array([ 1.,  1.,  1.]), fillColorSpace='rgb', fillRGB=array([ 1.,  1.,  1.]), interpolate=True, lineColor=array([ 1.,  1.,  1.]), lineColorSpace='rgb', lineRGB=array([ 1.,  1.,  1.]), lineWidth=0, name='node5', opacity=1.0, ori=array(0.0), pos=array([ 0.,  0.]), size=array([ 100.,  100.]), units='pix', vertices=ndarray(...), win=Window(...))
6.7170 	EXP 	Created robotF = ImageStim(autoLog=True, color=array([ 1.,  1.,  1.]), colorSpace='rgb', contrast=1.0, depth=-9.0, flipHoriz=False, flipVert=False, image='robot1.png', interpolate=True, mask=None, maskParams=None, name='robotF', opacity=1.0, ori=0.0, pos=array([ 0.,  0.]), size=array([ 100.,  100.]), texRes=128, units='pix', win=Window(...))
6.7230 	EXP 	Created select1 = Polygon(autoDraw=False, autoLog=True, closeShape=True, contrast=1.0, depth=-10.0, fillColor='red', fillColorSpace='named', fillRGB=array([ 255.,    0.,    0.]), interpolate=True, lineColor=array([ 1.,  1.,  1.]), lineColorSpace='rgb', lineRGB=array([ 1.,  1.,  1.]), lineWidth=0, name='select1', opacity=1.0, ori=array(0.0), pos=array([-630.,    0.]), size=array([ 100.,  100.]), units='pix', vertices=ndarray(...), win=Window(...))
6.7285 	EXP 	Created select2 = Polygon(autoDraw=False, autoLog=True, closeShape=True, contrast=1.0, depth=-11.0, fillColor='blue', fillColorSpace='named', fillRGB=array([   0.,    0.,  255.]), interpolate=True, lineColor=array([ 1.,  1.,  1.]), lineColorSpace='rgb', lineRGB=array([ 1.,  1.,  1.]), lineWidth=0, name='select2', opacity=1.0, ori=array(0.0), pos=array([-630., -120.]), size=array([ 100.,  100.]), units='pix', vertices=ndarray(...), win=Window(...))
6.7344 	EXP 	Created select3 = Polygon(autoDraw=False, autoLog=True, closeShape=True, contrast=1.0, depth=-12.0, fillColor='yellow', fillColorSpace='named', fillRGB=array([ 255.,  255.,    0.]), interpolate=True, lineColor=array([ 1.,  1.,  1.]), lineColorSpace='rgb', lineRGB=array([ 1.,  1.,  1.]), lineWidth=0, name='select3', opacity=1.0, ori=array(0.0), pos=array([-630., -240.]), size=array([ 100.,  100.]), units='pix', vertices=ndarray(...), win=Window(...))
6.7406 	EXP 	Created select4 = Polygon(autoDraw=False, autoLog=True, closeShape=True, contrast=1.0, depth=-13.0, fillColor='green', fillColorSpace='named', fillRGB=array([   0.,  128.,    0.]), interpolate=True, lineColor=array([ 1.,  1.,  1.]), lineColorSpace='rgb', lineRGB=array([ 1.,  1.,  1.]), lineWidth=0, name='select4', opacity=1.0, ori=array(0.0), pos=array([-630., -360.]), size=array([ 100.,  100.]), units='pix', vertices=ndarray(...), win=Window(...))
6.7525 	EXP 	Created selection = ImageStim(autoLog=True, color=array([ 1.,  1.,  1.]), colorSpace='rgb', contrast=1.0, depth=-14.0, flipHoriz=False, flipVert=False, image='lettera.png', interpolate=True, mask=None, maskParams=None, name='selection', opacity=1.0, ori=0.0, pos=array([ 0.,  0.]), size=array([ 400.,  200.]), texRes=128, units='pix', win=Window(...))
6.7801 	EXP 	Created master = ImageStim(autoLog=True, color=array([ 1.,  1.,  1.]), colorSpace='rgb', contrast=1.0, depth=-15.0, flipHoriz=False, flipVert=False, image='mastershapes.png', interpolate=True, mask=None, maskParams=None, name='master', opacity=1.0, ori=0.0, pos=array([-510.,   90.]), size=array([ 500.,  400.]), texRes=128, units='pix', win=Window(...))
6.8102 	EXP 	Created sel = TextStim(alignHoriz='center', alignVert='center', antialias=True, autoLog=True, bold=False, color='black', colorSpace='named', contrast=1.0, depth=-16.0, flipHoriz=False, flipVert=False, font='Arial', fontFiles=[], height=30, italic=False, name='sel', opacity=1.0, ori=0, pos=array([-450.,  300.]), rgb=array([ 0.,  0.,  0.]), text=unicode(...), units='pix', win=Window(...), wrapWidth=500)
6.8198 	EXP 	Created Evaluation = TextStim(alignHoriz='center', alignVert='center', antialias=True, autoLog=True, bold=False, color='white', colorSpace='named', contrast=1.0, depth=-1.0, flipHoriz=False, flipVert=False, font='Arial', fontFiles=[], height=30, italic=False, name='Evaluation', opacity=1.0, ori=0, pos=array([   0.,  300.]), rgb=array([ 255.,  255.,  255.]), text=u'Is this pathway correct? \n', units='pix', win=Window(...), wrapWidth=500)
6.8257 	EXP 	Created polygon = Polygon(autoDraw=False, autoLog=True, closeShape=True, contrast=1.0, depth=-2.0, fillColor='red', fillColorSpace='named', fillRGB=array([ 255.,    0.,    0.]), interpolate=True, lineColor='red', lineColorSpace='named', lineRGB=array([ 255.,    0.,    0.]), lineWidth=1, name='polygon', opacity=1.0, ori=array(0.0), pos=array([ 250.,    0.]), size=array([ 100.,  100.]), units='pix', vertices=ndarray(...), win=Window(...))
6.8308 	EXP 	Created polygon_2 = Polygon(autoDraw=False, autoLog=True, closeShape=True, contrast=1.0, depth=-3.0, fillColor='green', fillColorSpace='named', fillRGB=array([   0.,  128.,    0.]), interpolate=True, lineColor='green', lineColorSpace='named', lineRGB=array([   0.,  128.,    0.]), lineWidth=1, name='polygon_2', opacity=1.0, ori=array(0.0), pos=array([ 360., -110.]), size=array([ 100.,  100.]), units='pix', vertices=ndarray(...), win=Window(...))
6.8358 	EXP 	Created polygon_3 = Polygon(autoDraw=False, autoLog=True, closeShape=True, contrast=1.0, depth=-4.0, fillColor='blue', fillColorSpace='named', fillRGB=array([   0.,    0.,  255.]), interpolate=True, lineColor='blue', lineColorSpace='named', lineRGB=array([   0.,    0.,  255.]), lineWidth=1, name='polygon_3', opacity=1.0, ori=array(0.0), pos=array([ 140., -110.]), size=array([ 100.,  100.]), units='pix', vertices=ndarray(...), win=Window(...))
6.8408 	EXP 	Created polygon_4 = Polygon(autoDraw=False, autoLog=True, closeShape=True, contrast=1.0, depth=-5.0, fillColor='blue', fillColorSpace='named', fillRGB=array([   0.,    0.,  255.]), interpolate=True, lineColor='blue', lineColorSpace='named', lineRGB=array([   0.,    0.,  255.]), lineWidth=1, name='polygon_4', opacity=1.0, ori=array(0.0), pos=array([ 250., -110.]), size=array([ 100.,  100.]), units='pix', vertices=ndarray(...), win=Window(...))
6.8658 	EXP 	Created choice = TextStim(alignHoriz='center', alignVert='center', antialias=True, autoLog=True, bold=False, color='white', colorSpace='named', contrast=1.0, depth=-6.0, flipHoriz=False, flipVert=False, font='Arial', fontFiles=[], height=50, italic=False, name='choice', opacity=1.0, ori=0, pos=array([   0., -300.]), rgb=array([ 255.,  255.,  255.]), text=u"Press 'y' for Yes  \nPress 'n' for No", units='pix', win=Window(...), wrapWidth=500)
6.8776 	EXP 	Created thankyou = TextStim(alignHoriz='center', alignVert='center', antialias=True, autoLog=True, bold=False, color='white', colorSpace='named', contrast=1.0, depth=0.0, flipHoriz=False, flipVert=False, font='Arial', fontFiles=[], height=50, italic=False, name='thankyou', opacity=1.0, ori=0, pos=array([ 0.,  0.]), rgb=array([ 255.,  255.,  255.]), text=unicode(...), units='pix', win=Window(...), wrapWidth=500)
6.9017 	EXP 	welcome: autoDraw = True
8.8852 	EXP 	welcome: autoDraw = False
8.8852 	EXP 	welcome: autoDraw = False
8.8852 	EXP 	text: autoDraw = True
10.1614 	DATA 	Keypress: space
10.1697 	EXP 	Imported designs.xlsx as conditions, 3 conditions, 16 params
10.1701 	EXP 	Created sequence: random, trialTypes=3, nReps=1, seed=None
10.1707 	EXP 	New trial (rep=0, index=0): {u'n2col': u'blue', u'n4col': u'yellow', u'n3col': u'blue', u'r4': u'd', u'n1col': u'red', u'r1': u'a', u'r2': u'b', u'rs': u'LOC5', u'r3': u'c', u're': u'LOC17', u'n5col': u'yellow', u'n1': u'LOC10', u'n2': u'LOC15', u'n3': u'LOC14', u'n4': u'LOC13', u'n5': u'LOC12'}
10.2020 	EXP 	text: autoDraw = False
10.2020 	EXP 	robotS: pos = array([ 470.,  220.])
10.2020 	EXP 	node1: fillColor = u'red (named)'
10.2020 	EXP 	node1: pos = array([ 470.,  110.])
10.2020 	EXP 	node2: fillColor = u'blue (named)'
10.2020 	EXP 	node2: pos = array([ 470.,    0.])
10.2020 	EXP 	node3: fillColor = u'blue (named)'
10.2020 	EXP 	node3: pos = array([ 360.,    0.])
10.2020 	EXP 	node4: fillColor = u'yellow (named)'
10.2020 	EXP 	node4: pos = array([ 250.,    0.])
10.2020 	EXP 	node5: fillColor = u'yellow (named)'
10.2020 	EXP 	node5: pos = array([ 140.,    0.])
10.2020 	EXP 	robotF: pos = array([ 140., -110.])
10.2020 	EXP 	whitebackground: autoDraw = True
10.2020 	EXP 	robotS: autoDraw = True
10.2020 	EXP 	node1: autoDraw = True
10.2020 	EXP 	node2: autoDraw = True
10.2020 	EXP 	node3: autoDraw = True
10.2020 	EXP 	node4: autoDraw = True
10.2020 	EXP 	node5: autoDraw = True
10.2020 	EXP 	robotF: autoDraw = True
10.2020 	EXP 	select1: autoDraw = True
10.2020 	EXP 	select2: autoDraw = True
10.2020 	EXP 	select3: autoDraw = True
10.2020 	EXP 	select4: autoDraw = True
10.2020 	EXP 	selection: autoDraw = True
10.2020 	EXP 	master: autoDraw = True
10.2020 	EXP 	sel: autoDraw = True
17.5101 	DATA 	Keypress: a
18.1394 	DATA 	Keypress: a
18.6221 	DATA 	Keypress: a
19.0895 	DATA 	Keypress: a
19.0929 	EXP 	New trial (rep=0, index=1): {u'n2col': u'red', u'n4col': u'blue', u'n3col': u'red', u'r4': u'd', u'n1col': u'red', u'r1': u'a', u'r2': u'b', u'rs': u'LOC11', u'r3': u'c', u're': u'LOC20', u'n5col': u'blue', u'n1': u'LOC6', u'n2': u'LOC1', u'n3': u'LOC2', u'n4': u'LOC3', u'n5': u'LOC4'}
19.1193 	EXP 	whitebackground: autoDraw = False
19.1193 	EXP 	robotS: autoDraw = False
19.1193 	EXP 	node1: autoDraw = False
19.1193 	EXP 	node2: autoDraw = False
19.1193 	EXP 	node3: autoDraw = False
19.1193 	EXP 	node4: autoDraw = False
19.1193 	EXP 	node5: autoDraw = False
19.1193 	EXP 	robotF: autoDraw = False
19.1193 	EXP 	select1: autoDraw = False
19.1193 	EXP 	select2: autoDraw = False
19.1193 	EXP 	select3: autoDraw = False
19.1193 	EXP 	select4: autoDraw = False
19.1193 	EXP 	selection: autoDraw = False
19.1193 	EXP 	master: autoDraw = False
19.1193 	EXP 	sel: autoDraw = False
19.1193 	EXP 	robotS: pos = array([ 30.,   0.])
19.1193 	EXP 	node1: fillColor = u'red (named)'
19.1193 	EXP 	node1: pos = array([  30.,  110.])
19.1193 	EXP 	node2: fillColor = u'red (named)'
19.1193 	EXP 	node2: pos = array([  30.,  220.])
19.1193 	EXP 	node3: fillColor = u'red (named)'
19.1193 	EXP 	node3: pos = array([ 140.,  220.])
19.1193 	EXP 	node4: fillColor = u'blue (named)'
19.1193 	EXP 	node4: pos = array([ 250.,  220.])
19.1193 	EXP 	node5: fillColor = u'blue (named)'
19.1193 	EXP 	node5: pos = array([ 360.,  220.])
19.1193 	EXP 	robotF: pos = array([ 470., -110.])
19.1193 	EXP 	whitebackground: autoDraw = True
19.1193 	EXP 	robotS: autoDraw = True
19.1193 	EXP 	node1: autoDraw = True
19.1193 	EXP 	node2: autoDraw = True
19.1193 	EXP 	node3: autoDraw = True
19.1193 	EXP 	node4: autoDraw = True
19.1193 	EXP 	node5: autoDraw = True
19.1193 	EXP 	robotF: autoDraw = True
19.1193 	EXP 	select1: autoDraw = True
19.1193 	EXP 	select2: autoDraw = True
19.1193 	EXP 	select3: autoDraw = True
19.1193 	EXP 	select4: autoDraw = True
19.1193 	EXP 	selection: autoDraw = True
19.1193 	EXP 	master: autoDraw = True
19.1193 	EXP 	sel: autoDraw = True
23.6063 	DATA 	Keypress: a
24.0566 	DATA 	Keypress: a
25.6403 	DATA 	Keypress: a
26.5069 	DATA 	Keypress: a
26.5101 	EXP 	New trial (rep=0, index=2): {u'n2col': u'green', u'n4col': u'yellow', u'n3col': u'blue', u'r4': u'd', u'n1col': u'green', u'r1': u'a', u'r2': u'b', u'rs': u'LOC16', u'r3': u'c', u're': u'LOC10', u'n5col': u'blue', u'n1': u'LOC17', u'n2': u'LOC12', u'n3': u'LOC13', u'n4': u'LOC8', u'n5': u'LOC9'}
26.5371 	EXP 	whitebackground: autoDraw = False
26.5371 	EXP 	robotS: autoDraw = False
26.5371 	EXP 	node1: autoDraw = False
26.5371 	EXP 	node2: autoDraw = False
26.5371 	EXP 	node3: autoDraw = False
26.5371 	EXP 	node4: autoDraw = False
26.5371 	EXP 	node5: autoDraw = False
26.5371 	EXP 	robotF: autoDraw = False
26.5371 	EXP 	select1: autoDraw = False
26.5371 	EXP 	select2: autoDraw = False
26.5371 	EXP 	select3: autoDraw = False
26.5371 	EXP 	select4: autoDraw = False
26.5371 	EXP 	selection: autoDraw = False
26.5371 	EXP 	master: autoDraw = False
26.5371 	EXP 	sel: autoDraw = False
26.5371 	EXP 	robotS: pos = array([  30., -110.])
26.5371 	EXP 	node1: fillColor = u'green (named)'
26.5371 	EXP 	node1: pos = array([ 140., -110.])
26.5371 	EXP 	node2: fillColor = u'green (named)'
26.5371 	EXP 	node2: pos = array([ 140.,    0.])
26.5371 	EXP 	node3: fillColor = u'blue (named)'
26.5371 	EXP 	node3: pos = array([ 250.,    0.])
26.5371 	EXP 	node4: fillColor = u'yellow (named)'
26.5371 	EXP 	node4: pos = array([ 250.,  110.])
26.5371 	EXP 	node5: fillColor = u'blue (named)'
26.5371 	EXP 	node5: pos = array([ 360.,  110.])
26.5371 	EXP 	robotF: pos = array([ 470.,  110.])
26.5371 	EXP 	whitebackground: autoDraw = True
26.5371 	EXP 	robotS: autoDraw = True
26.5371 	EXP 	node1: autoDraw = True
26.5371 	EXP 	node2: autoDraw = True
26.5371 	EXP 	node3: autoDraw = True
26.5371 	EXP 	node4: autoDraw = True
26.5371 	EXP 	node5: autoDraw = True
26.5371 	EXP 	robotF: autoDraw = True
26.5371 	EXP 	select1: autoDraw = True
26.5371 	EXP 	select2: autoDraw = True
26.5371 	EXP 	select3: autoDraw = True
26.5371 	EXP 	select4: autoDraw = True
26.5371 	EXP 	selection: autoDraw = True
26.5371 	EXP 	master: autoDraw = True
26.5371 	EXP 	sel: autoDraw = True
30.9088 	DATA 	Keypress: a
31.2446 	DATA 	Keypress: a
32.0745 	DATA 	Keypress: a
32.5912 	DATA 	Keypress: a
32.6207 	EXP 	whitebackground: autoDraw = False
32.6207 	EXP 	robotS: autoDraw = False
32.6207 	EXP 	node1: autoDraw = False
32.6207 	EXP 	node2: autoDraw = False
32.6207 	EXP 	node3: autoDraw = False
32.6207 	EXP 	node4: autoDraw = False
32.6207 	EXP 	node5: autoDraw = False
32.6207 	EXP 	robotF: autoDraw = False
32.6207 	EXP 	select1: autoDraw = False
32.6207 	EXP 	select2: autoDraw = False
32.6207 	EXP 	select3: autoDraw = False
32.6207 	EXP 	select4: autoDraw = False
32.6207 	EXP 	selection: autoDraw = False
32.6207 	EXP 	master: autoDraw = False
32.6207 	EXP 	sel: autoDraw = False
32.6207 	EXP 	Evaluation: autoDraw = True
32.6207 	EXP 	polygon: autoDraw = True
32.6207 	EXP 	polygon_2: autoDraw = True
32.6207 	EXP 	polygon_3: autoDraw = True
32.6207 	EXP 	polygon_4: autoDraw = True
33.3079 	DATA 	Keypress: a
33.9104 	DATA 	Keypress: escape
