5.4852 	EXP 	Created window1 = Window(allowGUI=False, allowStencil=False, autoLog=True, bitsMode=UNKNOWN, blendMode='avg', color='black', colorSpace='named', fullscr=UNKNOWN, gamma=None, lms=UNKNOWN, monitor=<psychopy.monitors.calibTools.Monitor object at 0x112e35750>, name='window1', pos=[0, 0], screen=0, size=array([1440,  900]), stereo=False, units='pix', useFBO=True, useRetina=False, viewOri=0.0, viewPos=None, viewScale=None, waitBlanking=True, winType='pyglet')
5.4853 	EXP 	window1: recordFrameIntervals = False
5.6508 	EXP 	window1: recordFrameIntervals = True
5.8344 	EXP 	window1: recordFrameIntervals = False
5.9489 	EXP 	Created welcome = TextStim(alignHoriz='center', alignVert='center', antialias=True, autoLog=True, bold=False, color='white', colorSpace='named', contrast=1.0, depth=-1.0, flipHoriz=False, flipVert=False, font='Arial', fontFiles=[], height=100, italic=False, name='welcome', opacity=1.0, ori=0, pos=array([ 0.,  0.]), rgb=array([ 255.,  255.,  255.]), text=u'Welcome!', units='pix', win=Window(...), wrapWidth=500)
5.9800 	EXP 	Created instruct = TextStim(alignHoriz='center', alignVert='center', antialias=True, autoLog=True, bold=False, color=u'white', colorSpace='named', contrast=1.0, depth=-2.0, flipHoriz=False, flipVert=False, font=u'Arial', fontFiles=[], height=50, italic=False, name='instruct', opacity=1.0, ori=0, pos=array([ 0.,  0.]), rgb=array([ 255.,  255.,  255.]), text=unicode(...), units='pix', win=Window(...), wrapWidth=500)
6.0426 	EXP 	Created rob0 = ImageStim(autoLog=True, color=array([ 1.,  1.,  1.]), colorSpace='rgb', contrast=1.0, depth=-3.0, flipHoriz=False, flipVert=False, image=u'robot1.png', interpolate=True, mask=None, maskParams=None, name='rob0', opacity=1.0, ori=0.0, pos=array([-250., -100.]), size=array([ 200.,  200.]), texRes=128, units='pix', win=Window(...))
6.0569 	EXP 	Created robb = ImageStim(autoLog=True, color=array([ 1.,  1.,  1.]), colorSpace='rgb', contrast=1.0, depth=-4.0, flipHoriz=False, flipVert=False, image=u'robot1.png', interpolate=True, mask=None, maskParams=None, name='robb', opacity=1.0, ori=0.0, pos=array([ 250., -100.]), size=array([ 200.,  200.]), texRes=128, units='pix', win=Window(...))
6.0685 	EXP 	Created na = Polygon(autoDraw=False, autoLog=True, closeShape=True, contrast=1.0, depth=-5.0, fillColor=u'blue', fillColorSpace='named', fillRGB=array([   0.,    0.,  255.]), interpolate=True, lineColor=u'blue', lineColorSpace='named', lineRGB=array([   0.,    0.,  255.]), lineWidth=1, name='na', opacity=1.0, ori=array(0.0), pos=array([ 0.,  0.]), size=array([ 1.,  1.]), units='pix', vertices=ndarray(...), win=Window(...))
6.0738 	EXP 	Created nb = Polygon(autoDraw=False, autoLog=True, closeShape=True, contrast=1.0, depth=-6.0, fillColor=u'blue', fillColorSpace='named', fillRGB=array([   0.,    0.,  255.]), interpolate=True, lineColor=u'blue', lineColorSpace='named', lineRGB=array([   0.,    0.,  255.]), lineWidth=1, name='nb', opacity=1.0, ori=array(0.0), pos=array([ 0.,  0.]), size=array([ 1.,  1.]), units='pix', vertices=ndarray(...), win=Window(...))
6.0790 	EXP 	Created nc = Polygon(autoDraw=False, autoLog=True, closeShape=True, contrast=1.0, depth=-7.0, fillColor=u'blue', fillColorSpace='named', fillRGB=array([   0.,    0.,  255.]), interpolate=True, lineColor=u'blue', lineColorSpace='named', lineRGB=array([   0.,    0.,  255.]), lineWidth=1, name='nc', opacity=1.0, ori=array(0.0), pos=array([ 0.,  0.]), size=array([ 1.,  1.]), units='pix', vertices=ndarray(...), win=Window(...))
6.0802 	EXP 	<method-wrapper '__getattribute__' of attributeSetter object at 0x10f7add10>: vertices = array([[-55.,  20.],
       [ 55.,  20.],
       [ 55., -20.],
       [-55., -20.]])
6.0816 	EXP 	Created s1 = Rect(autoDraw=False, autoLog=True, closeShape=True, contrast=1.0, depth=-8.0, fillColor=u'black', fillColorSpace='named', fillRGB=array([ 0.,  0.,  0.]), interpolate=True, lineColor=u'black', lineColorSpace='named', lineRGB=array([ 0.,  0.,  0.]), lineWidth=1, name='s1', opacity=1.0, ori=array(0.0), pos=array([-110., -100.]), size=array([ 1.,  1.]), units='pix', vertices=ndarray(...), win=Window(...))
6.0821 	EXP 	<method-wrapper '__getattribute__' of attributeSetter object at 0x10f7add10>: vertices = array([[-55.,  20.],
       [ 55.,  20.],
       [ 55., -20.],
       [-55., -20.]])
6.0834 	EXP 	Created s2 = Rect(autoDraw=False, autoLog=True, closeShape=True, contrast=1.0, depth=-9.0, fillColor=u'black', fillColorSpace='named', fillRGB=array([ 0.,  0.,  0.]), interpolate=True, lineColor=u'black', lineColorSpace='named', lineRGB=array([ 0.,  0.,  0.]), lineWidth=1, name='s2', opacity=1.0, ori=array(0.0), pos=array([   0., -100.]), size=array([ 1.,  1.]), units='pix', vertices=ndarray(...), win=Window(...))
6.0838 	EXP 	<method-wrapper '__getattribute__' of attributeSetter object at 0x10f7add10>: vertices = array([[-55.,  20.],
       [ 55.,  20.],
       [ 55., -20.],
       [-55., -20.]])
6.0854 	EXP 	Created s3 = Rect(autoDraw=False, autoLog=True, closeShape=True, contrast=1.0, depth=-10.0, fillColor=u'black', fillColorSpace='named', fillRGB=array([ 0.,  0.,  0.]), interpolate=True, lineColor=u'black', lineColorSpace='named', lineRGB=array([ 0.,  0.,  0.]), lineWidth=1, name='s3', opacity=1.0, ori=array(0.0), pos=array([ 110., -100.]), size=array([ 1.,  1.]), units='pix', vertices=ndarray(...), win=Window(...))
6.4453 	EXP 	Created heart = ImageStim(autoLog=True, color=array([ 1.,  1.,  1.]), colorSpace='rgb', contrast=1.0, depth=-11.0, flipHoriz=False, flipVert=False, image=u'heart.png', interpolate=True, mask=None, maskParams=None, name='heart', opacity=1.0, ori=0.0, pos=array([   0., -100.]), size=array([ 1.,  1.]), texRes=128, units='pix', win=Window(...))
6.4774 	EXP 	Created text_2 = TextStim(alignHoriz='center', alignVert='center', antialias=True, autoLog=True, bold=False, color='white', colorSpace='named', contrast=1.0, depth=-1.0, flipHoriz=False, flipVert=False, font='Arial', fontFiles=[], height=40, italic=False, name='text_2', opacity=1.0, ori=0, pos=array([ 0.,  0.]), rgb=array([ 255.,  255.,  255.]), text=u"Let's take an example", units='pix', win=Window(...), wrapWidth=500)
6.4852 	EXP 	Created nod1 = Polygon(autoDraw=False, autoLog=True, closeShape=True, contrast=1.0, depth=-2.0, fillColor=array([ 1.,  1.,  1.]), fillColorSpace='rgb', fillRGB=array([ 1.,  1.,  1.]), interpolate=True, lineColor='red', lineColorSpace='named', lineRGB=array([ 255.,    0.,    0.]), lineWidth=1, name='nod1', opacity=1.0, ori=array(0.0), pos=array([ 0.,  0.]), size=array([ 100.,  100.]), units='pix', vertices=ndarray(...), win=Window(...))
6.4918 	EXP 	Created nod2 = Polygon(autoDraw=False, autoLog=True, closeShape=True, contrast=1.0, depth=-3.0, fillColor=array([ 1.,  1.,  1.]), fillColorSpace='rgb', fillRGB=array([ 1.,  1.,  1.]), interpolate=True, lineColor=array([ 1.,  1.,  1.]), lineColorSpace='rgb', lineRGB=array([ 1.,  1.,  1.]), lineWidth=1, name='nod2', opacity=1.0, ori=array(0.0), pos=array([ 0.,  0.]), size=array([ 100.,  100.]), units='pix', vertices=ndarray(...), win=Window(...))
6.4978 	EXP 	Created nod3 = Polygon(autoDraw=False, autoLog=True, closeShape=True, contrast=1.0, depth=-4.0, fillColor=array([ 1.,  1.,  1.]), fillColorSpace='rgb', fillRGB=array([ 1.,  1.,  1.]), interpolate=True, lineColor=array([ 1.,  1.,  1.]), lineColorSpace='rgb', lineRGB=array([ 1.,  1.,  1.]), lineWidth=1, name='nod3', opacity=1.0, ori=array(0.0), pos=array([ 135.,  115.]), size=array([ 100.,  100.]), units='pix', vertices=ndarray(...), win=Window(...))
6.5041 	EXP 	Created nod4 = Polygon(autoDraw=False, autoLog=True, closeShape=True, contrast=1.0, depth=-5.0, fillColor=array([ 1.,  1.,  1.]), fillColorSpace='rgb', fillRGB=array([ 1.,  1.,  1.]), interpolate=True, lineColor=array([ 1.,  1.,  1.]), lineColorSpace='rgb', lineRGB=array([ 1.,  1.,  1.]), lineWidth=1, name='nod4', opacity=1.0, ori=array(0.0), pos=array([ 250.,  115.]), size=array([ 100.,  100.]), units='pix', vertices=ndarray(...), win=Window(...))
6.5168 	EXP 	Created rob1 = ImageStim(autoLog=True, color=array([ 1.,  1.,  1.]), colorSpace='rgb', contrast=1.0, depth=-6.0, flipHoriz=False, flipVert=False, image='robot1.png', interpolate=True, mask=None, maskParams=None, name='rob1', opacity=1.0, ori=1.0, pos=array([  20., -115.]), size=array([ 100.,  100.]), texRes=128, units='pix', win=Window(...))
6.5194 	EXP 	Created rob2 = ImageStim(autoLog=True, color=array([ 1.,  1.,  1.]), colorSpace='rgb', contrast=1.0, depth=-7.0, flipHoriz=False, flipVert=False, image='sin', interpolate=True, mask=None, maskParams=None, name='rob2', opacity=1.0, ori=0.0, pos=array([ 365.,  115.]), size=array([ 100.,  100.]), texRes=128, units='pix', win=Window(...))
6.5199 	EXP 	<method-wrapper '__getattribute__' of attributeSetter object at 0x10f7add10>: vertices = array([[-0.5,  0.5],
       [ 0.5,  0.5],
       [ 0.5, -0.5],
       [-0.5, -0.5]])
6.5212 	EXP 	Created sh1 = Rect(autoDraw=False, autoLog=True, closeShape=True, contrast=1.0, depth=-9.0, fillColor='black', fillColorSpace='named', fillRGB=array([ 0.,  0.,  0.]), interpolate=True, lineColor='black', lineColorSpace='named', lineRGB=array([ 0.,  0.,  0.]), lineWidth=1, name='sh1', opacity=1.0, ori=array(0.0), pos=array([ 20.,   0.]), size=array([ 1.,  1.]), units='pix', vertices=ndarray(...), win=Window(...))
6.5216 	EXP 	<method-wrapper '__getattribute__' of attributeSetter object at 0x10f7add10>: vertices = array([[-30.,  20.],
       [ 30.,  20.],
       [ 30., -20.],
       [-30., -20.]])
6.5230 	EXP 	Created sh2a = Rect(autoDraw=False, autoLog=True, closeShape=True, contrast=1.0, depth=-10.0, fillColor='black', fillColorSpace='named', fillRGB=array([ 0.,  0.,  0.]), interpolate=True, lineColor='black', lineColorSpace='named', lineRGB=array([ 0.,  0.,  0.]), lineWidth=1, name='sh2a', opacity=1.0, ori=array(0.0), pos=array([  50.,  113.]), size=array([ 1.,  1.]), units='pix', vertices=ndarray(...), win=Window(...))
6.5234 	EXP 	<method-wrapper '__getattribute__' of attributeSetter object at 0x10f7add10>: vertices = array([[-20.,  40.],
       [ 20.,  40.],
       [ 20., -40.],
       [-20., -40.]])
6.5247 	EXP 	Created sh2b = Rect(autoDraw=False, autoLog=True, closeShape=True, contrast=1.0, depth=-11.0, fillColor='black', fillColorSpace='named', fillRGB=array([ 0.,  0.,  0.]), interpolate=True, lineColor='black', lineColorSpace='named', lineRGB=array([ 0.,  0.,  0.]), lineWidth=1, name='sh2b', opacity=1.0, ori=array(0.0), pos=array([ 22.,  93.]), size=array([ 1.,  1.]), units='pix', vertices=ndarray(...), win=Window(...))
6.5251 	EXP 	<method-wrapper '__getattribute__' of attributeSetter object at 0x10f7add10>: vertices = array([[-55.,  20.],
       [ 55.,  20.],
       [ 55., -20.],
       [-55., -20.]])
6.5265 	EXP 	Created sh3 = Rect(autoDraw=False, autoLog=True, closeShape=True, contrast=1.0, depth=-12.0, fillColor='black', fillColorSpace='named', fillRGB=array([ 0.,  0.,  0.]), interpolate=True, lineColor='black', lineColorSpace='named', lineRGB=array([ 0.,  0.,  0.]), lineWidth=1, name='sh3', opacity=1.0, ori=array(0.0), pos=array([ 135.,  115.]), size=array([ 1.,  1.]), units='pix', vertices=ndarray(...), win=Window(...))
6.5268 	EXP 	<method-wrapper '__getattribute__' of attributeSetter object at 0x10f7add10>: vertices = array([[-55.,  20.],
       [ 55.,  20.],
       [ 55., -20.],
       [-55., -20.]])
6.5282 	EXP 	Created sh4 = Rect(autoDraw=False, autoLog=True, closeShape=True, contrast=1.0, depth=-13.0, fillColor='black', fillColorSpace='named', fillRGB=array([ 0.,  0.,  0.]), interpolate=True, lineColor='black', lineColorSpace='named', lineRGB=array([ 0.,  0.,  0.]), lineWidth=1, name='sh4', opacity=1.0, ori=array(0.0), pos=array([ 250.,  115.]), size=array([ 1.,  1.]), units='pix', vertices=ndarray(...), win=Window(...))
6.5469 	EXP 	Created star = TextStim(alignHoriz='center', alignVert='center', antialias=True, autoLog=True, bold=False, color='white', colorSpace='named', contrast=1.0, depth=0.0, flipHoriz=False, flipVert=False, font='Arial', fontFiles=[], height=50, italic=False, name='star', opacity=1.0, ori=0, pos=array([ 0.,  0.]), rgb=array([ 255.,  255.,  255.]), text=unicode(...), units='pix', win=Window(...), wrapWidth=500)
6.5474 	EXP 	<method-wrapper '__getattribute__' of attributeSetter object at 0x10f7add10>: vertices = array([[-400.,  450.],
       [ 400.,  450.],
       [ 400., -450.],
       [-400., -450.]])
6.5498 	EXP 	Created whitebackground = Rect(autoDraw=False, autoLog=True, closeShape=True, contrast=1.0, depth=-2.0, fillColor=array([ 1.,  1.,  1.]), fillColorSpace='rgb', fillRGB=array([ 1.,  1.,  1.]), interpolate=True, lineColor=array([ 1.,  1.,  1.]), lineColorSpace='rgb', lineRGB=array([ 1.,  1.,  1.]), lineWidth=0, name='whitebackground', opacity=1.0, ori=array(0.0), pos=array([-560.,    0.]), size=array([ 1.,  1.]), units='pix', vertices=ndarray(...), win=Window(...))
6.5618 	EXP 	Created robotS = ImageStim(autoLog=True, color=array([ 1.,  1.,  1.]), colorSpace='rgb', contrast=1.0, depth=-3.0, flipHoriz=False, flipVert=False, image='robot1.png', interpolate=True, mask=None, maskParams=None, name='robotS', opacity=1.0, ori=0.0, pos=array([ 0.,  0.]), size=array([ 100.,  100.]), texRes=128, units='pix', win=Window(...))
6.5683 	EXP 	Created node1 = Polygon(autoDraw=False, autoLog=True, closeShape=True, contrast=1.0, depth=-4.0, fillColor=array([ 1.,  1.,  1.]), fillColorSpace='rgb', fillRGB=array([ 1.,  1.,  1.]), interpolate=True, lineColor=array([ 1.,  1.,  1.]), lineColorSpace='rgb', lineRGB=array([ 1.,  1.,  1.]), lineWidth=0, name='node1', opacity=1.0, ori=array(0.0), pos=array([ 0.,  0.]), size=array([ 100.,  100.]), units='pix', vertices=ndarray(...), win=Window(...))
6.5781 	EXP 	Created node2 = Polygon(autoDraw=False, autoLog=True, closeShape=True, contrast=1.0, depth=-5.0, fillColor=array([ 1.,  1.,  1.]), fillColorSpace='rgb', fillRGB=array([ 1.,  1.,  1.]), interpolate=True, lineColor=array([ 1.,  1.,  1.]), lineColorSpace='rgb', lineRGB=array([ 1.,  1.,  1.]), lineWidth=0, name='node2', opacity=1.0, ori=array(0.0), pos=array([ 0.,  0.]), size=array([ 100.,  100.]), units='pix', vertices=ndarray(...), win=Window(...))
6.5843 	EXP 	Created node3 = Polygon(autoDraw=False, autoLog=True, closeShape=True, contrast=1.0, depth=-6.0, fillColor=array([ 1.,  1.,  1.]), fillColorSpace='rgb', fillRGB=array([ 1.,  1.,  1.]), interpolate=True, lineColor=array([ 1.,  1.,  1.]), lineColorSpace='rgb', lineRGB=array([ 1.,  1.,  1.]), lineWidth=0, name='node3', opacity=1.0, ori=array(0.0), pos=array([ 0.,  0.]), size=array([ 100.,  100.]), units='pix', vertices=ndarray(...), win=Window(...))
6.5911 	EXP 	Created node4 = Polygon(autoDraw=False, autoLog=True, closeShape=True, contrast=1.0, depth=-7.0, fillColor=array([ 1.,  1.,  1.]), fillColorSpace='rgb', fillRGB=array([ 1.,  1.,  1.]), interpolate=True, lineColor=array([ 1.,  1.,  1.]), lineColorSpace='rgb', lineRGB=array([ 1.,  1.,  1.]), lineWidth=0, name='node4', opacity=1.0, ori=array(0.0), pos=array([ 0.,  0.]), size=array([ 100.,  100.]), units='pix', vertices=ndarray(...), win=Window(...))
6.5972 	EXP 	Created node5 = Polygon(autoDraw=False, autoLog=True, closeShape=True, contrast=1.0, depth=-8.0, fillColor=array([ 1.,  1.,  1.]), fillColorSpace='rgb', fillRGB=array([ 1.,  1.,  1.]), interpolate=True, lineColor=array([ 1.,  1.,  1.]), lineColorSpace='rgb', lineRGB=array([ 1.,  1.,  1.]), lineWidth=0, name='node5', opacity=1.0, ori=array(0.0), pos=array([ 0.,  0.]), size=array([ 100.,  100.]), units='pix', vertices=ndarray(...), win=Window(...))
6.6094 	EXP 	Created robotF = ImageStim(autoLog=True, color=array([ 1.,  1.,  1.]), colorSpace='rgb', contrast=1.0, depth=-9.0, flipHoriz=False, flipVert=False, image='robot1.png', interpolate=True, mask=None, maskParams=None, name='robotF', opacity=1.0, ori=0.0, pos=array([ 0.,  0.]), size=array([ 100.,  100.]), texRes=128, units='pix', win=Window(...))
6.6152 	EXP 	Created select1 = Polygon(autoDraw=False, autoLog=True, closeShape=True, contrast=1.0, depth=-10.0, fillColor='red', fillColorSpace='named', fillRGB=array([ 255.,    0.,    0.]), interpolate=True, lineColor=array([ 1.,  1.,  1.]), lineColorSpace='rgb', lineRGB=array([ 1.,  1.,  1.]), lineWidth=0, name='select1', opacity=1.0, ori=array(0.0), pos=array([-630.,    0.]), size=array([ 100.,  100.]), units='pix', vertices=ndarray(...), win=Window(...))
6.6209 	EXP 	Created select2 = Polygon(autoDraw=False, autoLog=True, closeShape=True, contrast=1.0, depth=-11.0, fillColor='blue', fillColorSpace='named', fillRGB=array([   0.,    0.,  255.]), interpolate=True, lineColor=array([ 1.,  1.,  1.]), lineColorSpace='rgb', lineRGB=array([ 1.,  1.,  1.]), lineWidth=0, name='select2', opacity=1.0, ori=array(0.0), pos=array([-630., -120.]), size=array([ 100.,  100.]), units='pix', vertices=ndarray(...), win=Window(...))
6.6265 	EXP 	Created select3 = Polygon(autoDraw=False, autoLog=True, closeShape=True, contrast=1.0, depth=-12.0, fillColor='yellow', fillColorSpace='named', fillRGB=array([ 255.,  255.,    0.]), interpolate=True, lineColor=array([ 1.,  1.,  1.]), lineColorSpace='rgb', lineRGB=array([ 1.,  1.,  1.]), lineWidth=0, name='select3', opacity=1.0, ori=array(0.0), pos=array([-630., -240.]), size=array([ 100.,  100.]), units='pix', vertices=ndarray(...), win=Window(...))
6.6322 	EXP 	Created select4 = Polygon(autoDraw=False, autoLog=True, closeShape=True, contrast=1.0, depth=-13.0, fillColor='green', fillColorSpace='named', fillRGB=array([   0.,  128.,    0.]), interpolate=True, lineColor=array([ 1.,  1.,  1.]), lineColorSpace='rgb', lineRGB=array([ 1.,  1.,  1.]), lineWidth=0, name='select4', opacity=1.0, ori=array(0.0), pos=array([-630., -360.]), size=array([ 100.,  100.]), units='pix', vertices=ndarray(...), win=Window(...))
6.6565 	EXP 	Created selection = ImageStim(autoLog=True, color=array([ 1.,  1.,  1.]), colorSpace='rgb', contrast=1.0, depth=-14.0, flipHoriz=False, flipVert=False, image='lettera.png', interpolate=True, mask=None, maskParams=None, name='selection', opacity=1.0, ori=0.0, pos=array([ 0.,  0.]), size=array([ 400.,  200.]), texRes=128, units='pix', win=Window(...))
6.6921 	EXP 	Created master = ImageStim(autoLog=True, color=array([ 1.,  1.,  1.]), colorSpace='rgb', contrast=1.0, depth=-15.0, flipHoriz=False, flipVert=False, image='mastershapes.png', interpolate=True, mask=None, maskParams=None, name='master', opacity=1.0, ori=0.0, pos=array([-510.,   90.]), size=array([ 500.,  400.]), texRes=128, units='pix', win=Window(...))
6.7270 	EXP 	Created sel = TextStim(alignHoriz='center', alignVert='center', antialias=True, autoLog=True, bold=False, color='black', colorSpace='named', contrast=1.0, depth=-16.0, flipHoriz=False, flipVert=False, font='Arial', fontFiles=[], height=30, italic=False, name='sel', opacity=1.0, ori=0, pos=array([-450.,  300.]), rgb=array([ 0.,  0.,  0.]), text=unicode(...), units='pix', win=Window(...), wrapWidth=500)
6.7346 	EXP 	Created Evaluation = TextStim(alignHoriz='center', alignVert='center', antialias=True, autoLog=True, bold=False, color='white', colorSpace='named', contrast=1.0, depth=-1.0, flipHoriz=False, flipVert=False, font='Arial', fontFiles=[], height=30, italic=False, name='Evaluation', opacity=1.0, ori=0, pos=array([   0.,  300.]), rgb=array([ 255.,  255.,  255.]), text=u'Is this pathway correct? \n', units='pix', win=Window(...), wrapWidth=500)
6.7399 	EXP 	Created polygon = Polygon(autoDraw=False, autoLog=True, closeShape=True, contrast=1.0, depth=-2.0, fillColor='red', fillColorSpace='named', fillRGB=array([ 255.,    0.,    0.]), interpolate=True, lineColor='red', lineColorSpace='named', lineRGB=array([ 255.,    0.,    0.]), lineWidth=1, name='polygon', opacity=1.0, ori=array(0.0), pos=array([ 250.,    0.]), size=array([ 100.,  100.]), units='pix', vertices=ndarray(...), win=Window(...))
6.7450 	EXP 	Created polygon_2 = Polygon(autoDraw=False, autoLog=True, closeShape=True, contrast=1.0, depth=-3.0, fillColor='green', fillColorSpace='named', fillRGB=array([   0.,  128.,    0.]), interpolate=True, lineColor='green', lineColorSpace='named', lineRGB=array([   0.,  128.,    0.]), lineWidth=1, name='polygon_2', opacity=1.0, ori=array(0.0), pos=array([ 365., -115.]), size=array([ 100.,  100.]), units='pix', vertices=ndarray(...), win=Window(...))
6.7503 	EXP 	Created polygon_3 = Polygon(autoDraw=False, autoLog=True, closeShape=True, contrast=1.0, depth=-4.0, fillColor='blue', fillColorSpace='named', fillRGB=array([   0.,    0.,  255.]), interpolate=True, lineColor='blue', lineColorSpace='named', lineRGB=array([   0.,    0.,  255.]), lineWidth=1, name='polygon_3', opacity=1.0, ori=array(0.0), pos=array([ 135., -115.]), size=array([ 100.,  100.]), units='pix', vertices=ndarray(...), win=Window(...))
6.7554 	EXP 	Created polygon_4 = Polygon(autoDraw=False, autoLog=True, closeShape=True, contrast=1.0, depth=-5.0, fillColor='blue', fillColorSpace='named', fillRGB=array([   0.,    0.,  255.]), interpolate=True, lineColor='blue', lineColorSpace='named', lineRGB=array([   0.,    0.,  255.]), lineWidth=1, name='polygon_4', opacity=1.0, ori=array(0.0), pos=array([ 250., -115.]), size=array([ 100.,  100.]), units='pix', vertices=ndarray(...), win=Window(...))
6.7663 	EXP 	Created choice = TextStim(alignHoriz='center', alignVert='center', antialias=True, autoLog=True, bold=False, color='white', colorSpace='named', contrast=1.0, depth=-6.0, flipHoriz=False, flipVert=False, font='Arial', fontFiles=[], height=50, italic=False, name='choice', opacity=1.0, ori=0, pos=array([   0., -300.]), rgb=array([ 255.,  255.,  255.]), text=u"Press 'y' for Yes  \nPress 'n' for No", units='pix', win=Window(...), wrapWidth=500)
6.7738 	EXP 	Created thankyou = TextStim(alignHoriz='center', alignVert='center', antialias=True, autoLog=True, bold=False, color='white', colorSpace='named', contrast=1.0, depth=0.0, flipHoriz=False, flipVert=False, font='Arial', fontFiles=[], height=50, italic=False, name='thankyou', opacity=1.0, ori=0, pos=array([ 0.,  0.]), rgb=array([ 255.,  255.,  255.]), text=u'Thank you for your participation.\n', units='pix', win=Window(...), wrapWidth=500)
6.7842 	EXP 	instruct: pos = array([   0.,  150.])
6.7842 	EXP 	na: pos = array([-110., -100.])
6.7842 	EXP 	na: size = array([ 100.,  100.])
6.7842 	EXP 	nb: pos = array([   0., -100.])
6.7842 	EXP 	nb: size = array([ 100.,  100.])
6.7842 	EXP 	nc: pos = array([ 110., -100.])
6.7842 	EXP 	nc: size = array([ 100.,  100.])
6.7842 	EXP 	welcome: autoDraw = True
9.7844 	EXP 	welcome: autoDraw = False
9.8011 	EXP 	instruct: autoDraw = True
12.8015 	EXP 	rob0: autoDraw = True
12.8015 	EXP 	robb: autoDraw = True
13.3010 	EXP 	na: autoDraw = True
13.8016 	EXP 	nb: autoDraw = True
14.3017 	EXP 	nc: autoDraw = True
15.3017 	EXP 	s1: autoDraw = True
16.3019 	EXP 	s2: autoDraw = True
17.3021 	EXP 	s3: autoDraw = True
20.7857 	EXP 	na: autoDraw = False
20.7857 	EXP 	nb: autoDraw = False
20.7857 	EXP 	nc: autoDraw = False
20.7857 	EXP 	s1: autoDraw = False
20.7857 	EXP 	s2: autoDraw = False
20.7857 	EXP 	s3: autoDraw = False
20.8024 	EXP 	heart: autoDraw = True
24.8029 	EXP 	instruct: autoDraw = False
24.8029 	EXP 	rob0: autoDraw = False
24.8029 	EXP 	robb: autoDraw = False
24.8029 	EXP 	heart: autoDraw = False
24.8029 	EXP 	welcome: autoDraw = False
24.8029 	EXP 	instruct: autoDraw = False
24.8029 	EXP 	rob0: autoDraw = False
24.8029 	EXP 	robb: autoDraw = False
24.8029 	EXP 	na: autoDraw = False
24.8029 	EXP 	nb: autoDraw = False
24.8029 	EXP 	nc: autoDraw = False
24.8029 	EXP 	s1: autoDraw = False
24.8029 	EXP 	s2: autoDraw = False
24.8029 	EXP 	s3: autoDraw = False
24.8029 	EXP 	heart: autoDraw = False
24.8029 	EXP 	text_2: pos = array([-300.,  300.])
24.8029 	EXP 	nod1: fillColor = 'red (named)'
24.8029 	EXP 	nod1: pos = array([ 20.,   0.])
24.8029 	EXP 	nod2: fillColor = 'yellow (named)'
24.8029 	EXP 	nod2: pos = array([  20.,  115.])
24.8029 	EXP 	nod2: lineColor = 'yellow (named)'
24.8029 	EXP 	nod3: fillColor = 'blue (named)'
24.8029 	EXP 	nod3: lineColor = 'blue (named)'
24.8029 	EXP 	nod4: fillColor = 'blue (named)'
24.8029 	EXP 	nod4: lineColor = 'blue (named)'
24.8029 	EXP 	rob1: ori = 0.0
24.8029 	EXP 	rob2: image = 'robot1.png'
24.8029 	EXP 	sh1: size = array([  40.,  110.])
24.8029 	EXP 	text_2: autoDraw = True
24.8029 	EXP 	nod1: autoDraw = True
24.8029 	EXP 	nod2: autoDraw = True
24.8029 	EXP 	nod3: autoDraw = True
24.8029 	EXP 	nod4: autoDraw = True
24.8029 	EXP 	rob1: autoDraw = True
24.8029 	EXP 	rob2: autoDraw = True
26.8029 	EXP 	sh1: autoDraw = True
27.3029 	EXP 	sh2a: autoDraw = True
27.3029 	EXP 	sh2b: autoDraw = True
27.8028 	EXP 	sh3: autoDraw = True
28.3030 	EXP 	sh4: autoDraw = True
42.5538 	DATA 	Keypress: space
42.5712 	EXP 	text_2: autoDraw = False
42.5712 	EXP 	nod1: autoDraw = False
42.5712 	EXP 	nod2: autoDraw = False
42.5712 	EXP 	nod3: autoDraw = False
42.5712 	EXP 	nod4: autoDraw = False
42.5712 	EXP 	rob1: autoDraw = False
42.5712 	EXP 	rob2: autoDraw = False
42.5712 	EXP 	sh1: autoDraw = False
42.5712 	EXP 	sh2a: autoDraw = False
42.5712 	EXP 	sh2b: autoDraw = False
42.5712 	EXP 	sh3: autoDraw = False
42.5712 	EXP 	sh4: autoDraw = False
42.5712 	EXP 	star: autoDraw = True
45.7082 	DATA 	Keypress: space
45.7312 	EXP 	Imported designs.xlsx as conditions, 4 conditions, 16 params
45.7317 	EXP 	Created sequence: sequential, trialTypes=4, nReps=1, seed=None
45.7324 	EXP 	New trial (rep=0, index=0): {u'n2col': u'blue', u'n4col': u'red', u'n3col': u'green', u'r4': u'd', u'n1col': u'blue', u'r1': u'a', u'r2': u'b', u'rs': u'LOC21', u'r3': u'c', u're': u'LOC9', u'n5col': u'red', u'n1': u'LOC22', u'n2': u'LOC23', u'n3': u'LOC24', u'n4': u'LOC19', u'n5': u'LOC14'}
45.7549 	EXP 	star: autoDraw = False
45.7549 	EXP 	robotS: pos = array([  20., -230.])
45.7549 	EXP 	node1: fillColor = u'blue (named)'
45.7549 	EXP 	node1: pos = array([ 135., -230.])
45.7549 	EXP 	node2: fillColor = u'blue (named)'
45.7549 	EXP 	node2: pos = array([ 250., -230.])
45.7549 	EXP 	node3: fillColor = u'green (named)'
45.7549 	EXP 	node3: pos = array([ 365., -230.])
45.7549 	EXP 	node4: fillColor = u'red (named)'
45.7549 	EXP 	node4: pos = array([ 365., -115.])
45.7549 	EXP 	node5: fillColor = u'red (named)'
45.7549 	EXP 	node5: pos = array([ 365.,    0.])
45.7549 	EXP 	robotF: pos = array([ 365.,  115.])
45.7549 	EXP 	whitebackground: autoDraw = True
45.7549 	EXP 	robotS: autoDraw = True
45.7549 	EXP 	node1: autoDraw = True
45.7549 	EXP 	node2: autoDraw = True
45.7549 	EXP 	node3: autoDraw = True
45.7549 	EXP 	node4: autoDraw = True
45.7549 	EXP 	node5: autoDraw = True
45.7549 	EXP 	robotF: autoDraw = True
45.7549 	EXP 	select1: autoDraw = True
45.7549 	EXP 	select2: autoDraw = True
45.7549 	EXP 	select3: autoDraw = True
45.7549 	EXP 	select4: autoDraw = True
45.7549 	EXP 	selection: autoDraw = True
45.7549 	EXP 	master: autoDraw = True
45.7549 	EXP 	sel: autoDraw = True
50.1590 	DATA 	Keypress: a
50.4417 	DATA 	Keypress: a
50.8752 	DATA 	Keypress: a
51.2423 	DATA 	Keypress: a
51.2457 	EXP 	New trial (rep=0, index=1): {u'n2col': u'yellow', u'n4col': u'green', u'n3col': u'blue', u'r4': u'd', u'n1col': u'red', u'r1': u'a', u'r2': u'b', u'rs': u'LOC21', u'r3': u'c', u're': u'LOC3', u'n5col': u'red', u'n1': u'LOC16', u'n2': u'LOC11', u'n3': u'LOC12', u'n4': u'LOC13', u'n5': u'LOC8'}
51.2721 	EXP 	whitebackground: autoDraw = False
51.2721 	EXP 	robotS: autoDraw = False
51.2721 	EXP 	node1: autoDraw = False
51.2721 	EXP 	node2: autoDraw = False
51.2721 	EXP 	node3: autoDraw = False
51.2721 	EXP 	node4: autoDraw = False
51.2721 	EXP 	node5: autoDraw = False
51.2721 	EXP 	robotF: autoDraw = False
51.2721 	EXP 	select1: autoDraw = False
51.2721 	EXP 	select2: autoDraw = False
51.2721 	EXP 	select3: autoDraw = False
51.2721 	EXP 	select4: autoDraw = False
51.2721 	EXP 	selection: autoDraw = False
51.2721 	EXP 	master: autoDraw = False
51.2721 	EXP 	sel: autoDraw = False
51.2721 	EXP 	robotS: pos = array([  20., -230.])
51.2721 	EXP 	node1: fillColor = u'red (named)'
51.2721 	EXP 	node1: pos = array([  20., -115.])
51.2721 	EXP 	node2: fillColor = u'yellow (named)'
51.2721 	EXP 	node2: pos = array([ 20.,   0.])
51.2721 	EXP 	node3: fillColor = u'blue (named)'
51.2721 	EXP 	node3: pos = array([ 135.,    0.])
51.2721 	EXP 	node4: fillColor = u'green (named)'
51.2721 	EXP 	node4: pos = array([ 250.,    0.])
51.2721 	EXP 	node5: fillColor = u'red (named)'
51.2721 	EXP 	node5: pos = array([ 250.,  115.])
51.2721 	EXP 	robotF: pos = array([ 250.,  230.])
51.2721 	EXP 	whitebackground: autoDraw = True
51.2721 	EXP 	robotS: autoDraw = True
51.2721 	EXP 	node1: autoDraw = True
51.2721 	EXP 	node2: autoDraw = True
51.2721 	EXP 	node3: autoDraw = True
51.2721 	EXP 	node4: autoDraw = True
51.2721 	EXP 	node5: autoDraw = True
51.2721 	EXP 	robotF: autoDraw = True
51.2721 	EXP 	select1: autoDraw = True
51.2721 	EXP 	select2: autoDraw = True
51.2721 	EXP 	select3: autoDraw = True
51.2721 	EXP 	select4: autoDraw = True
51.2721 	EXP 	selection: autoDraw = True
51.2721 	EXP 	master: autoDraw = True
51.2721 	EXP 	sel: autoDraw = True
51.7090 	DATA 	Keypress: a
51.9756 	DATA 	Keypress: a
52.2753 	DATA 	Keypress: a
52.6592 	DATA 	Keypress: a
52.6621 	EXP 	New trial (rep=0, index=2): {u'n2col': u'red', u'n4col': u'blue', u'n3col': u'yellow', u'r4': u'd', u'n1col': u'red', u'r1': u'a', u'r2': u'b', u'rs': u'LOC22', u'r3': u'c', u're': u'LOC10', u'n5col': u'blue', u'n1': u'LOC17', u'n2': u'LOC12', u'n3': u'LOC7', u'n4': u'LOC8', u'n5': u'LOC9'}
52.6890 	EXP 	whitebackground: autoDraw = False
52.6890 	EXP 	robotS: autoDraw = False
52.6890 	EXP 	node1: autoDraw = False
52.6890 	EXP 	node2: autoDraw = False
52.6890 	EXP 	node3: autoDraw = False
52.6890 	EXP 	node4: autoDraw = False
52.6890 	EXP 	node5: autoDraw = False
52.6890 	EXP 	robotF: autoDraw = False
52.6890 	EXP 	select1: autoDraw = False
52.6890 	EXP 	select2: autoDraw = False
52.6890 	EXP 	select3: autoDraw = False
52.6890 	EXP 	select4: autoDraw = False
52.6890 	EXP 	selection: autoDraw = False
52.6890 	EXP 	master: autoDraw = False
52.6890 	EXP 	sel: autoDraw = False
52.6890 	EXP 	robotS: pos = array([ 135., -230.])
52.6890 	EXP 	node1: fillColor = u'red (named)'
52.6890 	EXP 	node1: pos = array([ 135., -115.])
52.6890 	EXP 	node2: fillColor = u'red (named)'
52.6890 	EXP 	node2: pos = array([ 135.,    0.])
52.6890 	EXP 	node3: fillColor = u'yellow (named)'
52.6890 	EXP 	node3: pos = array([ 135.,  115.])
52.6890 	EXP 	node4: fillColor = u'blue (named)'
52.6890 	EXP 	node4: pos = array([ 250.,  115.])
52.6890 	EXP 	node5: fillColor = u'blue (named)'
52.6890 	EXP 	node5: pos = array([ 365.,  115.])
52.6890 	EXP 	robotF: pos = array([ 480.,  115.])
52.6890 	EXP 	whitebackground: autoDraw = True
52.6890 	EXP 	robotS: autoDraw = True
52.6890 	EXP 	node1: autoDraw = True
52.6890 	EXP 	node2: autoDraw = True
52.6890 	EXP 	node3: autoDraw = True
52.6890 	EXP 	node4: autoDraw = True
52.6890 	EXP 	node5: autoDraw = True
52.6890 	EXP 	robotF: autoDraw = True
52.6890 	EXP 	select1: autoDraw = True
52.6890 	EXP 	select2: autoDraw = True
52.6890 	EXP 	select3: autoDraw = True
52.6890 	EXP 	select4: autoDraw = True
52.6890 	EXP 	selection: autoDraw = True
52.6890 	EXP 	master: autoDraw = True
52.6890 	EXP 	sel: autoDraw = True
53.0259 	DATA 	Keypress: a
53.3423 	DATA 	Keypress: a
53.7460 	DATA 	Keypress: a
54.1590 	DATA 	Keypress: a
54.1610 	EXP 	New trial (rep=0, index=3): {u'n2col': u'yellow', u'n4col': u'yellow', u'n3col': u'green', u'r4': None, u'n1col': u'green', u'r1': None, u'r2': None, u'rs': u'LOC16', u'r3': None, u're': u'LOC10', u'n5col': u'blue', u'n1': u'LOC17', u'n2': u'LOC12', u'n3': u'LOC13', u'n4': u'LOC8', u'n5': u'LOC9'}
54.1892 	EXP 	whitebackground: autoDraw = False
54.1892 	EXP 	robotS: autoDraw = False
54.1892 	EXP 	node1: autoDraw = False
54.1892 	EXP 	node2: autoDraw = False
54.1892 	EXP 	node3: autoDraw = False
54.1892 	EXP 	node4: autoDraw = False
54.1892 	EXP 	node5: autoDraw = False
54.1892 	EXP 	robotF: autoDraw = False
54.1892 	EXP 	select1: autoDraw = False
54.1892 	EXP 	select2: autoDraw = False
54.1892 	EXP 	select3: autoDraw = False
54.1892 	EXP 	select4: autoDraw = False
54.1892 	EXP 	selection: autoDraw = False
54.1892 	EXP 	master: autoDraw = False
54.1892 	EXP 	sel: autoDraw = False
54.1892 	EXP 	robotS: pos = array([  20., -115.])
54.1892 	EXP 	node1: fillColor = u'green (named)'
54.1892 	EXP 	node1: pos = array([ 135., -115.])
54.1892 	EXP 	node2: fillColor = u'yellow (named)'
54.1892 	EXP 	node2: pos = array([ 135.,    0.])
54.1892 	EXP 	node3: fillColor = u'green (named)'
54.1892 	EXP 	node3: pos = array([ 250.,    0.])
54.1892 	EXP 	node4: fillColor = u'yellow (named)'
54.1892 	EXP 	node4: pos = array([ 250.,  115.])
54.1892 	EXP 	node5: fillColor = u'blue (named)'
54.1892 	EXP 	node5: pos = array([ 365.,  115.])
54.1892 	EXP 	robotF: pos = array([ 480.,  115.])
54.1892 	EXP 	whitebackground: autoDraw = True
54.1892 	EXP 	robotS: autoDraw = True
54.1892 	EXP 	node1: autoDraw = True
54.1892 	EXP 	node2: autoDraw = True
54.1892 	EXP 	node3: autoDraw = True
54.1892 	EXP 	node4: autoDraw = True
54.1892 	EXP 	node5: autoDraw = True
54.1892 	EXP 	robotF: autoDraw = True
54.1892 	EXP 	select1: autoDraw = True
54.1892 	EXP 	select2: autoDraw = True
54.1892 	EXP 	select3: autoDraw = True
54.1892 	EXP 	select4: autoDraw = True
54.1892 	EXP 	selection: autoDraw = True
54.1892 	EXP 	master: autoDraw = True
54.1892 	EXP 	sel: autoDraw = True
54.4923 	DATA 	Keypress: a
54.8422 	DATA 	Keypress: a
55.1589 	DATA 	Keypress: a
55.6093 	DATA 	Keypress: a
55.6226 	EXP 	whitebackground: autoDraw = False
55.6226 	EXP 	robotS: autoDraw = False
55.6226 	EXP 	node1: autoDraw = False
55.6226 	EXP 	node2: autoDraw = False
55.6226 	EXP 	node3: autoDraw = False
55.6226 	EXP 	node4: autoDraw = False
55.6226 	EXP 	node5: autoDraw = False
55.6226 	EXP 	robotF: autoDraw = False
55.6226 	EXP 	select1: autoDraw = False
55.6226 	EXP 	select2: autoDraw = False
55.6226 	EXP 	select3: autoDraw = False
55.6226 	EXP 	select4: autoDraw = False
55.6226 	EXP 	selection: autoDraw = False
55.6226 	EXP 	master: autoDraw = False
55.6226 	EXP 	sel: autoDraw = False
55.6226 	EXP 	Evaluation: autoDraw = True
55.6226 	EXP 	polygon: autoDraw = True
55.6226 	EXP 	polygon_2: autoDraw = True
55.6226 	EXP 	polygon_3: autoDraw = True
55.6226 	EXP 	polygon_4: autoDraw = True
57.6395 	EXP 	choice: autoDraw = True
58.9263 	DATA 	Keypress: escape
