7.4353 	EXP 	Created window1 = Window(allowGUI=False, allowStencil=False, autoLog=True, bitsMode=UNKNOWN, blendMode='avg', color='black', colorSpace='named', fullscr=UNKNOWN, gamma=None, lms=UNKNOWN, monitor=<psychopy.monitors.calibTools.Monitor object at 0x112c00ad0>, name='window1', pos=[0, 0], screen=0, size=array([1440,  900]), stereo=False, units='pix', useFBO=True, useRetina=False, viewOri=0.0, viewPos=None, viewScale=None, waitBlanking=True, winType='pyglet')
7.4354 	EXP 	window1: recordFrameIntervals = False
7.6004 	EXP 	window1: recordFrameIntervals = True
7.7842 	EXP 	window1: recordFrameIntervals = False
7.9517 	EXP 	Created welcome = TextStim(alignHoriz='center', alignVert='center', antialias=True, autoLog=True, bold=False, color='white', colorSpace='named', contrast=1.0, depth=-1.0, flipHoriz=False, flipVert=False, font='Arial', fontFiles=[], height=100, italic=False, name='welcome', opacity=1.0, ori=0, pos=array([ 0.,  0.]), rgb=array([ 255.,  255.,  255.]), text=u'Welcome!', units='pix', win=Window(...), wrapWidth=500)
7.9874 	EXP 	Created instruct = TextStim(alignHoriz='center', alignVert='center', antialias=True, autoLog=True, bold=False, color='white', colorSpace='named', contrast=1.0, depth=-2.0, flipHoriz=False, flipVert=False, font='Arial', fontFiles=[], height=50, italic=False, name='instruct', opacity=1.0, ori=0, pos=array([ 0.,  0.]), rgb=array([ 255.,  255.,  255.]), text=unicode(...), units='pix', win=Window(...), wrapWidth=500)
8.0751 	EXP 	Created rob0 = ImageStim(autoLog=True, color=array([ 1.,  1.,  1.]), colorSpace='rgb', contrast=1.0, depth=-3.0, flipHoriz=False, flipVert=False, image='robot1.png', interpolate=True, mask=None, maskParams=None, name='rob0', opacity=1.0, ori=0.0, pos=array([-250., -100.]), size=array([ 200.,  200.]), texRes=128, units='pix', win=Window(...))
8.0895 	EXP 	Created robb = ImageStim(autoLog=True, color=array([ 1.,  1.,  1.]), colorSpace='rgb', contrast=1.0, depth=-4.0, flipHoriz=False, flipVert=False, image='robot1.png', interpolate=True, mask=None, maskParams=None, name='robb', opacity=1.0, ori=0.0, pos=array([ 250., -100.]), size=array([ 200.,  200.]), texRes=128, units='pix', win=Window(...))
8.1082 	EXP 	Created na = Polygon(autoDraw=False, autoLog=True, closeShape=True, contrast=1.0, depth=-5.0, fillColor='blue', fillColorSpace='named', fillRGB=array([   0.,    0.,  255.]), interpolate=True, lineColor='blue', lineColorSpace='named', lineRGB=array([   0.,    0.,  255.]), lineWidth=1, name='na', opacity=1.0, ori=array(0.0), pos=array([ 0.,  0.]), size=array([ 1.,  1.]), units='pix', vertices=ndarray(...), win=Window(...))
8.1144 	EXP 	Created nb = Polygon(autoDraw=False, autoLog=True, closeShape=True, contrast=1.0, depth=-6.0, fillColor='blue', fillColorSpace='named', fillRGB=array([   0.,    0.,  255.]), interpolate=True, lineColor='blue', lineColorSpace='named', lineRGB=array([   0.,    0.,  255.]), lineWidth=1, name='nb', opacity=1.0, ori=array(0.0), pos=array([ 0.,  0.]), size=array([ 1.,  1.]), units='pix', vertices=ndarray(...), win=Window(...))
8.1215 	EXP 	Created nc = Polygon(autoDraw=False, autoLog=True, closeShape=True, contrast=1.0, depth=-7.0, fillColor='blue', fillColorSpace='named', fillRGB=array([   0.,    0.,  255.]), interpolate=True, lineColor='blue', lineColorSpace='named', lineRGB=array([   0.,    0.,  255.]), lineWidth=1, name='nc', opacity=1.0, ori=array(0.0), pos=array([ 0.,  0.]), size=array([ 1.,  1.]), units='pix', vertices=ndarray(...), win=Window(...))
8.1237 	EXP 	<method-wrapper '__getattribute__' of attributeSetter object at 0x11094b0d0>: vertices = array([[-55.,  20.],
       [ 55.,  20.],
       [ 55., -20.],
       [-55., -20.]])
8.1255 	EXP 	Created s1 = Rect(autoDraw=False, autoLog=True, closeShape=True, contrast=1.0, depth=-8.0, fillColor='black', fillColorSpace='named', fillRGB=array([ 0.,  0.,  0.]), interpolate=True, lineColor='black', lineColorSpace='named', lineRGB=array([ 0.,  0.,  0.]), lineWidth=1, name='s1', opacity=1.0, ori=array(0.0), pos=array([-110., -100.]), size=array([ 1.,  1.]), units='pix', vertices=ndarray(...), win=Window(...))
8.1259 	EXP 	<method-wrapper '__getattribute__' of attributeSetter object at 0x11094b0d0>: vertices = array([[-55.,  20.],
       [ 55.,  20.],
       [ 55., -20.],
       [-55., -20.]])
8.1275 	EXP 	Created s2 = Rect(autoDraw=False, autoLog=True, closeShape=True, contrast=1.0, depth=-9.0, fillColor='black', fillColorSpace='named', fillRGB=array([ 0.,  0.,  0.]), interpolate=True, lineColor='black', lineColorSpace='named', lineRGB=array([ 0.,  0.,  0.]), lineWidth=1, name='s2', opacity=1.0, ori=array(0.0), pos=array([   0., -100.]), size=array([ 1.,  1.]), units='pix', vertices=ndarray(...), win=Window(...))
8.1279 	EXP 	<method-wrapper '__getattribute__' of attributeSetter object at 0x11094b0d0>: vertices = array([[-55.,  20.],
       [ 55.,  20.],
       [ 55., -20.],
       [-55., -20.]])
8.1295 	EXP 	Created s3 = Rect(autoDraw=False, autoLog=True, closeShape=True, contrast=1.0, depth=-10.0, fillColor='black', fillColorSpace='named', fillRGB=array([ 0.,  0.,  0.]), interpolate=True, lineColor='black', lineColorSpace='named', lineRGB=array([ 0.,  0.,  0.]), lineWidth=1, name='s3', opacity=1.0, ori=array(0.0), pos=array([ 110., -100.]), size=array([ 1.,  1.]), units='pix', vertices=ndarray(...), win=Window(...))
8.5418 	EXP 	Created heart = ImageStim(autoLog=True, color=array([ 1.,  1.,  1.]), colorSpace='rgb', contrast=1.0, depth=-11.0, flipHoriz=False, flipVert=False, image='heart.png', interpolate=True, mask=None, maskParams=None, name='heart', opacity=1.0, ori=0.0, pos=array([   0., -100.]), size=array([ 1.,  1.]), texRes=128, units='pix', win=Window(...))
8.6066 	EXP 	Created text_2 = TextStim(alignHoriz='center', alignVert='center', antialias=True, autoLog=True, bold=False, color='white', colorSpace='named', contrast=1.0, depth=-1.0, flipHoriz=False, flipVert=False, font='Arial', fontFiles=[], height=40, italic=False, name='text_2', opacity=1.0, ori=0, pos=array([ 0.,  0.]), rgb=array([ 255.,  255.,  255.]), text=u"Let's take an example", units='pix', win=Window(...), wrapWidth=500)
8.6133 	EXP 	Created nod1 = Polygon(autoDraw=False, autoLog=True, closeShape=True, contrast=1.0, depth=-2.0, fillColor=array([ 1.,  1.,  1.]), fillColorSpace='rgb', fillRGB=array([ 1.,  1.,  1.]), interpolate=True, lineColor='red', lineColorSpace='named', lineRGB=array([ 255.,    0.,    0.]), lineWidth=1, name='nod1', opacity=1.0, ori=array(0.0), pos=array([ 0.,  0.]), size=array([ 100.,  100.]), units='pix', vertices=ndarray(...), win=Window(...))
8.6207 	EXP 	Created nod2 = Polygon(autoDraw=False, autoLog=True, closeShape=True, contrast=1.0, depth=-3.0, fillColor=array([ 1.,  1.,  1.]), fillColorSpace='rgb', fillRGB=array([ 1.,  1.,  1.]), interpolate=True, lineColor=array([ 1.,  1.,  1.]), lineColorSpace='rgb', lineRGB=array([ 1.,  1.,  1.]), lineWidth=1, name='nod2', opacity=1.0, ori=array(0.0), pos=array([ 0.,  0.]), size=array([ 100.,  100.]), units='pix', vertices=ndarray(...), win=Window(...))
8.6279 	EXP 	Created nod3 = Polygon(autoDraw=False, autoLog=True, closeShape=True, contrast=1.0, depth=-4.0, fillColor=array([ 1.,  1.,  1.]), fillColorSpace='rgb', fillRGB=array([ 1.,  1.,  1.]), interpolate=True, lineColor=array([ 1.,  1.,  1.]), lineColorSpace='rgb', lineRGB=array([ 1.,  1.,  1.]), lineWidth=1, name='nod3', opacity=1.0, ori=array(0.0), pos=array([ 135.,  115.]), size=array([ 100.,  100.]), units='pix', vertices=ndarray(...), win=Window(...))
8.6355 	EXP 	Created nod4 = Polygon(autoDraw=False, autoLog=True, closeShape=True, contrast=1.0, depth=-5.0, fillColor=array([ 1.,  1.,  1.]), fillColorSpace='rgb', fillRGB=array([ 1.,  1.,  1.]), interpolate=True, lineColor=array([ 1.,  1.,  1.]), lineColorSpace='rgb', lineRGB=array([ 1.,  1.,  1.]), lineWidth=1, name='nod4', opacity=1.0, ori=array(0.0), pos=array([ 250.,  115.]), size=array([ 100.,  100.]), units='pix', vertices=ndarray(...), win=Window(...))
8.6483 	EXP 	Created rob1 = ImageStim(autoLog=True, color=array([ 1.,  1.,  1.]), colorSpace='rgb', contrast=1.0, depth=-6.0, flipHoriz=False, flipVert=False, image='robot1.png', interpolate=True, mask=None, maskParams=None, name='rob1', opacity=1.0, ori=1.0, pos=array([  20., -115.]), size=array([ 100.,  100.]), texRes=128, units='pix', win=Window(...))
8.6515 	EXP 	Created rob2 = ImageStim(autoLog=True, color=array([ 1.,  1.,  1.]), colorSpace='rgb', contrast=1.0, depth=-7.0, flipHoriz=False, flipVert=False, image='sin', interpolate=True, mask=None, maskParams=None, name='rob2', opacity=1.0, ori=0.0, pos=array([ 365.,  115.]), size=array([ 100.,  100.]), texRes=128, units='pix', win=Window(...))
8.6520 	EXP 	<method-wrapper '__getattribute__' of attributeSetter object at 0x11094b0d0>: vertices = array([[-0.5,  0.5],
       [ 0.5,  0.5],
       [ 0.5, -0.5],
       [-0.5, -0.5]])
8.6539 	EXP 	Created sh1 = Rect(autoDraw=False, autoLog=True, closeShape=True, contrast=1.0, depth=-9.0, fillColor='black', fillColorSpace='named', fillRGB=array([ 0.,  0.,  0.]), interpolate=True, lineColor='black', lineColorSpace='named', lineRGB=array([ 0.,  0.,  0.]), lineWidth=1, name='sh1', opacity=1.0, ori=array(0.0), pos=array([ 20.,   0.]), size=array([ 1.,  1.]), units='pix', vertices=ndarray(...), win=Window(...))
8.6543 	EXP 	<method-wrapper '__getattribute__' of attributeSetter object at 0x11094b0d0>: vertices = array([[-30.,  20.],
       [ 30.,  20.],
       [ 30., -20.],
       [-30., -20.]])
8.6559 	EXP 	Created sh2a = Rect(autoDraw=False, autoLog=True, closeShape=True, contrast=1.0, depth=-10.0, fillColor='black', fillColorSpace='named', fillRGB=array([ 0.,  0.,  0.]), interpolate=True, lineColor='black', lineColorSpace='named', lineRGB=array([ 0.,  0.,  0.]), lineWidth=1, name='sh2a', opacity=1.0, ori=array(0.0), pos=array([  50.,  113.]), size=array([ 1.,  1.]), units='pix', vertices=ndarray(...), win=Window(...))
8.6563 	EXP 	<method-wrapper '__getattribute__' of attributeSetter object at 0x11094b0d0>: vertices = array([[-20.,  40.],
       [ 20.,  40.],
       [ 20., -40.],
       [-20., -40.]])
8.6579 	EXP 	Created sh2b = Rect(autoDraw=False, autoLog=True, closeShape=True, contrast=1.0, depth=-11.0, fillColor='black', fillColorSpace='named', fillRGB=array([ 0.,  0.,  0.]), interpolate=True, lineColor='black', lineColorSpace='named', lineRGB=array([ 0.,  0.,  0.]), lineWidth=1, name='sh2b', opacity=1.0, ori=array(0.0), pos=array([ 22.,  93.]), size=array([ 1.,  1.]), units='pix', vertices=ndarray(...), win=Window(...))
8.6583 	EXP 	<method-wrapper '__getattribute__' of attributeSetter object at 0x11094b0d0>: vertices = array([[-55.,  20.],
       [ 55.,  20.],
       [ 55., -20.],
       [-55., -20.]])
8.6599 	EXP 	Created sh3 = Rect(autoDraw=False, autoLog=True, closeShape=True, contrast=1.0, depth=-12.0, fillColor='black', fillColorSpace='named', fillRGB=array([ 0.,  0.,  0.]), interpolate=True, lineColor='black', lineColorSpace='named', lineRGB=array([ 0.,  0.,  0.]), lineWidth=1, name='sh3', opacity=1.0, ori=array(0.0), pos=array([ 135.,  115.]), size=array([ 1.,  1.]), units='pix', vertices=ndarray(...), win=Window(...))
8.6603 	EXP 	<method-wrapper '__getattribute__' of attributeSetter object at 0x11094b0d0>: vertices = array([[-55.,  20.],
       [ 55.,  20.],
       [ 55., -20.],
       [-55., -20.]])
8.6618 	EXP 	Created sh4 = Rect(autoDraw=False, autoLog=True, closeShape=True, contrast=1.0, depth=-13.0, fillColor='black', fillColorSpace='named', fillRGB=array([ 0.,  0.,  0.]), interpolate=True, lineColor='black', lineColorSpace='named', lineRGB=array([ 0.,  0.,  0.]), lineWidth=1, name='sh4', opacity=1.0, ori=array(0.0), pos=array([ 250.,  115.]), size=array([ 1.,  1.]), units='pix', vertices=ndarray(...), win=Window(...))
8.6856 	EXP 	Created star = TextStim(alignHoriz='center', alignVert='center', antialias=True, autoLog=True, bold=False, color='white', colorSpace='named', contrast=1.0, depth=0.0, flipHoriz=False, flipVert=False, font='Arial', fontFiles=[], height=50, italic=False, name='star', opacity=1.0, ori=0, pos=array([ 0.,  0.]), rgb=array([ 255.,  255.,  255.]), text=unicode(...), units='pix', win=Window(...), wrapWidth=500)
8.6862 	EXP 	<method-wrapper '__getattribute__' of attributeSetter object at 0x11094b0d0>: vertices = array([[-400.,  450.],
       [ 400.,  450.],
       [ 400., -450.],
       [-400., -450.]])
8.6889 	EXP 	Created whitebackground = Rect(autoDraw=False, autoLog=True, closeShape=True, contrast=1.0, depth=-2.0, fillColor=array([ 1.,  1.,  1.]), fillColorSpace='rgb', fillRGB=array([ 1.,  1.,  1.]), interpolate=True, lineColor=array([ 1.,  1.,  1.]), lineColorSpace='rgb', lineRGB=array([ 1.,  1.,  1.]), lineWidth=0, name='whitebackground', opacity=1.0, ori=array(0.0), pos=array([-560.,    0.]), size=array([ 1.,  1.]), units='pix', vertices=ndarray(...), win=Window(...))
8.7024 	EXP 	Created robotS = ImageStim(autoLog=True, color=array([ 1.,  1.,  1.]), colorSpace='rgb', contrast=1.0, depth=-3.0, flipHoriz=False, flipVert=False, image=u'robot1.png', interpolate=True, mask=None, maskParams=None, name='robotS', opacity=1.0, ori=0.0, pos=array([ 0.,  0.]), size=array([ 100.,  100.]), texRes=128, units='pix', win=Window(...))
8.7103 	EXP 	Created node1 = Polygon(autoDraw=False, autoLog=True, closeShape=True, contrast=1.0, depth=-4.0, fillColor=array([ 1.,  1.,  1.]), fillColorSpace='rgb', fillRGB=array([ 1.,  1.,  1.]), interpolate=True, lineColor=array([ 1.,  1.,  1.]), lineColorSpace='rgb', lineRGB=array([ 1.,  1.,  1.]), lineWidth=0, name='node1', opacity=1.0, ori=array(0.0), pos=array([ 0.,  0.]), size=array([ 100.,  100.]), units='pix', vertices=ndarray(...), win=Window(...))
8.7178 	EXP 	Created node2 = Polygon(autoDraw=False, autoLog=True, closeShape=True, contrast=1.0, depth=-5.0, fillColor=array([ 1.,  1.,  1.]), fillColorSpace='rgb', fillRGB=array([ 1.,  1.,  1.]), interpolate=True, lineColor=array([ 1.,  1.,  1.]), lineColorSpace='rgb', lineRGB=array([ 1.,  1.,  1.]), lineWidth=0, name='node2', opacity=1.0, ori=array(0.0), pos=array([ 0.,  0.]), size=array([ 100.,  100.]), units='pix', vertices=ndarray(...), win=Window(...))
8.7250 	EXP 	Created node3 = Polygon(autoDraw=False, autoLog=True, closeShape=True, contrast=1.0, depth=-6.0, fillColor=array([ 1.,  1.,  1.]), fillColorSpace='rgb', fillRGB=array([ 1.,  1.,  1.]), interpolate=True, lineColor=array([ 1.,  1.,  1.]), lineColorSpace='rgb', lineRGB=array([ 1.,  1.,  1.]), lineWidth=0, name='node3', opacity=1.0, ori=array(0.0), pos=array([ 0.,  0.]), size=array([ 100.,  100.]), units='pix', vertices=ndarray(...), win=Window(...))
8.7322 	EXP 	Created node4 = Polygon(autoDraw=False, autoLog=True, closeShape=True, contrast=1.0, depth=-7.0, fillColor=array([ 1.,  1.,  1.]), fillColorSpace='rgb', fillRGB=array([ 1.,  1.,  1.]), interpolate=True, lineColor=array([ 1.,  1.,  1.]), lineColorSpace='rgb', lineRGB=array([ 1.,  1.,  1.]), lineWidth=0, name='node4', opacity=1.0, ori=array(0.0), pos=array([ 0.,  0.]), size=array([ 100.,  100.]), units='pix', vertices=ndarray(...), win=Window(...))
8.7414 	EXP 	Created node5 = Polygon(autoDraw=False, autoLog=True, closeShape=True, contrast=1.0, depth=-8.0, fillColor=array([ 1.,  1.,  1.]), fillColorSpace='rgb', fillRGB=array([ 1.,  1.,  1.]), interpolate=True, lineColor=array([ 1.,  1.,  1.]), lineColorSpace='rgb', lineRGB=array([ 1.,  1.,  1.]), lineWidth=0, name='node5', opacity=1.0, ori=array(0.0), pos=array([ 0.,  0.]), size=array([ 100.,  100.]), units='pix', vertices=ndarray(...), win=Window(...))
8.7542 	EXP 	Created robotF = ImageStim(autoLog=True, color=array([ 1.,  1.,  1.]), colorSpace='rgb', contrast=1.0, depth=-9.0, flipHoriz=False, flipVert=False, image=u'robot1.png', interpolate=True, mask=None, maskParams=None, name='robotF', opacity=1.0, ori=0.0, pos=array([ 0.,  0.]), size=array([ 100.,  100.]), texRes=128, units='pix', win=Window(...))
8.7610 	EXP 	Created select1 = Polygon(autoDraw=False, autoLog=True, closeShape=True, contrast=1.0, depth=-10.0, fillColor='red', fillColorSpace='named', fillRGB=array([ 255.,    0.,    0.]), interpolate=True, lineColor=array([ 1.,  1.,  1.]), lineColorSpace='rgb', lineRGB=array([ 1.,  1.,  1.]), lineWidth=0, name='select1', opacity=1.0, ori=array(0.0), pos=array([-630.,    0.]), size=array([ 100.,  100.]), units='pix', vertices=ndarray(...), win=Window(...))
8.7680 	EXP 	Created select2 = Polygon(autoDraw=False, autoLog=True, closeShape=True, contrast=1.0, depth=-11.0, fillColor='blue', fillColorSpace='named', fillRGB=array([   0.,    0.,  255.]), interpolate=True, lineColor=array([ 1.,  1.,  1.]), lineColorSpace='rgb', lineRGB=array([ 1.,  1.,  1.]), lineWidth=0, name='select2', opacity=1.0, ori=array(0.0), pos=array([-630., -120.]), size=array([ 100.,  100.]), units='pix', vertices=ndarray(...), win=Window(...))
8.7790 	EXP 	Created select3 = Polygon(autoDraw=False, autoLog=True, closeShape=True, contrast=1.0, depth=-12.0, fillColor='yellow', fillColorSpace='named', fillRGB=array([ 255.,  255.,    0.]), interpolate=True, lineColor=array([ 1.,  1.,  1.]), lineColorSpace='rgb', lineRGB=array([ 1.,  1.,  1.]), lineWidth=0, name='select3', opacity=1.0, ori=array(0.0), pos=array([-630., -240.]), size=array([ 100.,  100.]), units='pix', vertices=ndarray(...), win=Window(...))
8.7871 	EXP 	Created select4 = Polygon(autoDraw=False, autoLog=True, closeShape=True, contrast=1.0, depth=-13.0, fillColor=u'green', fillColorSpace='named', fillRGB=array([   0.,  128.,    0.]), interpolate=True, lineColor=array([ 1.,  1.,  1.]), lineColorSpace='rgb', lineRGB=array([ 1.,  1.,  1.]), lineWidth=0, name='select4', opacity=1.0, ori=array(0.0), pos=array([-630., -360.]), size=array([ 100.,  100.]), units='pix', vertices=ndarray(...), win=Window(...))
8.8274 	EXP 	Created selection = ImageStim(autoLog=True, color=array([ 1.,  1.,  1.]), colorSpace='rgb', contrast=1.0, depth=-14.0, flipHoriz=False, flipVert=False, image='mastershapes.png', interpolate=True, mask=None, maskParams=None, name='selection', opacity=1.0, ori=0.0, pos=array([ 0.,  0.]), size=array([ 500.,  400.]), texRes=128, units='pix', win=Window(...))
8.8817 	EXP 	Created sel = TextStim(alignHoriz='center', alignVert='center', antialias=True, autoLog=True, bold=False, color='black', colorSpace='named', contrast=1.0, depth=-15.0, flipHoriz=False, flipVert=False, font='Arial', fontFiles=[], height=30, italic=False, name='sel', opacity=1.0, ori=0, pos=array([-450.,  250.]), rgb=array([ 0.,  0.,  0.]), text=unicode(...), units='pix', win=Window(...), wrapWidth=500)
8.8939 	EXP 	Created Evaluation = TextStim(alignHoriz='center', alignVert='center', antialias=True, autoLog=True, bold=False, color=u'white', colorSpace='named', contrast=1.0, depth=-1.0, flipHoriz=False, flipVert=False, font=u'Arial', fontFiles=[], height=50, italic=False, name='Evaluation', opacity=1.0, ori=0, pos=array([   0.,  300.]), rgb=array([ 255.,  255.,  255.]), text=u'Is this pathway correct? \n', units='pix', win=Window(...), wrapWidth=500)
8.9014 	EXP 	Created polygon = Polygon(autoDraw=False, autoLog=True, closeShape=True, contrast=1.0, depth=-2.0, fillColor=array([ 1.,  1.,  1.]), fillColorSpace='rgb', fillRGB=array([ 1.,  1.,  1.]), interpolate=True, lineColor=array([ 1.,  1.,  1.]), lineColorSpace='rgb', lineRGB=array([ 1.,  1.,  1.]), lineWidth=1, name='polygon', opacity=1.0, ori=array(0.0), pos=array([ 0.,  0.]), size=array([ 100.,  100.]), units='pix', vertices=ndarray(...), win=Window(...))
8.9093 	EXP 	Created polygon_2 = Polygon(autoDraw=False, autoLog=True, closeShape=True, contrast=1.0, depth=-3.0, fillColor=array([ 1.,  1.,  1.]), fillColorSpace='rgb', fillRGB=array([ 1.,  1.,  1.]), interpolate=True, lineColor=array([ 1.,  1.,  1.]), lineColorSpace='rgb', lineRGB=array([ 1.,  1.,  1.]), lineWidth=1, name='polygon_2', opacity=1.0, ori=array(0.0), pos=array([ 0.,  0.]), size=array([ 100.,  100.]), units='pix', vertices=ndarray(...), win=Window(...))
8.9168 	EXP 	Created polygon_3 = Polygon(autoDraw=False, autoLog=True, closeShape=True, contrast=1.0, depth=-4.0, fillColor=array([ 1.,  1.,  1.]), fillColorSpace='rgb', fillRGB=array([ 1.,  1.,  1.]), interpolate=True, lineColor=array([ 1.,  1.,  1.]), lineColorSpace='rgb', lineRGB=array([ 1.,  1.,  1.]), lineWidth=1, name='polygon_3', opacity=1.0, ori=array(0.0), pos=array([ 0.,  0.]), size=array([ 100.,  100.]), units='pix', vertices=ndarray(...), win=Window(...))
8.9240 	EXP 	Created polygon_4 = Polygon(autoDraw=False, autoLog=True, closeShape=True, contrast=1.0, depth=-5.0, fillColor=array([ 1.,  1.,  1.]), fillColorSpace='rgb', fillRGB=array([ 1.,  1.,  1.]), interpolate=True, lineColor=array([ 1.,  1.,  1.]), lineColorSpace='rgb', lineRGB=array([ 1.,  1.,  1.]), lineWidth=1, name='polygon_4', opacity=1.0, ori=array(0.0), pos=array([ 0.,  0.]), size=array([ 100.,  100.]), units='pix', vertices=ndarray(...), win=Window(...))
8.9312 	EXP 	Created polygon_5 = Polygon(autoDraw=False, autoLog=True, closeShape=True, contrast=1.0, depth=-6.0, fillColor=array([ 1.,  1.,  1.]), fillColorSpace='rgb', fillRGB=array([ 1.,  1.,  1.]), interpolate=True, lineColor=array([ 1.,  1.,  1.]), lineColorSpace='rgb', lineRGB=array([ 1.,  1.,  1.]), lineWidth=1, name='polygon_5', opacity=1.0, ori=array(0.0), pos=array([ 0.,  0.]), size=array([ 100.,  100.]), units='pix', vertices=ndarray(...), win=Window(...))
8.9397 	EXP 	Created choice = TextStim(alignHoriz='center', alignVert='center', antialias=True, autoLog=True, bold=False, color=u'white', colorSpace='named', contrast=1.0, depth=-7.0, flipHoriz=False, flipVert=False, font=u'Arial', fontFiles=[], height=50, italic=False, name='choice', opacity=1.0, ori=0, pos=array([   0., -300.]), rgb=array([ 255.,  255.,  255.]), text=u'default text', units='pix', win=Window(...), wrapWidth=500)
8.9526 	EXP 	Created ro = ImageStim(autoLog=True, color=array([ 1.,  1.,  1.]), colorSpace='rgb', contrast=1.0, depth=-9.0, flipHoriz=False, flipVert=False, image=u'robot1.png', interpolate=True, mask=None, maskParams=None, name='ro', opacity=1.0, ori=0.0, pos=array([ 0.,  0.]), size=array([ 100.,  100.]), texRes=128, units='pix', win=Window(...))
8.9652 	EXP 	Created rq = ImageStim(autoLog=True, color=array([ 1.,  1.,  1.]), colorSpace='rgb', contrast=1.0, depth=-10.0, flipHoriz=False, flipVert=False, image=u'robot1.png', interpolate=True, mask=None, maskParams=None, name='rq', opacity=1.0, ori=0.0, pos=array([ 0.,  0.]), size=array([ 100.,  100.]), texRes=128, units='pix', win=Window(...))
8.9798 	EXP 	Created text = TextStim(alignHoriz='center', alignVert='center', antialias=True, autoLog=True, bold=False, color=u'white', colorSpace='named', contrast=1.0, depth=-2.0, flipHoriz=False, flipVert=False, font=u'Arial', fontFiles=[], height=100, italic=False, name='text', opacity=1.0, ori=0, pos=array([ 0.,  0.]), rgb=array([ 255.,  255.,  255.]), text=u'default text', units='pix', win=Window(...), wrapWidth=500)
8.9892 	EXP 	Created thankyou = TextStim(alignHoriz='center', alignVert='center', antialias=True, autoLog=True, bold=False, color='white', colorSpace='named', contrast=1.0, depth=0.0, flipHoriz=False, flipVert=False, font='Arial', fontFiles=[], height=50, italic=False, name='thankyou', opacity=1.0, ori=0, pos=array([ 0.,  0.]), rgb=array([ 255.,  255.,  255.]), text=u'Thank you for your participation.\n', units='pix', win=Window(...), wrapWidth=500)
9.0172 	EXP 	instruct: pos = array([   0.,  150.])
9.0172 	EXP 	na: pos = array([-110., -100.])
9.0172 	EXP 	na: size = array([ 100.,  100.])
9.0172 	EXP 	nb: pos = array([   0., -100.])
9.0172 	EXP 	nb: size = array([ 100.,  100.])
9.0172 	EXP 	nc: pos = array([ 110., -100.])
9.0172 	EXP 	nc: size = array([ 100.,  100.])
9.0172 	EXP 	welcome: autoDraw = True
12.0007 	EXP 	welcome: autoDraw = False
12.0175 	EXP 	instruct: autoDraw = True
15.0178 	EXP 	rob0: autoDraw = True
15.0178 	EXP 	robb: autoDraw = True
15.5178 	EXP 	na: autoDraw = True
16.0179 	EXP 	nb: autoDraw = True
16.5180 	EXP 	nc: autoDraw = True
17.5180 	EXP 	s1: autoDraw = True
18.5181 	EXP 	s2: autoDraw = True
19.5182 	EXP 	s3: autoDraw = True
23.0019 	EXP 	na: autoDraw = False
23.0019 	EXP 	nb: autoDraw = False
23.0019 	EXP 	nc: autoDraw = False
23.0019 	EXP 	s1: autoDraw = False
23.0019 	EXP 	s2: autoDraw = False
23.0019 	EXP 	s3: autoDraw = False
23.0187 	EXP 	heart: autoDraw = True
27.0192 	EXP 	instruct: autoDraw = False
27.0192 	EXP 	rob0: autoDraw = False
27.0192 	EXP 	robb: autoDraw = False
27.0192 	EXP 	heart: autoDraw = False
27.0192 	EXP 	welcome: autoDraw = False
27.0192 	EXP 	instruct: autoDraw = False
27.0192 	EXP 	rob0: autoDraw = False
27.0192 	EXP 	robb: autoDraw = False
27.0192 	EXP 	na: autoDraw = False
27.0192 	EXP 	nb: autoDraw = False
27.0192 	EXP 	nc: autoDraw = False
27.0192 	EXP 	s1: autoDraw = False
27.0192 	EXP 	s2: autoDraw = False
27.0192 	EXP 	s3: autoDraw = False
27.0192 	EXP 	heart: autoDraw = False
27.0192 	EXP 	text_2: pos = array([-300.,  300.])
27.0192 	EXP 	nod1: fillColor = 'red (named)'
27.0192 	EXP 	nod1: pos = array([ 20.,   0.])
27.0192 	EXP 	nod2: fillColor = 'yellow (named)'
27.0192 	EXP 	nod2: pos = array([  20.,  115.])
27.0192 	EXP 	nod2: lineColor = 'yellow (named)'
27.0192 	EXP 	nod3: fillColor = 'blue (named)'
27.0192 	EXP 	nod3: lineColor = 'blue (named)'
27.0192 	EXP 	nod4: fillColor = 'blue (named)'
27.0192 	EXP 	nod4: lineColor = 'blue (named)'
27.0192 	EXP 	rob1: ori = 0.0
27.0192 	EXP 	rob2: image = 'robot1.png'
27.0192 	EXP 	sh1: size = array([  40.,  110.])
27.0192 	EXP 	text_2: autoDraw = True
27.0192 	EXP 	nod1: autoDraw = True
27.0192 	EXP 	nod2: autoDraw = True
27.0192 	EXP 	nod3: autoDraw = True
27.0192 	EXP 	nod4: autoDraw = True
27.0192 	EXP 	rob1: autoDraw = True
27.0192 	EXP 	rob2: autoDraw = True
29.0193 	EXP 	sh1: autoDraw = True
29.5193 	EXP 	sh2a: autoDraw = True
29.5193 	EXP 	sh2b: autoDraw = True
30.0195 	EXP 	sh3: autoDraw = True
30.5195 	EXP 	sh4: autoDraw = True
33.9146 	DATA 	Keypress: space
33.9366 	EXP 	text_2: autoDraw = False
33.9366 	EXP 	nod1: autoDraw = False
33.9366 	EXP 	nod2: autoDraw = False
33.9366 	EXP 	nod3: autoDraw = False
33.9366 	EXP 	nod4: autoDraw = False
33.9366 	EXP 	rob1: autoDraw = False
33.9366 	EXP 	rob2: autoDraw = False
33.9366 	EXP 	sh1: autoDraw = False
33.9366 	EXP 	sh2a: autoDraw = False
33.9366 	EXP 	sh2b: autoDraw = False
33.9366 	EXP 	sh3: autoDraw = False
33.9366 	EXP 	sh4: autoDraw = False
33.9366 	EXP 	star: autoDraw = True
34.5405 	DATA 	Keypress: space
34.5524 	EXP 	Imported designs.xlsx as conditions, 4 conditions, 16 params
34.5528 	EXP 	Created sequence: sequential, trialTypes=4, nReps=1, seed=None
34.5534 	EXP 	New trial (rep=0, index=0): {u'n2col': u'blue', u'n4col': u'red', u'n3col': u'green', u'r4': u'd', u'n1col': u'blue', u'r1': u'a', u'r2': u'b', u'rs': u'LOC21', u'r3': u'c', u're': u'LOC9', u'n5col': u'red', u'n1': u'LOC22', u'n2': u'LOC23', u'n3': u'LOC24', u'n4': u'LOC19', u'n5': u'LOC14'}
34.5700 	EXP 	star: autoDraw = False
34.5700 	EXP 	robotS: pos = array([  20., -230.])
34.5700 	EXP 	node1: fillColor = u'blue (named)'
34.5700 	EXP 	node1: pos = array([ 135., -230.])
34.5700 	EXP 	node2: fillColor = u'blue (named)'
34.5700 	EXP 	node2: pos = array([ 250., -230.])
34.5700 	EXP 	node3: fillColor = u'green (named)'
34.5700 	EXP 	node3: pos = array([ 365., -230.])
34.5700 	EXP 	node4: fillColor = u'red (named)'
34.5700 	EXP 	node4: pos = array([ 365., -115.])
34.5700 	EXP 	node5: fillColor = u'red (named)'
34.5700 	EXP 	node5: pos = array([ 365.,    0.])
34.5700 	EXP 	robotF: pos = array([ 365.,  115.])
34.5700 	EXP 	whitebackground: autoDraw = True
34.5700 	EXP 	robotS: autoDraw = True
34.5700 	EXP 	node1: autoDraw = True
34.5700 	EXP 	node2: autoDraw = True
34.5700 	EXP 	node3: autoDraw = True
34.5700 	EXP 	node4: autoDraw = True
34.5700 	EXP 	node5: autoDraw = True
34.5700 	EXP 	robotF: autoDraw = True
34.5700 	EXP 	select1: autoDraw = True
34.5700 	EXP 	select2: autoDraw = True
34.5700 	EXP 	select3: autoDraw = True
34.5700 	EXP 	select4: autoDraw = True
34.5700 	EXP 	selection: autoDraw = True
34.5700 	EXP 	sel: autoDraw = True
35.8739 	DATA 	Keypress: a
36.1899 	DATA 	Keypress: a
36.4739 	DATA 	Keypress: a
36.8433 	DATA 	Keypress: a
36.8570 	EXP 	New trial (rep=0, index=1): {u'n2col': u'yellow', u'n4col': u'green', u'n3col': u'blue', u'r4': u'd', u'n1col': u'red', u'r1': u'a', u'r2': u'b', u'rs': u'LOC21', u'r3': u'c', u're': u'LOC3', u'n5col': u'red', u'n1': u'LOC16', u'n2': u'LOC11', u'n3': u'LOC12', u'n4': u'LOC13', u'n5': u'LOC8'}
36.8868 	EXP 	whitebackground: autoDraw = False
36.8868 	EXP 	robotS: autoDraw = False
36.8868 	EXP 	node1: autoDraw = False
36.8868 	EXP 	node2: autoDraw = False
36.8868 	EXP 	node3: autoDraw = False
36.8868 	EXP 	node4: autoDraw = False
36.8868 	EXP 	node5: autoDraw = False
36.8868 	EXP 	robotF: autoDraw = False
36.8868 	EXP 	select1: autoDraw = False
36.8868 	EXP 	select2: autoDraw = False
36.8868 	EXP 	select3: autoDraw = False
36.8868 	EXP 	select4: autoDraw = False
36.8868 	EXP 	selection: autoDraw = False
36.8868 	EXP 	sel: autoDraw = False
36.8868 	EXP 	robotS: pos = array([  20., -230.])
36.8868 	EXP 	node1: fillColor = u'red (named)'
36.8868 	EXP 	node1: pos = array([  20., -115.])
36.8868 	EXP 	node2: fillColor = u'yellow (named)'
36.8868 	EXP 	node2: pos = array([ 20.,   0.])
36.8868 	EXP 	node3: fillColor = u'blue (named)'
36.8868 	EXP 	node3: pos = array([ 135.,    0.])
36.8868 	EXP 	node4: fillColor = u'green (named)'
36.8868 	EXP 	node4: pos = array([ 250.,    0.])
36.8868 	EXP 	node5: fillColor = u'red (named)'
36.8868 	EXP 	node5: pos = array([ 250.,  115.])
36.8868 	EXP 	robotF: pos = array([ 250.,  230.])
36.8868 	EXP 	whitebackground: autoDraw = True
36.8868 	EXP 	robotS: autoDraw = True
36.8868 	EXP 	node1: autoDraw = True
36.8868 	EXP 	node2: autoDraw = True
36.8868 	EXP 	node3: autoDraw = True
36.8868 	EXP 	node4: autoDraw = True
36.8868 	EXP 	node5: autoDraw = True
36.8868 	EXP 	robotF: autoDraw = True
36.8868 	EXP 	select1: autoDraw = True
36.8868 	EXP 	select2: autoDraw = True
36.8868 	EXP 	select3: autoDraw = True
36.8868 	EXP 	select4: autoDraw = True
36.8868 	EXP 	selection: autoDraw = True
36.8868 	EXP 	sel: autoDraw = True
37.2074 	DATA 	Keypress: a
37.3737 	DATA 	Keypress: a
37.5594 	DATA 	Keypress: a
37.9406 	DATA 	Keypress: a
37.9424 	EXP 	New trial (rep=0, index=2): {u'n2col': u'red', u'n4col': u'blue', u'n3col': u'yellow', u'r4': u'd', u'n1col': u'red', u'r1': u'a', u'r2': u'b', u'rs': u'LOC22', u'r3': u'c', u're': u'LOC10', u'n5col': u'blue', u'n1': u'LOC17', u'n2': u'LOC12', u'n3': u'LOC7', u'n4': u'LOC8', u'n5': u'LOC9'}
37.9703 	EXP 	whitebackground: autoDraw = False
37.9703 	EXP 	robotS: autoDraw = False
37.9703 	EXP 	node1: autoDraw = False
37.9703 	EXP 	node2: autoDraw = False
37.9703 	EXP 	node3: autoDraw = False
37.9703 	EXP 	node4: autoDraw = False
37.9703 	EXP 	node5: autoDraw = False
37.9703 	EXP 	robotF: autoDraw = False
37.9703 	EXP 	select1: autoDraw = False
37.9703 	EXP 	select2: autoDraw = False
37.9703 	EXP 	select3: autoDraw = False
37.9703 	EXP 	select4: autoDraw = False
37.9703 	EXP 	selection: autoDraw = False
37.9703 	EXP 	sel: autoDraw = False
37.9703 	EXP 	robotS: pos = array([ 135., -230.])
37.9703 	EXP 	node1: fillColor = u'red (named)'
37.9703 	EXP 	node1: pos = array([ 135., -115.])
37.9703 	EXP 	node2: fillColor = u'red (named)'
37.9703 	EXP 	node2: pos = array([ 135.,    0.])
37.9703 	EXP 	node3: fillColor = u'yellow (named)'
37.9703 	EXP 	node3: pos = array([ 135.,  115.])
37.9703 	EXP 	node4: fillColor = u'blue (named)'
37.9703 	EXP 	node4: pos = array([ 250.,  115.])
37.9703 	EXP 	node5: fillColor = u'blue (named)'
37.9703 	EXP 	node5: pos = array([ 365.,  115.])
37.9703 	EXP 	robotF: pos = array([ 480.,  115.])
37.9703 	EXP 	whitebackground: autoDraw = True
37.9703 	EXP 	robotS: autoDraw = True
37.9703 	EXP 	node1: autoDraw = True
37.9703 	EXP 	node2: autoDraw = True
37.9703 	EXP 	node3: autoDraw = True
37.9703 	EXP 	node4: autoDraw = True
37.9703 	EXP 	node5: autoDraw = True
37.9703 	EXP 	robotF: autoDraw = True
37.9703 	EXP 	select1: autoDraw = True
37.9703 	EXP 	select2: autoDraw = True
37.9703 	EXP 	select3: autoDraw = True
37.9703 	EXP 	select4: autoDraw = True
37.9703 	EXP 	selection: autoDraw = True
37.9703 	EXP 	sel: autoDraw = True
38.2568 	DATA 	Keypress: a
38.5930 	DATA 	Keypress: a
38.9570 	DATA 	Keypress: a
39.3072 	DATA 	Keypress: a
39.3092 	EXP 	New trial (rep=0, index=3): {u'n2col': u'yellow', u'n4col': u'yellow', u'n3col': u'green', u'r4': u'd', u'n1col': u'green', u'r1': u'a', u'r2': u'b', u'rs': u'LOC16', u'r3': u'c', u're': u'LOC10', u'n5col': u'blue', u'n1': u'LOC17', u'n2': u'LOC12', u'n3': u'LOC13', u'n4': u'LOC8', u'n5': u'LOC9'}
39.3370 	EXP 	whitebackground: autoDraw = False
39.3370 	EXP 	robotS: autoDraw = False
39.3370 	EXP 	node1: autoDraw = False
39.3370 	EXP 	node2: autoDraw = False
39.3370 	EXP 	node3: autoDraw = False
39.3370 	EXP 	node4: autoDraw = False
39.3370 	EXP 	node5: autoDraw = False
39.3370 	EXP 	robotF: autoDraw = False
39.3370 	EXP 	select1: autoDraw = False
39.3370 	EXP 	select2: autoDraw = False
39.3370 	EXP 	select3: autoDraw = False
39.3370 	EXP 	select4: autoDraw = False
39.3370 	EXP 	selection: autoDraw = False
39.3370 	EXP 	sel: autoDraw = False
39.3370 	EXP 	robotS: pos = array([  20., -115.])
39.3370 	EXP 	node1: fillColor = u'green (named)'
39.3370 	EXP 	node1: pos = array([ 135., -115.])
39.3370 	EXP 	node2: fillColor = u'yellow (named)'
39.3370 	EXP 	node2: pos = array([ 135.,    0.])
39.3370 	EXP 	node3: fillColor = u'green (named)'
39.3370 	EXP 	node3: pos = array([ 250.,    0.])
39.3370 	EXP 	node4: fillColor = u'yellow (named)'
39.3370 	EXP 	node4: pos = array([ 250.,  115.])
39.3370 	EXP 	node5: fillColor = u'blue (named)'
39.3370 	EXP 	node5: pos = array([ 365.,  115.])
39.3370 	EXP 	robotF: pos = array([ 480.,  115.])
39.3370 	EXP 	whitebackground: autoDraw = True
39.3370 	EXP 	robotS: autoDraw = True
39.3370 	EXP 	node1: autoDraw = True
39.3370 	EXP 	node2: autoDraw = True
39.3370 	EXP 	node3: autoDraw = True
39.3370 	EXP 	node4: autoDraw = True
39.3370 	EXP 	node5: autoDraw = True
39.3370 	EXP 	robotF: autoDraw = True
39.3370 	EXP 	select1: autoDraw = True
39.3370 	EXP 	select2: autoDraw = True
39.3370 	EXP 	select3: autoDraw = True
39.3370 	EXP 	select4: autoDraw = True
39.3370 	EXP 	selection: autoDraw = True
39.3370 	EXP 	sel: autoDraw = True
39.6236 	DATA 	Keypress: a
39.7904 	DATA 	Keypress: a
40.2074 	DATA 	Keypress: a
40.7076 	DATA 	Keypress: a
40.7171 	EXP 	Imported designs1.xlsx as conditions, 2 conditions, 13 params
40.7176 	EXP 	Created sequence: random, trialTypes=2, nReps=5, seed=None
40.7183 	EXP 	New trial (rep=0, index=0): {u'n1col': u'green', u'n2col': u'yellow', u'n4col': u'yellow', u'rs': u'LOC16', u'n3col': u'green', u're': u'LOC10', u'corrAns': u'y', u'n5col': u'blue', u'n1': u'LOC17', u'n2': u'LOC12', u'n3': u'LOC13', u'n4': u'LOC8', u'n5': u'LOC9'}
40.7539 	EXP 	whitebackground: autoDraw = False
40.7539 	EXP 	robotS: autoDraw = False
40.7539 	EXP 	node1: autoDraw = False
40.7539 	EXP 	node2: autoDraw = False
40.7539 	EXP 	node3: autoDraw = False
40.7539 	EXP 	node4: autoDraw = False
40.7539 	EXP 	node5: autoDraw = False
40.7539 	EXP 	robotF: autoDraw = False
40.7539 	EXP 	select1: autoDraw = False
40.7539 	EXP 	select2: autoDraw = False
40.7539 	EXP 	select3: autoDraw = False
40.7539 	EXP 	select4: autoDraw = False
40.7539 	EXP 	selection: autoDraw = False
40.7539 	EXP 	sel: autoDraw = False
40.7539 	EXP 	polygon: fillColor = u'green (named)'
40.7539 	EXP 	polygon: pos = array([ 135., -115.])
40.7539 	EXP 	polygon_2: fillColor = u'yellow (named)'
40.7539 	EXP 	polygon_2: pos = array([ 135.,    0.])
40.7539 	EXP 	polygon_3: fillColor = u'green (named)'
40.7539 	EXP 	polygon_3: pos = array([ 250.,    0.])
40.7539 	EXP 	polygon_4: fillColor = u'yellow (named)'
40.7539 	EXP 	polygon_4: pos = array([ 250.,  115.])
40.7539 	EXP 	polygon_5: fillColor = u'blue (named)'
40.7539 	EXP 	polygon_5: pos = array([ 365.,  115.])
40.7539 	EXP 	choice: text = u"Press 'y' for Yes  \nPress 'n' for No"
40.7539 	EXP 	ro: color = '[ 1.  1.  1.] (rgb)'
40.7539 	EXP 	ro: pos = array([  20., -115.])
40.7539 	EXP 	rq: color = '[ 1.  1.  1.] (rgb)'
40.7539 	EXP 	rq: pos = array([ 480.,  115.])
40.7539 	EXP 	Evaluation: autoDraw = True
40.7539 	EXP 	polygon: autoDraw = True
40.7539 	EXP 	polygon_2: autoDraw = True
40.7539 	EXP 	polygon_3: autoDraw = True
40.7539 	EXP 	polygon_4: autoDraw = True
40.7539 	EXP 	polygon_5: autoDraw = True
40.7539 	EXP 	choice: autoDraw = True
40.7539 	EXP 	ro: autoDraw = True
40.7539 	EXP 	rq: autoDraw = True
43.7747 	DATA 	Keypress: y
43.7875 	EXP 	Evaluation: autoDraw = False
43.7875 	EXP 	polygon: autoDraw = False
43.7875 	EXP 	polygon_2: autoDraw = False
43.7875 	EXP 	polygon_3: autoDraw = False
43.7875 	EXP 	polygon_4: autoDraw = False
43.7875 	EXP 	polygon_5: autoDraw = False
43.7875 	EXP 	choice: autoDraw = False
43.7875 	EXP 	ro: autoDraw = False
43.7875 	EXP 	rq: autoDraw = False
43.7875 	EXP 	text: text = ''
46.8047 	EXP 	text: autoDraw = True
49.6248 	DATA 	Keypress: y
49.6265 	EXP 	New trial (rep=0, index=1): {u'n1col': u'blue', u'n2col': u'yellow', u'n4col': u'yellow', u'rs': u'LOC16', u'n3col': u'red', u're': u'LOC10', u'corrAns': u'n', u'n5col': u'blue', u'n1': u'LOC17', u'n2': u'LOC12', u'n3': u'LOC13', u'n4': u'LOC8', u'n5': u'LOC9'}
49.6383 	EXP 	text: autoDraw = False
49.6383 	EXP 	polygon: fillColor = u'blue (named)'
49.6383 	EXP 	polygon: pos = array([ 135., -115.])
49.6383 	EXP 	polygon_2: fillColor = u'yellow (named)'
49.6383 	EXP 	polygon_2: pos = array([ 135.,    0.])
49.6383 	EXP 	polygon_3: fillColor = u'red (named)'
49.6383 	EXP 	polygon_3: pos = array([ 250.,    0.])
49.6383 	EXP 	polygon_4: fillColor = u'yellow (named)'
49.6383 	EXP 	polygon_4: pos = array([ 250.,  115.])
49.6383 	EXP 	polygon_5: fillColor = u'blue (named)'
49.6383 	EXP 	polygon_5: pos = array([ 365.,  115.])
49.6383 	EXP 	choice: text = u"Press 'y' for Yes  \nPress 'n' for No"
49.6383 	EXP 	ro: color = '[ 1.  1.  1.] (rgb)'
49.6383 	EXP 	ro: pos = array([  20., -115.])
49.6383 	EXP 	rq: color = '[ 1.  1.  1.] (rgb)'
49.6383 	EXP 	rq: pos = array([ 480.,  115.])
49.6383 	EXP 	Evaluation: autoDraw = True
49.6383 	EXP 	polygon: autoDraw = True
49.6383 	EXP 	polygon_2: autoDraw = True
49.6383 	EXP 	polygon_3: autoDraw = True
49.6383 	EXP 	polygon_4: autoDraw = True
49.6383 	EXP 	polygon_5: autoDraw = True
49.6383 	EXP 	choice: autoDraw = True
49.6383 	EXP 	ro: autoDraw = True
49.6383 	EXP 	rq: autoDraw = True
66.7942 	DATA 	Keypress: n
66.8234 	EXP 	Evaluation: autoDraw = False
66.8234 	EXP 	polygon: autoDraw = False
66.8234 	EXP 	polygon_2: autoDraw = False
66.8234 	EXP 	polygon_3: autoDraw = False
66.8234 	EXP 	polygon_4: autoDraw = False
66.8234 	EXP 	polygon_5: autoDraw = False
66.8234 	EXP 	choice: autoDraw = False
66.8234 	EXP 	ro: autoDraw = False
66.8234 	EXP 	rq: autoDraw = False
66.8234 	EXP 	text: text = ''
68.2438 	DATA 	Keypress: y
68.2453 	EXP 	New trial (rep=1, index=0): {u'n1col': u'green', u'n2col': u'yellow', u'n4col': u'yellow', u'rs': u'LOC16', u'n3col': u'green', u're': u'LOC10', u'corrAns': u'y', u'n5col': u'blue', u'n1': u'LOC17', u'n2': u'LOC12', u'n3': u'LOC13', u'n4': u'LOC8', u'n5': u'LOC9'}
68.2568 	EXP 	text: autoDraw = False
68.2568 	EXP 	polygon: fillColor = u'green (named)'
68.2568 	EXP 	polygon: pos = array([ 135., -115.])
68.2568 	EXP 	polygon_2: fillColor = u'yellow (named)'
68.2568 	EXP 	polygon_2: pos = array([ 135.,    0.])
68.2568 	EXP 	polygon_3: fillColor = u'green (named)'
68.2568 	EXP 	polygon_3: pos = array([ 250.,    0.])
68.2568 	EXP 	polygon_4: fillColor = u'yellow (named)'
68.2568 	EXP 	polygon_4: pos = array([ 250.,  115.])
68.2568 	EXP 	polygon_5: fillColor = u'blue (named)'
68.2568 	EXP 	polygon_5: pos = array([ 365.,  115.])
68.2568 	EXP 	choice: text = u"Press 'y' for Yes  \nPress 'n' for No"
68.2568 	EXP 	ro: color = '[ 1.  1.  1.] (rgb)'
68.2568 	EXP 	ro: pos = array([  20., -115.])
68.2568 	EXP 	rq: color = '[ 1.  1.  1.] (rgb)'
68.2568 	EXP 	rq: pos = array([ 480.,  115.])
68.2568 	EXP 	Evaluation: autoDraw = True
68.2568 	EXP 	polygon: autoDraw = True
68.2568 	EXP 	polygon_2: autoDraw = True
68.2568 	EXP 	polygon_3: autoDraw = True
68.2568 	EXP 	polygon_4: autoDraw = True
68.2568 	EXP 	polygon_5: autoDraw = True
68.2568 	EXP 	choice: autoDraw = True
68.2568 	EXP 	ro: autoDraw = True
68.2568 	EXP 	rq: autoDraw = True
75.5950 	DATA 	Keypress: n
75.6078 	EXP 	Evaluation: autoDraw = False
75.6078 	EXP 	polygon: autoDraw = False
75.6078 	EXP 	polygon_2: autoDraw = False
75.6078 	EXP 	polygon_3: autoDraw = False
75.6078 	EXP 	polygon_4: autoDraw = False
75.6078 	EXP 	polygon_5: autoDraw = False
75.6078 	EXP 	choice: autoDraw = False
75.6078 	EXP 	ro: autoDraw = False
75.6078 	EXP 	rq: autoDraw = False
75.6078 	EXP 	text: text = ''
76.6115 	DATA 	Keypress: y
76.6131 	EXP 	New trial (rep=1, index=1): {u'n1col': u'blue', u'n2col': u'yellow', u'n4col': u'yellow', u'rs': u'LOC16', u'n3col': u'red', u're': u'LOC10', u'corrAns': u'n', u'n5col': u'blue', u'n1': u'LOC17', u'n2': u'LOC12', u'n3': u'LOC13', u'n4': u'LOC8', u'n5': u'LOC9'}
76.6412 	EXP 	text: autoDraw = False
76.6412 	EXP 	polygon: fillColor = u'blue (named)'
76.6412 	EXP 	polygon: pos = array([ 135., -115.])
76.6412 	EXP 	polygon_2: fillColor = u'yellow (named)'
76.6412 	EXP 	polygon_2: pos = array([ 135.,    0.])
76.6412 	EXP 	polygon_3: fillColor = u'red (named)'
76.6412 	EXP 	polygon_3: pos = array([ 250.,    0.])
76.6412 	EXP 	polygon_4: fillColor = u'yellow (named)'
76.6412 	EXP 	polygon_4: pos = array([ 250.,  115.])
76.6412 	EXP 	polygon_5: fillColor = u'blue (named)'
76.6412 	EXP 	polygon_5: pos = array([ 365.,  115.])
76.6412 	EXP 	choice: text = u"Press 'y' for Yes  \nPress 'n' for No"
76.6412 	EXP 	ro: color = '[ 1.  1.  1.] (rgb)'
76.6412 	EXP 	ro: pos = array([  20., -115.])
76.6412 	EXP 	rq: color = '[ 1.  1.  1.] (rgb)'
76.6412 	EXP 	rq: pos = array([ 480.,  115.])
76.6412 	EXP 	Evaluation: autoDraw = True
76.6412 	EXP 	polygon: autoDraw = True
76.6412 	EXP 	polygon_2: autoDraw = True
76.6412 	EXP 	polygon_3: autoDraw = True
76.6412 	EXP 	polygon_4: autoDraw = True
76.6412 	EXP 	polygon_5: autoDraw = True
76.6412 	EXP 	choice: autoDraw = True
76.6412 	EXP 	ro: autoDraw = True
76.6412 	EXP 	rq: autoDraw = True
84.8291 	DATA 	Keypress: escape
