6.3885 	EXP 	Created window1 = Window(allowGUI=False, allowStencil=False, autoLog=True, bitsMode=UNKNOWN, blendMode='avg', color='black', colorSpace='named', fullscr=UNKNOWN, gamma=None, lms=UNKNOWN, monitor=<psychopy.monitors.calibTools.Monitor object at 0x11244d590>, name='window1', pos=[0, 0], screen=0, size=array([1440,  900]), stereo=False, units='pix', useFBO=True, useRetina=False, viewOri=0.0, viewPos=None, viewScale=None, waitBlanking=True, winType='pyglet')
6.3885 	EXP 	window1: recordFrameIntervals = False
6.5545 	EXP 	window1: recordFrameIntervals = True
6.7381 	EXP 	window1: recordFrameIntervals = False
6.8959 	EXP 	Created welcome = TextStim(alignHoriz='center', alignVert='center', antialias=True, autoLog=True, bold=False, color='white', colorSpace='named', contrast=1.0, depth=-1.0, flipHoriz=False, flipVert=False, font='Arial', fontFiles=[], height=100, italic=False, name='welcome', opacity=1.0, ori=0, pos=array([ 0.,  0.]), rgb=array([ 255.,  255.,  255.]), text=u'Welcome!', units='pix', win=Window(...), wrapWidth=500)
6.9303 	EXP 	Created instruct = TextStim(alignHoriz='center', alignVert='center', antialias=True, autoLog=True, bold=False, color='white', colorSpace='named', contrast=1.0, depth=-2.0, flipHoriz=False, flipVert=False, font='Arial', fontFiles=[], height=50, italic=False, name='instruct', opacity=1.0, ori=0, pos=array([ 0.,  0.]), rgb=array([ 255.,  255.,  255.]), text=unicode(...), units='pix', win=Window(...), wrapWidth=500)
7.0234 	EXP 	Created rob0 = ImageStim(autoLog=True, color=array([ 1.,  1.,  1.]), colorSpace='rgb', contrast=1.0, depth=-3.0, flipHoriz=False, flipVert=False, image='robot1.png', interpolate=True, mask=None, maskParams=None, name='rob0', opacity=1.0, ori=0.0, pos=array([-250., -100.]), size=array([ 200.,  200.]), texRes=128, units='pix', win=Window(...))
7.0386 	EXP 	Created robb = ImageStim(autoLog=True, color=array([ 1.,  1.,  1.]), colorSpace='rgb', contrast=1.0, depth=-4.0, flipHoriz=False, flipVert=False, image='robot1.png', interpolate=True, mask=None, maskParams=None, name='robb', opacity=1.0, ori=0.0, pos=array([ 250., -100.]), size=array([ 200.,  200.]), texRes=128, units='pix', win=Window(...))
7.0613 	EXP 	Created na = Polygon(autoDraw=False, autoLog=True, closeShape=True, contrast=1.0, depth=-5.0, fillColor='blue', fillColorSpace='named', fillRGB=array([   0.,    0.,  255.]), interpolate=True, lineColor='blue', lineColorSpace='named', lineRGB=array([   0.,    0.,  255.]), lineWidth=1, name='na', opacity=1.0, ori=array(0.0), pos=array([ 0.,  0.]), size=array([ 1.,  1.]), units='pix', vertices=ndarray(...), win=Window(...))
7.0726 	EXP 	Created nb = Polygon(autoDraw=False, autoLog=True, closeShape=True, contrast=1.0, depth=-6.0, fillColor='blue', fillColorSpace='named', fillRGB=array([   0.,    0.,  255.]), interpolate=True, lineColor='blue', lineColorSpace='named', lineRGB=array([   0.,    0.,  255.]), lineWidth=1, name='nb', opacity=1.0, ori=array(0.0), pos=array([ 0.,  0.]), size=array([ 1.,  1.]), units='pix', vertices=ndarray(...), win=Window(...))
7.0832 	EXP 	Created nc = Polygon(autoDraw=False, autoLog=True, closeShape=True, contrast=1.0, depth=-7.0, fillColor='blue', fillColorSpace='named', fillRGB=array([   0.,    0.,  255.]), interpolate=True, lineColor='blue', lineColorSpace='named', lineRGB=array([   0.,    0.,  255.]), lineWidth=1, name='nc', opacity=1.0, ori=array(0.0), pos=array([ 0.,  0.]), size=array([ 1.,  1.]), units='pix', vertices=ndarray(...), win=Window(...))
7.0856 	EXP 	<method-wrapper '__getattribute__' of attributeSetter object at 0x10ed4ab50>: vertices = array([[-55.,  20.],
       [ 55.,  20.],
       [ 55., -20.],
       [-55., -20.]])
7.0873 	EXP 	Created s1 = Rect(autoDraw=False, autoLog=True, closeShape=True, contrast=1.0, depth=-8.0, fillColor='black', fillColorSpace='named', fillRGB=array([ 0.,  0.,  0.]), interpolate=True, lineColor='black', lineColorSpace='named', lineRGB=array([ 0.,  0.,  0.]), lineWidth=1, name='s1', opacity=1.0, ori=array(0.0), pos=array([-110., -100.]), size=array([ 1.,  1.]), units='pix', vertices=ndarray(...), win=Window(...))
7.0880 	EXP 	<method-wrapper '__getattribute__' of attributeSetter object at 0x10ed4ab50>: vertices = array([[-55.,  20.],
       [ 55.,  20.],
       [ 55., -20.],
       [-55., -20.]])
7.0895 	EXP 	Created s2 = Rect(autoDraw=False, autoLog=True, closeShape=True, contrast=1.0, depth=-9.0, fillColor='black', fillColorSpace='named', fillRGB=array([ 0.,  0.,  0.]), interpolate=True, lineColor='black', lineColorSpace='named', lineRGB=array([ 0.,  0.,  0.]), lineWidth=1, name='s2', opacity=1.0, ori=array(0.0), pos=array([   0., -100.]), size=array([ 1.,  1.]), units='pix', vertices=ndarray(...), win=Window(...))
7.0900 	EXP 	<method-wrapper '__getattribute__' of attributeSetter object at 0x10ed4ab50>: vertices = array([[-55.,  20.],
       [ 55.,  20.],
       [ 55., -20.],
       [-55., -20.]])
7.0916 	EXP 	Created s3 = Rect(autoDraw=False, autoLog=True, closeShape=True, contrast=1.0, depth=-10.0, fillColor='black', fillColorSpace='named', fillRGB=array([ 0.,  0.,  0.]), interpolate=True, lineColor='black', lineColorSpace='named', lineRGB=array([ 0.,  0.,  0.]), lineWidth=1, name='s3', opacity=1.0, ori=array(0.0), pos=array([ 110., -100.]), size=array([ 1.,  1.]), units='pix', vertices=ndarray(...), win=Window(...))
7.5596 	EXP 	Created heart = ImageStim(autoLog=True, color=array([ 1.,  1.,  1.]), colorSpace='rgb', contrast=1.0, depth=-11.0, flipHoriz=False, flipVert=False, image='heart.png', interpolate=True, mask=None, maskParams=None, name='heart', opacity=1.0, ori=0.0, pos=array([   0., -100.]), size=array([ 1.,  1.]), texRes=128, units='pix', win=Window(...))
7.6371 	EXP 	Created text_2 = TextStim(alignHoriz='center', alignVert='center', antialias=True, autoLog=True, bold=False, color='white', colorSpace='named', contrast=1.0, depth=-1.0, flipHoriz=False, flipVert=False, font='Arial', fontFiles=[], height=40, italic=False, name='text_2', opacity=1.0, ori=0, pos=array([ 0.,  0.]), rgb=array([ 255.,  255.,  255.]), text=u"Let's take an example", units='pix', win=Window(...), wrapWidth=500)
7.6440 	EXP 	Created nod1 = Polygon(autoDraw=False, autoLog=True, closeShape=True, contrast=1.0, depth=-2.0, fillColor=array([ 1.,  1.,  1.]), fillColorSpace='rgb', fillRGB=array([ 1.,  1.,  1.]), interpolate=True, lineColor='red', lineColorSpace='named', lineRGB=array([ 255.,    0.,    0.]), lineWidth=1, name='nod1', opacity=1.0, ori=array(0.0), pos=array([ 0.,  0.]), size=array([ 100.,  100.]), units='pix', vertices=ndarray(...), win=Window(...))
7.6517 	EXP 	Created nod2 = Polygon(autoDraw=False, autoLog=True, closeShape=True, contrast=1.0, depth=-3.0, fillColor=array([ 1.,  1.,  1.]), fillColorSpace='rgb', fillRGB=array([ 1.,  1.,  1.]), interpolate=True, lineColor=array([ 1.,  1.,  1.]), lineColorSpace='rgb', lineRGB=array([ 1.,  1.,  1.]), lineWidth=1, name='nod2', opacity=1.0, ori=array(0.0), pos=array([ 0.,  0.]), size=array([ 100.,  100.]), units='pix', vertices=ndarray(...), win=Window(...))
7.6592 	EXP 	Created nod3 = Polygon(autoDraw=False, autoLog=True, closeShape=True, contrast=1.0, depth=-4.0, fillColor=array([ 1.,  1.,  1.]), fillColorSpace='rgb', fillRGB=array([ 1.,  1.,  1.]), interpolate=True, lineColor=array([ 1.,  1.,  1.]), lineColorSpace='rgb', lineRGB=array([ 1.,  1.,  1.]), lineWidth=1, name='nod3', opacity=1.0, ori=array(0.0), pos=array([ 135.,  115.]), size=array([ 100.,  100.]), units='pix', vertices=ndarray(...), win=Window(...))
7.6673 	EXP 	Created nod4 = Polygon(autoDraw=False, autoLog=True, closeShape=True, contrast=1.0, depth=-5.0, fillColor=array([ 1.,  1.,  1.]), fillColorSpace='rgb', fillRGB=array([ 1.,  1.,  1.]), interpolate=True, lineColor=array([ 1.,  1.,  1.]), lineColorSpace='rgb', lineRGB=array([ 1.,  1.,  1.]), lineWidth=1, name='nod4', opacity=1.0, ori=array(0.0), pos=array([ 250.,  115.]), size=array([ 100.,  100.]), units='pix', vertices=ndarray(...), win=Window(...))
7.6826 	EXP 	Created rob1 = ImageStim(autoLog=True, color=array([ 1.,  1.,  1.]), colorSpace='rgb', contrast=1.0, depth=-6.0, flipHoriz=False, flipVert=False, image='robot1.png', interpolate=True, mask=None, maskParams=None, name='rob1', opacity=1.0, ori=1.0, pos=array([  20., -115.]), size=array([ 100.,  100.]), texRes=128, units='pix', win=Window(...))
7.6866 	EXP 	Created rob2 = ImageStim(autoLog=True, color=array([ 1.,  1.,  1.]), colorSpace='rgb', contrast=1.0, depth=-7.0, flipHoriz=False, flipVert=False, image='sin', interpolate=True, mask=None, maskParams=None, name='rob2', opacity=1.0, ori=0.0, pos=array([ 365.,  115.]), size=array([ 100.,  100.]), texRes=128, units='pix', win=Window(...))
7.6870 	EXP 	<method-wrapper '__getattribute__' of attributeSetter object at 0x10ed4ab50>: vertices = array([[-0.5,  0.5],
       [ 0.5,  0.5],
       [ 0.5, -0.5],
       [-0.5, -0.5]])
7.6886 	EXP 	Created sh1 = Rect(autoDraw=False, autoLog=True, closeShape=True, contrast=1.0, depth=-9.0, fillColor='black', fillColorSpace='named', fillRGB=array([ 0.,  0.,  0.]), interpolate=True, lineColor='black', lineColorSpace='named', lineRGB=array([ 0.,  0.,  0.]), lineWidth=1, name='sh1', opacity=1.0, ori=array(0.0), pos=array([ 20.,   0.]), size=array([ 1.,  1.]), units='pix', vertices=ndarray(...), win=Window(...))
7.6891 	EXP 	<method-wrapper '__getattribute__' of attributeSetter object at 0x10ed4ab50>: vertices = array([[-30.,  20.],
       [ 30.,  20.],
       [ 30., -20.],
       [-30., -20.]])
7.6907 	EXP 	Created sh2a = Rect(autoDraw=False, autoLog=True, closeShape=True, contrast=1.0, depth=-10.0, fillColor='black', fillColorSpace='named', fillRGB=array([ 0.,  0.,  0.]), interpolate=True, lineColor='black', lineColorSpace='named', lineRGB=array([ 0.,  0.,  0.]), lineWidth=1, name='sh2a', opacity=1.0, ori=array(0.0), pos=array([  50.,  113.]), size=array([ 1.,  1.]), units='pix', vertices=ndarray(...), win=Window(...))
7.6912 	EXP 	<method-wrapper '__getattribute__' of attributeSetter object at 0x10ed4ab50>: vertices = array([[-20.,  40.],
       [ 20.,  40.],
       [ 20., -40.],
       [-20., -40.]])
7.6927 	EXP 	Created sh2b = Rect(autoDraw=False, autoLog=True, closeShape=True, contrast=1.0, depth=-11.0, fillColor='black', fillColorSpace='named', fillRGB=array([ 0.,  0.,  0.]), interpolate=True, lineColor='black', lineColorSpace='named', lineRGB=array([ 0.,  0.,  0.]), lineWidth=1, name='sh2b', opacity=1.0, ori=array(0.0), pos=array([ 22.,  93.]), size=array([ 1.,  1.]), units='pix', vertices=ndarray(...), win=Window(...))
7.6932 	EXP 	<method-wrapper '__getattribute__' of attributeSetter object at 0x10ed4ab50>: vertices = array([[-55.,  20.],
       [ 55.,  20.],
       [ 55., -20.],
       [-55., -20.]])
7.6947 	EXP 	Created sh3 = Rect(autoDraw=False, autoLog=True, closeShape=True, contrast=1.0, depth=-12.0, fillColor='black', fillColorSpace='named', fillRGB=array([ 0.,  0.,  0.]), interpolate=True, lineColor='black', lineColorSpace='named', lineRGB=array([ 0.,  0.,  0.]), lineWidth=1, name='sh3', opacity=1.0, ori=array(0.0), pos=array([ 135.,  115.]), size=array([ 1.,  1.]), units='pix', vertices=ndarray(...), win=Window(...))
7.6952 	EXP 	<method-wrapper '__getattribute__' of attributeSetter object at 0x10ed4ab50>: vertices = array([[-55.,  20.],
       [ 55.,  20.],
       [ 55., -20.],
       [-55., -20.]])
7.6968 	EXP 	Created sh4 = Rect(autoDraw=False, autoLog=True, closeShape=True, contrast=1.0, depth=-13.0, fillColor='black', fillColorSpace='named', fillRGB=array([ 0.,  0.,  0.]), interpolate=True, lineColor='black', lineColorSpace='named', lineRGB=array([ 0.,  0.,  0.]), lineWidth=1, name='sh4', opacity=1.0, ori=array(0.0), pos=array([ 250.,  115.]), size=array([ 1.,  1.]), units='pix', vertices=ndarray(...), win=Window(...))
7.7176 	EXP 	Created star = TextStim(alignHoriz='center', alignVert='center', antialias=True, autoLog=True, bold=False, color='white', colorSpace='named', contrast=1.0, depth=0.0, flipHoriz=False, flipVert=False, font='Arial', fontFiles=[], height=50, italic=False, name='star', opacity=1.0, ori=0, pos=array([ 0.,  0.]), rgb=array([ 255.,  255.,  255.]), text=unicode(...), units='pix', win=Window(...), wrapWidth=500)
7.7181 	EXP 	<method-wrapper '__getattribute__' of attributeSetter object at 0x10ed4ab50>: vertices = array([[-400.,  450.],
       [ 400.,  450.],
       [ 400., -450.],
       [-400., -450.]])
7.7212 	EXP 	Created whitebackground = Rect(autoDraw=False, autoLog=True, closeShape=True, contrast=1.0, depth=-2.0, fillColor=array([ 1.,  1.,  1.]), fillColorSpace='rgb', fillRGB=array([ 1.,  1.,  1.]), interpolate=True, lineColor=array([ 1.,  1.,  1.]), lineColorSpace='rgb', lineRGB=array([ 1.,  1.,  1.]), lineWidth=0, name='whitebackground', opacity=1.0, ori=array(0.0), pos=array([-560.,    0.]), size=array([ 1.,  1.]), units='pix', vertices=ndarray(...), win=Window(...))
7.7422 	EXP 	Created robotS = ImageStim(autoLog=True, color=array([ 1.,  1.,  1.]), colorSpace='rgb', contrast=1.0, depth=-3.0, flipHoriz=False, flipVert=False, image='robot1.png', interpolate=True, mask=None, maskParams=None, name='robotS', opacity=1.0, ori=0.0, pos=array([ 0.,  0.]), size=array([ 100.,  100.]), texRes=128, units='pix', win=Window(...))
7.7494 	EXP 	Created node1 = Polygon(autoDraw=False, autoLog=True, closeShape=True, contrast=1.0, depth=-4.0, fillColor=array([ 1.,  1.,  1.]), fillColorSpace='rgb', fillRGB=array([ 1.,  1.,  1.]), interpolate=True, lineColor=array([ 1.,  1.,  1.]), lineColorSpace='rgb', lineRGB=array([ 1.,  1.,  1.]), lineWidth=0, name='node1', opacity=1.0, ori=array(0.0), pos=array([ 0.,  0.]), size=array([ 100.,  100.]), units='pix', vertices=ndarray(...), win=Window(...))
7.7570 	EXP 	Created node2 = Polygon(autoDraw=False, autoLog=True, closeShape=True, contrast=1.0, depth=-5.0, fillColor=array([ 1.,  1.,  1.]), fillColorSpace='rgb', fillRGB=array([ 1.,  1.,  1.]), interpolate=True, lineColor=array([ 1.,  1.,  1.]), lineColorSpace='rgb', lineRGB=array([ 1.,  1.,  1.]), lineWidth=0, name='node2', opacity=1.0, ori=array(0.0), pos=array([ 0.,  0.]), size=array([ 100.,  100.]), units='pix', vertices=ndarray(...), win=Window(...))
7.7644 	EXP 	Created node3 = Polygon(autoDraw=False, autoLog=True, closeShape=True, contrast=1.0, depth=-6.0, fillColor=array([ 1.,  1.,  1.]), fillColorSpace='rgb', fillRGB=array([ 1.,  1.,  1.]), interpolate=True, lineColor=array([ 1.,  1.,  1.]), lineColorSpace='rgb', lineRGB=array([ 1.,  1.,  1.]), lineWidth=0, name='node3', opacity=1.0, ori=array(0.0), pos=array([ 0.,  0.]), size=array([ 100.,  100.]), units='pix', vertices=ndarray(...), win=Window(...))
7.7733 	EXP 	Created node4 = Polygon(autoDraw=False, autoLog=True, closeShape=True, contrast=1.0, depth=-7.0, fillColor=array([ 1.,  1.,  1.]), fillColorSpace='rgb', fillRGB=array([ 1.,  1.,  1.]), interpolate=True, lineColor=array([ 1.,  1.,  1.]), lineColorSpace='rgb', lineRGB=array([ 1.,  1.,  1.]), lineWidth=0, name='node4', opacity=1.0, ori=array(0.0), pos=array([ 0.,  0.]), size=array([ 100.,  100.]), units='pix', vertices=ndarray(...), win=Window(...))
7.7803 	EXP 	Created node5 = Polygon(autoDraw=False, autoLog=True, closeShape=True, contrast=1.0, depth=-8.0, fillColor=array([ 1.,  1.,  1.]), fillColorSpace='rgb', fillRGB=array([ 1.,  1.,  1.]), interpolate=True, lineColor=array([ 1.,  1.,  1.]), lineColorSpace='rgb', lineRGB=array([ 1.,  1.,  1.]), lineWidth=0, name='node5', opacity=1.0, ori=array(0.0), pos=array([ 0.,  0.]), size=array([ 100.,  100.]), units='pix', vertices=ndarray(...), win=Window(...))
7.7940 	EXP 	Created robotF = ImageStim(autoLog=True, color=array([ 1.,  1.,  1.]), colorSpace='rgb', contrast=1.0, depth=-9.0, flipHoriz=False, flipVert=False, image='robot1.png', interpolate=True, mask=None, maskParams=None, name='robotF', opacity=1.0, ori=0.0, pos=array([ 0.,  0.]), size=array([ 100.,  100.]), texRes=128, units='pix', win=Window(...))
7.8013 	EXP 	Created select1 = Polygon(autoDraw=False, autoLog=True, closeShape=True, contrast=1.0, depth=-10.0, fillColor='red', fillColorSpace='named', fillRGB=array([ 255.,    0.,    0.]), interpolate=True, lineColor=array([ 1.,  1.,  1.]), lineColorSpace='rgb', lineRGB=array([ 1.,  1.,  1.]), lineWidth=0, name='select1', opacity=1.0, ori=array(0.0), pos=array([-630.,    0.]), size=array([ 100.,  100.]), units='pix', vertices=ndarray(...), win=Window(...))
7.8093 	EXP 	Created select2 = Polygon(autoDraw=False, autoLog=True, closeShape=True, contrast=1.0, depth=-11.0, fillColor='blue', fillColorSpace='named', fillRGB=array([   0.,    0.,  255.]), interpolate=True, lineColor=array([ 1.,  1.,  1.]), lineColorSpace='rgb', lineRGB=array([ 1.,  1.,  1.]), lineWidth=0, name='select2', opacity=1.0, ori=array(0.0), pos=array([-630., -120.]), size=array([ 100.,  100.]), units='pix', vertices=ndarray(...), win=Window(...))
7.8176 	EXP 	Created select3 = Polygon(autoDraw=False, autoLog=True, closeShape=True, contrast=1.0, depth=-12.0, fillColor='yellow', fillColorSpace='named', fillRGB=array([ 255.,  255.,    0.]), interpolate=True, lineColor=array([ 1.,  1.,  1.]), lineColorSpace='rgb', lineRGB=array([ 1.,  1.,  1.]), lineWidth=0, name='select3', opacity=1.0, ori=array(0.0), pos=array([-630., -240.]), size=array([ 100.,  100.]), units='pix', vertices=ndarray(...), win=Window(...))
7.8241 	EXP 	Created select4 = Polygon(autoDraw=False, autoLog=True, closeShape=True, contrast=1.0, depth=-13.0, fillColor=u'green', fillColorSpace='named', fillRGB=array([   0.,  128.,    0.]), interpolate=True, lineColor=array([ 1.,  1.,  1.]), lineColorSpace='rgb', lineRGB=array([ 1.,  1.,  1.]), lineWidth=0, name='select4', opacity=1.0, ori=array(0.0), pos=array([-630., -360.]), size=array([ 100.,  100.]), units='pix', vertices=ndarray(...), win=Window(...))
7.8607 	EXP 	Created selection = ImageStim(autoLog=True, color=array([ 1.,  1.,  1.]), colorSpace='rgb', contrast=1.0, depth=-14.0, flipHoriz=False, flipVert=False, image='mastershapes.png', interpolate=True, mask=None, maskParams=None, name='selection', opacity=1.0, ori=0.0, pos=array([ 0.,  0.]), size=array([ 500.,  400.]), texRes=128, units='pix', win=Window(...))
7.9147 	EXP 	Created sel = TextStim(alignHoriz='center', alignVert='center', antialias=True, autoLog=True, bold=False, color='black', colorSpace='named', contrast=1.0, depth=-15.0, flipHoriz=False, flipVert=False, font='Arial', fontFiles=[], height=30, italic=False, name='sel', opacity=1.0, ori=0, pos=array([-450.,  250.]), rgb=array([ 0.,  0.,  0.]), text=unicode(...), units='pix', win=Window(...), wrapWidth=500)
7.9250 	EXP 	Created Evaluation = TextStim(alignHoriz='center', alignVert='center', antialias=True, autoLog=True, bold=False, color=u'white', colorSpace='named', contrast=1.0, depth=-1.0, flipHoriz=False, flipVert=False, font=u'Arial', fontFiles=[], height=50, italic=False, name='Evaluation', opacity=1.0, ori=0, pos=array([   0.,  300.]), rgb=array([ 255.,  255.,  255.]), text=u'Is this pathway correct? \n', units='pix', win=Window(...), wrapWidth=500)
7.9318 	EXP 	Created polygon = Polygon(autoDraw=False, autoLog=True, closeShape=True, contrast=1.0, depth=-2.0, fillColor=array([ 1.,  1.,  1.]), fillColorSpace='rgb', fillRGB=array([ 1.,  1.,  1.]), interpolate=True, lineColor=array([ 1.,  1.,  1.]), lineColorSpace='rgb', lineRGB=array([ 1.,  1.,  1.]), lineWidth=1, name='polygon', opacity=1.0, ori=array(0.0), pos=array([ 0.,  0.]), size=array([ 100.,  100.]), units='pix', vertices=ndarray(...), win=Window(...))
7.9406 	EXP 	Created polygon_2 = Polygon(autoDraw=False, autoLog=True, closeShape=True, contrast=1.0, depth=-3.0, fillColor=array([ 1.,  1.,  1.]), fillColorSpace='rgb', fillRGB=array([ 1.,  1.,  1.]), interpolate=True, lineColor=array([ 1.,  1.,  1.]), lineColorSpace='rgb', lineRGB=array([ 1.,  1.,  1.]), lineWidth=1, name='polygon_2', opacity=1.0, ori=array(0.0), pos=array([ 0.,  0.]), size=array([ 100.,  100.]), units='pix', vertices=ndarray(...), win=Window(...))
7.9479 	EXP 	Created polygon_3 = Polygon(autoDraw=False, autoLog=True, closeShape=True, contrast=1.0, depth=-4.0, fillColor=array([ 1.,  1.,  1.]), fillColorSpace='rgb', fillRGB=array([ 1.,  1.,  1.]), interpolate=True, lineColor=array([ 1.,  1.,  1.]), lineColorSpace='rgb', lineRGB=array([ 1.,  1.,  1.]), lineWidth=1, name='polygon_3', opacity=1.0, ori=array(0.0), pos=array([ 0.,  0.]), size=array([ 100.,  100.]), units='pix', vertices=ndarray(...), win=Window(...))
7.9550 	EXP 	Created polygon_4 = Polygon(autoDraw=False, autoLog=True, closeShape=True, contrast=1.0, depth=-5.0, fillColor=array([ 1.,  1.,  1.]), fillColorSpace='rgb', fillRGB=array([ 1.,  1.,  1.]), interpolate=True, lineColor=array([ 1.,  1.,  1.]), lineColorSpace='rgb', lineRGB=array([ 1.,  1.,  1.]), lineWidth=1, name='polygon_4', opacity=1.0, ori=array(0.0), pos=array([ 0.,  0.]), size=array([ 100.,  100.]), units='pix', vertices=ndarray(...), win=Window(...))
7.9690 	EXP 	Created choice = TextStim(alignHoriz='center', alignVert='center', antialias=True, autoLog=True, bold=False, color='white', colorSpace='named', contrast=1.0, depth=-6.0, flipHoriz=False, flipVert=False, font='Arial', fontFiles=[], height=50, italic=False, name='choice', opacity=1.0, ori=0, pos=array([   0., -300.]), rgb=array([ 255.,  255.,  255.]), text=u"Press 'y' for Yes  \nPress 'n' for No", units='pix', win=Window(...), wrapWidth=500)
7.9766 	EXP 	Created polygon_5 = Polygon(autoDraw=False, autoLog=True, closeShape=True, contrast=1.0, depth=-8.0, fillColor=array([ 1.,  1.,  1.]), fillColorSpace='rgb', fillRGB=array([ 1.,  1.,  1.]), interpolate=True, lineColor=array([ 1.,  1.,  1.]), lineColorSpace='rgb', lineRGB=array([ 1.,  1.,  1.]), lineWidth=1, name='polygon_5', opacity=1.0, ori=array(0.0), pos=array([ 0.,  0.]), size=array([ 100.,  100.]), units='pix', vertices=ndarray(...), win=Window(...))
7.9863 	EXP 	Created thankyou = TextStim(alignHoriz='center', alignVert='center', antialias=True, autoLog=True, bold=False, color='white', colorSpace='named', contrast=1.0, depth=0.0, flipHoriz=False, flipVert=False, font='Arial', fontFiles=[], height=50, italic=False, name='thankyou', opacity=1.0, ori=0, pos=array([ 0.,  0.]), rgb=array([ 255.,  255.,  255.]), text=u'Thank you for your participation.\n', units='pix', win=Window(...), wrapWidth=500)
8.0046 	EXP 	instruct: pos = array([   0.,  150.])
8.0046 	EXP 	na: pos = array([-110., -100.])
8.0046 	EXP 	na: size = array([ 100.,  100.])
8.0046 	EXP 	nb: pos = array([   0., -100.])
8.0046 	EXP 	nb: size = array([ 100.,  100.])
8.0046 	EXP 	nc: pos = array([ 110., -100.])
8.0046 	EXP 	nc: size = array([ 100.,  100.])
8.0046 	EXP 	welcome: autoDraw = True
11.0050 	EXP 	welcome: autoDraw = False
11.0050 	EXP 	instruct: autoDraw = True
14.0053 	EXP 	rob0: autoDraw = True
14.0053 	EXP 	robb: autoDraw = True
14.5053 	EXP 	na: autoDraw = True
15.0054 	EXP 	nb: autoDraw = True
15.5054 	EXP 	nc: autoDraw = True
16.5054 	EXP 	s1: autoDraw = True
17.5056 	EXP 	s2: autoDraw = True
18.5058 	EXP 	s3: autoDraw = True
22.0062 	EXP 	na: autoDraw = False
22.0062 	EXP 	nb: autoDraw = False
22.0062 	EXP 	nc: autoDraw = False
22.0062 	EXP 	s1: autoDraw = False
22.0062 	EXP 	s2: autoDraw = False
22.0062 	EXP 	s3: autoDraw = False
22.0062 	EXP 	heart: autoDraw = True
26.0228 	EXP 	welcome: autoDraw = False
26.0228 	EXP 	instruct: autoDraw = False
26.0228 	EXP 	rob0: autoDraw = False
26.0228 	EXP 	robb: autoDraw = False
26.0228 	EXP 	na: autoDraw = False
26.0228 	EXP 	nb: autoDraw = False
26.0228 	EXP 	nc: autoDraw = False
26.0228 	EXP 	s1: autoDraw = False
26.0228 	EXP 	s2: autoDraw = False
26.0228 	EXP 	s3: autoDraw = False
26.0228 	EXP 	heart: autoDraw = False
26.0228 	EXP 	text_2: pos = array([-300.,  300.])
26.0228 	EXP 	nod1: fillColor = 'red (named)'
26.0228 	EXP 	nod1: pos = array([ 20.,   0.])
26.0228 	EXP 	nod2: fillColor = 'yellow (named)'
26.0228 	EXP 	nod2: pos = array([  20.,  115.])
26.0228 	EXP 	nod2: lineColor = 'yellow (named)'
26.0228 	EXP 	nod3: fillColor = 'blue (named)'
26.0228 	EXP 	nod3: lineColor = 'blue (named)'
26.0228 	EXP 	nod4: fillColor = 'blue (named)'
26.0228 	EXP 	nod4: lineColor = 'blue (named)'
26.0228 	EXP 	rob1: ori = 0.0
26.0228 	EXP 	rob2: image = 'robot1.png'
26.0228 	EXP 	sh1: size = array([  40.,  110.])
26.0228 	EXP 	text_2: autoDraw = True
26.0228 	EXP 	nod1: autoDraw = True
26.0228 	EXP 	nod2: autoDraw = True
26.0228 	EXP 	nod3: autoDraw = True
26.0228 	EXP 	nod4: autoDraw = True
26.0228 	EXP 	rob1: autoDraw = True
26.0228 	EXP 	rob2: autoDraw = True
28.0233 	EXP 	sh1: autoDraw = True
28.5068 	EXP 	sh2a: autoDraw = True
28.5068 	EXP 	sh2b: autoDraw = True
29.0069 	EXP 	sh3: autoDraw = True
29.5235 	EXP 	sh4: autoDraw = True
31.6839 	DATA 	Keypress: space
31.7072 	EXP 	text_2: autoDraw = False
31.7072 	EXP 	nod1: autoDraw = False
31.7072 	EXP 	nod2: autoDraw = False
31.7072 	EXP 	nod3: autoDraw = False
31.7072 	EXP 	nod4: autoDraw = False
31.7072 	EXP 	rob1: autoDraw = False
31.7072 	EXP 	rob2: autoDraw = False
31.7072 	EXP 	sh1: autoDraw = False
31.7072 	EXP 	sh2a: autoDraw = False
31.7072 	EXP 	sh2b: autoDraw = False
31.7072 	EXP 	sh3: autoDraw = False
31.7072 	EXP 	sh4: autoDraw = False
31.7072 	EXP 	star: autoDraw = True
32.3941 	DATA 	Keypress: space
32.4118 	EXP 	Imported designs.xlsx as conditions, 4 conditions, 17 params
32.4128 	EXP 	Created sequence: sequential, trialTypes=4, nReps=1, seed=None
32.4137 	EXP 	New trial (rep=0, index=0): {u'n2col': u'blue', u'n4col': u'red', u'n3col': u'green', u'corrAns': u'a', u'r4': u'd', u'n1col': u'blue', u'r1': u'a', u'r2': u'b', u'rs': u'LOC21', u'r3': u'c', u're': u'LOC9', u'n5col': u'red', u'n1': u'LOC22', u'n2': u'LOC23', u'n3': u'LOC24', u'n4': u'LOC19', u'n5': u'LOC14'}
32.4403 	EXP 	star: autoDraw = False
32.4403 	EXP 	robotS: pos = array([  20., -230.])
32.4403 	EXP 	node1: fillColor = u'blue (named)'
32.4403 	EXP 	node1: pos = array([ 135., -230.])
32.4403 	EXP 	node2: fillColor = u'blue (named)'
32.4403 	EXP 	node2: pos = array([ 250., -230.])
32.4403 	EXP 	node3: fillColor = u'green (named)'
32.4403 	EXP 	node3: pos = array([ 365., -230.])
32.4403 	EXP 	node4: fillColor = u'red (named)'
32.4403 	EXP 	node4: pos = array([ 365., -115.])
32.4403 	EXP 	node5: fillColor = u'red (named)'
32.4403 	EXP 	node5: pos = array([ 365.,    0.])
32.4403 	EXP 	robotF: pos = array([ 365.,  115.])
32.4403 	EXP 	whitebackground: autoDraw = True
32.4403 	EXP 	robotS: autoDraw = True
32.4403 	EXP 	node1: autoDraw = True
32.4403 	EXP 	node2: autoDraw = True
32.4403 	EXP 	node3: autoDraw = True
32.4403 	EXP 	node4: autoDraw = True
32.4403 	EXP 	node5: autoDraw = True
32.4403 	EXP 	robotF: autoDraw = True
32.4403 	EXP 	select1: autoDraw = True
32.4403 	EXP 	select2: autoDraw = True
32.4403 	EXP 	select3: autoDraw = True
32.4403 	EXP 	select4: autoDraw = True
32.4403 	EXP 	selection: autoDraw = True
32.4403 	EXP 	sel: autoDraw = True
33.6108 	DATA 	Keypress: a
33.8108 	DATA 	Keypress: a
34.0435 	DATA 	Keypress: a
34.4101 	DATA 	Keypress: a
34.4125 	EXP 	New trial (rep=0, index=1): {u'n2col': u'yellow', u'n4col': u'green', u'n3col': u'blue', u'corrAns': u'b', u'r4': u'd', u'n1col': u'red', u'r1': u'a', u'r2': u'b', u'rs': u'LOC21', u'r3': u'c', u're': u'LOC3', u'n5col': u'red', u'n1': u'LOC16', u'n2': u'LOC11', u'n3': u'LOC12', u'n4': u'LOC13', u'n5': u'LOC8'}
34.4405 	EXP 	whitebackground: autoDraw = False
34.4405 	EXP 	robotS: autoDraw = False
34.4405 	EXP 	node1: autoDraw = False
34.4405 	EXP 	node2: autoDraw = False
34.4405 	EXP 	node3: autoDraw = False
34.4405 	EXP 	node4: autoDraw = False
34.4405 	EXP 	node5: autoDraw = False
34.4405 	EXP 	robotF: autoDraw = False
34.4405 	EXP 	select1: autoDraw = False
34.4405 	EXP 	select2: autoDraw = False
34.4405 	EXP 	select3: autoDraw = False
34.4405 	EXP 	select4: autoDraw = False
34.4405 	EXP 	selection: autoDraw = False
34.4405 	EXP 	sel: autoDraw = False
34.4405 	EXP 	robotS: pos = array([  20., -230.])
34.4405 	EXP 	node1: fillColor = u'red (named)'
34.4405 	EXP 	node1: pos = array([  20., -115.])
34.4405 	EXP 	node2: fillColor = u'yellow (named)'
34.4405 	EXP 	node2: pos = array([ 20.,   0.])
34.4405 	EXP 	node3: fillColor = u'blue (named)'
34.4405 	EXP 	node3: pos = array([ 135.,    0.])
34.4405 	EXP 	node4: fillColor = u'green (named)'
34.4405 	EXP 	node4: pos = array([ 250.,    0.])
34.4405 	EXP 	node5: fillColor = u'red (named)'
34.4405 	EXP 	node5: pos = array([ 250.,  115.])
34.4405 	EXP 	robotF: pos = array([ 250.,  230.])
34.4405 	EXP 	whitebackground: autoDraw = True
34.4405 	EXP 	robotS: autoDraw = True
34.4405 	EXP 	node1: autoDraw = True
34.4405 	EXP 	node2: autoDraw = True
34.4405 	EXP 	node3: autoDraw = True
34.4405 	EXP 	node4: autoDraw = True
34.4405 	EXP 	node5: autoDraw = True
34.4405 	EXP 	robotF: autoDraw = True
34.4405 	EXP 	select1: autoDraw = True
34.4405 	EXP 	select2: autoDraw = True
34.4405 	EXP 	select3: autoDraw = True
34.4405 	EXP 	select4: autoDraw = True
34.4405 	EXP 	selection: autoDraw = True
34.4405 	EXP 	sel: autoDraw = True
34.6937 	DATA 	Keypress: a
35.0100 	DATA 	Keypress: a
35.3437 	DATA 	Keypress: a
35.6952 	DATA 	Keypress: a
35.7094 	EXP 	New trial (rep=0, index=2): {u'n2col': u'red', u'n4col': u'blue', u'n3col': u'yellow', u'corrAns': u'c', u'r4': u'd', u'n1col': u'red', u'r1': u'a', u'r2': u'b', u'rs': u'LOC22', u'r3': u'c', u're': u'LOC10', u'n5col': u'blue', u'n1': u'LOC17', u'n2': u'LOC12', u'n3': u'LOC7', u'n4': u'LOC8', u'n5': u'LOC9'}
35.7241 	EXP 	whitebackground: autoDraw = False
35.7241 	EXP 	robotS: autoDraw = False
35.7241 	EXP 	node1: autoDraw = False
35.7241 	EXP 	node2: autoDraw = False
35.7241 	EXP 	node3: autoDraw = False
35.7241 	EXP 	node4: autoDraw = False
35.7241 	EXP 	node5: autoDraw = False
35.7241 	EXP 	robotF: autoDraw = False
35.7241 	EXP 	select1: autoDraw = False
35.7241 	EXP 	select2: autoDraw = False
35.7241 	EXP 	select3: autoDraw = False
35.7241 	EXP 	select4: autoDraw = False
35.7241 	EXP 	selection: autoDraw = False
35.7241 	EXP 	sel: autoDraw = False
35.7241 	EXP 	robotS: pos = array([ 135., -230.])
35.7241 	EXP 	node1: fillColor = u'red (named)'
35.7241 	EXP 	node1: pos = array([ 135., -115.])
35.7241 	EXP 	node2: fillColor = u'red (named)'
35.7241 	EXP 	node2: pos = array([ 135.,    0.])
35.7241 	EXP 	node3: fillColor = u'yellow (named)'
35.7241 	EXP 	node3: pos = array([ 135.,  115.])
35.7241 	EXP 	node4: fillColor = u'blue (named)'
35.7241 	EXP 	node4: pos = array([ 250.,  115.])
35.7241 	EXP 	node5: fillColor = u'blue (named)'
35.7241 	EXP 	node5: pos = array([ 365.,  115.])
35.7241 	EXP 	robotF: pos = array([ 480.,  115.])
35.7241 	EXP 	whitebackground: autoDraw = True
35.7241 	EXP 	robotS: autoDraw = True
35.7241 	EXP 	node1: autoDraw = True
35.7241 	EXP 	node2: autoDraw = True
35.7241 	EXP 	node3: autoDraw = True
35.7241 	EXP 	node4: autoDraw = True
35.7241 	EXP 	node5: autoDraw = True
35.7241 	EXP 	robotF: autoDraw = True
35.7241 	EXP 	select1: autoDraw = True
35.7241 	EXP 	select2: autoDraw = True
35.7241 	EXP 	select3: autoDraw = True
35.7241 	EXP 	select4: autoDraw = True
35.7241 	EXP 	selection: autoDraw = True
35.7241 	EXP 	sel: autoDraw = True
36.0265 	DATA 	Keypress: a
36.3770 	DATA 	Keypress: a
36.7930 	DATA 	Keypress: a
37.1463 	DATA 	Keypress: a
37.1599 	EXP 	New trial (rep=0, index=3): {u'n2col': u'yellow', u'n4col': u'yellow', u'n3col': u'green', u'corrAns': u'd', u'r4': u'd', u'n1col': u'green', u'r1': u'a', u'r2': u'b', u'rs': u'LOC16', u'r3': u'c', u're': u'LOC10', u'n5col': u'blue', u'n1': u'LOC17', u'n2': u'LOC12', u'n3': u'LOC13', u'n4': u'LOC8', u'n5': u'LOC9'}
37.1743 	EXP 	whitebackground: autoDraw = False
37.1743 	EXP 	robotS: autoDraw = False
37.1743 	EXP 	node1: autoDraw = False
37.1743 	EXP 	node2: autoDraw = False
37.1743 	EXP 	node3: autoDraw = False
37.1743 	EXP 	node4: autoDraw = False
37.1743 	EXP 	node5: autoDraw = False
37.1743 	EXP 	robotF: autoDraw = False
37.1743 	EXP 	select1: autoDraw = False
37.1743 	EXP 	select2: autoDraw = False
37.1743 	EXP 	select3: autoDraw = False
37.1743 	EXP 	select4: autoDraw = False
37.1743 	EXP 	selection: autoDraw = False
37.1743 	EXP 	sel: autoDraw = False
37.1743 	EXP 	robotS: pos = array([  20., -115.])
37.1743 	EXP 	node1: fillColor = u'green (named)'
37.1743 	EXP 	node1: pos = array([ 135., -115.])
37.1743 	EXP 	node2: fillColor = u'yellow (named)'
37.1743 	EXP 	node2: pos = array([ 135.,    0.])
37.1743 	EXP 	node3: fillColor = u'green (named)'
37.1743 	EXP 	node3: pos = array([ 250.,    0.])
37.1743 	EXP 	node4: fillColor = u'yellow (named)'
37.1743 	EXP 	node4: pos = array([ 250.,  115.])
37.1743 	EXP 	node5: fillColor = u'blue (named)'
37.1743 	EXP 	node5: pos = array([ 365.,  115.])
37.1743 	EXP 	robotF: pos = array([ 480.,  115.])
37.1743 	EXP 	whitebackground: autoDraw = True
37.1743 	EXP 	robotS: autoDraw = True
37.1743 	EXP 	node1: autoDraw = True
37.1743 	EXP 	node2: autoDraw = True
37.1743 	EXP 	node3: autoDraw = True
37.1743 	EXP 	node4: autoDraw = True
37.1743 	EXP 	node5: autoDraw = True
37.1743 	EXP 	robotF: autoDraw = True
37.1743 	EXP 	select1: autoDraw = True
37.1743 	EXP 	select2: autoDraw = True
37.1743 	EXP 	select3: autoDraw = True
37.1743 	EXP 	select4: autoDraw = True
37.1743 	EXP 	selection: autoDraw = True
37.1743 	EXP 	sel: autoDraw = True
37.4776 	DATA 	Keypress: a
37.8264 	DATA 	Keypress: a
38.2274 	DATA 	Keypress: a
38.6266 	DATA 	Keypress: a
38.6442 	EXP 	Imported designs1.xlsx as conditions, 2 conditions, 17 params
38.6445 	EXP 	Created sequence: sequential, trialTypes=2, nReps=5, seed=None
38.6451 	EXP 	New trial (rep=0, index=0): {u'n2col': u'yellow', u'n4col': u'yellow', u'n3col': u'green', u'corrAns': u'y', u'r4': None, u'n1col': u'green', u'r1': None, u'r2': None, u'rs': u'LOC16', u'r3': None, u're': u'LOC10', u'n5col': u'blue', u'n1': u'LOC17', u'n2': u'LOC12', u'n3': u'LOC13', u'n4': u'LOC8', u'n5': u'LOC9'}
38.6577 	EXP 	whitebackground: autoDraw = False
38.6577 	EXP 	robotS: autoDraw = False
38.6577 	EXP 	node1: autoDraw = False
38.6577 	EXP 	node2: autoDraw = False
38.6577 	EXP 	node3: autoDraw = False
38.6577 	EXP 	node4: autoDraw = False
38.6577 	EXP 	node5: autoDraw = False
38.6577 	EXP 	robotF: autoDraw = False
38.6577 	EXP 	select1: autoDraw = False
38.6577 	EXP 	select2: autoDraw = False
38.6577 	EXP 	select3: autoDraw = False
38.6577 	EXP 	select4: autoDraw = False
38.6577 	EXP 	selection: autoDraw = False
38.6577 	EXP 	sel: autoDraw = False
38.6577 	EXP 	polygon: fillColor = u'green (named)'
38.6577 	EXP 	polygon: pos = array([ 135., -115.])
38.6577 	EXP 	polygon_2: fillColor = u'yellow (named)'
38.6577 	EXP 	polygon_2: pos = array([ 135.,    0.])
38.6577 	EXP 	polygon_3: fillColor = u'green (named)'
38.6577 	EXP 	polygon_3: pos = array([ 250.,    0.])
38.6577 	EXP 	polygon_4: fillColor = u'yellow (named)'
38.6577 	EXP 	polygon_4: pos = array([ 365.,  115.])
38.6577 	EXP 	polygon_5: fillColor = u'blue (named)'
38.6577 	EXP 	polygon_5: pos = array([ 365.,  115.])
38.6577 	EXP 	Evaluation: autoDraw = True
38.6577 	EXP 	polygon: autoDraw = True
38.6577 	EXP 	polygon_2: autoDraw = True
38.6577 	EXP 	polygon_3: autoDraw = True
38.6577 	EXP 	polygon_4: autoDraw = True
38.6577 	EXP 	choice: autoDraw = True
38.6577 	EXP 	polygon_5: autoDraw = True
41.6584 	EXP 	choice: autoDraw = False
42.6581 	EXP 	polygon_4: autoDraw = False
42.6581 	EXP 	polygon_5: autoDraw = False
43.6586 	EXP 	Evaluation: autoDraw = False
43.6586 	EXP 	polygon: autoDraw = False
43.6586 	EXP 	polygon_2: autoDraw = False
43.6586 	EXP 	polygon_3: autoDraw = False
47.7129 	DATA 	Keypress: escape
