6.6657 	EXP 	Created window1 = Window(allowGUI=False, allowStencil=False, autoLog=True, bitsMode=UNKNOWN, blendMode='avg', color='black', colorSpace='named', fullscr=UNKNOWN, gamma=None, lms=UNKNOWN, monitor=<psychopy.monitors.calibTools.Monitor object at 0x113100ad0>, name='window1', pos=[0, 0], screen=0, size=array([1440,  900]), stereo=False, units='pix', useFBO=True, useRetina=False, viewOri=0.0, viewPos=None, viewScale=None, waitBlanking=True, winType='pyglet')
6.6658 	EXP 	window1: recordFrameIntervals = False
6.8313 	EXP 	window1: recordFrameIntervals = True
7.0152 	EXP 	window1: recordFrameIntervals = False
7.1779 	EXP 	Created welcome = TextStim(alignHoriz='center', alignVert='center', antialias=True, autoLog=True, bold=False, color='white', colorSpace='named', contrast=1.0, depth=-1.0, flipHoriz=False, flipVert=False, font='Arial', fontFiles=[], height=100, italic=False, name='welcome', opacity=1.0, ori=0, pos=array([ 0.,  0.]), rgb=array([ 255.,  255.,  255.]), text=u'Welcome!', units='pix', win=Window(...), wrapWidth=500)
7.2108 	EXP 	Created instruct = TextStim(alignHoriz='center', alignVert='center', antialias=True, autoLog=True, bold=False, color='white', colorSpace='named', contrast=1.0, depth=-2.0, flipHoriz=False, flipVert=False, font='Arial', fontFiles=[], height=50, italic=False, name='instruct', opacity=1.0, ori=0, pos=array([ 0.,  0.]), rgb=array([ 255.,  255.,  255.]), text=unicode(...), units='pix', win=Window(...), wrapWidth=500)
7.3035 	EXP 	Created rob0 = ImageStim(autoLog=True, color=array([ 1.,  1.,  1.]), colorSpace='rgb', contrast=1.0, depth=-3.0, flipHoriz=False, flipVert=False, image='robot1.png', interpolate=True, mask=None, maskParams=None, name='rob0', opacity=1.0, ori=0.0, pos=array([-250., -100.]), size=array([ 200.,  200.]), texRes=128, units='pix', win=Window(...))
7.3153 	EXP 	Created robb = ImageStim(autoLog=True, color=array([ 1.,  1.,  1.]), colorSpace='rgb', contrast=1.0, depth=-4.0, flipHoriz=False, flipVert=False, image='robot1.png', interpolate=True, mask=None, maskParams=None, name='robb', opacity=1.0, ori=0.0, pos=array([ 250., -100.]), size=array([ 200.,  200.]), texRes=128, units='pix', win=Window(...))
7.3338 	EXP 	Created na = Polygon(autoDraw=False, autoLog=True, closeShape=True, contrast=1.0, depth=-5.0, fillColor='blue', fillColorSpace='named', fillRGB=array([   0.,    0.,  255.]), interpolate=True, lineColor='blue', lineColorSpace='named', lineRGB=array([   0.,    0.,  255.]), lineWidth=1, name='na', opacity=1.0, ori=array(0.0), pos=array([ 0.,  0.]), size=array([ 1.,  1.]), units='pix', vertices=ndarray(...), win=Window(...))
7.3392 	EXP 	Created nb = Polygon(autoDraw=False, autoLog=True, closeShape=True, contrast=1.0, depth=-6.0, fillColor='blue', fillColorSpace='named', fillRGB=array([   0.,    0.,  255.]), interpolate=True, lineColor='blue', lineColorSpace='named', lineRGB=array([   0.,    0.,  255.]), lineWidth=1, name='nb', opacity=1.0, ori=array(0.0), pos=array([ 0.,  0.]), size=array([ 1.,  1.]), units='pix', vertices=ndarray(...), win=Window(...))
7.3455 	EXP 	Created nc = Polygon(autoDraw=False, autoLog=True, closeShape=True, contrast=1.0, depth=-7.0, fillColor='blue', fillColorSpace='named', fillRGB=array([   0.,    0.,  255.]), interpolate=True, lineColor='blue', lineColorSpace='named', lineRGB=array([   0.,    0.,  255.]), lineWidth=1, name='nc', opacity=1.0, ori=array(0.0), pos=array([ 0.,  0.]), size=array([ 1.,  1.]), units='pix', vertices=ndarray(...), win=Window(...))
7.3480 	EXP 	<method-wrapper '__getattribute__' of attributeSetter object at 0x1108490d0>: vertices = array([[-55.,  20.],
       [ 55.,  20.],
       [ 55., -20.],
       [-55., -20.]])
7.3494 	EXP 	Created s1 = Rect(autoDraw=False, autoLog=True, closeShape=True, contrast=1.0, depth=-8.0, fillColor='black', fillColorSpace='named', fillRGB=array([ 0.,  0.,  0.]), interpolate=True, lineColor='black', lineColorSpace='named', lineRGB=array([ 0.,  0.,  0.]), lineWidth=1, name='s1', opacity=1.0, ori=array(0.0), pos=array([-110., -100.]), size=array([ 1.,  1.]), units='pix', vertices=ndarray(...), win=Window(...))
7.3498 	EXP 	<method-wrapper '__getattribute__' of attributeSetter object at 0x1108490d0>: vertices = array([[-55.,  20.],
       [ 55.,  20.],
       [ 55., -20.],
       [-55., -20.]])
7.3511 	EXP 	Created s2 = Rect(autoDraw=False, autoLog=True, closeShape=True, contrast=1.0, depth=-9.0, fillColor='black', fillColorSpace='named', fillRGB=array([ 0.,  0.,  0.]), interpolate=True, lineColor='black', lineColorSpace='named', lineRGB=array([ 0.,  0.,  0.]), lineWidth=1, name='s2', opacity=1.0, ori=array(0.0), pos=array([   0., -100.]), size=array([ 1.,  1.]), units='pix', vertices=ndarray(...), win=Window(...))
7.3515 	EXP 	<method-wrapper '__getattribute__' of attributeSetter object at 0x1108490d0>: vertices = array([[-55.,  20.],
       [ 55.,  20.],
       [ 55., -20.],
       [-55., -20.]])
7.3531 	EXP 	Created s3 = Rect(autoDraw=False, autoLog=True, closeShape=True, contrast=1.0, depth=-10.0, fillColor='black', fillColorSpace='named', fillRGB=array([ 0.,  0.,  0.]), interpolate=True, lineColor='black', lineColorSpace='named', lineRGB=array([ 0.,  0.,  0.]), lineWidth=1, name='s3', opacity=1.0, ori=array(0.0), pos=array([ 110., -100.]), size=array([ 1.,  1.]), units='pix', vertices=ndarray(...), win=Window(...))
7.8004 	EXP 	Created heart = ImageStim(autoLog=True, color=array([ 1.,  1.,  1.]), colorSpace='rgb', contrast=1.0, depth=-11.0, flipHoriz=False, flipVert=False, image='heart.png', interpolate=True, mask=None, maskParams=None, name='heart', opacity=1.0, ori=0.0, pos=array([   0., -100.]), size=array([ 1.,  1.]), texRes=128, units='pix', win=Window(...))
7.9161 	EXP 	Created text_2 = TextStim(alignHoriz='center', alignVert='center', antialias=True, autoLog=True, bold=False, color='white', colorSpace='named', contrast=1.0, depth=-1.0, flipHoriz=False, flipVert=False, font='Arial', fontFiles=[], height=40, italic=False, name='text_2', opacity=1.0, ori=0, pos=array([ 0.,  0.]), rgb=array([ 255.,  255.,  255.]), text=u"Let's take an example", units='pix', win=Window(...), wrapWidth=500)
7.9257 	EXP 	Created nod1 = Polygon(autoDraw=False, autoLog=True, closeShape=True, contrast=1.0, depth=-2.0, fillColor=array([ 1.,  1.,  1.]), fillColorSpace='rgb', fillRGB=array([ 1.,  1.,  1.]), interpolate=True, lineColor='red', lineColorSpace='named', lineRGB=array([ 255.,    0.,    0.]), lineWidth=1, name='nod1', opacity=1.0, ori=array(0.0), pos=array([ 0.,  0.]), size=array([ 100.,  100.]), units='pix', vertices=ndarray(...), win=Window(...))
7.9321 	EXP 	Created nod2 = Polygon(autoDraw=False, autoLog=True, closeShape=True, contrast=1.0, depth=-3.0, fillColor=array([ 1.,  1.,  1.]), fillColorSpace='rgb', fillRGB=array([ 1.,  1.,  1.]), interpolate=True, lineColor=array([ 1.,  1.,  1.]), lineColorSpace='rgb', lineRGB=array([ 1.,  1.,  1.]), lineWidth=1, name='nod2', opacity=1.0, ori=array(0.0), pos=array([ 0.,  0.]), size=array([ 100.,  100.]), units='pix', vertices=ndarray(...), win=Window(...))
7.9385 	EXP 	Created nod3 = Polygon(autoDraw=False, autoLog=True, closeShape=True, contrast=1.0, depth=-4.0, fillColor=array([ 1.,  1.,  1.]), fillColorSpace='rgb', fillRGB=array([ 1.,  1.,  1.]), interpolate=True, lineColor=array([ 1.,  1.,  1.]), lineColorSpace='rgb', lineRGB=array([ 1.,  1.,  1.]), lineWidth=1, name='nod3', opacity=1.0, ori=array(0.0), pos=array([ 135.,  115.]), size=array([ 100.,  100.]), units='pix', vertices=ndarray(...), win=Window(...))
7.9457 	EXP 	Created nod4 = Polygon(autoDraw=False, autoLog=True, closeShape=True, contrast=1.0, depth=-5.0, fillColor=array([ 1.,  1.,  1.]), fillColorSpace='rgb', fillRGB=array([ 1.,  1.,  1.]), interpolate=True, lineColor=array([ 1.,  1.,  1.]), lineColorSpace='rgb', lineRGB=array([ 1.,  1.,  1.]), lineWidth=1, name='nod4', opacity=1.0, ori=array(0.0), pos=array([ 250.,  115.]), size=array([ 100.,  100.]), units='pix', vertices=ndarray(...), win=Window(...))
7.9587 	EXP 	Created rob1 = ImageStim(autoLog=True, color=array([ 1.,  1.,  1.]), colorSpace='rgb', contrast=1.0, depth=-6.0, flipHoriz=False, flipVert=False, image='robot1.png', interpolate=True, mask=None, maskParams=None, name='rob1', opacity=1.0, ori=1.0, pos=array([  20., -115.]), size=array([ 100.,  100.]), texRes=128, units='pix', win=Window(...))
7.9614 	EXP 	Created rob2 = ImageStim(autoLog=True, color=array([ 1.,  1.,  1.]), colorSpace='rgb', contrast=1.0, depth=-7.0, flipHoriz=False, flipVert=False, image='sin', interpolate=True, mask=None, maskParams=None, name='rob2', opacity=1.0, ori=0.0, pos=array([ 365.,  115.]), size=array([ 100.,  100.]), texRes=128, units='pix', win=Window(...))
7.9618 	EXP 	<method-wrapper '__getattribute__' of attributeSetter object at 0x1108490d0>: vertices = array([[-0.5,  0.5],
       [ 0.5,  0.5],
       [ 0.5, -0.5],
       [-0.5, -0.5]])
7.9632 	EXP 	Created sh1 = Rect(autoDraw=False, autoLog=True, closeShape=True, contrast=1.0, depth=-9.0, fillColor='black', fillColorSpace='named', fillRGB=array([ 0.,  0.,  0.]), interpolate=True, lineColor='black', lineColorSpace='named', lineRGB=array([ 0.,  0.,  0.]), lineWidth=1, name='sh1', opacity=1.0, ori=array(0.0), pos=array([ 20.,   0.]), size=array([ 1.,  1.]), units='pix', vertices=ndarray(...), win=Window(...))
7.9636 	EXP 	<method-wrapper '__getattribute__' of attributeSetter object at 0x1108490d0>: vertices = array([[-30.,  20.],
       [ 30.,  20.],
       [ 30., -20.],
       [-30., -20.]])
7.9651 	EXP 	Created sh2a = Rect(autoDraw=False, autoLog=True, closeShape=True, contrast=1.0, depth=-10.0, fillColor='black', fillColorSpace='named', fillRGB=array([ 0.,  0.,  0.]), interpolate=True, lineColor='black', lineColorSpace='named', lineRGB=array([ 0.,  0.,  0.]), lineWidth=1, name='sh2a', opacity=1.0, ori=array(0.0), pos=array([  50.,  113.]), size=array([ 1.,  1.]), units='pix', vertices=ndarray(...), win=Window(...))
7.9655 	EXP 	<method-wrapper '__getattribute__' of attributeSetter object at 0x1108490d0>: vertices = array([[-20.,  40.],
       [ 20.,  40.],
       [ 20., -40.],
       [-20., -40.]])
7.9669 	EXP 	Created sh2b = Rect(autoDraw=False, autoLog=True, closeShape=True, contrast=1.0, depth=-11.0, fillColor='black', fillColorSpace='named', fillRGB=array([ 0.,  0.,  0.]), interpolate=True, lineColor='black', lineColorSpace='named', lineRGB=array([ 0.,  0.,  0.]), lineWidth=1, name='sh2b', opacity=1.0, ori=array(0.0), pos=array([ 22.,  93.]), size=array([ 1.,  1.]), units='pix', vertices=ndarray(...), win=Window(...))
7.9673 	EXP 	<method-wrapper '__getattribute__' of attributeSetter object at 0x1108490d0>: vertices = array([[-55.,  20.],
       [ 55.,  20.],
       [ 55., -20.],
       [-55., -20.]])
7.9687 	EXP 	Created sh3 = Rect(autoDraw=False, autoLog=True, closeShape=True, contrast=1.0, depth=-12.0, fillColor='black', fillColorSpace='named', fillRGB=array([ 0.,  0.,  0.]), interpolate=True, lineColor='black', lineColorSpace='named', lineRGB=array([ 0.,  0.,  0.]), lineWidth=1, name='sh3', opacity=1.0, ori=array(0.0), pos=array([ 135.,  115.]), size=array([ 1.,  1.]), units='pix', vertices=ndarray(...), win=Window(...))
7.9691 	EXP 	<method-wrapper '__getattribute__' of attributeSetter object at 0x1108490d0>: vertices = array([[-55.,  20.],
       [ 55.,  20.],
       [ 55., -20.],
       [-55., -20.]])
7.9704 	EXP 	Created sh4 = Rect(autoDraw=False, autoLog=True, closeShape=True, contrast=1.0, depth=-13.0, fillColor='black', fillColorSpace='named', fillRGB=array([ 0.,  0.,  0.]), interpolate=True, lineColor='black', lineColorSpace='named', lineRGB=array([ 0.,  0.,  0.]), lineWidth=1, name='sh4', opacity=1.0, ori=array(0.0), pos=array([ 250.,  115.]), size=array([ 1.,  1.]), units='pix', vertices=ndarray(...), win=Window(...))
7.9904 	EXP 	Created star = TextStim(alignHoriz='center', alignVert='center', antialias=True, autoLog=True, bold=False, color='white', colorSpace='named', contrast=1.0, depth=0.0, flipHoriz=False, flipVert=False, font='Arial', fontFiles=[], height=50, italic=False, name='star', opacity=1.0, ori=0, pos=array([ 0.,  0.]), rgb=array([ 255.,  255.,  255.]), text=unicode(...), units='pix', win=Window(...), wrapWidth=500)
7.9911 	EXP 	<method-wrapper '__getattribute__' of attributeSetter object at 0x1108490d0>: vertices = array([[-400.,  450.],
       [ 400.,  450.],
       [ 400., -450.],
       [-400., -450.]])
7.9948 	EXP 	Created whitebackground = Rect(autoDraw=False, autoLog=True, closeShape=True, contrast=1.0, depth=-2.0, fillColor=array([ 1.,  1.,  1.]), fillColorSpace='rgb', fillRGB=array([ 1.,  1.,  1.]), interpolate=True, lineColor=array([ 1.,  1.,  1.]), lineColorSpace='rgb', lineRGB=array([ 1.,  1.,  1.]), lineWidth=0, name='whitebackground', opacity=1.0, ori=array(0.0), pos=array([-560.,    0.]), size=array([ 1.,  1.]), units='pix', vertices=ndarray(...), win=Window(...))
8.0068 	EXP 	Created robotS = ImageStim(autoLog=True, color=array([ 1.,  1.,  1.]), colorSpace='rgb', contrast=1.0, depth=-3.0, flipHoriz=False, flipVert=False, image='robot1.png', interpolate=True, mask=None, maskParams=None, name='robotS', opacity=1.0, ori=0.0, pos=array([ 0.,  0.]), size=array([ 100.,  100.]), texRes=128, units='pix', win=Window(...))
8.0135 	EXP 	Created node1 = Polygon(autoDraw=False, autoLog=True, closeShape=True, contrast=1.0, depth=-4.0, fillColor=array([ 1.,  1.,  1.]), fillColorSpace='rgb', fillRGB=array([ 1.,  1.,  1.]), interpolate=True, lineColor=array([ 1.,  1.,  1.]), lineColorSpace='rgb', lineRGB=array([ 1.,  1.,  1.]), lineWidth=0, name='node1', opacity=1.0, ori=array(0.0), pos=array([ 0.,  0.]), size=array([ 100.,  100.]), units='pix', vertices=ndarray(...), win=Window(...))
8.0205 	EXP 	Created node2 = Polygon(autoDraw=False, autoLog=True, closeShape=True, contrast=1.0, depth=-5.0, fillColor=array([ 1.,  1.,  1.]), fillColorSpace='rgb', fillRGB=array([ 1.,  1.,  1.]), interpolate=True, lineColor=array([ 1.,  1.,  1.]), lineColorSpace='rgb', lineRGB=array([ 1.,  1.,  1.]), lineWidth=0, name='node2', opacity=1.0, ori=array(0.0), pos=array([ 0.,  0.]), size=array([ 100.,  100.]), units='pix', vertices=ndarray(...), win=Window(...))
8.0285 	EXP 	Created node3 = Polygon(autoDraw=False, autoLog=True, closeShape=True, contrast=1.0, depth=-6.0, fillColor=array([ 1.,  1.,  1.]), fillColorSpace='rgb', fillRGB=array([ 1.,  1.,  1.]), interpolate=True, lineColor=array([ 1.,  1.,  1.]), lineColorSpace='rgb', lineRGB=array([ 1.,  1.,  1.]), lineWidth=0, name='node3', opacity=1.0, ori=array(0.0), pos=array([ 0.,  0.]), size=array([ 100.,  100.]), units='pix', vertices=ndarray(...), win=Window(...))
8.0357 	EXP 	Created node4 = Polygon(autoDraw=False, autoLog=True, closeShape=True, contrast=1.0, depth=-7.0, fillColor=array([ 1.,  1.,  1.]), fillColorSpace='rgb', fillRGB=array([ 1.,  1.,  1.]), interpolate=True, lineColor=array([ 1.,  1.,  1.]), lineColorSpace='rgb', lineRGB=array([ 1.,  1.,  1.]), lineWidth=0, name='node4', opacity=1.0, ori=array(0.0), pos=array([ 0.,  0.]), size=array([ 100.,  100.]), units='pix', vertices=ndarray(...), win=Window(...))
8.0427 	EXP 	Created node5 = Polygon(autoDraw=False, autoLog=True, closeShape=True, contrast=1.0, depth=-8.0, fillColor=array([ 1.,  1.,  1.]), fillColorSpace='rgb', fillRGB=array([ 1.,  1.,  1.]), interpolate=True, lineColor=array([ 1.,  1.,  1.]), lineColorSpace='rgb', lineRGB=array([ 1.,  1.,  1.]), lineWidth=0, name='node5', opacity=1.0, ori=array(0.0), pos=array([ 0.,  0.]), size=array([ 100.,  100.]), units='pix', vertices=ndarray(...), win=Window(...))
8.0561 	EXP 	Created robotF = ImageStim(autoLog=True, color=array([ 1.,  1.,  1.]), colorSpace='rgb', contrast=1.0, depth=-9.0, flipHoriz=False, flipVert=False, image='robot1.png', interpolate=True, mask=None, maskParams=None, name='robotF', opacity=1.0, ori=0.0, pos=array([ 0.,  0.]), size=array([ 100.,  100.]), texRes=128, units='pix', win=Window(...))
8.0666 	EXP 	Created select1 = Polygon(autoDraw=False, autoLog=True, closeShape=True, contrast=1.0, depth=-10.0, fillColor='red', fillColorSpace='named', fillRGB=array([ 255.,    0.,    0.]), interpolate=True, lineColor=array([ 1.,  1.,  1.]), lineColorSpace='rgb', lineRGB=array([ 1.,  1.,  1.]), lineWidth=0, name='select1', opacity=1.0, ori=array(0.0), pos=array([-630.,    0.]), size=array([ 100.,  100.]), units='pix', vertices=ndarray(...), win=Window(...))
8.0741 	EXP 	Created select2 = Polygon(autoDraw=False, autoLog=True, closeShape=True, contrast=1.0, depth=-11.0, fillColor='blue', fillColorSpace='named', fillRGB=array([   0.,    0.,  255.]), interpolate=True, lineColor=array([ 1.,  1.,  1.]), lineColorSpace='rgb', lineRGB=array([ 1.,  1.,  1.]), lineWidth=0, name='select2', opacity=1.0, ori=array(0.0), pos=array([-630., -120.]), size=array([ 100.,  100.]), units='pix', vertices=ndarray(...), win=Window(...))
8.0800 	EXP 	Created select3 = Polygon(autoDraw=False, autoLog=True, closeShape=True, contrast=1.0, depth=-12.0, fillColor='yellow', fillColorSpace='named', fillRGB=array([ 255.,  255.,    0.]), interpolate=True, lineColor=array([ 1.,  1.,  1.]), lineColorSpace='rgb', lineRGB=array([ 1.,  1.,  1.]), lineWidth=0, name='select3', opacity=1.0, ori=array(0.0), pos=array([-630., -240.]), size=array([ 100.,  100.]), units='pix', vertices=ndarray(...), win=Window(...))
8.0858 	EXP 	Created select4 = Polygon(autoDraw=False, autoLog=True, closeShape=True, contrast=1.0, depth=-13.0, fillColor='green', fillColorSpace='named', fillRGB=array([   0.,  128.,    0.]), interpolate=True, lineColor=array([ 1.,  1.,  1.]), lineColorSpace='rgb', lineRGB=array([ 1.,  1.,  1.]), lineWidth=0, name='select4', opacity=1.0, ori=array(0.0), pos=array([-630., -360.]), size=array([ 100.,  100.]), units='pix', vertices=ndarray(...), win=Window(...))
8.1232 	EXP 	Created selection = ImageStim(autoLog=True, color=array([ 1.,  1.,  1.]), colorSpace='rgb', contrast=1.0, depth=-14.0, flipHoriz=False, flipVert=False, image='mastershapes.png', interpolate=True, mask=None, maskParams=None, name='selection', opacity=1.0, ori=0.0, pos=array([ 0.,  0.]), size=array([ 500.,  400.]), texRes=128, units='pix', win=Window(...))
8.1730 	EXP 	Created sel = TextStim(alignHoriz='center', alignVert='center', antialias=True, autoLog=True, bold=False, color='black', colorSpace='named', contrast=1.0, depth=-15.0, flipHoriz=False, flipVert=False, font='Arial', fontFiles=[], height=30, italic=False, name='sel', opacity=1.0, ori=0, pos=array([-450.,  250.]), rgb=array([ 0.,  0.,  0.]), text=unicode(...), units='pix', win=Window(...), wrapWidth=500)
8.1890 	EXP 	Created Evaluation = TextStim(alignHoriz='center', alignVert='center', antialias=True, autoLog=True, bold=False, color=u'white', colorSpace='named', contrast=1.0, depth=-1.0, flipHoriz=False, flipVert=False, font=u'Arial', fontFiles=[], height=40, italic=False, name='Evaluation', opacity=1.0, ori=0, pos=array([   0.,  300.]), rgb=array([ 255.,  255.,  255.]), text=unicode(...), units='pix', win=Window(...), wrapWidth=500)
8.1973 	EXP 	Created polygon = Polygon(autoDraw=False, autoLog=True, closeShape=True, contrast=1.0, depth=-2.0, fillColor=array([ 1.,  1.,  1.]), fillColorSpace='rgb', fillRGB=array([ 1.,  1.,  1.]), interpolate=True, lineColor=array([ 1.,  1.,  1.]), lineColorSpace='rgb', lineRGB=array([ 1.,  1.,  1.]), lineWidth=1, name='polygon', opacity=1.0, ori=array(0.0), pos=array([ 0.,  0.]), size=array([ 100.,  100.]), units='pix', vertices=ndarray(...), win=Window(...))
8.2075 	EXP 	Created polygon_2 = Polygon(autoDraw=False, autoLog=True, closeShape=True, contrast=1.0, depth=-3.0, fillColor=array([ 1.,  1.,  1.]), fillColorSpace='rgb', fillRGB=array([ 1.,  1.,  1.]), interpolate=True, lineColor=array([ 1.,  1.,  1.]), lineColorSpace='rgb', lineRGB=array([ 1.,  1.,  1.]), lineWidth=1, name='polygon_2', opacity=1.0, ori=array(0.0), pos=array([ 0.,  0.]), size=array([ 100.,  100.]), units='pix', vertices=ndarray(...), win=Window(...))
8.2141 	EXP 	Created polygon_3 = Polygon(autoDraw=False, autoLog=True, closeShape=True, contrast=1.0, depth=-4.0, fillColor=array([ 1.,  1.,  1.]), fillColorSpace='rgb', fillRGB=array([ 1.,  1.,  1.]), interpolate=True, lineColor=array([ 1.,  1.,  1.]), lineColorSpace='rgb', lineRGB=array([ 1.,  1.,  1.]), lineWidth=1, name='polygon_3', opacity=1.0, ori=array(0.0), pos=array([ 0.,  0.]), size=array([ 100.,  100.]), units='pix', vertices=ndarray(...), win=Window(...))
8.2216 	EXP 	Created polygon_4 = Polygon(autoDraw=False, autoLog=True, closeShape=True, contrast=1.0, depth=-5.0, fillColor=array([ 1.,  1.,  1.]), fillColorSpace='rgb', fillRGB=array([ 1.,  1.,  1.]), interpolate=True, lineColor=array([ 1.,  1.,  1.]), lineColorSpace='rgb', lineRGB=array([ 1.,  1.,  1.]), lineWidth=1, name='polygon_4', opacity=1.0, ori=array(0.0), pos=array([ 0.,  0.]), size=array([ 100.,  100.]), units='pix', vertices=ndarray(...), win=Window(...))
8.2294 	EXP 	Created polygon_5 = Polygon(autoDraw=False, autoLog=True, closeShape=True, contrast=1.0, depth=-6.0, fillColor=array([ 1.,  1.,  1.]), fillColorSpace='rgb', fillRGB=array([ 1.,  1.,  1.]), interpolate=True, lineColor=array([ 1.,  1.,  1.]), lineColorSpace='rgb', lineRGB=array([ 1.,  1.,  1.]), lineWidth=1, name='polygon_5', opacity=1.0, ori=array(0.0), pos=array([ 0.,  0.]), size=array([ 100.,  100.]), units='pix', vertices=ndarray(...), win=Window(...))
8.2358 	EXP 	Created choice = TextStim(alignHoriz='center', alignVert='center', antialias=True, autoLog=True, bold=False, color='white', colorSpace='named', contrast=1.0, depth=-7.0, flipHoriz=False, flipVert=False, font='Arial', fontFiles=[], height=50, italic=False, name='choice', opacity=1.0, ori=0, pos=array([   0., -300.]), rgb=array([ 255.,  255.,  255.]), text=u'default text', units='pix', win=Window(...), wrapWidth=500)
8.2485 	EXP 	Created ro = ImageStim(autoLog=True, color=array([ 1.,  1.,  1.]), colorSpace='rgb', contrast=1.0, depth=-8.0, flipHoriz=False, flipVert=False, image='robot1.png', interpolate=True, mask=None, maskParams=None, name='ro', opacity=1.0, ori=0.0, pos=array([ 0.,  0.]), size=array([ 100.,  100.]), texRes=128, units='pix', win=Window(...))
8.2625 	EXP 	Created rq = ImageStim(autoLog=True, color=array([ 1.,  1.,  1.]), colorSpace='rgb', contrast=1.0, depth=-9.0, flipHoriz=False, flipVert=False, image='robot1.png', interpolate=True, mask=None, maskParams=None, name='rq', opacity=1.0, ori=0.0, pos=array([ 0.,  0.]), size=array([ 100.,  100.]), texRes=128, units='pix', win=Window(...))
8.2681 	EXP 	Created feedback = TextStim(alignHoriz='center', alignVert='center', antialias=True, autoLog=True, bold=False, color=u'white', colorSpace='named', contrast=1.0, depth=-1.0, flipHoriz=False, flipVert=False, font=u'Arial', fontFiles=[], height=50, italic=False, name='feedback', opacity=1.0, ori=0, pos=array([ 0.,  0.]), rgb=array([ 255.,  255.,  255.]), text=u'default text', units='pix', win=Window(...), wrapWidth=500)
8.2754 	EXP 	Created thankyou = TextStim(alignHoriz='center', alignVert='center', antialias=True, autoLog=True, bold=False, color='white', colorSpace='named', contrast=1.0, depth=0.0, flipHoriz=False, flipVert=False, font='Arial', fontFiles=[], height=50, italic=False, name='thankyou', opacity=1.0, ori=0, pos=array([ 0.,  0.]), rgb=array([ 255.,  255.,  255.]), text=u'Thank you for your participation.\n', units='pix', win=Window(...), wrapWidth=500)
8.2980 	EXP 	instruct: pos = array([   0.,  150.])
8.2980 	EXP 	na: pos = array([-110., -100.])
8.2980 	EXP 	na: size = array([ 100.,  100.])
8.2980 	EXP 	nb: pos = array([   0., -100.])
8.2980 	EXP 	nb: size = array([ 100.,  100.])
8.2980 	EXP 	nc: pos = array([ 110., -100.])
8.2980 	EXP 	nc: size = array([ 100.,  100.])
8.2980 	EXP 	welcome: autoDraw = True
11.2816 	EXP 	welcome: autoDraw = False
11.2982 	EXP 	instruct: autoDraw = True
14.2980 	EXP 	rob0: autoDraw = True
14.2980 	EXP 	robb: autoDraw = True
14.7986 	EXP 	na: autoDraw = True
15.2986 	EXP 	nb: autoDraw = True
15.7987 	EXP 	nc: autoDraw = True
16.7988 	EXP 	s1: autoDraw = True
17.7989 	EXP 	s2: autoDraw = True
18.7990 	EXP 	s3: autoDraw = True
22.2827 	EXP 	na: autoDraw = False
22.2827 	EXP 	nb: autoDraw = False
22.2827 	EXP 	nc: autoDraw = False
22.2827 	EXP 	s1: autoDraw = False
22.2827 	EXP 	s2: autoDraw = False
22.2827 	EXP 	s3: autoDraw = False
22.2993 	EXP 	heart: autoDraw = True
26.2997 	EXP 	instruct: autoDraw = False
26.2997 	EXP 	rob0: autoDraw = False
26.2997 	EXP 	robb: autoDraw = False
26.2997 	EXP 	heart: autoDraw = False
26.2997 	EXP 	welcome: autoDraw = False
26.2997 	EXP 	instruct: autoDraw = False
26.2997 	EXP 	rob0: autoDraw = False
26.2997 	EXP 	robb: autoDraw = False
26.2997 	EXP 	na: autoDraw = False
26.2997 	EXP 	nb: autoDraw = False
26.2997 	EXP 	nc: autoDraw = False
26.2997 	EXP 	s1: autoDraw = False
26.2997 	EXP 	s2: autoDraw = False
26.2997 	EXP 	s3: autoDraw = False
26.2997 	EXP 	heart: autoDraw = False
26.2997 	EXP 	text_2: pos = array([-300.,  300.])
26.2997 	EXP 	nod1: fillColor = 'red (named)'
26.2997 	EXP 	nod1: pos = array([ 20.,   0.])
26.2997 	EXP 	nod2: fillColor = 'yellow (named)'
26.2997 	EXP 	nod2: pos = array([  20.,  115.])
26.2997 	EXP 	nod2: lineColor = 'yellow (named)'
26.2997 	EXP 	nod3: fillColor = 'blue (named)'
26.2997 	EXP 	nod3: lineColor = 'blue (named)'
26.2997 	EXP 	nod4: fillColor = 'blue (named)'
26.2997 	EXP 	nod4: lineColor = 'blue (named)'
26.2997 	EXP 	rob1: ori = 0.0
26.2997 	EXP 	rob2: image = 'robot1.png'
26.2997 	EXP 	sh1: size = array([  40.,  110.])
26.2997 	EXP 	text_2: autoDraw = True
26.2997 	EXP 	nod1: autoDraw = True
26.2997 	EXP 	nod2: autoDraw = True
26.2997 	EXP 	nod3: autoDraw = True
26.2997 	EXP 	nod4: autoDraw = True
26.2997 	EXP 	rob1: autoDraw = True
26.2997 	EXP 	rob2: autoDraw = True
28.2833 	EXP 	sh1: autoDraw = True
28.7832 	EXP 	sh2a: autoDraw = True
28.7832 	EXP 	sh2b: autoDraw = True
29.3000 	EXP 	sh3: autoDraw = True
29.7835 	EXP 	sh4: autoDraw = True
32.6616 	DATA 	Keypress: space
32.6839 	EXP 	text_2: autoDraw = False
32.6839 	EXP 	nod1: autoDraw = False
32.6839 	EXP 	nod2: autoDraw = False
32.6839 	EXP 	nod3: autoDraw = False
32.6839 	EXP 	nod4: autoDraw = False
32.6839 	EXP 	rob1: autoDraw = False
32.6839 	EXP 	rob2: autoDraw = False
32.6839 	EXP 	sh1: autoDraw = False
32.6839 	EXP 	sh2a: autoDraw = False
32.6839 	EXP 	sh2b: autoDraw = False
32.6839 	EXP 	sh3: autoDraw = False
32.6839 	EXP 	sh4: autoDraw = False
32.6839 	EXP 	star: autoDraw = True
33.7877 	DATA 	Keypress: space
33.8125 	EXP 	Imported designs.xlsx as conditions, 4 conditions, 16 params
33.8131 	EXP 	Created sequence: sequential, trialTypes=4, nReps=1, seed=None
33.8142 	EXP 	New trial (rep=0, index=0): {u'n2col': u'blue', u'n4col': u'red', u'n3col': u'green', u'r4': u'd', u'n1col': u'blue', u'r1': u'a', u'r2': u'b', u'rs': u'LOC21', u'r3': u'c', u're': u'LOC9', u'n5col': u'red', u'n1': u'LOC22', u'n2': u'LOC23', u'n3': u'LOC24', u'n4': u'LOC19', u'n5': u'LOC14'}
33.8341 	EXP 	star: autoDraw = False
33.8341 	EXP 	robotS: pos = array([  20., -230.])
33.8341 	EXP 	node1: fillColor = u'blue (named)'
33.8341 	EXP 	node1: pos = array([ 135., -230.])
33.8341 	EXP 	node2: fillColor = u'blue (named)'
33.8341 	EXP 	node2: pos = array([ 250., -230.])
33.8341 	EXP 	node3: fillColor = u'green (named)'
33.8341 	EXP 	node3: pos = array([ 365., -230.])
33.8341 	EXP 	node4: fillColor = u'red (named)'
33.8341 	EXP 	node4: pos = array([ 365., -115.])
33.8341 	EXP 	node5: fillColor = u'red (named)'
33.8341 	EXP 	node5: pos = array([ 365.,    0.])
33.8341 	EXP 	robotF: pos = array([ 365.,  115.])
33.8341 	EXP 	whitebackground: autoDraw = True
33.8341 	EXP 	robotS: autoDraw = True
33.8341 	EXP 	node1: autoDraw = True
33.8341 	EXP 	node2: autoDraw = True
33.8341 	EXP 	node3: autoDraw = True
33.8341 	EXP 	node4: autoDraw = True
33.8341 	EXP 	node5: autoDraw = True
33.8341 	EXP 	robotF: autoDraw = True
33.8341 	EXP 	select1: autoDraw = True
33.8341 	EXP 	select2: autoDraw = True
33.8341 	EXP 	select3: autoDraw = True
33.8341 	EXP 	select4: autoDraw = True
33.8341 	EXP 	selection: autoDraw = True
33.8341 	EXP 	sel: autoDraw = True
34.9880 	DATA 	Keypress: a
35.1885 	DATA 	Keypress: a
35.3881 	DATA 	Keypress: a
35.5745 	DATA 	Keypress: a
35.5890 	EXP 	New trial (rep=0, index=1): {u'n2col': u'yellow', u'n4col': u'green', u'n3col': u'blue', u'r4': u'd', u'n1col': u'red', u'r1': u'a', u'r2': u'b', u'rs': u'LOC21', u'r3': u'c', u're': u'LOC3', u'n5col': u'red', u'n1': u'LOC16', u'n2': u'LOC11', u'n3': u'LOC12', u'n4': u'LOC13', u'n5': u'LOC8'}
35.6178 	EXP 	whitebackground: autoDraw = False
35.6178 	EXP 	robotS: autoDraw = False
35.6178 	EXP 	node1: autoDraw = False
35.6178 	EXP 	node2: autoDraw = False
35.6178 	EXP 	node3: autoDraw = False
35.6178 	EXP 	node4: autoDraw = False
35.6178 	EXP 	node5: autoDraw = False
35.6178 	EXP 	robotF: autoDraw = False
35.6178 	EXP 	select1: autoDraw = False
35.6178 	EXP 	select2: autoDraw = False
35.6178 	EXP 	select3: autoDraw = False
35.6178 	EXP 	select4: autoDraw = False
35.6178 	EXP 	selection: autoDraw = False
35.6178 	EXP 	sel: autoDraw = False
35.6178 	EXP 	robotS: pos = array([  20., -230.])
35.6178 	EXP 	node1: fillColor = u'red (named)'
35.6178 	EXP 	node1: pos = array([  20., -115.])
35.6178 	EXP 	node2: fillColor = u'yellow (named)'
35.6178 	EXP 	node2: pos = array([ 20.,   0.])
35.6178 	EXP 	node3: fillColor = u'blue (named)'
35.6178 	EXP 	node3: pos = array([ 135.,    0.])
35.6178 	EXP 	node4: fillColor = u'green (named)'
35.6178 	EXP 	node4: pos = array([ 250.,    0.])
35.6178 	EXP 	node5: fillColor = u'red (named)'
35.6178 	EXP 	node5: pos = array([ 250.,  115.])
35.6178 	EXP 	robotF: pos = array([ 250.,  230.])
35.6178 	EXP 	whitebackground: autoDraw = True
35.6178 	EXP 	robotS: autoDraw = True
35.6178 	EXP 	node1: autoDraw = True
35.6178 	EXP 	node2: autoDraw = True
35.6178 	EXP 	node3: autoDraw = True
35.6178 	EXP 	node4: autoDraw = True
35.6178 	EXP 	node5: autoDraw = True
35.6178 	EXP 	robotF: autoDraw = True
35.6178 	EXP 	select1: autoDraw = True
35.6178 	EXP 	select2: autoDraw = True
35.6178 	EXP 	select3: autoDraw = True
35.6178 	EXP 	select4: autoDraw = True
35.6178 	EXP 	selection: autoDraw = True
35.6178 	EXP 	sel: autoDraw = True
35.9049 	DATA 	Keypress: a
36.0887 	DATA 	Keypress: a
36.3549 	DATA 	Keypress: a
36.6210 	DATA 	Keypress: a
36.6239 	EXP 	New trial (rep=0, index=2): {u'n2col': u'red', u'n4col': u'blue', u'n3col': u'yellow', u'r4': u'd', u'n1col': u'red', u'r1': u'a', u'r2': u'b', u'rs': u'LOC22', u'r3': u'c', u're': u'LOC10', u'n5col': u'blue', u'n1': u'LOC17', u'n2': u'LOC12', u'n3': u'LOC7', u'n4': u'LOC8', u'n5': u'LOC9'}
36.6512 	EXP 	whitebackground: autoDraw = False
36.6512 	EXP 	robotS: autoDraw = False
36.6512 	EXP 	node1: autoDraw = False
36.6512 	EXP 	node2: autoDraw = False
36.6512 	EXP 	node3: autoDraw = False
36.6512 	EXP 	node4: autoDraw = False
36.6512 	EXP 	node5: autoDraw = False
36.6512 	EXP 	robotF: autoDraw = False
36.6512 	EXP 	select1: autoDraw = False
36.6512 	EXP 	select2: autoDraw = False
36.6512 	EXP 	select3: autoDraw = False
36.6512 	EXP 	select4: autoDraw = False
36.6512 	EXP 	selection: autoDraw = False
36.6512 	EXP 	sel: autoDraw = False
36.6512 	EXP 	robotS: pos = array([ 135., -230.])
36.6512 	EXP 	node1: fillColor = u'red (named)'
36.6512 	EXP 	node1: pos = array([ 135., -115.])
36.6512 	EXP 	node2: fillColor = u'red (named)'
36.6512 	EXP 	node2: pos = array([ 135.,    0.])
36.6512 	EXP 	node3: fillColor = u'yellow (named)'
36.6512 	EXP 	node3: pos = array([ 135.,  115.])
36.6512 	EXP 	node4: fillColor = u'blue (named)'
36.6512 	EXP 	node4: pos = array([ 250.,  115.])
36.6512 	EXP 	node5: fillColor = u'blue (named)'
36.6512 	EXP 	node5: pos = array([ 365.,  115.])
36.6512 	EXP 	robotF: pos = array([ 480.,  115.])
36.6512 	EXP 	whitebackground: autoDraw = True
36.6512 	EXP 	robotS: autoDraw = True
36.6512 	EXP 	node1: autoDraw = True
36.6512 	EXP 	node2: autoDraw = True
36.6512 	EXP 	node3: autoDraw = True
36.6512 	EXP 	node4: autoDraw = True
36.6512 	EXP 	node5: autoDraw = True
36.6512 	EXP 	robotF: autoDraw = True
36.6512 	EXP 	select1: autoDraw = True
36.6512 	EXP 	select2: autoDraw = True
36.6512 	EXP 	select3: autoDraw = True
36.6512 	EXP 	select4: autoDraw = True
36.6512 	EXP 	selection: autoDraw = True
36.6512 	EXP 	sel: autoDraw = True
36.8551 	DATA 	Keypress: a
37.0745 	DATA 	Keypress: a
37.3379 	DATA 	Keypress: a
37.6379 	DATA 	Keypress: a
37.6405 	EXP 	New trial (rep=0, index=3): {u'n2col': u'yellow', u'n4col': u'yellow', u'n3col': u'green', u'r4': u'd', u'n1col': u'green', u'r1': u'a', u'r2': u'b', u'rs': u'LOC16', u'r3': u'c', u're': u'LOC10', u'n5col': u'blue', u'n1': u'LOC17', u'n2': u'LOC12', u'n3': u'LOC13', u'n4': u'LOC8', u'n5': u'LOC9'}
37.6679 	EXP 	whitebackground: autoDraw = False
37.6679 	EXP 	robotS: autoDraw = False
37.6679 	EXP 	node1: autoDraw = False
37.6679 	EXP 	node2: autoDraw = False
37.6679 	EXP 	node3: autoDraw = False
37.6679 	EXP 	node4: autoDraw = False
37.6679 	EXP 	node5: autoDraw = False
37.6679 	EXP 	robotF: autoDraw = False
37.6679 	EXP 	select1: autoDraw = False
37.6679 	EXP 	select2: autoDraw = False
37.6679 	EXP 	select3: autoDraw = False
37.6679 	EXP 	select4: autoDraw = False
37.6679 	EXP 	selection: autoDraw = False
37.6679 	EXP 	sel: autoDraw = False
37.6679 	EXP 	robotS: pos = array([  20., -115.])
37.6679 	EXP 	node1: fillColor = u'green (named)'
37.6679 	EXP 	node1: pos = array([ 135., -115.])
37.6679 	EXP 	node2: fillColor = u'yellow (named)'
37.6679 	EXP 	node2: pos = array([ 135.,    0.])
37.6679 	EXP 	node3: fillColor = u'green (named)'
37.6679 	EXP 	node3: pos = array([ 250.,    0.])
37.6679 	EXP 	node4: fillColor = u'yellow (named)'
37.6679 	EXP 	node4: pos = array([ 250.,  115.])
37.6679 	EXP 	node5: fillColor = u'blue (named)'
37.6679 	EXP 	node5: pos = array([ 365.,  115.])
37.6679 	EXP 	robotF: pos = array([ 480.,  115.])
37.6679 	EXP 	whitebackground: autoDraw = True
37.6679 	EXP 	robotS: autoDraw = True
37.6679 	EXP 	node1: autoDraw = True
37.6679 	EXP 	node2: autoDraw = True
37.6679 	EXP 	node3: autoDraw = True
37.6679 	EXP 	node4: autoDraw = True
37.6679 	EXP 	node5: autoDraw = True
37.6679 	EXP 	robotF: autoDraw = True
37.6679 	EXP 	select1: autoDraw = True
37.6679 	EXP 	select2: autoDraw = True
37.6679 	EXP 	select3: autoDraw = True
37.6679 	EXP 	select4: autoDraw = True
37.6679 	EXP 	selection: autoDraw = True
37.6679 	EXP 	sel: autoDraw = True
38.0217 	DATA 	Keypress: a
38.2221 	DATA 	Keypress: a
38.4047 	DATA 	Keypress: a
38.8416 	DATA 	Keypress: a
38.8744 	EXP 	Imported designs1.xlsx as conditions, 2 conditions, 13 params
38.8750 	EXP 	Created sequence: random, trialTypes=2, nReps=5, seed=None
38.8757 	EXP 	New trial (rep=0, index=0): {u'n1col': u'green', u'n2col': u'yellow', u'n4col': u'yellow', u'rs': u'LOC16', u'n3col': u'green', u're': u'LOC10', u'corrAns': u'y', u'n5col': u'blue', u'n1': u'LOC17', u'n2': u'LOC12', u'n3': u'LOC13', u'n4': u'LOC8', u'n5': u'LOC9'}
38.9011 	EXP 	whitebackground: autoDraw = False
38.9011 	EXP 	robotS: autoDraw = False
38.9011 	EXP 	node1: autoDraw = False
38.9011 	EXP 	node2: autoDraw = False
38.9011 	EXP 	node3: autoDraw = False
38.9011 	EXP 	node4: autoDraw = False
38.9011 	EXP 	node5: autoDraw = False
38.9011 	EXP 	robotF: autoDraw = False
38.9011 	EXP 	select1: autoDraw = False
38.9011 	EXP 	select2: autoDraw = False
38.9011 	EXP 	select3: autoDraw = False
38.9011 	EXP 	select4: autoDraw = False
38.9011 	EXP 	selection: autoDraw = False
38.9011 	EXP 	sel: autoDraw = False
38.9011 	EXP 	polygon: fillColor = u'green (named)'
38.9011 	EXP 	polygon: pos = array([ 135., -115.])
38.9011 	EXP 	polygon_2: fillColor = u'yellow (named)'
38.9011 	EXP 	polygon_2: pos = array([ 135.,    0.])
38.9011 	EXP 	polygon_3: fillColor = u'green (named)'
38.9011 	EXP 	polygon_3: pos = array([ 250.,    0.])
38.9011 	EXP 	polygon_4: fillColor = u'yellow (named)'
38.9011 	EXP 	polygon_4: pos = array([ 250.,  115.])
38.9011 	EXP 	polygon_5: fillColor = u'blue (named)'
38.9011 	EXP 	polygon_5: pos = array([ 365.,  115.])
38.9011 	EXP 	choice: text = "Press 'y' for Yes  \nPress 'n' for No"
38.9011 	EXP 	ro: color = '[ 1.  1.  1.] (rgb)'
38.9011 	EXP 	ro: pos = array([  20., -115.])
38.9011 	EXP 	rq: color = '[ 1.  1.  1.] (rgb)'
38.9011 	EXP 	rq: pos = array([ 480.,  115.])
38.9011 	EXP 	Evaluation: autoDraw = True
38.9011 	EXP 	polygon: autoDraw = True
38.9011 	EXP 	polygon_2: autoDraw = True
38.9011 	EXP 	polygon_3: autoDraw = True
38.9011 	EXP 	polygon_4: autoDraw = True
38.9011 	EXP 	polygon_5: autoDraw = True
38.9011 	EXP 	choice: autoDraw = True
38.9011 	EXP 	ro: autoDraw = True
38.9011 	EXP 	rq: autoDraw = True
51.0060 	DATA 	Keypress: n
51.0359 	EXP 	Evaluation: autoDraw = False
51.0359 	EXP 	polygon: autoDraw = False
51.0359 	EXP 	polygon_2: autoDraw = False
51.0359 	EXP 	polygon_3: autoDraw = False
51.0359 	EXP 	polygon_4: autoDraw = False
51.0359 	EXP 	polygon_5: autoDraw = False
51.0359 	EXP 	choice: autoDraw = False
51.0359 	EXP 	ro: autoDraw = False
51.0359 	EXP 	rq: autoDraw = False
51.0359 	EXP 	feedback: text = 'Oops, so sorry'
51.0359 	EXP 	feedback: autoDraw = True
56.0044 	EXP 	New trial (rep=0, index=1): {u'n1col': u'blue', u'n2col': u'yellow', u'n4col': u'yellow', u'rs': u'LOC16', u'n3col': u'red', u're': u'LOC10', u'corrAns': u'n', u'n5col': u'blue', u'n1': u'LOC17', u'n2': u'LOC12', u'n3': u'LOC13', u'n4': u'LOC8', u'n5': u'LOC9'}
56.0199 	EXP 	feedback: autoDraw = False
56.0199 	EXP 	feedback: autoDraw = False
56.0199 	EXP 	polygon: fillColor = u'blue (named)'
56.0199 	EXP 	polygon: pos = array([ 135., -115.])
56.0199 	EXP 	polygon_2: fillColor = u'yellow (named)'
56.0199 	EXP 	polygon_2: pos = array([ 135.,    0.])
56.0199 	EXP 	polygon_3: fillColor = u'red (named)'
56.0199 	EXP 	polygon_3: pos = array([ 250.,    0.])
56.0199 	EXP 	polygon_4: fillColor = u'yellow (named)'
56.0199 	EXP 	polygon_4: pos = array([ 250.,  115.])
56.0199 	EXP 	polygon_5: fillColor = u'blue (named)'
56.0199 	EXP 	polygon_5: pos = array([ 365.,  115.])
56.0199 	EXP 	choice: text = "Press 'y' for Yes  \nPress 'n' for No"
56.0199 	EXP 	ro: color = '[ 1.  1.  1.] (rgb)'
56.0199 	EXP 	ro: pos = array([  20., -115.])
56.0199 	EXP 	rq: color = '[ 1.  1.  1.] (rgb)'
56.0199 	EXP 	rq: pos = array([ 480.,  115.])
56.0199 	EXP 	Evaluation: autoDraw = True
56.0199 	EXP 	polygon: autoDraw = True
56.0199 	EXP 	polygon_2: autoDraw = True
56.0199 	EXP 	polygon_3: autoDraw = True
56.0199 	EXP 	polygon_4: autoDraw = True
56.0199 	EXP 	polygon_5: autoDraw = True
56.0199 	EXP 	choice: autoDraw = True
56.0199 	EXP 	ro: autoDraw = True
56.0199 	EXP 	rq: autoDraw = True
57.2766 	DATA 	Keypress: y
57.3033 	EXP 	Evaluation: autoDraw = False
57.3033 	EXP 	polygon: autoDraw = False
57.3033 	EXP 	polygon_2: autoDraw = False
57.3033 	EXP 	polygon_3: autoDraw = False
57.3033 	EXP 	polygon_4: autoDraw = False
57.3033 	EXP 	polygon_5: autoDraw = False
57.3033 	EXP 	choice: autoDraw = False
57.3033 	EXP 	ro: autoDraw = False
57.3033 	EXP 	rq: autoDraw = False
57.3033 	EXP 	feedback: text = 'Oops, so sorry'
57.3033 	EXP 	feedback: autoDraw = True
62.2886 	EXP 	New trial (rep=1, index=0): {u'n1col': u'green', u'n2col': u'yellow', u'n4col': u'yellow', u'rs': u'LOC16', u'n3col': u'green', u're': u'LOC10', u'corrAns': u'y', u'n5col': u'blue', u'n1': u'LOC17', u'n2': u'LOC12', u'n3': u'LOC13', u'n4': u'LOC8', u'n5': u'LOC9'}
62.3037 	EXP 	feedback: autoDraw = False
62.3037 	EXP 	feedback: autoDraw = False
62.3037 	EXP 	polygon: fillColor = u'green (named)'
62.3037 	EXP 	polygon: pos = array([ 135., -115.])
62.3037 	EXP 	polygon_2: fillColor = u'yellow (named)'
62.3037 	EXP 	polygon_2: pos = array([ 135.,    0.])
62.3037 	EXP 	polygon_3: fillColor = u'green (named)'
62.3037 	EXP 	polygon_3: pos = array([ 250.,    0.])
62.3037 	EXP 	polygon_4: fillColor = u'yellow (named)'
62.3037 	EXP 	polygon_4: pos = array([ 250.,  115.])
62.3037 	EXP 	polygon_5: fillColor = u'blue (named)'
62.3037 	EXP 	polygon_5: pos = array([ 365.,  115.])
62.3037 	EXP 	choice: text = "Press 'y' for Yes  \nPress 'n' for No"
62.3037 	EXP 	ro: color = '[ 1.  1.  1.] (rgb)'
62.3037 	EXP 	ro: pos = array([  20., -115.])
62.3037 	EXP 	rq: color = '[ 1.  1.  1.] (rgb)'
62.3037 	EXP 	rq: pos = array([ 480.,  115.])
62.3037 	EXP 	Evaluation: autoDraw = True
62.3037 	EXP 	polygon: autoDraw = True
62.3037 	EXP 	polygon_2: autoDraw = True
62.3037 	EXP 	polygon_3: autoDraw = True
62.3037 	EXP 	polygon_4: autoDraw = True
62.3037 	EXP 	polygon_5: autoDraw = True
62.3037 	EXP 	choice: autoDraw = True
62.3037 	EXP 	ro: autoDraw = True
62.3037 	EXP 	rq: autoDraw = True
67.6742 	DATA 	Keypress: y
67.7043 	EXP 	Evaluation: autoDraw = False
67.7043 	EXP 	polygon: autoDraw = False
67.7043 	EXP 	polygon_2: autoDraw = False
67.7043 	EXP 	polygon_3: autoDraw = False
67.7043 	EXP 	polygon_4: autoDraw = False
67.7043 	EXP 	polygon_5: autoDraw = False
67.7043 	EXP 	choice: autoDraw = False
67.7043 	EXP 	ro: autoDraw = False
67.7043 	EXP 	rq: autoDraw = False
67.7043 	EXP 	feedback: text = 'Fabulous!'
67.7043 	EXP 	feedback: autoDraw = True
72.6728 	EXP 	New trial (rep=1, index=1): {u'n1col': u'blue', u'n2col': u'yellow', u'n4col': u'yellow', u'rs': u'LOC16', u'n3col': u'red', u're': u'LOC10', u'corrAns': u'n', u'n5col': u'blue', u'n1': u'LOC17', u'n2': u'LOC12', u'n3': u'LOC13', u'n4': u'LOC8', u'n5': u'LOC9'}
72.6882 	EXP 	feedback: autoDraw = False
72.6882 	EXP 	feedback: autoDraw = False
72.6882 	EXP 	polygon: fillColor = u'blue (named)'
72.6882 	EXP 	polygon: pos = array([ 135., -115.])
72.6882 	EXP 	polygon_2: fillColor = u'yellow (named)'
72.6882 	EXP 	polygon_2: pos = array([ 135.,    0.])
72.6882 	EXP 	polygon_3: fillColor = u'red (named)'
72.6882 	EXP 	polygon_3: pos = array([ 250.,    0.])
72.6882 	EXP 	polygon_4: fillColor = u'yellow (named)'
72.6882 	EXP 	polygon_4: pos = array([ 250.,  115.])
72.6882 	EXP 	polygon_5: fillColor = u'blue (named)'
72.6882 	EXP 	polygon_5: pos = array([ 365.,  115.])
72.6882 	EXP 	choice: text = "Press 'y' for Yes  \nPress 'n' for No"
72.6882 	EXP 	ro: color = '[ 1.  1.  1.] (rgb)'
72.6882 	EXP 	ro: pos = array([  20., -115.])
72.6882 	EXP 	rq: color = '[ 1.  1.  1.] (rgb)'
72.6882 	EXP 	rq: pos = array([ 480.,  115.])
72.6882 	EXP 	Evaluation: autoDraw = True
72.6882 	EXP 	polygon: autoDraw = True
72.6882 	EXP 	polygon_2: autoDraw = True
72.6882 	EXP 	polygon_3: autoDraw = True
72.6882 	EXP 	polygon_4: autoDraw = True
72.6882 	EXP 	polygon_5: autoDraw = True
72.6882 	EXP 	choice: autoDraw = True
72.6882 	EXP 	ro: autoDraw = True
72.6882 	EXP 	rq: autoDraw = True
113.0292 	DATA 	Keypress: escape
