6.4271 	EXP 	Created window1 = Window(allowGUI=False, allowStencil=False, autoLog=True, bitsMode=UNKNOWN, blendMode='avg', color='black', colorSpace='named', fullscr=UNKNOWN, gamma=None, lms=UNKNOWN, monitor=<psychopy.monitors.calibTools.Monitor object at 0x11244ab90>, name='window1', pos=[0, 0], screen=0, size=array([1440,  900]), stereo=False, units='pix', useFBO=True, useRetina=False, viewOri=0.0, viewPos=None, viewScale=None, waitBlanking=True, winType='pyglet')
6.4271 	EXP 	window1: recordFrameIntervals = False
6.5932 	EXP 	window1: recordFrameIntervals = True
6.7760 	EXP 	window1: recordFrameIntervals = False
6.9259 	EXP 	Created welcome = TextStim(alignHoriz='center', alignVert='center', antialias=True, autoLog=True, bold=False, color='white', colorSpace='named', contrast=1.0, depth=-1.0, flipHoriz=False, flipVert=False, font='Arial', fontFiles=[], height=100, italic=False, name='welcome', opacity=1.0, ori=0, pos=array([ 0.,  0.]), rgb=array([ 255.,  255.,  255.]), text=u'Welcome!', units='pix', win=Window(...), wrapWidth=500)
6.9602 	EXP 	Created instruct = TextStim(alignHoriz='center', alignVert='center', antialias=True, autoLog=True, bold=False, color='white', colorSpace='named', contrast=1.0, depth=-2.0, flipHoriz=False, flipVert=False, font='Arial', fontFiles=[], height=50, italic=False, name='instruct', opacity=1.0, ori=0, pos=array([ 0.,  0.]), rgb=array([ 255.,  255.,  255.]), text=unicode(...), units='pix', win=Window(...), wrapWidth=500)
7.0384 	EXP 	Created rob0 = ImageStim(autoLog=True, color=array([ 1.,  1.,  1.]), colorSpace='rgb', contrast=1.0, depth=-3.0, flipHoriz=False, flipVert=False, image='robot1.png', interpolate=True, mask=None, maskParams=None, name='rob0', opacity=1.0, ori=0.0, pos=array([-250., -100.]), size=array([ 200.,  200.]), texRes=128, units='pix', win=Window(...))
7.0520 	EXP 	Created robb = ImageStim(autoLog=True, color=array([ 1.,  1.,  1.]), colorSpace='rgb', contrast=1.0, depth=-4.0, flipHoriz=False, flipVert=False, image='robot1.png', interpolate=True, mask=None, maskParams=None, name='robb', opacity=1.0, ori=0.0, pos=array([ 250., -100.]), size=array([ 200.,  200.]), texRes=128, units='pix', win=Window(...))
7.0667 	EXP 	Created na = Polygon(autoDraw=False, autoLog=True, closeShape=True, contrast=1.0, depth=-5.0, fillColor='blue', fillColorSpace='named', fillRGB=array([   0.,    0.,  255.]), interpolate=True, lineColor='blue', lineColorSpace='named', lineRGB=array([   0.,    0.,  255.]), lineWidth=1, name='na', opacity=1.0, ori=array(0.0), pos=array([ 0.,  0.]), size=array([ 1.,  1.]), units='pix', vertices=ndarray(...), win=Window(...))
7.0729 	EXP 	Created nb = Polygon(autoDraw=False, autoLog=True, closeShape=True, contrast=1.0, depth=-6.0, fillColor='blue', fillColorSpace='named', fillRGB=array([   0.,    0.,  255.]), interpolate=True, lineColor='blue', lineColorSpace='named', lineRGB=array([   0.,    0.,  255.]), lineWidth=1, name='nb', opacity=1.0, ori=array(0.0), pos=array([ 0.,  0.]), size=array([ 1.,  1.]), units='pix', vertices=ndarray(...), win=Window(...))
7.0788 	EXP 	Created nc = Polygon(autoDraw=False, autoLog=True, closeShape=True, contrast=1.0, depth=-7.0, fillColor='blue', fillColorSpace='named', fillRGB=array([   0.,    0.,  255.]), interpolate=True, lineColor='blue', lineColorSpace='named', lineRGB=array([   0.,    0.,  255.]), lineWidth=1, name='nc', opacity=1.0, ori=array(0.0), pos=array([ 0.,  0.]), size=array([ 1.,  1.]), units='pix', vertices=ndarray(...), win=Window(...))
7.0812 	EXP 	<method-wrapper '__getattribute__' of attributeSetter object at 0x11004a190>: vertices = array([[-55.,  20.],
       [ 55.,  20.],
       [ 55., -20.],
       [-55., -20.]])
7.0827 	EXP 	Created s1 = Rect(autoDraw=False, autoLog=True, closeShape=True, contrast=1.0, depth=-8.0, fillColor='black', fillColorSpace='named', fillRGB=array([ 0.,  0.,  0.]), interpolate=True, lineColor='black', lineColorSpace='named', lineRGB=array([ 0.,  0.,  0.]), lineWidth=1, name='s1', opacity=1.0, ori=array(0.0), pos=array([-110., -100.]), size=array([ 1.,  1.]), units='pix', vertices=ndarray(...), win=Window(...))
7.0832 	EXP 	<method-wrapper '__getattribute__' of attributeSetter object at 0x11004a190>: vertices = array([[-55.,  20.],
       [ 55.,  20.],
       [ 55., -20.],
       [-55., -20.]])
7.0846 	EXP 	Created s2 = Rect(autoDraw=False, autoLog=True, closeShape=True, contrast=1.0, depth=-9.0, fillColor='black', fillColorSpace='named', fillRGB=array([ 0.,  0.,  0.]), interpolate=True, lineColor='black', lineColorSpace='named', lineRGB=array([ 0.,  0.,  0.]), lineWidth=1, name='s2', opacity=1.0, ori=array(0.0), pos=array([   0., -100.]), size=array([ 1.,  1.]), units='pix', vertices=ndarray(...), win=Window(...))
7.0850 	EXP 	<method-wrapper '__getattribute__' of attributeSetter object at 0x11004a190>: vertices = array([[-55.,  20.],
       [ 55.,  20.],
       [ 55., -20.],
       [-55., -20.]])
7.0865 	EXP 	Created s3 = Rect(autoDraw=False, autoLog=True, closeShape=True, contrast=1.0, depth=-10.0, fillColor='black', fillColorSpace='named', fillRGB=array([ 0.,  0.,  0.]), interpolate=True, lineColor='black', lineColorSpace='named', lineRGB=array([ 0.,  0.,  0.]), lineWidth=1, name='s3', opacity=1.0, ori=array(0.0), pos=array([ 110., -100.]), size=array([ 1.,  1.]), units='pix', vertices=ndarray(...), win=Window(...))
7.5123 	EXP 	Created heart = ImageStim(autoLog=True, color=array([ 1.,  1.,  1.]), colorSpace='rgb', contrast=1.0, depth=-11.0, flipHoriz=False, flipVert=False, image='heart.png', interpolate=True, mask=None, maskParams=None, name='heart', opacity=1.0, ori=0.0, pos=array([   0., -100.]), size=array([ 1.,  1.]), texRes=128, units='pix', win=Window(...))
7.6114 	EXP 	Created text_2 = TextStim(alignHoriz='center', alignVert='center', antialias=True, autoLog=True, bold=False, color='white', colorSpace='named', contrast=1.0, depth=-1.0, flipHoriz=False, flipVert=False, font='Arial', fontFiles=[], height=40, italic=False, name='text_2', opacity=1.0, ori=0, pos=array([ 0.,  0.]), rgb=array([ 255.,  255.,  255.]), text=u"Let's take an example", units='pix', win=Window(...), wrapWidth=500)
7.6196 	EXP 	Created nod1 = Polygon(autoDraw=False, autoLog=True, closeShape=True, contrast=1.0, depth=-2.0, fillColor=array([ 1.,  1.,  1.]), fillColorSpace='rgb', fillRGB=array([ 1.,  1.,  1.]), interpolate=True, lineColor='red', lineColorSpace='named', lineRGB=array([ 255.,    0.,    0.]), lineWidth=1, name='nod1', opacity=1.0, ori=array(0.0), pos=array([ 0.,  0.]), size=array([ 100.,  100.]), units='pix', vertices=ndarray(...), win=Window(...))
7.6266 	EXP 	Created nod2 = Polygon(autoDraw=False, autoLog=True, closeShape=True, contrast=1.0, depth=-3.0, fillColor=array([ 1.,  1.,  1.]), fillColorSpace='rgb', fillRGB=array([ 1.,  1.,  1.]), interpolate=True, lineColor=array([ 1.,  1.,  1.]), lineColorSpace='rgb', lineRGB=array([ 1.,  1.,  1.]), lineWidth=1, name='nod2', opacity=1.0, ori=array(0.0), pos=array([ 0.,  0.]), size=array([ 100.,  100.]), units='pix', vertices=ndarray(...), win=Window(...))
7.6339 	EXP 	Created nod3 = Polygon(autoDraw=False, autoLog=True, closeShape=True, contrast=1.0, depth=-4.0, fillColor=array([ 1.,  1.,  1.]), fillColorSpace='rgb', fillRGB=array([ 1.,  1.,  1.]), interpolate=True, lineColor=array([ 1.,  1.,  1.]), lineColorSpace='rgb', lineRGB=array([ 1.,  1.,  1.]), lineWidth=1, name='nod3', opacity=1.0, ori=array(0.0), pos=array([ 135.,  115.]), size=array([ 100.,  100.]), units='pix', vertices=ndarray(...), win=Window(...))
7.6410 	EXP 	Created nod4 = Polygon(autoDraw=False, autoLog=True, closeShape=True, contrast=1.0, depth=-5.0, fillColor=array([ 1.,  1.,  1.]), fillColorSpace='rgb', fillRGB=array([ 1.,  1.,  1.]), interpolate=True, lineColor=array([ 1.,  1.,  1.]), lineColorSpace='rgb', lineRGB=array([ 1.,  1.,  1.]), lineWidth=1, name='nod4', opacity=1.0, ori=array(0.0), pos=array([ 250.,  115.]), size=array([ 100.,  100.]), units='pix', vertices=ndarray(...), win=Window(...))
7.6553 	EXP 	Created rob1 = ImageStim(autoLog=True, color=array([ 1.,  1.,  1.]), colorSpace='rgb', contrast=1.0, depth=-6.0, flipHoriz=False, flipVert=False, image='robot1.png', interpolate=True, mask=None, maskParams=None, name='rob1', opacity=1.0, ori=1.0, pos=array([  20., -115.]), size=array([ 100.,  100.]), texRes=128, units='pix', win=Window(...))
7.6581 	EXP 	Created rob2 = ImageStim(autoLog=True, color=array([ 1.,  1.,  1.]), colorSpace='rgb', contrast=1.0, depth=-7.0, flipHoriz=False, flipVert=False, image='sin', interpolate=True, mask=None, maskParams=None, name='rob2', opacity=1.0, ori=0.0, pos=array([ 365.,  115.]), size=array([ 100.,  100.]), texRes=128, units='pix', win=Window(...))
7.6586 	EXP 	<method-wrapper '__getattribute__' of attributeSetter object at 0x11004a190>: vertices = array([[-0.5,  0.5],
       [ 0.5,  0.5],
       [ 0.5, -0.5],
       [-0.5, -0.5]])
7.6601 	EXP 	Created sh1 = Rect(autoDraw=False, autoLog=True, closeShape=True, contrast=1.0, depth=-9.0, fillColor='black', fillColorSpace='named', fillRGB=array([ 0.,  0.,  0.]), interpolate=True, lineColor='black', lineColorSpace='named', lineRGB=array([ 0.,  0.,  0.]), lineWidth=1, name='sh1', opacity=1.0, ori=array(0.0), pos=array([ 20.,   0.]), size=array([ 1.,  1.]), units='pix', vertices=ndarray(...), win=Window(...))
7.6606 	EXP 	<method-wrapper '__getattribute__' of attributeSetter object at 0x11004a190>: vertices = array([[-30.,  20.],
       [ 30.,  20.],
       [ 30., -20.],
       [-30., -20.]])
7.6621 	EXP 	Created sh2a = Rect(autoDraw=False, autoLog=True, closeShape=True, contrast=1.0, depth=-10.0, fillColor='black', fillColorSpace='named', fillRGB=array([ 0.,  0.,  0.]), interpolate=True, lineColor='black', lineColorSpace='named', lineRGB=array([ 0.,  0.,  0.]), lineWidth=1, name='sh2a', opacity=1.0, ori=array(0.0), pos=array([  50.,  113.]), size=array([ 1.,  1.]), units='pix', vertices=ndarray(...), win=Window(...))
7.6625 	EXP 	<method-wrapper '__getattribute__' of attributeSetter object at 0x11004a190>: vertices = array([[-20.,  40.],
       [ 20.,  40.],
       [ 20., -40.],
       [-20., -40.]])
7.6640 	EXP 	Created sh2b = Rect(autoDraw=False, autoLog=True, closeShape=True, contrast=1.0, depth=-11.0, fillColor='black', fillColorSpace='named', fillRGB=array([ 0.,  0.,  0.]), interpolate=True, lineColor='black', lineColorSpace='named', lineRGB=array([ 0.,  0.,  0.]), lineWidth=1, name='sh2b', opacity=1.0, ori=array(0.0), pos=array([ 22.,  93.]), size=array([ 1.,  1.]), units='pix', vertices=ndarray(...), win=Window(...))
7.6646 	EXP 	<method-wrapper '__getattribute__' of attributeSetter object at 0x11004a190>: vertices = array([[-55.,  20.],
       [ 55.,  20.],
       [ 55., -20.],
       [-55., -20.]])
7.6661 	EXP 	Created sh3 = Rect(autoDraw=False, autoLog=True, closeShape=True, contrast=1.0, depth=-12.0, fillColor='black', fillColorSpace='named', fillRGB=array([ 0.,  0.,  0.]), interpolate=True, lineColor='black', lineColorSpace='named', lineRGB=array([ 0.,  0.,  0.]), lineWidth=1, name='sh3', opacity=1.0, ori=array(0.0), pos=array([ 135.,  115.]), size=array([ 1.,  1.]), units='pix', vertices=ndarray(...), win=Window(...))
7.6665 	EXP 	<method-wrapper '__getattribute__' of attributeSetter object at 0x11004a190>: vertices = array([[-55.,  20.],
       [ 55.,  20.],
       [ 55., -20.],
       [-55., -20.]])
7.6680 	EXP 	Created sh4 = Rect(autoDraw=False, autoLog=True, closeShape=True, contrast=1.0, depth=-13.0, fillColor='black', fillColorSpace='named', fillRGB=array([ 0.,  0.,  0.]), interpolate=True, lineColor='black', lineColorSpace='named', lineRGB=array([ 0.,  0.,  0.]), lineWidth=1, name='sh4', opacity=1.0, ori=array(0.0), pos=array([ 250.,  115.]), size=array([ 1.,  1.]), units='pix', vertices=ndarray(...), win=Window(...))
7.6916 	EXP 	Created star = TextStim(alignHoriz='center', alignVert='center', antialias=True, autoLog=True, bold=False, color='white', colorSpace='named', contrast=1.0, depth=0.0, flipHoriz=False, flipVert=False, font='Arial', fontFiles=[], height=50, italic=False, name='star', opacity=1.0, ori=0, pos=array([ 0.,  0.]), rgb=array([ 255.,  255.,  255.]), text=unicode(...), units='pix', win=Window(...), wrapWidth=500)
7.6921 	EXP 	<method-wrapper '__getattribute__' of attributeSetter object at 0x11004a190>: vertices = array([[-400.,  450.],
       [ 400.,  450.],
       [ 400., -450.],
       [-400., -450.]])
7.6947 	EXP 	Created whitebackground = Rect(autoDraw=False, autoLog=True, closeShape=True, contrast=1.0, depth=-2.0, fillColor=array([ 1.,  1.,  1.]), fillColorSpace='rgb', fillRGB=array([ 1.,  1.,  1.]), interpolate=True, lineColor=array([ 1.,  1.,  1.]), lineColorSpace='rgb', lineRGB=array([ 1.,  1.,  1.]), lineWidth=0, name='whitebackground', opacity=1.0, ori=array(0.0), pos=array([-560.,    0.]), size=array([ 1.,  1.]), units='pix', vertices=ndarray(...), win=Window(...))
7.7083 	EXP 	Created robotS = ImageStim(autoLog=True, color=array([ 1.,  1.,  1.]), colorSpace='rgb', contrast=1.0, depth=-3.0, flipHoriz=False, flipVert=False, image='robot1.png', interpolate=True, mask=None, maskParams=None, name='robotS', opacity=1.0, ori=0.0, pos=array([ 0.,  0.]), size=array([ 100.,  100.]), texRes=128, units='pix', win=Window(...))
7.7154 	EXP 	Created node1 = Polygon(autoDraw=False, autoLog=True, closeShape=True, contrast=1.0, depth=-4.0, fillColor=array([ 1.,  1.,  1.]), fillColorSpace='rgb', fillRGB=array([ 1.,  1.,  1.]), interpolate=True, lineColor=array([ 1.,  1.,  1.]), lineColorSpace='rgb', lineRGB=array([ 1.,  1.,  1.]), lineWidth=0, name='node1', opacity=1.0, ori=array(0.0), pos=array([ 0.,  0.]), size=array([ 100.,  100.]), units='pix', vertices=ndarray(...), win=Window(...))
7.7224 	EXP 	Created node2 = Polygon(autoDraw=False, autoLog=True, closeShape=True, contrast=1.0, depth=-5.0, fillColor=array([ 1.,  1.,  1.]), fillColorSpace='rgb', fillRGB=array([ 1.,  1.,  1.]), interpolate=True, lineColor=array([ 1.,  1.,  1.]), lineColorSpace='rgb', lineRGB=array([ 1.,  1.,  1.]), lineWidth=0, name='node2', opacity=1.0, ori=array(0.0), pos=array([ 0.,  0.]), size=array([ 100.,  100.]), units='pix', vertices=ndarray(...), win=Window(...))
7.7293 	EXP 	Created node3 = Polygon(autoDraw=False, autoLog=True, closeShape=True, contrast=1.0, depth=-6.0, fillColor=array([ 1.,  1.,  1.]), fillColorSpace='rgb', fillRGB=array([ 1.,  1.,  1.]), interpolate=True, lineColor=array([ 1.,  1.,  1.]), lineColorSpace='rgb', lineRGB=array([ 1.,  1.,  1.]), lineWidth=0, name='node3', opacity=1.0, ori=array(0.0), pos=array([ 0.,  0.]), size=array([ 100.,  100.]), units='pix', vertices=ndarray(...), win=Window(...))
7.7364 	EXP 	Created node4 = Polygon(autoDraw=False, autoLog=True, closeShape=True, contrast=1.0, depth=-7.0, fillColor=array([ 1.,  1.,  1.]), fillColorSpace='rgb', fillRGB=array([ 1.,  1.,  1.]), interpolate=True, lineColor=array([ 1.,  1.,  1.]), lineColorSpace='rgb', lineRGB=array([ 1.,  1.,  1.]), lineWidth=0, name='node4', opacity=1.0, ori=array(0.0), pos=array([ 0.,  0.]), size=array([ 100.,  100.]), units='pix', vertices=ndarray(...), win=Window(...))
7.7434 	EXP 	Created node5 = Polygon(autoDraw=False, autoLog=True, closeShape=True, contrast=1.0, depth=-8.0, fillColor=array([ 1.,  1.,  1.]), fillColorSpace='rgb', fillRGB=array([ 1.,  1.,  1.]), interpolate=True, lineColor=array([ 1.,  1.,  1.]), lineColorSpace='rgb', lineRGB=array([ 1.,  1.,  1.]), lineWidth=0, name='node5', opacity=1.0, ori=array(0.0), pos=array([ 0.,  0.]), size=array([ 100.,  100.]), units='pix', vertices=ndarray(...), win=Window(...))
7.7570 	EXP 	Created robotF = ImageStim(autoLog=True, color=array([ 1.,  1.,  1.]), colorSpace='rgb', contrast=1.0, depth=-9.0, flipHoriz=False, flipVert=False, image='robot1.png', interpolate=True, mask=None, maskParams=None, name='robotF', opacity=1.0, ori=0.0, pos=array([ 0.,  0.]), size=array([ 100.,  100.]), texRes=128, units='pix', win=Window(...))
7.7641 	EXP 	Created select1 = Polygon(autoDraw=False, autoLog=True, closeShape=True, contrast=1.0, depth=-10.0, fillColor='red', fillColorSpace='named', fillRGB=array([ 255.,    0.,    0.]), interpolate=True, lineColor=array([ 1.,  1.,  1.]), lineColorSpace='rgb', lineRGB=array([ 1.,  1.,  1.]), lineWidth=0, name='select1', opacity=1.0, ori=array(0.0), pos=array([-630.,    0.]), size=array([ 100.,  100.]), units='pix', vertices=ndarray(...), win=Window(...))
7.7707 	EXP 	Created select2 = Polygon(autoDraw=False, autoLog=True, closeShape=True, contrast=1.0, depth=-11.0, fillColor='blue', fillColorSpace='named', fillRGB=array([   0.,    0.,  255.]), interpolate=True, lineColor=array([ 1.,  1.,  1.]), lineColorSpace='rgb', lineRGB=array([ 1.,  1.,  1.]), lineWidth=0, name='select2', opacity=1.0, ori=array(0.0), pos=array([-630., -120.]), size=array([ 100.,  100.]), units='pix', vertices=ndarray(...), win=Window(...))
7.7773 	EXP 	Created select3 = Polygon(autoDraw=False, autoLog=True, closeShape=True, contrast=1.0, depth=-12.0, fillColor='yellow', fillColorSpace='named', fillRGB=array([ 255.,  255.,    0.]), interpolate=True, lineColor=array([ 1.,  1.,  1.]), lineColorSpace='rgb', lineRGB=array([ 1.,  1.,  1.]), lineWidth=0, name='select3', opacity=1.0, ori=array(0.0), pos=array([-630., -240.]), size=array([ 100.,  100.]), units='pix', vertices=ndarray(...), win=Window(...))
7.7839 	EXP 	Created select4 = Polygon(autoDraw=False, autoLog=True, closeShape=True, contrast=1.0, depth=-13.0, fillColor='green', fillColorSpace='named', fillRGB=array([   0.,  128.,    0.]), interpolate=True, lineColor=array([ 1.,  1.,  1.]), lineColorSpace='rgb', lineRGB=array([ 1.,  1.,  1.]), lineWidth=0, name='select4', opacity=1.0, ori=array(0.0), pos=array([-630., -360.]), size=array([ 100.,  100.]), units='pix', vertices=ndarray(...), win=Window(...))
7.8218 	EXP 	Created selection = ImageStim(autoLog=True, color=array([ 1.,  1.,  1.]), colorSpace='rgb', contrast=1.0, depth=-14.0, flipHoriz=False, flipVert=False, image='mastershapes.png', interpolate=True, mask=None, maskParams=None, name='selection', opacity=1.0, ori=0.0, pos=array([ 0.,  0.]), size=array([ 500.,  400.]), texRes=128, units='pix', win=Window(...))
7.8931 	EXP 	Created sel = TextStim(alignHoriz='center', alignVert='center', antialias=True, autoLog=True, bold=False, color=u'black', colorSpace='named', contrast=1.0, depth=-15.0, flipHoriz=False, flipVert=False, font=u'Arial', fontFiles=[], height=30, italic=False, name='sel', opacity=1.0, ori=0, pos=array([-450.,  250.]), rgb=array([ 0.,  0.,  0.]), text=unicode(...), units='pix', win=Window(...), wrapWidth=500)
7.9101 	EXP 	Created Evaluation = TextStim(alignHoriz='center', alignVert='center', antialias=True, autoLog=True, bold=False, color=u'white', colorSpace='named', contrast=1.0, depth=-1.0, flipHoriz=False, flipVert=False, font=u'Arial', fontFiles=[], height=40, italic=False, name='Evaluation', opacity=1.0, ori=0, pos=array([   0.,  300.]), rgb=array([ 255.,  255.,  255.]), text=unicode(...), units='pix', win=Window(...), wrapWidth=500)
7.9172 	EXP 	Created polygon = Polygon(autoDraw=False, autoLog=True, closeShape=True, contrast=1.0, depth=-2.0, fillColor=array([ 1.,  1.,  1.]), fillColorSpace='rgb', fillRGB=array([ 1.,  1.,  1.]), interpolate=True, lineColor=array([ 1.,  1.,  1.]), lineColorSpace='rgb', lineRGB=array([ 1.,  1.,  1.]), lineWidth=1, name='polygon', opacity=1.0, ori=array(0.0), pos=array([ 0.,  0.]), size=array([ 100.,  100.]), units='pix', vertices=ndarray(...), win=Window(...))
7.9245 	EXP 	Created polygon_2 = Polygon(autoDraw=False, autoLog=True, closeShape=True, contrast=1.0, depth=-3.0, fillColor=array([ 1.,  1.,  1.]), fillColorSpace='rgb', fillRGB=array([ 1.,  1.,  1.]), interpolate=True, lineColor=array([ 1.,  1.,  1.]), lineColorSpace='rgb', lineRGB=array([ 1.,  1.,  1.]), lineWidth=1, name='polygon_2', opacity=1.0, ori=array(0.0), pos=array([ 0.,  0.]), size=array([ 100.,  100.]), units='pix', vertices=ndarray(...), win=Window(...))
7.9315 	EXP 	Created polygon_3 = Polygon(autoDraw=False, autoLog=True, closeShape=True, contrast=1.0, depth=-4.0, fillColor=array([ 1.,  1.,  1.]), fillColorSpace='rgb', fillRGB=array([ 1.,  1.,  1.]), interpolate=True, lineColor=array([ 1.,  1.,  1.]), lineColorSpace='rgb', lineRGB=array([ 1.,  1.,  1.]), lineWidth=1, name='polygon_3', opacity=1.0, ori=array(0.0), pos=array([ 0.,  0.]), size=array([ 100.,  100.]), units='pix', vertices=ndarray(...), win=Window(...))
7.9388 	EXP 	Created polygon_4 = Polygon(autoDraw=False, autoLog=True, closeShape=True, contrast=1.0, depth=-5.0, fillColor=array([ 1.,  1.,  1.]), fillColorSpace='rgb', fillRGB=array([ 1.,  1.,  1.]), interpolate=True, lineColor=array([ 1.,  1.,  1.]), lineColorSpace='rgb', lineRGB=array([ 1.,  1.,  1.]), lineWidth=1, name='polygon_4', opacity=1.0, ori=array(0.0), pos=array([ 0.,  0.]), size=array([ 100.,  100.]), units='pix', vertices=ndarray(...), win=Window(...))
7.9457 	EXP 	Created polygon_5 = Polygon(autoDraw=False, autoLog=True, closeShape=True, contrast=1.0, depth=-6.0, fillColor=array([ 1.,  1.,  1.]), fillColorSpace='rgb', fillRGB=array([ 1.,  1.,  1.]), interpolate=True, lineColor=array([ 1.,  1.,  1.]), lineColorSpace='rgb', lineRGB=array([ 1.,  1.,  1.]), lineWidth=1, name='polygon_5', opacity=1.0, ori=array(0.0), pos=array([ 0.,  0.]), size=array([ 100.,  100.]), units='pix', vertices=ndarray(...), win=Window(...))
7.9534 	EXP 	Created choice = TextStim(alignHoriz='center', alignVert='center', antialias=True, autoLog=True, bold=False, color='white', colorSpace='named', contrast=1.0, depth=-7.0, flipHoriz=False, flipVert=False, font='Arial', fontFiles=[], height=50, italic=False, name='choice', opacity=1.0, ori=0, pos=array([   0., -300.]), rgb=array([ 255.,  255.,  255.]), text=u'default text', units='pix', win=Window(...), wrapWidth=500)
7.9668 	EXP 	Created ro = ImageStim(autoLog=True, color=array([ 1.,  1.,  1.]), colorSpace='rgb', contrast=1.0, depth=-8.0, flipHoriz=False, flipVert=False, image='robot1.png', interpolate=True, mask=None, maskParams=None, name='ro', opacity=1.0, ori=0.0, pos=array([ 0.,  0.]), size=array([ 100.,  100.]), texRes=128, units='pix', win=Window(...))
7.9800 	EXP 	Created rq = ImageStim(autoLog=True, color=array([ 1.,  1.,  1.]), colorSpace='rgb', contrast=1.0, depth=-9.0, flipHoriz=False, flipVert=False, image='robot1.png', interpolate=True, mask=None, maskParams=None, name='rq', opacity=1.0, ori=0.0, pos=array([ 0.,  0.]), size=array([ 100.,  100.]), texRes=128, units='pix', win=Window(...))
7.9885 	EXP 	Created feedback = TextStim(alignHoriz='center', alignVert='center', antialias=True, autoLog=True, bold=False, color=u'white', colorSpace='named', contrast=1.0, depth=-1.0, flipHoriz=False, flipVert=False, font=u'Arial', fontFiles=[], height=50, italic=False, name='feedback', opacity=1.0, ori=0, pos=array([ 0.,  0.]), rgb=array([ 255.,  255.,  255.]), text=u'default text', units='pix', win=Window(...), wrapWidth=500)
7.9971 	EXP 	Created thankyou = TextStim(alignHoriz='center', alignVert='center', antialias=True, autoLog=True, bold=False, color='white', colorSpace='named', contrast=1.0, depth=0.0, flipHoriz=False, flipVert=False, font='Arial', fontFiles=[], height=50, italic=False, name='thankyou', opacity=1.0, ori=0, pos=array([ 0.,  0.]), rgb=array([ 255.,  255.,  255.]), text=u'Thank you for your participation.\n', units='pix', win=Window(...), wrapWidth=500)
8.0260 	EXP 	instruct: pos = array([   0.,  150.])
8.0260 	EXP 	na: pos = array([-110., -100.])
8.0260 	EXP 	na: size = array([ 100.,  100.])
8.0260 	EXP 	nb: pos = array([   0., -100.])
8.0260 	EXP 	nb: size = array([ 100.,  100.])
8.0260 	EXP 	nc: pos = array([ 110., -100.])
8.0260 	EXP 	nc: size = array([ 100.,  100.])
8.0260 	EXP 	welcome: autoDraw = True
11.0096 	EXP 	welcome: autoDraw = False
11.0262 	EXP 	instruct: autoDraw = True
14.0266 	EXP 	rob0: autoDraw = True
14.0266 	EXP 	robb: autoDraw = True
14.5269 	EXP 	na: autoDraw = True
15.0267 	EXP 	nb: autoDraw = True
15.5269 	EXP 	nc: autoDraw = True
16.5269 	EXP 	s1: autoDraw = True
17.5271 	EXP 	s2: autoDraw = True
18.5272 	EXP 	s3: autoDraw = True
22.0107 	EXP 	na: autoDraw = False
22.0107 	EXP 	nb: autoDraw = False
22.0107 	EXP 	nc: autoDraw = False
22.0107 	EXP 	s1: autoDraw = False
22.0107 	EXP 	s2: autoDraw = False
22.0107 	EXP 	s3: autoDraw = False
22.0273 	EXP 	heart: autoDraw = True
26.0278 	EXP 	instruct: autoDraw = False
26.0278 	EXP 	rob0: autoDraw = False
26.0278 	EXP 	robb: autoDraw = False
26.0278 	EXP 	heart: autoDraw = False
26.0278 	EXP 	welcome: autoDraw = False
26.0278 	EXP 	instruct: autoDraw = False
26.0278 	EXP 	rob0: autoDraw = False
26.0278 	EXP 	robb: autoDraw = False
26.0278 	EXP 	na: autoDraw = False
26.0278 	EXP 	nb: autoDraw = False
26.0278 	EXP 	nc: autoDraw = False
26.0278 	EXP 	s1: autoDraw = False
26.0278 	EXP 	s2: autoDraw = False
26.0278 	EXP 	s3: autoDraw = False
26.0278 	EXP 	heart: autoDraw = False
26.0278 	EXP 	text_2: pos = array([-300.,  300.])
26.0278 	EXP 	nod1: fillColor = 'red (named)'
26.0278 	EXP 	nod1: pos = array([ 20.,   0.])
26.0278 	EXP 	nod2: fillColor = 'yellow (named)'
26.0278 	EXP 	nod2: pos = array([  20.,  115.])
26.0278 	EXP 	nod2: lineColor = 'yellow (named)'
26.0278 	EXP 	nod3: fillColor = 'blue (named)'
26.0278 	EXP 	nod3: lineColor = 'blue (named)'
26.0278 	EXP 	nod4: fillColor = 'blue (named)'
26.0278 	EXP 	nod4: lineColor = 'blue (named)'
26.0278 	EXP 	rob1: ori = 0.0
26.0278 	EXP 	rob2: image = 'robot1.png'
26.0278 	EXP 	sh1: size = array([  40.,  110.])
26.0278 	EXP 	text_2: autoDraw = True
26.0278 	EXP 	nod1: autoDraw = True
26.0278 	EXP 	nod2: autoDraw = True
26.0278 	EXP 	nod3: autoDraw = True
26.0278 	EXP 	nod4: autoDraw = True
26.0278 	EXP 	rob1: autoDraw = True
26.0278 	EXP 	rob2: autoDraw = True
28.0115 	EXP 	sh1: autoDraw = True
28.5114 	EXP 	sh2a: autoDraw = True
28.5114 	EXP 	sh2b: autoDraw = True
29.0117 	EXP 	sh3: autoDraw = True
29.5284 	EXP 	sh4: autoDraw = True
31.8518 	DATA 	Keypress: space
31.8617 	EXP 	text_2: autoDraw = False
31.8617 	EXP 	nod1: autoDraw = False
31.8617 	EXP 	nod2: autoDraw = False
31.8617 	EXP 	nod3: autoDraw = False
31.8617 	EXP 	nod4: autoDraw = False
31.8617 	EXP 	rob1: autoDraw = False
31.8617 	EXP 	rob2: autoDraw = False
31.8617 	EXP 	sh1: autoDraw = False
31.8617 	EXP 	sh2a: autoDraw = False
31.8617 	EXP 	sh2b: autoDraw = False
31.8617 	EXP 	sh3: autoDraw = False
31.8617 	EXP 	sh4: autoDraw = False
31.8617 	EXP 	star: autoDraw = True
32.1643 	DATA 	Keypress: space
32.1802 	EXP 	Imported designs.xlsx as conditions, 4 conditions, 20 params
32.1807 	EXP 	Created sequence: sequential, trialTypes=4, nReps=1, seed=None
32.1818 	EXP 	New trial (rep=0, index=0): {u'n2col': u'blue', u'n4col': u'red', u'n3col': u'green', u'corrAns4': u'b', u'corrAns2': u'd', u'corrAns3': u'a', u'corrAns1': u'c', u'r4': u'd', u'n1col': u'blue', u'r1': u'a', u'r2': u'b', u'rs': u'LOC21', u'r3': u'c', u're': u'LOC9', u'n5col': u'red', u'n1': u'LOC22', u'n2': u'LOC23', u'n3': u'LOC24', u'n4': u'LOC19', u'n5': u'LOC14'}
32.1954 	EXP 	star: autoDraw = False
32.1954 	EXP 	robotS: pos = array([  20., -230.])
32.1954 	EXP 	node1: fillColor = u'blue (named)'
32.1954 	EXP 	node1: pos = array([ 135., -230.])
32.1954 	EXP 	node2: fillColor = u'blue (named)'
32.1954 	EXP 	node2: pos = array([ 250., -230.])
32.1954 	EXP 	node3: fillColor = u'green (named)'
32.1954 	EXP 	node3: pos = array([ 365., -230.])
32.1954 	EXP 	node4: fillColor = u'red (named)'
32.1954 	EXP 	node4: pos = array([ 365., -115.])
32.1954 	EXP 	node5: fillColor = u'red (named)'
32.1954 	EXP 	node5: pos = array([ 365.,    0.])
32.1954 	EXP 	robotF: pos = array([ 365.,  115.])
32.1954 	EXP 	whitebackground: autoDraw = True
32.1954 	EXP 	robotS: autoDraw = True
32.1954 	EXP 	node1: autoDraw = True
32.1954 	EXP 	node2: autoDraw = True
32.1954 	EXP 	node3: autoDraw = True
32.1954 	EXP 	node4: autoDraw = True
32.1954 	EXP 	node5: autoDraw = True
32.1954 	EXP 	robotF: autoDraw = True
32.1954 	EXP 	select1: autoDraw = True
32.1954 	EXP 	select2: autoDraw = True
32.1954 	EXP 	select3: autoDraw = True
32.1954 	EXP 	select4: autoDraw = True
32.1954 	EXP 	selection: autoDraw = True
32.1954 	EXP 	sel: autoDraw = True
33.4312 	DATA 	Keypress: a
43.9321 	DATA 	Keypress: b
46.8878 	DATA 	Keypress: c
47.5323 	DATA 	Keypress: c
47.5346 	EXP 	New trial (rep=0, index=1): {u'n2col': u'yellow', u'n4col': u'green', u'n3col': u'blue', u'corrAns4': u'a', u'corrAns2': u'c', u'corrAns3': u'b', u'corrAns1': u'd', u'r4': u'd', u'n1col': u'red', u'r1': u'a', u'r2': u'b', u'rs': u'LOC21', u'r3': u'c', u're': u'LOC3', u'n5col': u'red', u'n1': u'LOC16', u'n2': u'LOC11', u'n3': u'LOC12', u'n4': u'LOC13', u'n5': u'LOC8'}
47.5470 	EXP 	whitebackground: autoDraw = False
47.5470 	EXP 	robotS: autoDraw = False
47.5470 	EXP 	node1: autoDraw = False
47.5470 	EXP 	node2: autoDraw = False
47.5470 	EXP 	node3: autoDraw = False
47.5470 	EXP 	node4: autoDraw = False
47.5470 	EXP 	node5: autoDraw = False
47.5470 	EXP 	robotF: autoDraw = False
47.5470 	EXP 	select1: autoDraw = False
47.5470 	EXP 	select2: autoDraw = False
47.5470 	EXP 	select3: autoDraw = False
47.5470 	EXP 	select4: autoDraw = False
47.5470 	EXP 	selection: autoDraw = False
47.5470 	EXP 	sel: autoDraw = False
47.5470 	EXP 	robotS: pos = array([  20., -230.])
47.5470 	EXP 	node1: fillColor = u'red (named)'
47.5470 	EXP 	node1: pos = array([  20., -115.])
47.5470 	EXP 	node2: fillColor = u'yellow (named)'
47.5470 	EXP 	node2: pos = array([ 20.,   0.])
47.5470 	EXP 	node3: fillColor = u'blue (named)'
47.5470 	EXP 	node3: pos = array([ 135.,    0.])
47.5470 	EXP 	node4: fillColor = u'green (named)'
47.5470 	EXP 	node4: pos = array([ 250.,    0.])
47.5470 	EXP 	node5: fillColor = u'red (named)'
47.5470 	EXP 	node5: pos = array([ 250.,  115.])
47.5470 	EXP 	robotF: pos = array([ 250.,  230.])
47.5470 	EXP 	whitebackground: autoDraw = True
47.5470 	EXP 	robotS: autoDraw = True
47.5470 	EXP 	node1: autoDraw = True
47.5470 	EXP 	node2: autoDraw = True
47.5470 	EXP 	node3: autoDraw = True
47.5470 	EXP 	node4: autoDraw = True
47.5470 	EXP 	node5: autoDraw = True
47.5470 	EXP 	robotF: autoDraw = True
47.5470 	EXP 	select1: autoDraw = True
47.5470 	EXP 	select2: autoDraw = True
47.5470 	EXP 	select3: autoDraw = True
47.5470 	EXP 	select4: autoDraw = True
47.5470 	EXP 	selection: autoDraw = True
47.5470 	EXP 	sel: autoDraw = True
62.1719 	DATA 	Keypress: d
63.1026 	DATA 	Keypress: d
63.3051 	DATA 	Keypress: d
63.6354 	DATA 	Keypress: d
63.6378 	EXP 	New trial (rep=0, index=2): {u'n2col': u'red', u'n4col': u'blue', u'n3col': u'yellow', u'corrAns4': u'a', u'corrAns2': u'c', u'corrAns3': u'b', u'corrAns1': u'd', u'r4': u'd', u'n1col': u'red', u'r1': u'a', u'r2': u'b', u'rs': u'LOC22', u'r3': u'c', u're': u'LOC10', u'n5col': u'blue', u'n1': u'LOC17', u'n2': u'LOC12', u'n3': u'LOC7', u'n4': u'LOC8', u'n5': u'LOC9'}
63.6653 	EXP 	whitebackground: autoDraw = False
63.6653 	EXP 	robotS: autoDraw = False
63.6653 	EXP 	node1: autoDraw = False
63.6653 	EXP 	node2: autoDraw = False
63.6653 	EXP 	node3: autoDraw = False
63.6653 	EXP 	node4: autoDraw = False
63.6653 	EXP 	node5: autoDraw = False
63.6653 	EXP 	robotF: autoDraw = False
63.6653 	EXP 	select1: autoDraw = False
63.6653 	EXP 	select2: autoDraw = False
63.6653 	EXP 	select3: autoDraw = False
63.6653 	EXP 	select4: autoDraw = False
63.6653 	EXP 	selection: autoDraw = False
63.6653 	EXP 	sel: autoDraw = False
63.6653 	EXP 	robotS: pos = array([ 135., -230.])
63.6653 	EXP 	node1: fillColor = u'red (named)'
63.6653 	EXP 	node1: pos = array([ 135., -115.])
63.6653 	EXP 	node2: fillColor = u'red (named)'
63.6653 	EXP 	node2: pos = array([ 135.,    0.])
63.6653 	EXP 	node3: fillColor = u'yellow (named)'
63.6653 	EXP 	node3: pos = array([ 135.,  115.])
63.6653 	EXP 	node4: fillColor = u'blue (named)'
63.6653 	EXP 	node4: pos = array([ 250.,  115.])
63.6653 	EXP 	node5: fillColor = u'blue (named)'
63.6653 	EXP 	node5: pos = array([ 365.,  115.])
63.6653 	EXP 	robotF: pos = array([ 480.,  115.])
63.6653 	EXP 	whitebackground: autoDraw = True
63.6653 	EXP 	robotS: autoDraw = True
63.6653 	EXP 	node1: autoDraw = True
63.6653 	EXP 	node2: autoDraw = True
63.6653 	EXP 	node3: autoDraw = True
63.6653 	EXP 	node4: autoDraw = True
63.6653 	EXP 	node5: autoDraw = True
63.6653 	EXP 	robotF: autoDraw = True
63.6653 	EXP 	select1: autoDraw = True
63.6653 	EXP 	select2: autoDraw = True
63.6653 	EXP 	select3: autoDraw = True
63.6653 	EXP 	select4: autoDraw = True
63.6653 	EXP 	selection: autoDraw = True
63.6653 	EXP 	sel: autoDraw = True
63.9524 	DATA 	Keypress: d
64.5187 	DATA 	Keypress: d
64.7686 	DATA 	Keypress: d
65.1356 	DATA 	Keypress: d
65.1387 	EXP 	New trial (rep=0, index=3): {u'n2col': u'yellow', u'n4col': u'yellow', u'n3col': u'green', u'corrAns4': u'a', u'corrAns2': u'c', u'corrAns3': u'b', u'corrAns1': u'd', u'r4': u'd', u'n1col': u'green', u'r1': u'a', u'r2': u'b', u'rs': u'LOC16', u'r3': u'c', u're': u'LOC10', u'n5col': u'blue', u'n1': u'LOC17', u'n2': u'LOC12', u'n3': u'LOC13', u'n4': u'LOC8', u'n5': u'LOC9'}
65.1655 	EXP 	whitebackground: autoDraw = False
65.1655 	EXP 	robotS: autoDraw = False
65.1655 	EXP 	node1: autoDraw = False
65.1655 	EXP 	node2: autoDraw = False
65.1655 	EXP 	node3: autoDraw = False
65.1655 	EXP 	node4: autoDraw = False
65.1655 	EXP 	node5: autoDraw = False
65.1655 	EXP 	robotF: autoDraw = False
65.1655 	EXP 	select1: autoDraw = False
65.1655 	EXP 	select2: autoDraw = False
65.1655 	EXP 	select3: autoDraw = False
65.1655 	EXP 	select4: autoDraw = False
65.1655 	EXP 	selection: autoDraw = False
65.1655 	EXP 	sel: autoDraw = False
65.1655 	EXP 	robotS: pos = array([  20., -115.])
65.1655 	EXP 	node1: fillColor = u'green (named)'
65.1655 	EXP 	node1: pos = array([ 135., -115.])
65.1655 	EXP 	node2: fillColor = u'yellow (named)'
65.1655 	EXP 	node2: pos = array([ 135.,    0.])
65.1655 	EXP 	node3: fillColor = u'green (named)'
65.1655 	EXP 	node3: pos = array([ 250.,    0.])
65.1655 	EXP 	node4: fillColor = u'yellow (named)'
65.1655 	EXP 	node4: pos = array([ 250.,  115.])
65.1655 	EXP 	node5: fillColor = u'blue (named)'
65.1655 	EXP 	node5: pos = array([ 365.,  115.])
65.1655 	EXP 	robotF: pos = array([ 480.,  115.])
65.1655 	EXP 	whitebackground: autoDraw = True
65.1655 	EXP 	robotS: autoDraw = True
65.1655 	EXP 	node1: autoDraw = True
65.1655 	EXP 	node2: autoDraw = True
65.1655 	EXP 	node3: autoDraw = True
65.1655 	EXP 	node4: autoDraw = True
65.1655 	EXP 	node5: autoDraw = True
65.1655 	EXP 	robotF: autoDraw = True
65.1655 	EXP 	select1: autoDraw = True
65.1655 	EXP 	select2: autoDraw = True
65.1655 	EXP 	select3: autoDraw = True
65.1655 	EXP 	select4: autoDraw = True
65.1655 	EXP 	selection: autoDraw = True
65.1655 	EXP 	sel: autoDraw = True
66.1721 	DATA 	Keypress: d
66.5358 	DATA 	Keypress: d
66.7688 	DATA 	Keypress: d
67.1021 	DATA 	Keypress: d
67.1225 	EXP 	Imported designs1.xlsx as conditions, 2 conditions, 13 params
67.1228 	EXP 	Created sequence: sequential, trialTypes=2, nReps=1, seed=None
67.1235 	EXP 	New trial (rep=0, index=0): {u'n1col': u'green', u'n2col': u'yellow', u'n4col': u'yellow', u'rs': u'LOC16', u'n3col': u'green', u're': u'LOC10', u'corrAns': u'y', u'n5col': u'blue', u'n1': u'LOC17', u'n2': u'LOC12', u'n3': u'LOC13', u'n4': u'LOC8', u'n5': u'LOC9'}
67.1491 	EXP 	whitebackground: autoDraw = False
67.1491 	EXP 	robotS: autoDraw = False
67.1491 	EXP 	node1: autoDraw = False
67.1491 	EXP 	node2: autoDraw = False
67.1491 	EXP 	node3: autoDraw = False
67.1491 	EXP 	node4: autoDraw = False
67.1491 	EXP 	node5: autoDraw = False
67.1491 	EXP 	robotF: autoDraw = False
67.1491 	EXP 	select1: autoDraw = False
67.1491 	EXP 	select2: autoDraw = False
67.1491 	EXP 	select3: autoDraw = False
67.1491 	EXP 	select4: autoDraw = False
67.1491 	EXP 	selection: autoDraw = False
67.1491 	EXP 	sel: autoDraw = False
67.1491 	EXP 	polygon: fillColor = u'green (named)'
67.1491 	EXP 	polygon: pos = array([ 135., -115.])
67.1491 	EXP 	polygon_2: fillColor = u'yellow (named)'
67.1491 	EXP 	polygon_2: pos = array([ 135.,    0.])
67.1491 	EXP 	polygon_3: fillColor = u'green (named)'
67.1491 	EXP 	polygon_3: pos = array([ 250.,    0.])
67.1491 	EXP 	polygon_4: fillColor = u'yellow (named)'
67.1491 	EXP 	polygon_4: pos = array([ 250.,  115.])
67.1491 	EXP 	polygon_5: fillColor = u'blue (named)'
67.1491 	EXP 	polygon_5: pos = array([ 365.,  115.])
67.1491 	EXP 	choice: text = "Press 'y' for Yes  \nPress 'n' for No"
67.1491 	EXP 	ro: color = '[ 1.  1.  1.] (rgb)'
67.1491 	EXP 	ro: pos = array([  20., -115.])
67.1491 	EXP 	rq: color = '[ 1.  1.  1.] (rgb)'
67.1491 	EXP 	rq: pos = array([ 480.,  115.])
67.1491 	EXP 	Evaluation: autoDraw = True
67.1491 	EXP 	polygon: autoDraw = True
67.1491 	EXP 	polygon_2: autoDraw = True
67.1491 	EXP 	polygon_3: autoDraw = True
67.1491 	EXP 	polygon_4: autoDraw = True
67.1491 	EXP 	polygon_5: autoDraw = True
67.1491 	EXP 	choice: autoDraw = True
67.1491 	EXP 	ro: autoDraw = True
67.1491 	EXP 	rq: autoDraw = True
68.8885 	DATA 	Keypress: escape
