7.0833 	EXP 	Created window1 = Window(allowGUI=False, allowStencil=False, autoLog=True, bitsMode=UNKNOWN, blendMode='avg', color='black', colorSpace='named', fullscr=UNKNOWN, gamma=None, lms=UNKNOWN, monitor=<psychopy.monitors.calibTools.Monitor object at 0x112dd5ad0>, name='window1', pos=[0, 0], screen=0, size=array([1440,  900]), stereo=False, units='pix', useFBO=True, useRetina=False, viewOri=0.0, viewPos=None, viewScale=None, waitBlanking=True, winType='pyglet')
7.0834 	EXP 	window1: recordFrameIntervals = False
7.2488 	EXP 	window1: recordFrameIntervals = True
7.4328 	EXP 	window1: recordFrameIntervals = False
7.6006 	EXP 	Created welcome = TextStim(alignHoriz='center', alignVert='center', antialias=True, autoLog=True, bold=False, color='white', colorSpace='named', contrast=1.0, depth=-1.0, flipHoriz=False, flipVert=False, font='Arial', fontFiles=[], height=100, italic=False, name='welcome', opacity=1.0, ori=0, pos=array([ 0.,  0.]), rgb=array([ 255.,  255.,  255.]), text=u'Welcome!', units='pix', win=Window(...), wrapWidth=500)
7.6426 	EXP 	Created instruct = TextStim(alignHoriz='center', alignVert='center', antialias=True, autoLog=True, bold=False, color='white', colorSpace='named', contrast=1.0, depth=-2.0, flipHoriz=False, flipVert=False, font='Arial', fontFiles=[], height=50, italic=False, name='instruct', opacity=1.0, ori=0, pos=array([ 0.,  0.]), rgb=array([ 255.,  255.,  255.]), text=unicode(...), units='pix', win=Window(...), wrapWidth=500)
7.7581 	EXP 	Created rob0 = ImageStim(autoLog=True, color=array([ 1.,  1.,  1.]), colorSpace='rgb', contrast=1.0, depth=-3.0, flipHoriz=False, flipVert=False, image='robot1.png', interpolate=True, mask=None, maskParams=None, name='rob0', opacity=1.0, ori=0.0, pos=array([-250., -100.]), size=array([ 200.,  200.]), texRes=128, units='pix', win=Window(...))
7.7709 	EXP 	Created robb = ImageStim(autoLog=True, color=array([ 1.,  1.,  1.]), colorSpace='rgb', contrast=1.0, depth=-4.0, flipHoriz=False, flipVert=False, image='robot1.png', interpolate=True, mask=None, maskParams=None, name='robb', opacity=1.0, ori=0.0, pos=array([ 250., -100.]), size=array([ 200.,  200.]), texRes=128, units='pix', win=Window(...))
7.7923 	EXP 	Created na = Polygon(autoDraw=False, autoLog=True, closeShape=True, contrast=1.0, depth=-5.0, fillColor='blue', fillColorSpace='named', fillRGB=array([   0.,    0.,  255.]), interpolate=True, lineColor='blue', lineColorSpace='named', lineRGB=array([   0.,    0.,  255.]), lineWidth=1, name='na', opacity=1.0, ori=array(0.0), pos=array([ 0.,  0.]), size=array([ 1.,  1.]), units='pix', vertices=ndarray(...), win=Window(...))
7.7987 	EXP 	Created nb = Polygon(autoDraw=False, autoLog=True, closeShape=True, contrast=1.0, depth=-6.0, fillColor='blue', fillColorSpace='named', fillRGB=array([   0.,    0.,  255.]), interpolate=True, lineColor='blue', lineColorSpace='named', lineRGB=array([   0.,    0.,  255.]), lineWidth=1, name='nb', opacity=1.0, ori=array(0.0), pos=array([ 0.,  0.]), size=array([ 1.,  1.]), units='pix', vertices=ndarray(...), win=Window(...))
7.8060 	EXP 	Created nc = Polygon(autoDraw=False, autoLog=True, closeShape=True, contrast=1.0, depth=-7.0, fillColor='blue', fillColorSpace='named', fillRGB=array([   0.,    0.,  255.]), interpolate=True, lineColor='blue', lineColorSpace='named', lineRGB=array([   0.,    0.,  255.]), lineWidth=1, name='nc', opacity=1.0, ori=array(0.0), pos=array([ 0.,  0.]), size=array([ 1.,  1.]), units='pix', vertices=ndarray(...), win=Window(...))
7.8085 	EXP 	<method-wrapper '__getattribute__' of attributeSetter object at 0x10ee440d0>: vertices = array([[-55.,  20.],
       [ 55.,  20.],
       [ 55., -20.],
       [-55., -20.]])
7.8099 	EXP 	Created s1 = Rect(autoDraw=False, autoLog=True, closeShape=True, contrast=1.0, depth=-8.0, fillColor='black', fillColorSpace='named', fillRGB=array([ 0.,  0.,  0.]), interpolate=True, lineColor='black', lineColorSpace='named', lineRGB=array([ 0.,  0.,  0.]), lineWidth=1, name='s1', opacity=1.0, ori=array(0.0), pos=array([-110., -100.]), size=array([ 1.,  1.]), units='pix', vertices=ndarray(...), win=Window(...))
7.8104 	EXP 	<method-wrapper '__getattribute__' of attributeSetter object at 0x10ee440d0>: vertices = array([[-55.,  20.],
       [ 55.,  20.],
       [ 55., -20.],
       [-55., -20.]])
7.8119 	EXP 	Created s2 = Rect(autoDraw=False, autoLog=True, closeShape=True, contrast=1.0, depth=-9.0, fillColor='black', fillColorSpace='named', fillRGB=array([ 0.,  0.,  0.]), interpolate=True, lineColor='black', lineColorSpace='named', lineRGB=array([ 0.,  0.,  0.]), lineWidth=1, name='s2', opacity=1.0, ori=array(0.0), pos=array([   0., -100.]), size=array([ 1.,  1.]), units='pix', vertices=ndarray(...), win=Window(...))
7.8123 	EXP 	<method-wrapper '__getattribute__' of attributeSetter object at 0x10ee440d0>: vertices = array([[-55.,  20.],
       [ 55.,  20.],
       [ 55., -20.],
       [-55., -20.]])
7.8137 	EXP 	Created s3 = Rect(autoDraw=False, autoLog=True, closeShape=True, contrast=1.0, depth=-10.0, fillColor='black', fillColorSpace='named', fillRGB=array([ 0.,  0.,  0.]), interpolate=True, lineColor='black', lineColorSpace='named', lineRGB=array([ 0.,  0.,  0.]), lineWidth=1, name='s3', opacity=1.0, ori=array(0.0), pos=array([ 110., -100.]), size=array([ 1.,  1.]), units='pix', vertices=ndarray(...), win=Window(...))
8.2222 	EXP 	Created heart = ImageStim(autoLog=True, color=array([ 1.,  1.,  1.]), colorSpace='rgb', contrast=1.0, depth=-11.0, flipHoriz=False, flipVert=False, image='heart.png', interpolate=True, mask=None, maskParams=None, name='heart', opacity=1.0, ori=0.0, pos=array([   0., -100.]), size=array([ 1.,  1.]), texRes=128, units='pix', win=Window(...))
8.2729 	EXP 	Created text_2 = TextStim(alignHoriz='center', alignVert='center', antialias=True, autoLog=True, bold=False, color='white', colorSpace='named', contrast=1.0, depth=-1.0, flipHoriz=False, flipVert=False, font='Arial', fontFiles=[], height=40, italic=False, name='text_2', opacity=1.0, ori=0, pos=array([ 0.,  0.]), rgb=array([ 255.,  255.,  255.]), text=u"Let's take an example", units='pix', win=Window(...), wrapWidth=500)
8.2790 	EXP 	Created nod1 = Polygon(autoDraw=False, autoLog=True, closeShape=True, contrast=1.0, depth=-2.0, fillColor=array([ 1.,  1.,  1.]), fillColorSpace='rgb', fillRGB=array([ 1.,  1.,  1.]), interpolate=True, lineColor='red', lineColorSpace='named', lineRGB=array([ 255.,    0.,    0.]), lineWidth=1, name='nod1', opacity=1.0, ori=array(0.0), pos=array([ 0.,  0.]), size=array([ 100.,  100.]), units='pix', vertices=ndarray(...), win=Window(...))
8.2856 	EXP 	Created nod2 = Polygon(autoDraw=False, autoLog=True, closeShape=True, contrast=1.0, depth=-3.0, fillColor=array([ 1.,  1.,  1.]), fillColorSpace='rgb', fillRGB=array([ 1.,  1.,  1.]), interpolate=True, lineColor=array([ 1.,  1.,  1.]), lineColorSpace='rgb', lineRGB=array([ 1.,  1.,  1.]), lineWidth=1, name='nod2', opacity=1.0, ori=array(0.0), pos=array([ 0.,  0.]), size=array([ 100.,  100.]), units='pix', vertices=ndarray(...), win=Window(...))
8.2930 	EXP 	Created nod3 = Polygon(autoDraw=False, autoLog=True, closeShape=True, contrast=1.0, depth=-4.0, fillColor=array([ 1.,  1.,  1.]), fillColorSpace='rgb', fillRGB=array([ 1.,  1.,  1.]), interpolate=True, lineColor=array([ 1.,  1.,  1.]), lineColorSpace='rgb', lineRGB=array([ 1.,  1.,  1.]), lineWidth=1, name='nod3', opacity=1.0, ori=array(0.0), pos=array([ 135.,  115.]), size=array([ 100.,  100.]), units='pix', vertices=ndarray(...), win=Window(...))
8.2995 	EXP 	Created nod4 = Polygon(autoDraw=False, autoLog=True, closeShape=True, contrast=1.0, depth=-5.0, fillColor=array([ 1.,  1.,  1.]), fillColorSpace='rgb', fillRGB=array([ 1.,  1.,  1.]), interpolate=True, lineColor=array([ 1.,  1.,  1.]), lineColorSpace='rgb', lineRGB=array([ 1.,  1.,  1.]), lineWidth=1, name='nod4', opacity=1.0, ori=array(0.0), pos=array([ 250.,  115.]), size=array([ 100.,  100.]), units='pix', vertices=ndarray(...), win=Window(...))
8.3138 	EXP 	Created rob1 = ImageStim(autoLog=True, color=array([ 1.,  1.,  1.]), colorSpace='rgb', contrast=1.0, depth=-6.0, flipHoriz=False, flipVert=False, image='robot1.png', interpolate=True, mask=None, maskParams=None, name='rob1', opacity=1.0, ori=1.0, pos=array([  20., -115.]), size=array([ 100.,  100.]), texRes=128, units='pix', win=Window(...))
8.3165 	EXP 	Created rob2 = ImageStim(autoLog=True, color=array([ 1.,  1.,  1.]), colorSpace='rgb', contrast=1.0, depth=-7.0, flipHoriz=False, flipVert=False, image='sin', interpolate=True, mask=None, maskParams=None, name='rob2', opacity=1.0, ori=0.0, pos=array([ 365.,  115.]), size=array([ 100.,  100.]), texRes=128, units='pix', win=Window(...))
8.3169 	EXP 	<method-wrapper '__getattribute__' of attributeSetter object at 0x10ee440d0>: vertices = array([[-0.5,  0.5],
       [ 0.5,  0.5],
       [ 0.5, -0.5],
       [-0.5, -0.5]])
8.3183 	EXP 	Created sh1 = Rect(autoDraw=False, autoLog=True, closeShape=True, contrast=1.0, depth=-9.0, fillColor='black', fillColorSpace='named', fillRGB=array([ 0.,  0.,  0.]), interpolate=True, lineColor='black', lineColorSpace='named', lineRGB=array([ 0.,  0.,  0.]), lineWidth=1, name='sh1', opacity=1.0, ori=array(0.0), pos=array([ 20.,   0.]), size=array([ 1.,  1.]), units='pix', vertices=ndarray(...), win=Window(...))
8.3187 	EXP 	<method-wrapper '__getattribute__' of attributeSetter object at 0x10ee440d0>: vertices = array([[-30.,  20.],
       [ 30.,  20.],
       [ 30., -20.],
       [-30., -20.]])
8.3202 	EXP 	Created sh2a = Rect(autoDraw=False, autoLog=True, closeShape=True, contrast=1.0, depth=-10.0, fillColor='black', fillColorSpace='named', fillRGB=array([ 0.,  0.,  0.]), interpolate=True, lineColor='black', lineColorSpace='named', lineRGB=array([ 0.,  0.,  0.]), lineWidth=1, name='sh2a', opacity=1.0, ori=array(0.0), pos=array([  50.,  113.]), size=array([ 1.,  1.]), units='pix', vertices=ndarray(...), win=Window(...))
8.3206 	EXP 	<method-wrapper '__getattribute__' of attributeSetter object at 0x10ee440d0>: vertices = array([[-20.,  40.],
       [ 20.,  40.],
       [ 20., -40.],
       [-20., -40.]])
8.3219 	EXP 	Created sh2b = Rect(autoDraw=False, autoLog=True, closeShape=True, contrast=1.0, depth=-11.0, fillColor='black', fillColorSpace='named', fillRGB=array([ 0.,  0.,  0.]), interpolate=True, lineColor='black', lineColorSpace='named', lineRGB=array([ 0.,  0.,  0.]), lineWidth=1, name='sh2b', opacity=1.0, ori=array(0.0), pos=array([ 22.,  93.]), size=array([ 1.,  1.]), units='pix', vertices=ndarray(...), win=Window(...))
8.3224 	EXP 	<method-wrapper '__getattribute__' of attributeSetter object at 0x10ee440d0>: vertices = array([[-55.,  20.],
       [ 55.,  20.],
       [ 55., -20.],
       [-55., -20.]])
8.3238 	EXP 	Created sh3 = Rect(autoDraw=False, autoLog=True, closeShape=True, contrast=1.0, depth=-12.0, fillColor='black', fillColorSpace='named', fillRGB=array([ 0.,  0.,  0.]), interpolate=True, lineColor='black', lineColorSpace='named', lineRGB=array([ 0.,  0.,  0.]), lineWidth=1, name='sh3', opacity=1.0, ori=array(0.0), pos=array([ 135.,  115.]), size=array([ 1.,  1.]), units='pix', vertices=ndarray(...), win=Window(...))
8.3242 	EXP 	<method-wrapper '__getattribute__' of attributeSetter object at 0x10ee440d0>: vertices = array([[-55.,  20.],
       [ 55.,  20.],
       [ 55., -20.],
       [-55., -20.]])
8.3255 	EXP 	Created sh4 = Rect(autoDraw=False, autoLog=True, closeShape=True, contrast=1.0, depth=-13.0, fillColor='black', fillColorSpace='named', fillRGB=array([ 0.,  0.,  0.]), interpolate=True, lineColor='black', lineColorSpace='named', lineRGB=array([ 0.,  0.,  0.]), lineWidth=1, name='sh4', opacity=1.0, ori=array(0.0), pos=array([ 250.,  115.]), size=array([ 1.,  1.]), units='pix', vertices=ndarray(...), win=Window(...))
8.3468 	EXP 	Created star = TextStim(alignHoriz='center', alignVert='center', antialias=True, autoLog=True, bold=False, color='white', colorSpace='named', contrast=1.0, depth=0.0, flipHoriz=False, flipVert=False, font='Arial', fontFiles=[], height=50, italic=False, name='star', opacity=1.0, ori=0, pos=array([ 0.,  0.]), rgb=array([ 255.,  255.,  255.]), text=unicode(...), units='pix', win=Window(...), wrapWidth=500)
8.3474 	EXP 	<method-wrapper '__getattribute__' of attributeSetter object at 0x10ee440d0>: vertices = array([[-400.,  450.],
       [ 400.,  450.],
       [ 400., -450.],
       [-400., -450.]])
8.3502 	EXP 	Created whitebackground = Rect(autoDraw=False, autoLog=True, closeShape=True, contrast=1.0, depth=-2.0, fillColor=array([ 1.,  1.,  1.]), fillColorSpace='rgb', fillRGB=array([ 1.,  1.,  1.]), interpolate=True, lineColor=array([ 1.,  1.,  1.]), lineColorSpace='rgb', lineRGB=array([ 1.,  1.,  1.]), lineWidth=0, name='whitebackground', opacity=1.0, ori=array(0.0), pos=array([-560.,    0.]), size=array([ 1.,  1.]), units='pix', vertices=ndarray(...), win=Window(...))
8.3626 	EXP 	Created robotS = ImageStim(autoLog=True, color=array([ 1.,  1.,  1.]), colorSpace='rgb', contrast=1.0, depth=-3.0, flipHoriz=False, flipVert=False, image='robot1.png', interpolate=True, mask=None, maskParams=None, name='robotS', opacity=1.0, ori=0.0, pos=array([ 0.,  0.]), size=array([ 100.,  100.]), texRes=128, units='pix', win=Window(...))
8.3707 	EXP 	Created node1 = Polygon(autoDraw=False, autoLog=True, closeShape=True, contrast=1.0, depth=-4.0, fillColor=array([ 1.,  1.,  1.]), fillColorSpace='rgb', fillRGB=array([ 1.,  1.,  1.]), interpolate=True, lineColor=array([ 1.,  1.,  1.]), lineColorSpace='rgb', lineRGB=array([ 1.,  1.,  1.]), lineWidth=0, name='node1', opacity=1.0, ori=array(0.0), pos=array([ 0.,  0.]), size=array([ 100.,  100.]), units='pix', vertices=ndarray(...), win=Window(...))
8.3784 	EXP 	Created node2 = Polygon(autoDraw=False, autoLog=True, closeShape=True, contrast=1.0, depth=-5.0, fillColor=array([ 1.,  1.,  1.]), fillColorSpace='rgb', fillRGB=array([ 1.,  1.,  1.]), interpolate=True, lineColor=array([ 1.,  1.,  1.]), lineColorSpace='rgb', lineRGB=array([ 1.,  1.,  1.]), lineWidth=0, name='node2', opacity=1.0, ori=array(0.0), pos=array([ 0.,  0.]), size=array([ 100.,  100.]), units='pix', vertices=ndarray(...), win=Window(...))
8.3870 	EXP 	Created node3 = Polygon(autoDraw=False, autoLog=True, closeShape=True, contrast=1.0, depth=-6.0, fillColor=array([ 1.,  1.,  1.]), fillColorSpace='rgb', fillRGB=array([ 1.,  1.,  1.]), interpolate=True, lineColor=array([ 1.,  1.,  1.]), lineColorSpace='rgb', lineRGB=array([ 1.,  1.,  1.]), lineWidth=0, name='node3', opacity=1.0, ori=array(0.0), pos=array([ 0.,  0.]), size=array([ 100.,  100.]), units='pix', vertices=ndarray(...), win=Window(...))
8.3946 	EXP 	Created node4 = Polygon(autoDraw=False, autoLog=True, closeShape=True, contrast=1.0, depth=-7.0, fillColor=array([ 1.,  1.,  1.]), fillColorSpace='rgb', fillRGB=array([ 1.,  1.,  1.]), interpolate=True, lineColor=array([ 1.,  1.,  1.]), lineColorSpace='rgb', lineRGB=array([ 1.,  1.,  1.]), lineWidth=0, name='node4', opacity=1.0, ori=array(0.0), pos=array([ 0.,  0.]), size=array([ 100.,  100.]), units='pix', vertices=ndarray(...), win=Window(...))
8.4015 	EXP 	Created node5 = Polygon(autoDraw=False, autoLog=True, closeShape=True, contrast=1.0, depth=-8.0, fillColor=array([ 1.,  1.,  1.]), fillColorSpace='rgb', fillRGB=array([ 1.,  1.,  1.]), interpolate=True, lineColor=array([ 1.,  1.,  1.]), lineColorSpace='rgb', lineRGB=array([ 1.,  1.,  1.]), lineWidth=0, name='node5', opacity=1.0, ori=array(0.0), pos=array([ 0.,  0.]), size=array([ 100.,  100.]), units='pix', vertices=ndarray(...), win=Window(...))
8.4157 	EXP 	Created robotF = ImageStim(autoLog=True, color=array([ 1.,  1.,  1.]), colorSpace='rgb', contrast=1.0, depth=-9.0, flipHoriz=False, flipVert=False, image='robot1.png', interpolate=True, mask=None, maskParams=None, name='robotF', opacity=1.0, ori=0.0, pos=array([ 0.,  0.]), size=array([ 100.,  100.]), texRes=128, units='pix', win=Window(...))
8.4218 	EXP 	Created select1 = Polygon(autoDraw=False, autoLog=True, closeShape=True, contrast=1.0, depth=-10.0, fillColor='red', fillColorSpace='named', fillRGB=array([ 255.,    0.,    0.]), interpolate=True, lineColor=array([ 1.,  1.,  1.]), lineColorSpace='rgb', lineRGB=array([ 1.,  1.,  1.]), lineWidth=0, name='select1', opacity=1.0, ori=array(0.0), pos=array([-630.,    0.]), size=array([ 100.,  100.]), units='pix', vertices=ndarray(...), win=Window(...))
8.4278 	EXP 	Created select2 = Polygon(autoDraw=False, autoLog=True, closeShape=True, contrast=1.0, depth=-11.0, fillColor='blue', fillColorSpace='named', fillRGB=array([   0.,    0.,  255.]), interpolate=True, lineColor=array([ 1.,  1.,  1.]), lineColorSpace='rgb', lineRGB=array([ 1.,  1.,  1.]), lineWidth=0, name='select2', opacity=1.0, ori=array(0.0), pos=array([-630., -120.]), size=array([ 100.,  100.]), units='pix', vertices=ndarray(...), win=Window(...))
8.4339 	EXP 	Created select3 = Polygon(autoDraw=False, autoLog=True, closeShape=True, contrast=1.0, depth=-12.0, fillColor='yellow', fillColorSpace='named', fillRGB=array([ 255.,  255.,    0.]), interpolate=True, lineColor=array([ 1.,  1.,  1.]), lineColorSpace='rgb', lineRGB=array([ 1.,  1.,  1.]), lineWidth=0, name='select3', opacity=1.0, ori=array(0.0), pos=array([-630., -240.]), size=array([ 100.,  100.]), units='pix', vertices=ndarray(...), win=Window(...))
8.4424 	EXP 	Created select4 = Polygon(autoDraw=False, autoLog=True, closeShape=True, contrast=1.0, depth=-13.0, fillColor='green', fillColorSpace='named', fillRGB=array([   0.,  128.,    0.]), interpolate=True, lineColor=array([ 1.,  1.,  1.]), lineColorSpace='rgb', lineRGB=array([ 1.,  1.,  1.]), lineWidth=0, name='select4', opacity=1.0, ori=array(0.0), pos=array([-630., -360.]), size=array([ 100.,  100.]), units='pix', vertices=ndarray(...), win=Window(...))
8.4795 	EXP 	Created selection = ImageStim(autoLog=True, color=array([ 1.,  1.,  1.]), colorSpace='rgb', contrast=1.0, depth=-14.0, flipHoriz=False, flipVert=False, image='mastershapes.png', interpolate=True, mask=None, maskParams=None, name='selection', opacity=1.0, ori=0.0, pos=array([ 0.,  0.]), size=array([ 500.,  400.]), texRes=128, units='pix', win=Window(...))
8.5252 	EXP 	Created sel = TextStim(alignHoriz='center', alignVert='center', antialias=True, autoLog=True, bold=False, color=u'black', colorSpace='named', contrast=1.0, depth=-15.0, flipHoriz=False, flipVert=False, font=u'Arial', fontFiles=[], height=30, italic=False, name='sel', opacity=1.0, ori=0, pos=array([-450.,  250.]), rgb=array([ 0.,  0.,  0.]), text=unicode(...), units='pix', win=Window(...), wrapWidth=500)
8.5423 	EXP 	Created Evaluation = TextStim(alignHoriz='center', alignVert='center', antialias=True, autoLog=True, bold=False, color=u'white', colorSpace='named', contrast=1.0, depth=-1.0, flipHoriz=False, flipVert=False, font=u'Arial', fontFiles=[], height=40, italic=False, name='Evaluation', opacity=1.0, ori=0, pos=array([   0.,  300.]), rgb=array([ 255.,  255.,  255.]), text=unicode(...), units='pix', win=Window(...), wrapWidth=500)
8.5488 	EXP 	Created polygon = Polygon(autoDraw=False, autoLog=True, closeShape=True, contrast=1.0, depth=-2.0, fillColor=array([ 1.,  1.,  1.]), fillColorSpace='rgb', fillRGB=array([ 1.,  1.,  1.]), interpolate=True, lineColor=array([ 1.,  1.,  1.]), lineColorSpace='rgb', lineRGB=array([ 1.,  1.,  1.]), lineWidth=1, name='polygon', opacity=1.0, ori=array(0.0), pos=array([ 0.,  0.]), size=array([ 100.,  100.]), units='pix', vertices=ndarray(...), win=Window(...))
8.5553 	EXP 	Created polygon_2 = Polygon(autoDraw=False, autoLog=True, closeShape=True, contrast=1.0, depth=-3.0, fillColor=array([ 1.,  1.,  1.]), fillColorSpace='rgb', fillRGB=array([ 1.,  1.,  1.]), interpolate=True, lineColor=array([ 1.,  1.,  1.]), lineColorSpace='rgb', lineRGB=array([ 1.,  1.,  1.]), lineWidth=1, name='polygon_2', opacity=1.0, ori=array(0.0), pos=array([ 0.,  0.]), size=array([ 100.,  100.]), units='pix', vertices=ndarray(...), win=Window(...))
8.5616 	EXP 	Created polygon_3 = Polygon(autoDraw=False, autoLog=True, closeShape=True, contrast=1.0, depth=-4.0, fillColor=array([ 1.,  1.,  1.]), fillColorSpace='rgb', fillRGB=array([ 1.,  1.,  1.]), interpolate=True, lineColor=array([ 1.,  1.,  1.]), lineColorSpace='rgb', lineRGB=array([ 1.,  1.,  1.]), lineWidth=1, name='polygon_3', opacity=1.0, ori=array(0.0), pos=array([ 0.,  0.]), size=array([ 100.,  100.]), units='pix', vertices=ndarray(...), win=Window(...))
8.5723 	EXP 	Created polygon_4 = Polygon(autoDraw=False, autoLog=True, closeShape=True, contrast=1.0, depth=-5.0, fillColor=array([ 1.,  1.,  1.]), fillColorSpace='rgb', fillRGB=array([ 1.,  1.,  1.]), interpolate=True, lineColor=array([ 1.,  1.,  1.]), lineColorSpace='rgb', lineRGB=array([ 1.,  1.,  1.]), lineWidth=1, name='polygon_4', opacity=1.0, ori=array(0.0), pos=array([ 0.,  0.]), size=array([ 100.,  100.]), units='pix', vertices=ndarray(...), win=Window(...))
8.5805 	EXP 	Created polygon_5 = Polygon(autoDraw=False, autoLog=True, closeShape=True, contrast=1.0, depth=-6.0, fillColor=array([ 1.,  1.,  1.]), fillColorSpace='rgb', fillRGB=array([ 1.,  1.,  1.]), interpolate=True, lineColor=array([ 1.,  1.,  1.]), lineColorSpace='rgb', lineRGB=array([ 1.,  1.,  1.]), lineWidth=1, name='polygon_5', opacity=1.0, ori=array(0.0), pos=array([ 0.,  0.]), size=array([ 100.,  100.]), units='pix', vertices=ndarray(...), win=Window(...))
8.5872 	EXP 	Created choice = TextStim(alignHoriz='center', alignVert='center', antialias=True, autoLog=True, bold=False, color='white', colorSpace='named', contrast=1.0, depth=-7.0, flipHoriz=False, flipVert=False, font='Arial', fontFiles=[], height=50, italic=False, name='choice', opacity=1.0, ori=0, pos=array([   0., -300.]), rgb=array([ 255.,  255.,  255.]), text=u'default text', units='pix', win=Window(...), wrapWidth=500)
8.6005 	EXP 	Created ro = ImageStim(autoLog=True, color=array([ 1.,  1.,  1.]), colorSpace='rgb', contrast=1.0, depth=-8.0, flipHoriz=False, flipVert=False, image='robot1.png', interpolate=True, mask=None, maskParams=None, name='ro', opacity=1.0, ori=0.0, pos=array([ 0.,  0.]), size=array([ 100.,  100.]), texRes=128, units='pix', win=Window(...))
8.6151 	EXP 	Created rq = ImageStim(autoLog=True, color=array([ 1.,  1.,  1.]), colorSpace='rgb', contrast=1.0, depth=-9.0, flipHoriz=False, flipVert=False, image='robot1.png', interpolate=True, mask=None, maskParams=None, name='rq', opacity=1.0, ori=0.0, pos=array([ 0.,  0.]), size=array([ 100.,  100.]), texRes=128, units='pix', win=Window(...))
8.6207 	EXP 	Created feedback = TextStim(alignHoriz='center', alignVert='center', antialias=True, autoLog=True, bold=False, color=u'white', colorSpace='named', contrast=1.0, depth=-1.0, flipHoriz=False, flipVert=False, font=u'Arial', fontFiles=[], height=50, italic=False, name='feedback', opacity=1.0, ori=0, pos=array([ 0.,  0.]), rgb=array([ 255.,  255.,  255.]), text=u'default text', units='pix', win=Window(...), wrapWidth=500)
8.6286 	EXP 	Created thankyou = TextStim(alignHoriz='center', alignVert='center', antialias=True, autoLog=True, bold=False, color='white', colorSpace='named', contrast=1.0, depth=0.0, flipHoriz=False, flipVert=False, font='Arial', fontFiles=[], height=50, italic=False, name='thankyou', opacity=1.0, ori=0, pos=array([ 0.,  0.]), rgb=array([ 255.,  255.,  255.]), text=u'Thank you for your participation.\n', units='pix', win=Window(...), wrapWidth=500)
8.6490 	EXP 	instruct: pos = array([   0.,  150.])
8.6490 	EXP 	na: pos = array([-110., -100.])
8.6490 	EXP 	na: size = array([ 100.,  100.])
8.6490 	EXP 	nb: pos = array([   0., -100.])
8.6490 	EXP 	nb: size = array([ 100.,  100.])
8.6490 	EXP 	nc: pos = array([ 110., -100.])
8.6490 	EXP 	nc: size = array([ 100.,  100.])
8.6490 	EXP 	welcome: autoDraw = True
11.6494 	EXP 	welcome: autoDraw = False
11.6494 	EXP 	instruct: autoDraw = True
14.6497 	EXP 	rob0: autoDraw = True
14.6497 	EXP 	robb: autoDraw = True
15.1492 	EXP 	na: autoDraw = True
15.6498 	EXP 	nb: autoDraw = True
16.1499 	EXP 	nc: autoDraw = True
17.1500 	EXP 	s1: autoDraw = True
18.1501 	EXP 	s2: autoDraw = True
19.1502 	EXP 	s3: autoDraw = True
22.6341 	EXP 	na: autoDraw = False
22.6341 	EXP 	nb: autoDraw = False
22.6341 	EXP 	nc: autoDraw = False
22.6341 	EXP 	s1: autoDraw = False
22.6341 	EXP 	s2: autoDraw = False
22.6341 	EXP 	s3: autoDraw = False
22.6504 	EXP 	heart: autoDraw = True
26.6677 	EXP 	instruct: autoDraw = False
26.6677 	EXP 	rob0: autoDraw = False
26.6677 	EXP 	robb: autoDraw = False
26.6677 	EXP 	heart: autoDraw = False
26.6677 	EXP 	welcome: autoDraw = False
26.6677 	EXP 	instruct: autoDraw = False
26.6677 	EXP 	rob0: autoDraw = False
26.6677 	EXP 	robb: autoDraw = False
26.6677 	EXP 	na: autoDraw = False
26.6677 	EXP 	nb: autoDraw = False
26.6677 	EXP 	nc: autoDraw = False
26.6677 	EXP 	s1: autoDraw = False
26.6677 	EXP 	s2: autoDraw = False
26.6677 	EXP 	s3: autoDraw = False
26.6677 	EXP 	heart: autoDraw = False
26.6677 	EXP 	text_2: pos = array([-300.,  300.])
26.6677 	EXP 	nod1: fillColor = 'red (named)'
26.6677 	EXP 	nod1: pos = array([ 20.,   0.])
26.6677 	EXP 	nod2: fillColor = 'yellow (named)'
26.6677 	EXP 	nod2: pos = array([  20.,  115.])
26.6677 	EXP 	nod2: lineColor = 'yellow (named)'
26.6677 	EXP 	nod3: fillColor = 'blue (named)'
26.6677 	EXP 	nod3: lineColor = 'blue (named)'
26.6677 	EXP 	nod4: fillColor = 'blue (named)'
26.6677 	EXP 	nod4: lineColor = 'blue (named)'
26.6677 	EXP 	rob1: ori = 0.0
26.6677 	EXP 	rob2: image = 'robot1.png'
26.6677 	EXP 	sh1: size = array([  40.,  110.])
26.6677 	EXP 	text_2: autoDraw = True
26.6677 	EXP 	nod1: autoDraw = True
26.6677 	EXP 	nod2: autoDraw = True
26.6677 	EXP 	nod3: autoDraw = True
26.6677 	EXP 	nod4: autoDraw = True
26.6677 	EXP 	rob1: autoDraw = True
26.6677 	EXP 	rob2: autoDraw = True
28.6512 	EXP 	sh1: autoDraw = True
29.1512 	EXP 	sh2a: autoDraw = True
29.1512 	EXP 	sh2b: autoDraw = True
29.6512 	EXP 	sh3: autoDraw = True
30.1514 	EXP 	sh4: autoDraw = True
34.6289 	DATA 	Keypress: space
34.6518 	EXP 	text_2: autoDraw = False
34.6518 	EXP 	nod1: autoDraw = False
34.6518 	EXP 	nod2: autoDraw = False
34.6518 	EXP 	nod3: autoDraw = False
34.6518 	EXP 	nod4: autoDraw = False
34.6518 	EXP 	rob1: autoDraw = False
34.6518 	EXP 	rob2: autoDraw = False
34.6518 	EXP 	sh1: autoDraw = False
34.6518 	EXP 	sh2a: autoDraw = False
34.6518 	EXP 	sh2b: autoDraw = False
34.6518 	EXP 	sh3: autoDraw = False
34.6518 	EXP 	sh4: autoDraw = False
34.6518 	EXP 	star: autoDraw = True
38.5720 	DATA 	Keypress: space
38.5825 	EXP 	Imported designs.xlsx as conditions, 4 conditions, 16 params
38.5829 	EXP 	Created sequence: sequential, trialTypes=4, nReps=1, seed=None
38.5835 	EXP 	New trial (rep=0, index=0): {u'n2col': u'blue', u'n4col': u'red', u'n3col': u'green', u'r4': u'd', u'n1col': u'blue', u'r1': u'a', u'r2': u'b', u'rs': u'LOC21', u'r3': u'c', u're': u'LOC9', u'n5col': u'red', u'n1': u'LOC22', u'n2': u'LOC23', u'n3': u'LOC24', u'n4': u'LOC19', u'n5': u'LOC14'}
38.6018 	EXP 	star: autoDraw = False
38.6018 	EXP 	robotS: pos = array([  20., -230.])
38.6018 	EXP 	node1: fillColor = u'blue (named)'
38.6018 	EXP 	node1: pos = array([ 135., -230.])
38.6018 	EXP 	node2: fillColor = u'blue (named)'
38.6018 	EXP 	node2: pos = array([ 250., -230.])
38.6018 	EXP 	node3: fillColor = u'green (named)'
38.6018 	EXP 	node3: pos = array([ 365., -230.])
38.6018 	EXP 	node4: fillColor = u'red (named)'
38.6018 	EXP 	node4: pos = array([ 365., -115.])
38.6018 	EXP 	node5: fillColor = u'red (named)'
38.6018 	EXP 	node5: pos = array([ 365.,    0.])
38.6018 	EXP 	robotF: pos = array([ 365.,  115.])
38.6018 	EXP 	whitebackground: autoDraw = True
38.6018 	EXP 	robotS: autoDraw = True
38.6018 	EXP 	node1: autoDraw = True
38.6018 	EXP 	node2: autoDraw = True
38.6018 	EXP 	node3: autoDraw = True
38.6018 	EXP 	node4: autoDraw = True
38.6018 	EXP 	node5: autoDraw = True
38.6018 	EXP 	robotF: autoDraw = True
38.6018 	EXP 	select1: autoDraw = True
38.6018 	EXP 	select2: autoDraw = True
38.6018 	EXP 	select3: autoDraw = True
38.6018 	EXP 	select4: autoDraw = True
38.6018 	EXP 	selection: autoDraw = True
38.6018 	EXP 	sel: autoDraw = True
274.1867 	DATA 	Keypress: a
274.5307 	DATA 	Keypress: a
274.7637 	DATA 	Keypress: a
274.9980 	DATA 	Keypress: a
275.0148 	EXP 	New trial (rep=0, index=1): {u'n2col': u'yellow', u'n4col': u'green', u'n3col': u'blue', u'r4': u'd', u'n1col': u'red', u'r1': u'a', u'r2': u'b', u'rs': u'LOC21', u'r3': u'c', u're': u'LOC3', u'n5col': u'red', u'n1': u'LOC16', u'n2': u'LOC11', u'n3': u'LOC12', u'n4': u'LOC13', u'n5': u'LOC8'}
275.0440 	EXP 	whitebackground: autoDraw = False
275.0440 	EXP 	robotS: autoDraw = False
275.0440 	EXP 	node1: autoDraw = False
275.0440 	EXP 	node2: autoDraw = False
275.0440 	EXP 	node3: autoDraw = False
275.0440 	EXP 	node4: autoDraw = False
275.0440 	EXP 	node5: autoDraw = False
275.0440 	EXP 	robotF: autoDraw = False
275.0440 	EXP 	select1: autoDraw = False
275.0440 	EXP 	select2: autoDraw = False
275.0440 	EXP 	select3: autoDraw = False
275.0440 	EXP 	select4: autoDraw = False
275.0440 	EXP 	selection: autoDraw = False
275.0440 	EXP 	sel: autoDraw = False
275.0440 	EXP 	robotS: pos = array([  20., -230.])
275.0440 	EXP 	node1: fillColor = u'red (named)'
275.0440 	EXP 	node1: pos = array([  20., -115.])
275.0440 	EXP 	node2: fillColor = u'yellow (named)'
275.0440 	EXP 	node2: pos = array([ 20.,   0.])
275.0440 	EXP 	node3: fillColor = u'blue (named)'
275.0440 	EXP 	node3: pos = array([ 135.,    0.])
275.0440 	EXP 	node4: fillColor = u'green (named)'
275.0440 	EXP 	node4: pos = array([ 250.,    0.])
275.0440 	EXP 	node5: fillColor = u'red (named)'
275.0440 	EXP 	node5: pos = array([ 250.,  115.])
275.0440 	EXP 	robotF: pos = array([ 250.,  230.])
275.0440 	EXP 	whitebackground: autoDraw = True
275.0440 	EXP 	robotS: autoDraw = True
275.0440 	EXP 	node1: autoDraw = True
275.0440 	EXP 	node2: autoDraw = True
275.0440 	EXP 	node3: autoDraw = True
275.0440 	EXP 	node4: autoDraw = True
275.0440 	EXP 	node5: autoDraw = True
275.0440 	EXP 	robotF: autoDraw = True
275.0440 	EXP 	select1: autoDraw = True
275.0440 	EXP 	select2: autoDraw = True
275.0440 	EXP 	select3: autoDraw = True
275.0440 	EXP 	select4: autoDraw = True
275.0440 	EXP 	selection: autoDraw = True
275.0440 	EXP 	sel: autoDraw = True
275.3011 	DATA 	Keypress: a
275.6344 	DATA 	Keypress: a
275.8853 	DATA 	Keypress: a
276.1639 	DATA 	Keypress: a
276.1667 	EXP 	New trial (rep=0, index=2): {u'n2col': u'red', u'n4col': u'blue', u'n3col': u'yellow', u'r4': u'd', u'n1col': u'red', u'r1': u'a', u'r2': u'b', u'rs': u'LOC22', u'r3': u'c', u're': u'LOC10', u'n5col': u'blue', u'n1': u'LOC17', u'n2': u'LOC12', u'n3': u'LOC7', u'n4': u'LOC8', u'n5': u'LOC9'}
276.1941 	EXP 	whitebackground: autoDraw = False
276.1941 	EXP 	robotS: autoDraw = False
276.1941 	EXP 	node1: autoDraw = False
276.1941 	EXP 	node2: autoDraw = False
276.1941 	EXP 	node3: autoDraw = False
276.1941 	EXP 	node4: autoDraw = False
276.1941 	EXP 	node5: autoDraw = False
276.1941 	EXP 	robotF: autoDraw = False
276.1941 	EXP 	select1: autoDraw = False
276.1941 	EXP 	select2: autoDraw = False
276.1941 	EXP 	select3: autoDraw = False
276.1941 	EXP 	select4: autoDraw = False
276.1941 	EXP 	selection: autoDraw = False
276.1941 	EXP 	sel: autoDraw = False
276.1941 	EXP 	robotS: pos = array([ 135., -230.])
276.1941 	EXP 	node1: fillColor = u'red (named)'
276.1941 	EXP 	node1: pos = array([ 135., -115.])
276.1941 	EXP 	node2: fillColor = u'red (named)'
276.1941 	EXP 	node2: pos = array([ 135.,    0.])
276.1941 	EXP 	node3: fillColor = u'yellow (named)'
276.1941 	EXP 	node3: pos = array([ 135.,  115.])
276.1941 	EXP 	node4: fillColor = u'blue (named)'
276.1941 	EXP 	node4: pos = array([ 250.,  115.])
276.1941 	EXP 	node5: fillColor = u'blue (named)'
276.1941 	EXP 	node5: pos = array([ 365.,  115.])
276.1941 	EXP 	robotF: pos = array([ 480.,  115.])
276.1941 	EXP 	whitebackground: autoDraw = True
276.1941 	EXP 	robotS: autoDraw = True
276.1941 	EXP 	node1: autoDraw = True
276.1941 	EXP 	node2: autoDraw = True
276.1941 	EXP 	node3: autoDraw = True
276.1941 	EXP 	node4: autoDraw = True
276.1941 	EXP 	node5: autoDraw = True
276.1941 	EXP 	robotF: autoDraw = True
276.1941 	EXP 	select1: autoDraw = True
276.1941 	EXP 	select2: autoDraw = True
276.1941 	EXP 	select3: autoDraw = True
276.1941 	EXP 	select4: autoDraw = True
276.1941 	EXP 	selection: autoDraw = True
276.1941 	EXP 	sel: autoDraw = True
276.4481 	DATA 	Keypress: a
276.7154 	DATA 	Keypress: a
276.9642 	DATA 	Keypress: a
277.2813 	DATA 	Keypress: a
277.2840 	EXP 	New trial (rep=0, index=3): {u'n2col': u'yellow', u'n4col': u'yellow', u'n3col': u'green', u'r4': u'd', u'n1col': u'green', u'r1': u'a', u'r2': u'b', u'rs': u'LOC16', u'r3': u'c', u're': u'LOC10', u'n5col': u'blue', u'n1': u'LOC17', u'n2': u'LOC12', u'n3': u'LOC13', u'n4': u'LOC8', u'n5': u'LOC9'}
277.3109 	EXP 	whitebackground: autoDraw = False
277.3109 	EXP 	robotS: autoDraw = False
277.3109 	EXP 	node1: autoDraw = False
277.3109 	EXP 	node2: autoDraw = False
277.3109 	EXP 	node3: autoDraw = False
277.3109 	EXP 	node4: autoDraw = False
277.3109 	EXP 	node5: autoDraw = False
277.3109 	EXP 	robotF: autoDraw = False
277.3109 	EXP 	select1: autoDraw = False
277.3109 	EXP 	select2: autoDraw = False
277.3109 	EXP 	select3: autoDraw = False
277.3109 	EXP 	select4: autoDraw = False
277.3109 	EXP 	selection: autoDraw = False
277.3109 	EXP 	sel: autoDraw = False
277.3109 	EXP 	robotS: pos = array([  20., -115.])
277.3109 	EXP 	node1: fillColor = u'green (named)'
277.3109 	EXP 	node1: pos = array([ 135., -115.])
277.3109 	EXP 	node2: fillColor = u'yellow (named)'
277.3109 	EXP 	node2: pos = array([ 135.,    0.])
277.3109 	EXP 	node3: fillColor = u'green (named)'
277.3109 	EXP 	node3: pos = array([ 250.,    0.])
277.3109 	EXP 	node4: fillColor = u'yellow (named)'
277.3109 	EXP 	node4: pos = array([ 250.,  115.])
277.3109 	EXP 	node5: fillColor = u'blue (named)'
277.3109 	EXP 	node5: pos = array([ 365.,  115.])
277.3109 	EXP 	robotF: pos = array([ 480.,  115.])
277.3109 	EXP 	whitebackground: autoDraw = True
277.3109 	EXP 	robotS: autoDraw = True
277.3109 	EXP 	node1: autoDraw = True
277.3109 	EXP 	node2: autoDraw = True
277.3109 	EXP 	node3: autoDraw = True
277.3109 	EXP 	node4: autoDraw = True
277.3109 	EXP 	node5: autoDraw = True
277.3109 	EXP 	robotF: autoDraw = True
277.3109 	EXP 	select1: autoDraw = True
277.3109 	EXP 	select2: autoDraw = True
277.3109 	EXP 	select3: autoDraw = True
277.3109 	EXP 	select4: autoDraw = True
277.3109 	EXP 	selection: autoDraw = True
277.3109 	EXP 	sel: autoDraw = True
277.5815 	DATA 	Keypress: a
277.8309 	DATA 	Keypress: a
278.1148 	DATA 	Keypress: a
278.6631 	DATA 	Keypress: a
278.6756 	EXP 	Imported designs1.xlsx as conditions, 2 conditions, 13 params
278.6760 	EXP 	Created sequence: sequential, trialTypes=2, nReps=1, seed=None
278.6769 	EXP 	New trial (rep=0, index=0): {u'n1col': u'green', u'n2col': u'yellow', u'n4col': u'yellow', u'rs': u'LOC16', u'n3col': u'green', u're': u'LOC10', u'corrAns': u'y', u'n5col': u'blue', u'n1': u'LOC17', u'n2': u'LOC12', u'n3': u'LOC13', u'n4': u'LOC8', u'n5': u'LOC9'}
278.7104 	EXP 	whitebackground: autoDraw = False
278.7104 	EXP 	robotS: autoDraw = False
278.7104 	EXP 	node1: autoDraw = False
278.7104 	EXP 	node2: autoDraw = False
278.7104 	EXP 	node3: autoDraw = False
278.7104 	EXP 	node4: autoDraw = False
278.7104 	EXP 	node5: autoDraw = False
278.7104 	EXP 	robotF: autoDraw = False
278.7104 	EXP 	select1: autoDraw = False
278.7104 	EXP 	select2: autoDraw = False
278.7104 	EXP 	select3: autoDraw = False
278.7104 	EXP 	select4: autoDraw = False
278.7104 	EXP 	selection: autoDraw = False
278.7104 	EXP 	sel: autoDraw = False
278.7104 	EXP 	polygon: fillColor = u'green (named)'
278.7104 	EXP 	polygon: pos = array([ 135., -115.])
278.7104 	EXP 	polygon_2: fillColor = u'yellow (named)'
278.7104 	EXP 	polygon_2: pos = array([ 135.,    0.])
278.7104 	EXP 	polygon_3: fillColor = u'green (named)'
278.7104 	EXP 	polygon_3: pos = array([ 250.,    0.])
278.7104 	EXP 	polygon_4: fillColor = u'yellow (named)'
278.7104 	EXP 	polygon_4: pos = array([ 250.,  115.])
278.7104 	EXP 	polygon_5: fillColor = u'blue (named)'
278.7104 	EXP 	polygon_5: pos = array([ 365.,  115.])
278.7104 	EXP 	choice: text = "Press 'y' for Yes  \nPress 'n' for No"
278.7104 	EXP 	ro: color = '[ 1.  1.  1.] (rgb)'
278.7104 	EXP 	ro: pos = array([  20., -115.])
278.7104 	EXP 	rq: color = '[ 1.  1.  1.] (rgb)'
278.7104 	EXP 	rq: pos = array([ 480.,  115.])
278.7104 	EXP 	Evaluation: autoDraw = True
278.7104 	EXP 	polygon: autoDraw = True
278.7104 	EXP 	polygon_2: autoDraw = True
278.7104 	EXP 	polygon_3: autoDraw = True
278.7104 	EXP 	polygon_4: autoDraw = True
278.7104 	EXP 	polygon_5: autoDraw = True
278.7104 	EXP 	choice: autoDraw = True
278.7104 	EXP 	ro: autoDraw = True
278.7104 	EXP 	rq: autoDraw = True
285.3154 	DATA 	Keypress: y
285.3448 	EXP 	Evaluation: autoDraw = False
285.3448 	EXP 	polygon: autoDraw = False
285.3448 	EXP 	polygon_2: autoDraw = False
285.3448 	EXP 	polygon_3: autoDraw = False
285.3448 	EXP 	polygon_4: autoDraw = False
285.3448 	EXP 	polygon_5: autoDraw = False
285.3448 	EXP 	choice: autoDraw = False
285.3448 	EXP 	ro: autoDraw = False
285.3448 	EXP 	rq: autoDraw = False
285.3448 	EXP 	feedback: text = 'Fabulous!'
285.3448 	EXP 	feedback: autoDraw = True
288.3136 	EXP 	New trial (rep=0, index=1): {u'n1col': u'blue', u'n2col': u'yellow', u'n4col': u'yellow', u'rs': u'LOC16', u'n3col': u'red', u're': u'LOC10', u'corrAns': u'n', u'n5col': u'blue', u'n1': u'LOC17', u'n2': u'LOC12', u'n3': u'LOC13', u'n4': u'LOC8', u'n5': u'LOC9'}
288.3288 	EXP 	feedback: autoDraw = False
288.3288 	EXP 	feedback: autoDraw = False
288.3288 	EXP 	polygon: fillColor = u'blue (named)'
288.3288 	EXP 	polygon: pos = array([ 135., -115.])
288.3288 	EXP 	polygon_2: fillColor = u'yellow (named)'
288.3288 	EXP 	polygon_2: pos = array([ 135.,    0.])
288.3288 	EXP 	polygon_3: fillColor = u'red (named)'
288.3288 	EXP 	polygon_3: pos = array([ 250.,    0.])
288.3288 	EXP 	polygon_4: fillColor = u'yellow (named)'
288.3288 	EXP 	polygon_4: pos = array([ 250.,  115.])
288.3288 	EXP 	polygon_5: fillColor = u'blue (named)'
288.3288 	EXP 	polygon_5: pos = array([ 365.,  115.])
288.3288 	EXP 	choice: text = "Press 'y' for Yes  \nPress 'n' for No"
288.3288 	EXP 	ro: color = '[ 1.  1.  1.] (rgb)'
288.3288 	EXP 	ro: pos = array([  20., -115.])
288.3288 	EXP 	rq: color = '[ 1.  1.  1.] (rgb)'
288.3288 	EXP 	rq: pos = array([ 480.,  115.])
288.3288 	EXP 	Evaluation: autoDraw = True
288.3288 	EXP 	polygon: autoDraw = True
288.3288 	EXP 	polygon_2: autoDraw = True
288.3288 	EXP 	polygon_3: autoDraw = True
288.3288 	EXP 	polygon_4: autoDraw = True
288.3288 	EXP 	polygon_5: autoDraw = True
288.3288 	EXP 	choice: autoDraw = True
288.3288 	EXP 	ro: autoDraw = True
288.3288 	EXP 	rq: autoDraw = True
293.8836 	DATA 	Keypress: n
293.9124 	EXP 	Evaluation: autoDraw = False
293.9124 	EXP 	polygon: autoDraw = False
293.9124 	EXP 	polygon_2: autoDraw = False
293.9124 	EXP 	polygon_3: autoDraw = False
293.9124 	EXP 	polygon_4: autoDraw = False
293.9124 	EXP 	polygon_5: autoDraw = False
293.9124 	EXP 	choice: autoDraw = False
293.9124 	EXP 	ro: autoDraw = False
293.9124 	EXP 	rq: autoDraw = False
293.9124 	EXP 	feedback: text = 'Fabulous!'
293.9124 	EXP 	feedback: autoDraw = True
296.9127 	EXP 	feedback: autoDraw = False
296.9127 	EXP 	feedback: autoDraw = False
296.9127 	EXP 	thankyou: autoDraw = True
297.9289 	EXP 	window1: mouseVisible = True
