6.2638 	EXP 	Created window1 = Window(allowGUI=False, allowStencil=False, autoLog=True, bitsMode=UNKNOWN, blendMode='avg', color='black', colorSpace='named', fullscr=UNKNOWN, gamma=None, lms=UNKNOWN, monitor=<psychopy.monitors.calibTools.Monitor object at 0x1138967d0>, name='window1', pos=[0, 0], screen=0, size=array([1440,  900]), stereo=False, units='pix', useFBO=True, useRetina=False, viewOri=0.0, viewPos=None, viewScale=None, waitBlanking=True, winType='pyglet')
6.2639 	EXP 	window1: recordFrameIntervals = False
6.4293 	EXP 	window1: recordFrameIntervals = True
6.6128 	EXP 	window1: recordFrameIntervals = False
6.7323 	EXP 	Created welcome = TextStim(alignHoriz='center', alignVert='center', antialias=True, autoLog=True, bold=False, color=u'white', colorSpace='named', contrast=1.0, depth=0.0, flipHoriz=False, flipVert=False, font=u'Arial', fontFiles=[], height=100, italic=False, name='welcome', opacity=1.0, ori=0, pos=array([ 0.,  0.]), rgb=array([ 255.,  255.,  255.]), text=u'Welcome!', units='pix', win=Window(...), wrapWidth=500)
6.7736 	EXP 	Created instruct = TextStim(alignHoriz='center', alignVert='center', antialias=True, autoLog=True, bold=False, color=u'white', colorSpace='named', contrast=1.0, depth=-1.0, flipHoriz=False, flipVert=False, font=u'Arial', fontFiles=[], height=50, italic=False, name='instruct', opacity=1.0, ori=0, pos=array([ 0.,  0.]), rgb=array([ 255.,  255.,  255.]), text=unicode(...), units='pix', win=Window(...), wrapWidth=500)
6.7860 	EXP 	Created nod1 = Polygon(autoDraw=False, autoLog=True, closeShape=True, contrast=1.0, depth=-1.0, fillColor=array([ 1.,  1.,  1.]), fillColorSpace='rgb', fillRGB=array([ 1.,  1.,  1.]), interpolate=True, lineColor=u'red', lineColorSpace='named', lineRGB=array([ 255.,    0.,    0.]), lineWidth=1, name='nod1', opacity=1.0, ori=array(0.0), pos=array([ 0.,  0.]), size=array([ 100.,  100.]), units='pix', vertices=ndarray(...), win=Window(...))
6.7922 	EXP 	Created nod2 = Polygon(autoDraw=False, autoLog=True, closeShape=True, contrast=1.0, depth=-2.0, fillColor=array([ 1.,  1.,  1.]), fillColorSpace='rgb', fillRGB=array([ 1.,  1.,  1.]), interpolate=True, lineColor=array([ 1.,  1.,  1.]), lineColorSpace='rgb', lineRGB=array([ 1.,  1.,  1.]), lineWidth=1, name='nod2', opacity=1.0, ori=array(0.0), pos=array([ 0.,  0.]), size=array([ 100.,  100.]), units='pix', vertices=ndarray(...), win=Window(...))
6.7980 	EXP 	Created nod3 = Polygon(autoDraw=False, autoLog=True, closeShape=True, contrast=1.0, depth=-3.0, fillColor=array([ 1.,  1.,  1.]), fillColorSpace='rgb', fillRGB=array([ 1.,  1.,  1.]), interpolate=True, lineColor=array([ 1.,  1.,  1.]), lineColorSpace='rgb', lineRGB=array([ 1.,  1.,  1.]), lineWidth=1, name='nod3', opacity=1.0, ori=array(0.0), pos=array([ 135.,  115.]), size=array([ 100.,  100.]), units='pix', vertices=ndarray(...), win=Window(...))
6.8043 	EXP 	Created nod4 = Polygon(autoDraw=False, autoLog=True, closeShape=True, contrast=1.0, depth=-4.0, fillColor=array([ 1.,  1.,  1.]), fillColorSpace='rgb', fillRGB=array([ 1.,  1.,  1.]), interpolate=True, lineColor=array([ 1.,  1.,  1.]), lineColorSpace='rgb', lineRGB=array([ 1.,  1.,  1.]), lineWidth=1, name='nod4', opacity=1.0, ori=array(0.0), pos=array([ 250.,  115.]), size=array([ 1.,  1.]), units='pix', vertices=ndarray(...), win=Window(...))
6.8690 	EXP 	Created rob1 = ImageStim(autoLog=True, color=array([ 1.,  1.,  1.]), colorSpace='rgb', contrast=1.0, depth=-5.0, flipHoriz=False, flipVert=False, image=u'robot1.png', interpolate=True, mask=None, maskParams=None, name='rob1', opacity=1.0, ori=1.0, pos=array([  20., -115.]), size=array([ 100.,  100.]), texRes=128, units='pix', win=Window(...))
6.8715 	EXP 	Created rob2 = ImageStim(autoLog=True, color=array([ 1.,  1.,  1.]), colorSpace='rgb', contrast=1.0, depth=-6.0, flipHoriz=False, flipVert=False, image='sin', interpolate=True, mask=None, maskParams=None, name='rob2', opacity=1.0, ori=0.0, pos=array([ 365.,  115.]), size=array([ 100.,  100.]), texRes=128, units='pix', win=Window(...))
6.8841 	EXP 	Created text_2 = TextStim(alignHoriz='center', alignVert='center', antialias=True, autoLog=True, bold=False, color=array([ 1.,  1.,  1.]), colorSpace='rgb', contrast=1.0, depth=-8.0, flipHoriz=False, flipVert=False, font=u'Arial', fontFiles=[], height=40, italic=False, name='text_2', opacity=1.0, ori=0, pos=array([-300.,  300.]), rgb=array([ 1.,  1.,  1.]), text=u'default text', units='pix', win=Window(...), wrapWidth=500)
6.9039 	EXP 	Created star = TextStim(alignHoriz='center', alignVert='center', antialias=True, autoLog=True, bold=False, color=u'white', colorSpace='named', contrast=1.0, depth=0.0, flipHoriz=False, flipVert=False, font=u'Arial', fontFiles=[], height=50, italic=False, name='star', opacity=1.0, ori=0, pos=array([ 0.,  0.]), rgb=array([ 255.,  255.,  255.]), text=unicode(...), units='pix', win=Window(...), wrapWidth=500)
6.9052 	EXP 	<method-wrapper '__getattribute__' of attributeSetter object at 0x1108bdd90>: vertices = array([[-400.,  450.],
       [ 400.,  450.],
       [ 400., -450.],
       [-400., -450.]])
6.9076 	EXP 	Created whitebackground = Rect(autoDraw=False, autoLog=True, closeShape=True, contrast=1.0, depth=-2.0, fillColor=array([ 1.,  1.,  1.]), fillColorSpace='rgb', fillRGB=array([ 1.,  1.,  1.]), interpolate=True, lineColor=array([ 1.,  1.,  1.]), lineColorSpace='rgb', lineRGB=array([ 1.,  1.,  1.]), lineWidth=0, name='whitebackground', opacity=1.0, ori=array(0.0), pos=array([-560.,    0.]), size=array([ 1.,  1.]), units='pix', vertices=ndarray(...), win=Window(...))
6.9207 	EXP 	Created robotS = ImageStim(autoLog=True, color=array([ 1.,  1.,  1.]), colorSpace='rgb', contrast=1.0, depth=-3.0, flipHoriz=False, flipVert=False, image='robot1.png', interpolate=True, mask=None, maskParams=None, name='robotS', opacity=1.0, ori=0.0, pos=array([ 0.,  0.]), size=array([ 100.,  100.]), texRes=128, units='pix', win=Window(...))
6.9268 	EXP 	Created node1 = Polygon(autoDraw=False, autoLog=True, closeShape=True, contrast=1.0, depth=-4.0, fillColor=array([ 1.,  1.,  1.]), fillColorSpace='rgb', fillRGB=array([ 1.,  1.,  1.]), interpolate=True, lineColor=array([ 1.,  1.,  1.]), lineColorSpace='rgb', lineRGB=array([ 1.,  1.,  1.]), lineWidth=0, name='node1', opacity=1.0, ori=array(0.0), pos=array([ 0.,  0.]), size=array([ 100.,  100.]), units='pix', vertices=ndarray(...), win=Window(...))
6.9330 	EXP 	Created node2 = Polygon(autoDraw=False, autoLog=True, closeShape=True, contrast=1.0, depth=-5.0, fillColor=array([ 1.,  1.,  1.]), fillColorSpace='rgb', fillRGB=array([ 1.,  1.,  1.]), interpolate=True, lineColor=array([ 1.,  1.,  1.]), lineColorSpace='rgb', lineRGB=array([ 1.,  1.,  1.]), lineWidth=0, name='node2', opacity=1.0, ori=array(0.0), pos=array([ 0.,  0.]), size=array([ 100.,  100.]), units='pix', vertices=ndarray(...), win=Window(...))
6.9392 	EXP 	Created node3 = Polygon(autoDraw=False, autoLog=True, closeShape=True, contrast=1.0, depth=-6.0, fillColor=array([ 1.,  1.,  1.]), fillColorSpace='rgb', fillRGB=array([ 1.,  1.,  1.]), interpolate=True, lineColor=array([ 1.,  1.,  1.]), lineColorSpace='rgb', lineRGB=array([ 1.,  1.,  1.]), lineWidth=0, name='node3', opacity=1.0, ori=array(0.0), pos=array([ 0.,  0.]), size=array([ 100.,  100.]), units='pix', vertices=ndarray(...), win=Window(...))
6.9450 	EXP 	Created node4 = Polygon(autoDraw=False, autoLog=True, closeShape=True, contrast=1.0, depth=-7.0, fillColor=array([ 1.,  1.,  1.]), fillColorSpace='rgb', fillRGB=array([ 1.,  1.,  1.]), interpolate=True, lineColor=array([ 1.,  1.,  1.]), lineColorSpace='rgb', lineRGB=array([ 1.,  1.,  1.]), lineWidth=0, name='node4', opacity=1.0, ori=array(0.0), pos=array([ 0.,  0.]), size=array([ 100.,  100.]), units='pix', vertices=ndarray(...), win=Window(...))
6.9528 	EXP 	Created node5 = Polygon(autoDraw=False, autoLog=True, closeShape=True, contrast=1.0, depth=-8.0, fillColor=array([ 1.,  1.,  1.]), fillColorSpace='rgb', fillRGB=array([ 1.,  1.,  1.]), interpolate=True, lineColor=array([ 1.,  1.,  1.]), lineColorSpace='rgb', lineRGB=array([ 1.,  1.,  1.]), lineWidth=0, name='node5', opacity=1.0, ori=array(0.0), pos=array([ 0.,  0.]), size=array([ 100.,  100.]), units='pix', vertices=ndarray(...), win=Window(...))
6.9661 	EXP 	Created robotF = ImageStim(autoLog=True, color=array([ 1.,  1.,  1.]), colorSpace='rgb', contrast=1.0, depth=-9.0, flipHoriz=False, flipVert=False, image='robot1.png', interpolate=True, mask=None, maskParams=None, name='robotF', opacity=1.0, ori=0.0, pos=array([ 0.,  0.]), size=array([ 100.,  100.]), texRes=128, units='pix', win=Window(...))
6.9721 	EXP 	Created select1 = Polygon(autoDraw=False, autoLog=True, closeShape=True, contrast=1.0, depth=-10.0, fillColor='red', fillColorSpace='named', fillRGB=array([ 255.,    0.,    0.]), interpolate=True, lineColor=array([ 1.,  1.,  1.]), lineColorSpace='rgb', lineRGB=array([ 1.,  1.,  1.]), lineWidth=0, name='select1', opacity=1.0, ori=array(0.0), pos=array([-630.,    0.]), size=array([ 100.,  100.]), units='pix', vertices=ndarray(...), win=Window(...))
6.9776 	EXP 	Created select2 = Polygon(autoDraw=False, autoLog=True, closeShape=True, contrast=1.0, depth=-11.0, fillColor='blue', fillColorSpace='named', fillRGB=array([   0.,    0.,  255.]), interpolate=True, lineColor=array([ 1.,  1.,  1.]), lineColorSpace='rgb', lineRGB=array([ 1.,  1.,  1.]), lineWidth=0, name='select2', opacity=1.0, ori=array(0.0), pos=array([-630., -120.]), size=array([ 100.,  100.]), units='pix', vertices=ndarray(...), win=Window(...))
6.9835 	EXP 	Created select3 = Polygon(autoDraw=False, autoLog=True, closeShape=True, contrast=1.0, depth=-12.0, fillColor='yellow', fillColorSpace='named', fillRGB=array([ 255.,  255.,    0.]), interpolate=True, lineColor=array([ 1.,  1.,  1.]), lineColorSpace='rgb', lineRGB=array([ 1.,  1.,  1.]), lineWidth=0, name='select3', opacity=1.0, ori=array(0.0), pos=array([-630., -240.]), size=array([ 100.,  100.]), units='pix', vertices=ndarray(...), win=Window(...))
6.9892 	EXP 	Created select4 = Polygon(autoDraw=False, autoLog=True, closeShape=True, contrast=1.0, depth=-13.0, fillColor='green', fillColorSpace='named', fillRGB=array([   0.,  128.,    0.]), interpolate=True, lineColor=array([ 1.,  1.,  1.]), lineColorSpace='rgb', lineRGB=array([ 1.,  1.,  1.]), lineWidth=0, name='select4', opacity=1.0, ori=array(0.0), pos=array([-630., -360.]), size=array([ 100.,  100.]), units='pix', vertices=ndarray(...), win=Window(...))
7.0004 	EXP 	Created selection = ImageStim(autoLog=True, color=array([ 1.,  1.,  1.]), colorSpace='rgb', contrast=1.0, depth=-14.0, flipHoriz=False, flipVert=False, image='lettera.png', interpolate=True, mask=None, maskParams=None, name='selection', opacity=1.0, ori=0.0, pos=array([ 0.,  0.]), size=array([ 400.,  200.]), texRes=128, units='pix', win=Window(...))
7.0271 	EXP 	Created master = ImageStim(autoLog=True, color=array([ 1.,  1.,  1.]), colorSpace='rgb', contrast=1.0, depth=-15.0, flipHoriz=False, flipVert=False, image='mastershapes.png', interpolate=True, mask=None, maskParams=None, name='master', opacity=1.0, ori=0.0, pos=array([-510.,   90.]), size=array([ 500.,  400.]), texRes=128, units='pix', win=Window(...))
7.0614 	EXP 	Created sel = TextStim(alignHoriz='center', alignVert='center', antialias=True, autoLog=True, bold=False, color='black', colorSpace='named', contrast=1.0, depth=-16.0, flipHoriz=False, flipVert=False, font='Arial', fontFiles=[], height=30, italic=False, name='sel', opacity=1.0, ori=0, pos=array([-450.,  300.]), rgb=array([ 0.,  0.,  0.]), text=unicode(...), units='pix', win=Window(...), wrapWidth=500)
7.0694 	EXP 	Created Evaluation = TextStim(alignHoriz='center', alignVert='center', antialias=True, autoLog=True, bold=False, color='white', colorSpace='named', contrast=1.0, depth=-1.0, flipHoriz=False, flipVert=False, font='Arial', fontFiles=[], height=30, italic=False, name='Evaluation', opacity=1.0, ori=0, pos=array([   0.,  300.]), rgb=array([ 255.,  255.,  255.]), text=u'Is this pathway correct? \n', units='pix', win=Window(...), wrapWidth=500)
7.0744 	EXP 	Created polygon = Polygon(autoDraw=False, autoLog=True, closeShape=True, contrast=1.0, depth=-2.0, fillColor=u'red', fillColorSpace='named', fillRGB=array([ 255.,    0.,    0.]), interpolate=True, lineColor=u'red', lineColorSpace='named', lineRGB=array([ 255.,    0.,    0.]), lineWidth=1, name='polygon', opacity=1.0, ori=array(0.0), pos=array([ 250.,    0.]), size=array([ 100.,  100.]), units='pix', vertices=ndarray(...), win=Window(...))
7.0794 	EXP 	Created polygon_2 = Polygon(autoDraw=False, autoLog=True, closeShape=True, contrast=1.0, depth=-3.0, fillColor='green', fillColorSpace='named', fillRGB=array([   0.,  128.,    0.]), interpolate=True, lineColor='green', lineColorSpace='named', lineRGB=array([   0.,  128.,    0.]), lineWidth=1, name='polygon_2', opacity=1.0, ori=array(0.0), pos=array([ 365., -115.]), size=array([ 100.,  100.]), units='pix', vertices=ndarray(...), win=Window(...))
7.0846 	EXP 	Created polygon_3 = Polygon(autoDraw=False, autoLog=True, closeShape=True, contrast=1.0, depth=-4.0, fillColor='blue', fillColorSpace='named', fillRGB=array([   0.,    0.,  255.]), interpolate=True, lineColor='blue', lineColorSpace='named', lineRGB=array([   0.,    0.,  255.]), lineWidth=1, name='polygon_3', opacity=1.0, ori=array(0.0), pos=array([ 135., -115.]), size=array([ 100.,  100.]), units='pix', vertices=ndarray(...), win=Window(...))
7.0898 	EXP 	Created polygon_4 = Polygon(autoDraw=False, autoLog=True, closeShape=True, contrast=1.0, depth=-5.0, fillColor='blue', fillColorSpace='named', fillRGB=array([   0.,    0.,  255.]), interpolate=True, lineColor='blue', lineColorSpace='named', lineRGB=array([   0.,    0.,  255.]), lineWidth=1, name='polygon_4', opacity=1.0, ori=array(0.0), pos=array([ 250., -115.]), size=array([ 100.,  100.]), units='pix', vertices=ndarray(...), win=Window(...))
7.1009 	EXP 	Created choice = TextStim(alignHoriz='center', alignVert='center', antialias=True, autoLog=True, bold=False, color='white', colorSpace='named', contrast=1.0, depth=-6.0, flipHoriz=False, flipVert=False, font='Arial', fontFiles=[], height=50, italic=False, name='choice', opacity=1.0, ori=0, pos=array([   0., -300.]), rgb=array([ 255.,  255.,  255.]), text=u"Press 'y' for Yes  \nPress 'n' for No", units='pix', win=Window(...), wrapWidth=500)
7.1134 	EXP 	Created thankyou = TextStim(alignHoriz='center', alignVert='center', antialias=True, autoLog=True, bold=False, color='white', colorSpace='named', contrast=1.0, depth=0.0, flipHoriz=False, flipVert=False, font='Arial', fontFiles=[], height=50, italic=False, name='thankyou', opacity=1.0, ori=0, pos=array([ 0.,  0.]), rgb=array([ 255.,  255.,  255.]), text=unicode(...), units='pix', win=Window(...), wrapWidth=500)
7.1293 	EXP 	instruct: pos = array([ 0.,  0.])
7.1293 	EXP 	welcome: autoDraw = True
12.1297 	EXP 	welcome: autoDraw = False
12.1468 	EXP 	instruct: autoDraw = True
19.1639 	EXP 	welcome: autoDraw = False
19.1639 	EXP 	instruct: autoDraw = False
19.1639 	EXP 	nod1: fillColor = u'red (named)'
19.1639 	EXP 	nod1: pos = array([ 20.,   0.])
19.1639 	EXP 	nod2: fillColor = u'yellow (named)'
19.1639 	EXP 	nod2: pos = array([  20.,  115.])
19.1639 	EXP 	nod2: lineColor = u'yellow (named)'
19.1639 	EXP 	nod3: fillColor = u'blue (named)'
19.1639 	EXP 	nod3: lineColor = u'blue (named)'
19.1639 	EXP 	nod4: fillColor = u'blue (named)'
19.1639 	EXP 	nod4: lineColor = u'blue (named)'
19.1639 	EXP 	nod4: size = array([ 100.,  100.])
19.1639 	EXP 	rob1: ori = 0.0
19.1639 	EXP 	rob2: image = u'robot1.png'
19.1639 	EXP 	text_2: color = u'white (named)'
19.1639 	EXP 	text_2: text = u"Let's take an example"
19.1639 	EXP 	nod1: autoDraw = True
19.1639 	EXP 	nod2: autoDraw = True
19.1639 	EXP 	nod3: autoDraw = True
19.1639 	EXP 	nod4: autoDraw = True
19.1639 	EXP 	rob1: autoDraw = True
19.1639 	EXP 	rob2: autoDraw = True
19.1639 	EXP 	text_2: autoDraw = True
33.5790 	DATA 	Keypress: space
33.6153 	EXP 	nod1: autoDraw = False
33.6153 	EXP 	nod2: autoDraw = False
33.6153 	EXP 	nod3: autoDraw = False
33.6153 	EXP 	nod4: autoDraw = False
33.6153 	EXP 	rob1: autoDraw = False
33.6153 	EXP 	rob2: autoDraw = False
33.6153 	EXP 	text_2: autoDraw = False
33.6153 	EXP 	star: autoDraw = True
38.8198 	DATA 	Keypress: space
38.8415 	EXP 	Imported designs.xlsx as conditions, 4 conditions, 16 params
38.8420 	EXP 	Created sequence: sequential, trialTypes=4, nReps=1, seed=None
38.8427 	EXP 	New trial (rep=0, index=0): {u'n2col': u'blue', u'n4col': u'red', u'n3col': u'green', u'r4': u'd', u'n1col': u'blue', u'r1': u'a', u'r2': u'b', u'rs': u'LOC21', u'r3': u'c', u're': u'LOC9', u'n5col': u'red', u'n1': u'LOC22', u'n2': u'LOC23', u'n3': u'LOC24', u'n4': u'LOC19', u'n5': u'LOC14'}
38.8657 	EXP 	star: autoDraw = False
38.8657 	EXP 	robotS: pos = array([  20., -230.])
38.8657 	EXP 	node1: fillColor = u'blue (named)'
38.8657 	EXP 	node1: pos = array([ 135., -230.])
38.8657 	EXP 	node2: fillColor = u'blue (named)'
38.8657 	EXP 	node2: pos = array([ 250., -230.])
38.8657 	EXP 	node3: fillColor = u'green (named)'
38.8657 	EXP 	node3: pos = array([ 365., -230.])
38.8657 	EXP 	node4: fillColor = u'red (named)'
38.8657 	EXP 	node4: pos = array([ 365., -115.])
38.8657 	EXP 	node5: fillColor = u'red (named)'
38.8657 	EXP 	node5: pos = array([ 365.,    0.])
38.8657 	EXP 	robotF: pos = array([ 365.,  115.])
38.8657 	EXP 	whitebackground: autoDraw = True
38.8657 	EXP 	robotS: autoDraw = True
38.8657 	EXP 	node1: autoDraw = True
38.8657 	EXP 	node2: autoDraw = True
38.8657 	EXP 	node3: autoDraw = True
38.8657 	EXP 	node4: autoDraw = True
38.8657 	EXP 	node5: autoDraw = True
38.8657 	EXP 	robotF: autoDraw = True
38.8657 	EXP 	select1: autoDraw = True
38.8657 	EXP 	select2: autoDraw = True
38.8657 	EXP 	select3: autoDraw = True
38.8657 	EXP 	select4: autoDraw = True
38.8657 	EXP 	selection: autoDraw = True
38.8657 	EXP 	master: autoDraw = True
38.8657 	EXP 	sel: autoDraw = True
45.3542 	DATA 	Keypress: a
49.7707 	DATA 	Keypress: a
50.0745 	DATA 	Keypress: a
50.4542 	DATA 	Keypress: a
50.4575 	EXP 	New trial (rep=0, index=1): {u'n2col': u'yellow', u'n4col': u'green', u'n3col': u'blue', u'r4': u'd', u'n1col': u'red', u'r1': u'a', u'r2': u'b', u'rs': u'LOC21', u'r3': u'c', u're': u'LOC3', u'n5col': u'red', u'n1': u'LOC16', u'n2': u'LOC11', u'n3': u'LOC12', u'n4': u'LOC13', u'n5': u'LOC8'}
50.4837 	EXP 	whitebackground: autoDraw = False
50.4837 	EXP 	robotS: autoDraw = False
50.4837 	EXP 	node1: autoDraw = False
50.4837 	EXP 	node2: autoDraw = False
50.4837 	EXP 	node3: autoDraw = False
50.4837 	EXP 	node4: autoDraw = False
50.4837 	EXP 	node5: autoDraw = False
50.4837 	EXP 	robotF: autoDraw = False
50.4837 	EXP 	select1: autoDraw = False
50.4837 	EXP 	select2: autoDraw = False
50.4837 	EXP 	select3: autoDraw = False
50.4837 	EXP 	select4: autoDraw = False
50.4837 	EXP 	selection: autoDraw = False
50.4837 	EXP 	master: autoDraw = False
50.4837 	EXP 	sel: autoDraw = False
50.4837 	EXP 	robotS: pos = array([  20., -230.])
50.4837 	EXP 	node1: fillColor = u'red (named)'
50.4837 	EXP 	node1: pos = array([  20., -115.])
50.4837 	EXP 	node2: fillColor = u'yellow (named)'
50.4837 	EXP 	node2: pos = array([ 20.,   0.])
50.4837 	EXP 	node3: fillColor = u'blue (named)'
50.4837 	EXP 	node3: pos = array([ 135.,    0.])
50.4837 	EXP 	node4: fillColor = u'green (named)'
50.4837 	EXP 	node4: pos = array([ 250.,    0.])
50.4837 	EXP 	node5: fillColor = u'red (named)'
50.4837 	EXP 	node5: pos = array([ 250.,  115.])
50.4837 	EXP 	robotF: pos = array([ 250.,  230.])
50.4837 	EXP 	whitebackground: autoDraw = True
50.4837 	EXP 	robotS: autoDraw = True
50.4837 	EXP 	node1: autoDraw = True
50.4837 	EXP 	node2: autoDraw = True
50.4837 	EXP 	node3: autoDraw = True
50.4837 	EXP 	node4: autoDraw = True
50.4837 	EXP 	node5: autoDraw = True
50.4837 	EXP 	robotF: autoDraw = True
50.4837 	EXP 	select1: autoDraw = True
50.4837 	EXP 	select2: autoDraw = True
50.4837 	EXP 	select3: autoDraw = True
50.4837 	EXP 	select4: autoDraw = True
50.4837 	EXP 	selection: autoDraw = True
50.4837 	EXP 	master: autoDraw = True
50.4837 	EXP 	sel: autoDraw = True
50.9208 	DATA 	Keypress: a
51.1402 	DATA 	Keypress: a
51.3873 	DATA 	Keypress: a
51.7544 	DATA 	Keypress: a
51.7571 	EXP 	New trial (rep=0, index=2): {u'n2col': u'red', u'n4col': u'blue', u'n3col': u'yellow', u'r4': u'd', u'n1col': u'red', u'r1': u'a', u'r2': u'b', u'rs': u'LOC22', u'r3': u'c', u're': u'LOC10', u'n5col': u'blue', u'n1': u'LOC17', u'n2': u'LOC12', u'n3': u'LOC7', u'n4': u'LOC8', u'n5': u'LOC9'}
51.7839 	EXP 	whitebackground: autoDraw = False
51.7839 	EXP 	robotS: autoDraw = False
51.7839 	EXP 	node1: autoDraw = False
51.7839 	EXP 	node2: autoDraw = False
51.7839 	EXP 	node3: autoDraw = False
51.7839 	EXP 	node4: autoDraw = False
51.7839 	EXP 	node5: autoDraw = False
51.7839 	EXP 	robotF: autoDraw = False
51.7839 	EXP 	select1: autoDraw = False
51.7839 	EXP 	select2: autoDraw = False
51.7839 	EXP 	select3: autoDraw = False
51.7839 	EXP 	select4: autoDraw = False
51.7839 	EXP 	selection: autoDraw = False
51.7839 	EXP 	master: autoDraw = False
51.7839 	EXP 	sel: autoDraw = False
51.7839 	EXP 	robotS: pos = array([ 135., -230.])
51.7839 	EXP 	node1: fillColor = u'red (named)'
51.7839 	EXP 	node1: pos = array([ 135., -115.])
51.7839 	EXP 	node2: fillColor = u'red (named)'
51.7839 	EXP 	node2: pos = array([ 135.,    0.])
51.7839 	EXP 	node3: fillColor = u'yellow (named)'
51.7839 	EXP 	node3: pos = array([ 135.,  115.])
51.7839 	EXP 	node4: fillColor = u'blue (named)'
51.7839 	EXP 	node4: pos = array([ 250.,  115.])
51.7839 	EXP 	node5: fillColor = u'blue (named)'
51.7839 	EXP 	node5: pos = array([ 365.,  115.])
51.7839 	EXP 	robotF: pos = array([ 480.,  115.])
51.7839 	EXP 	whitebackground: autoDraw = True
51.7839 	EXP 	robotS: autoDraw = True
51.7839 	EXP 	node1: autoDraw = True
51.7839 	EXP 	node2: autoDraw = True
51.7839 	EXP 	node3: autoDraw = True
51.7839 	EXP 	node4: autoDraw = True
51.7839 	EXP 	node5: autoDraw = True
51.7839 	EXP 	robotF: autoDraw = True
51.7839 	EXP 	select1: autoDraw = True
51.7839 	EXP 	select2: autoDraw = True
51.7839 	EXP 	select3: autoDraw = True
51.7839 	EXP 	select4: autoDraw = True
51.7839 	EXP 	selection: autoDraw = True
51.7839 	EXP 	master: autoDraw = True
51.7839 	EXP 	sel: autoDraw = True
52.1538 	DATA 	Keypress: a
52.4546 	DATA 	Keypress: a
52.8210 	DATA 	Keypress: a
53.1746 	DATA 	Keypress: a
53.1866 	EXP 	New trial (rep=0, index=3): {u'n2col': u'yellow', u'n4col': u'yellow', u'n3col': u'green', u'r4': None, u'n1col': u'green', u'r1': None, u'r2': None, u'rs': u'LOC16', u'r3': None, u're': u'LOC10', u'n5col': u'blue', u'n1': u'LOC17', u'n2': u'LOC12', u'n3': u'LOC13', u'n4': u'LOC8', u'n5': u'LOC9'}
53.2177 	EXP 	whitebackground: autoDraw = False
53.2177 	EXP 	robotS: autoDraw = False
53.2177 	EXP 	node1: autoDraw = False
53.2177 	EXP 	node2: autoDraw = False
53.2177 	EXP 	node3: autoDraw = False
53.2177 	EXP 	node4: autoDraw = False
53.2177 	EXP 	node5: autoDraw = False
53.2177 	EXP 	robotF: autoDraw = False
53.2177 	EXP 	select1: autoDraw = False
53.2177 	EXP 	select2: autoDraw = False
53.2177 	EXP 	select3: autoDraw = False
53.2177 	EXP 	select4: autoDraw = False
53.2177 	EXP 	selection: autoDraw = False
53.2177 	EXP 	master: autoDraw = False
53.2177 	EXP 	sel: autoDraw = False
53.2177 	EXP 	robotS: pos = array([  20., -115.])
53.2177 	EXP 	node1: fillColor = u'green (named)'
53.2177 	EXP 	node1: pos = array([ 135., -115.])
53.2177 	EXP 	node2: fillColor = u'yellow (named)'
53.2177 	EXP 	node2: pos = array([ 135.,    0.])
53.2177 	EXP 	node3: fillColor = u'green (named)'
53.2177 	EXP 	node3: pos = array([ 250.,    0.])
53.2177 	EXP 	node4: fillColor = u'yellow (named)'
53.2177 	EXP 	node4: pos = array([ 250.,  115.])
53.2177 	EXP 	node5: fillColor = u'blue (named)'
53.2177 	EXP 	node5: pos = array([ 365.,  115.])
53.2177 	EXP 	robotF: pos = array([ 480.,  115.])
53.2177 	EXP 	whitebackground: autoDraw = True
53.2177 	EXP 	robotS: autoDraw = True
53.2177 	EXP 	node1: autoDraw = True
53.2177 	EXP 	node2: autoDraw = True
53.2177 	EXP 	node3: autoDraw = True
53.2177 	EXP 	node4: autoDraw = True
53.2177 	EXP 	node5: autoDraw = True
53.2177 	EXP 	robotF: autoDraw = True
53.2177 	EXP 	select1: autoDraw = True
53.2177 	EXP 	select2: autoDraw = True
53.2177 	EXP 	select3: autoDraw = True
53.2177 	EXP 	select4: autoDraw = True
53.2177 	EXP 	selection: autoDraw = True
53.2177 	EXP 	master: autoDraw = True
53.2177 	EXP 	sel: autoDraw = True
53.6874 	DATA 	Keypress: a
54.1215 	DATA 	Keypress: a
54.9377 	DATA 	Keypress: a
56.0216 	DATA 	Keypress: a
56.0344 	EXP 	whitebackground: autoDraw = False
56.0344 	EXP 	robotS: autoDraw = False
56.0344 	EXP 	node1: autoDraw = False
56.0344 	EXP 	node2: autoDraw = False
56.0344 	EXP 	node3: autoDraw = False
56.0344 	EXP 	node4: autoDraw = False
56.0344 	EXP 	node5: autoDraw = False
56.0344 	EXP 	robotF: autoDraw = False
56.0344 	EXP 	select1: autoDraw = False
56.0344 	EXP 	select2: autoDraw = False
56.0344 	EXP 	select3: autoDraw = False
56.0344 	EXP 	select4: autoDraw = False
56.0344 	EXP 	selection: autoDraw = False
56.0344 	EXP 	master: autoDraw = False
56.0344 	EXP 	sel: autoDraw = False
56.0344 	EXP 	Evaluation: autoDraw = True
56.0344 	EXP 	polygon: autoDraw = True
56.0344 	EXP 	polygon_2: autoDraw = True
56.0344 	EXP 	polygon_3: autoDraw = True
56.0344 	EXP 	polygon_4: autoDraw = True
58.0515 	EXP 	choice: autoDraw = True
60.0349 	EXP 	polygon_4: autoDraw = False
61.0350 	EXP 	Evaluation: autoDraw = False
61.0350 	EXP 	polygon: autoDraw = False
61.0350 	EXP 	polygon_2: autoDraw = False
61.0350 	EXP 	polygon_3: autoDraw = False
61.0350 	EXP 	choice: autoDraw = False
62.4385 	DATA 	Keypress: escape
