6.2310 	EXP 	Created window1 = Window(allowGUI=False, allowStencil=False, autoLog=True, bitsMode=UNKNOWN, blendMode='avg', color='black', colorSpace='named', fullscr=UNKNOWN, gamma=None, lms=UNKNOWN, monitor=<psychopy.monitors.calibTools.Monitor object at 0x11270bb10>, name='window1', pos=[0, 0], screen=0, size=array([1440,  900]), stereo=False, units='pix', useFBO=True, useRetina=False, viewOri=0.0, viewPos=None, viewScale=None, waitBlanking=True, winType='pyglet')
6.2310 	EXP 	window1: recordFrameIntervals = False
6.3965 	EXP 	window1: recordFrameIntervals = True
6.5799 	EXP 	window1: recordFrameIntervals = False
6.7203 	EXP 	Created welcome = TextStim(alignHoriz='center', alignVert='center', antialias=True, autoLog=True, bold=False, color='white', colorSpace='named', contrast=1.0, depth=-1.0, flipHoriz=False, flipVert=False, font='Arial', fontFiles=[], height=100, italic=False, name='welcome', opacity=1.0, ori=0, pos=array([ 0.,  0.]), rgb=array([ 255.,  255.,  255.]), text=u'Welcome!', units='pix', win=Window(...), wrapWidth=500)
6.7653 	EXP 	Created instruct = TextStim(alignHoriz='center', alignVert='center', antialias=True, autoLog=True, bold=False, color='white', colorSpace='named', contrast=1.0, depth=-2.0, flipHoriz=False, flipVert=False, font='Arial', fontFiles=[], height=50, italic=False, name='instruct', opacity=1.0, ori=0, pos=array([ 0.,  0.]), rgb=array([ 255.,  255.,  255.]), text=unicode(...), units='pix', win=Window(...), wrapWidth=500)
6.8367 	EXP 	Created rob0 = ImageStim(autoLog=True, color=array([ 1.,  1.,  1.]), colorSpace='rgb', contrast=1.0, depth=-3.0, flipHoriz=False, flipVert=False, image='robot1.png', interpolate=True, mask=None, maskParams=None, name='rob0', opacity=1.0, ori=0.0, pos=array([-250., -100.]), size=array([ 200.,  200.]), texRes=128, units='pix', win=Window(...))
6.8504 	EXP 	Created robb = ImageStim(autoLog=True, color=array([ 1.,  1.,  1.]), colorSpace='rgb', contrast=1.0, depth=-4.0, flipHoriz=False, flipVert=False, image='robot1.png', interpolate=True, mask=None, maskParams=None, name='robb', opacity=1.0, ori=0.0, pos=array([ 250., -100.]), size=array([ 200.,  200.]), texRes=128, units='pix', win=Window(...))
6.8667 	EXP 	Created na = Polygon(autoDraw=False, autoLog=True, closeShape=True, contrast=1.0, depth=-5.0, fillColor='blue', fillColorSpace='named', fillRGB=array([   0.,    0.,  255.]), interpolate=True, lineColor='blue', lineColorSpace='named', lineRGB=array([   0.,    0.,  255.]), lineWidth=1, name='na', opacity=1.0, ori=array(0.0), pos=array([ 0.,  0.]), size=array([ 1.,  1.]), units='pix', vertices=ndarray(...), win=Window(...))
6.8731 	EXP 	Created nb = Polygon(autoDraw=False, autoLog=True, closeShape=True, contrast=1.0, depth=-6.0, fillColor='blue', fillColorSpace='named', fillRGB=array([   0.,    0.,  255.]), interpolate=True, lineColor='blue', lineColorSpace='named', lineRGB=array([   0.,    0.,  255.]), lineWidth=1, name='nb', opacity=1.0, ori=array(0.0), pos=array([ 0.,  0.]), size=array([ 1.,  1.]), units='pix', vertices=ndarray(...), win=Window(...))
6.8792 	EXP 	Created nc = Polygon(autoDraw=False, autoLog=True, closeShape=True, contrast=1.0, depth=-7.0, fillColor='blue', fillColorSpace='named', fillRGB=array([   0.,    0.,  255.]), interpolate=True, lineColor='blue', lineColorSpace='named', lineRGB=array([   0.,    0.,  255.]), lineWidth=1, name='nc', opacity=1.0, ori=array(0.0), pos=array([ 0.,  0.]), size=array([ 1.,  1.]), units='pix', vertices=ndarray(...), win=Window(...))
6.8813 	EXP 	<method-wrapper '__getattribute__' of attributeSetter object at 0x110049110>: vertices = array([[-55.,  20.],
       [ 55.,  20.],
       [ 55., -20.],
       [-55., -20.]])
6.8830 	EXP 	Created s1 = Rect(autoDraw=False, autoLog=True, closeShape=True, contrast=1.0, depth=-8.0, fillColor='black', fillColorSpace='named', fillRGB=array([ 0.,  0.,  0.]), interpolate=True, lineColor='black', lineColorSpace='named', lineRGB=array([ 0.,  0.,  0.]), lineWidth=1, name='s1', opacity=1.0, ori=array(0.0), pos=array([-110., -100.]), size=array([ 1.,  1.]), units='pix', vertices=ndarray(...), win=Window(...))
6.8835 	EXP 	<method-wrapper '__getattribute__' of attributeSetter object at 0x110049110>: vertices = array([[-55.,  20.],
       [ 55.,  20.],
       [ 55., -20.],
       [-55., -20.]])
6.8850 	EXP 	Created s2 = Rect(autoDraw=False, autoLog=True, closeShape=True, contrast=1.0, depth=-9.0, fillColor='black', fillColorSpace='named', fillRGB=array([ 0.,  0.,  0.]), interpolate=True, lineColor='black', lineColorSpace='named', lineRGB=array([ 0.,  0.,  0.]), lineWidth=1, name='s2', opacity=1.0, ori=array(0.0), pos=array([   0., -100.]), size=array([ 1.,  1.]), units='pix', vertices=ndarray(...), win=Window(...))
6.8854 	EXP 	<method-wrapper '__getattribute__' of attributeSetter object at 0x110049110>: vertices = array([[-55.,  20.],
       [ 55.,  20.],
       [ 55., -20.],
       [-55., -20.]])
6.8875 	EXP 	Created s3 = Rect(autoDraw=False, autoLog=True, closeShape=True, contrast=1.0, depth=-10.0, fillColor='black', fillColorSpace='named', fillRGB=array([ 0.,  0.,  0.]), interpolate=True, lineColor='black', lineColorSpace='named', lineRGB=array([ 0.,  0.,  0.]), lineWidth=1, name='s3', opacity=1.0, ori=array(0.0), pos=array([ 110., -100.]), size=array([ 1.,  1.]), units='pix', vertices=ndarray(...), win=Window(...))
7.3323 	EXP 	Created heart = ImageStim(autoLog=True, color=array([ 1.,  1.,  1.]), colorSpace='rgb', contrast=1.0, depth=-11.0, flipHoriz=False, flipVert=False, image='heart.png', interpolate=True, mask=None, maskParams=None, name='heart', opacity=1.0, ori=0.0, pos=array([   0., -100.]), size=array([ 1.,  1.]), texRes=128, units='pix', win=Window(...))
7.4345 	EXP 	Created text_2 = TextStim(alignHoriz='center', alignVert='center', antialias=True, autoLog=True, bold=False, color='white', colorSpace='named', contrast=1.0, depth=-1.0, flipHoriz=False, flipVert=False, font='Arial', fontFiles=[], height=40, italic=False, name='text_2', opacity=1.0, ori=0, pos=array([ 0.,  0.]), rgb=array([ 255.,  255.,  255.]), text=u"Let's take an example", units='pix', win=Window(...), wrapWidth=500)
7.4422 	EXP 	Created nod1 = Polygon(autoDraw=False, autoLog=True, closeShape=True, contrast=1.0, depth=-2.0, fillColor=array([ 1.,  1.,  1.]), fillColorSpace='rgb', fillRGB=array([ 1.,  1.,  1.]), interpolate=True, lineColor='red', lineColorSpace='named', lineRGB=array([ 255.,    0.,    0.]), lineWidth=1, name='nod1', opacity=1.0, ori=array(0.0), pos=array([ 0.,  0.]), size=array([ 100.,  100.]), units='pix', vertices=ndarray(...), win=Window(...))
7.4500 	EXP 	Created nod2 = Polygon(autoDraw=False, autoLog=True, closeShape=True, contrast=1.0, depth=-3.0, fillColor=array([ 1.,  1.,  1.]), fillColorSpace='rgb', fillRGB=array([ 1.,  1.,  1.]), interpolate=True, lineColor=array([ 1.,  1.,  1.]), lineColorSpace='rgb', lineRGB=array([ 1.,  1.,  1.]), lineWidth=1, name='nod2', opacity=1.0, ori=array(0.0), pos=array([ 0.,  0.]), size=array([ 100.,  100.]), units='pix', vertices=ndarray(...), win=Window(...))
7.4570 	EXP 	Created nod3 = Polygon(autoDraw=False, autoLog=True, closeShape=True, contrast=1.0, depth=-4.0, fillColor=array([ 1.,  1.,  1.]), fillColorSpace='rgb', fillRGB=array([ 1.,  1.,  1.]), interpolate=True, lineColor=array([ 1.,  1.,  1.]), lineColorSpace='rgb', lineRGB=array([ 1.,  1.,  1.]), lineWidth=1, name='nod3', opacity=1.0, ori=array(0.0), pos=array([ 135.,  115.]), size=array([ 100.,  100.]), units='pix', vertices=ndarray(...), win=Window(...))
7.4656 	EXP 	Created nod4 = Polygon(autoDraw=False, autoLog=True, closeShape=True, contrast=1.0, depth=-5.0, fillColor=array([ 1.,  1.,  1.]), fillColorSpace='rgb', fillRGB=array([ 1.,  1.,  1.]), interpolate=True, lineColor=array([ 1.,  1.,  1.]), lineColorSpace='rgb', lineRGB=array([ 1.,  1.,  1.]), lineWidth=1, name='nod4', opacity=1.0, ori=array(0.0), pos=array([ 250.,  115.]), size=array([ 100.,  100.]), units='pix', vertices=ndarray(...), win=Window(...))
7.4780 	EXP 	Created rob1 = ImageStim(autoLog=True, color=array([ 1.,  1.,  1.]), colorSpace='rgb', contrast=1.0, depth=-6.0, flipHoriz=False, flipVert=False, image='robot1.png', interpolate=True, mask=None, maskParams=None, name='rob1', opacity=1.0, ori=1.0, pos=array([  20., -115.]), size=array([ 100.,  100.]), texRes=128, units='pix', win=Window(...))
7.4812 	EXP 	Created rob2 = ImageStim(autoLog=True, color=array([ 1.,  1.,  1.]), colorSpace='rgb', contrast=1.0, depth=-7.0, flipHoriz=False, flipVert=False, image='sin', interpolate=True, mask=None, maskParams=None, name='rob2', opacity=1.0, ori=0.0, pos=array([ 365.,  115.]), size=array([ 100.,  100.]), texRes=128, units='pix', win=Window(...))
7.4817 	EXP 	<method-wrapper '__getattribute__' of attributeSetter object at 0x110049110>: vertices = array([[-0.5,  0.5],
       [ 0.5,  0.5],
       [ 0.5, -0.5],
       [-0.5, -0.5]])
7.4832 	EXP 	Created sh1 = Rect(autoDraw=False, autoLog=True, closeShape=True, contrast=1.0, depth=-9.0, fillColor='black', fillColorSpace='named', fillRGB=array([ 0.,  0.,  0.]), interpolate=True, lineColor='black', lineColorSpace='named', lineRGB=array([ 0.,  0.,  0.]), lineWidth=1, name='sh1', opacity=1.0, ori=array(0.0), pos=array([ 20.,   0.]), size=array([ 1.,  1.]), units='pix', vertices=ndarray(...), win=Window(...))
7.4837 	EXP 	<method-wrapper '__getattribute__' of attributeSetter object at 0x110049110>: vertices = array([[-30.,  20.],
       [ 30.,  20.],
       [ 30., -20.],
       [-30., -20.]])
7.4864 	EXP 	Created sh2a = Rect(autoDraw=False, autoLog=True, closeShape=True, contrast=1.0, depth=-10.0, fillColor='black', fillColorSpace='named', fillRGB=array([ 0.,  0.,  0.]), interpolate=True, lineColor='black', lineColorSpace='named', lineRGB=array([ 0.,  0.,  0.]), lineWidth=1, name='sh2a', opacity=1.0, ori=array(0.0), pos=array([  50.,  113.]), size=array([ 1.,  1.]), units='pix', vertices=ndarray(...), win=Window(...))
7.4868 	EXP 	<method-wrapper '__getattribute__' of attributeSetter object at 0x110049110>: vertices = array([[-20.,  40.],
       [ 20.,  40.],
       [ 20., -40.],
       [-20., -40.]])
7.4892 	EXP 	Created sh2b = Rect(autoDraw=False, autoLog=True, closeShape=True, contrast=1.0, depth=-11.0, fillColor='black', fillColorSpace='named', fillRGB=array([ 0.,  0.,  0.]), interpolate=True, lineColor='black', lineColorSpace='named', lineRGB=array([ 0.,  0.,  0.]), lineWidth=1, name='sh2b', opacity=1.0, ori=array(0.0), pos=array([ 22.,  93.]), size=array([ 1.,  1.]), units='pix', vertices=ndarray(...), win=Window(...))
7.4899 	EXP 	<method-wrapper '__getattribute__' of attributeSetter object at 0x110049110>: vertices = array([[-55.,  20.],
       [ 55.,  20.],
       [ 55., -20.],
       [-55., -20.]])
7.4915 	EXP 	Created sh3 = Rect(autoDraw=False, autoLog=True, closeShape=True, contrast=1.0, depth=-12.0, fillColor='black', fillColorSpace='named', fillRGB=array([ 0.,  0.,  0.]), interpolate=True, lineColor='black', lineColorSpace='named', lineRGB=array([ 0.,  0.,  0.]), lineWidth=1, name='sh3', opacity=1.0, ori=array(0.0), pos=array([ 135.,  115.]), size=array([ 1.,  1.]), units='pix', vertices=ndarray(...), win=Window(...))
7.4920 	EXP 	<method-wrapper '__getattribute__' of attributeSetter object at 0x110049110>: vertices = array([[-55.,  20.],
       [ 55.,  20.],
       [ 55., -20.],
       [-55., -20.]])
7.4939 	EXP 	Created sh4 = Rect(autoDraw=False, autoLog=True, closeShape=True, contrast=1.0, depth=-13.0, fillColor='black', fillColorSpace='named', fillRGB=array([ 0.,  0.,  0.]), interpolate=True, lineColor='black', lineColorSpace='named', lineRGB=array([ 0.,  0.,  0.]), lineWidth=1, name='sh4', opacity=1.0, ori=array(0.0), pos=array([ 250.,  115.]), size=array([ 1.,  1.]), units='pix', vertices=ndarray(...), win=Window(...))
7.5229 	EXP 	Created star = TextStim(alignHoriz='center', alignVert='center', antialias=True, autoLog=True, bold=False, color='white', colorSpace='named', contrast=1.0, depth=0.0, flipHoriz=False, flipVert=False, font='Arial', fontFiles=[], height=50, italic=False, name='star', opacity=1.0, ori=0, pos=array([ 0.,  0.]), rgb=array([ 255.,  255.,  255.]), text=unicode(...), units='pix', win=Window(...), wrapWidth=500)
7.5237 	EXP 	<method-wrapper '__getattribute__' of attributeSetter object at 0x110049110>: vertices = array([[-400.,  450.],
       [ 400.,  450.],
       [ 400., -450.],
       [-400., -450.]])
7.5280 	EXP 	Created whitebackground = Rect(autoDraw=False, autoLog=True, closeShape=True, contrast=1.0, depth=-2.0, fillColor=array([ 1.,  1.,  1.]), fillColorSpace='rgb', fillRGB=array([ 1.,  1.,  1.]), interpolate=True, lineColor=array([ 1.,  1.,  1.]), lineColorSpace='rgb', lineRGB=array([ 1.,  1.,  1.]), lineWidth=0, name='whitebackground', opacity=1.0, ori=array(0.0), pos=array([-560.,    0.]), size=array([ 1.,  1.]), units='pix', vertices=ndarray(...), win=Window(...))
7.5438 	EXP 	Created robotS = ImageStim(autoLog=True, color=array([ 1.,  1.,  1.]), colorSpace='rgb', contrast=1.0, depth=-3.0, flipHoriz=False, flipVert=False, image='robot1.png', interpolate=True, mask=None, maskParams=None, name='robotS', opacity=1.0, ori=0.0, pos=array([ 0.,  0.]), size=array([ 100.,  100.]), texRes=128, units='pix', win=Window(...))
7.5558 	EXP 	Created node1 = Polygon(autoDraw=False, autoLog=True, closeShape=True, contrast=1.0, depth=-4.0, fillColor=array([ 1.,  1.,  1.]), fillColorSpace='rgb', fillRGB=array([ 1.,  1.,  1.]), interpolate=True, lineColor=array([ 1.,  1.,  1.]), lineColorSpace='rgb', lineRGB=array([ 1.,  1.,  1.]), lineWidth=0, name='node1', opacity=1.0, ori=array(0.0), pos=array([ 0.,  0.]), size=array([ 100.,  100.]), units='pix', vertices=ndarray(...), win=Window(...))
7.5715 	EXP 	Created node2 = Polygon(autoDraw=False, autoLog=True, closeShape=True, contrast=1.0, depth=-5.0, fillColor=array([ 1.,  1.,  1.]), fillColorSpace='rgb', fillRGB=array([ 1.,  1.,  1.]), interpolate=True, lineColor=array([ 1.,  1.,  1.]), lineColorSpace='rgb', lineRGB=array([ 1.,  1.,  1.]), lineWidth=0, name='node2', opacity=1.0, ori=array(0.0), pos=array([ 0.,  0.]), size=array([ 100.,  100.]), units='pix', vertices=ndarray(...), win=Window(...))
7.5802 	EXP 	Created node3 = Polygon(autoDraw=False, autoLog=True, closeShape=True, contrast=1.0, depth=-6.0, fillColor=array([ 1.,  1.,  1.]), fillColorSpace='rgb', fillRGB=array([ 1.,  1.,  1.]), interpolate=True, lineColor=array([ 1.,  1.,  1.]), lineColorSpace='rgb', lineRGB=array([ 1.,  1.,  1.]), lineWidth=0, name='node3', opacity=1.0, ori=array(0.0), pos=array([ 0.,  0.]), size=array([ 100.,  100.]), units='pix', vertices=ndarray(...), win=Window(...))
7.5876 	EXP 	Created node4 = Polygon(autoDraw=False, autoLog=True, closeShape=True, contrast=1.0, depth=-7.0, fillColor=array([ 1.,  1.,  1.]), fillColorSpace='rgb', fillRGB=array([ 1.,  1.,  1.]), interpolate=True, lineColor=array([ 1.,  1.,  1.]), lineColorSpace='rgb', lineRGB=array([ 1.,  1.,  1.]), lineWidth=0, name='node4', opacity=1.0, ori=array(0.0), pos=array([ 0.,  0.]), size=array([ 100.,  100.]), units='pix', vertices=ndarray(...), win=Window(...))
7.5969 	EXP 	Created node5 = Polygon(autoDraw=False, autoLog=True, closeShape=True, contrast=1.0, depth=-8.0, fillColor=array([ 1.,  1.,  1.]), fillColorSpace='rgb', fillRGB=array([ 1.,  1.,  1.]), interpolate=True, lineColor=array([ 1.,  1.,  1.]), lineColorSpace='rgb', lineRGB=array([ 1.,  1.,  1.]), lineWidth=0, name='node5', opacity=1.0, ori=array(0.0), pos=array([ 0.,  0.]), size=array([ 100.,  100.]), units='pix', vertices=ndarray(...), win=Window(...))
7.6098 	EXP 	Created robotF = ImageStim(autoLog=True, color=array([ 1.,  1.,  1.]), colorSpace='rgb', contrast=1.0, depth=-9.0, flipHoriz=False, flipVert=False, image='robot1.png', interpolate=True, mask=None, maskParams=None, name='robotF', opacity=1.0, ori=0.0, pos=array([ 0.,  0.]), size=array([ 100.,  100.]), texRes=128, units='pix', win=Window(...))
7.6169 	EXP 	Created select1 = Polygon(autoDraw=False, autoLog=True, closeShape=True, contrast=1.0, depth=-10.0, fillColor='red', fillColorSpace='named', fillRGB=array([ 255.,    0.,    0.]), interpolate=True, lineColor=array([ 1.,  1.,  1.]), lineColorSpace='rgb', lineRGB=array([ 1.,  1.,  1.]), lineWidth=0, name='select1', opacity=1.0, ori=array(0.0), pos=array([-630.,    0.]), size=array([ 100.,  100.]), units='pix', vertices=ndarray(...), win=Window(...))
7.6241 	EXP 	Created select2 = Polygon(autoDraw=False, autoLog=True, closeShape=True, contrast=1.0, depth=-11.0, fillColor='blue', fillColorSpace='named', fillRGB=array([   0.,    0.,  255.]), interpolate=True, lineColor=array([ 1.,  1.,  1.]), lineColorSpace='rgb', lineRGB=array([ 1.,  1.,  1.]), lineWidth=0, name='select2', opacity=1.0, ori=array(0.0), pos=array([-630., -120.]), size=array([ 100.,  100.]), units='pix', vertices=ndarray(...), win=Window(...))
7.6327 	EXP 	Created select3 = Polygon(autoDraw=False, autoLog=True, closeShape=True, contrast=1.0, depth=-12.0, fillColor='yellow', fillColorSpace='named', fillRGB=array([ 255.,  255.,    0.]), interpolate=True, lineColor=array([ 1.,  1.,  1.]), lineColorSpace='rgb', lineRGB=array([ 1.,  1.,  1.]), lineWidth=0, name='select3', opacity=1.0, ori=array(0.0), pos=array([-630., -240.]), size=array([ 100.,  100.]), units='pix', vertices=ndarray(...), win=Window(...))
7.6404 	EXP 	Created select4 = Polygon(autoDraw=False, autoLog=True, closeShape=True, contrast=1.0, depth=-13.0, fillColor='green', fillColorSpace='named', fillRGB=array([   0.,  128.,    0.]), interpolate=True, lineColor=array([ 1.,  1.,  1.]), lineColorSpace='rgb', lineRGB=array([ 1.,  1.,  1.]), lineWidth=0, name='select4', opacity=1.0, ori=array(0.0), pos=array([-630., -360.]), size=array([ 100.,  100.]), units='pix', vertices=ndarray(...), win=Window(...))
7.6735 	EXP 	Created selection = ImageStim(autoLog=True, color=array([ 1.,  1.,  1.]), colorSpace='rgb', contrast=1.0, depth=-14.0, flipHoriz=False, flipVert=False, image='mastershapes.png', interpolate=True, mask=None, maskParams=None, name='selection', opacity=1.0, ori=0.0, pos=array([ 0.,  0.]), size=array([ 500.,  400.]), texRes=128, units='pix', win=Window(...))
7.7418 	EXP 	Created sel = TextStim(alignHoriz='center', alignVert='center', antialias=True, autoLog=True, bold=False, color='black', colorSpace='named', contrast=1.0, depth=-15.0, flipHoriz=False, flipVert=False, font='Arial', fontFiles=[], height=30, italic=False, name='sel', opacity=1.0, ori=0, pos=array([-450.,  250.]), rgb=array([ 0.,  0.,  0.]), text=unicode(...), units='pix', win=Window(...), wrapWidth=500)
7.7529 	EXP 	Created Evaluation = TextStim(alignHoriz='center', alignVert='center', antialias=True, autoLog=True, bold=False, color='white', colorSpace='named', contrast=1.0, depth=-1.0, flipHoriz=False, flipVert=False, font='Arial', fontFiles=[], height=50, italic=False, name='Evaluation', opacity=1.0, ori=0, pos=array([   0.,  300.]), rgb=array([ 255.,  255.,  255.]), text=u'Is this pathway correct? \n', units='pix', win=Window(...), wrapWidth=500)
7.7611 	EXP 	Created polygon = Polygon(autoDraw=False, autoLog=True, closeShape=True, contrast=1.0, depth=-2.0, fillColor=array([ 1.,  1.,  1.]), fillColorSpace='rgb', fillRGB=array([ 1.,  1.,  1.]), interpolate=True, lineColor=array([ 1.,  1.,  1.]), lineColorSpace='rgb', lineRGB=array([ 1.,  1.,  1.]), lineWidth=1, name='polygon', opacity=1.0, ori=array(0.0), pos=array([ 0.,  0.]), size=array([ 100.,  100.]), units='pix', vertices=ndarray(...), win=Window(...))
7.7693 	EXP 	Created polygon_2 = Polygon(autoDraw=False, autoLog=True, closeShape=True, contrast=1.0, depth=-3.0, fillColor=array([ 1.,  1.,  1.]), fillColorSpace='rgb', fillRGB=array([ 1.,  1.,  1.]), interpolate=True, lineColor=array([ 1.,  1.,  1.]), lineColorSpace='rgb', lineRGB=array([ 1.,  1.,  1.]), lineWidth=1, name='polygon_2', opacity=1.0, ori=array(0.0), pos=array([ 0.,  0.]), size=array([ 100.,  100.]), units='pix', vertices=ndarray(...), win=Window(...))
7.7762 	EXP 	Created polygon_3 = Polygon(autoDraw=False, autoLog=True, closeShape=True, contrast=1.0, depth=-4.0, fillColor=array([ 1.,  1.,  1.]), fillColorSpace='rgb', fillRGB=array([ 1.,  1.,  1.]), interpolate=True, lineColor=array([ 1.,  1.,  1.]), lineColorSpace='rgb', lineRGB=array([ 1.,  1.,  1.]), lineWidth=1, name='polygon_3', opacity=1.0, ori=array(0.0), pos=array([ 0.,  0.]), size=array([ 100.,  100.]), units='pix', vertices=ndarray(...), win=Window(...))
7.7835 	EXP 	Created polygon_4 = Polygon(autoDraw=False, autoLog=True, closeShape=True, contrast=1.0, depth=-5.0, fillColor=array([ 1.,  1.,  1.]), fillColorSpace='rgb', fillRGB=array([ 1.,  1.,  1.]), interpolate=True, lineColor=array([ 1.,  1.,  1.]), lineColorSpace='rgb', lineRGB=array([ 1.,  1.,  1.]), lineWidth=1, name='polygon_4', opacity=1.0, ori=array(0.0), pos=array([ 0.,  0.]), size=array([ 100.,  100.]), units='pix', vertices=ndarray(...), win=Window(...))
7.7919 	EXP 	Created polygon_5 = Polygon(autoDraw=False, autoLog=True, closeShape=True, contrast=1.0, depth=-6.0, fillColor=array([ 1.,  1.,  1.]), fillColorSpace='rgb', fillRGB=array([ 1.,  1.,  1.]), interpolate=True, lineColor=array([ 1.,  1.,  1.]), lineColorSpace='rgb', lineRGB=array([ 1.,  1.,  1.]), lineWidth=1, name='polygon_5', opacity=1.0, ori=array(0.0), pos=array([ 0.,  0.]), size=array([ 100.,  100.]), units='pix', vertices=ndarray(...), win=Window(...))
7.8009 	EXP 	Created choice = TextStim(alignHoriz='center', alignVert='center', antialias=True, autoLog=True, bold=False, color=u'white', colorSpace='named', contrast=1.0, depth=-7.0, flipHoriz=False, flipVert=False, font=u'Arial', fontFiles=[], height=50, italic=False, name='choice', opacity=1.0, ori=0, pos=array([   0., -300.]), rgb=array([ 255.,  255.,  255.]), text=u'default text', units='pix', win=Window(...), wrapWidth=500)
7.8139 	EXP 	Created ro = ImageStim(autoLog=True, color=array([ 1.,  1.,  1.]), colorSpace='rgb', contrast=1.0, depth=-8.0, flipHoriz=False, flipVert=False, image='robot1.png', interpolate=True, mask=None, maskParams=None, name='ro', opacity=1.0, ori=0.0, pos=array([ 0.,  0.]), size=array([ 100.,  100.]), texRes=128, units='pix', win=Window(...))
7.8317 	EXP 	Created rq = ImageStim(autoLog=True, color=array([ 1.,  1.,  1.]), colorSpace='rgb', contrast=1.0, depth=-9.0, flipHoriz=False, flipVert=False, image='robot1.png', interpolate=True, mask=None, maskParams=None, name='rq', opacity=1.0, ori=0.0, pos=array([ 0.,  0.]), size=array([ 100.,  100.]), texRes=128, units='pix', win=Window(...))
7.8409 	EXP 	Created feedback = TextStim(alignHoriz='center', alignVert='center', antialias=True, autoLog=True, bold=False, color=u'white', colorSpace='named', contrast=1.0, depth=-1.0, flipHoriz=False, flipVert=False, font=u'Arial', fontFiles=[], height=50, italic=False, name='feedback', opacity=1.0, ori=0, pos=array([ 0.,  0.]), rgb=array([ 255.,  255.,  255.]), text=u"msg=''", units='pix', win=Window(...), wrapWidth=500)
7.8521 	EXP 	Created thankyou = TextStim(alignHoriz='center', alignVert='center', antialias=True, autoLog=True, bold=False, color='white', colorSpace='named', contrast=1.0, depth=0.0, flipHoriz=False, flipVert=False, font='Arial', fontFiles=[], height=50, italic=False, name='thankyou', opacity=1.0, ori=0, pos=array([ 0.,  0.]), rgb=array([ 255.,  255.,  255.]), text=u'Thank you for your participation.\n', units='pix', win=Window(...), wrapWidth=500)
7.8799 	EXP 	instruct: pos = array([   0.,  150.])
7.8799 	EXP 	na: pos = array([-110., -100.])
7.8799 	EXP 	na: size = array([ 100.,  100.])
7.8799 	EXP 	nb: pos = array([   0., -100.])
7.8799 	EXP 	nb: size = array([ 100.,  100.])
7.8799 	EXP 	nc: pos = array([ 110., -100.])
7.8799 	EXP 	nc: size = array([ 100.,  100.])
7.8799 	EXP 	welcome: autoDraw = True
10.8635 	EXP 	welcome: autoDraw = False
10.8800 	EXP 	instruct: autoDraw = True
13.8804 	EXP 	rob0: autoDraw = True
13.8804 	EXP 	robb: autoDraw = True
14.3805 	EXP 	na: autoDraw = True
14.8805 	EXP 	nb: autoDraw = True
15.3806 	EXP 	nc: autoDraw = True
16.3807 	EXP 	s1: autoDraw = True
17.3809 	EXP 	s2: autoDraw = True
18.3808 	EXP 	s3: autoDraw = True
21.8648 	EXP 	na: autoDraw = False
21.8648 	EXP 	nb: autoDraw = False
21.8648 	EXP 	nc: autoDraw = False
21.8648 	EXP 	s1: autoDraw = False
21.8648 	EXP 	s2: autoDraw = False
21.8648 	EXP 	s3: autoDraw = False
21.8812 	EXP 	heart: autoDraw = True
25.8817 	EXP 	instruct: autoDraw = False
25.8817 	EXP 	rob0: autoDraw = False
25.8817 	EXP 	robb: autoDraw = False
25.8817 	EXP 	heart: autoDraw = False
25.8817 	EXP 	welcome: autoDraw = False
25.8817 	EXP 	instruct: autoDraw = False
25.8817 	EXP 	rob0: autoDraw = False
25.8817 	EXP 	robb: autoDraw = False
25.8817 	EXP 	na: autoDraw = False
25.8817 	EXP 	nb: autoDraw = False
25.8817 	EXP 	nc: autoDraw = False
25.8817 	EXP 	s1: autoDraw = False
25.8817 	EXP 	s2: autoDraw = False
25.8817 	EXP 	s3: autoDraw = False
25.8817 	EXP 	heart: autoDraw = False
25.8817 	EXP 	text_2: pos = array([-300.,  300.])
25.8817 	EXP 	nod1: fillColor = 'red (named)'
25.8817 	EXP 	nod1: pos = array([ 20.,   0.])
25.8817 	EXP 	nod2: fillColor = 'yellow (named)'
25.8817 	EXP 	nod2: pos = array([  20.,  115.])
25.8817 	EXP 	nod2: lineColor = 'yellow (named)'
25.8817 	EXP 	nod3: fillColor = 'blue (named)'
25.8817 	EXP 	nod3: lineColor = 'blue (named)'
25.8817 	EXP 	nod4: fillColor = 'blue (named)'
25.8817 	EXP 	nod4: lineColor = 'blue (named)'
25.8817 	EXP 	rob1: ori = 0.0
25.8817 	EXP 	rob2: image = 'robot1.png'
25.8817 	EXP 	sh1: size = array([  40.,  110.])
25.8817 	EXP 	text_2: autoDraw = True
25.8817 	EXP 	nod1: autoDraw = True
25.8817 	EXP 	nod2: autoDraw = True
25.8817 	EXP 	nod3: autoDraw = True
25.8817 	EXP 	nod4: autoDraw = True
25.8817 	EXP 	rob1: autoDraw = True
25.8817 	EXP 	rob2: autoDraw = True
27.8820 	EXP 	sh1: autoDraw = True
28.3820 	EXP 	sh2a: autoDraw = True
28.3820 	EXP 	sh2b: autoDraw = True
28.8822 	EXP 	sh3: autoDraw = True
29.3821 	EXP 	sh4: autoDraw = True
34.8977 	DATA 	Keypress: space
34.9328 	EXP 	text_2: autoDraw = False
34.9328 	EXP 	nod1: autoDraw = False
34.9328 	EXP 	nod2: autoDraw = False
34.9328 	EXP 	nod3: autoDraw = False
34.9328 	EXP 	nod4: autoDraw = False
34.9328 	EXP 	rob1: autoDraw = False
34.9328 	EXP 	rob2: autoDraw = False
34.9328 	EXP 	sh1: autoDraw = False
34.9328 	EXP 	sh2a: autoDraw = False
34.9328 	EXP 	sh2b: autoDraw = False
34.9328 	EXP 	sh3: autoDraw = False
34.9328 	EXP 	sh4: autoDraw = False
34.9328 	EXP 	star: autoDraw = True
35.3027 	DATA 	Keypress: space
35.3258 	EXP 	Imported designs.xlsx as conditions, 4 conditions, 16 params
35.3273 	EXP 	Created sequence: sequential, trialTypes=4, nReps=1, seed=None
35.3284 	EXP 	New trial (rep=0, index=0): {u'n2col': u'blue', u'n4col': u'red', u'n3col': u'green', u'r4': u'd', u'n1col': u'blue', u'r1': u'a', u'r2': u'b', u'rs': u'LOC21', u'r3': u'c', u're': u'LOC9', u'n5col': u'red', u'n1': u'LOC22', u'n2': u'LOC23', u'n3': u'LOC24', u'n4': u'LOC19', u'n5': u'LOC14'}
35.3495 	EXP 	star: autoDraw = False
35.3495 	EXP 	robotS: pos = array([  20., -230.])
35.3495 	EXP 	node1: fillColor = u'blue (named)'
35.3495 	EXP 	node1: pos = array([ 135., -230.])
35.3495 	EXP 	node2: fillColor = u'blue (named)'
35.3495 	EXP 	node2: pos = array([ 250., -230.])
35.3495 	EXP 	node3: fillColor = u'green (named)'
35.3495 	EXP 	node3: pos = array([ 365., -230.])
35.3495 	EXP 	node4: fillColor = u'red (named)'
35.3495 	EXP 	node4: pos = array([ 365., -115.])
35.3495 	EXP 	node5: fillColor = u'red (named)'
35.3495 	EXP 	node5: pos = array([ 365.,    0.])
35.3495 	EXP 	robotF: pos = array([ 365.,  115.])
35.3495 	EXP 	whitebackground: autoDraw = True
35.3495 	EXP 	robotS: autoDraw = True
35.3495 	EXP 	node1: autoDraw = True
35.3495 	EXP 	node2: autoDraw = True
35.3495 	EXP 	node3: autoDraw = True
35.3495 	EXP 	node4: autoDraw = True
35.3495 	EXP 	node5: autoDraw = True
35.3495 	EXP 	robotF: autoDraw = True
35.3495 	EXP 	select1: autoDraw = True
35.3495 	EXP 	select2: autoDraw = True
35.3495 	EXP 	select3: autoDraw = True
35.3495 	EXP 	select4: autoDraw = True
35.3495 	EXP 	selection: autoDraw = True
35.3495 	EXP 	sel: autoDraw = True
36.4522 	DATA 	Keypress: a
36.6884 	DATA 	Keypress: a
36.9525 	DATA 	Keypress: a
37.2526 	DATA 	Keypress: a
37.2551 	EXP 	New trial (rep=0, index=1): {u'n2col': u'yellow', u'n4col': u'green', u'n3col': u'blue', u'r4': u'd', u'n1col': u'red', u'r1': u'a', u'r2': u'b', u'rs': u'LOC21', u'r3': u'c', u're': u'LOC3', u'n5col': u'red', u'n1': u'LOC16', u'n2': u'LOC11', u'n3': u'LOC12', u'n4': u'LOC13', u'n5': u'LOC8'}
37.2829 	EXP 	whitebackground: autoDraw = False
37.2829 	EXP 	robotS: autoDraw = False
37.2829 	EXP 	node1: autoDraw = False
37.2829 	EXP 	node2: autoDraw = False
37.2829 	EXP 	node3: autoDraw = False
37.2829 	EXP 	node4: autoDraw = False
37.2829 	EXP 	node5: autoDraw = False
37.2829 	EXP 	robotF: autoDraw = False
37.2829 	EXP 	select1: autoDraw = False
37.2829 	EXP 	select2: autoDraw = False
37.2829 	EXP 	select3: autoDraw = False
37.2829 	EXP 	select4: autoDraw = False
37.2829 	EXP 	selection: autoDraw = False
37.2829 	EXP 	sel: autoDraw = False
37.2829 	EXP 	robotS: pos = array([  20., -230.])
37.2829 	EXP 	node1: fillColor = u'red (named)'
37.2829 	EXP 	node1: pos = array([  20., -115.])
37.2829 	EXP 	node2: fillColor = u'yellow (named)'
37.2829 	EXP 	node2: pos = array([ 20.,   0.])
37.2829 	EXP 	node3: fillColor = u'blue (named)'
37.2829 	EXP 	node3: pos = array([ 135.,    0.])
37.2829 	EXP 	node4: fillColor = u'green (named)'
37.2829 	EXP 	node4: pos = array([ 250.,    0.])
37.2829 	EXP 	node5: fillColor = u'red (named)'
37.2829 	EXP 	node5: pos = array([ 250.,  115.])
37.2829 	EXP 	robotF: pos = array([ 250.,  230.])
37.2829 	EXP 	whitebackground: autoDraw = True
37.2829 	EXP 	robotS: autoDraw = True
37.2829 	EXP 	node1: autoDraw = True
37.2829 	EXP 	node2: autoDraw = True
37.2829 	EXP 	node3: autoDraw = True
37.2829 	EXP 	node4: autoDraw = True
37.2829 	EXP 	node5: autoDraw = True
37.2829 	EXP 	robotF: autoDraw = True
37.2829 	EXP 	select1: autoDraw = True
37.2829 	EXP 	select2: autoDraw = True
37.2829 	EXP 	select3: autoDraw = True
37.2829 	EXP 	select4: autoDraw = True
37.2829 	EXP 	selection: autoDraw = True
37.2829 	EXP 	sel: autoDraw = True
37.5194 	DATA 	Keypress: a
37.7359 	DATA 	Keypress: a
37.9696 	DATA 	Keypress: a
38.2526 	DATA 	Keypress: a
38.2542 	EXP 	New trial (rep=0, index=2): {u'n2col': u'red', u'n4col': u'blue', u'n3col': u'yellow', u'r4': u'd', u'n1col': u'red', u'r1': u'a', u'r2': u'b', u'rs': u'LOC22', u'r3': u'c', u're': u'LOC10', u'n5col': u'blue', u'n1': u'LOC17', u'n2': u'LOC12', u'n3': u'LOC7', u'n4': u'LOC8', u'n5': u'LOC9'}
38.2664 	EXP 	whitebackground: autoDraw = False
38.2664 	EXP 	robotS: autoDraw = False
38.2664 	EXP 	node1: autoDraw = False
38.2664 	EXP 	node2: autoDraw = False
38.2664 	EXP 	node3: autoDraw = False
38.2664 	EXP 	node4: autoDraw = False
38.2664 	EXP 	node5: autoDraw = False
38.2664 	EXP 	robotF: autoDraw = False
38.2664 	EXP 	select1: autoDraw = False
38.2664 	EXP 	select2: autoDraw = False
38.2664 	EXP 	select3: autoDraw = False
38.2664 	EXP 	select4: autoDraw = False
38.2664 	EXP 	selection: autoDraw = False
38.2664 	EXP 	sel: autoDraw = False
38.2664 	EXP 	robotS: pos = array([ 135., -230.])
38.2664 	EXP 	node1: fillColor = u'red (named)'
38.2664 	EXP 	node1: pos = array([ 135., -115.])
38.2664 	EXP 	node2: fillColor = u'red (named)'
38.2664 	EXP 	node2: pos = array([ 135.,    0.])
38.2664 	EXP 	node3: fillColor = u'yellow (named)'
38.2664 	EXP 	node3: pos = array([ 135.,  115.])
38.2664 	EXP 	node4: fillColor = u'blue (named)'
38.2664 	EXP 	node4: pos = array([ 250.,  115.])
38.2664 	EXP 	node5: fillColor = u'blue (named)'
38.2664 	EXP 	node5: pos = array([ 365.,  115.])
38.2664 	EXP 	robotF: pos = array([ 480.,  115.])
38.2664 	EXP 	whitebackground: autoDraw = True
38.2664 	EXP 	robotS: autoDraw = True
38.2664 	EXP 	node1: autoDraw = True
38.2664 	EXP 	node2: autoDraw = True
38.2664 	EXP 	node3: autoDraw = True
38.2664 	EXP 	node4: autoDraw = True
38.2664 	EXP 	node5: autoDraw = True
38.2664 	EXP 	robotF: autoDraw = True
38.2664 	EXP 	select1: autoDraw = True
38.2664 	EXP 	select2: autoDraw = True
38.2664 	EXP 	select3: autoDraw = True
38.2664 	EXP 	select4: autoDraw = True
38.2664 	EXP 	selection: autoDraw = True
38.2664 	EXP 	sel: autoDraw = True
38.4865 	DATA 	Keypress: a
38.7859 	DATA 	Keypress: a
39.0856 	DATA 	Keypress: a
39.3556 	DATA 	Keypress: a
39.3689 	EXP 	New trial (rep=0, index=3): {u'n2col': u'yellow', u'n4col': u'yellow', u'n3col': u'green', u'r4': u'd', u'n1col': u'green', u'r1': u'a', u'r2': u'b', u'rs': u'LOC16', u'r3': u'c', u're': u'LOC10', u'n5col': u'blue', u'n1': u'LOC17', u'n2': u'LOC12', u'n3': u'LOC13', u'n4': u'LOC8', u'n5': u'LOC9'}
39.3833 	EXP 	whitebackground: autoDraw = False
39.3833 	EXP 	robotS: autoDraw = False
39.3833 	EXP 	node1: autoDraw = False
39.3833 	EXP 	node2: autoDraw = False
39.3833 	EXP 	node3: autoDraw = False
39.3833 	EXP 	node4: autoDraw = False
39.3833 	EXP 	node5: autoDraw = False
39.3833 	EXP 	robotF: autoDraw = False
39.3833 	EXP 	select1: autoDraw = False
39.3833 	EXP 	select2: autoDraw = False
39.3833 	EXP 	select3: autoDraw = False
39.3833 	EXP 	select4: autoDraw = False
39.3833 	EXP 	selection: autoDraw = False
39.3833 	EXP 	sel: autoDraw = False
39.3833 	EXP 	robotS: pos = array([  20., -115.])
39.3833 	EXP 	node1: fillColor = u'green (named)'
39.3833 	EXP 	node1: pos = array([ 135., -115.])
39.3833 	EXP 	node2: fillColor = u'yellow (named)'
39.3833 	EXP 	node2: pos = array([ 135.,    0.])
39.3833 	EXP 	node3: fillColor = u'green (named)'
39.3833 	EXP 	node3: pos = array([ 250.,    0.])
39.3833 	EXP 	node4: fillColor = u'yellow (named)'
39.3833 	EXP 	node4: pos = array([ 250.,  115.])
39.3833 	EXP 	node5: fillColor = u'blue (named)'
39.3833 	EXP 	node5: pos = array([ 365.,  115.])
39.3833 	EXP 	robotF: pos = array([ 480.,  115.])
39.3833 	EXP 	whitebackground: autoDraw = True
39.3833 	EXP 	robotS: autoDraw = True
39.3833 	EXP 	node1: autoDraw = True
39.3833 	EXP 	node2: autoDraw = True
39.3833 	EXP 	node3: autoDraw = True
39.3833 	EXP 	node4: autoDraw = True
39.3833 	EXP 	node5: autoDraw = True
39.3833 	EXP 	robotF: autoDraw = True
39.3833 	EXP 	select1: autoDraw = True
39.3833 	EXP 	select2: autoDraw = True
39.3833 	EXP 	select3: autoDraw = True
39.3833 	EXP 	select4: autoDraw = True
39.3833 	EXP 	selection: autoDraw = True
39.3833 	EXP 	sel: autoDraw = True
39.6362 	DATA 	Keypress: a
39.8864 	DATA 	Keypress: a
40.2024 	DATA 	Keypress: a
40.5361 	DATA 	Keypress: a
40.5533 	EXP 	Imported designs1.xlsx as conditions, 2 conditions, 13 params
40.5540 	EXP 	Created sequence: random, trialTypes=2, nReps=5, seed=None
40.5546 	EXP 	New trial (rep=0, index=0): {u'n1col': u'blue', u'n2col': u'yellow', u'n4col': u'yellow', u'rs': u'LOC16', u'n3col': u'red', u're': u'LOC10', u'corrAns': u'n', u'n5col': u'blue', u'n1': u'LOC17', u'n2': u'LOC12', u'n3': u'LOC13', u'n4': u'LOC8', u'n5': u'LOC9'}
40.5834 	EXP 	whitebackground: autoDraw = False
40.5834 	EXP 	robotS: autoDraw = False
40.5834 	EXP 	node1: autoDraw = False
40.5834 	EXP 	node2: autoDraw = False
40.5834 	EXP 	node3: autoDraw = False
40.5834 	EXP 	node4: autoDraw = False
40.5834 	EXP 	node5: autoDraw = False
40.5834 	EXP 	robotF: autoDraw = False
40.5834 	EXP 	select1: autoDraw = False
40.5834 	EXP 	select2: autoDraw = False
40.5834 	EXP 	select3: autoDraw = False
40.5834 	EXP 	select4: autoDraw = False
40.5834 	EXP 	selection: autoDraw = False
40.5834 	EXP 	sel: autoDraw = False
40.5834 	EXP 	polygon: fillColor = u'blue (named)'
40.5834 	EXP 	polygon: pos = array([ 135., -115.])
40.5834 	EXP 	polygon_2: fillColor = u'yellow (named)'
40.5834 	EXP 	polygon_2: pos = array([ 135.,    0.])
40.5834 	EXP 	polygon_3: fillColor = u'red (named)'
40.5834 	EXP 	polygon_3: pos = array([ 250.,    0.])
40.5834 	EXP 	polygon_4: fillColor = u'yellow (named)'
40.5834 	EXP 	polygon_4: pos = array([ 250.,  115.])
40.5834 	EXP 	polygon_5: fillColor = u'blue (named)'
40.5834 	EXP 	polygon_5: pos = array([ 365.,  115.])
40.5834 	EXP 	choice: text = u"Press 'y' for Yes  \nPress 'n' for No"
40.5834 	EXP 	ro: color = '[ 1.  1.  1.] (rgb)'
40.5834 	EXP 	ro: pos = array([  20., -115.])
40.5834 	EXP 	rq: color = '[ 1.  1.  1.] (rgb)'
40.5834 	EXP 	rq: pos = array([ 480.,  115.])
40.5834 	EXP 	Evaluation: autoDraw = True
40.5834 	EXP 	polygon: autoDraw = True
40.5834 	EXP 	polygon_2: autoDraw = True
40.5834 	EXP 	polygon_3: autoDraw = True
40.5834 	EXP 	polygon_4: autoDraw = True
40.5834 	EXP 	polygon_5: autoDraw = True
40.5834 	EXP 	choice: autoDraw = True
40.5834 	EXP 	ro: autoDraw = True
40.5834 	EXP 	rq: autoDraw = True
45.2203 	DATA 	Keypress: y
46.7702 	DATA 	Keypress: n
54.9911 	DATA 	Keypress: y
55.5880 	DATA 	Keypress: y
56.1219 	DATA 	Keypress: n
56.3220 	DATA 	Keypress: n
56.4878 	DATA 	Keypress: n
56.6557 	DATA 	Keypress: n
56.9912 	DATA 	Keypress: space
57.6571 	DATA 	Keypress: return
58.8240 	DATA 	Keypress: escape
