6.7147 	EXP 	Created window1 = Window(allowGUI=False, allowStencil=False, autoLog=True, bitsMode=UNKNOWN, blendMode='avg', color='black', colorSpace='named', fullscr=UNKNOWN, gamma=None, lms=UNKNOWN, monitor=<psychopy.monitors.calibTools.Monitor object at 0x111282b10>, name='window1', pos=[0, 0], screen=0, size=array([1440,  900]), stereo=False, units='pix', useFBO=True, useRetina=False, viewOri=0.0, viewPos=None, viewScale=None, waitBlanking=True, winType='pyglet')
6.7148 	EXP 	window1: recordFrameIntervals = False
6.8803 	EXP 	window1: recordFrameIntervals = True
7.0639 	EXP 	window1: recordFrameIntervals = False
7.2235 	EXP 	Created welcome = TextStim(alignHoriz='center', alignVert='center', antialias=True, autoLog=True, bold=False, color='white', colorSpace='named', contrast=1.0, depth=-1.0, flipHoriz=False, flipVert=False, font='Arial', fontFiles=[], height=100, italic=False, name='welcome', opacity=1.0, ori=0, pos=array([ 0.,  0.]), rgb=array([ 255.,  255.,  255.]), text=u'Welcome!', units='pix', win=Window(...), wrapWidth=500)
7.2586 	EXP 	Created instruct = TextStim(alignHoriz='center', alignVert='center', antialias=True, autoLog=True, bold=False, color='white', colorSpace='named', contrast=1.0, depth=-2.0, flipHoriz=False, flipVert=False, font='Arial', fontFiles=[], height=50, italic=False, name='instruct', opacity=1.0, ori=0, pos=array([ 0.,  0.]), rgb=array([ 255.,  255.,  255.]), text=unicode(...), units='pix', win=Window(...), wrapWidth=500)
7.3420 	EXP 	Created rob0 = ImageStim(autoLog=True, color=array([ 1.,  1.,  1.]), colorSpace='rgb', contrast=1.0, depth=-3.0, flipHoriz=False, flipVert=False, image='robot1.png', interpolate=True, mask=None, maskParams=None, name='rob0', opacity=1.0, ori=0.0, pos=array([-250., -100.]), size=array([ 200.,  200.]), texRes=128, units='pix', win=Window(...))
7.3561 	EXP 	Created robb = ImageStim(autoLog=True, color=array([ 1.,  1.,  1.]), colorSpace='rgb', contrast=1.0, depth=-4.0, flipHoriz=False, flipVert=False, image='robot1.png', interpolate=True, mask=None, maskParams=None, name='robb', opacity=1.0, ori=0.0, pos=array([ 250., -100.]), size=array([ 200.,  200.]), texRes=128, units='pix', win=Window(...))
7.3725 	EXP 	Created na = Polygon(autoDraw=False, autoLog=True, closeShape=True, contrast=1.0, depth=-5.0, fillColor='blue', fillColorSpace='named', fillRGB=array([   0.,    0.,  255.]), interpolate=True, lineColor='blue', lineColorSpace='named', lineRGB=array([   0.,    0.,  255.]), lineWidth=1, name='na', opacity=1.0, ori=array(0.0), pos=array([ 0.,  0.]), size=array([ 1.,  1.]), units='pix', vertices=ndarray(...), win=Window(...))
7.3787 	EXP 	Created nb = Polygon(autoDraw=False, autoLog=True, closeShape=True, contrast=1.0, depth=-6.0, fillColor='blue', fillColorSpace='named', fillRGB=array([   0.,    0.,  255.]), interpolate=True, lineColor='blue', lineColorSpace='named', lineRGB=array([   0.,    0.,  255.]), lineWidth=1, name='nb', opacity=1.0, ori=array(0.0), pos=array([ 0.,  0.]), size=array([ 1.,  1.]), units='pix', vertices=ndarray(...), win=Window(...))
7.3852 	EXP 	Created nc = Polygon(autoDraw=False, autoLog=True, closeShape=True, contrast=1.0, depth=-7.0, fillColor='blue', fillColorSpace='named', fillRGB=array([   0.,    0.,  255.]), interpolate=True, lineColor='blue', lineColorSpace='named', lineRGB=array([   0.,    0.,  255.]), lineWidth=1, name='nc', opacity=1.0, ori=array(0.0), pos=array([ 0.,  0.]), size=array([ 1.,  1.]), units='pix', vertices=ndarray(...), win=Window(...))
7.3872 	EXP 	<method-wrapper '__getattribute__' of attributeSetter object at 0x10fa49110>: vertices = array([[-55.,  20.],
       [ 55.,  20.],
       [ 55., -20.],
       [-55., -20.]])
7.3888 	EXP 	Created s1 = Rect(autoDraw=False, autoLog=True, closeShape=True, contrast=1.0, depth=-8.0, fillColor='black', fillColorSpace='named', fillRGB=array([ 0.,  0.,  0.]), interpolate=True, lineColor='black', lineColorSpace='named', lineRGB=array([ 0.,  0.,  0.]), lineWidth=1, name='s1', opacity=1.0, ori=array(0.0), pos=array([-110., -100.]), size=array([ 1.,  1.]), units='pix', vertices=ndarray(...), win=Window(...))
7.3892 	EXP 	<method-wrapper '__getattribute__' of attributeSetter object at 0x10fa49110>: vertices = array([[-55.,  20.],
       [ 55.,  20.],
       [ 55., -20.],
       [-55., -20.]])
7.3917 	EXP 	Created s2 = Rect(autoDraw=False, autoLog=True, closeShape=True, contrast=1.0, depth=-9.0, fillColor='black', fillColorSpace='named', fillRGB=array([ 0.,  0.,  0.]), interpolate=True, lineColor='black', lineColorSpace='named', lineRGB=array([ 0.,  0.,  0.]), lineWidth=1, name='s2', opacity=1.0, ori=array(0.0), pos=array([   0., -100.]), size=array([ 1.,  1.]), units='pix', vertices=ndarray(...), win=Window(...))
7.3925 	EXP 	<method-wrapper '__getattribute__' of attributeSetter object at 0x10fa49110>: vertices = array([[-55.,  20.],
       [ 55.,  20.],
       [ 55., -20.],
       [-55., -20.]])
7.3952 	EXP 	Created s3 = Rect(autoDraw=False, autoLog=True, closeShape=True, contrast=1.0, depth=-10.0, fillColor='black', fillColorSpace='named', fillRGB=array([ 0.,  0.,  0.]), interpolate=True, lineColor='black', lineColorSpace='named', lineRGB=array([ 0.,  0.,  0.]), lineWidth=1, name='s3', opacity=1.0, ori=array(0.0), pos=array([ 110., -100.]), size=array([ 1.,  1.]), units='pix', vertices=ndarray(...), win=Window(...))
7.8541 	EXP 	Created heart = ImageStim(autoLog=True, color=array([ 1.,  1.,  1.]), colorSpace='rgb', contrast=1.0, depth=-11.0, flipHoriz=False, flipVert=False, image='heart.png', interpolate=True, mask=None, maskParams=None, name='heart', opacity=1.0, ori=0.0, pos=array([   0., -100.]), size=array([ 1.,  1.]), texRes=128, units='pix', win=Window(...))
7.9145 	EXP 	Created text_2 = TextStim(alignHoriz='center', alignVert='center', antialias=True, autoLog=True, bold=False, color='white', colorSpace='named', contrast=1.0, depth=-1.0, flipHoriz=False, flipVert=False, font='Arial', fontFiles=[], height=40, italic=False, name='text_2', opacity=1.0, ori=0, pos=array([ 0.,  0.]), rgb=array([ 255.,  255.,  255.]), text=u"Let's take an example", units='pix', win=Window(...), wrapWidth=500)
7.9214 	EXP 	Created nod1 = Polygon(autoDraw=False, autoLog=True, closeShape=True, contrast=1.0, depth=-2.0, fillColor=array([ 1.,  1.,  1.]), fillColorSpace='rgb', fillRGB=array([ 1.,  1.,  1.]), interpolate=True, lineColor='red', lineColorSpace='named', lineRGB=array([ 255.,    0.,    0.]), lineWidth=1, name='nod1', opacity=1.0, ori=array(0.0), pos=array([ 0.,  0.]), size=array([ 100.,  100.]), units='pix', vertices=ndarray(...), win=Window(...))
7.9285 	EXP 	Created nod2 = Polygon(autoDraw=False, autoLog=True, closeShape=True, contrast=1.0, depth=-3.0, fillColor=array([ 1.,  1.,  1.]), fillColorSpace='rgb', fillRGB=array([ 1.,  1.,  1.]), interpolate=True, lineColor=array([ 1.,  1.,  1.]), lineColorSpace='rgb', lineRGB=array([ 1.,  1.,  1.]), lineWidth=1, name='nod2', opacity=1.0, ori=array(0.0), pos=array([ 0.,  0.]), size=array([ 100.,  100.]), units='pix', vertices=ndarray(...), win=Window(...))
7.9370 	EXP 	Created nod3 = Polygon(autoDraw=False, autoLog=True, closeShape=True, contrast=1.0, depth=-4.0, fillColor=array([ 1.,  1.,  1.]), fillColorSpace='rgb', fillRGB=array([ 1.,  1.,  1.]), interpolate=True, lineColor=array([ 1.,  1.,  1.]), lineColorSpace='rgb', lineRGB=array([ 1.,  1.,  1.]), lineWidth=1, name='nod3', opacity=1.0, ori=array(0.0), pos=array([ 135.,  115.]), size=array([ 100.,  100.]), units='pix', vertices=ndarray(...), win=Window(...))
7.9448 	EXP 	Created nod4 = Polygon(autoDraw=False, autoLog=True, closeShape=True, contrast=1.0, depth=-5.0, fillColor=array([ 1.,  1.,  1.]), fillColorSpace='rgb', fillRGB=array([ 1.,  1.,  1.]), interpolate=True, lineColor=array([ 1.,  1.,  1.]), lineColorSpace='rgb', lineRGB=array([ 1.,  1.,  1.]), lineWidth=1, name='nod4', opacity=1.0, ori=array(0.0), pos=array([ 250.,  115.]), size=array([ 100.,  100.]), units='pix', vertices=ndarray(...), win=Window(...))
7.9600 	EXP 	Created rob1 = ImageStim(autoLog=True, color=array([ 1.,  1.,  1.]), colorSpace='rgb', contrast=1.0, depth=-6.0, flipHoriz=False, flipVert=False, image='robot1.png', interpolate=True, mask=None, maskParams=None, name='rob1', opacity=1.0, ori=1.0, pos=array([  20., -115.]), size=array([ 100.,  100.]), texRes=128, units='pix', win=Window(...))
7.9642 	EXP 	Created rob2 = ImageStim(autoLog=True, color=array([ 1.,  1.,  1.]), colorSpace='rgb', contrast=1.0, depth=-7.0, flipHoriz=False, flipVert=False, image='sin', interpolate=True, mask=None, maskParams=None, name='rob2', opacity=1.0, ori=0.0, pos=array([ 365.,  115.]), size=array([ 100.,  100.]), texRes=128, units='pix', win=Window(...))
7.9649 	EXP 	<method-wrapper '__getattribute__' of attributeSetter object at 0x10fa49110>: vertices = array([[-0.5,  0.5],
       [ 0.5,  0.5],
       [ 0.5, -0.5],
       [-0.5, -0.5]])
7.9666 	EXP 	Created sh1 = Rect(autoDraw=False, autoLog=True, closeShape=True, contrast=1.0, depth=-9.0, fillColor='black', fillColorSpace='named', fillRGB=array([ 0.,  0.,  0.]), interpolate=True, lineColor='black', lineColorSpace='named', lineRGB=array([ 0.,  0.,  0.]), lineWidth=1, name='sh1', opacity=1.0, ori=array(0.0), pos=array([ 20.,   0.]), size=array([ 1.,  1.]), units='pix', vertices=ndarray(...), win=Window(...))
7.9670 	EXP 	<method-wrapper '__getattribute__' of attributeSetter object at 0x10fa49110>: vertices = array([[-30.,  20.],
       [ 30.,  20.],
       [ 30., -20.],
       [-30., -20.]])
7.9686 	EXP 	Created sh2a = Rect(autoDraw=False, autoLog=True, closeShape=True, contrast=1.0, depth=-10.0, fillColor='black', fillColorSpace='named', fillRGB=array([ 0.,  0.,  0.]), interpolate=True, lineColor='black', lineColorSpace='named', lineRGB=array([ 0.,  0.,  0.]), lineWidth=1, name='sh2a', opacity=1.0, ori=array(0.0), pos=array([  50.,  113.]), size=array([ 1.,  1.]), units='pix', vertices=ndarray(...), win=Window(...))
7.9693 	EXP 	<method-wrapper '__getattribute__' of attributeSetter object at 0x10fa49110>: vertices = array([[-20.,  40.],
       [ 20.,  40.],
       [ 20., -40.],
       [-20., -40.]])
7.9717 	EXP 	Created sh2b = Rect(autoDraw=False, autoLog=True, closeShape=True, contrast=1.0, depth=-11.0, fillColor='black', fillColorSpace='named', fillRGB=array([ 0.,  0.,  0.]), interpolate=True, lineColor='black', lineColorSpace='named', lineRGB=array([ 0.,  0.,  0.]), lineWidth=1, name='sh2b', opacity=1.0, ori=array(0.0), pos=array([ 22.,  93.]), size=array([ 1.,  1.]), units='pix', vertices=ndarray(...), win=Window(...))
7.9725 	EXP 	<method-wrapper '__getattribute__' of attributeSetter object at 0x10fa49110>: vertices = array([[-55.,  20.],
       [ 55.,  20.],
       [ 55., -20.],
       [-55., -20.]])
7.9753 	EXP 	Created sh3 = Rect(autoDraw=False, autoLog=True, closeShape=True, contrast=1.0, depth=-12.0, fillColor='black', fillColorSpace='named', fillRGB=array([ 0.,  0.,  0.]), interpolate=True, lineColor='black', lineColorSpace='named', lineRGB=array([ 0.,  0.,  0.]), lineWidth=1, name='sh3', opacity=1.0, ori=array(0.0), pos=array([ 135.,  115.]), size=array([ 1.,  1.]), units='pix', vertices=ndarray(...), win=Window(...))
7.9760 	EXP 	<method-wrapper '__getattribute__' of attributeSetter object at 0x10fa49110>: vertices = array([[-55.,  20.],
       [ 55.,  20.],
       [ 55., -20.],
       [-55., -20.]])
7.9785 	EXP 	Created sh4 = Rect(autoDraw=False, autoLog=True, closeShape=True, contrast=1.0, depth=-13.0, fillColor='black', fillColorSpace='named', fillRGB=array([ 0.,  0.,  0.]), interpolate=True, lineColor='black', lineColorSpace='named', lineRGB=array([ 0.,  0.,  0.]), lineWidth=1, name='sh4', opacity=1.0, ori=array(0.0), pos=array([ 250.,  115.]), size=array([ 1.,  1.]), units='pix', vertices=ndarray(...), win=Window(...))
7.9987 	EXP 	Created star = TextStim(alignHoriz='center', alignVert='center', antialias=True, autoLog=True, bold=False, color='white', colorSpace='named', contrast=1.0, depth=0.0, flipHoriz=False, flipVert=False, font='Arial', fontFiles=[], height=50, italic=False, name='star', opacity=1.0, ori=0, pos=array([ 0.,  0.]), rgb=array([ 255.,  255.,  255.]), text=unicode(...), units='pix', win=Window(...), wrapWidth=500)
7.9992 	EXP 	<method-wrapper '__getattribute__' of attributeSetter object at 0x10fa49110>: vertices = array([[-400.,  450.],
       [ 400.,  450.],
       [ 400., -450.],
       [-400., -450.]])
8.0022 	EXP 	Created whitebackground = Rect(autoDraw=False, autoLog=True, closeShape=True, contrast=1.0, depth=-2.0, fillColor=array([ 1.,  1.,  1.]), fillColorSpace='rgb', fillRGB=array([ 1.,  1.,  1.]), interpolate=True, lineColor=array([ 1.,  1.,  1.]), lineColorSpace='rgb', lineRGB=array([ 1.,  1.,  1.]), lineWidth=0, name='whitebackground', opacity=1.0, ori=array(0.0), pos=array([-560.,    0.]), size=array([ 1.,  1.]), units='pix', vertices=ndarray(...), win=Window(...))
8.0166 	EXP 	Created robotS = ImageStim(autoLog=True, color=array([ 1.,  1.,  1.]), colorSpace='rgb', contrast=1.0, depth=-3.0, flipHoriz=False, flipVert=False, image='robot1.png', interpolate=True, mask=None, maskParams=None, name='robotS', opacity=1.0, ori=0.0, pos=array([ 0.,  0.]), size=array([ 100.,  100.]), texRes=128, units='pix', win=Window(...))
8.0238 	EXP 	Created node1 = Polygon(autoDraw=False, autoLog=True, closeShape=True, contrast=1.0, depth=-4.0, fillColor=array([ 1.,  1.,  1.]), fillColorSpace='rgb', fillRGB=array([ 1.,  1.,  1.]), interpolate=True, lineColor=array([ 1.,  1.,  1.]), lineColorSpace='rgb', lineRGB=array([ 1.,  1.,  1.]), lineWidth=0, name='node1', opacity=1.0, ori=array(0.0), pos=array([ 0.,  0.]), size=array([ 100.,  100.]), units='pix', vertices=ndarray(...), win=Window(...))
8.0311 	EXP 	Created node2 = Polygon(autoDraw=False, autoLog=True, closeShape=True, contrast=1.0, depth=-5.0, fillColor=array([ 1.,  1.,  1.]), fillColorSpace='rgb', fillRGB=array([ 1.,  1.,  1.]), interpolate=True, lineColor=array([ 1.,  1.,  1.]), lineColorSpace='rgb', lineRGB=array([ 1.,  1.,  1.]), lineWidth=0, name='node2', opacity=1.0, ori=array(0.0), pos=array([ 0.,  0.]), size=array([ 100.,  100.]), units='pix', vertices=ndarray(...), win=Window(...))
8.0391 	EXP 	Created node3 = Polygon(autoDraw=False, autoLog=True, closeShape=True, contrast=1.0, depth=-6.0, fillColor=array([ 1.,  1.,  1.]), fillColorSpace='rgb', fillRGB=array([ 1.,  1.,  1.]), interpolate=True, lineColor=array([ 1.,  1.,  1.]), lineColorSpace='rgb', lineRGB=array([ 1.,  1.,  1.]), lineWidth=0, name='node3', opacity=1.0, ori=array(0.0), pos=array([ 0.,  0.]), size=array([ 100.,  100.]), units='pix', vertices=ndarray(...), win=Window(...))
8.0468 	EXP 	Created node4 = Polygon(autoDraw=False, autoLog=True, closeShape=True, contrast=1.0, depth=-7.0, fillColor=array([ 1.,  1.,  1.]), fillColorSpace='rgb', fillRGB=array([ 1.,  1.,  1.]), interpolate=True, lineColor=array([ 1.,  1.,  1.]), lineColorSpace='rgb', lineRGB=array([ 1.,  1.,  1.]), lineWidth=0, name='node4', opacity=1.0, ori=array(0.0), pos=array([ 0.,  0.]), size=array([ 100.,  100.]), units='pix', vertices=ndarray(...), win=Window(...))
8.0539 	EXP 	Created node5 = Polygon(autoDraw=False, autoLog=True, closeShape=True, contrast=1.0, depth=-8.0, fillColor=array([ 1.,  1.,  1.]), fillColorSpace='rgb', fillRGB=array([ 1.,  1.,  1.]), interpolate=True, lineColor=array([ 1.,  1.,  1.]), lineColorSpace='rgb', lineRGB=array([ 1.,  1.,  1.]), lineWidth=0, name='node5', opacity=1.0, ori=array(0.0), pos=array([ 0.,  0.]), size=array([ 100.,  100.]), units='pix', vertices=ndarray(...), win=Window(...))
8.0688 	EXP 	Created robotF = ImageStim(autoLog=True, color=array([ 1.,  1.,  1.]), colorSpace='rgb', contrast=1.0, depth=-9.0, flipHoriz=False, flipVert=False, image='robot1.png', interpolate=True, mask=None, maskParams=None, name='robotF', opacity=1.0, ori=0.0, pos=array([ 0.,  0.]), size=array([ 100.,  100.]), texRes=128, units='pix', win=Window(...))
8.0769 	EXP 	Created select1 = Polygon(autoDraw=False, autoLog=True, closeShape=True, contrast=1.0, depth=-10.0, fillColor='red', fillColorSpace='named', fillRGB=array([ 255.,    0.,    0.]), interpolate=True, lineColor=array([ 1.,  1.,  1.]), lineColorSpace='rgb', lineRGB=array([ 1.,  1.,  1.]), lineWidth=0, name='select1', opacity=1.0, ori=array(0.0), pos=array([-630.,    0.]), size=array([ 100.,  100.]), units='pix', vertices=ndarray(...), win=Window(...))
8.0841 	EXP 	Created select2 = Polygon(autoDraw=False, autoLog=True, closeShape=True, contrast=1.0, depth=-11.0, fillColor='blue', fillColorSpace='named', fillRGB=array([   0.,    0.,  255.]), interpolate=True, lineColor=array([ 1.,  1.,  1.]), lineColorSpace='rgb', lineRGB=array([ 1.,  1.,  1.]), lineWidth=0, name='select2', opacity=1.0, ori=array(0.0), pos=array([-630., -120.]), size=array([ 100.,  100.]), units='pix', vertices=ndarray(...), win=Window(...))
8.0906 	EXP 	Created select3 = Polygon(autoDraw=False, autoLog=True, closeShape=True, contrast=1.0, depth=-12.0, fillColor='yellow', fillColorSpace='named', fillRGB=array([ 255.,  255.,    0.]), interpolate=True, lineColor=array([ 1.,  1.,  1.]), lineColorSpace='rgb', lineRGB=array([ 1.,  1.,  1.]), lineWidth=0, name='select3', opacity=1.0, ori=array(0.0), pos=array([-630., -240.]), size=array([ 100.,  100.]), units='pix', vertices=ndarray(...), win=Window(...))
8.0981 	EXP 	Created select4 = Polygon(autoDraw=False, autoLog=True, closeShape=True, contrast=1.0, depth=-13.0, fillColor='green', fillColorSpace='named', fillRGB=array([   0.,  128.,    0.]), interpolate=True, lineColor=array([ 1.,  1.,  1.]), lineColorSpace='rgb', lineRGB=array([ 1.,  1.,  1.]), lineWidth=0, name='select4', opacity=1.0, ori=array(0.0), pos=array([-630., -360.]), size=array([ 100.,  100.]), units='pix', vertices=ndarray(...), win=Window(...))
8.1258 	EXP 	Created selection = ImageStim(autoLog=True, color=array([ 1.,  1.,  1.]), colorSpace='rgb', contrast=1.0, depth=-14.0, flipHoriz=False, flipVert=False, image='mastershapes.png', interpolate=True, mask=None, maskParams=None, name='selection', opacity=1.0, ori=0.0, pos=array([ 0.,  0.]), size=array([ 500.,  400.]), texRes=128, units='pix', win=Window(...))
8.1771 	EXP 	Created sel = TextStim(alignHoriz='center', alignVert='center', antialias=True, autoLog=True, bold=False, color='black', colorSpace='named', contrast=1.0, depth=-15.0, flipHoriz=False, flipVert=False, font='Arial', fontFiles=[], height=30, italic=False, name='sel', opacity=1.0, ori=0, pos=array([-450.,  250.]), rgb=array([ 0.,  0.,  0.]), text=unicode(...), units='pix', win=Window(...), wrapWidth=500)
8.1899 	EXP 	Created Evaluation = TextStim(alignHoriz='center', alignVert='center', antialias=True, autoLog=True, bold=False, color='white', colorSpace='named', contrast=1.0, depth=-1.0, flipHoriz=False, flipVert=False, font='Arial', fontFiles=[], height=50, italic=False, name='Evaluation', opacity=1.0, ori=0, pos=array([   0.,  300.]), rgb=array([ 255.,  255.,  255.]), text=u'Is this pathway correct? \n', units='pix', win=Window(...), wrapWidth=500)
8.1970 	EXP 	Created polygon = Polygon(autoDraw=False, autoLog=True, closeShape=True, contrast=1.0, depth=-2.0, fillColor=array([ 1.,  1.,  1.]), fillColorSpace='rgb', fillRGB=array([ 1.,  1.,  1.]), interpolate=True, lineColor=array([ 1.,  1.,  1.]), lineColorSpace='rgb', lineRGB=array([ 1.,  1.,  1.]), lineWidth=1, name='polygon', opacity=1.0, ori=array(0.0), pos=array([ 0.,  0.]), size=array([ 100.,  100.]), units='pix', vertices=ndarray(...), win=Window(...))
8.2047 	EXP 	Created polygon_2 = Polygon(autoDraw=False, autoLog=True, closeShape=True, contrast=1.0, depth=-3.0, fillColor=array([ 1.,  1.,  1.]), fillColorSpace='rgb', fillRGB=array([ 1.,  1.,  1.]), interpolate=True, lineColor=array([ 1.,  1.,  1.]), lineColorSpace='rgb', lineRGB=array([ 1.,  1.,  1.]), lineWidth=1, name='polygon_2', opacity=1.0, ori=array(0.0), pos=array([ 0.,  0.]), size=array([ 100.,  100.]), units='pix', vertices=ndarray(...), win=Window(...))
8.2152 	EXP 	Created polygon_3 = Polygon(autoDraw=False, autoLog=True, closeShape=True, contrast=1.0, depth=-4.0, fillColor=array([ 1.,  1.,  1.]), fillColorSpace='rgb', fillRGB=array([ 1.,  1.,  1.]), interpolate=True, lineColor=array([ 1.,  1.,  1.]), lineColorSpace='rgb', lineRGB=array([ 1.,  1.,  1.]), lineWidth=1, name='polygon_3', opacity=1.0, ori=array(0.0), pos=array([ 0.,  0.]), size=array([ 100.,  100.]), units='pix', vertices=ndarray(...), win=Window(...))
8.2277 	EXP 	Created polygon_4 = Polygon(autoDraw=False, autoLog=True, closeShape=True, contrast=1.0, depth=-5.0, fillColor=array([ 1.,  1.,  1.]), fillColorSpace='rgb', fillRGB=array([ 1.,  1.,  1.]), interpolate=True, lineColor=array([ 1.,  1.,  1.]), lineColorSpace='rgb', lineRGB=array([ 1.,  1.,  1.]), lineWidth=1, name='polygon_4', opacity=1.0, ori=array(0.0), pos=array([ 0.,  0.]), size=array([ 100.,  100.]), units='pix', vertices=ndarray(...), win=Window(...))
8.2351 	EXP 	Created polygon_5 = Polygon(autoDraw=False, autoLog=True, closeShape=True, contrast=1.0, depth=-6.0, fillColor=array([ 1.,  1.,  1.]), fillColorSpace='rgb', fillRGB=array([ 1.,  1.,  1.]), interpolate=True, lineColor=array([ 1.,  1.,  1.]), lineColorSpace='rgb', lineRGB=array([ 1.,  1.,  1.]), lineWidth=1, name='polygon_5', opacity=1.0, ori=array(0.0), pos=array([ 0.,  0.]), size=array([ 100.,  100.]), units='pix', vertices=ndarray(...), win=Window(...))
8.2434 	EXP 	Created choice = TextStim(alignHoriz='center', alignVert='center', antialias=True, autoLog=True, bold=False, color=u'white', colorSpace='named', contrast=1.0, depth=-7.0, flipHoriz=False, flipVert=False, font=u'Arial', fontFiles=[], height=50, italic=False, name='choice', opacity=1.0, ori=0, pos=array([   0., -300.]), rgb=array([ 255.,  255.,  255.]), text=u'default text', units='pix', win=Window(...), wrapWidth=500)
8.2569 	EXP 	Created ro = ImageStim(autoLog=True, color=array([ 1.,  1.,  1.]), colorSpace='rgb', contrast=1.0, depth=-8.0, flipHoriz=False, flipVert=False, image='robot1.png', interpolate=True, mask=None, maskParams=None, name='ro', opacity=1.0, ori=0.0, pos=array([ 0.,  0.]), size=array([ 100.,  100.]), texRes=128, units='pix', win=Window(...))
8.2709 	EXP 	Created rq = ImageStim(autoLog=True, color=array([ 1.,  1.,  1.]), colorSpace='rgb', contrast=1.0, depth=-9.0, flipHoriz=False, flipVert=False, image='robot1.png', interpolate=True, mask=None, maskParams=None, name='rq', opacity=1.0, ori=0.0, pos=array([ 0.,  0.]), size=array([ 100.,  100.]), texRes=128, units='pix', win=Window(...))
8.2881 	EXP 	Created feedback = TextStim(alignHoriz='center', alignVert='center', antialias=True, autoLog=True, bold=False, color=u'white', colorSpace='named', contrast=1.0, depth=-1.0, flipHoriz=False, flipVert=False, font=u'Arial', fontFiles=[], height=50, italic=False, name='feedback', opacity=1.0, ori=0, pos=array([ 0.,  0.]), rgb=array([ 255.,  255.,  255.]), text=u"msg=''", units='pix', win=Window(...), wrapWidth=500)
8.3025 	EXP 	Created thankyou = TextStim(alignHoriz='center', alignVert='center', antialias=True, autoLog=True, bold=False, color='white', colorSpace='named', contrast=1.0, depth=0.0, flipHoriz=False, flipVert=False, font='Arial', fontFiles=[], height=50, italic=False, name='thankyou', opacity=1.0, ori=0, pos=array([ 0.,  0.]), rgb=array([ 255.,  255.,  255.]), text=u'Thank you for your participation.\n', units='pix', win=Window(...), wrapWidth=500)
8.3305 	EXP 	instruct: pos = array([   0.,  150.])
8.3305 	EXP 	na: pos = array([-110., -100.])
8.3305 	EXP 	na: size = array([ 100.,  100.])
8.3305 	EXP 	nb: pos = array([   0., -100.])
8.3305 	EXP 	nb: size = array([ 100.,  100.])
8.3305 	EXP 	nc: pos = array([ 110., -100.])
8.3305 	EXP 	nc: size = array([ 100.,  100.])
8.3305 	EXP 	welcome: autoDraw = True
11.3141 	EXP 	welcome: autoDraw = False
11.3307 	EXP 	instruct: autoDraw = True
14.3309 	EXP 	rob0: autoDraw = True
14.3309 	EXP 	robb: autoDraw = True
14.8310 	EXP 	na: autoDraw = True
15.3312 	EXP 	nb: autoDraw = True
15.8311 	EXP 	nc: autoDraw = True
16.8313 	EXP 	s1: autoDraw = True
17.8312 	EXP 	s2: autoDraw = True
18.8314 	EXP 	s3: autoDraw = True
22.3152 	EXP 	na: autoDraw = False
22.3152 	EXP 	nb: autoDraw = False
22.3152 	EXP 	nc: autoDraw = False
22.3152 	EXP 	s1: autoDraw = False
22.3152 	EXP 	s2: autoDraw = False
22.3152 	EXP 	s3: autoDraw = False
22.3318 	EXP 	heart: autoDraw = True
26.3322 	EXP 	instruct: autoDraw = False
26.3322 	EXP 	rob0: autoDraw = False
26.3322 	EXP 	robb: autoDraw = False
26.3322 	EXP 	heart: autoDraw = False
26.3322 	EXP 	welcome: autoDraw = False
26.3322 	EXP 	instruct: autoDraw = False
26.3322 	EXP 	rob0: autoDraw = False
26.3322 	EXP 	robb: autoDraw = False
26.3322 	EXP 	na: autoDraw = False
26.3322 	EXP 	nb: autoDraw = False
26.3322 	EXP 	nc: autoDraw = False
26.3322 	EXP 	s1: autoDraw = False
26.3322 	EXP 	s2: autoDraw = False
26.3322 	EXP 	s3: autoDraw = False
26.3322 	EXP 	heart: autoDraw = False
26.3322 	EXP 	text_2: pos = array([-300.,  300.])
26.3322 	EXP 	nod1: fillColor = 'red (named)'
26.3322 	EXP 	nod1: pos = array([ 20.,   0.])
26.3322 	EXP 	nod2: fillColor = 'yellow (named)'
26.3322 	EXP 	nod2: pos = array([  20.,  115.])
26.3322 	EXP 	nod2: lineColor = 'yellow (named)'
26.3322 	EXP 	nod3: fillColor = 'blue (named)'
26.3322 	EXP 	nod3: lineColor = 'blue (named)'
26.3322 	EXP 	nod4: fillColor = 'blue (named)'
26.3322 	EXP 	nod4: lineColor = 'blue (named)'
26.3322 	EXP 	rob1: ori = 0.0
26.3322 	EXP 	rob2: image = 'robot1.png'
26.3322 	EXP 	sh1: size = array([  40.,  110.])
26.3322 	EXP 	text_2: autoDraw = True
26.3322 	EXP 	nod1: autoDraw = True
26.3322 	EXP 	nod2: autoDraw = True
26.3322 	EXP 	nod3: autoDraw = True
26.3322 	EXP 	nod4: autoDraw = True
26.3322 	EXP 	rob1: autoDraw = True
26.3322 	EXP 	rob2: autoDraw = True
28.3325 	EXP 	sh1: autoDraw = True
28.8325 	EXP 	sh2a: autoDraw = True
28.8325 	EXP 	sh2b: autoDraw = True
29.3326 	EXP 	sh3: autoDraw = True
29.8327 	EXP 	sh4: autoDraw = True
32.9925 	DATA 	Keypress: space
33.0164 	EXP 	text_2: autoDraw = False
33.0164 	EXP 	nod1: autoDraw = False
33.0164 	EXP 	nod2: autoDraw = False
33.0164 	EXP 	nod3: autoDraw = False
33.0164 	EXP 	nod4: autoDraw = False
33.0164 	EXP 	rob1: autoDraw = False
33.0164 	EXP 	rob2: autoDraw = False
33.0164 	EXP 	sh1: autoDraw = False
33.0164 	EXP 	sh2a: autoDraw = False
33.0164 	EXP 	sh2b: autoDraw = False
33.0164 	EXP 	sh3: autoDraw = False
33.0164 	EXP 	sh4: autoDraw = False
33.0164 	EXP 	star: autoDraw = True
33.4530 	DATA 	Keypress: space
33.4716 	EXP 	Imported designs.xlsx as conditions, 4 conditions, 16 params
33.4721 	EXP 	Created sequence: sequential, trialTypes=4, nReps=1, seed=None
33.4731 	EXP 	New trial (rep=0, index=0): {u'n2col': u'blue', u'n4col': u'red', u'n3col': u'green', u'r4': u'd', u'n1col': u'blue', u'r1': u'a', u'r2': u'b', u'rs': u'LOC21', u'r3': u'c', u're': u'LOC9', u'n5col': u'red', u'n1': u'LOC22', u'n2': u'LOC23', u'n3': u'LOC24', u'n4': u'LOC19', u'n5': u'LOC14'}
33.4997 	EXP 	star: autoDraw = False
33.4997 	EXP 	robotS: pos = array([  20., -230.])
33.4997 	EXP 	node1: fillColor = u'blue (named)'
33.4997 	EXP 	node1: pos = array([ 135., -230.])
33.4997 	EXP 	node2: fillColor = u'blue (named)'
33.4997 	EXP 	node2: pos = array([ 250., -230.])
33.4997 	EXP 	node3: fillColor = u'green (named)'
33.4997 	EXP 	node3: pos = array([ 365., -230.])
33.4997 	EXP 	node4: fillColor = u'red (named)'
33.4997 	EXP 	node4: pos = array([ 365., -115.])
33.4997 	EXP 	node5: fillColor = u'red (named)'
33.4997 	EXP 	node5: pos = array([ 365.,    0.])
33.4997 	EXP 	robotF: pos = array([ 365.,  115.])
33.4997 	EXP 	whitebackground: autoDraw = True
33.4997 	EXP 	robotS: autoDraw = True
33.4997 	EXP 	node1: autoDraw = True
33.4997 	EXP 	node2: autoDraw = True
33.4997 	EXP 	node3: autoDraw = True
33.4997 	EXP 	node4: autoDraw = True
33.4997 	EXP 	node5: autoDraw = True
33.4997 	EXP 	robotF: autoDraw = True
33.4997 	EXP 	select1: autoDraw = True
33.4997 	EXP 	select2: autoDraw = True
33.4997 	EXP 	select3: autoDraw = True
33.4997 	EXP 	select4: autoDraw = True
33.4997 	EXP 	selection: autoDraw = True
33.4997 	EXP 	sel: autoDraw = True
34.3867 	DATA 	Keypress: a
34.6198 	DATA 	Keypress: a
34.8198 	DATA 	Keypress: a
35.1703 	DATA 	Keypress: a
35.1730 	EXP 	New trial (rep=0, index=1): {u'n2col': u'yellow', u'n4col': u'green', u'n3col': u'blue', u'r4': u'd', u'n1col': u'red', u'r1': u'a', u'r2': u'b', u'rs': u'LOC21', u'r3': u'c', u're': u'LOC3', u'n5col': u'red', u'n1': u'LOC16', u'n2': u'LOC11', u'n3': u'LOC12', u'n4': u'LOC13', u'n5': u'LOC8'}
35.1999 	EXP 	whitebackground: autoDraw = False
35.1999 	EXP 	robotS: autoDraw = False
35.1999 	EXP 	node1: autoDraw = False
35.1999 	EXP 	node2: autoDraw = False
35.1999 	EXP 	node3: autoDraw = False
35.1999 	EXP 	node4: autoDraw = False
35.1999 	EXP 	node5: autoDraw = False
35.1999 	EXP 	robotF: autoDraw = False
35.1999 	EXP 	select1: autoDraw = False
35.1999 	EXP 	select2: autoDraw = False
35.1999 	EXP 	select3: autoDraw = False
35.1999 	EXP 	select4: autoDraw = False
35.1999 	EXP 	selection: autoDraw = False
35.1999 	EXP 	sel: autoDraw = False
35.1999 	EXP 	robotS: pos = array([  20., -230.])
35.1999 	EXP 	node1: fillColor = u'red (named)'
35.1999 	EXP 	node1: pos = array([  20., -115.])
35.1999 	EXP 	node2: fillColor = u'yellow (named)'
35.1999 	EXP 	node2: pos = array([ 20.,   0.])
35.1999 	EXP 	node3: fillColor = u'blue (named)'
35.1999 	EXP 	node3: pos = array([ 135.,    0.])
35.1999 	EXP 	node4: fillColor = u'green (named)'
35.1999 	EXP 	node4: pos = array([ 250.,    0.])
35.1999 	EXP 	node5: fillColor = u'red (named)'
35.1999 	EXP 	node5: pos = array([ 250.,  115.])
35.1999 	EXP 	robotF: pos = array([ 250.,  230.])
35.1999 	EXP 	whitebackground: autoDraw = True
35.1999 	EXP 	robotS: autoDraw = True
35.1999 	EXP 	node1: autoDraw = True
35.1999 	EXP 	node2: autoDraw = True
35.1999 	EXP 	node3: autoDraw = True
35.1999 	EXP 	node4: autoDraw = True
35.1999 	EXP 	node5: autoDraw = True
35.1999 	EXP 	robotF: autoDraw = True
35.1999 	EXP 	select1: autoDraw = True
35.1999 	EXP 	select2: autoDraw = True
35.1999 	EXP 	select3: autoDraw = True
35.1999 	EXP 	select4: autoDraw = True
35.1999 	EXP 	selection: autoDraw = True
35.1999 	EXP 	sel: autoDraw = True
35.4201 	DATA 	Keypress: a
35.7035 	DATA 	Keypress: a
36.0702 	DATA 	Keypress: a
36.4033 	DATA 	Keypress: a
36.4054 	EXP 	New trial (rep=0, index=2): {u'n2col': u'red', u'n4col': u'blue', u'n3col': u'yellow', u'r4': u'd', u'n1col': u'red', u'r1': u'a', u'r2': u'b', u'rs': u'LOC22', u'r3': u'c', u're': u'LOC10', u'n5col': u'blue', u'n1': u'LOC17', u'n2': u'LOC12', u'n3': u'LOC7', u'n4': u'LOC8', u'n5': u'LOC9'}
36.4332 	EXP 	whitebackground: autoDraw = False
36.4332 	EXP 	robotS: autoDraw = False
36.4332 	EXP 	node1: autoDraw = False
36.4332 	EXP 	node2: autoDraw = False
36.4332 	EXP 	node3: autoDraw = False
36.4332 	EXP 	node4: autoDraw = False
36.4332 	EXP 	node5: autoDraw = False
36.4332 	EXP 	robotF: autoDraw = False
36.4332 	EXP 	select1: autoDraw = False
36.4332 	EXP 	select2: autoDraw = False
36.4332 	EXP 	select3: autoDraw = False
36.4332 	EXP 	select4: autoDraw = False
36.4332 	EXP 	selection: autoDraw = False
36.4332 	EXP 	sel: autoDraw = False
36.4332 	EXP 	robotS: pos = array([ 135., -230.])
36.4332 	EXP 	node1: fillColor = u'red (named)'
36.4332 	EXP 	node1: pos = array([ 135., -115.])
36.4332 	EXP 	node2: fillColor = u'red (named)'
36.4332 	EXP 	node2: pos = array([ 135.,    0.])
36.4332 	EXP 	node3: fillColor = u'yellow (named)'
36.4332 	EXP 	node3: pos = array([ 135.,  115.])
36.4332 	EXP 	node4: fillColor = u'blue (named)'
36.4332 	EXP 	node4: pos = array([ 250.,  115.])
36.4332 	EXP 	node5: fillColor = u'blue (named)'
36.4332 	EXP 	node5: pos = array([ 365.,  115.])
36.4332 	EXP 	robotF: pos = array([ 480.,  115.])
36.4332 	EXP 	whitebackground: autoDraw = True
36.4332 	EXP 	robotS: autoDraw = True
36.4332 	EXP 	node1: autoDraw = True
36.4332 	EXP 	node2: autoDraw = True
36.4332 	EXP 	node3: autoDraw = True
36.4332 	EXP 	node4: autoDraw = True
36.4332 	EXP 	node5: autoDraw = True
36.4332 	EXP 	robotF: autoDraw = True
36.4332 	EXP 	select1: autoDraw = True
36.4332 	EXP 	select2: autoDraw = True
36.4332 	EXP 	select3: autoDraw = True
36.4332 	EXP 	select4: autoDraw = True
36.4332 	EXP 	selection: autoDraw = True
36.4332 	EXP 	sel: autoDraw = True
36.7033 	DATA 	Keypress: a
37.0048 	DATA 	Keypress: a
37.3374 	DATA 	Keypress: a
37.7083 	DATA 	Keypress: a
37.7198 	EXP 	New trial (rep=0, index=3): {u'n2col': u'yellow', u'n4col': u'yellow', u'n3col': u'green', u'r4': u'd', u'n1col': u'green', u'r1': u'a', u'r2': u'b', u'rs': u'LOC16', u'r3': u'c', u're': u'LOC10', u'n5col': u'blue', u'n1': u'LOC17', u'n2': u'LOC12', u'n3': u'LOC13', u'n4': u'LOC8', u'n5': u'LOC9'}
37.7503 	EXP 	whitebackground: autoDraw = False
37.7503 	EXP 	robotS: autoDraw = False
37.7503 	EXP 	node1: autoDraw = False
37.7503 	EXP 	node2: autoDraw = False
37.7503 	EXP 	node3: autoDraw = False
37.7503 	EXP 	node4: autoDraw = False
37.7503 	EXP 	node5: autoDraw = False
37.7503 	EXP 	robotF: autoDraw = False
37.7503 	EXP 	select1: autoDraw = False
37.7503 	EXP 	select2: autoDraw = False
37.7503 	EXP 	select3: autoDraw = False
37.7503 	EXP 	select4: autoDraw = False
37.7503 	EXP 	selection: autoDraw = False
37.7503 	EXP 	sel: autoDraw = False
37.7503 	EXP 	robotS: pos = array([  20., -115.])
37.7503 	EXP 	node1: fillColor = u'green (named)'
37.7503 	EXP 	node1: pos = array([ 135., -115.])
37.7503 	EXP 	node2: fillColor = u'yellow (named)'
37.7503 	EXP 	node2: pos = array([ 135.,    0.])
37.7503 	EXP 	node3: fillColor = u'green (named)'
37.7503 	EXP 	node3: pos = array([ 250.,    0.])
37.7503 	EXP 	node4: fillColor = u'yellow (named)'
37.7503 	EXP 	node4: pos = array([ 250.,  115.])
37.7503 	EXP 	node5: fillColor = u'blue (named)'
37.7503 	EXP 	node5: pos = array([ 365.,  115.])
37.7503 	EXP 	robotF: pos = array([ 480.,  115.])
37.7503 	EXP 	whitebackground: autoDraw = True
37.7503 	EXP 	robotS: autoDraw = True
37.7503 	EXP 	node1: autoDraw = True
37.7503 	EXP 	node2: autoDraw = True
37.7503 	EXP 	node3: autoDraw = True
37.7503 	EXP 	node4: autoDraw = True
37.7503 	EXP 	node5: autoDraw = True
37.7503 	EXP 	robotF: autoDraw = True
37.7503 	EXP 	select1: autoDraw = True
37.7503 	EXP 	select2: autoDraw = True
37.7503 	EXP 	select3: autoDraw = True
37.7503 	EXP 	select4: autoDraw = True
37.7503 	EXP 	selection: autoDraw = True
37.7503 	EXP 	sel: autoDraw = True
38.0716 	DATA 	Keypress: a
38.2750 	DATA 	Keypress: a
38.6212 	DATA 	Keypress: a
38.9711 	DATA 	Keypress: a
38.9929 	EXP 	Imported designs1.xlsx as conditions, 2 conditions, 13 params
38.9937 	EXP 	Created sequence: random, trialTypes=2, nReps=5, seed=None
38.9947 	EXP 	New trial (rep=0, index=0): {u'n1col': u'green', u'n2col': u'yellow', u'n4col': u'yellow', u'rs': u'LOC16', u'n3col': u'green', u're': u'LOC10', u'corrAns': u'y', u'n5col': u'blue', u'n1': u'LOC17', u'n2': u'LOC12', u'n3': u'LOC13', u'n4': u'LOC8', u'n5': u'LOC9'}
39.0337 	EXP 	whitebackground: autoDraw = False
39.0337 	EXP 	robotS: autoDraw = False
39.0337 	EXP 	node1: autoDraw = False
39.0337 	EXP 	node2: autoDraw = False
39.0337 	EXP 	node3: autoDraw = False
39.0337 	EXP 	node4: autoDraw = False
39.0337 	EXP 	node5: autoDraw = False
39.0337 	EXP 	robotF: autoDraw = False
39.0337 	EXP 	select1: autoDraw = False
39.0337 	EXP 	select2: autoDraw = False
39.0337 	EXP 	select3: autoDraw = False
39.0337 	EXP 	select4: autoDraw = False
39.0337 	EXP 	selection: autoDraw = False
39.0337 	EXP 	sel: autoDraw = False
39.0337 	EXP 	polygon: fillColor = u'green (named)'
39.0337 	EXP 	polygon: pos = array([ 135., -115.])
39.0337 	EXP 	polygon_2: fillColor = u'yellow (named)'
39.0337 	EXP 	polygon_2: pos = array([ 135.,    0.])
39.0337 	EXP 	polygon_3: fillColor = u'green (named)'
39.0337 	EXP 	polygon_3: pos = array([ 250.,    0.])
39.0337 	EXP 	polygon_4: fillColor = u'yellow (named)'
39.0337 	EXP 	polygon_4: pos = array([ 250.,  115.])
39.0337 	EXP 	polygon_5: fillColor = u'blue (named)'
39.0337 	EXP 	polygon_5: pos = array([ 365.,  115.])
39.0337 	EXP 	choice: text = u"Press 'y' for Yes  \nPress 'n' for No"
39.0337 	EXP 	ro: color = '[ 1.  1.  1.] (rgb)'
39.0337 	EXP 	ro: pos = array([  20., -115.])
39.0337 	EXP 	rq: color = '[ 1.  1.  1.] (rgb)'
39.0337 	EXP 	rq: pos = array([ 480.,  115.])
39.0337 	EXP 	Evaluation: autoDraw = True
39.0337 	EXP 	polygon: autoDraw = True
39.0337 	EXP 	polygon_2: autoDraw = True
39.0337 	EXP 	polygon_3: autoDraw = True
39.0337 	EXP 	polygon_4: autoDraw = True
39.0337 	EXP 	polygon_5: autoDraw = True
39.0337 	EXP 	choice: autoDraw = True
39.0337 	EXP 	ro: autoDraw = True
39.0337 	EXP 	rq: autoDraw = True
40.8556 	DATA 	Keypress: y
42.5052 	DATA 	Keypress: y
47.6392 	DATA 	Keypress: y
48.7718 	DATA 	Keypress: escape
