6.5391 	EXP 	Created window1 = Window(allowGUI=False, allowStencil=False, autoLog=True, bitsMode=UNKNOWN, blendMode='avg', color='black', colorSpace='named', fullscr=UNKNOWN, gamma=None, lms=UNKNOWN, monitor=<psychopy.monitors.calibTools.Monitor object at 0x1123c6990>, name='window1', pos=[0, 0], screen=0, size=array([1440,  900]), stereo=False, units='pix', useFBO=True, useRetina=False, viewOri=0.0, viewPos=None, viewScale=None, waitBlanking=True, winType='pyglet')
6.5392 	EXP 	window1: recordFrameIntervals = False
6.7044 	EXP 	window1: recordFrameIntervals = True
6.8880 	EXP 	window1: recordFrameIntervals = False
7.0293 	EXP 	Created welcome = TextStim(alignHoriz='center', alignVert='center', antialias=True, autoLog=True, bold=False, color='white', colorSpace='named', contrast=1.0, depth=-1.0, flipHoriz=False, flipVert=False, font='Arial', fontFiles=[], height=100, italic=False, name='welcome', opacity=1.0, ori=0, pos=array([ 0.,  0.]), rgb=array([ 255.,  255.,  255.]), text=u'Welcome!', units='pix', win=Window(...), wrapWidth=500)
7.0655 	EXP 	Created instruct = TextStim(alignHoriz='center', alignVert='center', antialias=True, autoLog=True, bold=False, color='white', colorSpace='named', contrast=1.0, depth=-2.0, flipHoriz=False, flipVert=False, font='Arial', fontFiles=[], height=50, italic=False, name='instruct', opacity=1.0, ori=0, pos=array([ 0.,  0.]), rgb=array([ 255.,  255.,  255.]), text=unicode(...), units='pix', win=Window(...), wrapWidth=500)
7.1356 	EXP 	Created rob0 = ImageStim(autoLog=True, color=array([ 1.,  1.,  1.]), colorSpace='rgb', contrast=1.0, depth=-3.0, flipHoriz=False, flipVert=False, image='robot1.png', interpolate=True, mask=None, maskParams=None, name='rob0', opacity=1.0, ori=0.0, pos=array([-250., -100.]), size=array([ 200.,  200.]), texRes=128, units='pix', win=Window(...))
7.1500 	EXP 	Created robb = ImageStim(autoLog=True, color=array([ 1.,  1.,  1.]), colorSpace='rgb', contrast=1.0, depth=-4.0, flipHoriz=False, flipVert=False, image='robot1.png', interpolate=True, mask=None, maskParams=None, name='robb', opacity=1.0, ori=0.0, pos=array([ 250., -100.]), size=array([ 200.,  200.]), texRes=128, units='pix', win=Window(...))
7.1654 	EXP 	Created na = Polygon(autoDraw=False, autoLog=True, closeShape=True, contrast=1.0, depth=-5.0, fillColor='blue', fillColorSpace='named', fillRGB=array([   0.,    0.,  255.]), interpolate=True, lineColor='blue', lineColorSpace='named', lineRGB=array([   0.,    0.,  255.]), lineWidth=1, name='na', opacity=1.0, ori=array(0.0), pos=array([ 0.,  0.]), size=array([ 1.,  1.]), units='pix', vertices=ndarray(...), win=Window(...))
7.1719 	EXP 	Created nb = Polygon(autoDraw=False, autoLog=True, closeShape=True, contrast=1.0, depth=-6.0, fillColor='blue', fillColorSpace='named', fillRGB=array([   0.,    0.,  255.]), interpolate=True, lineColor='blue', lineColorSpace='named', lineRGB=array([   0.,    0.,  255.]), lineWidth=1, name='nb', opacity=1.0, ori=array(0.0), pos=array([ 0.,  0.]), size=array([ 1.,  1.]), units='pix', vertices=ndarray(...), win=Window(...))
7.1779 	EXP 	Created nc = Polygon(autoDraw=False, autoLog=True, closeShape=True, contrast=1.0, depth=-7.0, fillColor='blue', fillColorSpace='named', fillRGB=array([   0.,    0.,  255.]), interpolate=True, lineColor='blue', lineColorSpace='named', lineRGB=array([   0.,    0.,  255.]), lineWidth=1, name='nc', opacity=1.0, ori=array(0.0), pos=array([ 0.,  0.]), size=array([ 1.,  1.]), units='pix', vertices=ndarray(...), win=Window(...))
7.1794 	EXP 	<method-wrapper '__getattribute__' of attributeSetter object at 0x1100b1f50>: vertices = array([[-55.,  20.],
       [ 55.,  20.],
       [ 55., -20.],
       [-55., -20.]])
7.1811 	EXP 	Created s1 = Rect(autoDraw=False, autoLog=True, closeShape=True, contrast=1.0, depth=-8.0, fillColor='black', fillColorSpace='named', fillRGB=array([ 0.,  0.,  0.]), interpolate=True, lineColor='black', lineColorSpace='named', lineRGB=array([ 0.,  0.,  0.]), lineWidth=1, name='s1', opacity=1.0, ori=array(0.0), pos=array([-110., -100.]), size=array([ 1.,  1.]), units='pix', vertices=ndarray(...), win=Window(...))
7.1816 	EXP 	<method-wrapper '__getattribute__' of attributeSetter object at 0x1100b1f50>: vertices = array([[-55.,  20.],
       [ 55.,  20.],
       [ 55., -20.],
       [-55., -20.]])
7.1832 	EXP 	Created s2 = Rect(autoDraw=False, autoLog=True, closeShape=True, contrast=1.0, depth=-9.0, fillColor='black', fillColorSpace='named', fillRGB=array([ 0.,  0.,  0.]), interpolate=True, lineColor='black', lineColorSpace='named', lineRGB=array([ 0.,  0.,  0.]), lineWidth=1, name='s2', opacity=1.0, ori=array(0.0), pos=array([   0., -100.]), size=array([ 1.,  1.]), units='pix', vertices=ndarray(...), win=Window(...))
7.1836 	EXP 	<method-wrapper '__getattribute__' of attributeSetter object at 0x1100b1f50>: vertices = array([[-55.,  20.],
       [ 55.,  20.],
       [ 55., -20.],
       [-55., -20.]])
7.1852 	EXP 	Created s3 = Rect(autoDraw=False, autoLog=True, closeShape=True, contrast=1.0, depth=-10.0, fillColor='black', fillColorSpace='named', fillRGB=array([ 0.,  0.,  0.]), interpolate=True, lineColor='black', lineColorSpace='named', lineRGB=array([ 0.,  0.,  0.]), lineWidth=1, name='s3', opacity=1.0, ori=array(0.0), pos=array([ 110., -100.]), size=array([ 1.,  1.]), units='pix', vertices=ndarray(...), win=Window(...))
7.6078 	EXP 	Created heart = ImageStim(autoLog=True, color=array([ 1.,  1.,  1.]), colorSpace='rgb', contrast=1.0, depth=-11.0, flipHoriz=False, flipVert=False, image='heart.png', interpolate=True, mask=None, maskParams=None, name='heart', opacity=1.0, ori=0.0, pos=array([   0., -100.]), size=array([ 1.,  1.]), texRes=128, units='pix', win=Window(...))
7.6673 	EXP 	Created text_2 = TextStim(alignHoriz='center', alignVert='center', antialias=True, autoLog=True, bold=False, color='white', colorSpace='named', contrast=1.0, depth=-1.0, flipHoriz=False, flipVert=False, font='Arial', fontFiles=[], height=40, italic=False, name='text_2', opacity=1.0, ori=0, pos=array([ 0.,  0.]), rgb=array([ 255.,  255.,  255.]), text=u"Let's take an example", units='pix', win=Window(...), wrapWidth=500)
7.6771 	EXP 	Created nod1 = Polygon(autoDraw=False, autoLog=True, closeShape=True, contrast=1.0, depth=-2.0, fillColor=array([ 1.,  1.,  1.]), fillColorSpace='rgb', fillRGB=array([ 1.,  1.,  1.]), interpolate=True, lineColor='red', lineColorSpace='named', lineRGB=array([ 255.,    0.,    0.]), lineWidth=1, name='nod1', opacity=1.0, ori=array(0.0), pos=array([ 0.,  0.]), size=array([ 100.,  100.]), units='pix', vertices=ndarray(...), win=Window(...))
7.6842 	EXP 	Created nod2 = Polygon(autoDraw=False, autoLog=True, closeShape=True, contrast=1.0, depth=-3.0, fillColor=array([ 1.,  1.,  1.]), fillColorSpace='rgb', fillRGB=array([ 1.,  1.,  1.]), interpolate=True, lineColor=array([ 1.,  1.,  1.]), lineColorSpace='rgb', lineRGB=array([ 1.,  1.,  1.]), lineWidth=1, name='nod2', opacity=1.0, ori=array(0.0), pos=array([ 0.,  0.]), size=array([ 100.,  100.]), units='pix', vertices=ndarray(...), win=Window(...))
7.6916 	EXP 	Created nod3 = Polygon(autoDraw=False, autoLog=True, closeShape=True, contrast=1.0, depth=-4.0, fillColor=array([ 1.,  1.,  1.]), fillColorSpace='rgb', fillRGB=array([ 1.,  1.,  1.]), interpolate=True, lineColor=array([ 1.,  1.,  1.]), lineColorSpace='rgb', lineRGB=array([ 1.,  1.,  1.]), lineWidth=1, name='nod3', opacity=1.0, ori=array(0.0), pos=array([ 135.,  115.]), size=array([ 100.,  100.]), units='pix', vertices=ndarray(...), win=Window(...))
7.6998 	EXP 	Created nod4 = Polygon(autoDraw=False, autoLog=True, closeShape=True, contrast=1.0, depth=-5.0, fillColor=array([ 1.,  1.,  1.]), fillColorSpace='rgb', fillRGB=array([ 1.,  1.,  1.]), interpolate=True, lineColor=array([ 1.,  1.,  1.]), lineColorSpace='rgb', lineRGB=array([ 1.,  1.,  1.]), lineWidth=1, name='nod4', opacity=1.0, ori=array(0.0), pos=array([ 250.,  115.]), size=array([ 100.,  100.]), units='pix', vertices=ndarray(...), win=Window(...))
7.7141 	EXP 	Created rob1 = ImageStim(autoLog=True, color=array([ 1.,  1.,  1.]), colorSpace='rgb', contrast=1.0, depth=-6.0, flipHoriz=False, flipVert=False, image='robot1.png', interpolate=True, mask=None, maskParams=None, name='rob1', opacity=1.0, ori=1.0, pos=array([  20., -115.]), size=array([ 100.,  100.]), texRes=128, units='pix', win=Window(...))
7.7170 	EXP 	Created rob2 = ImageStim(autoLog=True, color=array([ 1.,  1.,  1.]), colorSpace='rgb', contrast=1.0, depth=-7.0, flipHoriz=False, flipVert=False, image='sin', interpolate=True, mask=None, maskParams=None, name='rob2', opacity=1.0, ori=0.0, pos=array([ 365.,  115.]), size=array([ 100.,  100.]), texRes=128, units='pix', win=Window(...))
7.7175 	EXP 	<method-wrapper '__getattribute__' of attributeSetter object at 0x1100b1f50>: vertices = array([[-0.5,  0.5],
       [ 0.5,  0.5],
       [ 0.5, -0.5],
       [-0.5, -0.5]])
7.7190 	EXP 	Created sh1 = Rect(autoDraw=False, autoLog=True, closeShape=True, contrast=1.0, depth=-9.0, fillColor='black', fillColorSpace='named', fillRGB=array([ 0.,  0.,  0.]), interpolate=True, lineColor='black', lineColorSpace='named', lineRGB=array([ 0.,  0.,  0.]), lineWidth=1, name='sh1', opacity=1.0, ori=array(0.0), pos=array([ 20.,   0.]), size=array([ 1.,  1.]), units='pix', vertices=ndarray(...), win=Window(...))
7.7195 	EXP 	<method-wrapper '__getattribute__' of attributeSetter object at 0x1100b1f50>: vertices = array([[-30.,  20.],
       [ 30.,  20.],
       [ 30., -20.],
       [-30., -20.]])
7.7210 	EXP 	Created sh2a = Rect(autoDraw=False, autoLog=True, closeShape=True, contrast=1.0, depth=-10.0, fillColor='black', fillColorSpace='named', fillRGB=array([ 0.,  0.,  0.]), interpolate=True, lineColor='black', lineColorSpace='named', lineRGB=array([ 0.,  0.,  0.]), lineWidth=1, name='sh2a', opacity=1.0, ori=array(0.0), pos=array([  50.,  113.]), size=array([ 1.,  1.]), units='pix', vertices=ndarray(...), win=Window(...))
7.7214 	EXP 	<method-wrapper '__getattribute__' of attributeSetter object at 0x1100b1f50>: vertices = array([[-20.,  40.],
       [ 20.,  40.],
       [ 20., -40.],
       [-20., -40.]])
7.7229 	EXP 	Created sh2b = Rect(autoDraw=False, autoLog=True, closeShape=True, contrast=1.0, depth=-11.0, fillColor='black', fillColorSpace='named', fillRGB=array([ 0.,  0.,  0.]), interpolate=True, lineColor='black', lineColorSpace='named', lineRGB=array([ 0.,  0.,  0.]), lineWidth=1, name='sh2b', opacity=1.0, ori=array(0.0), pos=array([ 22.,  93.]), size=array([ 1.,  1.]), units='pix', vertices=ndarray(...), win=Window(...))
7.7234 	EXP 	<method-wrapper '__getattribute__' of attributeSetter object at 0x1100b1f50>: vertices = array([[-55.,  20.],
       [ 55.,  20.],
       [ 55., -20.],
       [-55., -20.]])
7.7249 	EXP 	Created sh3 = Rect(autoDraw=False, autoLog=True, closeShape=True, contrast=1.0, depth=-12.0, fillColor='black', fillColorSpace='named', fillRGB=array([ 0.,  0.,  0.]), interpolate=True, lineColor='black', lineColorSpace='named', lineRGB=array([ 0.,  0.,  0.]), lineWidth=1, name='sh3', opacity=1.0, ori=array(0.0), pos=array([ 135.,  115.]), size=array([ 1.,  1.]), units='pix', vertices=ndarray(...), win=Window(...))
7.7253 	EXP 	<method-wrapper '__getattribute__' of attributeSetter object at 0x1100b1f50>: vertices = array([[-55.,  20.],
       [ 55.,  20.],
       [ 55., -20.],
       [-55., -20.]])
7.7275 	EXP 	Created sh4 = Rect(autoDraw=False, autoLog=True, closeShape=True, contrast=1.0, depth=-13.0, fillColor='black', fillColorSpace='named', fillRGB=array([ 0.,  0.,  0.]), interpolate=True, lineColor='black', lineColorSpace='named', lineRGB=array([ 0.,  0.,  0.]), lineWidth=1, name='sh4', opacity=1.0, ori=array(0.0), pos=array([ 250.,  115.]), size=array([ 1.,  1.]), units='pix', vertices=ndarray(...), win=Window(...))
7.7535 	EXP 	Created star = TextStim(alignHoriz='center', alignVert='center', antialias=True, autoLog=True, bold=False, color='white', colorSpace='named', contrast=1.0, depth=0.0, flipHoriz=False, flipVert=False, font='Arial', fontFiles=[], height=50, italic=False, name='star', opacity=1.0, ori=0, pos=array([ 0.,  0.]), rgb=array([ 255.,  255.,  255.]), text=unicode(...), units='pix', win=Window(...), wrapWidth=500)
7.7540 	EXP 	<method-wrapper '__getattribute__' of attributeSetter object at 0x1100b1f50>: vertices = array([[-400.,  450.],
       [ 400.,  450.],
       [ 400., -450.],
       [-400., -450.]])
7.7567 	EXP 	Created whitebackground = Rect(autoDraw=False, autoLog=True, closeShape=True, contrast=1.0, depth=-2.0, fillColor=array([ 1.,  1.,  1.]), fillColorSpace='rgb', fillRGB=array([ 1.,  1.,  1.]), interpolate=True, lineColor=array([ 1.,  1.,  1.]), lineColorSpace='rgb', lineRGB=array([ 1.,  1.,  1.]), lineWidth=0, name='whitebackground', opacity=1.0, ori=array(0.0), pos=array([-560.,    0.]), size=array([ 1.,  1.]), units='pix', vertices=ndarray(...), win=Window(...))
7.7710 	EXP 	Created robotS = ImageStim(autoLog=True, color=array([ 1.,  1.,  1.]), colorSpace='rgb', contrast=1.0, depth=-3.0, flipHoriz=False, flipVert=False, image='robot1.png', interpolate=True, mask=None, maskParams=None, name='robotS', opacity=1.0, ori=0.0, pos=array([ 0.,  0.]), size=array([ 100.,  100.]), texRes=128, units='pix', win=Window(...))
7.7782 	EXP 	Created node1 = Polygon(autoDraw=False, autoLog=True, closeShape=True, contrast=1.0, depth=-4.0, fillColor=array([ 1.,  1.,  1.]), fillColorSpace='rgb', fillRGB=array([ 1.,  1.,  1.]), interpolate=True, lineColor=array([ 1.,  1.,  1.]), lineColorSpace='rgb', lineRGB=array([ 1.,  1.,  1.]), lineWidth=0, name='node1', opacity=1.0, ori=array(0.0), pos=array([ 0.,  0.]), size=array([ 100.,  100.]), units='pix', vertices=ndarray(...), win=Window(...))
7.7852 	EXP 	Created node2 = Polygon(autoDraw=False, autoLog=True, closeShape=True, contrast=1.0, depth=-5.0, fillColor=array([ 1.,  1.,  1.]), fillColorSpace='rgb', fillRGB=array([ 1.,  1.,  1.]), interpolate=True, lineColor=array([ 1.,  1.,  1.]), lineColorSpace='rgb', lineRGB=array([ 1.,  1.,  1.]), lineWidth=0, name='node2', opacity=1.0, ori=array(0.0), pos=array([ 0.,  0.]), size=array([ 100.,  100.]), units='pix', vertices=ndarray(...), win=Window(...))
7.7925 	EXP 	Created node3 = Polygon(autoDraw=False, autoLog=True, closeShape=True, contrast=1.0, depth=-6.0, fillColor=array([ 1.,  1.,  1.]), fillColorSpace='rgb', fillRGB=array([ 1.,  1.,  1.]), interpolate=True, lineColor=array([ 1.,  1.,  1.]), lineColorSpace='rgb', lineRGB=array([ 1.,  1.,  1.]), lineWidth=0, name='node3', opacity=1.0, ori=array(0.0), pos=array([ 0.,  0.]), size=array([ 100.,  100.]), units='pix', vertices=ndarray(...), win=Window(...))
7.8009 	EXP 	Created node4 = Polygon(autoDraw=False, autoLog=True, closeShape=True, contrast=1.0, depth=-7.0, fillColor=array([ 1.,  1.,  1.]), fillColorSpace='rgb', fillRGB=array([ 1.,  1.,  1.]), interpolate=True, lineColor=array([ 1.,  1.,  1.]), lineColorSpace='rgb', lineRGB=array([ 1.,  1.,  1.]), lineWidth=0, name='node4', opacity=1.0, ori=array(0.0), pos=array([ 0.,  0.]), size=array([ 100.,  100.]), units='pix', vertices=ndarray(...), win=Window(...))
7.8083 	EXP 	Created node5 = Polygon(autoDraw=False, autoLog=True, closeShape=True, contrast=1.0, depth=-8.0, fillColor=array([ 1.,  1.,  1.]), fillColorSpace='rgb', fillRGB=array([ 1.,  1.,  1.]), interpolate=True, lineColor=array([ 1.,  1.,  1.]), lineColorSpace='rgb', lineRGB=array([ 1.,  1.,  1.]), lineWidth=0, name='node5', opacity=1.0, ori=array(0.0), pos=array([ 0.,  0.]), size=array([ 100.,  100.]), units='pix', vertices=ndarray(...), win=Window(...))
7.8223 	EXP 	Created robotF = ImageStim(autoLog=True, color=array([ 1.,  1.,  1.]), colorSpace='rgb', contrast=1.0, depth=-9.0, flipHoriz=False, flipVert=False, image='robot1.png', interpolate=True, mask=None, maskParams=None, name='robotF', opacity=1.0, ori=0.0, pos=array([ 0.,  0.]), size=array([ 100.,  100.]), texRes=128, units='pix', win=Window(...))
7.8302 	EXP 	Created select1 = Polygon(autoDraw=False, autoLog=True, closeShape=True, contrast=1.0, depth=-10.0, fillColor='red', fillColorSpace='named', fillRGB=array([ 255.,    0.,    0.]), interpolate=True, lineColor=array([ 1.,  1.,  1.]), lineColorSpace='rgb', lineRGB=array([ 1.,  1.,  1.]), lineWidth=0, name='select1', opacity=1.0, ori=array(0.0), pos=array([-630.,    0.]), size=array([ 100.,  100.]), units='pix', vertices=ndarray(...), win=Window(...))
7.8369 	EXP 	Created select2 = Polygon(autoDraw=False, autoLog=True, closeShape=True, contrast=1.0, depth=-11.0, fillColor='blue', fillColorSpace='named', fillRGB=array([   0.,    0.,  255.]), interpolate=True, lineColor=array([ 1.,  1.,  1.]), lineColorSpace='rgb', lineRGB=array([ 1.,  1.,  1.]), lineWidth=0, name='select2', opacity=1.0, ori=array(0.0), pos=array([-630., -120.]), size=array([ 100.,  100.]), units='pix', vertices=ndarray(...), win=Window(...))
7.8439 	EXP 	Created select3 = Polygon(autoDraw=False, autoLog=True, closeShape=True, contrast=1.0, depth=-12.0, fillColor='yellow', fillColorSpace='named', fillRGB=array([ 255.,  255.,    0.]), interpolate=True, lineColor=array([ 1.,  1.,  1.]), lineColorSpace='rgb', lineRGB=array([ 1.,  1.,  1.]), lineWidth=0, name='select3', opacity=1.0, ori=array(0.0), pos=array([-630., -240.]), size=array([ 100.,  100.]), units='pix', vertices=ndarray(...), win=Window(...))
7.8505 	EXP 	Created select4 = Polygon(autoDraw=False, autoLog=True, closeShape=True, contrast=1.0, depth=-13.0, fillColor='green', fillColorSpace='named', fillRGB=array([   0.,  128.,    0.]), interpolate=True, lineColor=array([ 1.,  1.,  1.]), lineColorSpace='rgb', lineRGB=array([ 1.,  1.,  1.]), lineWidth=0, name='select4', opacity=1.0, ori=array(0.0), pos=array([-630., -360.]), size=array([ 100.,  100.]), units='pix', vertices=ndarray(...), win=Window(...))
7.8887 	EXP 	Created selection = ImageStim(autoLog=True, color=array([ 1.,  1.,  1.]), colorSpace='rgb', contrast=1.0, depth=-14.0, flipHoriz=False, flipVert=False, image='mastershapes.png', interpolate=True, mask=None, maskParams=None, name='selection', opacity=1.0, ori=0.0, pos=array([ 0.,  0.]), size=array([ 500.,  400.]), texRes=128, units='pix', win=Window(...))
7.9440 	EXP 	Created sel = TextStim(alignHoriz='center', alignVert='center', antialias=True, autoLog=True, bold=False, color='black', colorSpace='named', contrast=1.0, depth=-15.0, flipHoriz=False, flipVert=False, font='Arial', fontFiles=[], height=30, italic=False, name='sel', opacity=1.0, ori=0, pos=array([-450.,  250.]), rgb=array([ 0.,  0.,  0.]), text=unicode(...), units='pix', win=Window(...), wrapWidth=500)
7.9544 	EXP 	Created Evaluation = TextStim(alignHoriz='center', alignVert='center', antialias=True, autoLog=True, bold=False, color='white', colorSpace='named', contrast=1.0, depth=0.0, flipHoriz=False, flipVert=False, font='Arial', fontFiles=[], height=50, italic=False, name='Evaluation', opacity=1.0, ori=0, pos=array([   0.,  300.]), rgb=array([ 255.,  255.,  255.]), text=u'Is this pathway correct? \n', units='pix', win=Window(...), wrapWidth=500)
7.9633 	EXP 	Created polygon = Polygon(autoDraw=False, autoLog=True, closeShape=True, contrast=1.0, depth=-1.0, fillColor=array([ 1.,  1.,  1.]), fillColorSpace='rgb', fillRGB=array([ 1.,  1.,  1.]), interpolate=True, lineColor=array([ 1.,  1.,  1.]), lineColorSpace='rgb', lineRGB=array([ 1.,  1.,  1.]), lineWidth=1, name='polygon', opacity=1.0, ori=array(0.0), pos=array([ 0.,  0.]), size=array([ 100.,  100.]), units='pix', vertices=ndarray(...), win=Window(...))
7.9705 	EXP 	Created polygon_2 = Polygon(autoDraw=False, autoLog=True, closeShape=True, contrast=1.0, depth=-2.0, fillColor=array([ 1.,  1.,  1.]), fillColorSpace='rgb', fillRGB=array([ 1.,  1.,  1.]), interpolate=True, lineColor=array([ 1.,  1.,  1.]), lineColorSpace='rgb', lineRGB=array([ 1.,  1.,  1.]), lineWidth=1, name='polygon_2', opacity=1.0, ori=array(0.0), pos=array([ 0.,  0.]), size=array([ 100.,  100.]), units='pix', vertices=ndarray(...), win=Window(...))
7.9775 	EXP 	Created polygon_3 = Polygon(autoDraw=False, autoLog=True, closeShape=True, contrast=1.0, depth=-3.0, fillColor=array([ 1.,  1.,  1.]), fillColorSpace='rgb', fillRGB=array([ 1.,  1.,  1.]), interpolate=True, lineColor=array([ 1.,  1.,  1.]), lineColorSpace='rgb', lineRGB=array([ 1.,  1.,  1.]), lineWidth=1, name='polygon_3', opacity=1.0, ori=array(0.0), pos=array([ 0.,  0.]), size=array([ 100.,  100.]), units='pix', vertices=ndarray(...), win=Window(...))
7.9850 	EXP 	Created polygon_4 = Polygon(autoDraw=False, autoLog=True, closeShape=True, contrast=1.0, depth=-4.0, fillColor=array([ 1.,  1.,  1.]), fillColorSpace='rgb', fillRGB=array([ 1.,  1.,  1.]), interpolate=True, lineColor=array([ 1.,  1.,  1.]), lineColorSpace='rgb', lineRGB=array([ 1.,  1.,  1.]), lineWidth=1, name='polygon_4', opacity=1.0, ori=array(0.0), pos=array([ 0.,  0.]), size=array([ 100.,  100.]), units='pix', vertices=ndarray(...), win=Window(...))
7.9920 	EXP 	Created polygon_5 = Polygon(autoDraw=False, autoLog=True, closeShape=True, contrast=1.0, depth=-5.0, fillColor=array([ 1.,  1.,  1.]), fillColorSpace='rgb', fillRGB=array([ 1.,  1.,  1.]), interpolate=True, lineColor=array([ 1.,  1.,  1.]), lineColorSpace='rgb', lineRGB=array([ 1.,  1.,  1.]), lineWidth=1, name='polygon_5', opacity=1.0, ori=array(0.0), pos=array([ 0.,  0.]), size=array([ 100.,  100.]), units='pix', vertices=ndarray(...), win=Window(...))
8.0006 	EXP 	Created choice = TextStim(alignHoriz='center', alignVert='center', antialias=True, autoLog=True, bold=False, color=u'white', colorSpace='named', contrast=1.0, depth=-6.0, flipHoriz=False, flipVert=False, font=u'Arial', fontFiles=[], height=50, italic=False, name='choice', opacity=1.0, ori=0, pos=array([   0., -300.]), rgb=array([ 255.,  255.,  255.]), text=u'default text', units='pix', win=Window(...), wrapWidth=500)
8.0161 	EXP 	Created ro = ImageStim(autoLog=True, color=array([ 1.,  1.,  1.]), colorSpace='rgb', contrast=1.0, depth=-7.0, flipHoriz=False, flipVert=False, image='robot1.png', interpolate=True, mask=None, maskParams=None, name='ro', opacity=1.0, ori=0.0, pos=array([ 0.,  0.]), size=array([ 100.,  100.]), texRes=128, units='pix', win=Window(...))
8.0312 	EXP 	Created rq = ImageStim(autoLog=True, color=array([ 1.,  1.,  1.]), colorSpace='rgb', contrast=1.0, depth=-8.0, flipHoriz=False, flipVert=False, image='robot1.png', interpolate=True, mask=None, maskParams=None, name='rq', opacity=1.0, ori=0.0, pos=array([ 0.,  0.]), size=array([ 100.,  100.]), texRes=128, units='pix', win=Window(...))
8.0392 	EXP 	Created feedback = TextStim(alignHoriz='center', alignVert='center', antialias=True, autoLog=True, bold=False, color=u'white', colorSpace='named', contrast=1.0, depth=-11.0, flipHoriz=False, flipVert=False, font=u'Arial', fontFiles=[], height=50, italic=False, name='feedback', opacity=1.0, ori=0, pos=array([ 0.,  0.]), rgb=array([ 255.,  255.,  255.]), text=u"msg=''", units='pix', win=Window(...), wrapWidth=500)
8.0490 	EXP 	Created thankyou = TextStim(alignHoriz='center', alignVert='center', antialias=True, autoLog=True, bold=False, color='white', colorSpace='named', contrast=1.0, depth=0.0, flipHoriz=False, flipVert=False, font='Arial', fontFiles=[], height=50, italic=False, name='thankyou', opacity=1.0, ori=0, pos=array([ 0.,  0.]), rgb=array([ 255.,  255.,  255.]), text=u'Thank you for your participation.\n', units='pix', win=Window(...), wrapWidth=500)
8.0715 	EXP 	instruct: pos = array([   0.,  150.])
8.0715 	EXP 	na: pos = array([-110., -100.])
8.0715 	EXP 	na: size = array([ 100.,  100.])
8.0715 	EXP 	nb: pos = array([   0., -100.])
8.0715 	EXP 	nb: size = array([ 100.,  100.])
8.0715 	EXP 	nc: pos = array([ 110., -100.])
8.0715 	EXP 	nc: size = array([ 100.,  100.])
8.0715 	EXP 	welcome: autoDraw = True
11.0548 	EXP 	welcome: autoDraw = False
11.0717 	EXP 	instruct: autoDraw = True
14.0718 	EXP 	rob0: autoDraw = True
14.0718 	EXP 	robb: autoDraw = True
14.5719 	EXP 	na: autoDraw = True
15.0721 	EXP 	nb: autoDraw = True
15.5721 	EXP 	nc: autoDraw = True
16.5720 	EXP 	s1: autoDraw = True
17.5721 	EXP 	s2: autoDraw = True
18.5723 	EXP 	s3: autoDraw = True
22.0560 	EXP 	na: autoDraw = False
22.0560 	EXP 	nb: autoDraw = False
22.0560 	EXP 	nc: autoDraw = False
22.0560 	EXP 	s1: autoDraw = False
22.0560 	EXP 	s2: autoDraw = False
22.0560 	EXP 	s3: autoDraw = False
22.0726 	EXP 	heart: autoDraw = True
26.0732 	EXP 	instruct: autoDraw = False
26.0732 	EXP 	rob0: autoDraw = False
26.0732 	EXP 	robb: autoDraw = False
26.0732 	EXP 	heart: autoDraw = False
26.0732 	EXP 	welcome: autoDraw = False
26.0732 	EXP 	instruct: autoDraw = False
26.0732 	EXP 	rob0: autoDraw = False
26.0732 	EXP 	robb: autoDraw = False
26.0732 	EXP 	na: autoDraw = False
26.0732 	EXP 	nb: autoDraw = False
26.0732 	EXP 	nc: autoDraw = False
26.0732 	EXP 	s1: autoDraw = False
26.0732 	EXP 	s2: autoDraw = False
26.0732 	EXP 	s3: autoDraw = False
26.0732 	EXP 	heart: autoDraw = False
26.0732 	EXP 	text_2: pos = array([-300.,  300.])
26.0732 	EXP 	nod1: fillColor = 'red (named)'
26.0732 	EXP 	nod1: pos = array([ 20.,   0.])
26.0732 	EXP 	nod2: fillColor = 'yellow (named)'
26.0732 	EXP 	nod2: pos = array([  20.,  115.])
26.0732 	EXP 	nod2: lineColor = 'yellow (named)'
26.0732 	EXP 	nod3: fillColor = 'blue (named)'
26.0732 	EXP 	nod3: lineColor = 'blue (named)'
26.0732 	EXP 	nod4: fillColor = 'blue (named)'
26.0732 	EXP 	nod4: lineColor = 'blue (named)'
26.0732 	EXP 	rob1: ori = 0.0
26.0732 	EXP 	rob2: image = 'robot1.png'
26.0732 	EXP 	sh1: size = array([  40.,  110.])
26.0732 	EXP 	text_2: autoDraw = True
26.0732 	EXP 	nod1: autoDraw = True
26.0732 	EXP 	nod2: autoDraw = True
26.0732 	EXP 	nod3: autoDraw = True
26.0732 	EXP 	nod4: autoDraw = True
26.0732 	EXP 	rob1: autoDraw = True
26.0732 	EXP 	rob2: autoDraw = True
28.0733 	EXP 	sh1: autoDraw = True
28.5734 	EXP 	sh2a: autoDraw = True
28.5734 	EXP 	sh2b: autoDraw = True
29.0734 	EXP 	sh3: autoDraw = True
29.5735 	EXP 	sh4: autoDraw = True
32.8978 	DATA 	Keypress: space
32.9074 	EXP 	text_2: autoDraw = False
32.9074 	EXP 	nod1: autoDraw = False
32.9074 	EXP 	nod2: autoDraw = False
32.9074 	EXP 	nod3: autoDraw = False
32.9074 	EXP 	nod4: autoDraw = False
32.9074 	EXP 	rob1: autoDraw = False
32.9074 	EXP 	rob2: autoDraw = False
32.9074 	EXP 	sh1: autoDraw = False
32.9074 	EXP 	sh2a: autoDraw = False
32.9074 	EXP 	sh2b: autoDraw = False
32.9074 	EXP 	sh3: autoDraw = False
32.9074 	EXP 	sh4: autoDraw = False
32.9074 	EXP 	star: autoDraw = True
35.0103 	DATA 	Keypress: space
35.0287 	EXP 	Imported designs.xlsx as conditions, 4 conditions, 16 params
35.0292 	EXP 	Created sequence: sequential, trialTypes=4, nReps=1, seed=None
35.0304 	EXP 	New trial (rep=0, index=0): {u'n2col': u'blue', u'n4col': u'red', u'n3col': u'green', u'r4': u'd', u'n1col': u'blue', u'r1': u'a', u'r2': u'b', u'rs': u'LOC21', u'r3': u'c', u're': u'LOC9', u'n5col': u'red', u'n1': u'LOC22', u'n2': u'LOC23', u'n3': u'LOC24', u'n4': u'LOC19', u'n5': u'LOC14'}
35.0573 	EXP 	star: autoDraw = False
35.0573 	EXP 	robotS: pos = array([  20., -230.])
35.0573 	EXP 	node1: fillColor = u'blue (named)'
35.0573 	EXP 	node1: pos = array([ 135., -230.])
35.0573 	EXP 	node2: fillColor = u'blue (named)'
35.0573 	EXP 	node2: pos = array([ 250., -230.])
35.0573 	EXP 	node3: fillColor = u'green (named)'
35.0573 	EXP 	node3: pos = array([ 365., -230.])
35.0573 	EXP 	node4: fillColor = u'red (named)'
35.0573 	EXP 	node4: pos = array([ 365., -115.])
35.0573 	EXP 	node5: fillColor = u'red (named)'
35.0573 	EXP 	node5: pos = array([ 365.,    0.])
35.0573 	EXP 	robotF: pos = array([ 365.,  115.])
35.0573 	EXP 	whitebackground: autoDraw = True
35.0573 	EXP 	robotS: autoDraw = True
35.0573 	EXP 	node1: autoDraw = True
35.0573 	EXP 	node2: autoDraw = True
35.0573 	EXP 	node3: autoDraw = True
35.0573 	EXP 	node4: autoDraw = True
35.0573 	EXP 	node5: autoDraw = True
35.0573 	EXP 	robotF: autoDraw = True
35.0573 	EXP 	select1: autoDraw = True
35.0573 	EXP 	select2: autoDraw = True
35.0573 	EXP 	select3: autoDraw = True
35.0573 	EXP 	select4: autoDraw = True
35.0573 	EXP 	selection: autoDraw = True
35.0573 	EXP 	sel: autoDraw = True
37.1933 	DATA 	Keypress: a
37.6775 	DATA 	Keypress: a
38.0613 	DATA 	Keypress: a
38.5113 	DATA 	Keypress: a
38.5139 	EXP 	New trial (rep=0, index=1): {u'n2col': u'yellow', u'n4col': u'green', u'n3col': u'blue', u'r4': u'd', u'n1col': u'red', u'r1': u'a', u'r2': u'b', u'rs': u'LOC21', u'r3': u'c', u're': u'LOC3', u'n5col': u'red', u'n1': u'LOC16', u'n2': u'LOC11', u'n3': u'LOC12', u'n4': u'LOC13', u'n5': u'LOC8'}
38.5413 	EXP 	whitebackground: autoDraw = False
38.5413 	EXP 	robotS: autoDraw = False
38.5413 	EXP 	node1: autoDraw = False
38.5413 	EXP 	node2: autoDraw = False
38.5413 	EXP 	node3: autoDraw = False
38.5413 	EXP 	node4: autoDraw = False
38.5413 	EXP 	node5: autoDraw = False
38.5413 	EXP 	robotF: autoDraw = False
38.5413 	EXP 	select1: autoDraw = False
38.5413 	EXP 	select2: autoDraw = False
38.5413 	EXP 	select3: autoDraw = False
38.5413 	EXP 	select4: autoDraw = False
38.5413 	EXP 	selection: autoDraw = False
38.5413 	EXP 	sel: autoDraw = False
38.5413 	EXP 	robotS: pos = array([  20., -230.])
38.5413 	EXP 	node1: fillColor = u'red (named)'
38.5413 	EXP 	node1: pos = array([  20., -115.])
38.5413 	EXP 	node2: fillColor = u'yellow (named)'
38.5413 	EXP 	node2: pos = array([ 20.,   0.])
38.5413 	EXP 	node3: fillColor = u'blue (named)'
38.5413 	EXP 	node3: pos = array([ 135.,    0.])
38.5413 	EXP 	node4: fillColor = u'green (named)'
38.5413 	EXP 	node4: pos = array([ 250.,    0.])
38.5413 	EXP 	node5: fillColor = u'red (named)'
38.5413 	EXP 	node5: pos = array([ 250.,  115.])
38.5413 	EXP 	robotF: pos = array([ 250.,  230.])
38.5413 	EXP 	whitebackground: autoDraw = True
38.5413 	EXP 	robotS: autoDraw = True
38.5413 	EXP 	node1: autoDraw = True
38.5413 	EXP 	node2: autoDraw = True
38.5413 	EXP 	node3: autoDraw = True
38.5413 	EXP 	node4: autoDraw = True
38.5413 	EXP 	node5: autoDraw = True
38.5413 	EXP 	robotF: autoDraw = True
38.5413 	EXP 	select1: autoDraw = True
38.5413 	EXP 	select2: autoDraw = True
38.5413 	EXP 	select3: autoDraw = True
38.5413 	EXP 	select4: autoDraw = True
38.5413 	EXP 	selection: autoDraw = True
38.5413 	EXP 	sel: autoDraw = True
38.9281 	DATA 	Keypress: a
39.3447 	DATA 	Keypress: a
39.7650 	DATA 	Keypress: a
40.4620 	DATA 	Keypress: a
40.4645 	EXP 	New trial (rep=0, index=2): {u'n2col': u'red', u'n4col': u'blue', u'n3col': u'yellow', u'r4': u'd', u'n1col': u'red', u'r1': u'a', u'r2': u'b', u'rs': u'LOC22', u'r3': u'c', u're': u'LOC10', u'n5col': u'blue', u'n1': u'LOC17', u'n2': u'LOC12', u'n3': u'LOC7', u'n4': u'LOC8', u'n5': u'LOC9'}
40.4914 	EXP 	whitebackground: autoDraw = False
40.4914 	EXP 	robotS: autoDraw = False
40.4914 	EXP 	node1: autoDraw = False
40.4914 	EXP 	node2: autoDraw = False
40.4914 	EXP 	node3: autoDraw = False
40.4914 	EXP 	node4: autoDraw = False
40.4914 	EXP 	node5: autoDraw = False
40.4914 	EXP 	robotF: autoDraw = False
40.4914 	EXP 	select1: autoDraw = False
40.4914 	EXP 	select2: autoDraw = False
40.4914 	EXP 	select3: autoDraw = False
40.4914 	EXP 	select4: autoDraw = False
40.4914 	EXP 	selection: autoDraw = False
40.4914 	EXP 	sel: autoDraw = False
40.4914 	EXP 	robotS: pos = array([ 135., -230.])
40.4914 	EXP 	node1: fillColor = u'red (named)'
40.4914 	EXP 	node1: pos = array([ 135., -115.])
40.4914 	EXP 	node2: fillColor = u'red (named)'
40.4914 	EXP 	node2: pos = array([ 135.,    0.])
40.4914 	EXP 	node3: fillColor = u'yellow (named)'
40.4914 	EXP 	node3: pos = array([ 135.,  115.])
40.4914 	EXP 	node4: fillColor = u'blue (named)'
40.4914 	EXP 	node4: pos = array([ 250.,  115.])
40.4914 	EXP 	node5: fillColor = u'blue (named)'
40.4914 	EXP 	node5: pos = array([ 365.,  115.])
40.4914 	EXP 	robotF: pos = array([ 480.,  115.])
40.4914 	EXP 	whitebackground: autoDraw = True
40.4914 	EXP 	robotS: autoDraw = True
40.4914 	EXP 	node1: autoDraw = True
40.4914 	EXP 	node2: autoDraw = True
40.4914 	EXP 	node3: autoDraw = True
40.4914 	EXP 	node4: autoDraw = True
40.4914 	EXP 	node5: autoDraw = True
40.4914 	EXP 	robotF: autoDraw = True
40.4914 	EXP 	select1: autoDraw = True
40.4914 	EXP 	select2: autoDraw = True
40.4914 	EXP 	select3: autoDraw = True
40.4914 	EXP 	select4: autoDraw = True
40.4914 	EXP 	selection: autoDraw = True
40.4914 	EXP 	sel: autoDraw = True
40.8948 	DATA 	Keypress: a
41.2118 	DATA 	Keypress: a
41.6999 	DATA 	Keypress: a
42.2958 	DATA 	Keypress: a
42.2991 	EXP 	New trial (rep=0, index=3): {u'n2col': u'yellow', u'n4col': u'yellow', u'n3col': u'green', u'r4': u'd', u'n1col': u'green', u'r1': u'a', u'r2': u'b', u'rs': u'LOC16', u'r3': u'c', u're': u'LOC10', u'n5col': u'blue', u'n1': u'LOC17', u'n2': u'LOC12', u'n3': u'LOC13', u'n4': u'LOC8', u'n5': u'LOC9'}
42.3250 	EXP 	whitebackground: autoDraw = False
42.3250 	EXP 	robotS: autoDraw = False
42.3250 	EXP 	node1: autoDraw = False
42.3250 	EXP 	node2: autoDraw = False
42.3250 	EXP 	node3: autoDraw = False
42.3250 	EXP 	node4: autoDraw = False
42.3250 	EXP 	node5: autoDraw = False
42.3250 	EXP 	robotF: autoDraw = False
42.3250 	EXP 	select1: autoDraw = False
42.3250 	EXP 	select2: autoDraw = False
42.3250 	EXP 	select3: autoDraw = False
42.3250 	EXP 	select4: autoDraw = False
42.3250 	EXP 	selection: autoDraw = False
42.3250 	EXP 	sel: autoDraw = False
42.3250 	EXP 	robotS: pos = array([  20., -115.])
42.3250 	EXP 	node1: fillColor = u'green (named)'
42.3250 	EXP 	node1: pos = array([ 135., -115.])
42.3250 	EXP 	node2: fillColor = u'yellow (named)'
42.3250 	EXP 	node2: pos = array([ 135.,    0.])
42.3250 	EXP 	node3: fillColor = u'green (named)'
42.3250 	EXP 	node3: pos = array([ 250.,    0.])
42.3250 	EXP 	node4: fillColor = u'yellow (named)'
42.3250 	EXP 	node4: pos = array([ 250.,  115.])
42.3250 	EXP 	node5: fillColor = u'blue (named)'
42.3250 	EXP 	node5: pos = array([ 365.,  115.])
42.3250 	EXP 	robotF: pos = array([ 480.,  115.])
42.3250 	EXP 	whitebackground: autoDraw = True
42.3250 	EXP 	robotS: autoDraw = True
42.3250 	EXP 	node1: autoDraw = True
42.3250 	EXP 	node2: autoDraw = True
42.3250 	EXP 	node3: autoDraw = True
42.3250 	EXP 	node4: autoDraw = True
42.3250 	EXP 	node5: autoDraw = True
42.3250 	EXP 	robotF: autoDraw = True
42.3250 	EXP 	select1: autoDraw = True
42.3250 	EXP 	select2: autoDraw = True
42.3250 	EXP 	select3: autoDraw = True
42.3250 	EXP 	select4: autoDraw = True
42.3250 	EXP 	selection: autoDraw = True
42.3250 	EXP 	sel: autoDraw = True
43.0957 	DATA 	Keypress: a
43.4783 	DATA 	Keypress: a
43.9115 	DATA 	Keypress: a
44.4454 	DATA 	Keypress: a
44.4659 	EXP 	Imported designs1.xlsx as conditions, 2 conditions, 13 params
44.4665 	EXP 	Created sequence: random, trialTypes=2, nReps=5, seed=None
44.4673 	EXP 	New trial (rep=0, index=0): {u'n1col': u'blue', u'n2col': u'yellow', u'n4col': u'yellow', u'rs': u'LOC16', u'n3col': u'red', u're': u'LOC10', u'corrAns': u'n', u'n5col': u'blue', u'n1': u'LOC17', u'n2': u'LOC12', u'n3': u'LOC13', u'n4': u'LOC8', u'n5': u'LOC9'}
44.5086 	EXP 	whitebackground: autoDraw = False
44.5086 	EXP 	robotS: autoDraw = False
44.5086 	EXP 	node1: autoDraw = False
44.5086 	EXP 	node2: autoDraw = False
44.5086 	EXP 	node3: autoDraw = False
44.5086 	EXP 	node4: autoDraw = False
44.5086 	EXP 	node5: autoDraw = False
44.5086 	EXP 	robotF: autoDraw = False
44.5086 	EXP 	select1: autoDraw = False
44.5086 	EXP 	select2: autoDraw = False
44.5086 	EXP 	select3: autoDraw = False
44.5086 	EXP 	select4: autoDraw = False
44.5086 	EXP 	selection: autoDraw = False
44.5086 	EXP 	sel: autoDraw = False
44.5086 	EXP 	polygon: fillColor = u'blue (named)'
44.5086 	EXP 	polygon: pos = array([ 135., -115.])
44.5086 	EXP 	polygon_2: fillColor = u'yellow (named)'
44.5086 	EXP 	polygon_2: pos = array([ 135.,    0.])
44.5086 	EXP 	polygon_3: fillColor = u'red (named)'
44.5086 	EXP 	polygon_3: pos = array([ 250.,    0.])
44.5086 	EXP 	polygon_4: fillColor = u'yellow (named)'
44.5086 	EXP 	polygon_4: pos = array([ 250.,  115.])
44.5086 	EXP 	polygon_5: fillColor = u'blue (named)'
44.5086 	EXP 	polygon_5: pos = array([ 365.,  115.])
44.5086 	EXP 	choice: text = u"Press 'y' for Yes  \nPress 'n' for No"
44.5086 	EXP 	ro: color = '[ 1.  1.  1.] (rgb)'
44.5086 	EXP 	ro: pos = array([  20., -115.])
44.5086 	EXP 	rq: color = '[ 1.  1.  1.] (rgb)'
44.5086 	EXP 	rq: pos = array([ 480.,  115.])
44.5086 	EXP 	Evaluation: autoDraw = True
44.5086 	EXP 	polygon: autoDraw = True
44.5086 	EXP 	polygon_2: autoDraw = True
44.5086 	EXP 	polygon_3: autoDraw = True
44.5086 	EXP 	polygon_4: autoDraw = True
44.5086 	EXP 	polygon_5: autoDraw = True
44.5086 	EXP 	choice: autoDraw = True
44.5086 	EXP 	ro: autoDraw = True
44.5086 	EXP 	rq: autoDraw = True
44.5086 	EXP 	feedback: autoDraw = True
47.2628 	DATA 	Keypress: y
47.2660 	EXP 	New trial (rep=0, index=1): {u'n1col': u'green', u'n2col': u'yellow', u'n4col': u'yellow', u'rs': u'LOC16', u'n3col': u'green', u're': u'LOC10', u'corrAns': u'y', u'n5col': u'blue', u'n1': u'LOC17', u'n2': u'LOC12', u'n3': u'LOC13', u'n4': u'LOC8', u'n5': u'LOC9'}
47.2922 	EXP 	Evaluation: autoDraw = False
47.2922 	EXP 	polygon: autoDraw = False
47.2922 	EXP 	polygon_2: autoDraw = False
47.2922 	EXP 	polygon_3: autoDraw = False
47.2922 	EXP 	polygon_4: autoDraw = False
47.2922 	EXP 	polygon_5: autoDraw = False
47.2922 	EXP 	choice: autoDraw = False
47.2922 	EXP 	ro: autoDraw = False
47.2922 	EXP 	rq: autoDraw = False
47.2922 	EXP 	feedback: autoDraw = False
47.2922 	EXP 	polygon: fillColor = u'green (named)'
47.2922 	EXP 	polygon: pos = array([ 135., -115.])
47.2922 	EXP 	polygon_2: fillColor = u'yellow (named)'
47.2922 	EXP 	polygon_2: pos = array([ 135.,    0.])
47.2922 	EXP 	polygon_3: fillColor = u'green (named)'
47.2922 	EXP 	polygon_3: pos = array([ 250.,    0.])
47.2922 	EXP 	polygon_4: fillColor = u'yellow (named)'
47.2922 	EXP 	polygon_4: pos = array([ 250.,  115.])
47.2922 	EXP 	polygon_5: fillColor = u'blue (named)'
47.2922 	EXP 	polygon_5: pos = array([ 365.,  115.])
47.2922 	EXP 	choice: text = u"Press 'y' for Yes  \nPress 'n' for No"
47.2922 	EXP 	ro: color = '[ 1.  1.  1.] (rgb)'
47.2922 	EXP 	ro: pos = array([  20., -115.])
47.2922 	EXP 	rq: color = '[ 1.  1.  1.] (rgb)'
47.2922 	EXP 	rq: pos = array([ 480.,  115.])
47.2922 	EXP 	Evaluation: autoDraw = True
47.2922 	EXP 	polygon: autoDraw = True
47.2922 	EXP 	polygon_2: autoDraw = True
47.2922 	EXP 	polygon_3: autoDraw = True
47.2922 	EXP 	polygon_4: autoDraw = True
47.2922 	EXP 	polygon_5: autoDraw = True
47.2922 	EXP 	choice: autoDraw = True
47.2922 	EXP 	ro: autoDraw = True
47.2922 	EXP 	rq: autoDraw = True
47.2922 	EXP 	feedback: autoDraw = True
49.1294 	DATA 	Keypress: n
49.1314 	EXP 	New trial (rep=1, index=0): {u'n1col': u'green', u'n2col': u'yellow', u'n4col': u'yellow', u'rs': u'LOC16', u'n3col': u'green', u're': u'LOC10', u'corrAns': u'y', u'n5col': u'blue', u'n1': u'LOC17', u'n2': u'LOC12', u'n3': u'LOC13', u'n4': u'LOC8', u'n5': u'LOC9'}
49.1590 	EXP 	Evaluation: autoDraw = False
49.1590 	EXP 	polygon: autoDraw = False
49.1590 	EXP 	polygon_2: autoDraw = False
49.1590 	EXP 	polygon_3: autoDraw = False
49.1590 	EXP 	polygon_4: autoDraw = False
49.1590 	EXP 	polygon_5: autoDraw = False
49.1590 	EXP 	choice: autoDraw = False
49.1590 	EXP 	ro: autoDraw = False
49.1590 	EXP 	rq: autoDraw = False
49.1590 	EXP 	feedback: autoDraw = False
49.1590 	EXP 	polygon: fillColor = u'green (named)'
49.1590 	EXP 	polygon: pos = array([ 135., -115.])
49.1590 	EXP 	polygon_2: fillColor = u'yellow (named)'
49.1590 	EXP 	polygon_2: pos = array([ 135.,    0.])
49.1590 	EXP 	polygon_3: fillColor = u'green (named)'
49.1590 	EXP 	polygon_3: pos = array([ 250.,    0.])
49.1590 	EXP 	polygon_4: fillColor = u'yellow (named)'
49.1590 	EXP 	polygon_4: pos = array([ 250.,  115.])
49.1590 	EXP 	polygon_5: fillColor = u'blue (named)'
49.1590 	EXP 	polygon_5: pos = array([ 365.,  115.])
49.1590 	EXP 	choice: text = u"Press 'y' for Yes  \nPress 'n' for No"
49.1590 	EXP 	ro: color = '[ 1.  1.  1.] (rgb)'
49.1590 	EXP 	ro: pos = array([  20., -115.])
49.1590 	EXP 	rq: color = '[ 1.  1.  1.] (rgb)'
49.1590 	EXP 	rq: pos = array([ 480.,  115.])
49.1590 	EXP 	Evaluation: autoDraw = True
49.1590 	EXP 	polygon: autoDraw = True
49.1590 	EXP 	polygon_2: autoDraw = True
49.1590 	EXP 	polygon_3: autoDraw = True
49.1590 	EXP 	polygon_4: autoDraw = True
49.1590 	EXP 	polygon_5: autoDraw = True
49.1590 	EXP 	choice: autoDraw = True
49.1590 	EXP 	ro: autoDraw = True
49.1590 	EXP 	rq: autoDraw = True
49.1590 	EXP 	feedback: autoDraw = True
110.7533 	DATA 	Keypress: escape
