6.7359 	EXP 	Created window1 = Window(allowGUI=False, allowStencil=False, autoLog=True, bitsMode=UNKNOWN, blendMode='avg', color='black', colorSpace='named', fullscr=UNKNOWN, gamma=None, lms=UNKNOWN, monitor=<psychopy.monitors.calibTools.Monitor object at 0x112b53f50>, name='window1', pos=[0, 0], screen=0, size=array([1440,  900]), stereo=False, units='pix', useFBO=True, useRetina=False, viewOri=0.0, viewPos=None, viewScale=None, waitBlanking=True, winType='pyglet')
6.7360 	EXP 	window1: recordFrameIntervals = False
6.9012 	EXP 	window1: recordFrameIntervals = True
7.0856 	EXP 	window1: recordFrameIntervals = False
7.2502 	EXP 	Created welcome = TextStim(alignHoriz='center', alignVert='center', antialias=True, autoLog=True, bold=False, color=u'white', colorSpace='named', contrast=1.0, depth=-1.0, flipHoriz=False, flipVert=False, font=u'Arial', fontFiles=[], height=100, italic=False, name='welcome', opacity=1.0, ori=0, pos=array([ 0.,  0.]), rgb=array([ 255.,  255.,  255.]), text=u'Welcome!', units='pix', win=Window(...), wrapWidth=500)
7.2835 	EXP 	Created instruct = TextStim(alignHoriz='center', alignVert='center', antialias=True, autoLog=True, bold=False, color=u'white', colorSpace='named', contrast=1.0, depth=-2.0, flipHoriz=False, flipVert=False, font=u'Arial', fontFiles=[], height=50, italic=False, name='instruct', opacity=1.0, ori=0, pos=array([ 0.,  0.]), rgb=array([ 255.,  255.,  255.]), text=unicode(...), units='pix', win=Window(...), wrapWidth=500)
7.7952 	EXP 	Created image = ImageStim(autoLog=True, color=array([ 1.,  1.,  1.]), colorSpace='rgb', contrast=1.0, depth=-3.0, flipHoriz=False, flipVert=False, image=u'heart.png', interpolate=True, mask=None, maskParams=None, name='image', opacity=1.0, ori=0.0, pos=array([ 0.,  0.]), size=array([ 1.,  1.]), texRes=128, units='pix', win=Window(...))
7.8893 	EXP 	Created text_2 = TextStim(alignHoriz='center', alignVert='center', antialias=True, autoLog=True, bold=False, color='white', colorSpace='named', contrast=1.0, depth=-1.0, flipHoriz=False, flipVert=False, font='Arial', fontFiles=[], height=40, italic=False, name='text_2', opacity=1.0, ori=0, pos=array([ 0.,  0.]), rgb=array([ 255.,  255.,  255.]), text=u"Let's take an example", units='pix', win=Window(...), wrapWidth=500)
7.9191 	EXP 	Created nod1 = Polygon(autoDraw=False, autoLog=True, closeShape=True, contrast=1.0, depth=-2.0, fillColor=array([ 1.,  1.,  1.]), fillColorSpace='rgb', fillRGB=array([ 1.,  1.,  1.]), interpolate=True, lineColor='red', lineColorSpace='named', lineRGB=array([ 255.,    0.,    0.]), lineWidth=1, name='nod1', opacity=1.0, ori=array(0.0), pos=array([ 0.,  0.]), size=array([ 100.,  100.]), units='pix', vertices=ndarray(...), win=Window(...))
7.9253 	EXP 	Created nod2 = Polygon(autoDraw=False, autoLog=True, closeShape=True, contrast=1.0, depth=-3.0, fillColor=array([ 1.,  1.,  1.]), fillColorSpace='rgb', fillRGB=array([ 1.,  1.,  1.]), interpolate=True, lineColor=array([ 1.,  1.,  1.]), lineColorSpace='rgb', lineRGB=array([ 1.,  1.,  1.]), lineWidth=1, name='nod2', opacity=1.0, ori=array(0.0), pos=array([ 0.,  0.]), size=array([ 100.,  100.]), units='pix', vertices=ndarray(...), win=Window(...))
7.9314 	EXP 	Created nod3 = Polygon(autoDraw=False, autoLog=True, closeShape=True, contrast=1.0, depth=-4.0, fillColor=array([ 1.,  1.,  1.]), fillColorSpace='rgb', fillRGB=array([ 1.,  1.,  1.]), interpolate=True, lineColor=array([ 1.,  1.,  1.]), lineColorSpace='rgb', lineRGB=array([ 1.,  1.,  1.]), lineWidth=1, name='nod3', opacity=1.0, ori=array(0.0), pos=array([ 135.,  115.]), size=array([ 100.,  100.]), units='pix', vertices=ndarray(...), win=Window(...))
7.9375 	EXP 	Created nod4 = Polygon(autoDraw=False, autoLog=True, closeShape=True, contrast=1.0, depth=-5.0, fillColor=array([ 1.,  1.,  1.]), fillColorSpace='rgb', fillRGB=array([ 1.,  1.,  1.]), interpolate=True, lineColor=array([ 1.,  1.,  1.]), lineColorSpace='rgb', lineRGB=array([ 1.,  1.,  1.]), lineWidth=1, name='nod4', opacity=1.0, ori=array(0.0), pos=array([ 250.,  115.]), size=array([ 100.,  100.]), units='pix', vertices=ndarray(...), win=Window(...))
7.9541 	EXP 	Created rob1 = ImageStim(autoLog=True, color=array([ 1.,  1.,  1.]), colorSpace='rgb', contrast=1.0, depth=-6.0, flipHoriz=False, flipVert=False, image='robot1.png', interpolate=True, mask=None, maskParams=None, name='rob1', opacity=1.0, ori=1.0, pos=array([  20., -115.]), size=array([ 100.,  100.]), texRes=128, units='pix', win=Window(...))
7.9577 	EXP 	Created rob2 = ImageStim(autoLog=True, color=array([ 1.,  1.,  1.]), colorSpace='rgb', contrast=1.0, depth=-7.0, flipHoriz=False, flipVert=False, image='sin', interpolate=True, mask=None, maskParams=None, name='rob2', opacity=1.0, ori=0.0, pos=array([ 365.,  115.]), size=array([ 100.,  100.]), texRes=128, units='pix', win=Window(...))
7.9606 	EXP 	<method-wrapper '__getattribute__' of attributeSetter object at 0x10ee05550>: vertices = array([[-0.5,  0.5],
       [ 0.5,  0.5],
       [ 0.5, -0.5],
       [-0.5, -0.5]])
7.9639 	EXP 	Created sh1 = Rect(autoDraw=False, autoLog=True, closeShape=True, contrast=1.0, depth=-9.0, fillColor='black', fillColorSpace='named', fillRGB=array([ 0.,  0.,  0.]), interpolate=True, lineColor='black', lineColorSpace='named', lineRGB=array([ 0.,  0.,  0.]), lineWidth=1, name='sh1', opacity=1.0, ori=array(0.0), pos=array([ 20.,   0.]), size=array([ 1.,  1.]), units='pix', vertices=ndarray(...), win=Window(...))
7.9644 	EXP 	<method-wrapper '__getattribute__' of attributeSetter object at 0x10ee05550>: vertices = array([[-30.,  20.],
       [ 30.,  20.],
       [ 30., -20.],
       [-30., -20.]])
7.9658 	EXP 	Created sh2a = Rect(autoDraw=False, autoLog=True, closeShape=True, contrast=1.0, depth=-10.0, fillColor='black', fillColorSpace='named', fillRGB=array([ 0.,  0.,  0.]), interpolate=True, lineColor='black', lineColorSpace='named', lineRGB=array([ 0.,  0.,  0.]), lineWidth=1, name='sh2a', opacity=1.0, ori=array(0.0), pos=array([  50.,  113.]), size=array([ 1.,  1.]), units='pix', vertices=ndarray(...), win=Window(...))
7.9662 	EXP 	<method-wrapper '__getattribute__' of attributeSetter object at 0x10ee05550>: vertices = array([[-20.,  40.],
       [ 20.,  40.],
       [ 20., -40.],
       [-20., -40.]])
7.9675 	EXP 	Created sh2b = Rect(autoDraw=False, autoLog=True, closeShape=True, contrast=1.0, depth=-11.0, fillColor='black', fillColorSpace='named', fillRGB=array([ 0.,  0.,  0.]), interpolate=True, lineColor='black', lineColorSpace='named', lineRGB=array([ 0.,  0.,  0.]), lineWidth=1, name='sh2b', opacity=1.0, ori=array(0.0), pos=array([ 22.,  93.]), size=array([ 1.,  1.]), units='pix', vertices=ndarray(...), win=Window(...))
7.9679 	EXP 	<method-wrapper '__getattribute__' of attributeSetter object at 0x10ee05550>: vertices = array([[-55.,  20.],
       [ 55.,  20.],
       [ 55., -20.],
       [-55., -20.]])
7.9693 	EXP 	Created sh3 = Rect(autoDraw=False, autoLog=True, closeShape=True, contrast=1.0, depth=-12.0, fillColor='black', fillColorSpace='named', fillRGB=array([ 0.,  0.,  0.]), interpolate=True, lineColor='black', lineColorSpace='named', lineRGB=array([ 0.,  0.,  0.]), lineWidth=1, name='sh3', opacity=1.0, ori=array(0.0), pos=array([ 135.,  115.]), size=array([ 1.,  1.]), units='pix', vertices=ndarray(...), win=Window(...))
7.9697 	EXP 	<method-wrapper '__getattribute__' of attributeSetter object at 0x10ee05550>: vertices = array([[-55.,  20.],
       [ 55.,  20.],
       [ 55., -20.],
       [-55., -20.]])
7.9710 	EXP 	Created sh4 = Rect(autoDraw=False, autoLog=True, closeShape=True, contrast=1.0, depth=-13.0, fillColor='black', fillColorSpace='named', fillRGB=array([ 0.,  0.,  0.]), interpolate=True, lineColor='black', lineColorSpace='named', lineRGB=array([ 0.,  0.,  0.]), lineWidth=1, name='sh4', opacity=1.0, ori=array(0.0), pos=array([ 250.,  115.]), size=array([ 1.,  1.]), units='pix', vertices=ndarray(...), win=Window(...))
7.9876 	EXP 	Created star = TextStim(alignHoriz='center', alignVert='center', antialias=True, autoLog=True, bold=False, color='white', colorSpace='named', contrast=1.0, depth=0.0, flipHoriz=False, flipVert=False, font='Arial', fontFiles=[], height=50, italic=False, name='star', opacity=1.0, ori=0, pos=array([ 0.,  0.]), rgb=array([ 255.,  255.,  255.]), text=unicode(...), units='pix', win=Window(...), wrapWidth=500)
7.9881 	EXP 	<method-wrapper '__getattribute__' of attributeSetter object at 0x10ee05550>: vertices = array([[-400.,  450.],
       [ 400.,  450.],
       [ 400., -450.],
       [-400., -450.]])
7.9904 	EXP 	Created whitebackground = Rect(autoDraw=False, autoLog=True, closeShape=True, contrast=1.0, depth=-2.0, fillColor=array([ 1.,  1.,  1.]), fillColorSpace='rgb', fillRGB=array([ 1.,  1.,  1.]), interpolate=True, lineColor=array([ 1.,  1.,  1.]), lineColorSpace='rgb', lineRGB=array([ 1.,  1.,  1.]), lineWidth=0, name='whitebackground', opacity=1.0, ori=array(0.0), pos=array([-560.,    0.]), size=array([ 1.,  1.]), units='pix', vertices=ndarray(...), win=Window(...))
8.0033 	EXP 	Created robotS = ImageStim(autoLog=True, color=array([ 1.,  1.,  1.]), colorSpace='rgb', contrast=1.0, depth=-3.0, flipHoriz=False, flipVert=False, image='robot1.png', interpolate=True, mask=None, maskParams=None, name='robotS', opacity=1.0, ori=0.0, pos=array([ 0.,  0.]), size=array([ 100.,  100.]), texRes=128, units='pix', win=Window(...))
8.0102 	EXP 	Created node1 = Polygon(autoDraw=False, autoLog=True, closeShape=True, contrast=1.0, depth=-4.0, fillColor=array([ 1.,  1.,  1.]), fillColorSpace='rgb', fillRGB=array([ 1.,  1.,  1.]), interpolate=True, lineColor=array([ 1.,  1.,  1.]), lineColorSpace='rgb', lineRGB=array([ 1.,  1.,  1.]), lineWidth=0, name='node1', opacity=1.0, ori=array(0.0), pos=array([ 0.,  0.]), size=array([ 100.,  100.]), units='pix', vertices=ndarray(...), win=Window(...))
8.0163 	EXP 	Created node2 = Polygon(autoDraw=False, autoLog=True, closeShape=True, contrast=1.0, depth=-5.0, fillColor=array([ 1.,  1.,  1.]), fillColorSpace='rgb', fillRGB=array([ 1.,  1.,  1.]), interpolate=True, lineColor=array([ 1.,  1.,  1.]), lineColorSpace='rgb', lineRGB=array([ 1.,  1.,  1.]), lineWidth=0, name='node2', opacity=1.0, ori=array(0.0), pos=array([ 0.,  0.]), size=array([ 100.,  100.]), units='pix', vertices=ndarray(...), win=Window(...))
8.0223 	EXP 	Created node3 = Polygon(autoDraw=False, autoLog=True, closeShape=True, contrast=1.0, depth=-6.0, fillColor=array([ 1.,  1.,  1.]), fillColorSpace='rgb', fillRGB=array([ 1.,  1.,  1.]), interpolate=True, lineColor=array([ 1.,  1.,  1.]), lineColorSpace='rgb', lineRGB=array([ 1.,  1.,  1.]), lineWidth=0, name='node3', opacity=1.0, ori=array(0.0), pos=array([ 0.,  0.]), size=array([ 100.,  100.]), units='pix', vertices=ndarray(...), win=Window(...))
8.0285 	EXP 	Created node4 = Polygon(autoDraw=False, autoLog=True, closeShape=True, contrast=1.0, depth=-7.0, fillColor=array([ 1.,  1.,  1.]), fillColorSpace='rgb', fillRGB=array([ 1.,  1.,  1.]), interpolate=True, lineColor=array([ 1.,  1.,  1.]), lineColorSpace='rgb', lineRGB=array([ 1.,  1.,  1.]), lineWidth=0, name='node4', opacity=1.0, ori=array(0.0), pos=array([ 0.,  0.]), size=array([ 100.,  100.]), units='pix', vertices=ndarray(...), win=Window(...))
8.0346 	EXP 	Created node5 = Polygon(autoDraw=False, autoLog=True, closeShape=True, contrast=1.0, depth=-8.0, fillColor=array([ 1.,  1.,  1.]), fillColorSpace='rgb', fillRGB=array([ 1.,  1.,  1.]), interpolate=True, lineColor=array([ 1.,  1.,  1.]), lineColorSpace='rgb', lineRGB=array([ 1.,  1.,  1.]), lineWidth=0, name='node5', opacity=1.0, ori=array(0.0), pos=array([ 0.,  0.]), size=array([ 100.,  100.]), units='pix', vertices=ndarray(...), win=Window(...))
8.0466 	EXP 	Created robotF = ImageStim(autoLog=True, color=array([ 1.,  1.,  1.]), colorSpace='rgb', contrast=1.0, depth=-9.0, flipHoriz=False, flipVert=False, image='robot1.png', interpolate=True, mask=None, maskParams=None, name='robotF', opacity=1.0, ori=0.0, pos=array([ 0.,  0.]), size=array([ 100.,  100.]), texRes=128, units='pix', win=Window(...))
8.0523 	EXP 	Created select1 = Polygon(autoDraw=False, autoLog=True, closeShape=True, contrast=1.0, depth=-10.0, fillColor='red', fillColorSpace='named', fillRGB=array([ 255.,    0.,    0.]), interpolate=True, lineColor=array([ 1.,  1.,  1.]), lineColorSpace='rgb', lineRGB=array([ 1.,  1.,  1.]), lineWidth=0, name='select1', opacity=1.0, ori=array(0.0), pos=array([-630.,    0.]), size=array([ 100.,  100.]), units='pix', vertices=ndarray(...), win=Window(...))
8.0581 	EXP 	Created select2 = Polygon(autoDraw=False, autoLog=True, closeShape=True, contrast=1.0, depth=-11.0, fillColor='blue', fillColorSpace='named', fillRGB=array([   0.,    0.,  255.]), interpolate=True, lineColor=array([ 1.,  1.,  1.]), lineColorSpace='rgb', lineRGB=array([ 1.,  1.,  1.]), lineWidth=0, name='select2', opacity=1.0, ori=array(0.0), pos=array([-630., -120.]), size=array([ 100.,  100.]), units='pix', vertices=ndarray(...), win=Window(...))
8.0638 	EXP 	Created select3 = Polygon(autoDraw=False, autoLog=True, closeShape=True, contrast=1.0, depth=-12.0, fillColor='yellow', fillColorSpace='named', fillRGB=array([ 255.,  255.,    0.]), interpolate=True, lineColor=array([ 1.,  1.,  1.]), lineColorSpace='rgb', lineRGB=array([ 1.,  1.,  1.]), lineWidth=0, name='select3', opacity=1.0, ori=array(0.0), pos=array([-630., -240.]), size=array([ 100.,  100.]), units='pix', vertices=ndarray(...), win=Window(...))
8.0694 	EXP 	Created select4 = Polygon(autoDraw=False, autoLog=True, closeShape=True, contrast=1.0, depth=-13.0, fillColor='green', fillColorSpace='named', fillRGB=array([   0.,  128.,    0.]), interpolate=True, lineColor=array([ 1.,  1.,  1.]), lineColorSpace='rgb', lineRGB=array([ 1.,  1.,  1.]), lineWidth=0, name='select4', opacity=1.0, ori=array(0.0), pos=array([-630., -360.]), size=array([ 100.,  100.]), units='pix', vertices=ndarray(...), win=Window(...))
8.0942 	EXP 	Created selection = ImageStim(autoLog=True, color=array([ 1.,  1.,  1.]), colorSpace='rgb', contrast=1.0, depth=-14.0, flipHoriz=False, flipVert=False, image='lettera.png', interpolate=True, mask=None, maskParams=None, name='selection', opacity=1.0, ori=0.0, pos=array([ 0.,  0.]), size=array([ 400.,  200.]), texRes=128, units='pix', win=Window(...))
8.1207 	EXP 	Created master = ImageStim(autoLog=True, color=array([ 1.,  1.,  1.]), colorSpace='rgb', contrast=1.0, depth=-15.0, flipHoriz=False, flipVert=False, image='mastershapes.png', interpolate=True, mask=None, maskParams=None, name='master', opacity=1.0, ori=0.0, pos=array([-510.,   90.]), size=array([ 500.,  400.]), texRes=128, units='pix', win=Window(...))
8.1600 	EXP 	Created sel = TextStim(alignHoriz='center', alignVert='center', antialias=True, autoLog=True, bold=False, color='black', colorSpace='named', contrast=1.0, depth=-16.0, flipHoriz=False, flipVert=False, font='Arial', fontFiles=[], height=30, italic=False, name='sel', opacity=1.0, ori=0, pos=array([-450.,  300.]), rgb=array([ 0.,  0.,  0.]), text=unicode(...), units='pix', win=Window(...), wrapWidth=500)
8.1716 	EXP 	Created Evaluation = TextStim(alignHoriz='center', alignVert='center', antialias=True, autoLog=True, bold=False, color='white', colorSpace='named', contrast=1.0, depth=-1.0, flipHoriz=False, flipVert=False, font='Arial', fontFiles=[], height=30, italic=False, name='Evaluation', opacity=1.0, ori=0, pos=array([   0.,  300.]), rgb=array([ 255.,  255.,  255.]), text=u'Is this pathway correct? \n', units='pix', win=Window(...), wrapWidth=500)
8.1770 	EXP 	Created polygon = Polygon(autoDraw=False, autoLog=True, closeShape=True, contrast=1.0, depth=-2.0, fillColor='red', fillColorSpace='named', fillRGB=array([ 255.,    0.,    0.]), interpolate=True, lineColor='red', lineColorSpace='named', lineRGB=array([ 255.,    0.,    0.]), lineWidth=1, name='polygon', opacity=1.0, ori=array(0.0), pos=array([ 250.,    0.]), size=array([ 100.,  100.]), units='pix', vertices=ndarray(...), win=Window(...))
8.1824 	EXP 	Created polygon_2 = Polygon(autoDraw=False, autoLog=True, closeShape=True, contrast=1.0, depth=-3.0, fillColor='green', fillColorSpace='named', fillRGB=array([   0.,  128.,    0.]), interpolate=True, lineColor='green', lineColorSpace='named', lineRGB=array([   0.,  128.,    0.]), lineWidth=1, name='polygon_2', opacity=1.0, ori=array(0.0), pos=array([ 365., -115.]), size=array([ 100.,  100.]), units='pix', vertices=ndarray(...), win=Window(...))
8.1875 	EXP 	Created polygon_3 = Polygon(autoDraw=False, autoLog=True, closeShape=True, contrast=1.0, depth=-4.0, fillColor='blue', fillColorSpace='named', fillRGB=array([   0.,    0.,  255.]), interpolate=True, lineColor='blue', lineColorSpace='named', lineRGB=array([   0.,    0.,  255.]), lineWidth=1, name='polygon_3', opacity=1.0, ori=array(0.0), pos=array([ 135., -115.]), size=array([ 100.,  100.]), units='pix', vertices=ndarray(...), win=Window(...))
8.1928 	EXP 	Created polygon_4 = Polygon(autoDraw=False, autoLog=True, closeShape=True, contrast=1.0, depth=-5.0, fillColor='blue', fillColorSpace='named', fillRGB=array([   0.,    0.,  255.]), interpolate=True, lineColor='blue', lineColorSpace='named', lineRGB=array([   0.,    0.,  255.]), lineWidth=1, name='polygon_4', opacity=1.0, ori=array(0.0), pos=array([ 250., -115.]), size=array([ 100.,  100.]), units='pix', vertices=ndarray(...), win=Window(...))
8.2036 	EXP 	Created choice = TextStim(alignHoriz='center', alignVert='center', antialias=True, autoLog=True, bold=False, color='white', colorSpace='named', contrast=1.0, depth=-6.0, flipHoriz=False, flipVert=False, font='Arial', fontFiles=[], height=50, italic=False, name='choice', opacity=1.0, ori=0, pos=array([   0., -300.]), rgb=array([ 255.,  255.,  255.]), text=u"Press 'y' for Yes  \nPress 'n' for No", units='pix', win=Window(...), wrapWidth=500)
8.2156 	EXP 	Created thankyou = TextStim(alignHoriz='center', alignVert='center', antialias=True, autoLog=True, bold=False, color='white', colorSpace='named', contrast=1.0, depth=0.0, flipHoriz=False, flipVert=False, font='Arial', fontFiles=[], height=50, italic=False, name='thankyou', opacity=1.0, ori=0, pos=array([ 0.,  0.]), rgb=array([ 255.,  255.,  255.]), text=unicode(...), units='pix', win=Window(...), wrapWidth=500)
8.2352 	EXP 	instruct: pos = array([   0.,  100.])
8.2352 	EXP 	welcome: autoDraw = True
11.2358 	EXP 	welcome: autoDraw = False
11.2358 	EXP 	instruct: autoDraw = True
14.2361 	EXP 	image: autoDraw = True
16.2363 	EXP 	instruct: autoDraw = False
17.2528 	EXP 	welcome: autoDraw = False
17.2528 	EXP 	instruct: autoDraw = False
17.2528 	EXP 	image: autoDraw = False
17.2528 	EXP 	text_2: pos = array([-300.,  300.])
17.2528 	EXP 	nod1: fillColor = 'red (named)'
17.2528 	EXP 	nod1: pos = array([ 20.,   0.])
17.2528 	EXP 	nod2: fillColor = 'yellow (named)'
17.2528 	EXP 	nod2: pos = array([  20.,  115.])
17.2528 	EXP 	nod2: lineColor = 'yellow (named)'
17.2528 	EXP 	nod3: fillColor = 'blue (named)'
17.2528 	EXP 	nod3: lineColor = 'blue (named)'
17.2528 	EXP 	nod4: fillColor = 'blue (named)'
17.2528 	EXP 	nod4: lineColor = 'blue (named)'
17.2528 	EXP 	rob1: ori = 0.0
17.2528 	EXP 	rob2: image = 'robot1.png'
17.2528 	EXP 	sh1: size = array([  40.,  110.])
17.2528 	EXP 	text_2: autoDraw = True
17.2528 	EXP 	nod1: autoDraw = True
17.2528 	EXP 	nod2: autoDraw = True
17.2528 	EXP 	nod3: autoDraw = True
17.2528 	EXP 	nod4: autoDraw = True
17.2528 	EXP 	rob1: autoDraw = True
17.2528 	EXP 	rob2: autoDraw = True
18.1318 	DATA 	Keypress: escape
