6.9049 	EXP 	Created window1 = Window(allowGUI=False, allowStencil=False, autoLog=True, bitsMode=UNKNOWN, blendMode='avg', color='black', colorSpace='named', fullscr=UNKNOWN, gamma=None, lms=UNKNOWN, monitor=<psychopy.monitors.calibTools.Monitor object at 0x112ca3790>, name='window1', pos=[0, 0], screen=0, size=array([1440,  900]), stereo=False, units='pix', useFBO=True, useRetina=False, viewOri=0.0, viewPos=None, viewScale=None, waitBlanking=True, winType='pyglet')
6.9050 	EXP 	window1: recordFrameIntervals = False
7.0699 	EXP 	window1: recordFrameIntervals = True
7.2542 	EXP 	window1: recordFrameIntervals = False
7.4125 	EXP 	Created welcome = TextStim(alignHoriz='center', alignVert='center', antialias=True, autoLog=True, bold=False, color='white', colorSpace='named', contrast=1.0, depth=-1.0, flipHoriz=False, flipVert=False, font='Arial', fontFiles=[], height=100, italic=False, name='welcome', opacity=1.0, ori=0, pos=array([ 0.,  0.]), rgb=array([ 255.,  255.,  255.]), text=u'Welcome!', units='pix', win=Window(...), wrapWidth=500)
7.4432 	EXP 	Created instruct = TextStim(alignHoriz='center', alignVert='center', antialias=True, autoLog=True, bold=False, color='white', colorSpace='named', contrast=1.0, depth=-2.0, flipHoriz=False, flipVert=False, font='Arial', fontFiles=[], height=50, italic=False, name='instruct', opacity=1.0, ori=0, pos=array([ 0.,  0.]), rgb=array([ 255.,  255.,  255.]), text=unicode(...), units='pix', win=Window(...), wrapWidth=500)
7.5406 	EXP 	Created rob0 = ImageStim(autoLog=True, color=array([ 1.,  1.,  1.]), colorSpace='rgb', contrast=1.0, depth=-3.0, flipHoriz=False, flipVert=False, image='robot1.png', interpolate=True, mask=None, maskParams=None, name='rob0', opacity=1.0, ori=0.0, pos=array([-250., -100.]), size=array([ 200.,  200.]), texRes=128, units='pix', win=Window(...))
7.5552 	EXP 	Created robb = ImageStim(autoLog=True, color=array([ 1.,  1.,  1.]), colorSpace='rgb', contrast=1.0, depth=-4.0, flipHoriz=False, flipVert=False, image='robot1.png', interpolate=True, mask=None, maskParams=None, name='robb', opacity=1.0, ori=0.0, pos=array([ 250., -100.]), size=array([ 200.,  200.]), texRes=128, units='pix', win=Window(...))
7.5757 	EXP 	Created na = Polygon(autoDraw=False, autoLog=True, closeShape=True, contrast=1.0, depth=-5.0, fillColor='blue', fillColorSpace='named', fillRGB=array([   0.,    0.,  255.]), interpolate=True, lineColor='blue', lineColorSpace='named', lineRGB=array([   0.,    0.,  255.]), lineWidth=1, name='na', opacity=1.0, ori=array(0.0), pos=array([ 0.,  0.]), size=array([ 1.,  1.]), units='pix', vertices=ndarray(...), win=Window(...))
7.5810 	EXP 	Created nb = Polygon(autoDraw=False, autoLog=True, closeShape=True, contrast=1.0, depth=-6.0, fillColor='blue', fillColorSpace='named', fillRGB=array([   0.,    0.,  255.]), interpolate=True, lineColor='blue', lineColorSpace='named', lineRGB=array([   0.,    0.,  255.]), lineWidth=1, name='nb', opacity=1.0, ori=array(0.0), pos=array([ 0.,  0.]), size=array([ 1.,  1.]), units='pix', vertices=ndarray(...), win=Window(...))
7.5871 	EXP 	Created nc = Polygon(autoDraw=False, autoLog=True, closeShape=True, contrast=1.0, depth=-7.0, fillColor='blue', fillColorSpace='named', fillRGB=array([   0.,    0.,  255.]), interpolate=True, lineColor='blue', lineColorSpace='named', lineRGB=array([   0.,    0.,  255.]), lineWidth=1, name='nc', opacity=1.0, ori=array(0.0), pos=array([ 0.,  0.]), size=array([ 1.,  1.]), units='pix', vertices=ndarray(...), win=Window(...))
7.5892 	EXP 	<method-wrapper '__getattribute__' of attributeSetter object at 0x10e73fd50>: vertices = array([[-55.,  20.],
       [ 55.,  20.],
       [ 55., -20.],
       [-55., -20.]])
7.5907 	EXP 	Created s1 = Rect(autoDraw=False, autoLog=True, closeShape=True, contrast=1.0, depth=-8.0, fillColor='black', fillColorSpace='named', fillRGB=array([ 0.,  0.,  0.]), interpolate=True, lineColor='black', lineColorSpace='named', lineRGB=array([ 0.,  0.,  0.]), lineWidth=1, name='s1', opacity=1.0, ori=array(0.0), pos=array([-110., -100.]), size=array([ 1.,  1.]), units='pix', vertices=ndarray(...), win=Window(...))
7.5912 	EXP 	<method-wrapper '__getattribute__' of attributeSetter object at 0x10e73fd50>: vertices = array([[-55.,  20.],
       [ 55.,  20.],
       [ 55., -20.],
       [-55., -20.]])
7.5927 	EXP 	Created s2 = Rect(autoDraw=False, autoLog=True, closeShape=True, contrast=1.0, depth=-9.0, fillColor='black', fillColorSpace='named', fillRGB=array([ 0.,  0.,  0.]), interpolate=True, lineColor='black', lineColorSpace='named', lineRGB=array([ 0.,  0.,  0.]), lineWidth=1, name='s2', opacity=1.0, ori=array(0.0), pos=array([   0., -100.]), size=array([ 1.,  1.]), units='pix', vertices=ndarray(...), win=Window(...))
7.5931 	EXP 	<method-wrapper '__getattribute__' of attributeSetter object at 0x10e73fd50>: vertices = array([[-55.,  20.],
       [ 55.,  20.],
       [ 55., -20.],
       [-55., -20.]])
7.5944 	EXP 	Created s3 = Rect(autoDraw=False, autoLog=True, closeShape=True, contrast=1.0, depth=-10.0, fillColor='black', fillColorSpace='named', fillRGB=array([ 0.,  0.,  0.]), interpolate=True, lineColor='black', lineColorSpace='named', lineRGB=array([ 0.,  0.,  0.]), lineWidth=1, name='s3', opacity=1.0, ori=array(0.0), pos=array([ 110., -100.]), size=array([ 1.,  1.]), units='pix', vertices=ndarray(...), win=Window(...))
8.0233 	EXP 	Created heart = ImageStim(autoLog=True, color=array([ 1.,  1.,  1.]), colorSpace='rgb', contrast=1.0, depth=-11.0, flipHoriz=False, flipVert=False, image='heart.png', interpolate=True, mask=None, maskParams=None, name='heart', opacity=1.0, ori=0.0, pos=array([   0., -100.]), size=array([ 1.,  1.]), texRes=128, units='pix', win=Window(...))
8.0913 	EXP 	Created text_2 = TextStim(alignHoriz='center', alignVert='center', antialias=True, autoLog=True, bold=False, color='white', colorSpace='named', contrast=1.0, depth=-1.0, flipHoriz=False, flipVert=False, font='Arial', fontFiles=[], height=40, italic=False, name='text_2', opacity=1.0, ori=0, pos=array([ 0.,  0.]), rgb=array([ 255.,  255.,  255.]), text=u"Let's take an example", units='pix', win=Window(...), wrapWidth=500)
8.0971 	EXP 	Created nod1 = Polygon(autoDraw=False, autoLog=True, closeShape=True, contrast=1.0, depth=-2.0, fillColor=array([ 1.,  1.,  1.]), fillColorSpace='rgb', fillRGB=array([ 1.,  1.,  1.]), interpolate=True, lineColor='red', lineColorSpace='named', lineRGB=array([ 255.,    0.,    0.]), lineWidth=1, name='nod1', opacity=1.0, ori=array(0.0), pos=array([ 0.,  0.]), size=array([ 100.,  100.]), units='pix', vertices=ndarray(...), win=Window(...))
8.1052 	EXP 	Created nod2 = Polygon(autoDraw=False, autoLog=True, closeShape=True, contrast=1.0, depth=-3.0, fillColor=array([ 1.,  1.,  1.]), fillColorSpace='rgb', fillRGB=array([ 1.,  1.,  1.]), interpolate=True, lineColor=array([ 1.,  1.,  1.]), lineColorSpace='rgb', lineRGB=array([ 1.,  1.,  1.]), lineWidth=1, name='nod2', opacity=1.0, ori=array(0.0), pos=array([ 0.,  0.]), size=array([ 100.,  100.]), units='pix', vertices=ndarray(...), win=Window(...))
8.1115 	EXP 	Created nod3 = Polygon(autoDraw=False, autoLog=True, closeShape=True, contrast=1.0, depth=-4.0, fillColor=array([ 1.,  1.,  1.]), fillColorSpace='rgb', fillRGB=array([ 1.,  1.,  1.]), interpolate=True, lineColor=array([ 1.,  1.,  1.]), lineColorSpace='rgb', lineRGB=array([ 1.,  1.,  1.]), lineWidth=1, name='nod3', opacity=1.0, ori=array(0.0), pos=array([ 135.,  115.]), size=array([ 100.,  100.]), units='pix', vertices=ndarray(...), win=Window(...))
8.1176 	EXP 	Created nod4 = Polygon(autoDraw=False, autoLog=True, closeShape=True, contrast=1.0, depth=-5.0, fillColor=array([ 1.,  1.,  1.]), fillColorSpace='rgb', fillRGB=array([ 1.,  1.,  1.]), interpolate=True, lineColor=array([ 1.,  1.,  1.]), lineColorSpace='rgb', lineRGB=array([ 1.,  1.,  1.]), lineWidth=1, name='nod4', opacity=1.0, ori=array(0.0), pos=array([ 250.,  115.]), size=array([ 100.,  100.]), units='pix', vertices=ndarray(...), win=Window(...))
8.1364 	EXP 	Created rob1 = ImageStim(autoLog=True, color=array([ 1.,  1.,  1.]), colorSpace='rgb', contrast=1.0, depth=-6.0, flipHoriz=False, flipVert=False, image='robot1.png', interpolate=True, mask=None, maskParams=None, name='rob1', opacity=1.0, ori=1.0, pos=array([  20., -115.]), size=array([ 100.,  100.]), texRes=128, units='pix', win=Window(...))
8.1403 	EXP 	Created rob2 = ImageStim(autoLog=True, color=array([ 1.,  1.,  1.]), colorSpace='rgb', contrast=1.0, depth=-7.0, flipHoriz=False, flipVert=False, image='sin', interpolate=True, mask=None, maskParams=None, name='rob2', opacity=1.0, ori=0.0, pos=array([ 365.,  115.]), size=array([ 100.,  100.]), texRes=128, units='pix', win=Window(...))
8.1407 	EXP 	<method-wrapper '__getattribute__' of attributeSetter object at 0x10e73fd50>: vertices = array([[-0.5,  0.5],
       [ 0.5,  0.5],
       [ 0.5, -0.5],
       [-0.5, -0.5]])
8.1420 	EXP 	Created sh1 = Rect(autoDraw=False, autoLog=True, closeShape=True, contrast=1.0, depth=-9.0, fillColor='black', fillColorSpace='named', fillRGB=array([ 0.,  0.,  0.]), interpolate=True, lineColor='black', lineColorSpace='named', lineRGB=array([ 0.,  0.,  0.]), lineWidth=1, name='sh1', opacity=1.0, ori=array(0.0), pos=array([ 20.,   0.]), size=array([ 1.,  1.]), units='pix', vertices=ndarray(...), win=Window(...))
8.1424 	EXP 	<method-wrapper '__getattribute__' of attributeSetter object at 0x10e73fd50>: vertices = array([[-30.,  20.],
       [ 30.,  20.],
       [ 30., -20.],
       [-30., -20.]])
8.1438 	EXP 	Created sh2a = Rect(autoDraw=False, autoLog=True, closeShape=True, contrast=1.0, depth=-10.0, fillColor='black', fillColorSpace='named', fillRGB=array([ 0.,  0.,  0.]), interpolate=True, lineColor='black', lineColorSpace='named', lineRGB=array([ 0.,  0.,  0.]), lineWidth=1, name='sh2a', opacity=1.0, ori=array(0.0), pos=array([  50.,  113.]), size=array([ 1.,  1.]), units='pix', vertices=ndarray(...), win=Window(...))
8.1441 	EXP 	<method-wrapper '__getattribute__' of attributeSetter object at 0x10e73fd50>: vertices = array([[-20.,  40.],
       [ 20.,  40.],
       [ 20., -40.],
       [-20., -40.]])
8.1456 	EXP 	Created sh2b = Rect(autoDraw=False, autoLog=True, closeShape=True, contrast=1.0, depth=-11.0, fillColor='black', fillColorSpace='named', fillRGB=array([ 0.,  0.,  0.]), interpolate=True, lineColor='black', lineColorSpace='named', lineRGB=array([ 0.,  0.,  0.]), lineWidth=1, name='sh2b', opacity=1.0, ori=array(0.0), pos=array([ 22.,  93.]), size=array([ 1.,  1.]), units='pix', vertices=ndarray(...), win=Window(...))
8.1460 	EXP 	<method-wrapper '__getattribute__' of attributeSetter object at 0x10e73fd50>: vertices = array([[-55.,  20.],
       [ 55.,  20.],
       [ 55., -20.],
       [-55., -20.]])
8.1474 	EXP 	Created sh3 = Rect(autoDraw=False, autoLog=True, closeShape=True, contrast=1.0, depth=-12.0, fillColor='black', fillColorSpace='named', fillRGB=array([ 0.,  0.,  0.]), interpolate=True, lineColor='black', lineColorSpace='named', lineRGB=array([ 0.,  0.,  0.]), lineWidth=1, name='sh3', opacity=1.0, ori=array(0.0), pos=array([ 135.,  115.]), size=array([ 1.,  1.]), units='pix', vertices=ndarray(...), win=Window(...))
8.1478 	EXP 	<method-wrapper '__getattribute__' of attributeSetter object at 0x10e73fd50>: vertices = array([[-55.,  20.],
       [ 55.,  20.],
       [ 55., -20.],
       [-55., -20.]])
8.1506 	EXP 	Created sh4 = Rect(autoDraw=False, autoLog=True, closeShape=True, contrast=1.0, depth=-13.0, fillColor='black', fillColorSpace='named', fillRGB=array([ 0.,  0.,  0.]), interpolate=True, lineColor='black', lineColorSpace='named', lineRGB=array([ 0.,  0.,  0.]), lineWidth=1, name='sh4', opacity=1.0, ori=array(0.0), pos=array([ 250.,  115.]), size=array([ 1.,  1.]), units='pix', vertices=ndarray(...), win=Window(...))
8.1710 	EXP 	Created star = TextStim(alignHoriz='center', alignVert='center', antialias=True, autoLog=True, bold=False, color='white', colorSpace='named', contrast=1.0, depth=0.0, flipHoriz=False, flipVert=False, font='Arial', fontFiles=[], height=50, italic=False, name='star', opacity=1.0, ori=0, pos=array([ 0.,  0.]), rgb=array([ 255.,  255.,  255.]), text=unicode(...), units='pix', win=Window(...), wrapWidth=500)
8.1714 	EXP 	<method-wrapper '__getattribute__' of attributeSetter object at 0x10e73fd50>: vertices = array([[-400.,  450.],
       [ 400.,  450.],
       [ 400., -450.],
       [-400., -450.]])
8.1738 	EXP 	Created whitebackground = Rect(autoDraw=False, autoLog=True, closeShape=True, contrast=1.0, depth=-2.0, fillColor=array([ 1.,  1.,  1.]), fillColorSpace='rgb', fillRGB=array([ 1.,  1.,  1.]), interpolate=True, lineColor=array([ 1.,  1.,  1.]), lineColorSpace='rgb', lineRGB=array([ 1.,  1.,  1.]), lineWidth=0, name='whitebackground', opacity=1.0, ori=array(0.0), pos=array([-560.,    0.]), size=array([ 1.,  1.]), units='pix', vertices=ndarray(...), win=Window(...))
8.1861 	EXP 	Created robotS = ImageStim(autoLog=True, color=array([ 1.,  1.,  1.]), colorSpace='rgb', contrast=1.0, depth=-3.0, flipHoriz=False, flipVert=False, image='robot1.png', interpolate=True, mask=None, maskParams=None, name='robotS', opacity=1.0, ori=0.0, pos=array([ 0.,  0.]), size=array([ 100.,  100.]), texRes=128, units='pix', win=Window(...))
8.1937 	EXP 	Created node1 = Polygon(autoDraw=False, autoLog=True, closeShape=True, contrast=1.0, depth=-4.0, fillColor=array([ 1.,  1.,  1.]), fillColorSpace='rgb', fillRGB=array([ 1.,  1.,  1.]), interpolate=True, lineColor=array([ 1.,  1.,  1.]), lineColorSpace='rgb', lineRGB=array([ 1.,  1.,  1.]), lineWidth=0, name='node1', opacity=1.0, ori=array(0.0), pos=array([ 0.,  0.]), size=array([ 100.,  100.]), units='pix', vertices=ndarray(...), win=Window(...))
8.1998 	EXP 	Created node2 = Polygon(autoDraw=False, autoLog=True, closeShape=True, contrast=1.0, depth=-5.0, fillColor=array([ 1.,  1.,  1.]), fillColorSpace='rgb', fillRGB=array([ 1.,  1.,  1.]), interpolate=True, lineColor=array([ 1.,  1.,  1.]), lineColorSpace='rgb', lineRGB=array([ 1.,  1.,  1.]), lineWidth=0, name='node2', opacity=1.0, ori=array(0.0), pos=array([ 0.,  0.]), size=array([ 100.,  100.]), units='pix', vertices=ndarray(...), win=Window(...))
8.2059 	EXP 	Created node3 = Polygon(autoDraw=False, autoLog=True, closeShape=True, contrast=1.0, depth=-6.0, fillColor=array([ 1.,  1.,  1.]), fillColorSpace='rgb', fillRGB=array([ 1.,  1.,  1.]), interpolate=True, lineColor=array([ 1.,  1.,  1.]), lineColorSpace='rgb', lineRGB=array([ 1.,  1.,  1.]), lineWidth=0, name='node3', opacity=1.0, ori=array(0.0), pos=array([ 0.,  0.]), size=array([ 100.,  100.]), units='pix', vertices=ndarray(...), win=Window(...))
8.2119 	EXP 	Created node4 = Polygon(autoDraw=False, autoLog=True, closeShape=True, contrast=1.0, depth=-7.0, fillColor=array([ 1.,  1.,  1.]), fillColorSpace='rgb', fillRGB=array([ 1.,  1.,  1.]), interpolate=True, lineColor=array([ 1.,  1.,  1.]), lineColorSpace='rgb', lineRGB=array([ 1.,  1.,  1.]), lineWidth=0, name='node4', opacity=1.0, ori=array(0.0), pos=array([ 0.,  0.]), size=array([ 100.,  100.]), units='pix', vertices=ndarray(...), win=Window(...))
8.2183 	EXP 	Created node5 = Polygon(autoDraw=False, autoLog=True, closeShape=True, contrast=1.0, depth=-8.0, fillColor=array([ 1.,  1.,  1.]), fillColorSpace='rgb', fillRGB=array([ 1.,  1.,  1.]), interpolate=True, lineColor=array([ 1.,  1.,  1.]), lineColorSpace='rgb', lineRGB=array([ 1.,  1.,  1.]), lineWidth=0, name='node5', opacity=1.0, ori=array(0.0), pos=array([ 0.,  0.]), size=array([ 100.,  100.]), units='pix', vertices=ndarray(...), win=Window(...))
8.2308 	EXP 	Created robotF = ImageStim(autoLog=True, color=array([ 1.,  1.,  1.]), colorSpace='rgb', contrast=1.0, depth=-9.0, flipHoriz=False, flipVert=False, image='robot1.png', interpolate=True, mask=None, maskParams=None, name='robotF', opacity=1.0, ori=0.0, pos=array([ 0.,  0.]), size=array([ 100.,  100.]), texRes=128, units='pix', win=Window(...))
8.2366 	EXP 	Created select1 = Polygon(autoDraw=False, autoLog=True, closeShape=True, contrast=1.0, depth=-10.0, fillColor='red', fillColorSpace='named', fillRGB=array([ 255.,    0.,    0.]), interpolate=True, lineColor=array([ 1.,  1.,  1.]), lineColorSpace='rgb', lineRGB=array([ 1.,  1.,  1.]), lineWidth=0, name='select1', opacity=1.0, ori=array(0.0), pos=array([-630.,    0.]), size=array([ 100.,  100.]), units='pix', vertices=ndarray(...), win=Window(...))
8.2423 	EXP 	Created select2 = Polygon(autoDraw=False, autoLog=True, closeShape=True, contrast=1.0, depth=-11.0, fillColor='blue', fillColorSpace='named', fillRGB=array([   0.,    0.,  255.]), interpolate=True, lineColor=array([ 1.,  1.,  1.]), lineColorSpace='rgb', lineRGB=array([ 1.,  1.,  1.]), lineWidth=0, name='select2', opacity=1.0, ori=array(0.0), pos=array([-630., -120.]), size=array([ 100.,  100.]), units='pix', vertices=ndarray(...), win=Window(...))
8.2495 	EXP 	Created select3 = Polygon(autoDraw=False, autoLog=True, closeShape=True, contrast=1.0, depth=-12.0, fillColor='yellow', fillColorSpace='named', fillRGB=array([ 255.,  255.,    0.]), interpolate=True, lineColor=array([ 1.,  1.,  1.]), lineColorSpace='rgb', lineRGB=array([ 1.,  1.,  1.]), lineWidth=0, name='select3', opacity=1.0, ori=array(0.0), pos=array([-630., -240.]), size=array([ 100.,  100.]), units='pix', vertices=ndarray(...), win=Window(...))
8.2553 	EXP 	Created select4 = Polygon(autoDraw=False, autoLog=True, closeShape=True, contrast=1.0, depth=-13.0, fillColor='green', fillColorSpace='named', fillRGB=array([   0.,  128.,    0.]), interpolate=True, lineColor=array([ 1.,  1.,  1.]), lineColorSpace='rgb', lineRGB=array([ 1.,  1.,  1.]), lineWidth=0, name='select4', opacity=1.0, ori=array(0.0), pos=array([-630., -360.]), size=array([ 100.,  100.]), units='pix', vertices=ndarray(...), win=Window(...))
8.2782 	EXP 	Created selection = ImageStim(autoLog=True, color=array([ 1.,  1.,  1.]), colorSpace='rgb', contrast=1.0, depth=-14.0, flipHoriz=False, flipVert=False, image='lettera.png', interpolate=True, mask=None, maskParams=None, name='selection', opacity=1.0, ori=0.0, pos=array([ 0.,  0.]), size=array([ 400.,  200.]), texRes=128, units='pix', win=Window(...))
8.3124 	EXP 	Created master = ImageStim(autoLog=True, color=array([ 1.,  1.,  1.]), colorSpace='rgb', contrast=1.0, depth=-15.0, flipHoriz=False, flipVert=False, image='mastershapes.png', interpolate=True, mask=None, maskParams=None, name='master', opacity=1.0, ori=0.0, pos=array([-510.,   90.]), size=array([ 500.,  400.]), texRes=128, units='pix', win=Window(...))
8.3586 	EXP 	Created sel = TextStim(alignHoriz='center', alignVert='center', antialias=True, autoLog=True, bold=False, color='black', colorSpace='named', contrast=1.0, depth=-16.0, flipHoriz=False, flipVert=False, font='Arial', fontFiles=[], height=30, italic=False, name='sel', opacity=1.0, ori=0, pos=array([-450.,  300.]), rgb=array([ 0.,  0.,  0.]), text=unicode(...), units='pix', win=Window(...), wrapWidth=500)
8.3666 	EXP 	Created Evaluation = TextStim(alignHoriz='center', alignVert='center', antialias=True, autoLog=True, bold=False, color='white', colorSpace='named', contrast=1.0, depth=-1.0, flipHoriz=False, flipVert=False, font='Arial', fontFiles=[], height=30, italic=False, name='Evaluation', opacity=1.0, ori=0, pos=array([   0.,  300.]), rgb=array([ 255.,  255.,  255.]), text=u'Is this pathway correct? \n', units='pix', win=Window(...), wrapWidth=500)
8.3734 	EXP 	Created polygon = Polygon(autoDraw=False, autoLog=True, closeShape=True, contrast=1.0, depth=-2.0, fillColor='red', fillColorSpace='named', fillRGB=array([ 255.,    0.,    0.]), interpolate=True, lineColor='red', lineColorSpace='named', lineRGB=array([ 255.,    0.,    0.]), lineWidth=1, name='polygon', opacity=1.0, ori=array(0.0), pos=array([ 250.,    0.]), size=array([ 100.,  100.]), units='pix', vertices=ndarray(...), win=Window(...))
8.3788 	EXP 	Created polygon_2 = Polygon(autoDraw=False, autoLog=True, closeShape=True, contrast=1.0, depth=-3.0, fillColor='green', fillColorSpace='named', fillRGB=array([   0.,  128.,    0.]), interpolate=True, lineColor='green', lineColorSpace='named', lineRGB=array([   0.,  128.,    0.]), lineWidth=1, name='polygon_2', opacity=1.0, ori=array(0.0), pos=array([ 365., -115.]), size=array([ 100.,  100.]), units='pix', vertices=ndarray(...), win=Window(...))
8.3840 	EXP 	Created polygon_3 = Polygon(autoDraw=False, autoLog=True, closeShape=True, contrast=1.0, depth=-4.0, fillColor='blue', fillColorSpace='named', fillRGB=array([   0.,    0.,  255.]), interpolate=True, lineColor='blue', lineColorSpace='named', lineRGB=array([   0.,    0.,  255.]), lineWidth=1, name='polygon_3', opacity=1.0, ori=array(0.0), pos=array([ 135., -115.]), size=array([ 100.,  100.]), units='pix', vertices=ndarray(...), win=Window(...))
8.3895 	EXP 	Created polygon_4 = Polygon(autoDraw=False, autoLog=True, closeShape=True, contrast=1.0, depth=-5.0, fillColor='blue', fillColorSpace='named', fillRGB=array([   0.,    0.,  255.]), interpolate=True, lineColor='blue', lineColorSpace='named', lineRGB=array([   0.,    0.,  255.]), lineWidth=1, name='polygon_4', opacity=1.0, ori=array(0.0), pos=array([ 250., -115.]), size=array([ 100.,  100.]), units='pix', vertices=ndarray(...), win=Window(...))
8.4009 	EXP 	Created choice = TextStim(alignHoriz='center', alignVert='center', antialias=True, autoLog=True, bold=False, color='white', colorSpace='named', contrast=1.0, depth=-6.0, flipHoriz=False, flipVert=False, font='Arial', fontFiles=[], height=50, italic=False, name='choice', opacity=1.0, ori=0, pos=array([   0., -300.]), rgb=array([ 255.,  255.,  255.]), text=u"Press 'y' for Yes  \nPress 'n' for No", units='pix', win=Window(...), wrapWidth=500)
8.4085 	EXP 	Created thankyou = TextStim(alignHoriz='center', alignVert='center', antialias=True, autoLog=True, bold=False, color='white', colorSpace='named', contrast=1.0, depth=0.0, flipHoriz=False, flipVert=False, font='Arial', fontFiles=[], height=50, italic=False, name='thankyou', opacity=1.0, ori=0, pos=array([ 0.,  0.]), rgb=array([ 255.,  255.,  255.]), text=u'Thank you for your participation.\n', units='pix', win=Window(...), wrapWidth=500)
8.4530 	EXP 	instruct: pos = array([   0.,  150.])
8.4530 	EXP 	na: pos = array([-110., -100.])
8.4530 	EXP 	na: size = array([ 100.,  100.])
8.4530 	EXP 	nb: pos = array([   0., -100.])
8.4530 	EXP 	nb: size = array([ 100.,  100.])
8.4530 	EXP 	nc: pos = array([ 110., -100.])
8.4530 	EXP 	nc: size = array([ 100.,  100.])
8.4530 	EXP 	welcome: autoDraw = True
11.4208 	EXP 	welcome: autoDraw = False
11.4371 	EXP 	instruct: autoDraw = True
14.4377 	EXP 	rob0: autoDraw = True
14.4377 	EXP 	robb: autoDraw = True
14.9378 	EXP 	na: autoDraw = True
15.4378 	EXP 	nb: autoDraw = True
15.9379 	EXP 	nc: autoDraw = True
16.9380 	EXP 	s1: autoDraw = True
17.9378 	EXP 	s2: autoDraw = True
18.9380 	EXP 	s3: autoDraw = True
22.4217 	EXP 	na: autoDraw = False
22.4217 	EXP 	nb: autoDraw = False
22.4217 	EXP 	nc: autoDraw = False
22.4217 	EXP 	s1: autoDraw = False
22.4217 	EXP 	s2: autoDraw = False
22.4217 	EXP 	s3: autoDraw = False
22.4386 	EXP 	heart: autoDraw = True
26.4390 	EXP 	instruct: autoDraw = False
26.4390 	EXP 	rob0: autoDraw = False
26.4390 	EXP 	robb: autoDraw = False
26.4390 	EXP 	heart: autoDraw = False
26.4390 	EXP 	welcome: autoDraw = False
26.4390 	EXP 	instruct: autoDraw = False
26.4390 	EXP 	rob0: autoDraw = False
26.4390 	EXP 	robb: autoDraw = False
26.4390 	EXP 	na: autoDraw = False
26.4390 	EXP 	nb: autoDraw = False
26.4390 	EXP 	nc: autoDraw = False
26.4390 	EXP 	s1: autoDraw = False
26.4390 	EXP 	s2: autoDraw = False
26.4390 	EXP 	s3: autoDraw = False
26.4390 	EXP 	heart: autoDraw = False
26.4390 	EXP 	text_2: pos = array([-300.,  300.])
26.4390 	EXP 	nod1: fillColor = 'red (named)'
26.4390 	EXP 	nod1: pos = array([ 20.,   0.])
26.4390 	EXP 	nod2: fillColor = 'yellow (named)'
26.4390 	EXP 	nod2: pos = array([  20.,  115.])
26.4390 	EXP 	nod2: lineColor = 'yellow (named)'
26.4390 	EXP 	nod3: fillColor = 'blue (named)'
26.4390 	EXP 	nod3: lineColor = 'blue (named)'
26.4390 	EXP 	nod4: fillColor = 'blue (named)'
26.4390 	EXP 	nod4: lineColor = 'blue (named)'
26.4390 	EXP 	rob1: ori = 0.0
26.4390 	EXP 	rob2: image = 'robot1.png'
26.4390 	EXP 	sh1: size = array([  40.,  110.])
26.4390 	EXP 	text_2: autoDraw = True
26.4390 	EXP 	nod1: autoDraw = True
26.4390 	EXP 	nod2: autoDraw = True
26.4390 	EXP 	nod3: autoDraw = True
26.4390 	EXP 	nod4: autoDraw = True
26.4390 	EXP 	rob1: autoDraw = True
26.4390 	EXP 	rob2: autoDraw = True
28.4390 	EXP 	sh1: autoDraw = True
28.9392 	EXP 	sh2a: autoDraw = True
28.9392 	EXP 	sh2b: autoDraw = True
29.4390 	EXP 	sh3: autoDraw = True
29.9393 	EXP 	sh4: autoDraw = True
38.4306 	DATA 	Keypress: space
38.4568 	EXP 	text_2: autoDraw = False
38.4568 	EXP 	nod1: autoDraw = False
38.4568 	EXP 	nod2: autoDraw = False
38.4568 	EXP 	nod3: autoDraw = False
38.4568 	EXP 	nod4: autoDraw = False
38.4568 	EXP 	rob1: autoDraw = False
38.4568 	EXP 	rob2: autoDraw = False
38.4568 	EXP 	sh1: autoDraw = False
38.4568 	EXP 	sh2a: autoDraw = False
38.4568 	EXP 	sh2b: autoDraw = False
38.4568 	EXP 	sh3: autoDraw = False
38.4568 	EXP 	sh4: autoDraw = False
38.4568 	EXP 	star: autoDraw = True
41.9266 	DATA 	Keypress: space
41.9539 	EXP 	Imported designs.xlsx as conditions, 4 conditions, 16 params
41.9543 	EXP 	Created sequence: sequential, trialTypes=4, nReps=1, seed=None
41.9552 	EXP 	New trial (rep=0, index=0): {u'n2col': u'blue', u'n4col': u'red', u'n3col': u'green', u'r4': u'd', u'n1col': u'blue', u'r1': u'a', u'r2': u'b', u'rs': u'LOC21', u'r3': u'c', u're': u'LOC9', u'n5col': u'red', u'n1': u'LOC22', u'n2': u'LOC23', u'n3': u'LOC24', u'n4': u'LOC19', u'n5': u'LOC14'}
41.9734 	EXP 	star: autoDraw = False
41.9734 	EXP 	robotS: pos = array([  20., -230.])
41.9734 	EXP 	node1: fillColor = u'blue (named)'
41.9734 	EXP 	node1: pos = array([ 135., -230.])
41.9734 	EXP 	node2: fillColor = u'blue (named)'
41.9734 	EXP 	node2: pos = array([ 250., -230.])
41.9734 	EXP 	node3: fillColor = u'green (named)'
41.9734 	EXP 	node3: pos = array([ 365., -230.])
41.9734 	EXP 	node4: fillColor = u'red (named)'
41.9734 	EXP 	node4: pos = array([ 365., -115.])
41.9734 	EXP 	node5: fillColor = u'red (named)'
41.9734 	EXP 	node5: pos = array([ 365.,    0.])
41.9734 	EXP 	robotF: pos = array([ 365.,  115.])
41.9734 	EXP 	whitebackground: autoDraw = True
41.9734 	EXP 	robotS: autoDraw = True
41.9734 	EXP 	node1: autoDraw = True
41.9734 	EXP 	node2: autoDraw = True
41.9734 	EXP 	node3: autoDraw = True
41.9734 	EXP 	node4: autoDraw = True
41.9734 	EXP 	node5: autoDraw = True
41.9734 	EXP 	robotF: autoDraw = True
41.9734 	EXP 	select1: autoDraw = True
41.9734 	EXP 	select2: autoDraw = True
41.9734 	EXP 	select3: autoDraw = True
41.9734 	EXP 	select4: autoDraw = True
41.9734 	EXP 	selection: autoDraw = True
41.9734 	EXP 	master: autoDraw = True
41.9734 	EXP 	sel: autoDraw = True
50.1625 	DATA 	Keypress: a
52.1433 	DATA 	Keypress: a
52.5620 	DATA 	Keypress: a
55.7326 	DATA 	Keypress: a
55.7530 	EXP 	New trial (rep=0, index=1): {u'n2col': u'yellow', u'n4col': u'green', u'n3col': u'blue', u'r4': u'd', u'n1col': u'red', u'r1': u'a', u'r2': u'b', u'rs': u'LOC21', u'r3': u'c', u're': u'LOC3', u'n5col': u'red', u'n1': u'LOC16', u'n2': u'LOC11', u'n3': u'LOC12', u'n4': u'LOC13', u'n5': u'LOC8'}
55.7752 	EXP 	whitebackground: autoDraw = False
55.7752 	EXP 	robotS: autoDraw = False
55.7752 	EXP 	node1: autoDraw = False
55.7752 	EXP 	node2: autoDraw = False
55.7752 	EXP 	node3: autoDraw = False
55.7752 	EXP 	node4: autoDraw = False
55.7752 	EXP 	node5: autoDraw = False
55.7752 	EXP 	robotF: autoDraw = False
55.7752 	EXP 	select1: autoDraw = False
55.7752 	EXP 	select2: autoDraw = False
55.7752 	EXP 	select3: autoDraw = False
55.7752 	EXP 	select4: autoDraw = False
55.7752 	EXP 	selection: autoDraw = False
55.7752 	EXP 	master: autoDraw = False
55.7752 	EXP 	sel: autoDraw = False
55.7752 	EXP 	robotS: pos = array([  20., -230.])
55.7752 	EXP 	node1: fillColor = u'red (named)'
55.7752 	EXP 	node1: pos = array([  20., -115.])
55.7752 	EXP 	node2: fillColor = u'yellow (named)'
55.7752 	EXP 	node2: pos = array([ 20.,   0.])
55.7752 	EXP 	node3: fillColor = u'blue (named)'
55.7752 	EXP 	node3: pos = array([ 135.,    0.])
55.7752 	EXP 	node4: fillColor = u'green (named)'
55.7752 	EXP 	node4: pos = array([ 250.,    0.])
55.7752 	EXP 	node5: fillColor = u'red (named)'
55.7752 	EXP 	node5: pos = array([ 250.,  115.])
55.7752 	EXP 	robotF: pos = array([ 250.,  230.])
55.7752 	EXP 	whitebackground: autoDraw = True
55.7752 	EXP 	robotS: autoDraw = True
55.7752 	EXP 	node1: autoDraw = True
55.7752 	EXP 	node2: autoDraw = True
55.7752 	EXP 	node3: autoDraw = True
55.7752 	EXP 	node4: autoDraw = True
55.7752 	EXP 	node5: autoDraw = True
55.7752 	EXP 	robotF: autoDraw = True
55.7752 	EXP 	select1: autoDraw = True
55.7752 	EXP 	select2: autoDraw = True
55.7752 	EXP 	select3: autoDraw = True
55.7752 	EXP 	select4: autoDraw = True
55.7752 	EXP 	selection: autoDraw = True
55.7752 	EXP 	master: autoDraw = True
55.7752 	EXP 	sel: autoDraw = True
57.8829 	DATA 	Keypress: a
58.2293 	DATA 	Keypress: a
58.6793 	DATA 	Keypress: a
59.1329 	DATA 	Keypress: a
59.1448 	EXP 	New trial (rep=0, index=2): {u'n2col': u'red', u'n4col': u'blue', u'n3col': u'yellow', u'r4': u'd', u'n1col': u'red', u'r1': u'a', u'r2': u'b', u'rs': u'LOC22', u'r3': u'c', u're': u'LOC10', u'n5col': u'blue', u'n1': u'LOC17', u'n2': u'LOC12', u'n3': u'LOC7', u'n4': u'LOC8', u'n5': u'LOC9'}
59.1755 	EXP 	whitebackground: autoDraw = False
59.1755 	EXP 	robotS: autoDraw = False
59.1755 	EXP 	node1: autoDraw = False
59.1755 	EXP 	node2: autoDraw = False
59.1755 	EXP 	node3: autoDraw = False
59.1755 	EXP 	node4: autoDraw = False
59.1755 	EXP 	node5: autoDraw = False
59.1755 	EXP 	robotF: autoDraw = False
59.1755 	EXP 	select1: autoDraw = False
59.1755 	EXP 	select2: autoDraw = False
59.1755 	EXP 	select3: autoDraw = False
59.1755 	EXP 	select4: autoDraw = False
59.1755 	EXP 	selection: autoDraw = False
59.1755 	EXP 	master: autoDraw = False
59.1755 	EXP 	sel: autoDraw = False
59.1755 	EXP 	robotS: pos = array([ 135., -230.])
59.1755 	EXP 	node1: fillColor = u'red (named)'
59.1755 	EXP 	node1: pos = array([ 135., -115.])
59.1755 	EXP 	node2: fillColor = u'red (named)'
59.1755 	EXP 	node2: pos = array([ 135.,    0.])
59.1755 	EXP 	node3: fillColor = u'yellow (named)'
59.1755 	EXP 	node3: pos = array([ 135.,  115.])
59.1755 	EXP 	node4: fillColor = u'blue (named)'
59.1755 	EXP 	node4: pos = array([ 250.,  115.])
59.1755 	EXP 	node5: fillColor = u'blue (named)'
59.1755 	EXP 	node5: pos = array([ 365.,  115.])
59.1755 	EXP 	robotF: pos = array([ 480.,  115.])
59.1755 	EXP 	whitebackground: autoDraw = True
59.1755 	EXP 	robotS: autoDraw = True
59.1755 	EXP 	node1: autoDraw = True
59.1755 	EXP 	node2: autoDraw = True
59.1755 	EXP 	node3: autoDraw = True
59.1755 	EXP 	node4: autoDraw = True
59.1755 	EXP 	node5: autoDraw = True
59.1755 	EXP 	robotF: autoDraw = True
59.1755 	EXP 	select1: autoDraw = True
59.1755 	EXP 	select2: autoDraw = True
59.1755 	EXP 	select3: autoDraw = True
59.1755 	EXP 	select4: autoDraw = True
59.1755 	EXP 	selection: autoDraw = True
59.1755 	EXP 	master: autoDraw = True
59.1755 	EXP 	sel: autoDraw = True
64.7301 	DATA 	Keypress: a
65.2967 	DATA 	Keypress: a
66.8806 	DATA 	Keypress: a
67.2974 	DATA 	Keypress: a
67.3123 	EXP 	New trial (rep=0, index=3): {u'n2col': u'yellow', u'n4col': u'yellow', u'n3col': u'green', u'r4': None, u'n1col': u'green', u'r1': None, u'r2': None, u'rs': u'LOC16', u'r3': None, u're': u'LOC10', u'n5col': u'blue', u'n1': u'LOC17', u'n2': u'LOC12', u'n3': u'LOC13', u'n4': u'LOC8', u'n5': u'LOC9'}
67.3432 	EXP 	whitebackground: autoDraw = False
67.3432 	EXP 	robotS: autoDraw = False
67.3432 	EXP 	node1: autoDraw = False
67.3432 	EXP 	node2: autoDraw = False
67.3432 	EXP 	node3: autoDraw = False
67.3432 	EXP 	node4: autoDraw = False
67.3432 	EXP 	node5: autoDraw = False
67.3432 	EXP 	robotF: autoDraw = False
67.3432 	EXP 	select1: autoDraw = False
67.3432 	EXP 	select2: autoDraw = False
67.3432 	EXP 	select3: autoDraw = False
67.3432 	EXP 	select4: autoDraw = False
67.3432 	EXP 	selection: autoDraw = False
67.3432 	EXP 	master: autoDraw = False
67.3432 	EXP 	sel: autoDraw = False
67.3432 	EXP 	robotS: pos = array([  20., -115.])
67.3432 	EXP 	node1: fillColor = u'green (named)'
67.3432 	EXP 	node1: pos = array([ 135., -115.])
67.3432 	EXP 	node2: fillColor = u'yellow (named)'
67.3432 	EXP 	node2: pos = array([ 135.,    0.])
67.3432 	EXP 	node3: fillColor = u'green (named)'
67.3432 	EXP 	node3: pos = array([ 250.,    0.])
67.3432 	EXP 	node4: fillColor = u'yellow (named)'
67.3432 	EXP 	node4: pos = array([ 250.,  115.])
67.3432 	EXP 	node5: fillColor = u'blue (named)'
67.3432 	EXP 	node5: pos = array([ 365.,  115.])
67.3432 	EXP 	robotF: pos = array([ 480.,  115.])
67.3432 	EXP 	whitebackground: autoDraw = True
67.3432 	EXP 	robotS: autoDraw = True
67.3432 	EXP 	node1: autoDraw = True
67.3432 	EXP 	node2: autoDraw = True
67.3432 	EXP 	node3: autoDraw = True
67.3432 	EXP 	node4: autoDraw = True
67.3432 	EXP 	node5: autoDraw = True
67.3432 	EXP 	robotF: autoDraw = True
67.3432 	EXP 	select1: autoDraw = True
67.3432 	EXP 	select2: autoDraw = True
67.3432 	EXP 	select3: autoDraw = True
67.3432 	EXP 	select4: autoDraw = True
67.3432 	EXP 	selection: autoDraw = True
67.3432 	EXP 	master: autoDraw = True
67.3432 	EXP 	sel: autoDraw = True
67.8967 	DATA 	Keypress: a
68.2504 	DATA 	Keypress: a
68.6799 	DATA 	Keypress: a
69.3801 	DATA 	Keypress: a
69.3928 	EXP 	whitebackground: autoDraw = False
69.3928 	EXP 	robotS: autoDraw = False
69.3928 	EXP 	node1: autoDraw = False
69.3928 	EXP 	node2: autoDraw = False
69.3928 	EXP 	node3: autoDraw = False
69.3928 	EXP 	node4: autoDraw = False
69.3928 	EXP 	node5: autoDraw = False
69.3928 	EXP 	robotF: autoDraw = False
69.3928 	EXP 	select1: autoDraw = False
69.3928 	EXP 	select2: autoDraw = False
69.3928 	EXP 	select3: autoDraw = False
69.3928 	EXP 	select4: autoDraw = False
69.3928 	EXP 	selection: autoDraw = False
69.3928 	EXP 	master: autoDraw = False
69.3928 	EXP 	sel: autoDraw = False
69.3928 	EXP 	Evaluation: autoDraw = True
69.3928 	EXP 	polygon: autoDraw = True
69.3928 	EXP 	polygon_2: autoDraw = True
69.3928 	EXP 	polygon_3: autoDraw = True
69.3928 	EXP 	polygon_4: autoDraw = True
71.4101 	EXP 	choice: autoDraw = True
73.3937 	EXP 	polygon_4: autoDraw = False
74.3938 	EXP 	Evaluation: autoDraw = False
74.3938 	EXP 	polygon: autoDraw = False
74.3938 	EXP 	polygon_2: autoDraw = False
74.3938 	EXP 	polygon_3: autoDraw = False
74.3938 	EXP 	choice: autoDraw = False
76.6730 	DATA 	Keypress: escape
