6.8186 	EXP 	Created window1 = Window(allowGUI=False, allowStencil=False, autoLog=True, bitsMode=UNKNOWN, blendMode='avg', color='black', colorSpace='named', fullscr=UNKNOWN, gamma=None, lms=UNKNOWN, monitor=<psychopy.monitors.calibTools.Monitor object at 0x111a766d0>, name='window1', pos=[0, 0], screen=0, size=array([1440,  900]), stereo=False, units='pix', useFBO=True, useRetina=False, viewOri=0.0, viewPos=None, viewScale=None, waitBlanking=True, winType='pyglet')
6.8187 	EXP 	window1: recordFrameIntervals = False
6.9846 	EXP 	window1: recordFrameIntervals = True
7.1678 	EXP 	window1: recordFrameIntervals = False
7.3219 	EXP 	Created welcome = TextStim(alignHoriz='center', alignVert='center', antialias=True, autoLog=True, bold=False, color='white', colorSpace='named', contrast=1.0, depth=-1.0, flipHoriz=False, flipVert=False, font='Arial', fontFiles=[], height=100, italic=False, name='welcome', opacity=1.0, ori=0, pos=array([ 0.,  0.]), rgb=array([ 255.,  255.,  255.]), text=u'Welcome!', units='pix', win=Window(...), wrapWidth=500)
7.3529 	EXP 	Created instruct = TextStim(alignHoriz='center', alignVert='center', antialias=True, autoLog=True, bold=False, color=u'white', colorSpace='named', contrast=1.0, depth=-2.0, flipHoriz=False, flipVert=False, font=u'Arial', fontFiles=[], height=50, italic=False, name='instruct', opacity=1.0, ori=0, pos=array([ 0.,  0.]), rgb=array([ 255.,  255.,  255.]), text=unicode(...), units='pix', win=Window(...), wrapWidth=500)
7.4467 	EXP 	Created rob0 = ImageStim(autoLog=True, color=array([ 1.,  1.,  1.]), colorSpace='rgb', contrast=1.0, depth=-3.0, flipHoriz=False, flipVert=False, image='robot1.png', interpolate=True, mask=None, maskParams=None, name='rob0', opacity=1.0, ori=0.0, pos=array([-250., -100.]), size=array([ 200.,  200.]), texRes=128, units='pix', win=Window(...))
7.4605 	EXP 	Created robb = ImageStim(autoLog=True, color=array([ 1.,  1.,  1.]), colorSpace='rgb', contrast=1.0, depth=-4.0, flipHoriz=False, flipVert=False, image='robot1.png', interpolate=True, mask=None, maskParams=None, name='robb', opacity=1.0, ori=0.0, pos=array([ 250., -100.]), size=array([ 200.,  200.]), texRes=128, units='pix', win=Window(...))
7.4764 	EXP 	Created na = Polygon(autoDraw=False, autoLog=True, closeShape=True, contrast=1.0, depth=-5.0, fillColor='blue', fillColorSpace='named', fillRGB=array([   0.,    0.,  255.]), interpolate=True, lineColor='blue', lineColorSpace='named', lineRGB=array([   0.,    0.,  255.]), lineWidth=1, name='na', opacity=1.0, ori=array(0.0), pos=array([ 0.,  0.]), size=array([ 1.,  1.]), units='pix', vertices=ndarray(...), win=Window(...))
7.4821 	EXP 	Created nb = Polygon(autoDraw=False, autoLog=True, closeShape=True, contrast=1.0, depth=-6.0, fillColor='blue', fillColorSpace='named', fillRGB=array([   0.,    0.,  255.]), interpolate=True, lineColor='blue', lineColorSpace='named', lineRGB=array([   0.,    0.,  255.]), lineWidth=1, name='nb', opacity=1.0, ori=array(0.0), pos=array([ 0.,  0.]), size=array([ 1.,  1.]), units='pix', vertices=ndarray(...), win=Window(...))
7.4874 	EXP 	Created nc = Polygon(autoDraw=False, autoLog=True, closeShape=True, contrast=1.0, depth=-7.0, fillColor='blue', fillColorSpace='named', fillRGB=array([   0.,    0.,  255.]), interpolate=True, lineColor='blue', lineColorSpace='named', lineRGB=array([   0.,    0.,  255.]), lineWidth=1, name='nc', opacity=1.0, ori=array(0.0), pos=array([ 0.,  0.]), size=array([ 1.,  1.]), units='pix', vertices=ndarray(...), win=Window(...))
7.4898 	EXP 	<method-wrapper '__getattribute__' of attributeSetter object at 0x10ee46c90>: vertices = array([[-55.,  20.],
       [ 55.,  20.],
       [ 55., -20.],
       [-55., -20.]])
7.4913 	EXP 	Created s1 = Rect(autoDraw=False, autoLog=True, closeShape=True, contrast=1.0, depth=-8.0, fillColor='black', fillColorSpace='named', fillRGB=array([ 0.,  0.,  0.]), interpolate=True, lineColor='black', lineColorSpace='named', lineRGB=array([ 0.,  0.,  0.]), lineWidth=1, name='s1', opacity=1.0, ori=array(0.0), pos=array([-110., -100.]), size=array([ 1.,  1.]), units='pix', vertices=ndarray(...), win=Window(...))
7.4917 	EXP 	<method-wrapper '__getattribute__' of attributeSetter object at 0x10ee46c90>: vertices = array([[-55.,  20.],
       [ 55.,  20.],
       [ 55., -20.],
       [-55., -20.]])
7.4931 	EXP 	Created s2 = Rect(autoDraw=False, autoLog=True, closeShape=True, contrast=1.0, depth=-9.0, fillColor='black', fillColorSpace='named', fillRGB=array([ 0.,  0.,  0.]), interpolate=True, lineColor='black', lineColorSpace='named', lineRGB=array([ 0.,  0.,  0.]), lineWidth=1, name='s2', opacity=1.0, ori=array(0.0), pos=array([   0., -100.]), size=array([ 1.,  1.]), units='pix', vertices=ndarray(...), win=Window(...))
7.4935 	EXP 	<method-wrapper '__getattribute__' of attributeSetter object at 0x10ee46c90>: vertices = array([[-55.,  20.],
       [ 55.,  20.],
       [ 55., -20.],
       [-55., -20.]])
7.4948 	EXP 	Created s3 = Rect(autoDraw=False, autoLog=True, closeShape=True, contrast=1.0, depth=-10.0, fillColor='black', fillColorSpace='named', fillRGB=array([ 0.,  0.,  0.]), interpolate=True, lineColor='black', lineColorSpace='named', lineRGB=array([ 0.,  0.,  0.]), lineWidth=1, name='s3', opacity=1.0, ori=array(0.0), pos=array([ 110., -100.]), size=array([ 1.,  1.]), units='pix', vertices=ndarray(...), win=Window(...))
7.9465 	EXP 	Created heart = ImageStim(autoLog=True, color=array([ 1.,  1.,  1.]), colorSpace='rgb', contrast=1.0, depth=-11.0, flipHoriz=False, flipVert=False, image='heart.png', interpolate=True, mask=None, maskParams=None, name='heart', opacity=1.0, ori=0.0, pos=array([   0., -100.]), size=array([ 1.,  1.]), texRes=128, units='pix', win=Window(...))
8.0456 	EXP 	Created text_2 = TextStim(alignHoriz='center', alignVert='center', antialias=True, autoLog=True, bold=False, color='white', colorSpace='named', contrast=1.0, depth=-1.0, flipHoriz=False, flipVert=False, font='Arial', fontFiles=[], height=40, italic=False, name='text_2', opacity=1.0, ori=0, pos=array([ 0.,  0.]), rgb=array([ 255.,  255.,  255.]), text=u"Let's take an example", units='pix', win=Window(...), wrapWidth=500)
8.0530 	EXP 	Created nod1 = Polygon(autoDraw=False, autoLog=True, closeShape=True, contrast=1.0, depth=-2.0, fillColor=array([ 1.,  1.,  1.]), fillColorSpace='rgb', fillRGB=array([ 1.,  1.,  1.]), interpolate=True, lineColor='red', lineColorSpace='named', lineRGB=array([ 255.,    0.,    0.]), lineWidth=1, name='nod1', opacity=1.0, ori=array(0.0), pos=array([ 0.,  0.]), size=array([ 100.,  100.]), units='pix', vertices=ndarray(...), win=Window(...))
8.0599 	EXP 	Created nod2 = Polygon(autoDraw=False, autoLog=True, closeShape=True, contrast=1.0, depth=-3.0, fillColor=array([ 1.,  1.,  1.]), fillColorSpace='rgb', fillRGB=array([ 1.,  1.,  1.]), interpolate=True, lineColor=array([ 1.,  1.,  1.]), lineColorSpace='rgb', lineRGB=array([ 1.,  1.,  1.]), lineWidth=1, name='nod2', opacity=1.0, ori=array(0.0), pos=array([ 0.,  0.]), size=array([ 100.,  100.]), units='pix', vertices=ndarray(...), win=Window(...))
8.0666 	EXP 	Created nod3 = Polygon(autoDraw=False, autoLog=True, closeShape=True, contrast=1.0, depth=-4.0, fillColor=array([ 1.,  1.,  1.]), fillColorSpace='rgb', fillRGB=array([ 1.,  1.,  1.]), interpolate=True, lineColor=array([ 1.,  1.,  1.]), lineColorSpace='rgb', lineRGB=array([ 1.,  1.,  1.]), lineWidth=1, name='nod3', opacity=1.0, ori=array(0.0), pos=array([ 135.,  115.]), size=array([ 100.,  100.]), units='pix', vertices=ndarray(...), win=Window(...))
8.0737 	EXP 	Created nod4 = Polygon(autoDraw=False, autoLog=True, closeShape=True, contrast=1.0, depth=-5.0, fillColor=array([ 1.,  1.,  1.]), fillColorSpace='rgb', fillRGB=array([ 1.,  1.,  1.]), interpolate=True, lineColor=array([ 1.,  1.,  1.]), lineColorSpace='rgb', lineRGB=array([ 1.,  1.,  1.]), lineWidth=1, name='nod4', opacity=1.0, ori=array(0.0), pos=array([ 250.,  115.]), size=array([ 100.,  100.]), units='pix', vertices=ndarray(...), win=Window(...))
8.0872 	EXP 	Created rob1 = ImageStim(autoLog=True, color=array([ 1.,  1.,  1.]), colorSpace='rgb', contrast=1.0, depth=-6.0, flipHoriz=False, flipVert=False, image='robot1.png', interpolate=True, mask=None, maskParams=None, name='rob1', opacity=1.0, ori=1.0, pos=array([  20., -115.]), size=array([ 100.,  100.]), texRes=128, units='pix', win=Window(...))
8.0898 	EXP 	Created rob2 = ImageStim(autoLog=True, color=array([ 1.,  1.,  1.]), colorSpace='rgb', contrast=1.0, depth=-7.0, flipHoriz=False, flipVert=False, image='sin', interpolate=True, mask=None, maskParams=None, name='rob2', opacity=1.0, ori=0.0, pos=array([ 365.,  115.]), size=array([ 100.,  100.]), texRes=128, units='pix', win=Window(...))
8.0905 	EXP 	<method-wrapper '__getattribute__' of attributeSetter object at 0x10ee46c90>: vertices = array([[-0.5,  0.5],
       [ 0.5,  0.5],
       [ 0.5, -0.5],
       [-0.5, -0.5]])
8.0925 	EXP 	Created sh1 = Rect(autoDraw=False, autoLog=True, closeShape=True, contrast=1.0, depth=-9.0, fillColor='black', fillColorSpace='named', fillRGB=array([ 0.,  0.,  0.]), interpolate=True, lineColor='black', lineColorSpace='named', lineRGB=array([ 0.,  0.,  0.]), lineWidth=1, name='sh1', opacity=1.0, ori=array(0.0), pos=array([ 20.,   0.]), size=array([ 1.,  1.]), units='pix', vertices=ndarray(...), win=Window(...))
8.0930 	EXP 	<method-wrapper '__getattribute__' of attributeSetter object at 0x10ee46c90>: vertices = array([[-30.,  20.],
       [ 30.,  20.],
       [ 30., -20.],
       [-30., -20.]])
8.0948 	EXP 	Created sh2a = Rect(autoDraw=False, autoLog=True, closeShape=True, contrast=1.0, depth=-10.0, fillColor='black', fillColorSpace='named', fillRGB=array([ 0.,  0.,  0.]), interpolate=True, lineColor='black', lineColorSpace='named', lineRGB=array([ 0.,  0.,  0.]), lineWidth=1, name='sh2a', opacity=1.0, ori=array(0.0), pos=array([  50.,  113.]), size=array([ 1.,  1.]), units='pix', vertices=ndarray(...), win=Window(...))
8.0954 	EXP 	<method-wrapper '__getattribute__' of attributeSetter object at 0x10ee46c90>: vertices = array([[-20.,  40.],
       [ 20.,  40.],
       [ 20., -40.],
       [-20., -40.]])
8.0972 	EXP 	Created sh2b = Rect(autoDraw=False, autoLog=True, closeShape=True, contrast=1.0, depth=-11.0, fillColor='black', fillColorSpace='named', fillRGB=array([ 0.,  0.,  0.]), interpolate=True, lineColor='black', lineColorSpace='named', lineRGB=array([ 0.,  0.,  0.]), lineWidth=1, name='sh2b', opacity=1.0, ori=array(0.0), pos=array([ 22.,  93.]), size=array([ 1.,  1.]), units='pix', vertices=ndarray(...), win=Window(...))
8.0977 	EXP 	<method-wrapper '__getattribute__' of attributeSetter object at 0x10ee46c90>: vertices = array([[-55.,  20.],
       [ 55.,  20.],
       [ 55., -20.],
       [-55., -20.]])
8.0992 	EXP 	Created sh3 = Rect(autoDraw=False, autoLog=True, closeShape=True, contrast=1.0, depth=-12.0, fillColor='black', fillColorSpace='named', fillRGB=array([ 0.,  0.,  0.]), interpolate=True, lineColor='black', lineColorSpace='named', lineRGB=array([ 0.,  0.,  0.]), lineWidth=1, name='sh3', opacity=1.0, ori=array(0.0), pos=array([ 135.,  115.]), size=array([ 1.,  1.]), units='pix', vertices=ndarray(...), win=Window(...))
8.0996 	EXP 	<method-wrapper '__getattribute__' of attributeSetter object at 0x10ee46c90>: vertices = array([[-55.,  20.],
       [ 55.,  20.],
       [ 55., -20.],
       [-55., -20.]])
8.1011 	EXP 	Created sh4 = Rect(autoDraw=False, autoLog=True, closeShape=True, contrast=1.0, depth=-13.0, fillColor='black', fillColorSpace='named', fillRGB=array([ 0.,  0.,  0.]), interpolate=True, lineColor='black', lineColorSpace='named', lineRGB=array([ 0.,  0.,  0.]), lineWidth=1, name='sh4', opacity=1.0, ori=array(0.0), pos=array([ 250.,  115.]), size=array([ 1.,  1.]), units='pix', vertices=ndarray(...), win=Window(...))
8.1218 	EXP 	Created star = TextStim(alignHoriz='center', alignVert='center', antialias=True, autoLog=True, bold=False, color='white', colorSpace='named', contrast=1.0, depth=0.0, flipHoriz=False, flipVert=False, font='Arial', fontFiles=[], height=50, italic=False, name='star', opacity=1.0, ori=0, pos=array([ 0.,  0.]), rgb=array([ 255.,  255.,  255.]), text=unicode(...), units='pix', win=Window(...), wrapWidth=500)
8.1222 	EXP 	<method-wrapper '__getattribute__' of attributeSetter object at 0x10ee46c90>: vertices = array([[-400.,  450.],
       [ 400.,  450.],
       [ 400., -450.],
       [-400., -450.]])
8.1245 	EXP 	Created whitebackground = Rect(autoDraw=False, autoLog=True, closeShape=True, contrast=1.0, depth=-2.0, fillColor=array([ 1.,  1.,  1.]), fillColorSpace='rgb', fillRGB=array([ 1.,  1.,  1.]), interpolate=True, lineColor=array([ 1.,  1.,  1.]), lineColorSpace='rgb', lineRGB=array([ 1.,  1.,  1.]), lineWidth=0, name='whitebackground', opacity=1.0, ori=array(0.0), pos=array([-560.,    0.]), size=array([ 1.,  1.]), units='pix', vertices=ndarray(...), win=Window(...))
8.1371 	EXP 	Created robotS = ImageStim(autoLog=True, color=array([ 1.,  1.,  1.]), colorSpace='rgb', contrast=1.0, depth=-3.0, flipHoriz=False, flipVert=False, image='robot1.png', interpolate=True, mask=None, maskParams=None, name='robotS', opacity=1.0, ori=0.0, pos=array([ 0.,  0.]), size=array([ 100.,  100.]), texRes=128, units='pix', win=Window(...))
8.1447 	EXP 	Created node1 = Polygon(autoDraw=False, autoLog=True, closeShape=True, contrast=1.0, depth=-4.0, fillColor=array([ 1.,  1.,  1.]), fillColorSpace='rgb', fillRGB=array([ 1.,  1.,  1.]), interpolate=True, lineColor=array([ 1.,  1.,  1.]), lineColorSpace='rgb', lineRGB=array([ 1.,  1.,  1.]), lineWidth=0, name='node1', opacity=1.0, ori=array(0.0), pos=array([ 0.,  0.]), size=array([ 100.,  100.]), units='pix', vertices=ndarray(...), win=Window(...))
8.1512 	EXP 	Created node2 = Polygon(autoDraw=False, autoLog=True, closeShape=True, contrast=1.0, depth=-5.0, fillColor=array([ 1.,  1.,  1.]), fillColorSpace='rgb', fillRGB=array([ 1.,  1.,  1.]), interpolate=True, lineColor=array([ 1.,  1.,  1.]), lineColorSpace='rgb', lineRGB=array([ 1.,  1.,  1.]), lineWidth=0, name='node2', opacity=1.0, ori=array(0.0), pos=array([ 0.,  0.]), size=array([ 100.,  100.]), units='pix', vertices=ndarray(...), win=Window(...))
8.1572 	EXP 	Created node3 = Polygon(autoDraw=False, autoLog=True, closeShape=True, contrast=1.0, depth=-6.0, fillColor=array([ 1.,  1.,  1.]), fillColorSpace='rgb', fillRGB=array([ 1.,  1.,  1.]), interpolate=True, lineColor=array([ 1.,  1.,  1.]), lineColorSpace='rgb', lineRGB=array([ 1.,  1.,  1.]), lineWidth=0, name='node3', opacity=1.0, ori=array(0.0), pos=array([ 0.,  0.]), size=array([ 100.,  100.]), units='pix', vertices=ndarray(...), win=Window(...))
8.1635 	EXP 	Created node4 = Polygon(autoDraw=False, autoLog=True, closeShape=True, contrast=1.0, depth=-7.0, fillColor=array([ 1.,  1.,  1.]), fillColorSpace='rgb', fillRGB=array([ 1.,  1.,  1.]), interpolate=True, lineColor=array([ 1.,  1.,  1.]), lineColorSpace='rgb', lineRGB=array([ 1.,  1.,  1.]), lineWidth=0, name='node4', opacity=1.0, ori=array(0.0), pos=array([ 0.,  0.]), size=array([ 100.,  100.]), units='pix', vertices=ndarray(...), win=Window(...))
8.1699 	EXP 	Created node5 = Polygon(autoDraw=False, autoLog=True, closeShape=True, contrast=1.0, depth=-8.0, fillColor=array([ 1.,  1.,  1.]), fillColorSpace='rgb', fillRGB=array([ 1.,  1.,  1.]), interpolate=True, lineColor=array([ 1.,  1.,  1.]), lineColorSpace='rgb', lineRGB=array([ 1.,  1.,  1.]), lineWidth=0, name='node5', opacity=1.0, ori=array(0.0), pos=array([ 0.,  0.]), size=array([ 100.,  100.]), units='pix', vertices=ndarray(...), win=Window(...))
8.1900 	EXP 	Created robotF = ImageStim(autoLog=True, color=array([ 1.,  1.,  1.]), colorSpace='rgb', contrast=1.0, depth=-9.0, flipHoriz=False, flipVert=False, image='robot1.png', interpolate=True, mask=None, maskParams=None, name='robotF', opacity=1.0, ori=0.0, pos=array([ 0.,  0.]), size=array([ 100.,  100.]), texRes=128, units='pix', win=Window(...))
8.1981 	EXP 	Created select1 = Polygon(autoDraw=False, autoLog=True, closeShape=True, contrast=1.0, depth=-10.0, fillColor='red', fillColorSpace='named', fillRGB=array([ 255.,    0.,    0.]), interpolate=True, lineColor=array([ 1.,  1.,  1.]), lineColorSpace='rgb', lineRGB=array([ 1.,  1.,  1.]), lineWidth=0, name='select1', opacity=1.0, ori=array(0.0), pos=array([-630.,    0.]), size=array([ 100.,  100.]), units='pix', vertices=ndarray(...), win=Window(...))
8.2040 	EXP 	Created select2 = Polygon(autoDraw=False, autoLog=True, closeShape=True, contrast=1.0, depth=-11.0, fillColor='blue', fillColorSpace='named', fillRGB=array([   0.,    0.,  255.]), interpolate=True, lineColor=array([ 1.,  1.,  1.]), lineColorSpace='rgb', lineRGB=array([ 1.,  1.,  1.]), lineWidth=0, name='select2', opacity=1.0, ori=array(0.0), pos=array([-630., -120.]), size=array([ 100.,  100.]), units='pix', vertices=ndarray(...), win=Window(...))
8.2100 	EXP 	Created select3 = Polygon(autoDraw=False, autoLog=True, closeShape=True, contrast=1.0, depth=-12.0, fillColor='yellow', fillColorSpace='named', fillRGB=array([ 255.,  255.,    0.]), interpolate=True, lineColor=array([ 1.,  1.,  1.]), lineColorSpace='rgb', lineRGB=array([ 1.,  1.,  1.]), lineWidth=0, name='select3', opacity=1.0, ori=array(0.0), pos=array([-630., -240.]), size=array([ 100.,  100.]), units='pix', vertices=ndarray(...), win=Window(...))
8.2158 	EXP 	Created select4 = Polygon(autoDraw=False, autoLog=True, closeShape=True, contrast=1.0, depth=-13.0, fillColor='green', fillColorSpace='named', fillRGB=array([   0.,  128.,    0.]), interpolate=True, lineColor=array([ 1.,  1.,  1.]), lineColorSpace='rgb', lineRGB=array([ 1.,  1.,  1.]), lineWidth=0, name='select4', opacity=1.0, ori=array(0.0), pos=array([-630., -360.]), size=array([ 100.,  100.]), units='pix', vertices=ndarray(...), win=Window(...))
8.2409 	EXP 	Created selection = ImageStim(autoLog=True, color=array([ 1.,  1.,  1.]), colorSpace='rgb', contrast=1.0, depth=-14.0, flipHoriz=False, flipVert=False, image=u'mastershapes.png', interpolate=True, mask=None, maskParams=None, name='selection', opacity=1.0, ori=0.0, pos=array([ 0.,  0.]), size=array([ 500.,  400.]), texRes=128, units='pix', win=Window(...))
8.2877 	EXP 	Created sel = TextStim(alignHoriz='center', alignVert='center', antialias=True, autoLog=True, bold=False, color=u'black', colorSpace='named', contrast=1.0, depth=-15.0, flipHoriz=False, flipVert=False, font=u'Arial', fontFiles=[], height=30, italic=False, name='sel', opacity=1.0, ori=0, pos=array([-450.,  250.]), rgb=array([ 0.,  0.,  0.]), text=unicode(...), units='pix', win=Window(...), wrapWidth=500)
8.2960 	EXP 	Created Evaluation = TextStim(alignHoriz='center', alignVert='center', antialias=True, autoLog=True, bold=False, color='white', colorSpace='named', contrast=1.0, depth=-1.0, flipHoriz=False, flipVert=False, font='Arial', fontFiles=[], height=30, italic=False, name='Evaluation', opacity=1.0, ori=0, pos=array([   0.,  300.]), rgb=array([ 255.,  255.,  255.]), text=u'Is this pathway correct? \n', units='pix', win=Window(...), wrapWidth=500)
8.3031 	EXP 	Created polygon = Polygon(autoDraw=False, autoLog=True, closeShape=True, contrast=1.0, depth=-2.0, fillColor='red', fillColorSpace='named', fillRGB=array([ 255.,    0.,    0.]), interpolate=True, lineColor='red', lineColorSpace='named', lineRGB=array([ 255.,    0.,    0.]), lineWidth=1, name='polygon', opacity=1.0, ori=array(0.0), pos=array([ 250.,    0.]), size=array([ 100.,  100.]), units='pix', vertices=ndarray(...), win=Window(...))
8.3101 	EXP 	Created polygon_2 = Polygon(autoDraw=False, autoLog=True, closeShape=True, contrast=1.0, depth=-3.0, fillColor='green', fillColorSpace='named', fillRGB=array([   0.,  128.,    0.]), interpolate=True, lineColor='green', lineColorSpace='named', lineRGB=array([   0.,  128.,    0.]), lineWidth=1, name='polygon_2', opacity=1.0, ori=array(0.0), pos=array([ 365., -115.]), size=array([ 100.,  100.]), units='pix', vertices=ndarray(...), win=Window(...))
8.3154 	EXP 	Created polygon_3 = Polygon(autoDraw=False, autoLog=True, closeShape=True, contrast=1.0, depth=-4.0, fillColor='blue', fillColorSpace='named', fillRGB=array([   0.,    0.,  255.]), interpolate=True, lineColor='blue', lineColorSpace='named', lineRGB=array([   0.,    0.,  255.]), lineWidth=1, name='polygon_3', opacity=1.0, ori=array(0.0), pos=array([ 135., -115.]), size=array([ 100.,  100.]), units='pix', vertices=ndarray(...), win=Window(...))
8.3205 	EXP 	Created polygon_4 = Polygon(autoDraw=False, autoLog=True, closeShape=True, contrast=1.0, depth=-5.0, fillColor='blue', fillColorSpace='named', fillRGB=array([   0.,    0.,  255.]), interpolate=True, lineColor='blue', lineColorSpace='named', lineRGB=array([   0.,    0.,  255.]), lineWidth=1, name='polygon_4', opacity=1.0, ori=array(0.0), pos=array([ 250., -115.]), size=array([ 100.,  100.]), units='pix', vertices=ndarray(...), win=Window(...))
8.3316 	EXP 	Created choice = TextStim(alignHoriz='center', alignVert='center', antialias=True, autoLog=True, bold=False, color='white', colorSpace='named', contrast=1.0, depth=-6.0, flipHoriz=False, flipVert=False, font='Arial', fontFiles=[], height=50, italic=False, name='choice', opacity=1.0, ori=0, pos=array([   0., -300.]), rgb=array([ 255.,  255.,  255.]), text=u"Press 'y' for Yes  \nPress 'n' for No", units='pix', win=Window(...), wrapWidth=500)
8.3393 	EXP 	Created thankyou = TextStim(alignHoriz='center', alignVert='center', antialias=True, autoLog=True, bold=False, color='white', colorSpace='named', contrast=1.0, depth=0.0, flipHoriz=False, flipVert=False, font='Arial', fontFiles=[], height=50, italic=False, name='thankyou', opacity=1.0, ori=0, pos=array([ 0.,  0.]), rgb=array([ 255.,  255.,  255.]), text=u'Thank you for your participation.\n', units='pix', win=Window(...), wrapWidth=500)
8.3507 	EXP 	instruct: pos = array([   0.,  150.])
8.3507 	EXP 	na: pos = array([-110., -100.])
8.3507 	EXP 	na: size = array([ 100.,  100.])
8.3507 	EXP 	nb: pos = array([   0., -100.])
8.3507 	EXP 	nb: size = array([ 100.,  100.])
8.3507 	EXP 	nc: pos = array([ 110., -100.])
8.3507 	EXP 	nc: size = array([ 100.,  100.])
8.3507 	EXP 	welcome: autoDraw = True
11.3511 	EXP 	welcome: autoDraw = False
11.3681 	EXP 	instruct: autoDraw = True
14.3685 	EXP 	rob0: autoDraw = True
14.3685 	EXP 	robb: autoDraw = True
14.8686 	EXP 	na: autoDraw = True
15.3685 	EXP 	nb: autoDraw = True
15.8688 	EXP 	nc: autoDraw = True
16.8689 	EXP 	s1: autoDraw = True
17.8691 	EXP 	s2: autoDraw = True
18.8692 	EXP 	s3: autoDraw = True
22.3524 	EXP 	na: autoDraw = False
22.3524 	EXP 	nb: autoDraw = False
22.3524 	EXP 	nc: autoDraw = False
22.3524 	EXP 	s1: autoDraw = False
22.3524 	EXP 	s2: autoDraw = False
22.3524 	EXP 	s3: autoDraw = False
22.3696 	EXP 	heart: autoDraw = True
26.3701 	EXP 	instruct: autoDraw = False
26.3701 	EXP 	rob0: autoDraw = False
26.3701 	EXP 	robb: autoDraw = False
26.3701 	EXP 	heart: autoDraw = False
26.3701 	EXP 	welcome: autoDraw = False
26.3701 	EXP 	instruct: autoDraw = False
26.3701 	EXP 	rob0: autoDraw = False
26.3701 	EXP 	robb: autoDraw = False
26.3701 	EXP 	na: autoDraw = False
26.3701 	EXP 	nb: autoDraw = False
26.3701 	EXP 	nc: autoDraw = False
26.3701 	EXP 	s1: autoDraw = False
26.3701 	EXP 	s2: autoDraw = False
26.3701 	EXP 	s3: autoDraw = False
26.3701 	EXP 	heart: autoDraw = False
26.3701 	EXP 	text_2: pos = array([-300.,  300.])
26.3701 	EXP 	nod1: fillColor = 'red (named)'
26.3701 	EXP 	nod1: pos = array([ 20.,   0.])
26.3701 	EXP 	nod2: fillColor = 'yellow (named)'
26.3701 	EXP 	nod2: pos = array([  20.,  115.])
26.3701 	EXP 	nod2: lineColor = 'yellow (named)'
26.3701 	EXP 	nod3: fillColor = 'blue (named)'
26.3701 	EXP 	nod3: lineColor = 'blue (named)'
26.3701 	EXP 	nod4: fillColor = 'blue (named)'
26.3701 	EXP 	nod4: lineColor = 'blue (named)'
26.3701 	EXP 	rob1: ori = 0.0
26.3701 	EXP 	rob2: image = 'robot1.png'
26.3701 	EXP 	sh1: size = array([  40.,  110.])
26.3701 	EXP 	text_2: autoDraw = True
26.3701 	EXP 	nod1: autoDraw = True
26.3701 	EXP 	nod2: autoDraw = True
26.3701 	EXP 	nod3: autoDraw = True
26.3701 	EXP 	nod4: autoDraw = True
26.3701 	EXP 	rob1: autoDraw = True
26.3701 	EXP 	rob2: autoDraw = True
28.3703 	EXP 	sh1: autoDraw = True
28.8704 	EXP 	sh2a: autoDraw = True
28.8704 	EXP 	sh2b: autoDraw = True
29.3705 	EXP 	sh3: autoDraw = True
29.8705 	EXP 	sh4: autoDraw = True
33.7146 	DATA 	Keypress: space
33.7371 	EXP 	text_2: autoDraw = False
33.7371 	EXP 	nod1: autoDraw = False
33.7371 	EXP 	nod2: autoDraw = False
33.7371 	EXP 	nod3: autoDraw = False
33.7371 	EXP 	nod4: autoDraw = False
33.7371 	EXP 	rob1: autoDraw = False
33.7371 	EXP 	rob2: autoDraw = False
33.7371 	EXP 	sh1: autoDraw = False
33.7371 	EXP 	sh2a: autoDraw = False
33.7371 	EXP 	sh2b: autoDraw = False
33.7371 	EXP 	sh3: autoDraw = False
33.7371 	EXP 	sh4: autoDraw = False
33.7371 	EXP 	star: autoDraw = True
35.9913 	DATA 	Keypress: space
36.0192 	EXP 	Imported designs.xlsx as conditions, 4 conditions, 17 params
36.0198 	EXP 	Created sequence: sequential, trialTypes=4, nReps=1, seed=None
36.0207 	EXP 	New trial (rep=0, index=0): {u'n2col': u'blue', u'n4col': u'red', u'n3col': u'green', u'corrAns': u'a', u'r4': u'd', u'n1col': u'blue', u'r1': u'a', u'r2': u'b', u'rs': u'LOC21', u'r3': u'c', u're': u'LOC9', u'n5col': u'red', u'n1': u'LOC22', u'n2': u'LOC23', u'n3': u'LOC24', u'n4': u'LOC19', u'n5': u'LOC14'}
36.0374 	EXP 	star: autoDraw = False
36.0374 	EXP 	robotS: pos = array([  20., -230.])
36.0374 	EXP 	node1: fillColor = u'blue (named)'
36.0374 	EXP 	node1: pos = array([ 135., -230.])
36.0374 	EXP 	node2: fillColor = u'blue (named)'
36.0374 	EXP 	node2: pos = array([ 250., -230.])
36.0374 	EXP 	node3: fillColor = u'green (named)'
36.0374 	EXP 	node3: pos = array([ 365., -230.])
36.0374 	EXP 	node4: fillColor = u'red (named)'
36.0374 	EXP 	node4: pos = array([ 365., -115.])
36.0374 	EXP 	node5: fillColor = u'red (named)'
36.0374 	EXP 	node5: pos = array([ 365.,    0.])
36.0374 	EXP 	robotF: pos = array([ 365.,  115.])
36.0374 	EXP 	whitebackground: autoDraw = True
36.0374 	EXP 	robotS: autoDraw = True
36.0374 	EXP 	node1: autoDraw = True
36.0374 	EXP 	node2: autoDraw = True
36.0374 	EXP 	node3: autoDraw = True
36.0374 	EXP 	node4: autoDraw = True
36.0374 	EXP 	node5: autoDraw = True
36.0374 	EXP 	robotF: autoDraw = True
36.0374 	EXP 	select1: autoDraw = True
36.0374 	EXP 	select2: autoDraw = True
36.0374 	EXP 	select3: autoDraw = True
36.0374 	EXP 	select4: autoDraw = True
36.0374 	EXP 	selection: autoDraw = True
36.0374 	EXP 	sel: autoDraw = True
41.3419 	DATA 	Keypress: a
42.2249 	DATA 	Keypress: a
43.4416 	DATA 	Keypress: a
57.5268 	DATA 	Keypress: c
57.5304 	EXP 	New trial (rep=0, index=1): {u'n2col': u'yellow', u'n4col': u'green', u'n3col': u'blue', u'corrAns': u'b', u'r4': u'd', u'n1col': u'red', u'r1': u'a', u'r2': u'b', u'rs': u'LOC21', u'r3': u'c', u're': u'LOC3', u'n5col': u'red', u'n1': u'LOC16', u'n2': u'LOC11', u'n3': u'LOC12', u'n4': u'LOC13', u'n5': u'LOC8'}
57.5570 	EXP 	whitebackground: autoDraw = False
57.5570 	EXP 	robotS: autoDraw = False
57.5570 	EXP 	node1: autoDraw = False
57.5570 	EXP 	node2: autoDraw = False
57.5570 	EXP 	node3: autoDraw = False
57.5570 	EXP 	node4: autoDraw = False
57.5570 	EXP 	node5: autoDraw = False
57.5570 	EXP 	robotF: autoDraw = False
57.5570 	EXP 	select1: autoDraw = False
57.5570 	EXP 	select2: autoDraw = False
57.5570 	EXP 	select3: autoDraw = False
57.5570 	EXP 	select4: autoDraw = False
57.5570 	EXP 	selection: autoDraw = False
57.5570 	EXP 	sel: autoDraw = False
57.5570 	EXP 	robotS: pos = array([  20., -230.])
57.5570 	EXP 	node1: fillColor = u'red (named)'
57.5570 	EXP 	node1: pos = array([  20., -115.])
57.5570 	EXP 	node2: fillColor = u'yellow (named)'
57.5570 	EXP 	node2: pos = array([ 20.,   0.])
57.5570 	EXP 	node3: fillColor = u'blue (named)'
57.5570 	EXP 	node3: pos = array([ 135.,    0.])
57.5570 	EXP 	node4: fillColor = u'green (named)'
57.5570 	EXP 	node4: pos = array([ 250.,    0.])
57.5570 	EXP 	node5: fillColor = u'red (named)'
57.5570 	EXP 	node5: pos = array([ 250.,  115.])
57.5570 	EXP 	robotF: pos = array([ 250.,  230.])
57.5570 	EXP 	whitebackground: autoDraw = True
57.5570 	EXP 	robotS: autoDraw = True
57.5570 	EXP 	node1: autoDraw = True
57.5570 	EXP 	node2: autoDraw = True
57.5570 	EXP 	node3: autoDraw = True
57.5570 	EXP 	node4: autoDraw = True
57.5570 	EXP 	node5: autoDraw = True
57.5570 	EXP 	robotF: autoDraw = True
57.5570 	EXP 	select1: autoDraw = True
57.5570 	EXP 	select2: autoDraw = True
57.5570 	EXP 	select3: autoDraw = True
57.5570 	EXP 	select4: autoDraw = True
57.5570 	EXP 	selection: autoDraw = True
57.5570 	EXP 	sel: autoDraw = True
58.0605 	DATA 	Keypress: c
58.5768 	DATA 	Keypress: c
58.9106 	DATA 	Keypress: c
59.4439 	DATA 	Keypress: c
59.4468 	EXP 	New trial (rep=0, index=2): {u'n2col': u'red', u'n4col': u'blue', u'n3col': u'yellow', u'corrAns': u'c', u'r4': u'd', u'n1col': u'red', u'r1': u'a', u'r2': u'b', u'rs': u'LOC22', u'r3': u'c', u're': u'LOC10', u'n5col': u'blue', u'n1': u'LOC17', u'n2': u'LOC12', u'n3': u'LOC7', u'n4': u'LOC8', u'n5': u'LOC9'}
59.4735 	EXP 	whitebackground: autoDraw = False
59.4735 	EXP 	robotS: autoDraw = False
59.4735 	EXP 	node1: autoDraw = False
59.4735 	EXP 	node2: autoDraw = False
59.4735 	EXP 	node3: autoDraw = False
59.4735 	EXP 	node4: autoDraw = False
59.4735 	EXP 	node5: autoDraw = False
59.4735 	EXP 	robotF: autoDraw = False
59.4735 	EXP 	select1: autoDraw = False
59.4735 	EXP 	select2: autoDraw = False
59.4735 	EXP 	select3: autoDraw = False
59.4735 	EXP 	select4: autoDraw = False
59.4735 	EXP 	selection: autoDraw = False
59.4735 	EXP 	sel: autoDraw = False
59.4735 	EXP 	robotS: pos = array([ 135., -230.])
59.4735 	EXP 	node1: fillColor = u'red (named)'
59.4735 	EXP 	node1: pos = array([ 135., -115.])
59.4735 	EXP 	node2: fillColor = u'red (named)'
59.4735 	EXP 	node2: pos = array([ 135.,    0.])
59.4735 	EXP 	node3: fillColor = u'yellow (named)'
59.4735 	EXP 	node3: pos = array([ 135.,  115.])
59.4735 	EXP 	node4: fillColor = u'blue (named)'
59.4735 	EXP 	node4: pos = array([ 250.,  115.])
59.4735 	EXP 	node5: fillColor = u'blue (named)'
59.4735 	EXP 	node5: pos = array([ 365.,  115.])
59.4735 	EXP 	robotF: pos = array([ 480.,  115.])
59.4735 	EXP 	whitebackground: autoDraw = True
59.4735 	EXP 	robotS: autoDraw = True
59.4735 	EXP 	node1: autoDraw = True
59.4735 	EXP 	node2: autoDraw = True
59.4735 	EXP 	node3: autoDraw = True
59.4735 	EXP 	node4: autoDraw = True
59.4735 	EXP 	node5: autoDraw = True
59.4735 	EXP 	robotF: autoDraw = True
59.4735 	EXP 	select1: autoDraw = True
59.4735 	EXP 	select2: autoDraw = True
59.4735 	EXP 	select3: autoDraw = True
59.4735 	EXP 	select4: autoDraw = True
59.4735 	EXP 	selection: autoDraw = True
59.4735 	EXP 	sel: autoDraw = True
59.9774 	DATA 	Keypress: c
60.8605 	DATA 	Keypress: c
75.2159 	DATA 	Keypress: c
76.0791 	DATA 	Keypress: c
76.0817 	EXP 	New trial (rep=0, index=3): {u'n2col': u'yellow', u'n4col': u'yellow', u'n3col': u'green', u'corrAns': u'd', u'r4': u'd', u'n1col': u'green', u'r1': u'a', u'r2': u'b', u'rs': u'LOC16', u'r3': u'c', u're': u'LOC10', u'n5col': u'blue', u'n1': u'LOC17', u'n2': u'LOC12', u'n3': u'LOC13', u'n4': u'LOC8', u'n5': u'LOC9'}
76.1092 	EXP 	whitebackground: autoDraw = False
76.1092 	EXP 	robotS: autoDraw = False
76.1092 	EXP 	node1: autoDraw = False
76.1092 	EXP 	node2: autoDraw = False
76.1092 	EXP 	node3: autoDraw = False
76.1092 	EXP 	node4: autoDraw = False
76.1092 	EXP 	node5: autoDraw = False
76.1092 	EXP 	robotF: autoDraw = False
76.1092 	EXP 	select1: autoDraw = False
76.1092 	EXP 	select2: autoDraw = False
76.1092 	EXP 	select3: autoDraw = False
76.1092 	EXP 	select4: autoDraw = False
76.1092 	EXP 	selection: autoDraw = False
76.1092 	EXP 	sel: autoDraw = False
76.1092 	EXP 	robotS: pos = array([  20., -115.])
76.1092 	EXP 	node1: fillColor = u'green (named)'
76.1092 	EXP 	node1: pos = array([ 135., -115.])
76.1092 	EXP 	node2: fillColor = u'yellow (named)'
76.1092 	EXP 	node2: pos = array([ 135.,    0.])
76.1092 	EXP 	node3: fillColor = u'green (named)'
76.1092 	EXP 	node3: pos = array([ 250.,    0.])
76.1092 	EXP 	node4: fillColor = u'yellow (named)'
76.1092 	EXP 	node4: pos = array([ 250.,  115.])
76.1092 	EXP 	node5: fillColor = u'blue (named)'
76.1092 	EXP 	node5: pos = array([ 365.,  115.])
76.1092 	EXP 	robotF: pos = array([ 480.,  115.])
76.1092 	EXP 	whitebackground: autoDraw = True
76.1092 	EXP 	robotS: autoDraw = True
76.1092 	EXP 	node1: autoDraw = True
76.1092 	EXP 	node2: autoDraw = True
76.1092 	EXP 	node3: autoDraw = True
76.1092 	EXP 	node4: autoDraw = True
76.1092 	EXP 	node5: autoDraw = True
76.1092 	EXP 	robotF: autoDraw = True
76.1092 	EXP 	select1: autoDraw = True
76.1092 	EXP 	select2: autoDraw = True
76.1092 	EXP 	select3: autoDraw = True
76.1092 	EXP 	select4: autoDraw = True
76.1092 	EXP 	selection: autoDraw = True
76.1092 	EXP 	sel: autoDraw = True
76.4992 	DATA 	Keypress: c
76.8458 	DATA 	Keypress: c
77.3126 	DATA 	Keypress: c
77.6958 	DATA 	Keypress: c
77.7093 	EXP 	whitebackground: autoDraw = False
77.7093 	EXP 	robotS: autoDraw = False
77.7093 	EXP 	node1: autoDraw = False
77.7093 	EXP 	node2: autoDraw = False
77.7093 	EXP 	node3: autoDraw = False
77.7093 	EXP 	node4: autoDraw = False
77.7093 	EXP 	node5: autoDraw = False
77.7093 	EXP 	robotF: autoDraw = False
77.7093 	EXP 	select1: autoDraw = False
77.7093 	EXP 	select2: autoDraw = False
77.7093 	EXP 	select3: autoDraw = False
77.7093 	EXP 	select4: autoDraw = False
77.7093 	EXP 	selection: autoDraw = False
77.7093 	EXP 	sel: autoDraw = False
77.7093 	EXP 	Evaluation: autoDraw = True
77.7093 	EXP 	polygon: autoDraw = True
77.7093 	EXP 	polygon_2: autoDraw = True
77.7093 	EXP 	polygon_3: autoDraw = True
77.7093 	EXP 	polygon_4: autoDraw = True
79.7263 	EXP 	choice: autoDraw = True
81.7098 	EXP 	polygon_4: autoDraw = False
82.7099 	EXP 	Evaluation: autoDraw = False
82.7099 	EXP 	polygon: autoDraw = False
82.7099 	EXP 	polygon_2: autoDraw = False
82.7099 	EXP 	polygon_3: autoDraw = False
82.7099 	EXP 	choice: autoDraw = False
110.4980 	DATA 	Keypress: escape
