7.2811 	EXP 	Created window1 = Window(allowGUI=False, allowStencil=False, autoLog=True, bitsMode=UNKNOWN, blendMode='avg', color='black', colorSpace='named', fullscr=UNKNOWN, gamma=None, lms=UNKNOWN, monitor=<psychopy.monitors.calibTools.Monitor object at 0x11197cad0>, name='window1', pos=[0, 0], screen=0, size=array([1440,  900]), stereo=False, units='pix', useFBO=True, useRetina=False, viewOri=0.0, viewPos=None, viewScale=None, waitBlanking=True, winType='pyglet')
7.2812 	EXP 	window1: recordFrameIntervals = False
7.4469 	EXP 	window1: recordFrameIntervals = True
7.6305 	EXP 	window1: recordFrameIntervals = False
7.7957 	EXP 	Created welcome = TextStim(alignHoriz='center', alignVert='center', antialias=True, autoLog=True, bold=False, color='white', colorSpace='named', contrast=1.0, depth=-1.0, flipHoriz=False, flipVert=False, font='Arial', fontFiles=[], height=100, italic=False, name='welcome', opacity=1.0, ori=0, pos=array([ 0.,  0.]), rgb=array([ 255.,  255.,  255.]), text=u'Welcome!', units='pix', win=Window(...), wrapWidth=500)
7.8327 	EXP 	Created instruct = TextStim(alignHoriz='center', alignVert='center', antialias=True, autoLog=True, bold=False, color='white', colorSpace='named', contrast=1.0, depth=-2.0, flipHoriz=False, flipVert=False, font='Arial', fontFiles=[], height=50, italic=False, name='instruct', opacity=1.0, ori=0, pos=array([ 0.,  0.]), rgb=array([ 255.,  255.,  255.]), text=unicode(...), units='pix', win=Window(...), wrapWidth=500)
7.9294 	EXP 	Created rob0 = ImageStim(autoLog=True, color=array([ 1.,  1.,  1.]), colorSpace='rgb', contrast=1.0, depth=-3.0, flipHoriz=False, flipVert=False, image='robot1.png', interpolate=True, mask=None, maskParams=None, name='rob0', opacity=1.0, ori=0.0, pos=array([-250., -100.]), size=array([ 200.,  200.]), texRes=128, units='pix', win=Window(...))
7.9458 	EXP 	Created robb = ImageStim(autoLog=True, color=array([ 1.,  1.,  1.]), colorSpace='rgb', contrast=1.0, depth=-4.0, flipHoriz=False, flipVert=False, image='robot1.png', interpolate=True, mask=None, maskParams=None, name='robb', opacity=1.0, ori=0.0, pos=array([ 250., -100.]), size=array([ 200.,  200.]), texRes=128, units='pix', win=Window(...))
7.9621 	EXP 	Created na = Polygon(autoDraw=False, autoLog=True, closeShape=True, contrast=1.0, depth=-5.0, fillColor='blue', fillColorSpace='named', fillRGB=array([   0.,    0.,  255.]), interpolate=True, lineColor='blue', lineColorSpace='named', lineRGB=array([   0.,    0.,  255.]), lineWidth=1, name='na', opacity=1.0, ori=array(0.0), pos=array([ 0.,  0.]), size=array([ 1.,  1.]), units='pix', vertices=ndarray(...), win=Window(...))
7.9683 	EXP 	Created nb = Polygon(autoDraw=False, autoLog=True, closeShape=True, contrast=1.0, depth=-6.0, fillColor='blue', fillColorSpace='named', fillRGB=array([   0.,    0.,  255.]), interpolate=True, lineColor='blue', lineColorSpace='named', lineRGB=array([   0.,    0.,  255.]), lineWidth=1, name='nb', opacity=1.0, ori=array(0.0), pos=array([ 0.,  0.]), size=array([ 1.,  1.]), units='pix', vertices=ndarray(...), win=Window(...))
7.9745 	EXP 	Created nc = Polygon(autoDraw=False, autoLog=True, closeShape=True, contrast=1.0, depth=-7.0, fillColor='blue', fillColorSpace='named', fillRGB=array([   0.,    0.,  255.]), interpolate=True, lineColor='blue', lineColorSpace='named', lineRGB=array([   0.,    0.,  255.]), lineWidth=1, name='nc', opacity=1.0, ori=array(0.0), pos=array([ 0.,  0.]), size=array([ 1.,  1.]), units='pix', vertices=ndarray(...), win=Window(...))
7.9768 	EXP 	<method-wrapper '__getattribute__' of attributeSetter object at 0x10e7250d0>: vertices = array([[-55.,  20.],
       [ 55.,  20.],
       [ 55., -20.],
       [-55., -20.]])
7.9784 	EXP 	Created s1 = Rect(autoDraw=False, autoLog=True, closeShape=True, contrast=1.0, depth=-8.0, fillColor='black', fillColorSpace='named', fillRGB=array([ 0.,  0.,  0.]), interpolate=True, lineColor='black', lineColorSpace='named', lineRGB=array([ 0.,  0.,  0.]), lineWidth=1, name='s1', opacity=1.0, ori=array(0.0), pos=array([-110., -100.]), size=array([ 1.,  1.]), units='pix', vertices=ndarray(...), win=Window(...))
7.9788 	EXP 	<method-wrapper '__getattribute__' of attributeSetter object at 0x10e7250d0>: vertices = array([[-55.,  20.],
       [ 55.,  20.],
       [ 55., -20.],
       [-55., -20.]])
7.9803 	EXP 	Created s2 = Rect(autoDraw=False, autoLog=True, closeShape=True, contrast=1.0, depth=-9.0, fillColor='black', fillColorSpace='named', fillRGB=array([ 0.,  0.,  0.]), interpolate=True, lineColor='black', lineColorSpace='named', lineRGB=array([ 0.,  0.,  0.]), lineWidth=1, name='s2', opacity=1.0, ori=array(0.0), pos=array([   0., -100.]), size=array([ 1.,  1.]), units='pix', vertices=ndarray(...), win=Window(...))
7.9807 	EXP 	<method-wrapper '__getattribute__' of attributeSetter object at 0x10e7250d0>: vertices = array([[-55.,  20.],
       [ 55.,  20.],
       [ 55., -20.],
       [-55., -20.]])
7.9823 	EXP 	Created s3 = Rect(autoDraw=False, autoLog=True, closeShape=True, contrast=1.0, depth=-10.0, fillColor='black', fillColorSpace='named', fillRGB=array([ 0.,  0.,  0.]), interpolate=True, lineColor='black', lineColorSpace='named', lineRGB=array([ 0.,  0.,  0.]), lineWidth=1, name='s3', opacity=1.0, ori=array(0.0), pos=array([ 110., -100.]), size=array([ 1.,  1.]), units='pix', vertices=ndarray(...), win=Window(...))
8.4660 	EXP 	Created heart = ImageStim(autoLog=True, color=array([ 1.,  1.,  1.]), colorSpace='rgb', contrast=1.0, depth=-11.0, flipHoriz=False, flipVert=False, image='heart.png', interpolate=True, mask=None, maskParams=None, name='heart', opacity=1.0, ori=0.0, pos=array([   0., -100.]), size=array([ 1.,  1.]), texRes=128, units='pix', win=Window(...))
8.5238 	EXP 	Created text_2 = TextStim(alignHoriz='center', alignVert='center', antialias=True, autoLog=True, bold=False, color='white', colorSpace='named', contrast=1.0, depth=-1.0, flipHoriz=False, flipVert=False, font='Arial', fontFiles=[], height=40, italic=False, name='text_2', opacity=1.0, ori=0, pos=array([ 0.,  0.]), rgb=array([ 255.,  255.,  255.]), text=u"Let's take an example", units='pix', win=Window(...), wrapWidth=500)
8.5303 	EXP 	Created nod1 = Polygon(autoDraw=False, autoLog=True, closeShape=True, contrast=1.0, depth=-2.0, fillColor=array([ 1.,  1.,  1.]), fillColorSpace='rgb', fillRGB=array([ 1.,  1.,  1.]), interpolate=True, lineColor='red', lineColorSpace='named', lineRGB=array([ 255.,    0.,    0.]), lineWidth=1, name='nod1', opacity=1.0, ori=array(0.0), pos=array([ 0.,  0.]), size=array([ 100.,  100.]), units='pix', vertices=ndarray(...), win=Window(...))
8.5372 	EXP 	Created nod2 = Polygon(autoDraw=False, autoLog=True, closeShape=True, contrast=1.0, depth=-3.0, fillColor=array([ 1.,  1.,  1.]), fillColorSpace='rgb', fillRGB=array([ 1.,  1.,  1.]), interpolate=True, lineColor=array([ 1.,  1.,  1.]), lineColorSpace='rgb', lineRGB=array([ 1.,  1.,  1.]), lineWidth=1, name='nod2', opacity=1.0, ori=array(0.0), pos=array([ 0.,  0.]), size=array([ 100.,  100.]), units='pix', vertices=ndarray(...), win=Window(...))
8.5463 	EXP 	Created nod3 = Polygon(autoDraw=False, autoLog=True, closeShape=True, contrast=1.0, depth=-4.0, fillColor=array([ 1.,  1.,  1.]), fillColorSpace='rgb', fillRGB=array([ 1.,  1.,  1.]), interpolate=True, lineColor=array([ 1.,  1.,  1.]), lineColorSpace='rgb', lineRGB=array([ 1.,  1.,  1.]), lineWidth=1, name='nod3', opacity=1.0, ori=array(0.0), pos=array([ 135.,  115.]), size=array([ 100.,  100.]), units='pix', vertices=ndarray(...), win=Window(...))
8.5526 	EXP 	Created nod4 = Polygon(autoDraw=False, autoLog=True, closeShape=True, contrast=1.0, depth=-5.0, fillColor=array([ 1.,  1.,  1.]), fillColorSpace='rgb', fillRGB=array([ 1.,  1.,  1.]), interpolate=True, lineColor=array([ 1.,  1.,  1.]), lineColorSpace='rgb', lineRGB=array([ 1.,  1.,  1.]), lineWidth=1, name='nod4', opacity=1.0, ori=array(0.0), pos=array([ 250.,  115.]), size=array([ 100.,  100.]), units='pix', vertices=ndarray(...), win=Window(...))
8.5651 	EXP 	Created rob1 = ImageStim(autoLog=True, color=array([ 1.,  1.,  1.]), colorSpace='rgb', contrast=1.0, depth=-6.0, flipHoriz=False, flipVert=False, image='robot1.png', interpolate=True, mask=None, maskParams=None, name='rob1', opacity=1.0, ori=1.0, pos=array([  20., -115.]), size=array([ 100.,  100.]), texRes=128, units='pix', win=Window(...))
8.5682 	EXP 	Created rob2 = ImageStim(autoLog=True, color=array([ 1.,  1.,  1.]), colorSpace='rgb', contrast=1.0, depth=-7.0, flipHoriz=False, flipVert=False, image='sin', interpolate=True, mask=None, maskParams=None, name='rob2', opacity=1.0, ori=0.0, pos=array([ 365.,  115.]), size=array([ 100.,  100.]), texRes=128, units='pix', win=Window(...))
8.5686 	EXP 	<method-wrapper '__getattribute__' of attributeSetter object at 0x10e7250d0>: vertices = array([[-0.5,  0.5],
       [ 0.5,  0.5],
       [ 0.5, -0.5],
       [-0.5, -0.5]])
8.5702 	EXP 	Created sh1 = Rect(autoDraw=False, autoLog=True, closeShape=True, contrast=1.0, depth=-9.0, fillColor='black', fillColorSpace='named', fillRGB=array([ 0.,  0.,  0.]), interpolate=True, lineColor='black', lineColorSpace='named', lineRGB=array([ 0.,  0.,  0.]), lineWidth=1, name='sh1', opacity=1.0, ori=array(0.0), pos=array([ 20.,   0.]), size=array([ 1.,  1.]), units='pix', vertices=ndarray(...), win=Window(...))
8.5706 	EXP 	<method-wrapper '__getattribute__' of attributeSetter object at 0x10e7250d0>: vertices = array([[-30.,  20.],
       [ 30.,  20.],
       [ 30., -20.],
       [-30., -20.]])
8.5720 	EXP 	Created sh2a = Rect(autoDraw=False, autoLog=True, closeShape=True, contrast=1.0, depth=-10.0, fillColor='black', fillColorSpace='named', fillRGB=array([ 0.,  0.,  0.]), interpolate=True, lineColor='black', lineColorSpace='named', lineRGB=array([ 0.,  0.,  0.]), lineWidth=1, name='sh2a', opacity=1.0, ori=array(0.0), pos=array([  50.,  113.]), size=array([ 1.,  1.]), units='pix', vertices=ndarray(...), win=Window(...))
8.5724 	EXP 	<method-wrapper '__getattribute__' of attributeSetter object at 0x10e7250d0>: vertices = array([[-20.,  40.],
       [ 20.,  40.],
       [ 20., -40.],
       [-20., -40.]])
8.5745 	EXP 	Created sh2b = Rect(autoDraw=False, autoLog=True, closeShape=True, contrast=1.0, depth=-11.0, fillColor='black', fillColorSpace='named', fillRGB=array([ 0.,  0.,  0.]), interpolate=True, lineColor='black', lineColorSpace='named', lineRGB=array([ 0.,  0.,  0.]), lineWidth=1, name='sh2b', opacity=1.0, ori=array(0.0), pos=array([ 22.,  93.]), size=array([ 1.,  1.]), units='pix', vertices=ndarray(...), win=Window(...))
8.5750 	EXP 	<method-wrapper '__getattribute__' of attributeSetter object at 0x10e7250d0>: vertices = array([[-55.,  20.],
       [ 55.,  20.],
       [ 55., -20.],
       [-55., -20.]])
8.5769 	EXP 	Created sh3 = Rect(autoDraw=False, autoLog=True, closeShape=True, contrast=1.0, depth=-12.0, fillColor='black', fillColorSpace='named', fillRGB=array([ 0.,  0.,  0.]), interpolate=True, lineColor='black', lineColorSpace='named', lineRGB=array([ 0.,  0.,  0.]), lineWidth=1, name='sh3', opacity=1.0, ori=array(0.0), pos=array([ 135.,  115.]), size=array([ 1.,  1.]), units='pix', vertices=ndarray(...), win=Window(...))
8.5774 	EXP 	<method-wrapper '__getattribute__' of attributeSetter object at 0x10e7250d0>: vertices = array([[-55.,  20.],
       [ 55.,  20.],
       [ 55., -20.],
       [-55., -20.]])
8.5794 	EXP 	Created sh4 = Rect(autoDraw=False, autoLog=True, closeShape=True, contrast=1.0, depth=-13.0, fillColor='black', fillColorSpace='named', fillRGB=array([ 0.,  0.,  0.]), interpolate=True, lineColor='black', lineColorSpace='named', lineRGB=array([ 0.,  0.,  0.]), lineWidth=1, name='sh4', opacity=1.0, ori=array(0.0), pos=array([ 250.,  115.]), size=array([ 1.,  1.]), units='pix', vertices=ndarray(...), win=Window(...))
8.6017 	EXP 	Created star = TextStim(alignHoriz='center', alignVert='center', antialias=True, autoLog=True, bold=False, color='white', colorSpace='named', contrast=1.0, depth=0.0, flipHoriz=False, flipVert=False, font='Arial', fontFiles=[], height=50, italic=False, name='star', opacity=1.0, ori=0, pos=array([ 0.,  0.]), rgb=array([ 255.,  255.,  255.]), text=unicode(...), units='pix', win=Window(...), wrapWidth=500)
8.6022 	EXP 	<method-wrapper '__getattribute__' of attributeSetter object at 0x10e7250d0>: vertices = array([[-400.,  450.],
       [ 400.,  450.],
       [ 400., -450.],
       [-400., -450.]])
8.6047 	EXP 	Created whitebackground = Rect(autoDraw=False, autoLog=True, closeShape=True, contrast=1.0, depth=-2.0, fillColor=array([ 1.,  1.,  1.]), fillColorSpace='rgb', fillRGB=array([ 1.,  1.,  1.]), interpolate=True, lineColor=array([ 1.,  1.,  1.]), lineColorSpace='rgb', lineRGB=array([ 1.,  1.,  1.]), lineWidth=0, name='whitebackground', opacity=1.0, ori=array(0.0), pos=array([-560.,    0.]), size=array([ 1.,  1.]), units='pix', vertices=ndarray(...), win=Window(...))
8.6192 	EXP 	Created robotS = ImageStim(autoLog=True, color=array([ 1.,  1.,  1.]), colorSpace='rgb', contrast=1.0, depth=-3.0, flipHoriz=False, flipVert=False, image='robot1.png', interpolate=True, mask=None, maskParams=None, name='robotS', opacity=1.0, ori=0.0, pos=array([ 0.,  0.]), size=array([ 100.,  100.]), texRes=128, units='pix', win=Window(...))
8.6287 	EXP 	Created node1 = Polygon(autoDraw=False, autoLog=True, closeShape=True, contrast=1.0, depth=-4.0, fillColor=array([ 1.,  1.,  1.]), fillColorSpace='rgb', fillRGB=array([ 1.,  1.,  1.]), interpolate=True, lineColor=array([ 1.,  1.,  1.]), lineColorSpace='rgb', lineRGB=array([ 1.,  1.,  1.]), lineWidth=0, name='node1', opacity=1.0, ori=array(0.0), pos=array([ 0.,  0.]), size=array([ 100.,  100.]), units='pix', vertices=ndarray(...), win=Window(...))
8.6354 	EXP 	Created node2 = Polygon(autoDraw=False, autoLog=True, closeShape=True, contrast=1.0, depth=-5.0, fillColor=array([ 1.,  1.,  1.]), fillColorSpace='rgb', fillRGB=array([ 1.,  1.,  1.]), interpolate=True, lineColor=array([ 1.,  1.,  1.]), lineColorSpace='rgb', lineRGB=array([ 1.,  1.,  1.]), lineWidth=0, name='node2', opacity=1.0, ori=array(0.0), pos=array([ 0.,  0.]), size=array([ 100.,  100.]), units='pix', vertices=ndarray(...), win=Window(...))
8.6440 	EXP 	Created node3 = Polygon(autoDraw=False, autoLog=True, closeShape=True, contrast=1.0, depth=-6.0, fillColor=array([ 1.,  1.,  1.]), fillColorSpace='rgb', fillRGB=array([ 1.,  1.,  1.]), interpolate=True, lineColor=array([ 1.,  1.,  1.]), lineColorSpace='rgb', lineRGB=array([ 1.,  1.,  1.]), lineWidth=0, name='node3', opacity=1.0, ori=array(0.0), pos=array([ 0.,  0.]), size=array([ 100.,  100.]), units='pix', vertices=ndarray(...), win=Window(...))
8.6506 	EXP 	Created node4 = Polygon(autoDraw=False, autoLog=True, closeShape=True, contrast=1.0, depth=-7.0, fillColor=array([ 1.,  1.,  1.]), fillColorSpace='rgb', fillRGB=array([ 1.,  1.,  1.]), interpolate=True, lineColor=array([ 1.,  1.,  1.]), lineColorSpace='rgb', lineRGB=array([ 1.,  1.,  1.]), lineWidth=0, name='node4', opacity=1.0, ori=array(0.0), pos=array([ 0.,  0.]), size=array([ 100.,  100.]), units='pix', vertices=ndarray(...), win=Window(...))
8.6567 	EXP 	Created node5 = Polygon(autoDraw=False, autoLog=True, closeShape=True, contrast=1.0, depth=-8.0, fillColor=array([ 1.,  1.,  1.]), fillColorSpace='rgb', fillRGB=array([ 1.,  1.,  1.]), interpolate=True, lineColor=array([ 1.,  1.,  1.]), lineColorSpace='rgb', lineRGB=array([ 1.,  1.,  1.]), lineWidth=0, name='node5', opacity=1.0, ori=array(0.0), pos=array([ 0.,  0.]), size=array([ 100.,  100.]), units='pix', vertices=ndarray(...), win=Window(...))
8.6696 	EXP 	Created robotF = ImageStim(autoLog=True, color=array([ 1.,  1.,  1.]), colorSpace='rgb', contrast=1.0, depth=-9.0, flipHoriz=False, flipVert=False, image='robot1.png', interpolate=True, mask=None, maskParams=None, name='robotF', opacity=1.0, ori=0.0, pos=array([ 0.,  0.]), size=array([ 100.,  100.]), texRes=128, units='pix', win=Window(...))
8.6767 	EXP 	Created select1 = Polygon(autoDraw=False, autoLog=True, closeShape=True, contrast=1.0, depth=-10.0, fillColor='red', fillColorSpace='named', fillRGB=array([ 255.,    0.,    0.]), interpolate=True, lineColor=array([ 1.,  1.,  1.]), lineColorSpace='rgb', lineRGB=array([ 1.,  1.,  1.]), lineWidth=0, name='select1', opacity=1.0, ori=array(0.0), pos=array([-630.,    0.]), size=array([ 100.,  100.]), units='pix', vertices=ndarray(...), win=Window(...))
8.6842 	EXP 	Created select2 = Polygon(autoDraw=False, autoLog=True, closeShape=True, contrast=1.0, depth=-11.0, fillColor='blue', fillColorSpace='named', fillRGB=array([   0.,    0.,  255.]), interpolate=True, lineColor=array([ 1.,  1.,  1.]), lineColorSpace='rgb', lineRGB=array([ 1.,  1.,  1.]), lineWidth=0, name='select2', opacity=1.0, ori=array(0.0), pos=array([-630., -120.]), size=array([ 100.,  100.]), units='pix', vertices=ndarray(...), win=Window(...))
8.6931 	EXP 	Created select3 = Polygon(autoDraw=False, autoLog=True, closeShape=True, contrast=1.0, depth=-12.0, fillColor='yellow', fillColorSpace='named', fillRGB=array([ 255.,  255.,    0.]), interpolate=True, lineColor=array([ 1.,  1.,  1.]), lineColorSpace='rgb', lineRGB=array([ 1.,  1.,  1.]), lineWidth=0, name='select3', opacity=1.0, ori=array(0.0), pos=array([-630., -240.]), size=array([ 100.,  100.]), units='pix', vertices=ndarray(...), win=Window(...))
8.6993 	EXP 	Created select4 = Polygon(autoDraw=False, autoLog=True, closeShape=True, contrast=1.0, depth=-13.0, fillColor='green', fillColorSpace='named', fillRGB=array([   0.,  128.,    0.]), interpolate=True, lineColor=array([ 1.,  1.,  1.]), lineColorSpace='rgb', lineRGB=array([ 1.,  1.,  1.]), lineWidth=0, name='select4', opacity=1.0, ori=array(0.0), pos=array([-630., -360.]), size=array([ 100.,  100.]), units='pix', vertices=ndarray(...), win=Window(...))
8.7365 	EXP 	Created selection = ImageStim(autoLog=True, color=array([ 1.,  1.,  1.]), colorSpace='rgb', contrast=1.0, depth=-14.0, flipHoriz=False, flipVert=False, image='mastershapes.png', interpolate=True, mask=None, maskParams=None, name='selection', opacity=1.0, ori=0.0, pos=array([ 0.,  0.]), size=array([ 500.,  400.]), texRes=128, units='pix', win=Window(...))
8.7849 	EXP 	Created sel = TextStim(alignHoriz='center', alignVert='center', antialias=True, autoLog=True, bold=False, color='black', colorSpace='named', contrast=1.0, depth=-15.0, flipHoriz=False, flipVert=False, font='Arial', fontFiles=[], height=30, italic=False, name='sel', opacity=1.0, ori=0, pos=array([-450.,  250.]), rgb=array([ 0.,  0.,  0.]), text=unicode(...), units='pix', win=Window(...), wrapWidth=500)
8.8014 	EXP 	Created Evaluation = TextStim(alignHoriz='center', alignVert='center', antialias=True, autoLog=True, bold=False, color=u'white', colorSpace='named', contrast=1.0, depth=-1.0, flipHoriz=False, flipVert=False, font=u'Arial', fontFiles=[], height=50, italic=False, name='Evaluation', opacity=1.0, ori=0, pos=array([   0.,  300.]), rgb=array([ 255.,  255.,  255.]), text=unicode(...), units='pix', win=Window(...), wrapWidth=500)
8.8094 	EXP 	Created polygon = Polygon(autoDraw=False, autoLog=True, closeShape=True, contrast=1.0, depth=-2.0, fillColor=array([ 1.,  1.,  1.]), fillColorSpace='rgb', fillRGB=array([ 1.,  1.,  1.]), interpolate=True, lineColor=array([ 1.,  1.,  1.]), lineColorSpace='rgb', lineRGB=array([ 1.,  1.,  1.]), lineWidth=1, name='polygon', opacity=1.0, ori=array(0.0), pos=array([ 0.,  0.]), size=array([ 100.,  100.]), units='pix', vertices=ndarray(...), win=Window(...))
8.8188 	EXP 	Created polygon_2 = Polygon(autoDraw=False, autoLog=True, closeShape=True, contrast=1.0, depth=-3.0, fillColor=array([ 1.,  1.,  1.]), fillColorSpace='rgb', fillRGB=array([ 1.,  1.,  1.]), interpolate=True, lineColor=array([ 1.,  1.,  1.]), lineColorSpace='rgb', lineRGB=array([ 1.,  1.,  1.]), lineWidth=1, name='polygon_2', opacity=1.0, ori=array(0.0), pos=array([ 0.,  0.]), size=array([ 100.,  100.]), units='pix', vertices=ndarray(...), win=Window(...))
8.8254 	EXP 	Created polygon_3 = Polygon(autoDraw=False, autoLog=True, closeShape=True, contrast=1.0, depth=-4.0, fillColor=array([ 1.,  1.,  1.]), fillColorSpace='rgb', fillRGB=array([ 1.,  1.,  1.]), interpolate=True, lineColor=array([ 1.,  1.,  1.]), lineColorSpace='rgb', lineRGB=array([ 1.,  1.,  1.]), lineWidth=1, name='polygon_3', opacity=1.0, ori=array(0.0), pos=array([ 0.,  0.]), size=array([ 100.,  100.]), units='pix', vertices=ndarray(...), win=Window(...))
8.8321 	EXP 	Created polygon_4 = Polygon(autoDraw=False, autoLog=True, closeShape=True, contrast=1.0, depth=-5.0, fillColor=array([ 1.,  1.,  1.]), fillColorSpace='rgb', fillRGB=array([ 1.,  1.,  1.]), interpolate=True, lineColor=array([ 1.,  1.,  1.]), lineColorSpace='rgb', lineRGB=array([ 1.,  1.,  1.]), lineWidth=1, name='polygon_4', opacity=1.0, ori=array(0.0), pos=array([ 0.,  0.]), size=array([ 100.,  100.]), units='pix', vertices=ndarray(...), win=Window(...))
8.8397 	EXP 	Created polygon_5 = Polygon(autoDraw=False, autoLog=True, closeShape=True, contrast=1.0, depth=-6.0, fillColor=array([ 1.,  1.,  1.]), fillColorSpace='rgb', fillRGB=array([ 1.,  1.,  1.]), interpolate=True, lineColor=array([ 1.,  1.,  1.]), lineColorSpace='rgb', lineRGB=array([ 1.,  1.,  1.]), lineWidth=1, name='polygon_5', opacity=1.0, ori=array(0.0), pos=array([ 0.,  0.]), size=array([ 100.,  100.]), units='pix', vertices=ndarray(...), win=Window(...))
8.8471 	EXP 	Created choice = TextStim(alignHoriz='center', alignVert='center', antialias=True, autoLog=True, bold=False, color='white', colorSpace='named', contrast=1.0, depth=-7.0, flipHoriz=False, flipVert=False, font='Arial', fontFiles=[], height=50, italic=False, name='choice', opacity=1.0, ori=0, pos=array([   0., -300.]), rgb=array([ 255.,  255.,  255.]), text=u'default text', units='pix', win=Window(...), wrapWidth=500)
8.8590 	EXP 	Created ro = ImageStim(autoLog=True, color=array([ 1.,  1.,  1.]), colorSpace='rgb', contrast=1.0, depth=-8.0, flipHoriz=False, flipVert=False, image='robot1.png', interpolate=True, mask=None, maskParams=None, name='ro', opacity=1.0, ori=0.0, pos=array([ 0.,  0.]), size=array([ 100.,  100.]), texRes=128, units='pix', win=Window(...))
8.8719 	EXP 	Created rq = ImageStim(autoLog=True, color=array([ 1.,  1.,  1.]), colorSpace='rgb', contrast=1.0, depth=-9.0, flipHoriz=False, flipVert=False, image='robot1.png', interpolate=True, mask=None, maskParams=None, name='rq', opacity=1.0, ori=0.0, pos=array([ 0.,  0.]), size=array([ 100.,  100.]), texRes=128, units='pix', win=Window(...))
8.8728 	EXP 	Created text = TextStim(alignHoriz='center', alignVert='center', antialias=True, autoLog=True, bold=False, color=u'white', colorSpace='named', contrast=1.0, depth=-1.0, flipHoriz=False, flipVert=False, font=u'Arial', fontFiles=[], height=50, italic=False, name='text', opacity=1.0, ori=0, pos=array([ 0.,  0.]), rgb=array([ 255.,  255.,  255.]), text='', units='pix', win=Window(...), wrapWidth=500)
8.8829 	EXP 	Created thankyou = TextStim(alignHoriz='center', alignVert='center', antialias=True, autoLog=True, bold=False, color='white', colorSpace='named', contrast=1.0, depth=0.0, flipHoriz=False, flipVert=False, font='Arial', fontFiles=[], height=50, italic=False, name='thankyou', opacity=1.0, ori=0, pos=array([ 0.,  0.]), rgb=array([ 255.,  255.,  255.]), text=u'Thank you for your participation.\n', units='pix', win=Window(...), wrapWidth=500)
8.9136 	EXP 	instruct: pos = array([   0.,  150.])
8.9136 	EXP 	na: pos = array([-110., -100.])
8.9136 	EXP 	na: size = array([ 100.,  100.])
8.9136 	EXP 	nb: pos = array([   0., -100.])
8.9136 	EXP 	nb: size = array([ 100.,  100.])
8.9136 	EXP 	nc: pos = array([ 110., -100.])
8.9136 	EXP 	nc: size = array([ 100.,  100.])
8.9136 	EXP 	welcome: autoDraw = True
11.8976 	EXP 	welcome: autoDraw = False
11.9139 	EXP 	instruct: autoDraw = True
14.9142 	EXP 	rob0: autoDraw = True
14.9142 	EXP 	robb: autoDraw = True
15.4143 	EXP 	na: autoDraw = True
15.9145 	EXP 	nb: autoDraw = True
16.4144 	EXP 	nc: autoDraw = True
17.4145 	EXP 	s1: autoDraw = True
18.4147 	EXP 	s2: autoDraw = True
19.4147 	EXP 	s3: autoDraw = True
22.8987 	EXP 	na: autoDraw = False
22.8987 	EXP 	nb: autoDraw = False
22.8987 	EXP 	nc: autoDraw = False
22.8987 	EXP 	s1: autoDraw = False
22.8987 	EXP 	s2: autoDraw = False
22.8987 	EXP 	s3: autoDraw = False
22.9150 	EXP 	heart: autoDraw = True
26.9156 	EXP 	instruct: autoDraw = False
26.9156 	EXP 	rob0: autoDraw = False
26.9156 	EXP 	robb: autoDraw = False
26.9156 	EXP 	heart: autoDraw = False
26.9156 	EXP 	welcome: autoDraw = False
26.9156 	EXP 	instruct: autoDraw = False
26.9156 	EXP 	rob0: autoDraw = False
26.9156 	EXP 	robb: autoDraw = False
26.9156 	EXP 	na: autoDraw = False
26.9156 	EXP 	nb: autoDraw = False
26.9156 	EXP 	nc: autoDraw = False
26.9156 	EXP 	s1: autoDraw = False
26.9156 	EXP 	s2: autoDraw = False
26.9156 	EXP 	s3: autoDraw = False
26.9156 	EXP 	heart: autoDraw = False
26.9156 	EXP 	text_2: pos = array([-300.,  300.])
26.9156 	EXP 	nod1: fillColor = 'red (named)'
26.9156 	EXP 	nod1: pos = array([ 20.,   0.])
26.9156 	EXP 	nod2: fillColor = 'yellow (named)'
26.9156 	EXP 	nod2: pos = array([  20.,  115.])
26.9156 	EXP 	nod2: lineColor = 'yellow (named)'
26.9156 	EXP 	nod3: fillColor = 'blue (named)'
26.9156 	EXP 	nod3: lineColor = 'blue (named)'
26.9156 	EXP 	nod4: fillColor = 'blue (named)'
26.9156 	EXP 	nod4: lineColor = 'blue (named)'
26.9156 	EXP 	rob1: ori = 0.0
26.9156 	EXP 	rob2: image = 'robot1.png'
26.9156 	EXP 	sh1: size = array([  40.,  110.])
26.9156 	EXP 	text_2: autoDraw = True
26.9156 	EXP 	nod1: autoDraw = True
26.9156 	EXP 	nod2: autoDraw = True
26.9156 	EXP 	nod3: autoDraw = True
26.9156 	EXP 	nod4: autoDraw = True
26.9156 	EXP 	rob1: autoDraw = True
26.9156 	EXP 	rob2: autoDraw = True
28.9158 	EXP 	sh1: autoDraw = True
29.4159 	EXP 	sh2a: autoDraw = True
29.4159 	EXP 	sh2b: autoDraw = True
29.9158 	EXP 	sh3: autoDraw = True
30.4159 	EXP 	sh4: autoDraw = True
32.7801 	DATA 	Keypress: space
32.8161 	EXP 	text_2: autoDraw = False
32.8161 	EXP 	nod1: autoDraw = False
32.8161 	EXP 	nod2: autoDraw = False
32.8161 	EXP 	nod3: autoDraw = False
32.8161 	EXP 	nod4: autoDraw = False
32.8161 	EXP 	rob1: autoDraw = False
32.8161 	EXP 	rob2: autoDraw = False
32.8161 	EXP 	sh1: autoDraw = False
32.8161 	EXP 	sh2a: autoDraw = False
32.8161 	EXP 	sh2b: autoDraw = False
32.8161 	EXP 	sh3: autoDraw = False
32.8161 	EXP 	sh4: autoDraw = False
32.8161 	EXP 	star: autoDraw = True
33.1032 	DATA 	Keypress: space
33.1267 	EXP 	Imported designs.xlsx as conditions, 4 conditions, 16 params
33.1271 	EXP 	Created sequence: sequential, trialTypes=4, nReps=1, seed=None
33.1279 	EXP 	New trial (rep=0, index=0): {u'n2col': u'blue', u'n4col': u'red', u'n3col': u'green', u'r4': u'd', u'n1col': u'blue', u'r1': u'a', u'r2': u'b', u'rs': u'LOC21', u'r3': u'c', u're': u'LOC9', u'n5col': u'red', u'n1': u'LOC22', u'n2': u'LOC23', u'n3': u'LOC24', u'n4': u'LOC19', u'n5': u'LOC14'}
33.1496 	EXP 	star: autoDraw = False
33.1496 	EXP 	robotS: pos = array([  20., -230.])
33.1496 	EXP 	node1: fillColor = u'blue (named)'
33.1496 	EXP 	node1: pos = array([ 135., -230.])
33.1496 	EXP 	node2: fillColor = u'blue (named)'
33.1496 	EXP 	node2: pos = array([ 250., -230.])
33.1496 	EXP 	node3: fillColor = u'green (named)'
33.1496 	EXP 	node3: pos = array([ 365., -230.])
33.1496 	EXP 	node4: fillColor = u'red (named)'
33.1496 	EXP 	node4: pos = array([ 365., -115.])
33.1496 	EXP 	node5: fillColor = u'red (named)'
33.1496 	EXP 	node5: pos = array([ 365.,    0.])
33.1496 	EXP 	robotF: pos = array([ 365.,  115.])
33.1496 	EXP 	whitebackground: autoDraw = True
33.1496 	EXP 	robotS: autoDraw = True
33.1496 	EXP 	node1: autoDraw = True
33.1496 	EXP 	node2: autoDraw = True
33.1496 	EXP 	node3: autoDraw = True
33.1496 	EXP 	node4: autoDraw = True
33.1496 	EXP 	node5: autoDraw = True
33.1496 	EXP 	robotF: autoDraw = True
33.1496 	EXP 	select1: autoDraw = True
33.1496 	EXP 	select2: autoDraw = True
33.1496 	EXP 	select3: autoDraw = True
33.1496 	EXP 	select4: autoDraw = True
33.1496 	EXP 	selection: autoDraw = True
33.1496 	EXP 	sel: autoDraw = True
34.2873 	DATA 	Keypress: a
34.5031 	DATA 	Keypress: a
34.7200 	DATA 	Keypress: a
34.9400 	DATA 	Keypress: a
34.9531 	EXP 	New trial (rep=0, index=1): {u'n2col': u'yellow', u'n4col': u'green', u'n3col': u'blue', u'r4': u'd', u'n1col': u'red', u'r1': u'a', u'r2': u'b', u'rs': u'LOC21', u'r3': u'c', u're': u'LOC3', u'n5col': u'red', u'n1': u'LOC16', u'n2': u'LOC11', u'n3': u'LOC12', u'n4': u'LOC13', u'n5': u'LOC8'}
34.9831 	EXP 	whitebackground: autoDraw = False
34.9831 	EXP 	robotS: autoDraw = False
34.9831 	EXP 	node1: autoDraw = False
34.9831 	EXP 	node2: autoDraw = False
34.9831 	EXP 	node3: autoDraw = False
34.9831 	EXP 	node4: autoDraw = False
34.9831 	EXP 	node5: autoDraw = False
34.9831 	EXP 	robotF: autoDraw = False
34.9831 	EXP 	select1: autoDraw = False
34.9831 	EXP 	select2: autoDraw = False
34.9831 	EXP 	select3: autoDraw = False
34.9831 	EXP 	select4: autoDraw = False
34.9831 	EXP 	selection: autoDraw = False
34.9831 	EXP 	sel: autoDraw = False
34.9831 	EXP 	robotS: pos = array([  20., -230.])
34.9831 	EXP 	node1: fillColor = u'red (named)'
34.9831 	EXP 	node1: pos = array([  20., -115.])
34.9831 	EXP 	node2: fillColor = u'yellow (named)'
34.9831 	EXP 	node2: pos = array([ 20.,   0.])
34.9831 	EXP 	node3: fillColor = u'blue (named)'
34.9831 	EXP 	node3: pos = array([ 135.,    0.])
34.9831 	EXP 	node4: fillColor = u'green (named)'
34.9831 	EXP 	node4: pos = array([ 250.,    0.])
34.9831 	EXP 	node5: fillColor = u'red (named)'
34.9831 	EXP 	node5: pos = array([ 250.,  115.])
34.9831 	EXP 	robotF: pos = array([ 250.,  230.])
34.9831 	EXP 	whitebackground: autoDraw = True
34.9831 	EXP 	robotS: autoDraw = True
34.9831 	EXP 	node1: autoDraw = True
34.9831 	EXP 	node2: autoDraw = True
34.9831 	EXP 	node3: autoDraw = True
34.9831 	EXP 	node4: autoDraw = True
34.9831 	EXP 	node5: autoDraw = True
34.9831 	EXP 	robotF: autoDraw = True
34.9831 	EXP 	select1: autoDraw = True
34.9831 	EXP 	select2: autoDraw = True
34.9831 	EXP 	select3: autoDraw = True
34.9831 	EXP 	select4: autoDraw = True
34.9831 	EXP 	selection: autoDraw = True
34.9831 	EXP 	sel: autoDraw = True
35.1869 	DATA 	Keypress: a
35.4032 	DATA 	Keypress: a
35.6071 	DATA 	Keypress: a
35.9033 	DATA 	Keypress: a
35.9061 	EXP 	New trial (rep=0, index=2): {u'n2col': u'red', u'n4col': u'blue', u'n3col': u'yellow', u'r4': u'd', u'n1col': u'red', u'r1': u'a', u'r2': u'b', u'rs': u'LOC22', u'r3': u'c', u're': u'LOC10', u'n5col': u'blue', u'n1': u'LOC17', u'n2': u'LOC12', u'n3': u'LOC7', u'n4': u'LOC8', u'n5': u'LOC9'}
35.9330 	EXP 	whitebackground: autoDraw = False
35.9330 	EXP 	robotS: autoDraw = False
35.9330 	EXP 	node1: autoDraw = False
35.9330 	EXP 	node2: autoDraw = False
35.9330 	EXP 	node3: autoDraw = False
35.9330 	EXP 	node4: autoDraw = False
35.9330 	EXP 	node5: autoDraw = False
35.9330 	EXP 	robotF: autoDraw = False
35.9330 	EXP 	select1: autoDraw = False
35.9330 	EXP 	select2: autoDraw = False
35.9330 	EXP 	select3: autoDraw = False
35.9330 	EXP 	select4: autoDraw = False
35.9330 	EXP 	selection: autoDraw = False
35.9330 	EXP 	sel: autoDraw = False
35.9330 	EXP 	robotS: pos = array([ 135., -230.])
35.9330 	EXP 	node1: fillColor = u'red (named)'
35.9330 	EXP 	node1: pos = array([ 135., -115.])
35.9330 	EXP 	node2: fillColor = u'red (named)'
35.9330 	EXP 	node2: pos = array([ 135.,    0.])
35.9330 	EXP 	node3: fillColor = u'yellow (named)'
35.9330 	EXP 	node3: pos = array([ 135.,  115.])
35.9330 	EXP 	node4: fillColor = u'blue (named)'
35.9330 	EXP 	node4: pos = array([ 250.,  115.])
35.9330 	EXP 	node5: fillColor = u'blue (named)'
35.9330 	EXP 	node5: pos = array([ 365.,  115.])
35.9330 	EXP 	robotF: pos = array([ 480.,  115.])
35.9330 	EXP 	whitebackground: autoDraw = True
35.9330 	EXP 	robotS: autoDraw = True
35.9330 	EXP 	node1: autoDraw = True
35.9330 	EXP 	node2: autoDraw = True
35.9330 	EXP 	node3: autoDraw = True
35.9330 	EXP 	node4: autoDraw = True
35.9330 	EXP 	node5: autoDraw = True
35.9330 	EXP 	robotF: autoDraw = True
35.9330 	EXP 	select1: autoDraw = True
35.9330 	EXP 	select2: autoDraw = True
35.9330 	EXP 	select3: autoDraw = True
35.9330 	EXP 	select4: autoDraw = True
35.9330 	EXP 	selection: autoDraw = True
35.9330 	EXP 	sel: autoDraw = True
36.1206 	DATA 	Keypress: a
36.3738 	DATA 	Keypress: a
36.6535 	DATA 	Keypress: a
36.9237 	DATA 	Keypress: a
36.9361 	EXP 	New trial (rep=0, index=3): {u'n2col': u'yellow', u'n4col': u'yellow', u'n3col': u'green', u'r4': u'd', u'n1col': u'green', u'r1': u'a', u'r2': u'b', u'rs': u'LOC16', u'r3': u'c', u're': u'LOC10', u'n5col': u'blue', u'n1': u'LOC17', u'n2': u'LOC12', u'n3': u'LOC13', u'n4': u'LOC8', u'n5': u'LOC9'}
36.9667 	EXP 	whitebackground: autoDraw = False
36.9667 	EXP 	robotS: autoDraw = False
36.9667 	EXP 	node1: autoDraw = False
36.9667 	EXP 	node2: autoDraw = False
36.9667 	EXP 	node3: autoDraw = False
36.9667 	EXP 	node4: autoDraw = False
36.9667 	EXP 	node5: autoDraw = False
36.9667 	EXP 	robotF: autoDraw = False
36.9667 	EXP 	select1: autoDraw = False
36.9667 	EXP 	select2: autoDraw = False
36.9667 	EXP 	select3: autoDraw = False
36.9667 	EXP 	select4: autoDraw = False
36.9667 	EXP 	selection: autoDraw = False
36.9667 	EXP 	sel: autoDraw = False
36.9667 	EXP 	robotS: pos = array([  20., -115.])
36.9667 	EXP 	node1: fillColor = u'green (named)'
36.9667 	EXP 	node1: pos = array([ 135., -115.])
36.9667 	EXP 	node2: fillColor = u'yellow (named)'
36.9667 	EXP 	node2: pos = array([ 135.,    0.])
36.9667 	EXP 	node3: fillColor = u'green (named)'
36.9667 	EXP 	node3: pos = array([ 250.,    0.])
36.9667 	EXP 	node4: fillColor = u'yellow (named)'
36.9667 	EXP 	node4: pos = array([ 250.,  115.])
36.9667 	EXP 	node5: fillColor = u'blue (named)'
36.9667 	EXP 	node5: pos = array([ 365.,  115.])
36.9667 	EXP 	robotF: pos = array([ 480.,  115.])
36.9667 	EXP 	whitebackground: autoDraw = True
36.9667 	EXP 	robotS: autoDraw = True
36.9667 	EXP 	node1: autoDraw = True
36.9667 	EXP 	node2: autoDraw = True
36.9667 	EXP 	node3: autoDraw = True
36.9667 	EXP 	node4: autoDraw = True
36.9667 	EXP 	node5: autoDraw = True
36.9667 	EXP 	robotF: autoDraw = True
36.9667 	EXP 	select1: autoDraw = True
36.9667 	EXP 	select2: autoDraw = True
36.9667 	EXP 	select3: autoDraw = True
36.9667 	EXP 	select4: autoDraw = True
36.9667 	EXP 	selection: autoDraw = True
36.9667 	EXP 	sel: autoDraw = True
37.2201 	DATA 	Keypress: a
37.4210 	DATA 	Keypress: a
37.7366 	DATA 	Keypress: a
38.0545 	DATA 	Keypress: a
38.0912 	EXP 	Imported designs1.xlsx as conditions, 2 conditions, 13 params
38.0920 	EXP 	Created sequence: random, trialTypes=2, nReps=5, seed=None
38.0930 	EXP 	New trial (rep=0, index=0): {u'n1col': u'blue', u'n2col': u'yellow', u'n4col': u'yellow', u'rs': u'LOC16', u'n3col': u'red', u're': u'LOC10', u'corrAns': u'n', u'n5col': u'blue', u'n1': u'LOC17', u'n2': u'LOC12', u'n3': u'LOC13', u'n4': u'LOC8', u'n5': u'LOC9'}
38.1331 	EXP 	whitebackground: autoDraw = False
38.1331 	EXP 	robotS: autoDraw = False
38.1331 	EXP 	node1: autoDraw = False
38.1331 	EXP 	node2: autoDraw = False
38.1331 	EXP 	node3: autoDraw = False
38.1331 	EXP 	node4: autoDraw = False
38.1331 	EXP 	node5: autoDraw = False
38.1331 	EXP 	robotF: autoDraw = False
38.1331 	EXP 	select1: autoDraw = False
38.1331 	EXP 	select2: autoDraw = False
38.1331 	EXP 	select3: autoDraw = False
38.1331 	EXP 	select4: autoDraw = False
38.1331 	EXP 	selection: autoDraw = False
38.1331 	EXP 	sel: autoDraw = False
38.1331 	EXP 	polygon: fillColor = u'blue (named)'
38.1331 	EXP 	polygon: pos = array([ 135., -115.])
38.1331 	EXP 	polygon_2: fillColor = u'yellow (named)'
38.1331 	EXP 	polygon_2: pos = array([ 135.,    0.])
38.1331 	EXP 	polygon_3: fillColor = u'red (named)'
38.1331 	EXP 	polygon_3: pos = array([ 250.,    0.])
38.1331 	EXP 	polygon_4: fillColor = u'yellow (named)'
38.1331 	EXP 	polygon_4: pos = array([ 250.,  115.])
38.1331 	EXP 	polygon_5: fillColor = u'blue (named)'
38.1331 	EXP 	polygon_5: pos = array([ 365.,  115.])
38.1331 	EXP 	choice: text = "Press 'y' for Yes  \nPress 'n' for No"
38.1331 	EXP 	ro: color = '[ 1.  1.  1.] (rgb)'
38.1331 	EXP 	ro: pos = array([  20., -115.])
38.1331 	EXP 	rq: color = '[ 1.  1.  1.] (rgb)'
38.1331 	EXP 	rq: pos = array([ 480.,  115.])
38.1331 	EXP 	Evaluation: autoDraw = True
38.1331 	EXP 	polygon: autoDraw = True
38.1331 	EXP 	polygon_2: autoDraw = True
38.1331 	EXP 	polygon_3: autoDraw = True
38.1331 	EXP 	polygon_4: autoDraw = True
38.1331 	EXP 	polygon_5: autoDraw = True
38.1331 	EXP 	choice: autoDraw = True
38.1331 	EXP 	ro: autoDraw = True
38.1331 	EXP 	rq: autoDraw = True
45.1552 	DATA 	Keypress: y
45.1843 	EXP 	Evaluation: autoDraw = False
45.1843 	EXP 	polygon: autoDraw = False
45.1843 	EXP 	polygon_2: autoDraw = False
45.1843 	EXP 	polygon_3: autoDraw = False
45.1843 	EXP 	polygon_4: autoDraw = False
45.1843 	EXP 	polygon_5: autoDraw = False
45.1843 	EXP 	choice: autoDraw = False
45.1843 	EXP 	ro: autoDraw = False
45.1843 	EXP 	rq: autoDraw = False
45.1843 	EXP 	text: autoDraw = True
45.1843 	EXP 	text: text = ''
50.1695 	EXP 	New trial (rep=0, index=1): {u'n1col': u'green', u'n2col': u'yellow', u'n4col': u'yellow', u'rs': u'LOC16', u'n3col': u'green', u're': u'LOC10', u'corrAns': u'y', u'n5col': u'blue', u'n1': u'LOC17', u'n2': u'LOC12', u'n3': u'LOC13', u'n4': u'LOC8', u'n5': u'LOC9'}
50.2013 	EXP 	text: autoDraw = False
50.2013 	EXP 	text: autoDraw = False
50.2013 	EXP 	polygon: fillColor = u'green (named)'
50.2013 	EXP 	polygon: pos = array([ 135., -115.])
50.2013 	EXP 	polygon_2: fillColor = u'yellow (named)'
50.2013 	EXP 	polygon_2: pos = array([ 135.,    0.])
50.2013 	EXP 	polygon_3: fillColor = u'green (named)'
50.2013 	EXP 	polygon_3: pos = array([ 250.,    0.])
50.2013 	EXP 	polygon_4: fillColor = u'yellow (named)'
50.2013 	EXP 	polygon_4: pos = array([ 250.,  115.])
50.2013 	EXP 	polygon_5: fillColor = u'blue (named)'
50.2013 	EXP 	polygon_5: pos = array([ 365.,  115.])
50.2013 	EXP 	choice: text = "Press 'y' for Yes  \nPress 'n' for No"
50.2013 	EXP 	ro: color = '[ 1.  1.  1.] (rgb)'
50.2013 	EXP 	ro: pos = array([  20., -115.])
50.2013 	EXP 	rq: color = '[ 1.  1.  1.] (rgb)'
50.2013 	EXP 	rq: pos = array([ 480.,  115.])
50.2013 	EXP 	Evaluation: autoDraw = True
50.2013 	EXP 	polygon: autoDraw = True
50.2013 	EXP 	polygon_2: autoDraw = True
50.2013 	EXP 	polygon_3: autoDraw = True
50.2013 	EXP 	polygon_4: autoDraw = True
50.2013 	EXP 	polygon_5: autoDraw = True
50.2013 	EXP 	choice: autoDraw = True
50.2013 	EXP 	ro: autoDraw = True
50.2013 	EXP 	rq: autoDraw = True
54.4556 	DATA 	Keypress: n
54.4685 	EXP 	Evaluation: autoDraw = False
54.4685 	EXP 	polygon: autoDraw = False
54.4685 	EXP 	polygon_2: autoDraw = False
54.4685 	EXP 	polygon_3: autoDraw = False
54.4685 	EXP 	polygon_4: autoDraw = False
54.4685 	EXP 	polygon_5: autoDraw = False
54.4685 	EXP 	choice: autoDraw = False
54.4685 	EXP 	ro: autoDraw = False
54.4685 	EXP 	rq: autoDraw = False
54.4685 	EXP 	text: autoDraw = True
59.4537 	EXP 	New trial (rep=1, index=0): {u'n1col': u'blue', u'n2col': u'yellow', u'n4col': u'yellow', u'rs': u'LOC16', u'n3col': u'red', u're': u'LOC10', u'corrAns': u'n', u'n5col': u'blue', u'n1': u'LOC17', u'n2': u'LOC12', u'n3': u'LOC13', u'n4': u'LOC8', u'n5': u'LOC9'}
59.4690 	EXP 	text: autoDraw = False
59.4690 	EXP 	text: autoDraw = False
59.4690 	EXP 	polygon: fillColor = u'blue (named)'
59.4690 	EXP 	polygon: pos = array([ 135., -115.])
59.4690 	EXP 	polygon_2: fillColor = u'yellow (named)'
59.4690 	EXP 	polygon_2: pos = array([ 135.,    0.])
59.4690 	EXP 	polygon_3: fillColor = u'red (named)'
59.4690 	EXP 	polygon_3: pos = array([ 250.,    0.])
59.4690 	EXP 	polygon_4: fillColor = u'yellow (named)'
59.4690 	EXP 	polygon_4: pos = array([ 250.,  115.])
59.4690 	EXP 	polygon_5: fillColor = u'blue (named)'
59.4690 	EXP 	polygon_5: pos = array([ 365.,  115.])
59.4690 	EXP 	choice: text = "Press 'y' for Yes  \nPress 'n' for No"
59.4690 	EXP 	ro: color = '[ 1.  1.  1.] (rgb)'
59.4690 	EXP 	ro: pos = array([  20., -115.])
59.4690 	EXP 	rq: color = '[ 1.  1.  1.] (rgb)'
59.4690 	EXP 	rq: pos = array([ 480.,  115.])
59.4690 	EXP 	Evaluation: autoDraw = True
59.4690 	EXP 	polygon: autoDraw = True
59.4690 	EXP 	polygon_2: autoDraw = True
59.4690 	EXP 	polygon_3: autoDraw = True
59.4690 	EXP 	polygon_4: autoDraw = True
59.4690 	EXP 	polygon_5: autoDraw = True
59.4690 	EXP 	choice: autoDraw = True
59.4690 	EXP 	ro: autoDraw = True
59.4690 	EXP 	rq: autoDraw = True
61.8397 	DATA 	Keypress: y
61.8526 	EXP 	Evaluation: autoDraw = False
61.8526 	EXP 	polygon: autoDraw = False
61.8526 	EXP 	polygon_2: autoDraw = False
61.8526 	EXP 	polygon_3: autoDraw = False
61.8526 	EXP 	polygon_4: autoDraw = False
61.8526 	EXP 	polygon_5: autoDraw = False
61.8526 	EXP 	choice: autoDraw = False
61.8526 	EXP 	ro: autoDraw = False
61.8526 	EXP 	rq: autoDraw = False
61.8526 	EXP 	text: autoDraw = True
66.8379 	EXP 	New trial (rep=1, index=1): {u'n1col': u'green', u'n2col': u'yellow', u'n4col': u'yellow', u'rs': u'LOC16', u'n3col': u'green', u're': u'LOC10', u'corrAns': u'y', u'n5col': u'blue', u'n1': u'LOC17', u'n2': u'LOC12', u'n3': u'LOC13', u'n4': u'LOC8', u'n5': u'LOC9'}
66.8532 	EXP 	text: autoDraw = False
66.8532 	EXP 	text: autoDraw = False
66.8532 	EXP 	polygon: fillColor = u'green (named)'
66.8532 	EXP 	polygon: pos = array([ 135., -115.])
66.8532 	EXP 	polygon_2: fillColor = u'yellow (named)'
66.8532 	EXP 	polygon_2: pos = array([ 135.,    0.])
66.8532 	EXP 	polygon_3: fillColor = u'green (named)'
66.8532 	EXP 	polygon_3: pos = array([ 250.,    0.])
66.8532 	EXP 	polygon_4: fillColor = u'yellow (named)'
66.8532 	EXP 	polygon_4: pos = array([ 250.,  115.])
66.8532 	EXP 	polygon_5: fillColor = u'blue (named)'
66.8532 	EXP 	polygon_5: pos = array([ 365.,  115.])
66.8532 	EXP 	choice: text = "Press 'y' for Yes  \nPress 'n' for No"
66.8532 	EXP 	ro: color = '[ 1.  1.  1.] (rgb)'
66.8532 	EXP 	ro: pos = array([  20., -115.])
66.8532 	EXP 	rq: color = '[ 1.  1.  1.] (rgb)'
66.8532 	EXP 	rq: pos = array([ 480.,  115.])
66.8532 	EXP 	Evaluation: autoDraw = True
66.8532 	EXP 	polygon: autoDraw = True
66.8532 	EXP 	polygon_2: autoDraw = True
66.8532 	EXP 	polygon_3: autoDraw = True
66.8532 	EXP 	polygon_4: autoDraw = True
66.8532 	EXP 	polygon_5: autoDraw = True
66.8532 	EXP 	choice: autoDraw = True
66.8532 	EXP 	ro: autoDraw = True
66.8532 	EXP 	rq: autoDraw = True
67.7901 	DATA 	Keypress: n
67.8035 	EXP 	Evaluation: autoDraw = False
67.8035 	EXP 	polygon: autoDraw = False
67.8035 	EXP 	polygon_2: autoDraw = False
67.8035 	EXP 	polygon_3: autoDraw = False
67.8035 	EXP 	polygon_4: autoDraw = False
67.8035 	EXP 	polygon_5: autoDraw = False
67.8035 	EXP 	choice: autoDraw = False
67.8035 	EXP 	ro: autoDraw = False
67.8035 	EXP 	rq: autoDraw = False
67.8035 	EXP 	text: autoDraw = True
72.7885 	EXP 	New trial (rep=2, index=0): {u'n1col': u'green', u'n2col': u'yellow', u'n4col': u'yellow', u'rs': u'LOC16', u'n3col': u'green', u're': u'LOC10', u'corrAns': u'y', u'n5col': u'blue', u'n1': u'LOC17', u'n2': u'LOC12', u'n3': u'LOC13', u'n4': u'LOC8', u'n5': u'LOC9'}
72.8041 	EXP 	text: autoDraw = False
72.8041 	EXP 	text: autoDraw = False
72.8041 	EXP 	polygon: fillColor = u'green (named)'
72.8041 	EXP 	polygon: pos = array([ 135., -115.])
72.8041 	EXP 	polygon_2: fillColor = u'yellow (named)'
72.8041 	EXP 	polygon_2: pos = array([ 135.,    0.])
72.8041 	EXP 	polygon_3: fillColor = u'green (named)'
72.8041 	EXP 	polygon_3: pos = array([ 250.,    0.])
72.8041 	EXP 	polygon_4: fillColor = u'yellow (named)'
72.8041 	EXP 	polygon_4: pos = array([ 250.,  115.])
72.8041 	EXP 	polygon_5: fillColor = u'blue (named)'
72.8041 	EXP 	polygon_5: pos = array([ 365.,  115.])
72.8041 	EXP 	choice: text = "Press 'y' for Yes  \nPress 'n' for No"
72.8041 	EXP 	ro: color = '[ 1.  1.  1.] (rgb)'
72.8041 	EXP 	ro: pos = array([  20., -115.])
72.8041 	EXP 	rq: color = '[ 1.  1.  1.] (rgb)'
72.8041 	EXP 	rq: pos = array([ 480.,  115.])
72.8041 	EXP 	Evaluation: autoDraw = True
72.8041 	EXP 	polygon: autoDraw = True
72.8041 	EXP 	polygon_2: autoDraw = True
72.8041 	EXP 	polygon_3: autoDraw = True
72.8041 	EXP 	polygon_4: autoDraw = True
72.8041 	EXP 	polygon_5: autoDraw = True
72.8041 	EXP 	choice: autoDraw = True
72.8041 	EXP 	ro: autoDraw = True
72.8041 	EXP 	rq: autoDraw = True
75.8242 	DATA 	Keypress: escape
