6.5330 	EXP 	Created window1 = Window(allowGUI=False, allowStencil=False, autoLog=True, bitsMode=UNKNOWN, blendMode='avg', color='black', colorSpace='named', fullscr=UNKNOWN, gamma=None, lms=UNKNOWN, monitor=<psychopy.monitors.calibTools.Monitor object at 0x1139bd990>, name='window1', pos=[0, 0], screen=0, size=array([1440,  900]), stereo=False, units='pix', useFBO=True, useRetina=False, viewOri=0.0, viewPos=None, viewScale=None, waitBlanking=True, winType='pyglet')
6.5330 	EXP 	window1: recordFrameIntervals = False
6.6988 	EXP 	window1: recordFrameIntervals = True
6.8825 	EXP 	window1: recordFrameIntervals = False
7.0270 	EXP 	Created welcome = TextStim(alignHoriz='center', alignVert='center', antialias=True, autoLog=True, bold=False, color='white', colorSpace='named', contrast=1.0, depth=-1.0, flipHoriz=False, flipVert=False, font='Arial', fontFiles=[], height=100, italic=False, name='welcome', opacity=1.0, ori=0, pos=array([ 0.,  0.]), rgb=array([ 255.,  255.,  255.]), text=u'Welcome!', units='pix', win=Window(...), wrapWidth=500)
7.0634 	EXP 	Created instruct = TextStim(alignHoriz='center', alignVert='center', antialias=True, autoLog=True, bold=False, color='white', colorSpace='named', contrast=1.0, depth=-2.0, flipHoriz=False, flipVert=False, font='Arial', fontFiles=[], height=50, italic=False, name='instruct', opacity=1.0, ori=0, pos=array([ 0.,  0.]), rgb=array([ 255.,  255.,  255.]), text=unicode(...), units='pix', win=Window(...), wrapWidth=500)
7.1328 	EXP 	Created rob0 = ImageStim(autoLog=True, color=array([ 1.,  1.,  1.]), colorSpace='rgb', contrast=1.0, depth=-3.0, flipHoriz=False, flipVert=False, image='robot1.png', interpolate=True, mask=None, maskParams=None, name='rob0', opacity=1.0, ori=0.0, pos=array([-250., -100.]), size=array([ 200.,  200.]), texRes=128, units='pix', win=Window(...))
7.1472 	EXP 	Created robb = ImageStim(autoLog=True, color=array([ 1.,  1.,  1.]), colorSpace='rgb', contrast=1.0, depth=-4.0, flipHoriz=False, flipVert=False, image='robot1.png', interpolate=True, mask=None, maskParams=None, name='robb', opacity=1.0, ori=0.0, pos=array([ 250., -100.]), size=array([ 200.,  200.]), texRes=128, units='pix', win=Window(...))
7.1605 	EXP 	Created na = Polygon(autoDraw=False, autoLog=True, closeShape=True, contrast=1.0, depth=-5.0, fillColor='blue', fillColorSpace='named', fillRGB=array([   0.,    0.,  255.]), interpolate=True, lineColor='blue', lineColorSpace='named', lineRGB=array([   0.,    0.,  255.]), lineWidth=1, name='na', opacity=1.0, ori=array(0.0), pos=array([ 0.,  0.]), size=array([ 1.,  1.]), units='pix', vertices=ndarray(...), win=Window(...))
7.1671 	EXP 	Created nb = Polygon(autoDraw=False, autoLog=True, closeShape=True, contrast=1.0, depth=-6.0, fillColor='blue', fillColorSpace='named', fillRGB=array([   0.,    0.,  255.]), interpolate=True, lineColor='blue', lineColorSpace='named', lineRGB=array([   0.,    0.,  255.]), lineWidth=1, name='nb', opacity=1.0, ori=array(0.0), pos=array([ 0.,  0.]), size=array([ 1.,  1.]), units='pix', vertices=ndarray(...), win=Window(...))
7.1730 	EXP 	Created nc = Polygon(autoDraw=False, autoLog=True, closeShape=True, contrast=1.0, depth=-7.0, fillColor='blue', fillColorSpace='named', fillRGB=array([   0.,    0.,  255.]), interpolate=True, lineColor='blue', lineColorSpace='named', lineRGB=array([   0.,    0.,  255.]), lineWidth=1, name='nc', opacity=1.0, ori=array(0.0), pos=array([ 0.,  0.]), size=array([ 1.,  1.]), units='pix', vertices=ndarray(...), win=Window(...))
7.1744 	EXP 	<method-wrapper '__getattribute__' of attributeSetter object at 0x1110b1f50>: vertices = array([[-55.,  20.],
       [ 55.,  20.],
       [ 55., -20.],
       [-55., -20.]])
7.1761 	EXP 	Created s1 = Rect(autoDraw=False, autoLog=True, closeShape=True, contrast=1.0, depth=-8.0, fillColor='black', fillColorSpace='named', fillRGB=array([ 0.,  0.,  0.]), interpolate=True, lineColor='black', lineColorSpace='named', lineRGB=array([ 0.,  0.,  0.]), lineWidth=1, name='s1', opacity=1.0, ori=array(0.0), pos=array([-110., -100.]), size=array([ 1.,  1.]), units='pix', vertices=ndarray(...), win=Window(...))
7.1766 	EXP 	<method-wrapper '__getattribute__' of attributeSetter object at 0x1110b1f50>: vertices = array([[-55.,  20.],
       [ 55.,  20.],
       [ 55., -20.],
       [-55., -20.]])
7.1787 	EXP 	Created s2 = Rect(autoDraw=False, autoLog=True, closeShape=True, contrast=1.0, depth=-9.0, fillColor='black', fillColorSpace='named', fillRGB=array([ 0.,  0.,  0.]), interpolate=True, lineColor='black', lineColorSpace='named', lineRGB=array([ 0.,  0.,  0.]), lineWidth=1, name='s2', opacity=1.0, ori=array(0.0), pos=array([   0., -100.]), size=array([ 1.,  1.]), units='pix', vertices=ndarray(...), win=Window(...))
7.1791 	EXP 	<method-wrapper '__getattribute__' of attributeSetter object at 0x1110b1f50>: vertices = array([[-55.,  20.],
       [ 55.,  20.],
       [ 55., -20.],
       [-55., -20.]])
7.1809 	EXP 	Created s3 = Rect(autoDraw=False, autoLog=True, closeShape=True, contrast=1.0, depth=-10.0, fillColor='black', fillColorSpace='named', fillRGB=array([ 0.,  0.,  0.]), interpolate=True, lineColor='black', lineColorSpace='named', lineRGB=array([ 0.,  0.,  0.]), lineWidth=1, name='s3', opacity=1.0, ori=array(0.0), pos=array([ 110., -100.]), size=array([ 1.,  1.]), units='pix', vertices=ndarray(...), win=Window(...))
7.5881 	EXP 	Created heart = ImageStim(autoLog=True, color=array([ 1.,  1.,  1.]), colorSpace='rgb', contrast=1.0, depth=-11.0, flipHoriz=False, flipVert=False, image='heart.png', interpolate=True, mask=None, maskParams=None, name='heart', opacity=1.0, ori=0.0, pos=array([   0., -100.]), size=array([ 1.,  1.]), texRes=128, units='pix', win=Window(...))
7.6350 	EXP 	Created text_2 = TextStim(alignHoriz='center', alignVert='center', antialias=True, autoLog=True, bold=False, color='white', colorSpace='named', contrast=1.0, depth=-1.0, flipHoriz=False, flipVert=False, font='Arial', fontFiles=[], height=40, italic=False, name='text_2', opacity=1.0, ori=0, pos=array([ 0.,  0.]), rgb=array([ 255.,  255.,  255.]), text=u"Let's take an example", units='pix', win=Window(...), wrapWidth=500)
7.6462 	EXP 	Created nod1 = Polygon(autoDraw=False, autoLog=True, closeShape=True, contrast=1.0, depth=-2.0, fillColor=array([ 1.,  1.,  1.]), fillColorSpace='rgb', fillRGB=array([ 1.,  1.,  1.]), interpolate=True, lineColor='red', lineColorSpace='named', lineRGB=array([ 255.,    0.,    0.]), lineWidth=1, name='nod1', opacity=1.0, ori=array(0.0), pos=array([ 0.,  0.]), size=array([ 100.,  100.]), units='pix', vertices=ndarray(...), win=Window(...))
7.6551 	EXP 	Created nod2 = Polygon(autoDraw=False, autoLog=True, closeShape=True, contrast=1.0, depth=-3.0, fillColor=array([ 1.,  1.,  1.]), fillColorSpace='rgb', fillRGB=array([ 1.,  1.,  1.]), interpolate=True, lineColor=array([ 1.,  1.,  1.]), lineColorSpace='rgb', lineRGB=array([ 1.,  1.,  1.]), lineWidth=1, name='nod2', opacity=1.0, ori=array(0.0), pos=array([ 0.,  0.]), size=array([ 100.,  100.]), units='pix', vertices=ndarray(...), win=Window(...))
7.6622 	EXP 	Created nod3 = Polygon(autoDraw=False, autoLog=True, closeShape=True, contrast=1.0, depth=-4.0, fillColor=array([ 1.,  1.,  1.]), fillColorSpace='rgb', fillRGB=array([ 1.,  1.,  1.]), interpolate=True, lineColor=array([ 1.,  1.,  1.]), lineColorSpace='rgb', lineRGB=array([ 1.,  1.,  1.]), lineWidth=1, name='nod3', opacity=1.0, ori=array(0.0), pos=array([ 135.,  115.]), size=array([ 100.,  100.]), units='pix', vertices=ndarray(...), win=Window(...))
7.6701 	EXP 	Created nod4 = Polygon(autoDraw=False, autoLog=True, closeShape=True, contrast=1.0, depth=-5.0, fillColor=array([ 1.,  1.,  1.]), fillColorSpace='rgb', fillRGB=array([ 1.,  1.,  1.]), interpolate=True, lineColor=array([ 1.,  1.,  1.]), lineColorSpace='rgb', lineRGB=array([ 1.,  1.,  1.]), lineWidth=1, name='nod4', opacity=1.0, ori=array(0.0), pos=array([ 250.,  115.]), size=array([ 100.,  100.]), units='pix', vertices=ndarray(...), win=Window(...))
7.6843 	EXP 	Created rob1 = ImageStim(autoLog=True, color=array([ 1.,  1.,  1.]), colorSpace='rgb', contrast=1.0, depth=-6.0, flipHoriz=False, flipVert=False, image='robot1.png', interpolate=True, mask=None, maskParams=None, name='rob1', opacity=1.0, ori=1.0, pos=array([  20., -115.]), size=array([ 100.,  100.]), texRes=128, units='pix', win=Window(...))
7.6871 	EXP 	Created rob2 = ImageStim(autoLog=True, color=array([ 1.,  1.,  1.]), colorSpace='rgb', contrast=1.0, depth=-7.0, flipHoriz=False, flipVert=False, image='sin', interpolate=True, mask=None, maskParams=None, name='rob2', opacity=1.0, ori=0.0, pos=array([ 365.,  115.]), size=array([ 100.,  100.]), texRes=128, units='pix', win=Window(...))
7.6875 	EXP 	<method-wrapper '__getattribute__' of attributeSetter object at 0x1110b1f50>: vertices = array([[-0.5,  0.5],
       [ 0.5,  0.5],
       [ 0.5, -0.5],
       [-0.5, -0.5]])
7.6892 	EXP 	Created sh1 = Rect(autoDraw=False, autoLog=True, closeShape=True, contrast=1.0, depth=-9.0, fillColor='black', fillColorSpace='named', fillRGB=array([ 0.,  0.,  0.]), interpolate=True, lineColor='black', lineColorSpace='named', lineRGB=array([ 0.,  0.,  0.]), lineWidth=1, name='sh1', opacity=1.0, ori=array(0.0), pos=array([ 20.,   0.]), size=array([ 1.,  1.]), units='pix', vertices=ndarray(...), win=Window(...))
7.6897 	EXP 	<method-wrapper '__getattribute__' of attributeSetter object at 0x1110b1f50>: vertices = array([[-30.,  20.],
       [ 30.,  20.],
       [ 30., -20.],
       [-30., -20.]])
7.6915 	EXP 	Created sh2a = Rect(autoDraw=False, autoLog=True, closeShape=True, contrast=1.0, depth=-10.0, fillColor='black', fillColorSpace='named', fillRGB=array([ 0.,  0.,  0.]), interpolate=True, lineColor='black', lineColorSpace='named', lineRGB=array([ 0.,  0.,  0.]), lineWidth=1, name='sh2a', opacity=1.0, ori=array(0.0), pos=array([  50.,  113.]), size=array([ 1.,  1.]), units='pix', vertices=ndarray(...), win=Window(...))
7.6922 	EXP 	<method-wrapper '__getattribute__' of attributeSetter object at 0x1110b1f50>: vertices = array([[-20.,  40.],
       [ 20.,  40.],
       [ 20., -40.],
       [-20., -40.]])
7.6942 	EXP 	Created sh2b = Rect(autoDraw=False, autoLog=True, closeShape=True, contrast=1.0, depth=-11.0, fillColor='black', fillColorSpace='named', fillRGB=array([ 0.,  0.,  0.]), interpolate=True, lineColor='black', lineColorSpace='named', lineRGB=array([ 0.,  0.,  0.]), lineWidth=1, name='sh2b', opacity=1.0, ori=array(0.0), pos=array([ 22.,  93.]), size=array([ 1.,  1.]), units='pix', vertices=ndarray(...), win=Window(...))
7.6946 	EXP 	<method-wrapper '__getattribute__' of attributeSetter object at 0x1110b1f50>: vertices = array([[-55.,  20.],
       [ 55.,  20.],
       [ 55., -20.],
       [-55., -20.]])
7.6961 	EXP 	Created sh3 = Rect(autoDraw=False, autoLog=True, closeShape=True, contrast=1.0, depth=-12.0, fillColor='black', fillColorSpace='named', fillRGB=array([ 0.,  0.,  0.]), interpolate=True, lineColor='black', lineColorSpace='named', lineRGB=array([ 0.,  0.,  0.]), lineWidth=1, name='sh3', opacity=1.0, ori=array(0.0), pos=array([ 135.,  115.]), size=array([ 1.,  1.]), units='pix', vertices=ndarray(...), win=Window(...))
7.6966 	EXP 	<method-wrapper '__getattribute__' of attributeSetter object at 0x1110b1f50>: vertices = array([[-55.,  20.],
       [ 55.,  20.],
       [ 55., -20.],
       [-55., -20.]])
7.6984 	EXP 	Created sh4 = Rect(autoDraw=False, autoLog=True, closeShape=True, contrast=1.0, depth=-13.0, fillColor='black', fillColorSpace='named', fillRGB=array([ 0.,  0.,  0.]), interpolate=True, lineColor='black', lineColorSpace='named', lineRGB=array([ 0.,  0.,  0.]), lineWidth=1, name='sh4', opacity=1.0, ori=array(0.0), pos=array([ 250.,  115.]), size=array([ 1.,  1.]), units='pix', vertices=ndarray(...), win=Window(...))
7.7202 	EXP 	Created star = TextStim(alignHoriz='center', alignVert='center', antialias=True, autoLog=True, bold=False, color='white', colorSpace='named', contrast=1.0, depth=0.0, flipHoriz=False, flipVert=False, font='Arial', fontFiles=[], height=50, italic=False, name='star', opacity=1.0, ori=0, pos=array([ 0.,  0.]), rgb=array([ 255.,  255.,  255.]), text=unicode(...), units='pix', win=Window(...), wrapWidth=500)
7.7208 	EXP 	<method-wrapper '__getattribute__' of attributeSetter object at 0x1110b1f50>: vertices = array([[-400.,  450.],
       [ 400.,  450.],
       [ 400., -450.],
       [-400., -450.]])
7.7235 	EXP 	Created whitebackground = Rect(autoDraw=False, autoLog=True, closeShape=True, contrast=1.0, depth=-2.0, fillColor=array([ 1.,  1.,  1.]), fillColorSpace='rgb', fillRGB=array([ 1.,  1.,  1.]), interpolate=True, lineColor=array([ 1.,  1.,  1.]), lineColorSpace='rgb', lineRGB=array([ 1.,  1.,  1.]), lineWidth=0, name='whitebackground', opacity=1.0, ori=array(0.0), pos=array([-560.,    0.]), size=array([ 1.,  1.]), units='pix', vertices=ndarray(...), win=Window(...))
7.7390 	EXP 	Created robotS = ImageStim(autoLog=True, color=array([ 1.,  1.,  1.]), colorSpace='rgb', contrast=1.0, depth=-3.0, flipHoriz=False, flipVert=False, image='robot1.png', interpolate=True, mask=None, maskParams=None, name='robotS', opacity=1.0, ori=0.0, pos=array([ 0.,  0.]), size=array([ 100.,  100.]), texRes=128, units='pix', win=Window(...))
7.7508 	EXP 	Created node1 = Polygon(autoDraw=False, autoLog=True, closeShape=True, contrast=1.0, depth=-4.0, fillColor=array([ 1.,  1.,  1.]), fillColorSpace='rgb', fillRGB=array([ 1.,  1.,  1.]), interpolate=True, lineColor=array([ 1.,  1.,  1.]), lineColorSpace='rgb', lineRGB=array([ 1.,  1.,  1.]), lineWidth=0, name='node1', opacity=1.0, ori=array(0.0), pos=array([ 0.,  0.]), size=array([ 100.,  100.]), units='pix', vertices=ndarray(...), win=Window(...))
7.7610 	EXP 	Created node2 = Polygon(autoDraw=False, autoLog=True, closeShape=True, contrast=1.0, depth=-5.0, fillColor=array([ 1.,  1.,  1.]), fillColorSpace='rgb', fillRGB=array([ 1.,  1.,  1.]), interpolate=True, lineColor=array([ 1.,  1.,  1.]), lineColorSpace='rgb', lineRGB=array([ 1.,  1.,  1.]), lineWidth=0, name='node2', opacity=1.0, ori=array(0.0), pos=array([ 0.,  0.]), size=array([ 100.,  100.]), units='pix', vertices=ndarray(...), win=Window(...))
7.7730 	EXP 	Created node3 = Polygon(autoDraw=False, autoLog=True, closeShape=True, contrast=1.0, depth=-6.0, fillColor=array([ 1.,  1.,  1.]), fillColorSpace='rgb', fillRGB=array([ 1.,  1.,  1.]), interpolate=True, lineColor=array([ 1.,  1.,  1.]), lineColorSpace='rgb', lineRGB=array([ 1.,  1.,  1.]), lineWidth=0, name='node3', opacity=1.0, ori=array(0.0), pos=array([ 0.,  0.]), size=array([ 100.,  100.]), units='pix', vertices=ndarray(...), win=Window(...))
7.7836 	EXP 	Created node4 = Polygon(autoDraw=False, autoLog=True, closeShape=True, contrast=1.0, depth=-7.0, fillColor=array([ 1.,  1.,  1.]), fillColorSpace='rgb', fillRGB=array([ 1.,  1.,  1.]), interpolate=True, lineColor=array([ 1.,  1.,  1.]), lineColorSpace='rgb', lineRGB=array([ 1.,  1.,  1.]), lineWidth=0, name='node4', opacity=1.0, ori=array(0.0), pos=array([ 0.,  0.]), size=array([ 100.,  100.]), units='pix', vertices=ndarray(...), win=Window(...))
7.7906 	EXP 	Created node5 = Polygon(autoDraw=False, autoLog=True, closeShape=True, contrast=1.0, depth=-8.0, fillColor=array([ 1.,  1.,  1.]), fillColorSpace='rgb', fillRGB=array([ 1.,  1.,  1.]), interpolate=True, lineColor=array([ 1.,  1.,  1.]), lineColorSpace='rgb', lineRGB=array([ 1.,  1.,  1.]), lineWidth=0, name='node5', opacity=1.0, ori=array(0.0), pos=array([ 0.,  0.]), size=array([ 100.,  100.]), units='pix', vertices=ndarray(...), win=Window(...))
7.8048 	EXP 	Created robotF = ImageStim(autoLog=True, color=array([ 1.,  1.,  1.]), colorSpace='rgb', contrast=1.0, depth=-9.0, flipHoriz=False, flipVert=False, image='robot1.png', interpolate=True, mask=None, maskParams=None, name='robotF', opacity=1.0, ori=0.0, pos=array([ 0.,  0.]), size=array([ 100.,  100.]), texRes=128, units='pix', win=Window(...))
7.8129 	EXP 	Created select1 = Polygon(autoDraw=False, autoLog=True, closeShape=True, contrast=1.0, depth=-10.0, fillColor='red', fillColorSpace='named', fillRGB=array([ 255.,    0.,    0.]), interpolate=True, lineColor=array([ 1.,  1.,  1.]), lineColorSpace='rgb', lineRGB=array([ 1.,  1.,  1.]), lineWidth=0, name='select1', opacity=1.0, ori=array(0.0), pos=array([-630.,    0.]), size=array([ 100.,  100.]), units='pix', vertices=ndarray(...), win=Window(...))
7.8202 	EXP 	Created select2 = Polygon(autoDraw=False, autoLog=True, closeShape=True, contrast=1.0, depth=-11.0, fillColor='blue', fillColorSpace='named', fillRGB=array([   0.,    0.,  255.]), interpolate=True, lineColor=array([ 1.,  1.,  1.]), lineColorSpace='rgb', lineRGB=array([ 1.,  1.,  1.]), lineWidth=0, name='select2', opacity=1.0, ori=array(0.0), pos=array([-630., -120.]), size=array([ 100.,  100.]), units='pix', vertices=ndarray(...), win=Window(...))
7.8269 	EXP 	Created select3 = Polygon(autoDraw=False, autoLog=True, closeShape=True, contrast=1.0, depth=-12.0, fillColor='yellow', fillColorSpace='named', fillRGB=array([ 255.,  255.,    0.]), interpolate=True, lineColor=array([ 1.,  1.,  1.]), lineColorSpace='rgb', lineRGB=array([ 1.,  1.,  1.]), lineWidth=0, name='select3', opacity=1.0, ori=array(0.0), pos=array([-630., -240.]), size=array([ 100.,  100.]), units='pix', vertices=ndarray(...), win=Window(...))
7.8334 	EXP 	Created select4 = Polygon(autoDraw=False, autoLog=True, closeShape=True, contrast=1.0, depth=-13.0, fillColor='green', fillColorSpace='named', fillRGB=array([   0.,  128.,    0.]), interpolate=True, lineColor=array([ 1.,  1.,  1.]), lineColorSpace='rgb', lineRGB=array([ 1.,  1.,  1.]), lineWidth=0, name='select4', opacity=1.0, ori=array(0.0), pos=array([-630., -360.]), size=array([ 100.,  100.]), units='pix', vertices=ndarray(...), win=Window(...))
7.8696 	EXP 	Created selection = ImageStim(autoLog=True, color=array([ 1.,  1.,  1.]), colorSpace='rgb', contrast=1.0, depth=-14.0, flipHoriz=False, flipVert=False, image='mastershapes.png', interpolate=True, mask=None, maskParams=None, name='selection', opacity=1.0, ori=0.0, pos=array([ 0.,  0.]), size=array([ 500.,  400.]), texRes=128, units='pix', win=Window(...))
7.9206 	EXP 	Created sel = TextStim(alignHoriz='center', alignVert='center', antialias=True, autoLog=True, bold=False, color='black', colorSpace='named', contrast=1.0, depth=-15.0, flipHoriz=False, flipVert=False, font='Arial', fontFiles=[], height=30, italic=False, name='sel', opacity=1.0, ori=0, pos=array([-450.,  250.]), rgb=array([ 0.,  0.,  0.]), text=unicode(...), units='pix', win=Window(...), wrapWidth=500)
7.9340 	EXP 	Created Evaluation = TextStim(alignHoriz='center', alignVert='center', antialias=True, autoLog=True, bold=False, color='white', colorSpace='named', contrast=1.0, depth=0.0, flipHoriz=False, flipVert=False, font='Arial', fontFiles=[], height=50, italic=False, name='Evaluation', opacity=1.0, ori=0, pos=array([   0.,  300.]), rgb=array([ 255.,  255.,  255.]), text=u'Is this pathway correct? \n', units='pix', win=Window(...), wrapWidth=500)
7.9410 	EXP 	Created polygon = Polygon(autoDraw=False, autoLog=True, closeShape=True, contrast=1.0, depth=-1.0, fillColor=array([ 1.,  1.,  1.]), fillColorSpace='rgb', fillRGB=array([ 1.,  1.,  1.]), interpolate=True, lineColor=array([ 1.,  1.,  1.]), lineColorSpace='rgb', lineRGB=array([ 1.,  1.,  1.]), lineWidth=1, name='polygon', opacity=1.0, ori=array(0.0), pos=array([ 0.,  0.]), size=array([ 100.,  100.]), units='pix', vertices=ndarray(...), win=Window(...))
7.9506 	EXP 	Created polygon_2 = Polygon(autoDraw=False, autoLog=True, closeShape=True, contrast=1.0, depth=-2.0, fillColor=array([ 1.,  1.,  1.]), fillColorSpace='rgb', fillRGB=array([ 1.,  1.,  1.]), interpolate=True, lineColor=array([ 1.,  1.,  1.]), lineColorSpace='rgb', lineRGB=array([ 1.,  1.,  1.]), lineWidth=1, name='polygon_2', opacity=1.0, ori=array(0.0), pos=array([ 0.,  0.]), size=array([ 100.,  100.]), units='pix', vertices=ndarray(...), win=Window(...))
7.9575 	EXP 	Created polygon_3 = Polygon(autoDraw=False, autoLog=True, closeShape=True, contrast=1.0, depth=-3.0, fillColor=array([ 1.,  1.,  1.]), fillColorSpace='rgb', fillRGB=array([ 1.,  1.,  1.]), interpolate=True, lineColor=array([ 1.,  1.,  1.]), lineColorSpace='rgb', lineRGB=array([ 1.,  1.,  1.]), lineWidth=1, name='polygon_3', opacity=1.0, ori=array(0.0), pos=array([ 0.,  0.]), size=array([ 100.,  100.]), units='pix', vertices=ndarray(...), win=Window(...))
7.9645 	EXP 	Created polygon_4 = Polygon(autoDraw=False, autoLog=True, closeShape=True, contrast=1.0, depth=-4.0, fillColor=array([ 1.,  1.,  1.]), fillColorSpace='rgb', fillRGB=array([ 1.,  1.,  1.]), interpolate=True, lineColor=array([ 1.,  1.,  1.]), lineColorSpace='rgb', lineRGB=array([ 1.,  1.,  1.]), lineWidth=1, name='polygon_4', opacity=1.0, ori=array(0.0), pos=array([ 0.,  0.]), size=array([ 100.,  100.]), units='pix', vertices=ndarray(...), win=Window(...))
7.9715 	EXP 	Created polygon_5 = Polygon(autoDraw=False, autoLog=True, closeShape=True, contrast=1.0, depth=-5.0, fillColor=array([ 1.,  1.,  1.]), fillColorSpace='rgb', fillRGB=array([ 1.,  1.,  1.]), interpolate=True, lineColor=array([ 1.,  1.,  1.]), lineColorSpace='rgb', lineRGB=array([ 1.,  1.,  1.]), lineWidth=1, name='polygon_5', opacity=1.0, ori=array(0.0), pos=array([ 0.,  0.]), size=array([ 100.,  100.]), units='pix', vertices=ndarray(...), win=Window(...))
7.9794 	EXP 	Created choice = TextStim(alignHoriz='center', alignVert='center', antialias=True, autoLog=True, bold=False, color=u'white', colorSpace='named', contrast=1.0, depth=-6.0, flipHoriz=False, flipVert=False, font=u'Arial', fontFiles=[], height=50, italic=False, name='choice', opacity=1.0, ori=0, pos=array([   0., -300.]), rgb=array([ 255.,  255.,  255.]), text=u'default text', units='pix', win=Window(...), wrapWidth=500)
7.9938 	EXP 	Created ro = ImageStim(autoLog=True, color=array([ 1.,  1.,  1.]), colorSpace='rgb', contrast=1.0, depth=-7.0, flipHoriz=False, flipVert=False, image='robot1.png', interpolate=True, mask=None, maskParams=None, name='ro', opacity=1.0, ori=0.0, pos=array([ 0.,  0.]), size=array([ 100.,  100.]), texRes=128, units='pix', win=Window(...))
8.0075 	EXP 	Created rq = ImageStim(autoLog=True, color=array([ 1.,  1.,  1.]), colorSpace='rgb', contrast=1.0, depth=-8.0, flipHoriz=False, flipVert=False, image='robot1.png', interpolate=True, mask=None, maskParams=None, name='rq', opacity=1.0, ori=0.0, pos=array([ 0.,  0.]), size=array([ 100.,  100.]), texRes=128, units='pix', win=Window(...))
8.0195 	EXP 	Created feedback = TextStim(alignHoriz='center', alignVert='center', antialias=True, autoLog=True, bold=False, color=u'white', colorSpace='named', contrast=1.0, depth=-11.0, flipHoriz=False, flipVert=False, font=u'Arial', fontFiles=[], height=50, italic=False, name='feedback', opacity=1.0, ori=0, pos=array([ 0.,  0.]), rgb=array([ 255.,  255.,  255.]), text=u"msg=''", units='pix', win=Window(...), wrapWidth=500)
8.0304 	EXP 	Created thankyou = TextStim(alignHoriz='center', alignVert='center', antialias=True, autoLog=True, bold=False, color='white', colorSpace='named', contrast=1.0, depth=0.0, flipHoriz=False, flipVert=False, font='Arial', fontFiles=[], height=50, italic=False, name='thankyou', opacity=1.0, ori=0, pos=array([ 0.,  0.]), rgb=array([ 255.,  255.,  255.]), text=u'Thank you for your participation.\n', units='pix', win=Window(...), wrapWidth=500)
8.0489 	EXP 	instruct: pos = array([   0.,  150.])
8.0489 	EXP 	na: pos = array([-110., -100.])
8.0489 	EXP 	na: size = array([ 100.,  100.])
8.0489 	EXP 	nb: pos = array([   0., -100.])
8.0489 	EXP 	nb: size = array([ 100.,  100.])
8.0489 	EXP 	nc: pos = array([ 110., -100.])
8.0489 	EXP 	nc: size = array([ 100.,  100.])
8.0489 	EXP 	welcome: autoDraw = True
11.0492 	EXP 	welcome: autoDraw = False
11.0492 	EXP 	instruct: autoDraw = True
14.0493 	EXP 	rob0: autoDraw = True
14.0493 	EXP 	robb: autoDraw = True
14.5495 	EXP 	na: autoDraw = True
15.0495 	EXP 	nb: autoDraw = True
15.5495 	EXP 	nc: autoDraw = True
16.5495 	EXP 	s1: autoDraw = True
17.5497 	EXP 	s2: autoDraw = True
18.5498 	EXP 	s3: autoDraw = True
22.0502 	EXP 	na: autoDraw = False
22.0502 	EXP 	nb: autoDraw = False
22.0502 	EXP 	nc: autoDraw = False
22.0502 	EXP 	s1: autoDraw = False
22.0502 	EXP 	s2: autoDraw = False
22.0502 	EXP 	s3: autoDraw = False
22.0502 	EXP 	heart: autoDraw = True
26.0671 	EXP 	welcome: autoDraw = False
26.0671 	EXP 	instruct: autoDraw = False
26.0671 	EXP 	rob0: autoDraw = False
26.0671 	EXP 	robb: autoDraw = False
26.0671 	EXP 	na: autoDraw = False
26.0671 	EXP 	nb: autoDraw = False
26.0671 	EXP 	nc: autoDraw = False
26.0671 	EXP 	s1: autoDraw = False
26.0671 	EXP 	s2: autoDraw = False
26.0671 	EXP 	s3: autoDraw = False
26.0671 	EXP 	heart: autoDraw = False
26.0671 	EXP 	text_2: pos = array([-300.,  300.])
26.0671 	EXP 	nod1: fillColor = 'red (named)'
26.0671 	EXP 	nod1: pos = array([ 20.,   0.])
26.0671 	EXP 	nod2: fillColor = 'yellow (named)'
26.0671 	EXP 	nod2: pos = array([  20.,  115.])
26.0671 	EXP 	nod2: lineColor = 'yellow (named)'
26.0671 	EXP 	nod3: fillColor = 'blue (named)'
26.0671 	EXP 	nod3: lineColor = 'blue (named)'
26.0671 	EXP 	nod4: fillColor = 'blue (named)'
26.0671 	EXP 	nod4: lineColor = 'blue (named)'
26.0671 	EXP 	rob1: ori = 0.0
26.0671 	EXP 	rob2: image = 'robot1.png'
26.0671 	EXP 	sh1: size = array([  40.,  110.])
26.0671 	EXP 	text_2: autoDraw = True
26.0671 	EXP 	nod1: autoDraw = True
26.0671 	EXP 	nod2: autoDraw = True
26.0671 	EXP 	nod3: autoDraw = True
26.0671 	EXP 	nod4: autoDraw = True
26.0671 	EXP 	rob1: autoDraw = True
26.0671 	EXP 	rob2: autoDraw = True
28.0508 	EXP 	sh1: autoDraw = True
28.5508 	EXP 	sh2a: autoDraw = True
28.5508 	EXP 	sh2b: autoDraw = True
29.0509 	EXP 	sh3: autoDraw = True
29.5510 	EXP 	sh4: autoDraw = True
33.0406 	DATA 	Keypress: space
33.0514 	EXP 	text_2: autoDraw = False
33.0514 	EXP 	nod1: autoDraw = False
33.0514 	EXP 	nod2: autoDraw = False
33.0514 	EXP 	nod3: autoDraw = False
33.0514 	EXP 	nod4: autoDraw = False
33.0514 	EXP 	rob1: autoDraw = False
33.0514 	EXP 	rob2: autoDraw = False
33.0514 	EXP 	sh1: autoDraw = False
33.0514 	EXP 	sh2a: autoDraw = False
33.0514 	EXP 	sh2b: autoDraw = False
33.0514 	EXP 	sh3: autoDraw = False
33.0514 	EXP 	sh4: autoDraw = False
33.0514 	EXP 	star: autoDraw = True
33.4378 	DATA 	Keypress: space
33.4562 	EXP 	Imported designs.xlsx as conditions, 4 conditions, 16 params
33.4566 	EXP 	Created sequence: sequential, trialTypes=4, nReps=1, seed=None
33.4573 	EXP 	New trial (rep=0, index=0): {u'n2col': u'blue', u'n4col': u'red', u'n3col': u'green', u'r4': u'd', u'n1col': u'blue', u'r1': u'a', u'r2': u'b', u'rs': u'LOC21', u'r3': u'c', u're': u'LOC9', u'n5col': u'red', u'n1': u'LOC22', u'n2': u'LOC23', u'n3': u'LOC24', u'n4': u'LOC19', u'n5': u'LOC14'}
33.4848 	EXP 	star: autoDraw = False
33.4848 	EXP 	robotS: pos = array([  20., -230.])
33.4848 	EXP 	node1: fillColor = u'blue (named)'
33.4848 	EXP 	node1: pos = array([ 135., -230.])
33.4848 	EXP 	node2: fillColor = u'blue (named)'
33.4848 	EXP 	node2: pos = array([ 250., -230.])
33.4848 	EXP 	node3: fillColor = u'green (named)'
33.4848 	EXP 	node3: pos = array([ 365., -230.])
33.4848 	EXP 	node4: fillColor = u'red (named)'
33.4848 	EXP 	node4: pos = array([ 365., -115.])
33.4848 	EXP 	node5: fillColor = u'red (named)'
33.4848 	EXP 	node5: pos = array([ 365.,    0.])
33.4848 	EXP 	robotF: pos = array([ 365.,  115.])
33.4848 	EXP 	whitebackground: autoDraw = True
33.4848 	EXP 	robotS: autoDraw = True
33.4848 	EXP 	node1: autoDraw = True
33.4848 	EXP 	node2: autoDraw = True
33.4848 	EXP 	node3: autoDraw = True
33.4848 	EXP 	node4: autoDraw = True
33.4848 	EXP 	node5: autoDraw = True
33.4848 	EXP 	robotF: autoDraw = True
33.4848 	EXP 	select1: autoDraw = True
33.4848 	EXP 	select2: autoDraw = True
33.4848 	EXP 	select3: autoDraw = True
33.4848 	EXP 	select4: autoDraw = True
33.4848 	EXP 	selection: autoDraw = True
33.4848 	EXP 	sel: autoDraw = True
34.6382 	DATA 	Keypress: a
34.8709 	DATA 	Keypress: a
35.0211 	DATA 	Keypress: a
35.2041 	DATA 	Keypress: a
35.2063 	EXP 	New trial (rep=0, index=1): {u'n2col': u'yellow', u'n4col': u'green', u'n3col': u'blue', u'r4': u'd', u'n1col': u'red', u'r1': u'a', u'r2': u'b', u'rs': u'LOC21', u'r3': u'c', u're': u'LOC3', u'n5col': u'red', u'n1': u'LOC16', u'n2': u'LOC11', u'n3': u'LOC12', u'n4': u'LOC13', u'n5': u'LOC8'}
35.2347 	EXP 	whitebackground: autoDraw = False
35.2347 	EXP 	robotS: autoDraw = False
35.2347 	EXP 	node1: autoDraw = False
35.2347 	EXP 	node2: autoDraw = False
35.2347 	EXP 	node3: autoDraw = False
35.2347 	EXP 	node4: autoDraw = False
35.2347 	EXP 	node5: autoDraw = False
35.2347 	EXP 	robotF: autoDraw = False
35.2347 	EXP 	select1: autoDraw = False
35.2347 	EXP 	select2: autoDraw = False
35.2347 	EXP 	select3: autoDraw = False
35.2347 	EXP 	select4: autoDraw = False
35.2347 	EXP 	selection: autoDraw = False
35.2347 	EXP 	sel: autoDraw = False
35.2347 	EXP 	robotS: pos = array([  20., -230.])
35.2347 	EXP 	node1: fillColor = u'red (named)'
35.2347 	EXP 	node1: pos = array([  20., -115.])
35.2347 	EXP 	node2: fillColor = u'yellow (named)'
35.2347 	EXP 	node2: pos = array([ 20.,   0.])
35.2347 	EXP 	node3: fillColor = u'blue (named)'
35.2347 	EXP 	node3: pos = array([ 135.,    0.])
35.2347 	EXP 	node4: fillColor = u'green (named)'
35.2347 	EXP 	node4: pos = array([ 250.,    0.])
35.2347 	EXP 	node5: fillColor = u'red (named)'
35.2347 	EXP 	node5: pos = array([ 250.,  115.])
35.2347 	EXP 	robotF: pos = array([ 250.,  230.])
35.2347 	EXP 	whitebackground: autoDraw = True
35.2347 	EXP 	robotS: autoDraw = True
35.2347 	EXP 	node1: autoDraw = True
35.2347 	EXP 	node2: autoDraw = True
35.2347 	EXP 	node3: autoDraw = True
35.2347 	EXP 	node4: autoDraw = True
35.2347 	EXP 	node5: autoDraw = True
35.2347 	EXP 	robotF: autoDraw = True
35.2347 	EXP 	select1: autoDraw = True
35.2347 	EXP 	select2: autoDraw = True
35.2347 	EXP 	select3: autoDraw = True
35.2347 	EXP 	select4: autoDraw = True
35.2347 	EXP 	selection: autoDraw = True
35.2347 	EXP 	sel: autoDraw = True
35.4881 	DATA 	Keypress: a
35.6382 	DATA 	Keypress: a
35.7882 	DATA 	Keypress: a
36.0713 	DATA 	Keypress: a
36.0732 	EXP 	New trial (rep=0, index=2): {u'n2col': u'red', u'n4col': u'blue', u'n3col': u'yellow', u'r4': u'd', u'n1col': u'red', u'r1': u'a', u'r2': u'b', u'rs': u'LOC22', u'r3': u'c', u're': u'LOC10', u'n5col': u'blue', u'n1': u'LOC17', u'n2': u'LOC12', u'n3': u'LOC7', u'n4': u'LOC8', u'n5': u'LOC9'}
36.1014 	EXP 	whitebackground: autoDraw = False
36.1014 	EXP 	robotS: autoDraw = False
36.1014 	EXP 	node1: autoDraw = False
36.1014 	EXP 	node2: autoDraw = False
36.1014 	EXP 	node3: autoDraw = False
36.1014 	EXP 	node4: autoDraw = False
36.1014 	EXP 	node5: autoDraw = False
36.1014 	EXP 	robotF: autoDraw = False
36.1014 	EXP 	select1: autoDraw = False
36.1014 	EXP 	select2: autoDraw = False
36.1014 	EXP 	select3: autoDraw = False
36.1014 	EXP 	select4: autoDraw = False
36.1014 	EXP 	selection: autoDraw = False
36.1014 	EXP 	sel: autoDraw = False
36.1014 	EXP 	robotS: pos = array([ 135., -230.])
36.1014 	EXP 	node1: fillColor = u'red (named)'
36.1014 	EXP 	node1: pos = array([ 135., -115.])
36.1014 	EXP 	node2: fillColor = u'red (named)'
36.1014 	EXP 	node2: pos = array([ 135.,    0.])
36.1014 	EXP 	node3: fillColor = u'yellow (named)'
36.1014 	EXP 	node3: pos = array([ 135.,  115.])
36.1014 	EXP 	node4: fillColor = u'blue (named)'
36.1014 	EXP 	node4: pos = array([ 250.,  115.])
36.1014 	EXP 	node5: fillColor = u'blue (named)'
36.1014 	EXP 	node5: pos = array([ 365.,  115.])
36.1014 	EXP 	robotF: pos = array([ 480.,  115.])
36.1014 	EXP 	whitebackground: autoDraw = True
36.1014 	EXP 	robotS: autoDraw = True
36.1014 	EXP 	node1: autoDraw = True
36.1014 	EXP 	node2: autoDraw = True
36.1014 	EXP 	node3: autoDraw = True
36.1014 	EXP 	node4: autoDraw = True
36.1014 	EXP 	node5: autoDraw = True
36.1014 	EXP 	robotF: autoDraw = True
36.1014 	EXP 	select1: autoDraw = True
36.1014 	EXP 	select2: autoDraw = True
36.1014 	EXP 	select3: autoDraw = True
36.1014 	EXP 	select4: autoDraw = True
36.1014 	EXP 	selection: autoDraw = True
36.1014 	EXP 	sel: autoDraw = True
36.2916 	DATA 	Keypress: a
36.4708 	DATA 	Keypress: a
36.6883 	DATA 	Keypress: a
37.0220 	DATA 	Keypress: a
37.0376 	EXP 	New trial (rep=0, index=3): {u'n2col': u'yellow', u'n4col': u'yellow', u'n3col': u'green', u'r4': u'd', u'n1col': u'green', u'r1': u'a', u'r2': u'b', u'rs': u'LOC16', u'r3': u'c', u're': u'LOC10', u'n5col': u'blue', u'n1': u'LOC17', u'n2': u'LOC12', u'n3': u'LOC13', u'n4': u'LOC8', u'n5': u'LOC9'}
37.0516 	EXP 	whitebackground: autoDraw = False
37.0516 	EXP 	robotS: autoDraw = False
37.0516 	EXP 	node1: autoDraw = False
37.0516 	EXP 	node2: autoDraw = False
37.0516 	EXP 	node3: autoDraw = False
37.0516 	EXP 	node4: autoDraw = False
37.0516 	EXP 	node5: autoDraw = False
37.0516 	EXP 	robotF: autoDraw = False
37.0516 	EXP 	select1: autoDraw = False
37.0516 	EXP 	select2: autoDraw = False
37.0516 	EXP 	select3: autoDraw = False
37.0516 	EXP 	select4: autoDraw = False
37.0516 	EXP 	selection: autoDraw = False
37.0516 	EXP 	sel: autoDraw = False
37.0516 	EXP 	robotS: pos = array([  20., -115.])
37.0516 	EXP 	node1: fillColor = u'green (named)'
37.0516 	EXP 	node1: pos = array([ 135., -115.])
37.0516 	EXP 	node2: fillColor = u'yellow (named)'
37.0516 	EXP 	node2: pos = array([ 135.,    0.])
37.0516 	EXP 	node3: fillColor = u'green (named)'
37.0516 	EXP 	node3: pos = array([ 250.,    0.])
37.0516 	EXP 	node4: fillColor = u'yellow (named)'
37.0516 	EXP 	node4: pos = array([ 250.,  115.])
37.0516 	EXP 	node5: fillColor = u'blue (named)'
37.0516 	EXP 	node5: pos = array([ 365.,  115.])
37.0516 	EXP 	robotF: pos = array([ 480.,  115.])
37.0516 	EXP 	whitebackground: autoDraw = True
37.0516 	EXP 	robotS: autoDraw = True
37.0516 	EXP 	node1: autoDraw = True
37.0516 	EXP 	node2: autoDraw = True
37.0516 	EXP 	node3: autoDraw = True
37.0516 	EXP 	node4: autoDraw = True
37.0516 	EXP 	node5: autoDraw = True
37.0516 	EXP 	robotF: autoDraw = True
37.0516 	EXP 	select1: autoDraw = True
37.0516 	EXP 	select2: autoDraw = True
37.0516 	EXP 	select3: autoDraw = True
37.0516 	EXP 	select4: autoDraw = True
37.0516 	EXP 	selection: autoDraw = True
37.0516 	EXP 	sel: autoDraw = True
37.3054 	DATA 	Keypress: a
37.4550 	DATA 	Keypress: a
37.7592 	DATA 	Keypress: a
38.0894 	DATA 	Keypress: a
38.1242 	EXP 	Imported designs1.xlsx as conditions, 2 conditions, 13 params
38.1247 	EXP 	Created sequence: random, trialTypes=2, nReps=5, seed=None
38.1255 	EXP 	New trial (rep=0, index=0): {u'n1col': u'blue', u'n2col': u'yellow', u'n4col': u'yellow', u'rs': u'LOC16', u'n3col': u'red', u're': u'LOC10', u'corrAns': u'n', u'n5col': u'blue', u'n1': u'LOC17', u'n2': u'LOC12', u'n3': u'LOC13', u'n4': u'LOC8', u'n5': u'LOC9'}
38.1520 	EXP 	whitebackground: autoDraw = False
38.1520 	EXP 	robotS: autoDraw = False
38.1520 	EXP 	node1: autoDraw = False
38.1520 	EXP 	node2: autoDraw = False
38.1520 	EXP 	node3: autoDraw = False
38.1520 	EXP 	node4: autoDraw = False
38.1520 	EXP 	node5: autoDraw = False
38.1520 	EXP 	robotF: autoDraw = False
38.1520 	EXP 	select1: autoDraw = False
38.1520 	EXP 	select2: autoDraw = False
38.1520 	EXP 	select3: autoDraw = False
38.1520 	EXP 	select4: autoDraw = False
38.1520 	EXP 	selection: autoDraw = False
38.1520 	EXP 	sel: autoDraw = False
38.1520 	EXP 	polygon: fillColor = u'blue (named)'
38.1520 	EXP 	polygon: pos = array([ 135., -115.])
38.1520 	EXP 	polygon_2: fillColor = u'yellow (named)'
38.1520 	EXP 	polygon_2: pos = array([ 135.,    0.])
38.1520 	EXP 	polygon_3: fillColor = u'red (named)'
38.1520 	EXP 	polygon_3: pos = array([ 250.,    0.])
38.1520 	EXP 	polygon_4: fillColor = u'yellow (named)'
38.1520 	EXP 	polygon_4: pos = array([ 250.,  115.])
38.1520 	EXP 	polygon_5: fillColor = u'blue (named)'
38.1520 	EXP 	polygon_5: pos = array([ 365.,  115.])
38.1520 	EXP 	choice: text = u"Press 'y' for Yes  \nPress 'n' for No"
38.1520 	EXP 	ro: color = '[ 1.  1.  1.] (rgb)'
38.1520 	EXP 	ro: pos = array([  20., -115.])
38.1520 	EXP 	rq: color = '[ 1.  1.  1.] (rgb)'
38.1520 	EXP 	rq: pos = array([ 480.,  115.])
38.1520 	EXP 	Evaluation: autoDraw = True
38.1520 	EXP 	polygon: autoDraw = True
38.1520 	EXP 	polygon_2: autoDraw = True
38.1520 	EXP 	polygon_3: autoDraw = True
38.1520 	EXP 	polygon_4: autoDraw = True
38.1520 	EXP 	polygon_5: autoDraw = True
38.1520 	EXP 	choice: autoDraw = True
38.1520 	EXP 	ro: autoDraw = True
38.1520 	EXP 	rq: autoDraw = True
38.1520 	EXP 	feedback: autoDraw = True
40.6896 	DATA 	Keypress: y
40.6919 	EXP 	New trial (rep=0, index=1): {u'n1col': u'green', u'n2col': u'yellow', u'n4col': u'yellow', u'rs': u'LOC16', u'n3col': u'green', u're': u'LOC10', u'corrAns': u'y', u'n5col': u'blue', u'n1': u'LOC17', u'n2': u'LOC12', u'n3': u'LOC13', u'n4': u'LOC8', u'n5': u'LOC9'}
40.7190 	EXP 	Evaluation: autoDraw = False
40.7190 	EXP 	polygon: autoDraw = False
40.7190 	EXP 	polygon_2: autoDraw = False
40.7190 	EXP 	polygon_3: autoDraw = False
40.7190 	EXP 	polygon_4: autoDraw = False
40.7190 	EXP 	polygon_5: autoDraw = False
40.7190 	EXP 	choice: autoDraw = False
40.7190 	EXP 	ro: autoDraw = False
40.7190 	EXP 	rq: autoDraw = False
40.7190 	EXP 	feedback: autoDraw = False
40.7190 	EXP 	polygon: fillColor = u'green (named)'
40.7190 	EXP 	polygon: pos = array([ 135., -115.])
40.7190 	EXP 	polygon_2: fillColor = u'yellow (named)'
40.7190 	EXP 	polygon_2: pos = array([ 135.,    0.])
40.7190 	EXP 	polygon_3: fillColor = u'green (named)'
40.7190 	EXP 	polygon_3: pos = array([ 250.,    0.])
40.7190 	EXP 	polygon_4: fillColor = u'yellow (named)'
40.7190 	EXP 	polygon_4: pos = array([ 250.,  115.])
40.7190 	EXP 	polygon_5: fillColor = u'blue (named)'
40.7190 	EXP 	polygon_5: pos = array([ 365.,  115.])
40.7190 	EXP 	choice: text = u"Press 'y' for Yes  \nPress 'n' for No"
40.7190 	EXP 	ro: color = '[ 1.  1.  1.] (rgb)'
40.7190 	EXP 	ro: pos = array([  20., -115.])
40.7190 	EXP 	rq: color = '[ 1.  1.  1.] (rgb)'
40.7190 	EXP 	rq: pos = array([ 480.,  115.])
40.7190 	EXP 	Evaluation: autoDraw = True
40.7190 	EXP 	polygon: autoDraw = True
40.7190 	EXP 	polygon_2: autoDraw = True
40.7190 	EXP 	polygon_3: autoDraw = True
40.7190 	EXP 	polygon_4: autoDraw = True
40.7190 	EXP 	polygon_5: autoDraw = True
40.7190 	EXP 	choice: autoDraw = True
40.7190 	EXP 	ro: autoDraw = True
40.7190 	EXP 	rq: autoDraw = True
40.7190 	EXP 	feedback: autoDraw = True
42.6394 	DATA 	Keypress: y
42.6418 	EXP 	New trial (rep=1, index=0): {u'n1col': u'green', u'n2col': u'yellow', u'n4col': u'yellow', u'rs': u'LOC16', u'n3col': u'green', u're': u'LOC10', u'corrAns': u'y', u'n5col': u'blue', u'n1': u'LOC17', u'n2': u'LOC12', u'n3': u'LOC13', u'n4': u'LOC8', u'n5': u'LOC9'}
42.6691 	EXP 	Evaluation: autoDraw = False
42.6691 	EXP 	polygon: autoDraw = False
42.6691 	EXP 	polygon_2: autoDraw = False
42.6691 	EXP 	polygon_3: autoDraw = False
42.6691 	EXP 	polygon_4: autoDraw = False
42.6691 	EXP 	polygon_5: autoDraw = False
42.6691 	EXP 	choice: autoDraw = False
42.6691 	EXP 	ro: autoDraw = False
42.6691 	EXP 	rq: autoDraw = False
42.6691 	EXP 	feedback: autoDraw = False
42.6691 	EXP 	polygon: fillColor = u'green (named)'
42.6691 	EXP 	polygon: pos = array([ 135., -115.])
42.6691 	EXP 	polygon_2: fillColor = u'yellow (named)'
42.6691 	EXP 	polygon_2: pos = array([ 135.,    0.])
42.6691 	EXP 	polygon_3: fillColor = u'green (named)'
42.6691 	EXP 	polygon_3: pos = array([ 250.,    0.])
42.6691 	EXP 	polygon_4: fillColor = u'yellow (named)'
42.6691 	EXP 	polygon_4: pos = array([ 250.,  115.])
42.6691 	EXP 	polygon_5: fillColor = u'blue (named)'
42.6691 	EXP 	polygon_5: pos = array([ 365.,  115.])
42.6691 	EXP 	choice: text = u"Press 'y' for Yes  \nPress 'n' for No"
42.6691 	EXP 	ro: color = '[ 1.  1.  1.] (rgb)'
42.6691 	EXP 	ro: pos = array([  20., -115.])
42.6691 	EXP 	rq: color = '[ 1.  1.  1.] (rgb)'
42.6691 	EXP 	rq: pos = array([ 480.,  115.])
42.6691 	EXP 	Evaluation: autoDraw = True
42.6691 	EXP 	polygon: autoDraw = True
42.6691 	EXP 	polygon_2: autoDraw = True
42.6691 	EXP 	polygon_3: autoDraw = True
42.6691 	EXP 	polygon_4: autoDraw = True
42.6691 	EXP 	polygon_5: autoDraw = True
42.6691 	EXP 	choice: autoDraw = True
42.6691 	EXP 	ro: autoDraw = True
42.6691 	EXP 	rq: autoDraw = True
42.6691 	EXP 	feedback: autoDraw = True
44.8558 	DATA 	Keypress: escape
