6.9664 	EXP 	Created window1 = Window(allowGUI=False, allowStencil=False, autoLog=True, bitsMode=UNKNOWN, blendMode='avg', color='black', colorSpace='named', fullscr=UNKNOWN, gamma=None, lms=UNKNOWN, monitor=<psychopy.monitors.calibTools.Monitor object at 0x1132108d0>, name='window1', pos=[0, 0], screen=0, size=array([1440,  900]), stereo=False, units='pix', useFBO=True, useRetina=False, viewOri=0.0, viewPos=None, viewScale=None, waitBlanking=True, winType='pyglet')
6.9664 	EXP 	window1: recordFrameIntervals = False
7.1317 	EXP 	window1: recordFrameIntervals = True
7.3153 	EXP 	window1: recordFrameIntervals = False
7.4847 	EXP 	Created welcome = TextStim(alignHoriz='center', alignVert='center', antialias=True, autoLog=True, bold=False, color='white', colorSpace='named', contrast=1.0, depth=-1.0, flipHoriz=False, flipVert=False, font='Arial', fontFiles=[], height=100, italic=False, name='welcome', opacity=1.0, ori=0, pos=array([ 0.,  0.]), rgb=array([ 255.,  255.,  255.]), text=u'Welcome!', units='pix', win=Window(...), wrapWidth=500)
7.5310 	EXP 	Created instruct = TextStim(alignHoriz='center', alignVert='center', antialias=True, autoLog=True, bold=False, color='white', colorSpace='named', contrast=1.0, depth=-2.0, flipHoriz=False, flipVert=False, font='Arial', fontFiles=[], height=50, italic=False, name='instruct', opacity=1.0, ori=0, pos=array([ 0.,  0.]), rgb=array([ 255.,  255.,  255.]), text=unicode(...), units='pix', win=Window(...), wrapWidth=500)
7.6179 	EXP 	Created rob0 = ImageStim(autoLog=True, color=array([ 1.,  1.,  1.]), colorSpace='rgb', contrast=1.0, depth=-3.0, flipHoriz=False, flipVert=False, image='robot1.png', interpolate=True, mask=None, maskParams=None, name='rob0', opacity=1.0, ori=0.0, pos=array([-250., -100.]), size=array([ 200.,  200.]), texRes=128, units='pix', win=Window(...))
7.6323 	EXP 	Created robb = ImageStim(autoLog=True, color=array([ 1.,  1.,  1.]), colorSpace='rgb', contrast=1.0, depth=-4.0, flipHoriz=False, flipVert=False, image='robot1.png', interpolate=True, mask=None, maskParams=None, name='robb', opacity=1.0, ori=0.0, pos=array([ 250., -100.]), size=array([ 200.,  200.]), texRes=128, units='pix', win=Window(...))
7.6483 	EXP 	Created na = Polygon(autoDraw=False, autoLog=True, closeShape=True, contrast=1.0, depth=-5.0, fillColor='blue', fillColorSpace='named', fillRGB=array([   0.,    0.,  255.]), interpolate=True, lineColor='blue', lineColorSpace='named', lineRGB=array([   0.,    0.,  255.]), lineWidth=1, name='na', opacity=1.0, ori=array(0.0), pos=array([ 0.,  0.]), size=array([ 1.,  1.]), units='pix', vertices=ndarray(...), win=Window(...))
7.6545 	EXP 	Created nb = Polygon(autoDraw=False, autoLog=True, closeShape=True, contrast=1.0, depth=-6.0, fillColor='blue', fillColorSpace='named', fillRGB=array([   0.,    0.,  255.]), interpolate=True, lineColor='blue', lineColorSpace='named', lineRGB=array([   0.,    0.,  255.]), lineWidth=1, name='nb', opacity=1.0, ori=array(0.0), pos=array([ 0.,  0.]), size=array([ 1.,  1.]), units='pix', vertices=ndarray(...), win=Window(...))
7.6619 	EXP 	Created nc = Polygon(autoDraw=False, autoLog=True, closeShape=True, contrast=1.0, depth=-7.0, fillColor='blue', fillColorSpace='named', fillRGB=array([   0.,    0.,  255.]), interpolate=True, lineColor='blue', lineColorSpace='named', lineRGB=array([   0.,    0.,  255.]), lineWidth=1, name='nc', opacity=1.0, ori=array(0.0), pos=array([ 0.,  0.]), size=array([ 1.,  1.]), units='pix', vertices=ndarray(...), win=Window(...))
7.6643 	EXP 	<method-wrapper '__getattribute__' of attributeSetter object at 0x10eed1e90>: vertices = array([[-55.,  20.],
       [ 55.,  20.],
       [ 55., -20.],
       [-55., -20.]])
7.6662 	EXP 	Created s1 = Rect(autoDraw=False, autoLog=True, closeShape=True, contrast=1.0, depth=-8.0, fillColor='black', fillColorSpace='named', fillRGB=array([ 0.,  0.,  0.]), interpolate=True, lineColor='black', lineColorSpace='named', lineRGB=array([ 0.,  0.,  0.]), lineWidth=1, name='s1', opacity=1.0, ori=array(0.0), pos=array([-110., -100.]), size=array([ 1.,  1.]), units='pix', vertices=ndarray(...), win=Window(...))
7.6667 	EXP 	<method-wrapper '__getattribute__' of attributeSetter object at 0x10eed1e90>: vertices = array([[-55.,  20.],
       [ 55.,  20.],
       [ 55., -20.],
       [-55., -20.]])
7.6682 	EXP 	Created s2 = Rect(autoDraw=False, autoLog=True, closeShape=True, contrast=1.0, depth=-9.0, fillColor='black', fillColorSpace='named', fillRGB=array([ 0.,  0.,  0.]), interpolate=True, lineColor='black', lineColorSpace='named', lineRGB=array([ 0.,  0.,  0.]), lineWidth=1, name='s2', opacity=1.0, ori=array(0.0), pos=array([   0., -100.]), size=array([ 1.,  1.]), units='pix', vertices=ndarray(...), win=Window(...))
7.6686 	EXP 	<method-wrapper '__getattribute__' of attributeSetter object at 0x10eed1e90>: vertices = array([[-55.,  20.],
       [ 55.,  20.],
       [ 55., -20.],
       [-55., -20.]])
7.6701 	EXP 	Created s3 = Rect(autoDraw=False, autoLog=True, closeShape=True, contrast=1.0, depth=-10.0, fillColor='black', fillColorSpace='named', fillRGB=array([ 0.,  0.,  0.]), interpolate=True, lineColor='black', lineColorSpace='named', lineRGB=array([ 0.,  0.,  0.]), lineWidth=1, name='s3', opacity=1.0, ori=array(0.0), pos=array([ 110., -100.]), size=array([ 1.,  1.]), units='pix', vertices=ndarray(...), win=Window(...))
8.0793 	EXP 	Created heart = ImageStim(autoLog=True, color=array([ 1.,  1.,  1.]), colorSpace='rgb', contrast=1.0, depth=-11.0, flipHoriz=False, flipVert=False, image='heart.png', interpolate=True, mask=None, maskParams=None, name='heart', opacity=1.0, ori=0.0, pos=array([   0., -100.]), size=array([ 1.,  1.]), texRes=128, units='pix', win=Window(...))
8.1194 	EXP 	Created text_2 = TextStim(alignHoriz='center', alignVert='center', antialias=True, autoLog=True, bold=False, color='white', colorSpace='named', contrast=1.0, depth=-1.0, flipHoriz=False, flipVert=False, font='Arial', fontFiles=[], height=40, italic=False, name='text_2', opacity=1.0, ori=0, pos=array([ 0.,  0.]), rgb=array([ 255.,  255.,  255.]), text=u"Let's take an example", units='pix', win=Window(...), wrapWidth=500)
8.1256 	EXP 	Created nod1 = Polygon(autoDraw=False, autoLog=True, closeShape=True, contrast=1.0, depth=-2.0, fillColor=array([ 1.,  1.,  1.]), fillColorSpace='rgb', fillRGB=array([ 1.,  1.,  1.]), interpolate=True, lineColor='red', lineColorSpace='named', lineRGB=array([ 255.,    0.,    0.]), lineWidth=1, name='nod1', opacity=1.0, ori=array(0.0), pos=array([ 0.,  0.]), size=array([ 100.,  100.]), units='pix', vertices=ndarray(...), win=Window(...))
8.1338 	EXP 	Created nod2 = Polygon(autoDraw=False, autoLog=True, closeShape=True, contrast=1.0, depth=-3.0, fillColor=array([ 1.,  1.,  1.]), fillColorSpace='rgb', fillRGB=array([ 1.,  1.,  1.]), interpolate=True, lineColor=array([ 1.,  1.,  1.]), lineColorSpace='rgb', lineRGB=array([ 1.,  1.,  1.]), lineWidth=1, name='nod2', opacity=1.0, ori=array(0.0), pos=array([ 0.,  0.]), size=array([ 100.,  100.]), units='pix', vertices=ndarray(...), win=Window(...))
8.1407 	EXP 	Created nod3 = Polygon(autoDraw=False, autoLog=True, closeShape=True, contrast=1.0, depth=-4.0, fillColor=array([ 1.,  1.,  1.]), fillColorSpace='rgb', fillRGB=array([ 1.,  1.,  1.]), interpolate=True, lineColor=array([ 1.,  1.,  1.]), lineColorSpace='rgb', lineRGB=array([ 1.,  1.,  1.]), lineWidth=1, name='nod3', opacity=1.0, ori=array(0.0), pos=array([ 135.,  115.]), size=array([ 100.,  100.]), units='pix', vertices=ndarray(...), win=Window(...))
8.1475 	EXP 	Created nod4 = Polygon(autoDraw=False, autoLog=True, closeShape=True, contrast=1.0, depth=-5.0, fillColor=array([ 1.,  1.,  1.]), fillColorSpace='rgb', fillRGB=array([ 1.,  1.,  1.]), interpolate=True, lineColor=array([ 1.,  1.,  1.]), lineColorSpace='rgb', lineRGB=array([ 1.,  1.,  1.]), lineWidth=1, name='nod4', opacity=1.0, ori=array(0.0), pos=array([ 250.,  115.]), size=array([ 100.,  100.]), units='pix', vertices=ndarray(...), win=Window(...))
8.1611 	EXP 	Created rob1 = ImageStim(autoLog=True, color=array([ 1.,  1.,  1.]), colorSpace='rgb', contrast=1.0, depth=-6.0, flipHoriz=False, flipVert=False, image='robot1.png', interpolate=True, mask=None, maskParams=None, name='rob1', opacity=1.0, ori=1.0, pos=array([  20., -115.]), size=array([ 100.,  100.]), texRes=128, units='pix', win=Window(...))
8.1647 	EXP 	Created rob2 = ImageStim(autoLog=True, color=array([ 1.,  1.,  1.]), colorSpace='rgb', contrast=1.0, depth=-7.0, flipHoriz=False, flipVert=False, image='sin', interpolate=True, mask=None, maskParams=None, name='rob2', opacity=1.0, ori=0.0, pos=array([ 365.,  115.]), size=array([ 100.,  100.]), texRes=128, units='pix', win=Window(...))
8.1652 	EXP 	<method-wrapper '__getattribute__' of attributeSetter object at 0x10eed1e90>: vertices = array([[-0.5,  0.5],
       [ 0.5,  0.5],
       [ 0.5, -0.5],
       [-0.5, -0.5]])
8.1669 	EXP 	Created sh1 = Rect(autoDraw=False, autoLog=True, closeShape=True, contrast=1.0, depth=-9.0, fillColor='black', fillColorSpace='named', fillRGB=array([ 0.,  0.,  0.]), interpolate=True, lineColor='black', lineColorSpace='named', lineRGB=array([ 0.,  0.,  0.]), lineWidth=1, name='sh1', opacity=1.0, ori=array(0.0), pos=array([ 20.,   0.]), size=array([ 1.,  1.]), units='pix', vertices=ndarray(...), win=Window(...))
8.1673 	EXP 	<method-wrapper '__getattribute__' of attributeSetter object at 0x10eed1e90>: vertices = array([[-30.,  20.],
       [ 30.,  20.],
       [ 30., -20.],
       [-30., -20.]])
8.1688 	EXP 	Created sh2a = Rect(autoDraw=False, autoLog=True, closeShape=True, contrast=1.0, depth=-10.0, fillColor='black', fillColorSpace='named', fillRGB=array([ 0.,  0.,  0.]), interpolate=True, lineColor='black', lineColorSpace='named', lineRGB=array([ 0.,  0.,  0.]), lineWidth=1, name='sh2a', opacity=1.0, ori=array(0.0), pos=array([  50.,  113.]), size=array([ 1.,  1.]), units='pix', vertices=ndarray(...), win=Window(...))
8.1692 	EXP 	<method-wrapper '__getattribute__' of attributeSetter object at 0x10eed1e90>: vertices = array([[-20.,  40.],
       [ 20.,  40.],
       [ 20., -40.],
       [-20., -40.]])
8.1706 	EXP 	Created sh2b = Rect(autoDraw=False, autoLog=True, closeShape=True, contrast=1.0, depth=-11.0, fillColor='black', fillColorSpace='named', fillRGB=array([ 0.,  0.,  0.]), interpolate=True, lineColor='black', lineColorSpace='named', lineRGB=array([ 0.,  0.,  0.]), lineWidth=1, name='sh2b', opacity=1.0, ori=array(0.0), pos=array([ 22.,  93.]), size=array([ 1.,  1.]), units='pix', vertices=ndarray(...), win=Window(...))
8.1711 	EXP 	<method-wrapper '__getattribute__' of attributeSetter object at 0x10eed1e90>: vertices = array([[-55.,  20.],
       [ 55.,  20.],
       [ 55., -20.],
       [-55., -20.]])
8.1725 	EXP 	Created sh3 = Rect(autoDraw=False, autoLog=True, closeShape=True, contrast=1.0, depth=-12.0, fillColor='black', fillColorSpace='named', fillRGB=array([ 0.,  0.,  0.]), interpolate=True, lineColor='black', lineColorSpace='named', lineRGB=array([ 0.,  0.,  0.]), lineWidth=1, name='sh3', opacity=1.0, ori=array(0.0), pos=array([ 135.,  115.]), size=array([ 1.,  1.]), units='pix', vertices=ndarray(...), win=Window(...))
8.1729 	EXP 	<method-wrapper '__getattribute__' of attributeSetter object at 0x10eed1e90>: vertices = array([[-55.,  20.],
       [ 55.,  20.],
       [ 55., -20.],
       [-55., -20.]])
8.1743 	EXP 	Created sh4 = Rect(autoDraw=False, autoLog=True, closeShape=True, contrast=1.0, depth=-13.0, fillColor='black', fillColorSpace='named', fillRGB=array([ 0.,  0.,  0.]), interpolate=True, lineColor='black', lineColorSpace='named', lineRGB=array([ 0.,  0.,  0.]), lineWidth=1, name='sh4', opacity=1.0, ori=array(0.0), pos=array([ 250.,  115.]), size=array([ 1.,  1.]), units='pix', vertices=ndarray(...), win=Window(...))
8.1949 	EXP 	Created star = TextStim(alignHoriz='center', alignVert='center', antialias=True, autoLog=True, bold=False, color='white', colorSpace='named', contrast=1.0, depth=0.0, flipHoriz=False, flipVert=False, font='Arial', fontFiles=[], height=50, italic=False, name='star', opacity=1.0, ori=0, pos=array([ 0.,  0.]), rgb=array([ 255.,  255.,  255.]), text=unicode(...), units='pix', win=Window(...), wrapWidth=500)
8.1957 	EXP 	<method-wrapper '__getattribute__' of attributeSetter object at 0x10eed1e90>: vertices = array([[-400.,  450.],
       [ 400.,  450.],
       [ 400., -450.],
       [-400., -450.]])
8.1992 	EXP 	Created whitebackground = Rect(autoDraw=False, autoLog=True, closeShape=True, contrast=1.0, depth=-2.0, fillColor=array([ 1.,  1.,  1.]), fillColorSpace='rgb', fillRGB=array([ 1.,  1.,  1.]), interpolate=True, lineColor=array([ 1.,  1.,  1.]), lineColorSpace='rgb', lineRGB=array([ 1.,  1.,  1.]), lineWidth=0, name='whitebackground', opacity=1.0, ori=array(0.0), pos=array([-560.,    0.]), size=array([ 1.,  1.]), units='pix', vertices=ndarray(...), win=Window(...))
8.2121 	EXP 	Created robotS = ImageStim(autoLog=True, color=array([ 1.,  1.,  1.]), colorSpace='rgb', contrast=1.0, depth=-3.0, flipHoriz=False, flipVert=False, image='robot1.png', interpolate=True, mask=None, maskParams=None, name='robotS', opacity=1.0, ori=0.0, pos=array([ 0.,  0.]), size=array([ 100.,  100.]), texRes=128, units='pix', win=Window(...))
8.2193 	EXP 	Created node1 = Polygon(autoDraw=False, autoLog=True, closeShape=True, contrast=1.0, depth=-4.0, fillColor=array([ 1.,  1.,  1.]), fillColorSpace='rgb', fillRGB=array([ 1.,  1.,  1.]), interpolate=True, lineColor=array([ 1.,  1.,  1.]), lineColorSpace='rgb', lineRGB=array([ 1.,  1.,  1.]), lineWidth=0, name='node1', opacity=1.0, ori=array(0.0), pos=array([ 0.,  0.]), size=array([ 100.,  100.]), units='pix', vertices=ndarray(...), win=Window(...))
8.2260 	EXP 	Created node2 = Polygon(autoDraw=False, autoLog=True, closeShape=True, contrast=1.0, depth=-5.0, fillColor=array([ 1.,  1.,  1.]), fillColorSpace='rgb', fillRGB=array([ 1.,  1.,  1.]), interpolate=True, lineColor=array([ 1.,  1.,  1.]), lineColorSpace='rgb', lineRGB=array([ 1.,  1.,  1.]), lineWidth=0, name='node2', opacity=1.0, ori=array(0.0), pos=array([ 0.,  0.]), size=array([ 100.,  100.]), units='pix', vertices=ndarray(...), win=Window(...))
8.2351 	EXP 	Created node3 = Polygon(autoDraw=False, autoLog=True, closeShape=True, contrast=1.0, depth=-6.0, fillColor=array([ 1.,  1.,  1.]), fillColorSpace='rgb', fillRGB=array([ 1.,  1.,  1.]), interpolate=True, lineColor=array([ 1.,  1.,  1.]), lineColorSpace='rgb', lineRGB=array([ 1.,  1.,  1.]), lineWidth=0, name='node3', opacity=1.0, ori=array(0.0), pos=array([ 0.,  0.]), size=array([ 100.,  100.]), units='pix', vertices=ndarray(...), win=Window(...))
8.2421 	EXP 	Created node4 = Polygon(autoDraw=False, autoLog=True, closeShape=True, contrast=1.0, depth=-7.0, fillColor=array([ 1.,  1.,  1.]), fillColorSpace='rgb', fillRGB=array([ 1.,  1.,  1.]), interpolate=True, lineColor=array([ 1.,  1.,  1.]), lineColorSpace='rgb', lineRGB=array([ 1.,  1.,  1.]), lineWidth=0, name='node4', opacity=1.0, ori=array(0.0), pos=array([ 0.,  0.]), size=array([ 100.,  100.]), units='pix', vertices=ndarray(...), win=Window(...))
8.2493 	EXP 	Created node5 = Polygon(autoDraw=False, autoLog=True, closeShape=True, contrast=1.0, depth=-8.0, fillColor=array([ 1.,  1.,  1.]), fillColorSpace='rgb', fillRGB=array([ 1.,  1.,  1.]), interpolate=True, lineColor=array([ 1.,  1.,  1.]), lineColorSpace='rgb', lineRGB=array([ 1.,  1.,  1.]), lineWidth=0, name='node5', opacity=1.0, ori=array(0.0), pos=array([ 0.,  0.]), size=array([ 100.,  100.]), units='pix', vertices=ndarray(...), win=Window(...))
8.2623 	EXP 	Created robotF = ImageStim(autoLog=True, color=array([ 1.,  1.,  1.]), colorSpace='rgb', contrast=1.0, depth=-9.0, flipHoriz=False, flipVert=False, image='robot1.png', interpolate=True, mask=None, maskParams=None, name='robotF', opacity=1.0, ori=0.0, pos=array([ 0.,  0.]), size=array([ 100.,  100.]), texRes=128, units='pix', win=Window(...))
8.2696 	EXP 	Created select1 = Polygon(autoDraw=False, autoLog=True, closeShape=True, contrast=1.0, depth=-10.0, fillColor='red', fillColorSpace='named', fillRGB=array([ 255.,    0.,    0.]), interpolate=True, lineColor=array([ 1.,  1.,  1.]), lineColorSpace='rgb', lineRGB=array([ 1.,  1.,  1.]), lineWidth=0, name='select1', opacity=1.0, ori=array(0.0), pos=array([-630.,    0.]), size=array([ 100.,  100.]), units='pix', vertices=ndarray(...), win=Window(...))
8.2759 	EXP 	Created select2 = Polygon(autoDraw=False, autoLog=True, closeShape=True, contrast=1.0, depth=-11.0, fillColor='blue', fillColorSpace='named', fillRGB=array([   0.,    0.,  255.]), interpolate=True, lineColor=array([ 1.,  1.,  1.]), lineColorSpace='rgb', lineRGB=array([ 1.,  1.,  1.]), lineWidth=0, name='select2', opacity=1.0, ori=array(0.0), pos=array([-630., -120.]), size=array([ 100.,  100.]), units='pix', vertices=ndarray(...), win=Window(...))
8.2826 	EXP 	Created select3 = Polygon(autoDraw=False, autoLog=True, closeShape=True, contrast=1.0, depth=-12.0, fillColor='yellow', fillColorSpace='named', fillRGB=array([ 255.,  255.,    0.]), interpolate=True, lineColor=array([ 1.,  1.,  1.]), lineColorSpace='rgb', lineRGB=array([ 1.,  1.,  1.]), lineWidth=0, name='select3', opacity=1.0, ori=array(0.0), pos=array([-630., -240.]), size=array([ 100.,  100.]), units='pix', vertices=ndarray(...), win=Window(...))
8.2888 	EXP 	Created select4 = Polygon(autoDraw=False, autoLog=True, closeShape=True, contrast=1.0, depth=-13.0, fillColor='green', fillColorSpace='named', fillRGB=array([   0.,  128.,    0.]), interpolate=True, lineColor=array([ 1.,  1.,  1.]), lineColorSpace='rgb', lineRGB=array([ 1.,  1.,  1.]), lineWidth=0, name='select4', opacity=1.0, ori=array(0.0), pos=array([-630., -360.]), size=array([ 100.,  100.]), units='pix', vertices=ndarray(...), win=Window(...))
8.3245 	EXP 	Created selection = ImageStim(autoLog=True, color=array([ 1.,  1.,  1.]), colorSpace='rgb', contrast=1.0, depth=-14.0, flipHoriz=False, flipVert=False, image='mastershapes.png', interpolate=True, mask=None, maskParams=None, name='selection', opacity=1.0, ori=0.0, pos=array([ 0.,  0.]), size=array([ 500.,  400.]), texRes=128, units='pix', win=Window(...))
8.3780 	EXP 	Created sel = TextStim(alignHoriz='center', alignVert='center', antialias=True, autoLog=True, bold=False, color='black', colorSpace='named', contrast=1.0, depth=-15.0, flipHoriz=False, flipVert=False, font='Arial', fontFiles=[], height=30, italic=False, name='sel', opacity=1.0, ori=0, pos=array([-450.,  250.]), rgb=array([ 0.,  0.,  0.]), text=unicode(...), units='pix', win=Window(...), wrapWidth=500)
8.3931 	EXP 	Created Evaluation = TextStim(alignHoriz='center', alignVert='center', antialias=True, autoLog=True, bold=False, color=u'white', colorSpace='named', contrast=1.0, depth=0.0, flipHoriz=False, flipVert=False, font=u'Arial', fontFiles=[], height=50, italic=False, name='Evaluation', opacity=1.0, ori=0, pos=array([   0.,  300.]), rgb=array([ 255.,  255.,  255.]), text=unicode(...), units='pix', win=Window(...), wrapWidth=500)
8.4010 	EXP 	Created polygon = Polygon(autoDraw=False, autoLog=True, closeShape=True, contrast=1.0, depth=-1.0, fillColor=array([ 1.,  1.,  1.]), fillColorSpace='rgb', fillRGB=array([ 1.,  1.,  1.]), interpolate=True, lineColor=array([ 1.,  1.,  1.]), lineColorSpace='rgb', lineRGB=array([ 1.,  1.,  1.]), lineWidth=1, name='polygon', opacity=1.0, ori=array(0.0), pos=array([ 0.,  0.]), size=array([ 100.,  100.]), units='pix', vertices=ndarray(...), win=Window(...))
8.4085 	EXP 	Created polygon_2 = Polygon(autoDraw=False, autoLog=True, closeShape=True, contrast=1.0, depth=-2.0, fillColor=array([ 1.,  1.,  1.]), fillColorSpace='rgb', fillRGB=array([ 1.,  1.,  1.]), interpolate=True, lineColor=array([ 1.,  1.,  1.]), lineColorSpace='rgb', lineRGB=array([ 1.,  1.,  1.]), lineWidth=1, name='polygon_2', opacity=1.0, ori=array(0.0), pos=array([ 0.,  0.]), size=array([ 100.,  100.]), units='pix', vertices=ndarray(...), win=Window(...))
8.4162 	EXP 	Created polygon_3 = Polygon(autoDraw=False, autoLog=True, closeShape=True, contrast=1.0, depth=-3.0, fillColor=array([ 1.,  1.,  1.]), fillColorSpace='rgb', fillRGB=array([ 1.,  1.,  1.]), interpolate=True, lineColor=array([ 1.,  1.,  1.]), lineColorSpace='rgb', lineRGB=array([ 1.,  1.,  1.]), lineWidth=1, name='polygon_3', opacity=1.0, ori=array(0.0), pos=array([ 0.,  0.]), size=array([ 100.,  100.]), units='pix', vertices=ndarray(...), win=Window(...))
8.4230 	EXP 	Created polygon_4 = Polygon(autoDraw=False, autoLog=True, closeShape=True, contrast=1.0, depth=-4.0, fillColor=array([ 1.,  1.,  1.]), fillColorSpace='rgb', fillRGB=array([ 1.,  1.,  1.]), interpolate=True, lineColor=array([ 1.,  1.,  1.]), lineColorSpace='rgb', lineRGB=array([ 1.,  1.,  1.]), lineWidth=1, name='polygon_4', opacity=1.0, ori=array(0.0), pos=array([ 0.,  0.]), size=array([ 100.,  100.]), units='pix', vertices=ndarray(...), win=Window(...))
8.4302 	EXP 	Created polygon_5 = Polygon(autoDraw=False, autoLog=True, closeShape=True, contrast=1.0, depth=-5.0, fillColor=array([ 1.,  1.,  1.]), fillColorSpace='rgb', fillRGB=array([ 1.,  1.,  1.]), interpolate=True, lineColor=array([ 1.,  1.,  1.]), lineColorSpace='rgb', lineRGB=array([ 1.,  1.,  1.]), lineWidth=1, name='polygon_5', opacity=1.0, ori=array(0.0), pos=array([ 0.,  0.]), size=array([ 100.,  100.]), units='pix', vertices=ndarray(...), win=Window(...))
8.4381 	EXP 	Created choice = TextStim(alignHoriz='center', alignVert='center', antialias=True, autoLog=True, bold=False, color=u'white', colorSpace='named', contrast=1.0, depth=-6.0, flipHoriz=False, flipVert=False, font=u'Arial', fontFiles=[], height=50, italic=False, name='choice', opacity=1.0, ori=0, pos=array([   0., -300.]), rgb=array([ 255.,  255.,  255.]), text=u'default text', units='pix', win=Window(...), wrapWidth=500)
8.4533 	EXP 	Created ro = ImageStim(autoLog=True, color=array([ 1.,  1.,  1.]), colorSpace='rgb', contrast=1.0, depth=-7.0, flipHoriz=False, flipVert=False, image='robot1.png', interpolate=True, mask=None, maskParams=None, name='ro', opacity=1.0, ori=0.0, pos=array([ 0.,  0.]), size=array([ 100.,  100.]), texRes=128, units='pix', win=Window(...))
8.4668 	EXP 	Created rq = ImageStim(autoLog=True, color=array([ 1.,  1.,  1.]), colorSpace='rgb', contrast=1.0, depth=-8.0, flipHoriz=False, flipVert=False, image='robot1.png', interpolate=True, mask=None, maskParams=None, name='rq', opacity=1.0, ori=0.0, pos=array([ 0.,  0.]), size=array([ 100.,  100.]), texRes=128, units='pix', win=Window(...))
8.4731 	EXP 	Created feedback = TextStim(alignHoriz='center', alignVert='center', antialias=True, autoLog=True, bold=False, color=u'white', colorSpace='named', contrast=1.0, depth=-10.0, flipHoriz=False, flipVert=False, font=u'Arial', fontFiles=[], height=50, italic=False, name='feedback', opacity=1.0, ori=0, pos=array([ 0.,  0.]), rgb=array([ 255.,  255.,  255.]), text=u'default text', units='pix', win=Window(...), wrapWidth=500)
8.4818 	EXP 	Created thankyou = TextStim(alignHoriz='center', alignVert='center', antialias=True, autoLog=True, bold=False, color='white', colorSpace='named', contrast=1.0, depth=0.0, flipHoriz=False, flipVert=False, font='Arial', fontFiles=[], height=50, italic=False, name='thankyou', opacity=1.0, ori=0, pos=array([ 0.,  0.]), rgb=array([ 255.,  255.,  255.]), text=u'Thank you for your participation.\n', units='pix', win=Window(...), wrapWidth=500)
8.4984 	EXP 	instruct: pos = array([   0.,  150.])
8.4984 	EXP 	na: pos = array([-110., -100.])
8.4984 	EXP 	na: size = array([ 100.,  100.])
8.4984 	EXP 	nb: pos = array([   0., -100.])
8.4984 	EXP 	nb: size = array([ 100.,  100.])
8.4984 	EXP 	nc: pos = array([ 110., -100.])
8.4984 	EXP 	nc: size = array([ 100.,  100.])
8.4984 	EXP 	welcome: autoDraw = True
11.4987 	EXP 	welcome: autoDraw = False
11.4987 	EXP 	instruct: autoDraw = True
14.4992 	EXP 	rob0: autoDraw = True
14.4992 	EXP 	robb: autoDraw = True
14.9994 	EXP 	na: autoDraw = True
15.4993 	EXP 	nb: autoDraw = True
15.9994 	EXP 	nc: autoDraw = True
16.9995 	EXP 	s1: autoDraw = True
17.9995 	EXP 	s2: autoDraw = True
18.9997 	EXP 	s3: autoDraw = True
22.5001 	EXP 	na: autoDraw = False
22.5001 	EXP 	nb: autoDraw = False
22.5001 	EXP 	nc: autoDraw = False
22.5001 	EXP 	s1: autoDraw = False
22.5001 	EXP 	s2: autoDraw = False
22.5001 	EXP 	s3: autoDraw = False
22.5001 	EXP 	heart: autoDraw = True
26.5169 	EXP 	welcome: autoDraw = False
26.5169 	EXP 	instruct: autoDraw = False
26.5169 	EXP 	rob0: autoDraw = False
26.5169 	EXP 	robb: autoDraw = False
26.5169 	EXP 	na: autoDraw = False
26.5169 	EXP 	nb: autoDraw = False
26.5169 	EXP 	nc: autoDraw = False
26.5169 	EXP 	s1: autoDraw = False
26.5169 	EXP 	s2: autoDraw = False
26.5169 	EXP 	s3: autoDraw = False
26.5169 	EXP 	heart: autoDraw = False
26.5169 	EXP 	text_2: pos = array([-300.,  300.])
26.5169 	EXP 	nod1: fillColor = 'red (named)'
26.5169 	EXP 	nod1: pos = array([ 20.,   0.])
26.5169 	EXP 	nod2: fillColor = 'yellow (named)'
26.5169 	EXP 	nod2: pos = array([  20.,  115.])
26.5169 	EXP 	nod2: lineColor = 'yellow (named)'
26.5169 	EXP 	nod3: fillColor = 'blue (named)'
26.5169 	EXP 	nod3: lineColor = 'blue (named)'
26.5169 	EXP 	nod4: fillColor = 'blue (named)'
26.5169 	EXP 	nod4: lineColor = 'blue (named)'
26.5169 	EXP 	rob1: ori = 0.0
26.5169 	EXP 	rob2: image = 'robot1.png'
26.5169 	EXP 	sh1: size = array([  40.,  110.])
26.5169 	EXP 	text_2: autoDraw = True
26.5169 	EXP 	nod1: autoDraw = True
26.5169 	EXP 	nod2: autoDraw = True
26.5169 	EXP 	nod3: autoDraw = True
26.5169 	EXP 	nod4: autoDraw = True
26.5169 	EXP 	rob1: autoDraw = True
26.5169 	EXP 	rob2: autoDraw = True
28.5008 	EXP 	sh1: autoDraw = True
29.0172 	EXP 	sh2a: autoDraw = True
29.0172 	EXP 	sh2b: autoDraw = True
29.5008 	EXP 	sh3: autoDraw = True
30.0174 	EXP 	sh4: autoDraw = True
31.7092 	DATA 	Keypress: space
31.7176 	EXP 	text_2: autoDraw = False
31.7176 	EXP 	nod1: autoDraw = False
31.7176 	EXP 	nod2: autoDraw = False
31.7176 	EXP 	nod3: autoDraw = False
31.7176 	EXP 	nod4: autoDraw = False
31.7176 	EXP 	rob1: autoDraw = False
31.7176 	EXP 	rob2: autoDraw = False
31.7176 	EXP 	sh1: autoDraw = False
31.7176 	EXP 	sh2a: autoDraw = False
31.7176 	EXP 	sh2b: autoDraw = False
31.7176 	EXP 	sh3: autoDraw = False
31.7176 	EXP 	sh4: autoDraw = False
31.7176 	EXP 	star: autoDraw = True
32.0209 	DATA 	Keypress: space
32.0402 	EXP 	Imported designs.xlsx as conditions, 4 conditions, 16 params
32.0406 	EXP 	Created sequence: sequential, trialTypes=4, nReps=1, seed=None
32.0415 	EXP 	New trial (rep=0, index=0): {u'n2col': u'blue', u'n4col': u'red', u'n3col': u'green', u'r4': u'd', u'n1col': u'blue', u'r1': u'a', u'r2': u'b', u'rs': u'LOC21', u'r3': u'c', u're': u'LOC9', u'n5col': u'red', u'n1': u'LOC22', u'n2': u'LOC23', u'n3': u'LOC24', u'n4': u'LOC19', u'n5': u'LOC14'}
32.0677 	EXP 	star: autoDraw = False
32.0677 	EXP 	robotS: pos = array([  20., -230.])
32.0677 	EXP 	node1: fillColor = u'blue (named)'
32.0677 	EXP 	node1: pos = array([ 135., -230.])
32.0677 	EXP 	node2: fillColor = u'blue (named)'
32.0677 	EXP 	node2: pos = array([ 250., -230.])
32.0677 	EXP 	node3: fillColor = u'green (named)'
32.0677 	EXP 	node3: pos = array([ 365., -230.])
32.0677 	EXP 	node4: fillColor = u'red (named)'
32.0677 	EXP 	node4: pos = array([ 365., -115.])
32.0677 	EXP 	node5: fillColor = u'red (named)'
32.0677 	EXP 	node5: pos = array([ 365.,    0.])
32.0677 	EXP 	robotF: pos = array([ 365.,  115.])
32.0677 	EXP 	whitebackground: autoDraw = True
32.0677 	EXP 	robotS: autoDraw = True
32.0677 	EXP 	node1: autoDraw = True
32.0677 	EXP 	node2: autoDraw = True
32.0677 	EXP 	node3: autoDraw = True
32.0677 	EXP 	node4: autoDraw = True
32.0677 	EXP 	node5: autoDraw = True
32.0677 	EXP 	robotF: autoDraw = True
32.0677 	EXP 	select1: autoDraw = True
32.0677 	EXP 	select2: autoDraw = True
32.0677 	EXP 	select3: autoDraw = True
32.0677 	EXP 	select4: autoDraw = True
32.0677 	EXP 	selection: autoDraw = True
32.0677 	EXP 	sel: autoDraw = True
33.2874 	DATA 	Keypress: a
33.5215 	DATA 	Keypress: a
33.7539 	DATA 	Keypress: a
34.0212 	DATA 	Keypress: a
34.0376 	EXP 	New trial (rep=0, index=1): {u'n2col': u'yellow', u'n4col': u'green', u'n3col': u'blue', u'r4': u'd', u'n1col': u'red', u'r1': u'a', u'r2': u'b', u'rs': u'LOC21', u'r3': u'c', u're': u'LOC3', u'n5col': u'red', u'n1': u'LOC16', u'n2': u'LOC11', u'n3': u'LOC12', u'n4': u'LOC13', u'n5': u'LOC8'}
34.0510 	EXP 	whitebackground: autoDraw = False
34.0510 	EXP 	robotS: autoDraw = False
34.0510 	EXP 	node1: autoDraw = False
34.0510 	EXP 	node2: autoDraw = False
34.0510 	EXP 	node3: autoDraw = False
34.0510 	EXP 	node4: autoDraw = False
34.0510 	EXP 	node5: autoDraw = False
34.0510 	EXP 	robotF: autoDraw = False
34.0510 	EXP 	select1: autoDraw = False
34.0510 	EXP 	select2: autoDraw = False
34.0510 	EXP 	select3: autoDraw = False
34.0510 	EXP 	select4: autoDraw = False
34.0510 	EXP 	selection: autoDraw = False
34.0510 	EXP 	sel: autoDraw = False
34.0510 	EXP 	robotS: pos = array([  20., -230.])
34.0510 	EXP 	node1: fillColor = u'red (named)'
34.0510 	EXP 	node1: pos = array([  20., -115.])
34.0510 	EXP 	node2: fillColor = u'yellow (named)'
34.0510 	EXP 	node2: pos = array([ 20.,   0.])
34.0510 	EXP 	node3: fillColor = u'blue (named)'
34.0510 	EXP 	node3: pos = array([ 135.,    0.])
34.0510 	EXP 	node4: fillColor = u'green (named)'
34.0510 	EXP 	node4: pos = array([ 250.,    0.])
34.0510 	EXP 	node5: fillColor = u'red (named)'
34.0510 	EXP 	node5: pos = array([ 250.,  115.])
34.0510 	EXP 	robotF: pos = array([ 250.,  230.])
34.0510 	EXP 	whitebackground: autoDraw = True
34.0510 	EXP 	robotS: autoDraw = True
34.0510 	EXP 	node1: autoDraw = True
34.0510 	EXP 	node2: autoDraw = True
34.0510 	EXP 	node3: autoDraw = True
34.0510 	EXP 	node4: autoDraw = True
34.0510 	EXP 	node5: autoDraw = True
34.0510 	EXP 	robotF: autoDraw = True
34.0510 	EXP 	select1: autoDraw = True
34.0510 	EXP 	select2: autoDraw = True
34.0510 	EXP 	select3: autoDraw = True
34.0510 	EXP 	select4: autoDraw = True
34.0510 	EXP 	selection: autoDraw = True
34.0510 	EXP 	sel: autoDraw = True
34.3208 	DATA 	Keypress: a
34.5069 	DATA 	Keypress: a
34.7708 	DATA 	Keypress: a
35.0544 	DATA 	Keypress: a
35.0562 	EXP 	New trial (rep=0, index=2): {u'n2col': u'red', u'n4col': u'blue', u'n3col': u'yellow', u'r4': u'd', u'n1col': u'red', u'r1': u'a', u'r2': u'b', u'rs': u'LOC22', u'r3': u'c', u're': u'LOC10', u'n5col': u'blue', u'n1': u'LOC17', u'n2': u'LOC12', u'n3': u'LOC7', u'n4': u'LOC8', u'n5': u'LOC9'}
35.0845 	EXP 	whitebackground: autoDraw = False
35.0845 	EXP 	robotS: autoDraw = False
35.0845 	EXP 	node1: autoDraw = False
35.0845 	EXP 	node2: autoDraw = False
35.0845 	EXP 	node3: autoDraw = False
35.0845 	EXP 	node4: autoDraw = False
35.0845 	EXP 	node5: autoDraw = False
35.0845 	EXP 	robotF: autoDraw = False
35.0845 	EXP 	select1: autoDraw = False
35.0845 	EXP 	select2: autoDraw = False
35.0845 	EXP 	select3: autoDraw = False
35.0845 	EXP 	select4: autoDraw = False
35.0845 	EXP 	selection: autoDraw = False
35.0845 	EXP 	sel: autoDraw = False
35.0845 	EXP 	robotS: pos = array([ 135., -230.])
35.0845 	EXP 	node1: fillColor = u'red (named)'
35.0845 	EXP 	node1: pos = array([ 135., -115.])
35.0845 	EXP 	node2: fillColor = u'red (named)'
35.0845 	EXP 	node2: pos = array([ 135.,    0.])
35.0845 	EXP 	node3: fillColor = u'yellow (named)'
35.0845 	EXP 	node3: pos = array([ 135.,  115.])
35.0845 	EXP 	node4: fillColor = u'blue (named)'
35.0845 	EXP 	node4: pos = array([ 250.,  115.])
35.0845 	EXP 	node5: fillColor = u'blue (named)'
35.0845 	EXP 	node5: pos = array([ 365.,  115.])
35.0845 	EXP 	robotF: pos = array([ 480.,  115.])
35.0845 	EXP 	whitebackground: autoDraw = True
35.0845 	EXP 	robotS: autoDraw = True
35.0845 	EXP 	node1: autoDraw = True
35.0845 	EXP 	node2: autoDraw = True
35.0845 	EXP 	node3: autoDraw = True
35.0845 	EXP 	node4: autoDraw = True
35.0845 	EXP 	node5: autoDraw = True
35.0845 	EXP 	robotF: autoDraw = True
35.0845 	EXP 	select1: autoDraw = True
35.0845 	EXP 	select2: autoDraw = True
35.0845 	EXP 	select3: autoDraw = True
35.0845 	EXP 	select4: autoDraw = True
35.0845 	EXP 	selection: autoDraw = True
35.0845 	EXP 	sel: autoDraw = True
35.3051 	DATA 	Keypress: a
35.5379 	DATA 	Keypress: a
35.8379 	DATA 	Keypress: a
36.1380 	DATA 	Keypress: a
36.1399 	EXP 	New trial (rep=0, index=3): {u'n2col': u'yellow', u'n4col': u'yellow', u'n3col': u'green', u'r4': u'd', u'n1col': u'green', u'r1': u'a', u'r2': u'b', u'rs': u'LOC16', u'r3': u'c', u're': u'LOC10', u'n5col': u'blue', u'n1': u'LOC17', u'n2': u'LOC12', u'n3': u'LOC13', u'n4': u'LOC8', u'n5': u'LOC9'}
36.1682 	EXP 	whitebackground: autoDraw = False
36.1682 	EXP 	robotS: autoDraw = False
36.1682 	EXP 	node1: autoDraw = False
36.1682 	EXP 	node2: autoDraw = False
36.1682 	EXP 	node3: autoDraw = False
36.1682 	EXP 	node4: autoDraw = False
36.1682 	EXP 	node5: autoDraw = False
36.1682 	EXP 	robotF: autoDraw = False
36.1682 	EXP 	select1: autoDraw = False
36.1682 	EXP 	select2: autoDraw = False
36.1682 	EXP 	select3: autoDraw = False
36.1682 	EXP 	select4: autoDraw = False
36.1682 	EXP 	selection: autoDraw = False
36.1682 	EXP 	sel: autoDraw = False
36.1682 	EXP 	robotS: pos = array([  20., -115.])
36.1682 	EXP 	node1: fillColor = u'green (named)'
36.1682 	EXP 	node1: pos = array([ 135., -115.])
36.1682 	EXP 	node2: fillColor = u'yellow (named)'
36.1682 	EXP 	node2: pos = array([ 135.,    0.])
36.1682 	EXP 	node3: fillColor = u'green (named)'
36.1682 	EXP 	node3: pos = array([ 250.,    0.])
36.1682 	EXP 	node4: fillColor = u'yellow (named)'
36.1682 	EXP 	node4: pos = array([ 250.,  115.])
36.1682 	EXP 	node5: fillColor = u'blue (named)'
36.1682 	EXP 	node5: pos = array([ 365.,  115.])
36.1682 	EXP 	robotF: pos = array([ 480.,  115.])
36.1682 	EXP 	whitebackground: autoDraw = True
36.1682 	EXP 	robotS: autoDraw = True
36.1682 	EXP 	node1: autoDraw = True
36.1682 	EXP 	node2: autoDraw = True
36.1682 	EXP 	node3: autoDraw = True
36.1682 	EXP 	node4: autoDraw = True
36.1682 	EXP 	node5: autoDraw = True
36.1682 	EXP 	robotF: autoDraw = True
36.1682 	EXP 	select1: autoDraw = True
36.1682 	EXP 	select2: autoDraw = True
36.1682 	EXP 	select3: autoDraw = True
36.1682 	EXP 	select4: autoDraw = True
36.1682 	EXP 	selection: autoDraw = True
36.1682 	EXP 	sel: autoDraw = True
36.4208 	DATA 	Keypress: a
36.6381 	DATA 	Keypress: a
37.2537 	DATA 	Keypress: a
37.6208 	DATA 	Keypress: a
37.6385 	EXP 	Imported designs1.xlsx as conditions, 2 conditions, 13 params
37.6390 	EXP 	Created sequence: random, trialTypes=2, nReps=5, seed=None
37.6396 	EXP 	New trial (rep=0, index=0): {u'n1col': u'blue', u'n2col': u'yellow', u'n4col': u'yellow', u'rs': u'LOC16', u'n3col': u'red', u're': u'LOC10', u'corrAns': u'n', u'n5col': u'blue', u'n1': u'LOC17', u'n2': u'LOC12', u'n3': u'LOC13', u'n4': u'LOC8', u'n5': u'LOC9'}
37.6850 	EXP 	whitebackground: autoDraw = False
37.6850 	EXP 	robotS: autoDraw = False
37.6850 	EXP 	node1: autoDraw = False
37.6850 	EXP 	node2: autoDraw = False
37.6850 	EXP 	node3: autoDraw = False
37.6850 	EXP 	node4: autoDraw = False
37.6850 	EXP 	node5: autoDraw = False
37.6850 	EXP 	robotF: autoDraw = False
37.6850 	EXP 	select1: autoDraw = False
37.6850 	EXP 	select2: autoDraw = False
37.6850 	EXP 	select3: autoDraw = False
37.6850 	EXP 	select4: autoDraw = False
37.6850 	EXP 	selection: autoDraw = False
37.6850 	EXP 	sel: autoDraw = False
37.6850 	EXP 	polygon: fillColor = u'blue (named)'
37.6850 	EXP 	polygon: pos = array([ 135., -115.])
37.6850 	EXP 	polygon_2: fillColor = u'yellow (named)'
37.6850 	EXP 	polygon_2: pos = array([ 135.,    0.])
37.6850 	EXP 	polygon_3: fillColor = u'red (named)'
37.6850 	EXP 	polygon_3: pos = array([ 250.,    0.])
37.6850 	EXP 	polygon_4: fillColor = u'yellow (named)'
37.6850 	EXP 	polygon_4: pos = array([ 250.,  115.])
37.6850 	EXP 	polygon_5: fillColor = u'blue (named)'
37.6850 	EXP 	polygon_5: pos = array([ 365.,  115.])
37.6850 	EXP 	choice: text = u"Press 'y' for Yes  \nPress 'n' for No"
37.6850 	EXP 	ro: color = '[ 1.  1.  1.] (rgb)'
37.6850 	EXP 	ro: pos = array([  20., -115.])
37.6850 	EXP 	rq: color = '[ 1.  1.  1.] (rgb)'
37.6850 	EXP 	rq: pos = array([ 480.,  115.])
37.6850 	EXP 	feedback: text = u"msg=''"
37.6850 	EXP 	Evaluation: autoDraw = True
37.6850 	EXP 	polygon: autoDraw = True
37.6850 	EXP 	polygon_2: autoDraw = True
37.6850 	EXP 	polygon_3: autoDraw = True
37.6850 	EXP 	polygon_4: autoDraw = True
37.6850 	EXP 	polygon_5: autoDraw = True
37.6850 	EXP 	choice: autoDraw = True
37.6850 	EXP 	ro: autoDraw = True
37.6850 	EXP 	rq: autoDraw = True
40.2050 	DATA 	Keypress: y
40.2068 	EXP 	New trial (rep=0, index=1): {u'n1col': u'green', u'n2col': u'yellow', u'n4col': u'yellow', u'rs': u'LOC16', u'n3col': u'green', u're': u'LOC10', u'corrAns': u'y', u'n5col': u'blue', u'n1': u'LOC17', u'n2': u'LOC12', u'n3': u'LOC13', u'n4': u'LOC8', u'n5': u'LOC9'}
40.2185 	EXP 	Evaluation: autoDraw = False
40.2185 	EXP 	polygon: autoDraw = False
40.2185 	EXP 	polygon_2: autoDraw = False
40.2185 	EXP 	polygon_3: autoDraw = False
40.2185 	EXP 	polygon_4: autoDraw = False
40.2185 	EXP 	polygon_5: autoDraw = False
40.2185 	EXP 	choice: autoDraw = False
40.2185 	EXP 	ro: autoDraw = False
40.2185 	EXP 	rq: autoDraw = False
40.2185 	EXP 	feedback: autoDraw = False
40.2185 	EXP 	polygon: fillColor = u'green (named)'
40.2185 	EXP 	polygon: pos = array([ 135., -115.])
40.2185 	EXP 	polygon_2: fillColor = u'yellow (named)'
40.2185 	EXP 	polygon_2: pos = array([ 135.,    0.])
40.2185 	EXP 	polygon_3: fillColor = u'green (named)'
40.2185 	EXP 	polygon_3: pos = array([ 250.,    0.])
40.2185 	EXP 	polygon_4: fillColor = u'yellow (named)'
40.2185 	EXP 	polygon_4: pos = array([ 250.,  115.])
40.2185 	EXP 	polygon_5: fillColor = u'blue (named)'
40.2185 	EXP 	polygon_5: pos = array([ 365.,  115.])
40.2185 	EXP 	choice: text = u"Press 'y' for Yes  \nPress 'n' for No"
40.2185 	EXP 	ro: color = '[ 1.  1.  1.] (rgb)'
40.2185 	EXP 	ro: pos = array([  20., -115.])
40.2185 	EXP 	rq: color = '[ 1.  1.  1.] (rgb)'
40.2185 	EXP 	rq: pos = array([ 480.,  115.])
40.2185 	EXP 	feedback: text = u"msg=''"
40.2185 	EXP 	Evaluation: autoDraw = True
40.2185 	EXP 	polygon: autoDraw = True
40.2185 	EXP 	polygon_2: autoDraw = True
40.2185 	EXP 	polygon_3: autoDraw = True
40.2185 	EXP 	polygon_4: autoDraw = True
40.2185 	EXP 	polygon_5: autoDraw = True
40.2185 	EXP 	choice: autoDraw = True
40.2185 	EXP 	ro: autoDraw = True
40.2185 	EXP 	rq: autoDraw = True
42.4716 	DATA 	Keypress: n
42.4730 	EXP 	New trial (rep=1, index=0): {u'n1col': u'green', u'n2col': u'yellow', u'n4col': u'yellow', u'rs': u'LOC16', u'n3col': u'green', u're': u'LOC10', u'corrAns': u'y', u'n5col': u'blue', u'n1': u'LOC17', u'n2': u'LOC12', u'n3': u'LOC13', u'n4': u'LOC8', u'n5': u'LOC9'}
42.4853 	EXP 	Evaluation: autoDraw = False
42.4853 	EXP 	polygon: autoDraw = False
42.4853 	EXP 	polygon_2: autoDraw = False
42.4853 	EXP 	polygon_3: autoDraw = False
42.4853 	EXP 	polygon_4: autoDraw = False
42.4853 	EXP 	polygon_5: autoDraw = False
42.4853 	EXP 	choice: autoDraw = False
42.4853 	EXP 	ro: autoDraw = False
42.4853 	EXP 	rq: autoDraw = False
42.4853 	EXP 	feedback: autoDraw = False
42.4853 	EXP 	polygon: fillColor = u'green (named)'
42.4853 	EXP 	polygon: pos = array([ 135., -115.])
42.4853 	EXP 	polygon_2: fillColor = u'yellow (named)'
42.4853 	EXP 	polygon_2: pos = array([ 135.,    0.])
42.4853 	EXP 	polygon_3: fillColor = u'green (named)'
42.4853 	EXP 	polygon_3: pos = array([ 250.,    0.])
42.4853 	EXP 	polygon_4: fillColor = u'yellow (named)'
42.4853 	EXP 	polygon_4: pos = array([ 250.,  115.])
42.4853 	EXP 	polygon_5: fillColor = u'blue (named)'
42.4853 	EXP 	polygon_5: pos = array([ 365.,  115.])
42.4853 	EXP 	choice: text = u"Press 'y' for Yes  \nPress 'n' for No"
42.4853 	EXP 	ro: color = '[ 1.  1.  1.] (rgb)'
42.4853 	EXP 	ro: pos = array([  20., -115.])
42.4853 	EXP 	rq: color = '[ 1.  1.  1.] (rgb)'
42.4853 	EXP 	rq: pos = array([ 480.,  115.])
42.4853 	EXP 	feedback: text = u"msg=''"
42.4853 	EXP 	Evaluation: autoDraw = True
42.4853 	EXP 	polygon: autoDraw = True
42.4853 	EXP 	polygon_2: autoDraw = True
42.4853 	EXP 	polygon_3: autoDraw = True
42.4853 	EXP 	polygon_4: autoDraw = True
42.4853 	EXP 	polygon_5: autoDraw = True
42.4853 	EXP 	choice: autoDraw = True
42.4853 	EXP 	ro: autoDraw = True
42.4853 	EXP 	rq: autoDraw = True
52.8903 	DATA 	Keypress: n
52.8922 	EXP 	New trial (rep=1, index=1): {u'n1col': u'blue', u'n2col': u'yellow', u'n4col': u'yellow', u'rs': u'LOC16', u'n3col': u'red', u're': u'LOC10', u'corrAns': u'n', u'n5col': u'blue', u'n1': u'LOC17', u'n2': u'LOC12', u'n3': u'LOC13', u'n4': u'LOC8', u'n5': u'LOC9'}
52.9197 	EXP 	Evaluation: autoDraw = False
52.9197 	EXP 	polygon: autoDraw = False
52.9197 	EXP 	polygon_2: autoDraw = False
52.9197 	EXP 	polygon_3: autoDraw = False
52.9197 	EXP 	polygon_4: autoDraw = False
52.9197 	EXP 	polygon_5: autoDraw = False
52.9197 	EXP 	choice: autoDraw = False
52.9197 	EXP 	ro: autoDraw = False
52.9197 	EXP 	rq: autoDraw = False
52.9197 	EXP 	feedback: autoDraw = False
52.9197 	EXP 	polygon: fillColor = u'blue (named)'
52.9197 	EXP 	polygon: pos = array([ 135., -115.])
52.9197 	EXP 	polygon_2: fillColor = u'yellow (named)'
52.9197 	EXP 	polygon_2: pos = array([ 135.,    0.])
52.9197 	EXP 	polygon_3: fillColor = u'red (named)'
52.9197 	EXP 	polygon_3: pos = array([ 250.,    0.])
52.9197 	EXP 	polygon_4: fillColor = u'yellow (named)'
52.9197 	EXP 	polygon_4: pos = array([ 250.,  115.])
52.9197 	EXP 	polygon_5: fillColor = u'blue (named)'
52.9197 	EXP 	polygon_5: pos = array([ 365.,  115.])
52.9197 	EXP 	choice: text = u"Press 'y' for Yes  \nPress 'n' for No"
52.9197 	EXP 	ro: color = '[ 1.  1.  1.] (rgb)'
52.9197 	EXP 	ro: pos = array([  20., -115.])
52.9197 	EXP 	rq: color = '[ 1.  1.  1.] (rgb)'
52.9197 	EXP 	rq: pos = array([ 480.,  115.])
52.9197 	EXP 	feedback: text = u"msg=''"
52.9197 	EXP 	Evaluation: autoDraw = True
52.9197 	EXP 	polygon: autoDraw = True
52.9197 	EXP 	polygon_2: autoDraw = True
52.9197 	EXP 	polygon_3: autoDraw = True
52.9197 	EXP 	polygon_4: autoDraw = True
52.9197 	EXP 	polygon_5: autoDraw = True
52.9197 	EXP 	choice: autoDraw = True
52.9197 	EXP 	ro: autoDraw = True
52.9197 	EXP 	rq: autoDraw = True
56.7903 	DATA 	Keypress: n
56.7920 	EXP 	New trial (rep=2, index=0): {u'n1col': u'green', u'n2col': u'yellow', u'n4col': u'yellow', u'rs': u'LOC16', u'n3col': u'green', u're': u'LOC10', u'corrAns': u'y', u'n5col': u'blue', u'n1': u'LOC17', u'n2': u'LOC12', u'n3': u'LOC13', u'n4': u'LOC8', u'n5': u'LOC9'}
56.8207 	EXP 	Evaluation: autoDraw = False
56.8207 	EXP 	polygon: autoDraw = False
56.8207 	EXP 	polygon_2: autoDraw = False
56.8207 	EXP 	polygon_3: autoDraw = False
56.8207 	EXP 	polygon_4: autoDraw = False
56.8207 	EXP 	polygon_5: autoDraw = False
56.8207 	EXP 	choice: autoDraw = False
56.8207 	EXP 	ro: autoDraw = False
56.8207 	EXP 	rq: autoDraw = False
56.8207 	EXP 	feedback: autoDraw = False
56.8207 	EXP 	polygon: fillColor = u'green (named)'
56.8207 	EXP 	polygon: pos = array([ 135., -115.])
56.8207 	EXP 	polygon_2: fillColor = u'yellow (named)'
56.8207 	EXP 	polygon_2: pos = array([ 135.,    0.])
56.8207 	EXP 	polygon_3: fillColor = u'green (named)'
56.8207 	EXP 	polygon_3: pos = array([ 250.,    0.])
56.8207 	EXP 	polygon_4: fillColor = u'yellow (named)'
56.8207 	EXP 	polygon_4: pos = array([ 250.,  115.])
56.8207 	EXP 	polygon_5: fillColor = u'blue (named)'
56.8207 	EXP 	polygon_5: pos = array([ 365.,  115.])
56.8207 	EXP 	choice: text = u"Press 'y' for Yes  \nPress 'n' for No"
56.8207 	EXP 	ro: color = '[ 1.  1.  1.] (rgb)'
56.8207 	EXP 	ro: pos = array([  20., -115.])
56.8207 	EXP 	rq: color = '[ 1.  1.  1.] (rgb)'
56.8207 	EXP 	rq: pos = array([ 480.,  115.])
56.8207 	EXP 	feedback: text = u"msg=''"
56.8207 	EXP 	Evaluation: autoDraw = True
56.8207 	EXP 	polygon: autoDraw = True
56.8207 	EXP 	polygon_2: autoDraw = True
56.8207 	EXP 	polygon_3: autoDraw = True
56.8207 	EXP 	polygon_4: autoDraw = True
56.8207 	EXP 	polygon_5: autoDraw = True
56.8207 	EXP 	choice: autoDraw = True
56.8207 	EXP 	ro: autoDraw = True
56.8207 	EXP 	rq: autoDraw = True
56.8229 	DATA 	Mouse: Left button down, pos=(743,413)
56.8236 	DATA 	Mouse:  Left button up, pos=(743,413)
57.8769 	DATA 	Keypress: n
57.8891 	EXP 	New trial (rep=2, index=1): {u'n1col': u'blue', u'n2col': u'yellow', u'n4col': u'yellow', u'rs': u'LOC16', u'n3col': u'red', u're': u'LOC10', u'corrAns': u'n', u'n5col': u'blue', u'n1': u'LOC17', u'n2': u'LOC12', u'n3': u'LOC13', u'n4': u'LOC8', u'n5': u'LOC9'}
57.9038 	EXP 	Evaluation: autoDraw = False
57.9038 	EXP 	polygon: autoDraw = False
57.9038 	EXP 	polygon_2: autoDraw = False
57.9038 	EXP 	polygon_3: autoDraw = False
57.9038 	EXP 	polygon_4: autoDraw = False
57.9038 	EXP 	polygon_5: autoDraw = False
57.9038 	EXP 	choice: autoDraw = False
57.9038 	EXP 	ro: autoDraw = False
57.9038 	EXP 	rq: autoDraw = False
57.9038 	EXP 	feedback: autoDraw = False
57.9038 	EXP 	polygon: fillColor = u'blue (named)'
57.9038 	EXP 	polygon: pos = array([ 135., -115.])
57.9038 	EXP 	polygon_2: fillColor = u'yellow (named)'
57.9038 	EXP 	polygon_2: pos = array([ 135.,    0.])
57.9038 	EXP 	polygon_3: fillColor = u'red (named)'
57.9038 	EXP 	polygon_3: pos = array([ 250.,    0.])
57.9038 	EXP 	polygon_4: fillColor = u'yellow (named)'
57.9038 	EXP 	polygon_4: pos = array([ 250.,  115.])
57.9038 	EXP 	polygon_5: fillColor = u'blue (named)'
57.9038 	EXP 	polygon_5: pos = array([ 365.,  115.])
57.9038 	EXP 	choice: text = u"Press 'y' for Yes  \nPress 'n' for No"
57.9038 	EXP 	ro: color = '[ 1.  1.  1.] (rgb)'
57.9038 	EXP 	ro: pos = array([  20., -115.])
57.9038 	EXP 	rq: color = '[ 1.  1.  1.] (rgb)'
57.9038 	EXP 	rq: pos = array([ 480.,  115.])
57.9038 	EXP 	feedback: text = u"msg=''"
57.9038 	EXP 	Evaluation: autoDraw = True
57.9038 	EXP 	polygon: autoDraw = True
57.9038 	EXP 	polygon_2: autoDraw = True
57.9038 	EXP 	polygon_3: autoDraw = True
57.9038 	EXP 	polygon_4: autoDraw = True
57.9038 	EXP 	polygon_5: autoDraw = True
57.9038 	EXP 	choice: autoDraw = True
57.9038 	EXP 	ro: autoDraw = True
57.9038 	EXP 	rq: autoDraw = True
58.2407 	DATA 	Keypress: n
58.2424 	EXP 	New trial (rep=3, index=0): {u'n1col': u'green', u'n2col': u'yellow', u'n4col': u'yellow', u'rs': u'LOC16', u'n3col': u'green', u're': u'LOC10', u'corrAns': u'y', u'n5col': u'blue', u'n1': u'LOC17', u'n2': u'LOC12', u'n3': u'LOC13', u'n4': u'LOC8', u'n5': u'LOC9'}
58.2707 	EXP 	Evaluation: autoDraw = False
58.2707 	EXP 	polygon: autoDraw = False
58.2707 	EXP 	polygon_2: autoDraw = False
58.2707 	EXP 	polygon_3: autoDraw = False
58.2707 	EXP 	polygon_4: autoDraw = False
58.2707 	EXP 	polygon_5: autoDraw = False
58.2707 	EXP 	choice: autoDraw = False
58.2707 	EXP 	ro: autoDraw = False
58.2707 	EXP 	rq: autoDraw = False
58.2707 	EXP 	feedback: autoDraw = False
58.2707 	EXP 	polygon: fillColor = u'green (named)'
58.2707 	EXP 	polygon: pos = array([ 135., -115.])
58.2707 	EXP 	polygon_2: fillColor = u'yellow (named)'
58.2707 	EXP 	polygon_2: pos = array([ 135.,    0.])
58.2707 	EXP 	polygon_3: fillColor = u'green (named)'
58.2707 	EXP 	polygon_3: pos = array([ 250.,    0.])
58.2707 	EXP 	polygon_4: fillColor = u'yellow (named)'
58.2707 	EXP 	polygon_4: pos = array([ 250.,  115.])
58.2707 	EXP 	polygon_5: fillColor = u'blue (named)'
58.2707 	EXP 	polygon_5: pos = array([ 365.,  115.])
58.2707 	EXP 	choice: text = u"Press 'y' for Yes  \nPress 'n' for No"
58.2707 	EXP 	ro: color = '[ 1.  1.  1.] (rgb)'
58.2707 	EXP 	ro: pos = array([  20., -115.])
58.2707 	EXP 	rq: color = '[ 1.  1.  1.] (rgb)'
58.2707 	EXP 	rq: pos = array([ 480.,  115.])
58.2707 	EXP 	feedback: text = u"msg=''"
58.2707 	EXP 	Evaluation: autoDraw = True
58.2707 	EXP 	polygon: autoDraw = True
58.2707 	EXP 	polygon_2: autoDraw = True
58.2707 	EXP 	polygon_3: autoDraw = True
58.2707 	EXP 	polygon_4: autoDraw = True
58.2707 	EXP 	polygon_5: autoDraw = True
58.2707 	EXP 	choice: autoDraw = True
58.2707 	EXP 	ro: autoDraw = True
58.2707 	EXP 	rq: autoDraw = True
58.4742 	DATA 	Keypress: n
58.4762 	EXP 	New trial (rep=3, index=1): {u'n1col': u'blue', u'n2col': u'yellow', u'n4col': u'yellow', u'rs': u'LOC16', u'n3col': u'red', u're': u'LOC10', u'corrAns': u'n', u'n5col': u'blue', u'n1': u'LOC17', u'n2': u'LOC12', u'n3': u'LOC13', u'n4': u'LOC8', u'n5': u'LOC9'}
58.5039 	EXP 	Evaluation: autoDraw = False
58.5039 	EXP 	polygon: autoDraw = False
58.5039 	EXP 	polygon_2: autoDraw = False
58.5039 	EXP 	polygon_3: autoDraw = False
58.5039 	EXP 	polygon_4: autoDraw = False
58.5039 	EXP 	polygon_5: autoDraw = False
58.5039 	EXP 	choice: autoDraw = False
58.5039 	EXP 	ro: autoDraw = False
58.5039 	EXP 	rq: autoDraw = False
58.5039 	EXP 	feedback: autoDraw = False
58.5039 	EXP 	polygon: fillColor = u'blue (named)'
58.5039 	EXP 	polygon: pos = array([ 135., -115.])
58.5039 	EXP 	polygon_2: fillColor = u'yellow (named)'
58.5039 	EXP 	polygon_2: pos = array([ 135.,    0.])
58.5039 	EXP 	polygon_3: fillColor = u'red (named)'
58.5039 	EXP 	polygon_3: pos = array([ 250.,    0.])
58.5039 	EXP 	polygon_4: fillColor = u'yellow (named)'
58.5039 	EXP 	polygon_4: pos = array([ 250.,  115.])
58.5039 	EXP 	polygon_5: fillColor = u'blue (named)'
58.5039 	EXP 	polygon_5: pos = array([ 365.,  115.])
58.5039 	EXP 	choice: text = u"Press 'y' for Yes  \nPress 'n' for No"
58.5039 	EXP 	ro: color = '[ 1.  1.  1.] (rgb)'
58.5039 	EXP 	ro: pos = array([  20., -115.])
58.5039 	EXP 	rq: color = '[ 1.  1.  1.] (rgb)'
58.5039 	EXP 	rq: pos = array([ 480.,  115.])
58.5039 	EXP 	feedback: text = u"msg=''"
58.5039 	EXP 	Evaluation: autoDraw = True
58.5039 	EXP 	polygon: autoDraw = True
58.5039 	EXP 	polygon_2: autoDraw = True
58.5039 	EXP 	polygon_3: autoDraw = True
58.5039 	EXP 	polygon_4: autoDraw = True
58.5039 	EXP 	polygon_5: autoDraw = True
58.5039 	EXP 	choice: autoDraw = True
58.5039 	EXP 	ro: autoDraw = True
58.5039 	EXP 	rq: autoDraw = True
58.6904 	DATA 	Keypress: n
58.6919 	EXP 	New trial (rep=4, index=0): {u'n1col': u'blue', u'n2col': u'yellow', u'n4col': u'yellow', u'rs': u'LOC16', u'n3col': u'red', u're': u'LOC10', u'corrAns': u'n', u'n5col': u'blue', u'n1': u'LOC17', u'n2': u'LOC12', u'n3': u'LOC13', u'n4': u'LOC8', u'n5': u'LOC9'}
58.7210 	EXP 	Evaluation: autoDraw = False
58.7210 	EXP 	polygon: autoDraw = False
58.7210 	EXP 	polygon_2: autoDraw = False
58.7210 	EXP 	polygon_3: autoDraw = False
58.7210 	EXP 	polygon_4: autoDraw = False
58.7210 	EXP 	polygon_5: autoDraw = False
58.7210 	EXP 	choice: autoDraw = False
58.7210 	EXP 	ro: autoDraw = False
58.7210 	EXP 	rq: autoDraw = False
58.7210 	EXP 	feedback: autoDraw = False
58.7210 	EXP 	polygon: fillColor = u'blue (named)'
58.7210 	EXP 	polygon: pos = array([ 135., -115.])
58.7210 	EXP 	polygon_2: fillColor = u'yellow (named)'
58.7210 	EXP 	polygon_2: pos = array([ 135.,    0.])
58.7210 	EXP 	polygon_3: fillColor = u'red (named)'
58.7210 	EXP 	polygon_3: pos = array([ 250.,    0.])
58.7210 	EXP 	polygon_4: fillColor = u'yellow (named)'
58.7210 	EXP 	polygon_4: pos = array([ 250.,  115.])
58.7210 	EXP 	polygon_5: fillColor = u'blue (named)'
58.7210 	EXP 	polygon_5: pos = array([ 365.,  115.])
58.7210 	EXP 	choice: text = u"Press 'y' for Yes  \nPress 'n' for No"
58.7210 	EXP 	ro: color = '[ 1.  1.  1.] (rgb)'
58.7210 	EXP 	ro: pos = array([  20., -115.])
58.7210 	EXP 	rq: color = '[ 1.  1.  1.] (rgb)'
58.7210 	EXP 	rq: pos = array([ 480.,  115.])
58.7210 	EXP 	feedback: text = u"msg=''"
58.7210 	EXP 	Evaluation: autoDraw = True
58.7210 	EXP 	polygon: autoDraw = True
58.7210 	EXP 	polygon_2: autoDraw = True
58.7210 	EXP 	polygon_3: autoDraw = True
58.7210 	EXP 	polygon_4: autoDraw = True
58.7210 	EXP 	polygon_5: autoDraw = True
58.7210 	EXP 	choice: autoDraw = True
58.7210 	EXP 	ro: autoDraw = True
58.7210 	EXP 	rq: autoDraw = True
58.8906 	DATA 	Keypress: n
58.8922 	EXP 	New trial (rep=4, index=1): {u'n1col': u'green', u'n2col': u'yellow', u'n4col': u'yellow', u'rs': u'LOC16', u'n3col': u'green', u're': u'LOC10', u'corrAns': u'y', u'n5col': u'blue', u'n1': u'LOC17', u'n2': u'LOC12', u'n3': u'LOC13', u'n4': u'LOC8', u'n5': u'LOC9'}
58.9212 	EXP 	Evaluation: autoDraw = False
58.9212 	EXP 	polygon: autoDraw = False
58.9212 	EXP 	polygon_2: autoDraw = False
58.9212 	EXP 	polygon_3: autoDraw = False
58.9212 	EXP 	polygon_4: autoDraw = False
58.9212 	EXP 	polygon_5: autoDraw = False
58.9212 	EXP 	choice: autoDraw = False
58.9212 	EXP 	ro: autoDraw = False
58.9212 	EXP 	rq: autoDraw = False
58.9212 	EXP 	feedback: autoDraw = False
58.9212 	EXP 	polygon: fillColor = u'green (named)'
58.9212 	EXP 	polygon: pos = array([ 135., -115.])
58.9212 	EXP 	polygon_2: fillColor = u'yellow (named)'
58.9212 	EXP 	polygon_2: pos = array([ 135.,    0.])
58.9212 	EXP 	polygon_3: fillColor = u'green (named)'
58.9212 	EXP 	polygon_3: pos = array([ 250.,    0.])
58.9212 	EXP 	polygon_4: fillColor = u'yellow (named)'
58.9212 	EXP 	polygon_4: pos = array([ 250.,  115.])
58.9212 	EXP 	polygon_5: fillColor = u'blue (named)'
58.9212 	EXP 	polygon_5: pos = array([ 365.,  115.])
58.9212 	EXP 	choice: text = u"Press 'y' for Yes  \nPress 'n' for No"
58.9212 	EXP 	ro: color = '[ 1.  1.  1.] (rgb)'
58.9212 	EXP 	ro: pos = array([  20., -115.])
58.9212 	EXP 	rq: color = '[ 1.  1.  1.] (rgb)'
58.9212 	EXP 	rq: pos = array([ 480.,  115.])
58.9212 	EXP 	feedback: text = u"msg=''"
58.9212 	EXP 	Evaluation: autoDraw = True
58.9212 	EXP 	polygon: autoDraw = True
58.9212 	EXP 	polygon_2: autoDraw = True
58.9212 	EXP 	polygon_3: autoDraw = True
58.9212 	EXP 	polygon_4: autoDraw = True
58.9212 	EXP 	polygon_5: autoDraw = True
58.9212 	EXP 	choice: autoDraw = True
58.9212 	EXP 	ro: autoDraw = True
58.9212 	EXP 	rq: autoDraw = True
59.0910 	DATA 	Keypress: n
59.1212 	EXP 	Evaluation: autoDraw = False
59.1212 	EXP 	polygon: autoDraw = False
59.1212 	EXP 	polygon_2: autoDraw = False
59.1212 	EXP 	polygon_3: autoDraw = False
59.1212 	EXP 	polygon_4: autoDraw = False
59.1212 	EXP 	polygon_5: autoDraw = False
59.1212 	EXP 	choice: autoDraw = False
59.1212 	EXP 	ro: autoDraw = False
59.1212 	EXP 	rq: autoDraw = False
59.1212 	EXP 	feedback: autoDraw = False
59.1212 	EXP 	thankyou: autoDraw = True
60.1470 	EXP 	window1: mouseVisible = True
