7.4938 	EXP 	Created window1 = Window(allowGUI=False, allowStencil=False, autoLog=True, bitsMode=UNKNOWN, blendMode='avg', color=array([ 0.,  0.,  0.]), colorSpace='rgb', fullscr=UNKNOWN, gamma=None, lms=UNKNOWN, monitor=<psychopy.monitors.calibTools.Monitor object at 0x112b29dd0>, name='window1', pos=[0, 0], screen=0, size=array([1440,  900]), stereo=False, units='pix', useFBO=True, useRetina=False, viewOri=0.0, viewPos=None, viewScale=None, waitBlanking=True, winType='pyglet')
7.4938 	EXP 	window1: recordFrameIntervals = False
7.6588 	EXP 	window1: recordFrameIntervals = True
7.8423 	EXP 	window1: recordFrameIntervals = False
7.9941 	EXP 	Created welcome = TextStim(alignHoriz='center', alignVert='center', antialias=True, autoLog=True, bold=False, color=u'white', colorSpace='named', contrast=1.0, depth=0.0, flipHoriz=False, flipVert=False, font=u'Arial', fontFiles=[], height=50, italic=False, name='welcome', opacity=1.0, ori=0, pos=array([ 0.,  0.]), rgb=array([ 255.,  255.,  255.]), text=u'Welcome!', units='pix', win=Window(...), wrapWidth=500)
8.0291 	EXP 	Created text = TextStim(alignHoriz='center', alignVert='center', antialias=True, autoLog=True, bold=False, color=u'white', colorSpace='named', contrast=1.0, depth=0.0, flipHoriz=False, flipVert=False, font=u'Arial', fontFiles=[], height=50, italic=False, name='text', opacity=1.0, ori=0, pos=array([ 0.,  0.]), rgb=array([ 255.,  255.,  255.]), text=unicode(...), units='pix', win=Window(...), wrapWidth=500)
8.0432 	EXP 	<method-wrapper '__getattribute__' of attributeSetter object at 0x10ee703d0>: vertices = array([[-400.,  525.],
       [ 400.,  525.],
       [ 400., -525.],
       [-400., -525.]])
8.0476 	EXP 	Created whitebackground = Rect(autoDraw=False, autoLog=True, closeShape=True, contrast=1.0, depth=-2.0, fillColor=array([ 1.,  1.,  1.]), fillColorSpace='rgb', fillRGB=array([ 1.,  1.,  1.]), interpolate=True, lineColor=array([ 1.,  1.,  1.]), lineColorSpace='rgb', lineRGB=array([ 1.,  1.,  1.]), lineWidth=0, name='whitebackground', opacity=1.0, ori=array(0.0), pos=array([-620.,    0.]), size=array([ 1.,  1.]), units='pix', vertices=ndarray(...), win=Window(...))
8.1458 	EXP 	Created robotS = ImageStim(autoLog=True, color=array([ 1.,  1.,  1.]), colorSpace='rgb', contrast=1.0, depth=-3.0, flipHoriz=False, flipVert=False, image='robot.png', interpolate=True, mask=None, maskParams=None, name='robotS', opacity=1.0, ori=0.0, pos=array([ 0.,  0.]), size=array([ 100.,  100.]), texRes=128, units='pix', win=Window(...))
8.1539 	EXP 	Created node1 = Polygon(autoDraw=False, autoLog=True, closeShape=True, contrast=1.0, depth=-4.0, fillColor=array([ 1.,  1.,  1.]), fillColorSpace='rgb', fillRGB=array([ 1.,  1.,  1.]), interpolate=True, lineColor=array([ 1.,  1.,  1.]), lineColorSpace='rgb', lineRGB=array([ 1.,  1.,  1.]), lineWidth=0, name='node1', opacity=1.0, ori=array(0.0), pos=array([ 0.,  0.]), size=array([ 100.,  100.]), units='pix', vertices=ndarray(...), win=Window(...))
8.1612 	EXP 	Created node2 = Polygon(autoDraw=False, autoLog=True, closeShape=True, contrast=1.0, depth=-5.0, fillColor=array([ 1.,  1.,  1.]), fillColorSpace='rgb', fillRGB=array([ 1.,  1.,  1.]), interpolate=True, lineColor=array([ 1.,  1.,  1.]), lineColorSpace='rgb', lineRGB=array([ 1.,  1.,  1.]), lineWidth=0, name='node2', opacity=1.0, ori=array(0.0), pos=array([ 0.,  0.]), size=array([ 100.,  100.]), units='pix', vertices=ndarray(...), win=Window(...))
8.1673 	EXP 	Created node3 = Polygon(autoDraw=False, autoLog=True, closeShape=True, contrast=1.0, depth=-6.0, fillColor=array([ 1.,  1.,  1.]), fillColorSpace='rgb', fillRGB=array([ 1.,  1.,  1.]), interpolate=True, lineColor=array([ 1.,  1.,  1.]), lineColorSpace='rgb', lineRGB=array([ 1.,  1.,  1.]), lineWidth=0, name='node3', opacity=1.0, ori=array(0.0), pos=array([ 0.,  0.]), size=array([ 100.,  100.]), units='pix', vertices=ndarray(...), win=Window(...))
8.1734 	EXP 	Created node4 = Polygon(autoDraw=False, autoLog=True, closeShape=True, contrast=1.0, depth=-7.0, fillColor=array([ 1.,  1.,  1.]), fillColorSpace='rgb', fillRGB=array([ 1.,  1.,  1.]), interpolate=True, lineColor=array([ 1.,  1.,  1.]), lineColorSpace='rgb', lineRGB=array([ 1.,  1.,  1.]), lineWidth=0, name='node4', opacity=1.0, ori=array(0.0), pos=array([ 0.,  0.]), size=array([ 100.,  100.]), units='pix', vertices=ndarray(...), win=Window(...))
8.1873 	EXP 	Created robotF = ImageStim(autoLog=True, color=array([ 1.,  1.,  1.]), colorSpace='rgb', contrast=1.0, depth=-8.0, flipHoriz=False, flipVert=False, image='robot.png', interpolate=True, mask=None, maskParams=None, name='robotF', opacity=1.0, ori=0.0, pos=array([ 0.,  0.]), size=array([ 100.,  100.]), texRes=128, units='pix', win=Window(...))
8.1932 	EXP 	Created select1 = Polygon(autoDraw=False, autoLog=True, closeShape=True, contrast=1.0, depth=-9.0, fillColor='red', fillColorSpace='named', fillRGB=array([ 255.,    0.,    0.]), interpolate=True, lineColor=array([ 1.,  1.,  1.]), lineColorSpace='rgb', lineRGB=array([ 1.,  1.,  1.]), lineWidth=0, name='select1', opacity=1.0, ori=array(0.0), pos=array([-750.,  300.]), size=array([ 100.,  100.]), units='pix', vertices=ndarray(...), win=Window(...))
8.1988 	EXP 	Created select2 = Polygon(autoDraw=False, autoLog=True, closeShape=True, contrast=1.0, depth=-10.0, fillColor='blue', fillColorSpace='named', fillRGB=array([   0.,    0.,  255.]), interpolate=True, lineColor=array([ 1.,  1.,  1.]), lineColorSpace='rgb', lineRGB=array([ 1.,  1.,  1.]), lineWidth=0, name='select2', opacity=1.0, ori=array(0.0), pos=array([-750.,  100.]), size=array([ 100.,  100.]), units='pix', vertices=ndarray(...), win=Window(...))
8.2049 	EXP 	Created select3 = Polygon(autoDraw=False, autoLog=True, closeShape=True, contrast=1.0, depth=-11.0, fillColor='yellow', fillColorSpace='named', fillRGB=array([ 255.,  255.,    0.]), interpolate=True, lineColor=array([ 1.,  1.,  1.]), lineColorSpace='rgb', lineRGB=array([ 1.,  1.,  1.]), lineWidth=0, name='select3', opacity=1.0, ori=array(0.0), pos=array([-750., -100.]), size=array([ 100.,  100.]), units='pix', vertices=ndarray(...), win=Window(...))
8.2106 	EXP 	Created select4 = Polygon(autoDraw=False, autoLog=True, closeShape=True, contrast=1.0, depth=-12.0, fillColor='green', fillColorSpace='named', fillRGB=array([   0.,  128.,    0.]), interpolate=True, lineColor=array([ 1.,  1.,  1.]), lineColorSpace='rgb', lineRGB=array([ 1.,  1.,  1.]), lineWidth=0, name='select4', opacity=1.0, ori=array(0.0), pos=array([-750., -300.]), size=array([ 100.,  100.]), units='pix', vertices=ndarray(...), win=Window(...))
8.2222 	EXP 	Created selection = ImageStim(autoLog=True, color=array([ 1.,  1.,  1.]), colorSpace='rgb', contrast=1.0, depth=-13.0, flipHoriz=False, flipVert=False, image='selection.png', interpolate=True, mask=None, maskParams=None, name='selection', opacity=1.0, ori=0.0, pos=array([ 0.,  0.]), size=array([ 295.5,  145.5]), texRes=128, units='pix', win=Window(...))
8.2420 	EXP 	welcome: autoDraw = True
10.2421 	EXP 	welcome: autoDraw = False
10.2421 	EXP 	text: autoDraw = True
15.1546 	DATA 	Keypress: space
15.1650 	EXP 	Imported designs.xlsx as conditions, 3 conditions, 14 params
15.1655 	EXP 	Created sequence: random, trialTypes=3, nReps=1, seed=None
15.1661 	EXP 	New trial (rep=0, index=0): {u'r4': u'd', u'n1col': u'green', u'n2col': u'green', u'n4col': u'yellow', u'r2': u'b', u'rs': u'LOC21', u'r3': u'c', u'n3col': u'blue', u're': u'LOC8', u'n1': u'LOC22', u'n2': u'LOC23', u'n3': u'LOC18', u'n4': u'LOC13', u'r1': u'a'}
15.1923 	EXP 	text: autoDraw = False
15.1923 	EXP 	robotS: pos = array([  40., -210.])
15.1923 	EXP 	node1: fillColor = u'green (named)'
15.1923 	EXP 	node1: pos = array([ 145., -210.])
15.1923 	EXP 	node2: fillColor = u'green (named)'
15.1923 	EXP 	node2: pos = array([ 250., -210.])
15.1923 	EXP 	node3: fillColor = u'blue (named)'
15.1923 	EXP 	node3: pos = array([ 250., -105.])
15.1923 	EXP 	node4: fillColor = u'yellow (named)'
15.1923 	EXP 	node4: pos = array([ 250.,    0.])
15.1923 	EXP 	robotF: pos = array([ 250.,  105.])
15.1923 	EXP 	whitebackground: autoDraw = True
15.1923 	EXP 	robotS: autoDraw = True
15.1923 	EXP 	node1: autoDraw = True
15.1923 	EXP 	node2: autoDraw = True
15.1923 	EXP 	node3: autoDraw = True
15.1923 	EXP 	node4: autoDraw = True
15.1923 	EXP 	robotF: autoDraw = True
15.1923 	EXP 	select1: autoDraw = True
15.1923 	EXP 	select2: autoDraw = True
15.1923 	EXP 	select3: autoDraw = True
15.1923 	EXP 	select4: autoDraw = True
15.1923 	EXP 	selection: autoDraw = True
17.0793 	DATA 	Keypress: space
20.4334 	DATA 	Keypress: a
20.8135 	DATA 	Keypress: a
21.1469 	DATA 	Keypress: a
21.5801 	DATA 	Keypress: a
21.5834 	EXP 	New trial (rep=0, index=1): {u'r4': u'd', u'n1col': u'red', u'n2col': u'blue', u'n4col': u'yellow', u'r2': u'b', u'rs': u'LOC5', u'r3': u'c', u'n3col': u'blue', u're': u'LOC12', u'n1': u'LOC10', u'n2': u'LOC15', u'n3': u'LOC14', u'n4': u'LOC13', u'r1': u'a'}
21.6101 	EXP 	whitebackground: autoDraw = False
21.6101 	EXP 	robotS: autoDraw = False
21.6101 	EXP 	node1: autoDraw = False
21.6101 	EXP 	node2: autoDraw = False
21.6101 	EXP 	node3: autoDraw = False
21.6101 	EXP 	node4: autoDraw = False
21.6101 	EXP 	robotF: autoDraw = False
21.6101 	EXP 	select1: autoDraw = False
21.6101 	EXP 	select2: autoDraw = False
21.6101 	EXP 	select3: autoDraw = False
21.6101 	EXP 	select4: autoDraw = False
21.6101 	EXP 	selection: autoDraw = False
21.6101 	EXP 	robotS: pos = array([ 460.,  210.])
21.6101 	EXP 	node1: fillColor = u'red (named)'
21.6101 	EXP 	node1: pos = array([ 460.,  105.])
21.6101 	EXP 	node2: fillColor = u'blue (named)'
21.6101 	EXP 	node2: pos = array([ 460.,    0.])
21.6101 	EXP 	node3: fillColor = u'blue (named)'
21.6101 	EXP 	node3: pos = array([ 355.,    0.])
21.6101 	EXP 	node4: fillColor = u'yellow (named)'
21.6101 	EXP 	node4: pos = array([ 250.,    0.])
21.6101 	EXP 	robotF: pos = array([ 145.,    0.])
21.6101 	EXP 	whitebackground: autoDraw = True
21.6101 	EXP 	robotS: autoDraw = True
21.6101 	EXP 	node1: autoDraw = True
21.6101 	EXP 	node2: autoDraw = True
21.6101 	EXP 	node3: autoDraw = True
21.6101 	EXP 	node4: autoDraw = True
21.6101 	EXP 	robotF: autoDraw = True
21.6101 	EXP 	select1: autoDraw = True
21.6101 	EXP 	select2: autoDraw = True
21.6101 	EXP 	select3: autoDraw = True
21.6101 	EXP 	select4: autoDraw = True
21.6101 	EXP 	selection: autoDraw = True
21.9803 	DATA 	Keypress: a
22.2803 	DATA 	Keypress: a
22.4967 	DATA 	Keypress: a
22.9637 	DATA 	Keypress: a
22.9663 	EXP 	New trial (rep=0, index=2): {u'r4': u'd', u'n1col': u'red', u'n2col': u'red', u'n4col': u'blue', u'r2': u'b', u'rs': u'LOC11', u'r3': u'c', u'n3col': u'red', u're': u'LOC20', u'n1': u'LOC12', u'n2': u'LOC13', u'n3': u'LOC18', u'n4': u'LOC19', u'r1': u'a'}
22.9935 	EXP 	whitebackground: autoDraw = False
22.9935 	EXP 	robotS: autoDraw = False
22.9935 	EXP 	node1: autoDraw = False
22.9935 	EXP 	node2: autoDraw = False
22.9935 	EXP 	node3: autoDraw = False
22.9935 	EXP 	node4: autoDraw = False
22.9935 	EXP 	robotF: autoDraw = False
22.9935 	EXP 	select1: autoDraw = False
22.9935 	EXP 	select2: autoDraw = False
22.9935 	EXP 	select3: autoDraw = False
22.9935 	EXP 	select4: autoDraw = False
22.9935 	EXP 	selection: autoDraw = False
22.9935 	EXP 	robotS: pos = array([ 40.,   0.])
22.9935 	EXP 	node1: fillColor = u'red (named)'
22.9935 	EXP 	node1: pos = array([ 145.,    0.])
22.9935 	EXP 	node2: fillColor = u'red (named)'
22.9935 	EXP 	node2: pos = array([ 250.,    0.])
22.9935 	EXP 	node3: fillColor = u'red (named)'
22.9935 	EXP 	node3: pos = array([ 250., -105.])
22.9935 	EXP 	node4: fillColor = u'blue (named)'
22.9935 	EXP 	node4: pos = array([ 355., -105.])
22.9935 	EXP 	robotF: pos = array([ 460., -105.])
22.9935 	EXP 	whitebackground: autoDraw = True
22.9935 	EXP 	robotS: autoDraw = True
22.9935 	EXP 	node1: autoDraw = True
22.9935 	EXP 	node2: autoDraw = True
22.9935 	EXP 	node3: autoDraw = True
22.9935 	EXP 	node4: autoDraw = True
22.9935 	EXP 	robotF: autoDraw = True
22.9935 	EXP 	select1: autoDraw = True
22.9935 	EXP 	select2: autoDraw = True
22.9935 	EXP 	select3: autoDraw = True
22.9935 	EXP 	select4: autoDraw = True
22.9935 	EXP 	selection: autoDraw = True
23.3807 	DATA 	Keypress: a
23.7635 	DATA 	Keypress: a
24.1637 	DATA 	Keypress: a
24.5471 	DATA 	Keypress: a
24.5761 	EXP 	window1: mouseVisible = True
