6.9579 	EXP 	Created window1 = Window(allowGUI=False, allowStencil=False, autoLog=True, bitsMode=UNKNOWN, blendMode='avg', color='black', colorSpace='named', fullscr=UNKNOWN, gamma=None, lms=UNKNOWN, monitor=<psychopy.monitors.calibTools.Monitor object at 0x112c77ad0>, name='window1', pos=[0, 0], screen=0, size=array([1440,  900]), stereo=False, units='pix', useFBO=True, useRetina=False, viewOri=0.0, viewPos=None, viewScale=None, waitBlanking=True, winType='pyglet')
6.9579 	EXP 	window1: recordFrameIntervals = False
7.1234 	EXP 	window1: recordFrameIntervals = True
7.3068 	EXP 	window1: recordFrameIntervals = False
7.4624 	EXP 	Created welcome = TextStim(alignHoriz='center', alignVert='center', antialias=True, autoLog=True, bold=False, color='white', colorSpace='named', contrast=1.0, depth=-1.0, flipHoriz=False, flipVert=False, font='Arial', fontFiles=[], height=100, italic=False, name='welcome', opacity=1.0, ori=0, pos=array([ 0.,  0.]), rgb=array([ 255.,  255.,  255.]), text=u'Welcome!', units='pix', win=Window(...), wrapWidth=500)
7.5021 	EXP 	Created instruct = TextStim(alignHoriz='center', alignVert='center', antialias=True, autoLog=True, bold=False, color='white', colorSpace='named', contrast=1.0, depth=-2.0, flipHoriz=False, flipVert=False, font='Arial', fontFiles=[], height=50, italic=False, name='instruct', opacity=1.0, ori=0, pos=array([ 0.,  0.]), rgb=array([ 255.,  255.,  255.]), text=unicode(...), units='pix', win=Window(...), wrapWidth=500)
7.5892 	EXP 	Created rob0 = ImageStim(autoLog=True, color=array([ 1.,  1.,  1.]), colorSpace='rgb', contrast=1.0, depth=-3.0, flipHoriz=False, flipVert=False, image='robot1.png', interpolate=True, mask=None, maskParams=None, name='rob0', opacity=1.0, ori=0.0, pos=array([-250., -100.]), size=array([ 200.,  200.]), texRes=128, units='pix', win=Window(...))
7.6065 	EXP 	Created robb = ImageStim(autoLog=True, color=array([ 1.,  1.,  1.]), colorSpace='rgb', contrast=1.0, depth=-4.0, flipHoriz=False, flipVert=False, image='robot1.png', interpolate=True, mask=None, maskParams=None, name='robb', opacity=1.0, ori=0.0, pos=array([ 250., -100.]), size=array([ 200.,  200.]), texRes=128, units='pix', win=Window(...))
7.6234 	EXP 	Created na = Polygon(autoDraw=False, autoLog=True, closeShape=True, contrast=1.0, depth=-5.0, fillColor='blue', fillColorSpace='named', fillRGB=array([   0.,    0.,  255.]), interpolate=True, lineColor='blue', lineColorSpace='named', lineRGB=array([   0.,    0.,  255.]), lineWidth=1, name='na', opacity=1.0, ori=array(0.0), pos=array([ 0.,  0.]), size=array([ 1.,  1.]), units='pix', vertices=ndarray(...), win=Window(...))
7.6288 	EXP 	Created nb = Polygon(autoDraw=False, autoLog=True, closeShape=True, contrast=1.0, depth=-6.0, fillColor='blue', fillColorSpace='named', fillRGB=array([   0.,    0.,  255.]), interpolate=True, lineColor='blue', lineColorSpace='named', lineRGB=array([   0.,    0.,  255.]), lineWidth=1, name='nb', opacity=1.0, ori=array(0.0), pos=array([ 0.,  0.]), size=array([ 1.,  1.]), units='pix', vertices=ndarray(...), win=Window(...))
7.6342 	EXP 	Created nc = Polygon(autoDraw=False, autoLog=True, closeShape=True, contrast=1.0, depth=-7.0, fillColor='blue', fillColorSpace='named', fillRGB=array([   0.,    0.,  255.]), interpolate=True, lineColor='blue', lineColorSpace='named', lineRGB=array([   0.,    0.,  255.]), lineWidth=1, name='nc', opacity=1.0, ori=array(0.0), pos=array([ 0.,  0.]), size=array([ 1.,  1.]), units='pix', vertices=ndarray(...), win=Window(...))
7.6362 	EXP 	<method-wrapper '__getattribute__' of attributeSetter object at 0x1108490d0>: vertices = array([[-55.,  20.],
       [ 55.,  20.],
       [ 55., -20.],
       [-55., -20.]])
7.6376 	EXP 	Created s1 = Rect(autoDraw=False, autoLog=True, closeShape=True, contrast=1.0, depth=-8.0, fillColor='black', fillColorSpace='named', fillRGB=array([ 0.,  0.,  0.]), interpolate=True, lineColor='black', lineColorSpace='named', lineRGB=array([ 0.,  0.,  0.]), lineWidth=1, name='s1', opacity=1.0, ori=array(0.0), pos=array([-110., -100.]), size=array([ 1.,  1.]), units='pix', vertices=ndarray(...), win=Window(...))
7.6380 	EXP 	<method-wrapper '__getattribute__' of attributeSetter object at 0x1108490d0>: vertices = array([[-55.,  20.],
       [ 55.,  20.],
       [ 55., -20.],
       [-55., -20.]])
7.6416 	EXP 	Created s2 = Rect(autoDraw=False, autoLog=True, closeShape=True, contrast=1.0, depth=-9.0, fillColor='black', fillColorSpace='named', fillRGB=array([ 0.,  0.,  0.]), interpolate=True, lineColor='black', lineColorSpace='named', lineRGB=array([ 0.,  0.,  0.]), lineWidth=1, name='s2', opacity=1.0, ori=array(0.0), pos=array([   0., -100.]), size=array([ 1.,  1.]), units='pix', vertices=ndarray(...), win=Window(...))
7.6426 	EXP 	<method-wrapper '__getattribute__' of attributeSetter object at 0x1108490d0>: vertices = array([[-55.,  20.],
       [ 55.,  20.],
       [ 55., -20.],
       [-55., -20.]])
7.6455 	EXP 	Created s3 = Rect(autoDraw=False, autoLog=True, closeShape=True, contrast=1.0, depth=-10.0, fillColor='black', fillColorSpace='named', fillRGB=array([ 0.,  0.,  0.]), interpolate=True, lineColor='black', lineColorSpace='named', lineRGB=array([ 0.,  0.,  0.]), lineWidth=1, name='s3', opacity=1.0, ori=array(0.0), pos=array([ 110., -100.]), size=array([ 1.,  1.]), units='pix', vertices=ndarray(...), win=Window(...))
8.1655 	EXP 	Created heart = ImageStim(autoLog=True, color=array([ 1.,  1.,  1.]), colorSpace='rgb', contrast=1.0, depth=-11.0, flipHoriz=False, flipVert=False, image='heart.png', interpolate=True, mask=None, maskParams=None, name='heart', opacity=1.0, ori=0.0, pos=array([   0., -100.]), size=array([ 1.,  1.]), texRes=128, units='pix', win=Window(...))
8.2811 	EXP 	Created text_2 = TextStim(alignHoriz='center', alignVert='center', antialias=True, autoLog=True, bold=False, color='white', colorSpace='named', contrast=1.0, depth=-1.0, flipHoriz=False, flipVert=False, font='Arial', fontFiles=[], height=40, italic=False, name='text_2', opacity=1.0, ori=0, pos=array([ 0.,  0.]), rgb=array([ 255.,  255.,  255.]), text=u"Let's take an example", units='pix', win=Window(...), wrapWidth=500)
8.2908 	EXP 	Created nod1 = Polygon(autoDraw=False, autoLog=True, closeShape=True, contrast=1.0, depth=-2.0, fillColor=array([ 1.,  1.,  1.]), fillColorSpace='rgb', fillRGB=array([ 1.,  1.,  1.]), interpolate=True, lineColor='red', lineColorSpace='named', lineRGB=array([ 255.,    0.,    0.]), lineWidth=1, name='nod1', opacity=1.0, ori=array(0.0), pos=array([ 0.,  0.]), size=array([ 100.,  100.]), units='pix', vertices=ndarray(...), win=Window(...))
8.3016 	EXP 	Created nod2 = Polygon(autoDraw=False, autoLog=True, closeShape=True, contrast=1.0, depth=-3.0, fillColor=array([ 1.,  1.,  1.]), fillColorSpace='rgb', fillRGB=array([ 1.,  1.,  1.]), interpolate=True, lineColor=array([ 1.,  1.,  1.]), lineColorSpace='rgb', lineRGB=array([ 1.,  1.,  1.]), lineWidth=1, name='nod2', opacity=1.0, ori=array(0.0), pos=array([ 0.,  0.]), size=array([ 100.,  100.]), units='pix', vertices=ndarray(...), win=Window(...))
8.3128 	EXP 	Created nod3 = Polygon(autoDraw=False, autoLog=True, closeShape=True, contrast=1.0, depth=-4.0, fillColor=array([ 1.,  1.,  1.]), fillColorSpace='rgb', fillRGB=array([ 1.,  1.,  1.]), interpolate=True, lineColor=array([ 1.,  1.,  1.]), lineColorSpace='rgb', lineRGB=array([ 1.,  1.,  1.]), lineWidth=1, name='nod3', opacity=1.0, ori=array(0.0), pos=array([ 135.,  115.]), size=array([ 100.,  100.]), units='pix', vertices=ndarray(...), win=Window(...))
8.3234 	EXP 	Created nod4 = Polygon(autoDraw=False, autoLog=True, closeShape=True, contrast=1.0, depth=-5.0, fillColor=array([ 1.,  1.,  1.]), fillColorSpace='rgb', fillRGB=array([ 1.,  1.,  1.]), interpolate=True, lineColor=array([ 1.,  1.,  1.]), lineColorSpace='rgb', lineRGB=array([ 1.,  1.,  1.]), lineWidth=1, name='nod4', opacity=1.0, ori=array(0.0), pos=array([ 250.,  115.]), size=array([ 100.,  100.]), units='pix', vertices=ndarray(...), win=Window(...))
8.3446 	EXP 	Created rob1 = ImageStim(autoLog=True, color=array([ 1.,  1.,  1.]), colorSpace='rgb', contrast=1.0, depth=-6.0, flipHoriz=False, flipVert=False, image='robot1.png', interpolate=True, mask=None, maskParams=None, name='rob1', opacity=1.0, ori=1.0, pos=array([  20., -115.]), size=array([ 100.,  100.]), texRes=128, units='pix', win=Window(...))
8.3499 	EXP 	Created rob2 = ImageStim(autoLog=True, color=array([ 1.,  1.,  1.]), colorSpace='rgb', contrast=1.0, depth=-7.0, flipHoriz=False, flipVert=False, image='sin', interpolate=True, mask=None, maskParams=None, name='rob2', opacity=1.0, ori=0.0, pos=array([ 365.,  115.]), size=array([ 100.,  100.]), texRes=128, units='pix', win=Window(...))
8.3508 	EXP 	<method-wrapper '__getattribute__' of attributeSetter object at 0x1108490d0>: vertices = array([[-0.5,  0.5],
       [ 0.5,  0.5],
       [ 0.5, -0.5],
       [-0.5, -0.5]])
8.3531 	EXP 	Created sh1 = Rect(autoDraw=False, autoLog=True, closeShape=True, contrast=1.0, depth=-9.0, fillColor='black', fillColorSpace='named', fillRGB=array([ 0.,  0.,  0.]), interpolate=True, lineColor='black', lineColorSpace='named', lineRGB=array([ 0.,  0.,  0.]), lineWidth=1, name='sh1', opacity=1.0, ori=array(0.0), pos=array([ 20.,   0.]), size=array([ 1.,  1.]), units='pix', vertices=ndarray(...), win=Window(...))
8.3536 	EXP 	<method-wrapper '__getattribute__' of attributeSetter object at 0x1108490d0>: vertices = array([[-30.,  20.],
       [ 30.,  20.],
       [ 30., -20.],
       [-30., -20.]])
8.3561 	EXP 	Created sh2a = Rect(autoDraw=False, autoLog=True, closeShape=True, contrast=1.0, depth=-10.0, fillColor='black', fillColorSpace='named', fillRGB=array([ 0.,  0.,  0.]), interpolate=True, lineColor='black', lineColorSpace='named', lineRGB=array([ 0.,  0.,  0.]), lineWidth=1, name='sh2a', opacity=1.0, ori=array(0.0), pos=array([  50.,  113.]), size=array([ 1.,  1.]), units='pix', vertices=ndarray(...), win=Window(...))
8.3566 	EXP 	<method-wrapper '__getattribute__' of attributeSetter object at 0x1108490d0>: vertices = array([[-20.,  40.],
       [ 20.,  40.],
       [ 20., -40.],
       [-20., -40.]])
8.3588 	EXP 	Created sh2b = Rect(autoDraw=False, autoLog=True, closeShape=True, contrast=1.0, depth=-11.0, fillColor='black', fillColorSpace='named', fillRGB=array([ 0.,  0.,  0.]), interpolate=True, lineColor='black', lineColorSpace='named', lineRGB=array([ 0.,  0.,  0.]), lineWidth=1, name='sh2b', opacity=1.0, ori=array(0.0), pos=array([ 22.,  93.]), size=array([ 1.,  1.]), units='pix', vertices=ndarray(...), win=Window(...))
8.3593 	EXP 	<method-wrapper '__getattribute__' of attributeSetter object at 0x1108490d0>: vertices = array([[-55.,  20.],
       [ 55.,  20.],
       [ 55., -20.],
       [-55., -20.]])
8.3620 	EXP 	Created sh3 = Rect(autoDraw=False, autoLog=True, closeShape=True, contrast=1.0, depth=-12.0, fillColor='black', fillColorSpace='named', fillRGB=array([ 0.,  0.,  0.]), interpolate=True, lineColor='black', lineColorSpace='named', lineRGB=array([ 0.,  0.,  0.]), lineWidth=1, name='sh3', opacity=1.0, ori=array(0.0), pos=array([ 135.,  115.]), size=array([ 1.,  1.]), units='pix', vertices=ndarray(...), win=Window(...))
8.3627 	EXP 	<method-wrapper '__getattribute__' of attributeSetter object at 0x1108490d0>: vertices = array([[-55.,  20.],
       [ 55.,  20.],
       [ 55., -20.],
       [-55., -20.]])
8.3647 	EXP 	Created sh4 = Rect(autoDraw=False, autoLog=True, closeShape=True, contrast=1.0, depth=-13.0, fillColor='black', fillColorSpace='named', fillRGB=array([ 0.,  0.,  0.]), interpolate=True, lineColor='black', lineColorSpace='named', lineRGB=array([ 0.,  0.,  0.]), lineWidth=1, name='sh4', opacity=1.0, ori=array(0.0), pos=array([ 250.,  115.]), size=array([ 1.,  1.]), units='pix', vertices=ndarray(...), win=Window(...))
8.3910 	EXP 	Created star = TextStim(alignHoriz='center', alignVert='center', antialias=True, autoLog=True, bold=False, color='white', colorSpace='named', contrast=1.0, depth=0.0, flipHoriz=False, flipVert=False, font='Arial', fontFiles=[], height=50, italic=False, name='star', opacity=1.0, ori=0, pos=array([ 0.,  0.]), rgb=array([ 255.,  255.,  255.]), text=unicode(...), units='pix', win=Window(...), wrapWidth=500)
8.3916 	EXP 	<method-wrapper '__getattribute__' of attributeSetter object at 0x1108490d0>: vertices = array([[-400.,  450.],
       [ 400.,  450.],
       [ 400., -450.],
       [-400., -450.]])
8.3962 	EXP 	Created whitebackground = Rect(autoDraw=False, autoLog=True, closeShape=True, contrast=1.0, depth=-2.0, fillColor=array([ 1.,  1.,  1.]), fillColorSpace='rgb', fillRGB=array([ 1.,  1.,  1.]), interpolate=True, lineColor=array([ 1.,  1.,  1.]), lineColorSpace='rgb', lineRGB=array([ 1.,  1.,  1.]), lineWidth=0, name='whitebackground', opacity=1.0, ori=array(0.0), pos=array([-560.,    0.]), size=array([ 1.,  1.]), units='pix', vertices=ndarray(...), win=Window(...))
8.4124 	EXP 	Created robotS = ImageStim(autoLog=True, color=array([ 1.,  1.,  1.]), colorSpace='rgb', contrast=1.0, depth=-3.0, flipHoriz=False, flipVert=False, image='robot1.png', interpolate=True, mask=None, maskParams=None, name='robotS', opacity=1.0, ori=0.0, pos=array([ 0.,  0.]), size=array([ 100.,  100.]), texRes=128, units='pix', win=Window(...))
8.4226 	EXP 	Created node1 = Polygon(autoDraw=False, autoLog=True, closeShape=True, contrast=1.0, depth=-4.0, fillColor=array([ 1.,  1.,  1.]), fillColorSpace='rgb', fillRGB=array([ 1.,  1.,  1.]), interpolate=True, lineColor=array([ 1.,  1.,  1.]), lineColorSpace='rgb', lineRGB=array([ 1.,  1.,  1.]), lineWidth=0, name='node1', opacity=1.0, ori=array(0.0), pos=array([ 0.,  0.]), size=array([ 100.,  100.]), units='pix', vertices=ndarray(...), win=Window(...))
8.4337 	EXP 	Created node2 = Polygon(autoDraw=False, autoLog=True, closeShape=True, contrast=1.0, depth=-5.0, fillColor=array([ 1.,  1.,  1.]), fillColorSpace='rgb', fillRGB=array([ 1.,  1.,  1.]), interpolate=True, lineColor=array([ 1.,  1.,  1.]), lineColorSpace='rgb', lineRGB=array([ 1.,  1.,  1.]), lineWidth=0, name='node2', opacity=1.0, ori=array(0.0), pos=array([ 0.,  0.]), size=array([ 100.,  100.]), units='pix', vertices=ndarray(...), win=Window(...))
8.4442 	EXP 	Created node3 = Polygon(autoDraw=False, autoLog=True, closeShape=True, contrast=1.0, depth=-6.0, fillColor=array([ 1.,  1.,  1.]), fillColorSpace='rgb', fillRGB=array([ 1.,  1.,  1.]), interpolate=True, lineColor=array([ 1.,  1.,  1.]), lineColorSpace='rgb', lineRGB=array([ 1.,  1.,  1.]), lineWidth=0, name='node3', opacity=1.0, ori=array(0.0), pos=array([ 0.,  0.]), size=array([ 100.,  100.]), units='pix', vertices=ndarray(...), win=Window(...))
8.4543 	EXP 	Created node4 = Polygon(autoDraw=False, autoLog=True, closeShape=True, contrast=1.0, depth=-7.0, fillColor=array([ 1.,  1.,  1.]), fillColorSpace='rgb', fillRGB=array([ 1.,  1.,  1.]), interpolate=True, lineColor=array([ 1.,  1.,  1.]), lineColorSpace='rgb', lineRGB=array([ 1.,  1.,  1.]), lineWidth=0, name='node4', opacity=1.0, ori=array(0.0), pos=array([ 0.,  0.]), size=array([ 100.,  100.]), units='pix', vertices=ndarray(...), win=Window(...))
8.4650 	EXP 	Created node5 = Polygon(autoDraw=False, autoLog=True, closeShape=True, contrast=1.0, depth=-8.0, fillColor=array([ 1.,  1.,  1.]), fillColorSpace='rgb', fillRGB=array([ 1.,  1.,  1.]), interpolate=True, lineColor=array([ 1.,  1.,  1.]), lineColorSpace='rgb', lineRGB=array([ 1.,  1.,  1.]), lineWidth=0, name='node5', opacity=1.0, ori=array(0.0), pos=array([ 0.,  0.]), size=array([ 100.,  100.]), units='pix', vertices=ndarray(...), win=Window(...))
8.4815 	EXP 	Created robotF = ImageStim(autoLog=True, color=array([ 1.,  1.,  1.]), colorSpace='rgb', contrast=1.0, depth=-9.0, flipHoriz=False, flipVert=False, image='robot1.png', interpolate=True, mask=None, maskParams=None, name='robotF', opacity=1.0, ori=0.0, pos=array([ 0.,  0.]), size=array([ 100.,  100.]), texRes=128, units='pix', win=Window(...))
8.4914 	EXP 	Created select1 = Polygon(autoDraw=False, autoLog=True, closeShape=True, contrast=1.0, depth=-10.0, fillColor='red', fillColorSpace='named', fillRGB=array([ 255.,    0.,    0.]), interpolate=True, lineColor=array([ 1.,  1.,  1.]), lineColorSpace='rgb', lineRGB=array([ 1.,  1.,  1.]), lineWidth=0, name='select1', opacity=1.0, ori=array(0.0), pos=array([-630.,    0.]), size=array([ 100.,  100.]), units='pix', vertices=ndarray(...), win=Window(...))
8.5001 	EXP 	Created select2 = Polygon(autoDraw=False, autoLog=True, closeShape=True, contrast=1.0, depth=-11.0, fillColor='blue', fillColorSpace='named', fillRGB=array([   0.,    0.,  255.]), interpolate=True, lineColor=array([ 1.,  1.,  1.]), lineColorSpace='rgb', lineRGB=array([ 1.,  1.,  1.]), lineWidth=0, name='select2', opacity=1.0, ori=array(0.0), pos=array([-630., -120.]), size=array([ 100.,  100.]), units='pix', vertices=ndarray(...), win=Window(...))
8.5130 	EXP 	Created select3 = Polygon(autoDraw=False, autoLog=True, closeShape=True, contrast=1.0, depth=-12.0, fillColor='yellow', fillColorSpace='named', fillRGB=array([ 255.,  255.,    0.]), interpolate=True, lineColor=array([ 1.,  1.,  1.]), lineColorSpace='rgb', lineRGB=array([ 1.,  1.,  1.]), lineWidth=0, name='select3', opacity=1.0, ori=array(0.0), pos=array([-630., -240.]), size=array([ 100.,  100.]), units='pix', vertices=ndarray(...), win=Window(...))
8.5261 	EXP 	Created select4 = Polygon(autoDraw=False, autoLog=True, closeShape=True, contrast=1.0, depth=-13.0, fillColor='green', fillColorSpace='named', fillRGB=array([   0.,  128.,    0.]), interpolate=True, lineColor=array([ 1.,  1.,  1.]), lineColorSpace='rgb', lineRGB=array([ 1.,  1.,  1.]), lineWidth=0, name='select4', opacity=1.0, ori=array(0.0), pos=array([-630., -360.]), size=array([ 100.,  100.]), units='pix', vertices=ndarray(...), win=Window(...))
8.5630 	EXP 	Created selection = ImageStim(autoLog=True, color=array([ 1.,  1.,  1.]), colorSpace='rgb', contrast=1.0, depth=-14.0, flipHoriz=False, flipVert=False, image='mastershapes.png', interpolate=True, mask=None, maskParams=None, name='selection', opacity=1.0, ori=0.0, pos=array([ 0.,  0.]), size=array([ 500.,  400.]), texRes=128, units='pix', win=Window(...))
8.6574 	EXP 	Created sel = TextStim(alignHoriz='center', alignVert='center', antialias=True, autoLog=True, bold=False, color='black', colorSpace='named', contrast=1.0, depth=-15.0, flipHoriz=False, flipVert=False, font='Arial', fontFiles=[], height=30, italic=False, name='sel', opacity=1.0, ori=0, pos=array([-450.,  250.]), rgb=array([ 0.,  0.,  0.]), text=unicode(...), units='pix', win=Window(...), wrapWidth=500)
8.6827 	EXP 	Created Evaluation = TextStim(alignHoriz='center', alignVert='center', antialias=True, autoLog=True, bold=False, color='white', colorSpace='named', contrast=1.0, depth=-1.0, flipHoriz=False, flipVert=False, font='Arial', fontFiles=[], height=50, italic=False, name='Evaluation', opacity=1.0, ori=0, pos=array([   0.,  300.]), rgb=array([ 255.,  255.,  255.]), text=unicode(...), units='pix', win=Window(...), wrapWidth=500)
8.6959 	EXP 	Created polygon = Polygon(autoDraw=False, autoLog=True, closeShape=True, contrast=1.0, depth=-2.0, fillColor=array([ 1.,  1.,  1.]), fillColorSpace='rgb', fillRGB=array([ 1.,  1.,  1.]), interpolate=True, lineColor=array([ 1.,  1.,  1.]), lineColorSpace='rgb', lineRGB=array([ 1.,  1.,  1.]), lineWidth=1, name='polygon', opacity=1.0, ori=array(0.0), pos=array([ 0.,  0.]), size=array([ 100.,  100.]), units='pix', vertices=ndarray(...), win=Window(...))
8.7071 	EXP 	Created polygon_2 = Polygon(autoDraw=False, autoLog=True, closeShape=True, contrast=1.0, depth=-3.0, fillColor=array([ 1.,  1.,  1.]), fillColorSpace='rgb', fillRGB=array([ 1.,  1.,  1.]), interpolate=True, lineColor=array([ 1.,  1.,  1.]), lineColorSpace='rgb', lineRGB=array([ 1.,  1.,  1.]), lineWidth=1, name='polygon_2', opacity=1.0, ori=array(0.0), pos=array([ 0.,  0.]), size=array([ 100.,  100.]), units='pix', vertices=ndarray(...), win=Window(...))
8.7216 	EXP 	Created polygon_3 = Polygon(autoDraw=False, autoLog=True, closeShape=True, contrast=1.0, depth=-4.0, fillColor=array([ 1.,  1.,  1.]), fillColorSpace='rgb', fillRGB=array([ 1.,  1.,  1.]), interpolate=True, lineColor=array([ 1.,  1.,  1.]), lineColorSpace='rgb', lineRGB=array([ 1.,  1.,  1.]), lineWidth=1, name='polygon_3', opacity=1.0, ori=array(0.0), pos=array([ 0.,  0.]), size=array([ 100.,  100.]), units='pix', vertices=ndarray(...), win=Window(...))
8.7338 	EXP 	Created polygon_4 = Polygon(autoDraw=False, autoLog=True, closeShape=True, contrast=1.0, depth=-5.0, fillColor=array([ 1.,  1.,  1.]), fillColorSpace='rgb', fillRGB=array([ 1.,  1.,  1.]), interpolate=True, lineColor=array([ 1.,  1.,  1.]), lineColorSpace='rgb', lineRGB=array([ 1.,  1.,  1.]), lineWidth=1, name='polygon_4', opacity=1.0, ori=array(0.0), pos=array([ 0.,  0.]), size=array([ 100.,  100.]), units='pix', vertices=ndarray(...), win=Window(...))
8.7532 	EXP 	Created polygon_5 = Polygon(autoDraw=False, autoLog=True, closeShape=True, contrast=1.0, depth=-6.0, fillColor=array([ 1.,  1.,  1.]), fillColorSpace='rgb', fillRGB=array([ 1.,  1.,  1.]), interpolate=True, lineColor=array([ 1.,  1.,  1.]), lineColorSpace='rgb', lineRGB=array([ 1.,  1.,  1.]), lineWidth=1, name='polygon_5', opacity=1.0, ori=array(0.0), pos=array([ 0.,  0.]), size=array([ 100.,  100.]), units='pix', vertices=ndarray(...), win=Window(...))
8.7656 	EXP 	Created choice = TextStim(alignHoriz='center', alignVert='center', antialias=True, autoLog=True, bold=False, color='white', colorSpace='named', contrast=1.0, depth=-7.0, flipHoriz=False, flipVert=False, font='Arial', fontFiles=[], height=50, italic=False, name='choice', opacity=1.0, ori=0, pos=array([   0., -300.]), rgb=array([ 255.,  255.,  255.]), text=u'default text', units='pix', win=Window(...), wrapWidth=500)
8.7825 	EXP 	Created ro = ImageStim(autoLog=True, color=array([ 1.,  1.,  1.]), colorSpace='rgb', contrast=1.0, depth=-8.0, flipHoriz=False, flipVert=False, image='robot1.png', interpolate=True, mask=None, maskParams=None, name='ro', opacity=1.0, ori=0.0, pos=array([ 0.,  0.]), size=array([ 100.,  100.]), texRes=128, units='pix', win=Window(...))
8.8018 	EXP 	Created rq = ImageStim(autoLog=True, color=array([ 1.,  1.,  1.]), colorSpace='rgb', contrast=1.0, depth=-9.0, flipHoriz=False, flipVert=False, image='robot1.png', interpolate=True, mask=None, maskParams=None, name='rq', opacity=1.0, ori=0.0, pos=array([ 0.,  0.]), size=array([ 100.,  100.]), texRes=128, units='pix', win=Window(...))
8.8138 	EXP 	Created feedback = TextStim(alignHoriz='center', alignVert='center', antialias=True, autoLog=True, bold=False, color=u'white', colorSpace='named', contrast=1.0, depth=-1.0, flipHoriz=False, flipVert=False, font=u'Arial', fontFiles=[], height=50, italic=False, name='feedback', opacity=1.0, ori=0, pos=array([ 0.,  0.]), rgb=array([ 255.,  255.,  255.]), text=u'default text', units='pix', win=Window(...), wrapWidth=500)
8.8325 	EXP 	Created thankyou = TextStim(alignHoriz='center', alignVert='center', antialias=True, autoLog=True, bold=False, color='white', colorSpace='named', contrast=1.0, depth=0.0, flipHoriz=False, flipVert=False, font='Arial', fontFiles=[], height=50, italic=False, name='thankyou', opacity=1.0, ori=0, pos=array([ 0.,  0.]), rgb=array([ 255.,  255.,  255.]), text=u'Thank you for your participation.\n', units='pix', win=Window(...), wrapWidth=500)
8.8731 	EXP 	instruct: pos = array([   0.,  150.])
8.8731 	EXP 	na: pos = array([-110., -100.])
8.8731 	EXP 	na: size = array([ 100.,  100.])
8.8731 	EXP 	nb: pos = array([   0., -100.])
8.8731 	EXP 	nb: size = array([ 100.,  100.])
8.8731 	EXP 	nc: pos = array([ 110., -100.])
8.8731 	EXP 	nc: size = array([ 100.,  100.])
8.8731 	EXP 	welcome: autoDraw = True
11.8402 	EXP 	welcome: autoDraw = False
11.8570 	EXP 	instruct: autoDraw = True
14.8574 	EXP 	rob0: autoDraw = True
14.8574 	EXP 	robb: autoDraw = True
15.3573 	EXP 	na: autoDraw = True
15.8575 	EXP 	nb: autoDraw = True
16.3576 	EXP 	nc: autoDraw = True
17.3575 	EXP 	s1: autoDraw = True
18.3578 	EXP 	s2: autoDraw = True
19.3574 	EXP 	s3: autoDraw = True
22.8414 	EXP 	na: autoDraw = False
22.8414 	EXP 	nb: autoDraw = False
22.8414 	EXP 	nc: autoDraw = False
22.8414 	EXP 	s1: autoDraw = False
22.8414 	EXP 	s2: autoDraw = False
22.8414 	EXP 	s3: autoDraw = False
22.8583 	EXP 	heart: autoDraw = True
26.8586 	EXP 	instruct: autoDraw = False
26.8586 	EXP 	rob0: autoDraw = False
26.8586 	EXP 	robb: autoDraw = False
26.8586 	EXP 	heart: autoDraw = False
26.8586 	EXP 	welcome: autoDraw = False
26.8586 	EXP 	instruct: autoDraw = False
26.8586 	EXP 	rob0: autoDraw = False
26.8586 	EXP 	robb: autoDraw = False
26.8586 	EXP 	na: autoDraw = False
26.8586 	EXP 	nb: autoDraw = False
26.8586 	EXP 	nc: autoDraw = False
26.8586 	EXP 	s1: autoDraw = False
26.8586 	EXP 	s2: autoDraw = False
26.8586 	EXP 	s3: autoDraw = False
26.8586 	EXP 	heart: autoDraw = False
26.8586 	EXP 	text_2: pos = array([-300.,  300.])
26.8586 	EXP 	nod1: fillColor = 'red (named)'
26.8586 	EXP 	nod1: pos = array([ 20.,   0.])
26.8586 	EXP 	nod2: fillColor = 'yellow (named)'
26.8586 	EXP 	nod2: pos = array([  20.,  115.])
26.8586 	EXP 	nod2: lineColor = 'yellow (named)'
26.8586 	EXP 	nod3: fillColor = 'blue (named)'
26.8586 	EXP 	nod3: lineColor = 'blue (named)'
26.8586 	EXP 	nod4: fillColor = 'blue (named)'
26.8586 	EXP 	nod4: lineColor = 'blue (named)'
26.8586 	EXP 	rob1: ori = 0.0
26.8586 	EXP 	rob2: image = 'robot1.png'
26.8586 	EXP 	sh1: size = array([  40.,  110.])
26.8586 	EXP 	text_2: autoDraw = True
26.8586 	EXP 	nod1: autoDraw = True
26.8586 	EXP 	nod2: autoDraw = True
26.8586 	EXP 	nod3: autoDraw = True
26.8586 	EXP 	nod4: autoDraw = True
26.8586 	EXP 	rob1: autoDraw = True
26.8586 	EXP 	rob2: autoDraw = True
28.8589 	EXP 	sh1: autoDraw = True
29.3588 	EXP 	sh2a: autoDraw = True
29.3588 	EXP 	sh2b: autoDraw = True
29.8590 	EXP 	sh3: autoDraw = True
30.3591 	EXP 	sh4: autoDraw = True
33.8409 	DATA 	Keypress: space
33.8594 	EXP 	text_2: autoDraw = False
33.8594 	EXP 	nod1: autoDraw = False
33.8594 	EXP 	nod2: autoDraw = False
33.8594 	EXP 	nod3: autoDraw = False
33.8594 	EXP 	nod4: autoDraw = False
33.8594 	EXP 	rob1: autoDraw = False
33.8594 	EXP 	rob2: autoDraw = False
33.8594 	EXP 	sh1: autoDraw = False
33.8594 	EXP 	sh2a: autoDraw = False
33.8594 	EXP 	sh2b: autoDraw = False
33.8594 	EXP 	sh3: autoDraw = False
33.8594 	EXP 	sh4: autoDraw = False
33.8594 	EXP 	star: autoDraw = True
34.1464 	DATA 	Keypress: space
34.1744 	EXP 	Imported designs.xlsx as conditions, 4 conditions, 16 params
34.1759 	EXP 	Created sequence: sequential, trialTypes=4, nReps=1, seed=None
34.1770 	EXP 	New trial (rep=0, index=0): {u'n2col': u'blue', u'n4col': u'red', u'n3col': u'green', u'r4': u'd', u'n1col': u'blue', u'r1': u'a', u'r2': u'b', u'rs': u'LOC21', u'r3': u'c', u're': u'LOC9', u'n5col': u'red', u'n1': u'LOC22', u'n2': u'LOC23', u'n3': u'LOC24', u'n4': u'LOC19', u'n5': u'LOC14'}
34.1925 	EXP 	star: autoDraw = False
34.1925 	EXP 	robotS: pos = array([  20., -230.])
34.1925 	EXP 	node1: fillColor = u'blue (named)'
34.1925 	EXP 	node1: pos = array([ 135., -230.])
34.1925 	EXP 	node2: fillColor = u'blue (named)'
34.1925 	EXP 	node2: pos = array([ 250., -230.])
34.1925 	EXP 	node3: fillColor = u'green (named)'
34.1925 	EXP 	node3: pos = array([ 365., -230.])
34.1925 	EXP 	node4: fillColor = u'red (named)'
34.1925 	EXP 	node4: pos = array([ 365., -115.])
34.1925 	EXP 	node5: fillColor = u'red (named)'
34.1925 	EXP 	node5: pos = array([ 365.,    0.])
34.1925 	EXP 	robotF: pos = array([ 365.,  115.])
34.1925 	EXP 	whitebackground: autoDraw = True
34.1925 	EXP 	robotS: autoDraw = True
34.1925 	EXP 	node1: autoDraw = True
34.1925 	EXP 	node2: autoDraw = True
34.1925 	EXP 	node3: autoDraw = True
34.1925 	EXP 	node4: autoDraw = True
34.1925 	EXP 	node5: autoDraw = True
34.1925 	EXP 	robotF: autoDraw = True
34.1925 	EXP 	select1: autoDraw = True
34.1925 	EXP 	select2: autoDraw = True
34.1925 	EXP 	select3: autoDraw = True
34.1925 	EXP 	select4: autoDraw = True
34.1925 	EXP 	selection: autoDraw = True
34.1925 	EXP 	sel: autoDraw = True
35.1131 	DATA 	Keypress: a
35.2993 	DATA 	Keypress: a
35.4960 	DATA 	Keypress: a
35.6797 	DATA 	Keypress: a
35.6824 	EXP 	New trial (rep=0, index=1): {u'n2col': u'yellow', u'n4col': u'green', u'n3col': u'blue', u'r4': u'd', u'n1col': u'red', u'r1': u'a', u'r2': u'b', u'rs': u'LOC21', u'r3': u'c', u're': u'LOC3', u'n5col': u'red', u'n1': u'LOC16', u'n2': u'LOC11', u'n3': u'LOC12', u'n4': u'LOC13', u'n5': u'LOC8'}
35.7092 	EXP 	whitebackground: autoDraw = False
35.7092 	EXP 	robotS: autoDraw = False
35.7092 	EXP 	node1: autoDraw = False
35.7092 	EXP 	node2: autoDraw = False
35.7092 	EXP 	node3: autoDraw = False
35.7092 	EXP 	node4: autoDraw = False
35.7092 	EXP 	node5: autoDraw = False
35.7092 	EXP 	robotF: autoDraw = False
35.7092 	EXP 	select1: autoDraw = False
35.7092 	EXP 	select2: autoDraw = False
35.7092 	EXP 	select3: autoDraw = False
35.7092 	EXP 	select4: autoDraw = False
35.7092 	EXP 	selection: autoDraw = False
35.7092 	EXP 	sel: autoDraw = False
35.7092 	EXP 	robotS: pos = array([  20., -230.])
35.7092 	EXP 	node1: fillColor = u'red (named)'
35.7092 	EXP 	node1: pos = array([  20., -115.])
35.7092 	EXP 	node2: fillColor = u'yellow (named)'
35.7092 	EXP 	node2: pos = array([ 20.,   0.])
35.7092 	EXP 	node3: fillColor = u'blue (named)'
35.7092 	EXP 	node3: pos = array([ 135.,    0.])
35.7092 	EXP 	node4: fillColor = u'green (named)'
35.7092 	EXP 	node4: pos = array([ 250.,    0.])
35.7092 	EXP 	node5: fillColor = u'red (named)'
35.7092 	EXP 	node5: pos = array([ 250.,  115.])
35.7092 	EXP 	robotF: pos = array([ 250.,  230.])
35.7092 	EXP 	whitebackground: autoDraw = True
35.7092 	EXP 	robotS: autoDraw = True
35.7092 	EXP 	node1: autoDraw = True
35.7092 	EXP 	node2: autoDraw = True
35.7092 	EXP 	node3: autoDraw = True
35.7092 	EXP 	node4: autoDraw = True
35.7092 	EXP 	node5: autoDraw = True
35.7092 	EXP 	robotF: autoDraw = True
35.7092 	EXP 	select1: autoDraw = True
35.7092 	EXP 	select2: autoDraw = True
35.7092 	EXP 	select3: autoDraw = True
35.7092 	EXP 	select4: autoDraw = True
35.7092 	EXP 	selection: autoDraw = True
35.7092 	EXP 	sel: autoDraw = True
35.8968 	DATA 	Keypress: a
36.0960 	DATA 	Keypress: a
36.2967 	DATA 	Keypress: a
36.5464 	DATA 	Keypress: a
36.5491 	EXP 	New trial (rep=0, index=2): {u'n2col': u'red', u'n4col': u'blue', u'n3col': u'yellow', u'r4': u'd', u'n1col': u'red', u'r1': u'a', u'r2': u'b', u'rs': u'LOC22', u'r3': u'c', u're': u'LOC10', u'n5col': u'blue', u'n1': u'LOC17', u'n2': u'LOC12', u'n3': u'LOC7', u'n4': u'LOC8', u'n5': u'LOC9'}
36.5761 	EXP 	whitebackground: autoDraw = False
36.5761 	EXP 	robotS: autoDraw = False
36.5761 	EXP 	node1: autoDraw = False
36.5761 	EXP 	node2: autoDraw = False
36.5761 	EXP 	node3: autoDraw = False
36.5761 	EXP 	node4: autoDraw = False
36.5761 	EXP 	node5: autoDraw = False
36.5761 	EXP 	robotF: autoDraw = False
36.5761 	EXP 	select1: autoDraw = False
36.5761 	EXP 	select2: autoDraw = False
36.5761 	EXP 	select3: autoDraw = False
36.5761 	EXP 	select4: autoDraw = False
36.5761 	EXP 	selection: autoDraw = False
36.5761 	EXP 	sel: autoDraw = False
36.5761 	EXP 	robotS: pos = array([ 135., -230.])
36.5761 	EXP 	node1: fillColor = u'red (named)'
36.5761 	EXP 	node1: pos = array([ 135., -115.])
36.5761 	EXP 	node2: fillColor = u'red (named)'
36.5761 	EXP 	node2: pos = array([ 135.,    0.])
36.5761 	EXP 	node3: fillColor = u'yellow (named)'
36.5761 	EXP 	node3: pos = array([ 135.,  115.])
36.5761 	EXP 	node4: fillColor = u'blue (named)'
36.5761 	EXP 	node4: pos = array([ 250.,  115.])
36.5761 	EXP 	node5: fillColor = u'blue (named)'
36.5761 	EXP 	node5: pos = array([ 365.,  115.])
36.5761 	EXP 	robotF: pos = array([ 480.,  115.])
36.5761 	EXP 	whitebackground: autoDraw = True
36.5761 	EXP 	robotS: autoDraw = True
36.5761 	EXP 	node1: autoDraw = True
36.5761 	EXP 	node2: autoDraw = True
36.5761 	EXP 	node3: autoDraw = True
36.5761 	EXP 	node4: autoDraw = True
36.5761 	EXP 	node5: autoDraw = True
36.5761 	EXP 	robotF: autoDraw = True
36.5761 	EXP 	select1: autoDraw = True
36.5761 	EXP 	select2: autoDraw = True
36.5761 	EXP 	select3: autoDraw = True
36.5761 	EXP 	select4: autoDraw = True
36.5761 	EXP 	selection: autoDraw = True
36.5761 	EXP 	sel: autoDraw = True
36.7464 	DATA 	Keypress: a
36.9297 	DATA 	Keypress: a
37.1629 	DATA 	Keypress: a
37.4131 	DATA 	Keypress: a
37.4155 	EXP 	New trial (rep=0, index=3): {u'n2col': u'yellow', u'n4col': u'yellow', u'n3col': u'green', u'r4': u'd', u'n1col': u'green', u'r1': u'a', u'r2': u'b', u'rs': u'LOC16', u'r3': u'c', u're': u'LOC10', u'n5col': u'blue', u'n1': u'LOC17', u'n2': u'LOC12', u'n3': u'LOC13', u'n4': u'LOC8', u'n5': u'LOC9'}
37.4430 	EXP 	whitebackground: autoDraw = False
37.4430 	EXP 	robotS: autoDraw = False
37.4430 	EXP 	node1: autoDraw = False
37.4430 	EXP 	node2: autoDraw = False
37.4430 	EXP 	node3: autoDraw = False
37.4430 	EXP 	node4: autoDraw = False
37.4430 	EXP 	node5: autoDraw = False
37.4430 	EXP 	robotF: autoDraw = False
37.4430 	EXP 	select1: autoDraw = False
37.4430 	EXP 	select2: autoDraw = False
37.4430 	EXP 	select3: autoDraw = False
37.4430 	EXP 	select4: autoDraw = False
37.4430 	EXP 	selection: autoDraw = False
37.4430 	EXP 	sel: autoDraw = False
37.4430 	EXP 	robotS: pos = array([  20., -115.])
37.4430 	EXP 	node1: fillColor = u'green (named)'
37.4430 	EXP 	node1: pos = array([ 135., -115.])
37.4430 	EXP 	node2: fillColor = u'yellow (named)'
37.4430 	EXP 	node2: pos = array([ 135.,    0.])
37.4430 	EXP 	node3: fillColor = u'green (named)'
37.4430 	EXP 	node3: pos = array([ 250.,    0.])
37.4430 	EXP 	node4: fillColor = u'yellow (named)'
37.4430 	EXP 	node4: pos = array([ 250.,  115.])
37.4430 	EXP 	node5: fillColor = u'blue (named)'
37.4430 	EXP 	node5: pos = array([ 365.,  115.])
37.4430 	EXP 	robotF: pos = array([ 480.,  115.])
37.4430 	EXP 	whitebackground: autoDraw = True
37.4430 	EXP 	robotS: autoDraw = True
37.4430 	EXP 	node1: autoDraw = True
37.4430 	EXP 	node2: autoDraw = True
37.4430 	EXP 	node3: autoDraw = True
37.4430 	EXP 	node4: autoDraw = True
37.4430 	EXP 	node5: autoDraw = True
37.4430 	EXP 	robotF: autoDraw = True
37.4430 	EXP 	select1: autoDraw = True
37.4430 	EXP 	select2: autoDraw = True
37.4430 	EXP 	select3: autoDraw = True
37.4430 	EXP 	select4: autoDraw = True
37.4430 	EXP 	selection: autoDraw = True
37.4430 	EXP 	sel: autoDraw = True
37.6465 	DATA 	Keypress: a
37.8633 	DATA 	Keypress: a
38.0635 	DATA 	Keypress: a
38.4962 	DATA 	Keypress: a
38.5173 	EXP 	Imported designs1.xlsx as conditions, 2 conditions, 13 params
38.5180 	EXP 	Created sequence: random, trialTypes=2, nReps=5, seed=None
38.5188 	EXP 	New trial (rep=0, index=0): {u'n1col': u'green', u'n2col': u'yellow', u'n4col': u'yellow', u'rs': u'LOC16', u'n3col': u'green', u're': u'LOC10', u'corrAns': u'y', u'n5col': u'blue', u'n1': u'LOC17', u'n2': u'LOC12', u'n3': u'LOC13', u'n4': u'LOC8', u'n5': u'LOC9'}
38.5432 	EXP 	whitebackground: autoDraw = False
38.5432 	EXP 	robotS: autoDraw = False
38.5432 	EXP 	node1: autoDraw = False
38.5432 	EXP 	node2: autoDraw = False
38.5432 	EXP 	node3: autoDraw = False
38.5432 	EXP 	node4: autoDraw = False
38.5432 	EXP 	node5: autoDraw = False
38.5432 	EXP 	robotF: autoDraw = False
38.5432 	EXP 	select1: autoDraw = False
38.5432 	EXP 	select2: autoDraw = False
38.5432 	EXP 	select3: autoDraw = False
38.5432 	EXP 	select4: autoDraw = False
38.5432 	EXP 	selection: autoDraw = False
38.5432 	EXP 	sel: autoDraw = False
38.5432 	EXP 	polygon: fillColor = u'green (named)'
38.5432 	EXP 	polygon: pos = array([ 135., -115.])
38.5432 	EXP 	polygon_2: fillColor = u'yellow (named)'
38.5432 	EXP 	polygon_2: pos = array([ 135.,    0.])
38.5432 	EXP 	polygon_3: fillColor = u'green (named)'
38.5432 	EXP 	polygon_3: pos = array([ 250.,    0.])
38.5432 	EXP 	polygon_4: fillColor = u'yellow (named)'
38.5432 	EXP 	polygon_4: pos = array([ 250.,  115.])
38.5432 	EXP 	polygon_5: fillColor = u'blue (named)'
38.5432 	EXP 	polygon_5: pos = array([ 365.,  115.])
38.5432 	EXP 	choice: text = "Press 'y' for Yes  \nPress 'n' for No"
38.5432 	EXP 	ro: color = '[ 1.  1.  1.] (rgb)'
38.5432 	EXP 	ro: pos = array([  20., -115.])
38.5432 	EXP 	rq: color = '[ 1.  1.  1.] (rgb)'
38.5432 	EXP 	rq: pos = array([ 480.,  115.])
38.5432 	EXP 	Evaluation: autoDraw = True
38.5432 	EXP 	polygon: autoDraw = True
38.5432 	EXP 	polygon_2: autoDraw = True
38.5432 	EXP 	polygon_3: autoDraw = True
38.5432 	EXP 	polygon_4: autoDraw = True
38.5432 	EXP 	polygon_5: autoDraw = True
38.5432 	EXP 	choice: autoDraw = True
38.5432 	EXP 	ro: autoDraw = True
38.5432 	EXP 	rq: autoDraw = True
40.9140 	DATA 	Keypress: y
40.9433 	EXP 	Evaluation: autoDraw = False
40.9433 	EXP 	polygon: autoDraw = False
40.9433 	EXP 	polygon_2: autoDraw = False
40.9433 	EXP 	polygon_3: autoDraw = False
40.9433 	EXP 	polygon_4: autoDraw = False
40.9433 	EXP 	polygon_5: autoDraw = False
40.9433 	EXP 	choice: autoDraw = False
40.9433 	EXP 	ro: autoDraw = False
40.9433 	EXP 	rq: autoDraw = False
40.9433 	EXP 	feedback: text = 'Fabulous!'
40.9433 	EXP 	feedback: autoDraw = True
45.9120 	EXP 	New trial (rep=0, index=1): {u'n1col': u'blue', u'n2col': u'yellow', u'n4col': u'yellow', u'rs': u'LOC16', u'n3col': u'red', u're': u'LOC10', u'corrAns': u'n', u'n5col': u'blue', u'n1': u'LOC17', u'n2': u'LOC12', u'n3': u'LOC13', u'n4': u'LOC8', u'n5': u'LOC9'}
45.9270 	EXP 	feedback: autoDraw = False
45.9270 	EXP 	feedback: autoDraw = False
45.9270 	EXP 	polygon: fillColor = u'blue (named)'
45.9270 	EXP 	polygon: pos = array([ 135., -115.])
45.9270 	EXP 	polygon_2: fillColor = u'yellow (named)'
45.9270 	EXP 	polygon_2: pos = array([ 135.,    0.])
45.9270 	EXP 	polygon_3: fillColor = u'red (named)'
45.9270 	EXP 	polygon_3: pos = array([ 250.,    0.])
45.9270 	EXP 	polygon_4: fillColor = u'yellow (named)'
45.9270 	EXP 	polygon_4: pos = array([ 250.,  115.])
45.9270 	EXP 	polygon_5: fillColor = u'blue (named)'
45.9270 	EXP 	polygon_5: pos = array([ 365.,  115.])
45.9270 	EXP 	choice: text = "Press 'y' for Yes  \nPress 'n' for No"
45.9270 	EXP 	ro: color = '[ 1.  1.  1.] (rgb)'
45.9270 	EXP 	ro: pos = array([  20., -115.])
45.9270 	EXP 	rq: color = '[ 1.  1.  1.] (rgb)'
45.9270 	EXP 	rq: pos = array([ 480.,  115.])
45.9270 	EXP 	Evaluation: autoDraw = True
45.9270 	EXP 	polygon: autoDraw = True
45.9270 	EXP 	polygon_2: autoDraw = True
45.9270 	EXP 	polygon_3: autoDraw = True
45.9270 	EXP 	polygon_4: autoDraw = True
45.9270 	EXP 	polygon_5: autoDraw = True
45.9270 	EXP 	choice: autoDraw = True
45.9270 	EXP 	ro: autoDraw = True
45.9270 	EXP 	rq: autoDraw = True
48.5684 	DATA 	Keypress: n
48.5941 	EXP 	Evaluation: autoDraw = False
48.5941 	EXP 	polygon: autoDraw = False
48.5941 	EXP 	polygon_2: autoDraw = False
48.5941 	EXP 	polygon_3: autoDraw = False
48.5941 	EXP 	polygon_4: autoDraw = False
48.5941 	EXP 	polygon_5: autoDraw = False
48.5941 	EXP 	choice: autoDraw = False
48.5941 	EXP 	ro: autoDraw = False
48.5941 	EXP 	rq: autoDraw = False
48.5941 	EXP 	feedback: text = 'Fabulous!'
48.5941 	EXP 	feedback: autoDraw = True
53.5796 	EXP 	New trial (rep=1, index=0): {u'n1col': u'blue', u'n2col': u'yellow', u'n4col': u'yellow', u'rs': u'LOC16', u'n3col': u'red', u're': u'LOC10', u'corrAns': u'n', u'n5col': u'blue', u'n1': u'LOC17', u'n2': u'LOC12', u'n3': u'LOC13', u'n4': u'LOC8', u'n5': u'LOC9'}
53.5947 	EXP 	feedback: autoDraw = False
53.5947 	EXP 	feedback: autoDraw = False
53.5947 	EXP 	polygon: fillColor = u'blue (named)'
53.5947 	EXP 	polygon: pos = array([ 135., -115.])
53.5947 	EXP 	polygon_2: fillColor = u'yellow (named)'
53.5947 	EXP 	polygon_2: pos = array([ 135.,    0.])
53.5947 	EXP 	polygon_3: fillColor = u'red (named)'
53.5947 	EXP 	polygon_3: pos = array([ 250.,    0.])
53.5947 	EXP 	polygon_4: fillColor = u'yellow (named)'
53.5947 	EXP 	polygon_4: pos = array([ 250.,  115.])
53.5947 	EXP 	polygon_5: fillColor = u'blue (named)'
53.5947 	EXP 	polygon_5: pos = array([ 365.,  115.])
53.5947 	EXP 	choice: text = "Press 'y' for Yes  \nPress 'n' for No"
53.5947 	EXP 	ro: color = '[ 1.  1.  1.] (rgb)'
53.5947 	EXP 	ro: pos = array([  20., -115.])
53.5947 	EXP 	rq: color = '[ 1.  1.  1.] (rgb)'
53.5947 	EXP 	rq: pos = array([ 480.,  115.])
53.5947 	EXP 	Evaluation: autoDraw = True
53.5947 	EXP 	polygon: autoDraw = True
53.5947 	EXP 	polygon_2: autoDraw = True
53.5947 	EXP 	polygon_3: autoDraw = True
53.5947 	EXP 	polygon_4: autoDraw = True
53.5947 	EXP 	polygon_5: autoDraw = True
53.5947 	EXP 	choice: autoDraw = True
53.5947 	EXP 	ro: autoDraw = True
53.5947 	EXP 	rq: autoDraw = True
103.1702 	DATA 	Keypress: escape
