8.1073 	EXP 	Created window1 = Window(allowGUI=False, allowStencil=False, autoLog=True, bitsMode=UNKNOWN, blendMode='avg', color=array([ 0.,  0.,  0.]), colorSpace='rgb', fullscr=UNKNOWN, gamma=None, lms=UNKNOWN, monitor=<psychopy.monitors.calibTools.Monitor object at 0x113541790>, name='window1', pos=[0, 0], screen=0, size=array([1440,  900]), stereo=False, units='pix', useFBO=True, useRetina=False, viewOri=0.0, viewPos=None, viewScale=None, waitBlanking=True, winType='pyglet')
8.1074 	EXP 	window1: recordFrameIntervals = False
8.2788 	EXP 	window1: recordFrameIntervals = True
8.4623 	EXP 	window1: recordFrameIntervals = False
8.6333 	EXP 	Created welcome = TextStim(alignHoriz='center', alignVert='center', antialias=True, autoLog=True, bold=False, color=u'white', colorSpace='named', contrast=1.0, depth=0.0, flipHoriz=False, flipVert=False, font=u'Arial', fontFiles=[], height=50, italic=False, name='welcome', opacity=1.0, ori=0, pos=array([ 0.,  0.]), rgb=array([ 255.,  255.,  255.]), text=u'Welcome!', units='pix', win=Window(...), wrapWidth=500)
8.6720 	EXP 	Created text = TextStim(alignHoriz='center', alignVert='center', antialias=True, autoLog=True, bold=False, color=u'white', colorSpace='named', contrast=1.0, depth=0.0, flipHoriz=False, flipVert=False, font=u'Arial', fontFiles=[], height=50, italic=False, name='text', opacity=1.0, ori=0, pos=array([ 0.,  0.]), rgb=array([ 255.,  255.,  255.]), text=unicode(...), units='pix', win=Window(...), wrapWidth=500)
8.6815 	EXP 	<method-wrapper '__getattribute__' of attributeSetter object at 0x10efa8d50>: vertices = array([[-400.,  450.],
       [ 400.,  450.],
       [ 400., -450.],
       [-400., -450.]])
8.6841 	EXP 	Created whitebackground = Rect(autoDraw=False, autoLog=True, closeShape=True, contrast=1.0, depth=-2.0, fillColor=array([ 1.,  1.,  1.]), fillColorSpace='rgb', fillRGB=array([ 1.,  1.,  1.]), interpolate=True, lineColor=array([ 1.,  1.,  1.]), lineColorSpace='rgb', lineRGB=array([ 1.,  1.,  1.]), lineWidth=0, name='whitebackground', opacity=1.0, ori=array(0.0), pos=array([-560.,    0.]), size=array([ 1.,  1.]), units='pix', vertices=ndarray(...), win=Window(...))
8.7888 	EXP 	Created robotS = ImageStim(autoLog=True, color=array([ 1.,  1.,  1.]), colorSpace='rgb', contrast=1.0, depth=-3.0, flipHoriz=False, flipVert=False, image='robot.png', interpolate=True, mask=None, maskParams=None, name='robotS', opacity=1.0, ori=0.0, pos=array([ 0.,  0.]), size=array([ 100.,  100.]), texRes=128, units='pix', win=Window(...))
8.8024 	EXP 	Created node1 = Polygon(autoDraw=False, autoLog=True, closeShape=True, contrast=1.0, depth=-4.0, fillColor=array([ 1.,  1.,  1.]), fillColorSpace='rgb', fillRGB=array([ 1.,  1.,  1.]), interpolate=True, lineColor=array([ 1.,  1.,  1.]), lineColorSpace='rgb', lineRGB=array([ 1.,  1.,  1.]), lineWidth=0, name='node1', opacity=1.0, ori=array(0.0), pos=array([ 0.,  0.]), size=array([ 100.,  100.]), units='pix', vertices=ndarray(...), win=Window(...))
8.8094 	EXP 	Created node2 = Polygon(autoDraw=False, autoLog=True, closeShape=True, contrast=1.0, depth=-5.0, fillColor=array([ 1.,  1.,  1.]), fillColorSpace='rgb', fillRGB=array([ 1.,  1.,  1.]), interpolate=True, lineColor=array([ 1.,  1.,  1.]), lineColorSpace='rgb', lineRGB=array([ 1.,  1.,  1.]), lineWidth=0, name='node2', opacity=1.0, ori=array(0.0), pos=array([ 0.,  0.]), size=array([ 100.,  100.]), units='pix', vertices=ndarray(...), win=Window(...))
8.8158 	EXP 	Created node3 = Polygon(autoDraw=False, autoLog=True, closeShape=True, contrast=1.0, depth=-6.0, fillColor=array([ 1.,  1.,  1.]), fillColorSpace='rgb', fillRGB=array([ 1.,  1.,  1.]), interpolate=True, lineColor=array([ 1.,  1.,  1.]), lineColorSpace='rgb', lineRGB=array([ 1.,  1.,  1.]), lineWidth=0, name='node3', opacity=1.0, ori=array(0.0), pos=array([ 0.,  0.]), size=array([ 100.,  100.]), units='pix', vertices=ndarray(...), win=Window(...))
8.8225 	EXP 	Created node4 = Polygon(autoDraw=False, autoLog=True, closeShape=True, contrast=1.0, depth=-7.0, fillColor=array([ 1.,  1.,  1.]), fillColorSpace='rgb', fillRGB=array([ 1.,  1.,  1.]), interpolate=True, lineColor=array([ 1.,  1.,  1.]), lineColorSpace='rgb', lineRGB=array([ 1.,  1.,  1.]), lineWidth=0, name='node4', opacity=1.0, ori=array(0.0), pos=array([ 0.,  0.]), size=array([ 100.,  100.]), units='pix', vertices=ndarray(...), win=Window(...))
8.8377 	EXP 	Created robotF = ImageStim(autoLog=True, color=array([ 1.,  1.,  1.]), colorSpace='rgb', contrast=1.0, depth=-8.0, flipHoriz=False, flipVert=False, image='robot.png', interpolate=True, mask=None, maskParams=None, name='robotF', opacity=1.0, ori=0.0, pos=array([ 0.,  0.]), size=array([ 100.,  100.]), texRes=128, units='pix', win=Window(...))
8.8461 	EXP 	Created select1 = Polygon(autoDraw=False, autoLog=True, closeShape=True, contrast=1.0, depth=-9.0, fillColor='red', fillColorSpace='named', fillRGB=array([ 255.,    0.,    0.]), interpolate=True, lineColor=array([ 1.,  1.,  1.]), lineColorSpace='rgb', lineRGB=array([ 1.,  1.,  1.]), lineWidth=0, name='select1', opacity=1.0, ori=array(0.0), pos=array([-600.,  100.]), size=array([ 100.,  100.]), units='pix', vertices=ndarray(...), win=Window(...))
8.8534 	EXP 	Created select2 = Polygon(autoDraw=False, autoLog=True, closeShape=True, contrast=1.0, depth=-10.0, fillColor='blue', fillColorSpace='named', fillRGB=array([   0.,    0.,  255.]), interpolate=True, lineColor=array([ 1.,  1.,  1.]), lineColorSpace='rgb', lineRGB=array([ 1.,  1.,  1.]), lineWidth=0, name='select2', opacity=1.0, ori=array(0.0), pos=array([-600.,  -50.]), size=array([ 100.,  100.]), units='pix', vertices=ndarray(...), win=Window(...))
8.8593 	EXP 	Created select3 = Polygon(autoDraw=False, autoLog=True, closeShape=True, contrast=1.0, depth=-11.0, fillColor='yellow', fillColorSpace='named', fillRGB=array([ 255.,  255.,    0.]), interpolate=True, lineColor=array([ 1.,  1.,  1.]), lineColorSpace='rgb', lineRGB=array([ 1.,  1.,  1.]), lineWidth=0, name='select3', opacity=1.0, ori=array(0.0), pos=array([-600., -200.]), size=array([ 100.,  100.]), units='pix', vertices=ndarray(...), win=Window(...))
8.8655 	EXP 	Created select4 = Polygon(autoDraw=False, autoLog=True, closeShape=True, contrast=1.0, depth=-12.0, fillColor='green', fillColorSpace='named', fillRGB=array([   0.,  128.,    0.]), interpolate=True, lineColor=array([ 1.,  1.,  1.]), lineColorSpace='rgb', lineRGB=array([ 1.,  1.,  1.]), lineWidth=0, name='select4', opacity=1.0, ori=array(0.0), pos=array([-600., -350.]), size=array([ 100.,  100.]), units='pix', vertices=ndarray(...), win=Window(...))
8.8937 	EXP 	Created selection = ImageStim(autoLog=True, color=array([ 1.,  1.,  1.]), colorSpace='rgb', contrast=1.0, depth=-13.0, flipHoriz=False, flipVert=False, image=u'shapes.png', interpolate=True, mask=None, maskParams=None, name='selection', opacity=1.0, ori=0.0, pos=array([ 0.,  0.]), size=array([ 295.5,  145.5]), texRes=128, units='pix', win=Window(...))
8.9128 	EXP 	Created Evaluation = TextStim(alignHoriz='center', alignVert='center', antialias=True, autoLog=True, bold=False, color='white', colorSpace='named', contrast=1.0, depth=-1.0, flipHoriz=False, flipVert=False, font='Arial', fontFiles=[], height=30, italic=False, name='Evaluation', opacity=1.0, ori=0, pos=array([   0.,  300.]), rgb=array([ 255.,  255.,  255.]), text=u'Is this pathway correct? \n', units='pix', win=Window(...), wrapWidth=500)
8.9182 	EXP 	Created polygon = Polygon(autoDraw=False, autoLog=True, closeShape=True, contrast=1.0, depth=-2.0, fillColor=u'red', fillColorSpace='named', fillRGB=array([ 255.,    0.,    0.]), interpolate=True, lineColor=u'red', lineColorSpace='named', lineRGB=array([ 255.,    0.,    0.]), lineWidth=1, name='polygon', opacity=1.0, ori=array(0.0), pos=array([ 250.,    0.]), size=array([ 100.,  100.]), units='pix', vertices=ndarray(...), win=Window(...))
8.9240 	EXP 	Created polygon_2 = Polygon(autoDraw=False, autoLog=True, closeShape=True, contrast=1.0, depth=-3.0, fillColor='green', fillColorSpace='named', fillRGB=array([   0.,  128.,    0.]), interpolate=True, lineColor='green', lineColorSpace='named', lineRGB=array([   0.,  128.,    0.]), lineWidth=1, name='polygon_2', opacity=1.0, ori=array(0.0), pos=array([ 355., -105.]), size=array([ 100.,  100.]), units='pix', vertices=ndarray(...), win=Window(...))
8.9297 	EXP 	Created polygon_3 = Polygon(autoDraw=False, autoLog=True, closeShape=True, contrast=1.0, depth=-4.0, fillColor=u'blue', fillColorSpace='named', fillRGB=array([   0.,    0.,  255.]), interpolate=True, lineColor=u'blue', lineColorSpace='named', lineRGB=array([   0.,    0.,  255.]), lineWidth=1, name='polygon_3', opacity=1.0, ori=array(0.0), pos=array([ 145., -105.]), size=array([ 100.,  100.]), units='pix', vertices=ndarray(...), win=Window(...))
8.9356 	EXP 	Created polygon_4 = Polygon(autoDraw=False, autoLog=True, closeShape=True, contrast=1.0, depth=-5.0, fillColor='blue', fillColorSpace='named', fillRGB=array([   0.,    0.,  255.]), interpolate=True, lineColor='blue', lineColorSpace='named', lineRGB=array([   0.,    0.,  255.]), lineWidth=1, name='polygon_4', opacity=1.0, ori=array(0.0), pos=array([ 250., -105.]), size=array([ 100.,  100.]), units='pix', vertices=ndarray(...), win=Window(...))
8.9513 	EXP 	Created choice = TextStim(alignHoriz='center', alignVert='center', antialias=True, autoLog=True, bold=False, color=u'white', colorSpace='named', contrast=1.0, depth=-6.0, flipHoriz=False, flipVert=False, font=u'Arial', fontFiles=[], height=50, italic=False, name='choice', opacity=1.0, ori=0, pos=array([   0., -300.]), rgb=array([ 255.,  255.,  255.]), text=u"Press 'y' for Yes  \nPress 'n' for No", units='pix', win=Window(...), wrapWidth=500)
8.9655 	EXP 	Created thankyou = TextStim(alignHoriz='center', alignVert='center', antialias=True, autoLog=True, bold=False, color=u'white', colorSpace='named', contrast=1.0, depth=0.0, flipHoriz=False, flipVert=False, font=u'Arial', fontFiles=[], height=50, italic=False, name='thankyou', opacity=1.0, ori=0, pos=array([ 0.,  0.]), rgb=array([ 255.,  255.,  255.]), text=unicode(...), units='pix', win=Window(...), wrapWidth=500)
8.9956 	EXP 	welcome: autoDraw = True
10.9788 	EXP 	welcome: autoDraw = False
10.9788 	EXP 	welcome: autoDraw = False
10.9788 	EXP 	text: autoDraw = True
12.6749 	DATA 	Keypress: space
12.6975 	EXP 	Imported designs.xlsx as conditions, 3 conditions, 14 params
12.7006 	EXP 	Created sequence: random, trialTypes=3, nReps=1, seed=None
12.7018 	EXP 	New trial (rep=0, index=0): {u'r4': u'd', u'n1col': u'red', u'n2col': u'red', u'n4col': u'blue', u'r2': u'b', u'rs': u'LOC11', u'r3': u'c', u'n3col': u'red', u're': u'LOC20', u'n1': u'LOC12', u'n2': u'LOC13', u'n3': u'LOC18', u'n4': u'LOC19', u'r1': u'a'}
12.7293 	EXP 	text: autoDraw = False
12.7293 	EXP 	robotS: pos = array([ 40.,   0.])
12.7293 	EXP 	node1: fillColor = u'red (named)'
12.7293 	EXP 	node1: pos = array([ 145.,    0.])
12.7293 	EXP 	node2: fillColor = u'red (named)'
12.7293 	EXP 	node2: pos = array([ 250.,    0.])
12.7293 	EXP 	node3: fillColor = u'red (named)'
12.7293 	EXP 	node3: pos = array([ 250., -105.])
12.7293 	EXP 	node4: fillColor = u'blue (named)'
12.7293 	EXP 	node4: pos = array([ 355., -105.])
12.7293 	EXP 	robotF: pos = array([ 460., -105.])
12.7293 	EXP 	whitebackground: autoDraw = True
12.7293 	EXP 	robotS: autoDraw = True
12.7293 	EXP 	node1: autoDraw = True
12.7293 	EXP 	node2: autoDraw = True
12.7293 	EXP 	node3: autoDraw = True
12.7293 	EXP 	node4: autoDraw = True
12.7293 	EXP 	robotF: autoDraw = True
12.7293 	EXP 	select1: autoDraw = True
12.7293 	EXP 	select2: autoDraw = True
12.7293 	EXP 	select3: autoDraw = True
12.7293 	EXP 	select4: autoDraw = True
12.7293 	EXP 	selection: autoDraw = True
28.4181 	DATA 	Keypress: space
30.6877 	DATA 	Keypress: a
34.2190 	DATA 	Keypress: a
35.9897 	DATA 	Keypress: a
41.0187 	DATA 	Keypress: a
41.0301 	EXP 	New trial (rep=0, index=1): {u'r4': u'd', u'n1col': u'green', u'n2col': u'green', u'n4col': u'yellow', u'r2': u'b', u'rs': u'LOC21', u'r3': u'c', u'n3col': u'blue', u're': u'LOC8', u'n1': u'LOC22', u'n2': u'LOC23', u'n3': u'LOC18', u'n4': u'LOC13', u'r1': u'a'}
41.0488 	EXP 	whitebackground: autoDraw = False
41.0488 	EXP 	robotS: autoDraw = False
41.0488 	EXP 	node1: autoDraw = False
41.0488 	EXP 	node2: autoDraw = False
41.0488 	EXP 	node3: autoDraw = False
41.0488 	EXP 	node4: autoDraw = False
41.0488 	EXP 	robotF: autoDraw = False
41.0488 	EXP 	select1: autoDraw = False
41.0488 	EXP 	select2: autoDraw = False
41.0488 	EXP 	select3: autoDraw = False
41.0488 	EXP 	select4: autoDraw = False
41.0488 	EXP 	selection: autoDraw = False
41.0488 	EXP 	robotS: pos = array([  40., -210.])
41.0488 	EXP 	node1: fillColor = u'green (named)'
41.0488 	EXP 	node1: pos = array([ 145., -210.])
41.0488 	EXP 	node2: fillColor = u'green (named)'
41.0488 	EXP 	node2: pos = array([ 250., -210.])
41.0488 	EXP 	node3: fillColor = u'blue (named)'
41.0488 	EXP 	node3: pos = array([ 250., -105.])
41.0488 	EXP 	node4: fillColor = u'yellow (named)'
41.0488 	EXP 	node4: pos = array([ 250.,    0.])
41.0488 	EXP 	robotF: pos = array([ 250.,  105.])
41.0488 	EXP 	whitebackground: autoDraw = True
41.0488 	EXP 	robotS: autoDraw = True
41.0488 	EXP 	node1: autoDraw = True
41.0488 	EXP 	node2: autoDraw = True
41.0488 	EXP 	node3: autoDraw = True
41.0488 	EXP 	node4: autoDraw = True
41.0488 	EXP 	robotF: autoDraw = True
41.0488 	EXP 	select1: autoDraw = True
41.0488 	EXP 	select2: autoDraw = True
41.0488 	EXP 	select3: autoDraw = True
41.0488 	EXP 	select4: autoDraw = True
41.0488 	EXP 	selection: autoDraw = True
42.1726 	DATA 	Keypress: a
42.7027 	DATA 	Keypress: a
43.2694 	DATA 	Keypress: a
43.8559 	DATA 	Keypress: a
43.8686 	EXP 	New trial (rep=0, index=2): {u'r4': u'd', u'n1col': u'red', u'n2col': u'blue', u'n4col': u'yellow', u'r2': u'b', u'rs': u'LOC5', u'r3': u'c', u'n3col': u'blue', u're': u'LOC12', u'n1': u'LOC10', u'n2': u'LOC15', u'n3': u'LOC14', u'n4': u'LOC13', u'r1': u'a'}
43.8992 	EXP 	whitebackground: autoDraw = False
43.8992 	EXP 	robotS: autoDraw = False
43.8992 	EXP 	node1: autoDraw = False
43.8992 	EXP 	node2: autoDraw = False
43.8992 	EXP 	node3: autoDraw = False
43.8992 	EXP 	node4: autoDraw = False
43.8992 	EXP 	robotF: autoDraw = False
43.8992 	EXP 	select1: autoDraw = False
43.8992 	EXP 	select2: autoDraw = False
43.8992 	EXP 	select3: autoDraw = False
43.8992 	EXP 	select4: autoDraw = False
43.8992 	EXP 	selection: autoDraw = False
43.8992 	EXP 	robotS: pos = array([ 460.,  210.])
43.8992 	EXP 	node1: fillColor = u'red (named)'
43.8992 	EXP 	node1: pos = array([ 460.,  105.])
43.8992 	EXP 	node2: fillColor = u'blue (named)'
43.8992 	EXP 	node2: pos = array([ 460.,    0.])
43.8992 	EXP 	node3: fillColor = u'blue (named)'
43.8992 	EXP 	node3: pos = array([ 355.,    0.])
43.8992 	EXP 	node4: fillColor = u'yellow (named)'
43.8992 	EXP 	node4: pos = array([ 250.,    0.])
43.8992 	EXP 	robotF: pos = array([ 145.,    0.])
43.8992 	EXP 	whitebackground: autoDraw = True
43.8992 	EXP 	robotS: autoDraw = True
43.8992 	EXP 	node1: autoDraw = True
43.8992 	EXP 	node2: autoDraw = True
43.8992 	EXP 	node3: autoDraw = True
43.8992 	EXP 	node4: autoDraw = True
43.8992 	EXP 	robotF: autoDraw = True
43.8992 	EXP 	select1: autoDraw = True
43.8992 	EXP 	select2: autoDraw = True
43.8992 	EXP 	select3: autoDraw = True
43.8992 	EXP 	select4: autoDraw = True
43.8992 	EXP 	selection: autoDraw = True
44.5194 	DATA 	Keypress: a
44.9359 	DATA 	Keypress: a
45.5360 	DATA 	Keypress: a
48.1701 	DATA 	Keypress: a
48.1827 	EXP 	whitebackground: autoDraw = False
48.1827 	EXP 	robotS: autoDraw = False
48.1827 	EXP 	node1: autoDraw = False
48.1827 	EXP 	node2: autoDraw = False
48.1827 	EXP 	node3: autoDraw = False
48.1827 	EXP 	node4: autoDraw = False
48.1827 	EXP 	robotF: autoDraw = False
48.1827 	EXP 	select1: autoDraw = False
48.1827 	EXP 	select2: autoDraw = False
48.1827 	EXP 	select3: autoDraw = False
48.1827 	EXP 	select4: autoDraw = False
48.1827 	EXP 	selection: autoDraw = False
48.1827 	EXP 	Evaluation: autoDraw = True
48.1827 	EXP 	polygon: autoDraw = True
48.1827 	EXP 	polygon_2: autoDraw = True
48.1827 	EXP 	polygon_3: autoDraw = True
48.1827 	EXP 	polygon_4: autoDraw = True
50.1999 	EXP 	choice: autoDraw = True
52.1834 	EXP 	polygon_4: autoDraw = False
53.1835 	EXP 	Evaluation: autoDraw = False
53.1835 	EXP 	polygon: autoDraw = False
53.1835 	EXP 	polygon_2: autoDraw = False
53.1835 	EXP 	polygon_3: autoDraw = False
53.1835 	EXP 	choice: autoDraw = False
54.7873 	DATA 	Keypress: escape
