7.1865 	EXP 	Created window1 = Window(allowGUI=False, allowStencil=False, autoLog=True, bitsMode=UNKNOWN, blendMode='avg', color='black', colorSpace='named', fullscr=UNKNOWN, gamma=None, lms=UNKNOWN, monitor=<psychopy.monitors.calibTools.Monitor object at 0x11247a6d0>, name='window1', pos=[0, 0], screen=0, size=array([1440,  900]), stereo=False, units='pix', useFBO=True, useRetina=False, viewOri=0.0, viewPos=None, viewScale=None, waitBlanking=True, winType='pyglet')
7.1865 	EXP 	window1: recordFrameIntervals = False
7.3521 	EXP 	window1: recordFrameIntervals = True
7.5353 	EXP 	window1: recordFrameIntervals = False
7.7126 	EXP 	Created welcome = TextStim(alignHoriz='center', alignVert='center', antialias=True, autoLog=True, bold=False, color='white', colorSpace='named', contrast=1.0, depth=-1.0, flipHoriz=False, flipVert=False, font='Arial', fontFiles=[], height=100, italic=False, name='welcome', opacity=1.0, ori=0, pos=array([ 0.,  0.]), rgb=array([ 255.,  255.,  255.]), text=u'Welcome!', units='pix', win=Window(...), wrapWidth=500)
7.7478 	EXP 	Created instruct = TextStim(alignHoriz='center', alignVert='center', antialias=True, autoLog=True, bold=False, color='white', colorSpace='named', contrast=1.0, depth=-2.0, flipHoriz=False, flipVert=False, font='Arial', fontFiles=[], height=50, italic=False, name='instruct', opacity=1.0, ori=0, pos=array([ 0.,  0.]), rgb=array([ 255.,  255.,  255.]), text=unicode(...), units='pix', win=Window(...), wrapWidth=500)
7.8665 	EXP 	Created rob0 = ImageStim(autoLog=True, color=array([ 1.,  1.,  1.]), colorSpace='rgb', contrast=1.0, depth=-3.0, flipHoriz=False, flipVert=False, image='robot1.png', interpolate=True, mask=None, maskParams=None, name='rob0', opacity=1.0, ori=0.0, pos=array([-250., -100.]), size=array([ 200.,  200.]), texRes=128, units='pix', win=Window(...))
7.8805 	EXP 	Created robb = ImageStim(autoLog=True, color=array([ 1.,  1.,  1.]), colorSpace='rgb', contrast=1.0, depth=-4.0, flipHoriz=False, flipVert=False, image='robot1.png', interpolate=True, mask=None, maskParams=None, name='robb', opacity=1.0, ori=0.0, pos=array([ 250., -100.]), size=array([ 200.,  200.]), texRes=128, units='pix', win=Window(...))
7.8988 	EXP 	Created na = Polygon(autoDraw=False, autoLog=True, closeShape=True, contrast=1.0, depth=-5.0, fillColor='blue', fillColorSpace='named', fillRGB=array([   0.,    0.,  255.]), interpolate=True, lineColor='blue', lineColorSpace='named', lineRGB=array([   0.,    0.,  255.]), lineWidth=1, name='na', opacity=1.0, ori=array(0.0), pos=array([ 0.,  0.]), size=array([ 1.,  1.]), units='pix', vertices=ndarray(...), win=Window(...))
7.9042 	EXP 	Created nb = Polygon(autoDraw=False, autoLog=True, closeShape=True, contrast=1.0, depth=-6.0, fillColor='blue', fillColorSpace='named', fillRGB=array([   0.,    0.,  255.]), interpolate=True, lineColor='blue', lineColorSpace='named', lineRGB=array([   0.,    0.,  255.]), lineWidth=1, name='nb', opacity=1.0, ori=array(0.0), pos=array([ 0.,  0.]), size=array([ 1.,  1.]), units='pix', vertices=ndarray(...), win=Window(...))
7.9095 	EXP 	Created nc = Polygon(autoDraw=False, autoLog=True, closeShape=True, contrast=1.0, depth=-7.0, fillColor='blue', fillColorSpace='named', fillRGB=array([   0.,    0.,  255.]), interpolate=True, lineColor='blue', lineColorSpace='named', lineRGB=array([   0.,    0.,  255.]), lineWidth=1, name='nc', opacity=1.0, ori=array(0.0), pos=array([ 0.,  0.]), size=array([ 1.,  1.]), units='pix', vertices=ndarray(...), win=Window(...))
7.9121 	EXP 	<method-wrapper '__getattribute__' of attributeSetter object at 0x10f1f1c90>: vertices = array([[-55.,  20.],
       [ 55.,  20.],
       [ 55., -20.],
       [-55., -20.]])
7.9137 	EXP 	Created s1 = Rect(autoDraw=False, autoLog=True, closeShape=True, contrast=1.0, depth=-8.0, fillColor='black', fillColorSpace='named', fillRGB=array([ 0.,  0.,  0.]), interpolate=True, lineColor='black', lineColorSpace='named', lineRGB=array([ 0.,  0.,  0.]), lineWidth=1, name='s1', opacity=1.0, ori=array(0.0), pos=array([-110., -100.]), size=array([ 1.,  1.]), units='pix', vertices=ndarray(...), win=Window(...))
7.9141 	EXP 	<method-wrapper '__getattribute__' of attributeSetter object at 0x10f1f1c90>: vertices = array([[-55.,  20.],
       [ 55.,  20.],
       [ 55., -20.],
       [-55., -20.]])
7.9154 	EXP 	Created s2 = Rect(autoDraw=False, autoLog=True, closeShape=True, contrast=1.0, depth=-9.0, fillColor='black', fillColorSpace='named', fillRGB=array([ 0.,  0.,  0.]), interpolate=True, lineColor='black', lineColorSpace='named', lineRGB=array([ 0.,  0.,  0.]), lineWidth=1, name='s2', opacity=1.0, ori=array(0.0), pos=array([   0., -100.]), size=array([ 1.,  1.]), units='pix', vertices=ndarray(...), win=Window(...))
7.9158 	EXP 	<method-wrapper '__getattribute__' of attributeSetter object at 0x10f1f1c90>: vertices = array([[-55.,  20.],
       [ 55.,  20.],
       [ 55., -20.],
       [-55., -20.]])
7.9174 	EXP 	Created s3 = Rect(autoDraw=False, autoLog=True, closeShape=True, contrast=1.0, depth=-10.0, fillColor='black', fillColorSpace='named', fillRGB=array([ 0.,  0.,  0.]), interpolate=True, lineColor='black', lineColorSpace='named', lineRGB=array([ 0.,  0.,  0.]), lineWidth=1, name='s3', opacity=1.0, ori=array(0.0), pos=array([ 110., -100.]), size=array([ 1.,  1.]), units='pix', vertices=ndarray(...), win=Window(...))
8.3166 	EXP 	Created heart = ImageStim(autoLog=True, color=array([ 1.,  1.,  1.]), colorSpace='rgb', contrast=1.0, depth=-11.0, flipHoriz=False, flipVert=False, image='heart.png', interpolate=True, mask=None, maskParams=None, name='heart', opacity=1.0, ori=0.0, pos=array([   0., -100.]), size=array([ 1.,  1.]), texRes=128, units='pix', win=Window(...))
8.4674 	EXP 	Created text_2 = TextStim(alignHoriz='center', alignVert='center', antialias=True, autoLog=True, bold=False, color='white', colorSpace='named', contrast=1.0, depth=-1.0, flipHoriz=False, flipVert=False, font='Arial', fontFiles=[], height=40, italic=False, name='text_2', opacity=1.0, ori=0, pos=array([ 0.,  0.]), rgb=array([ 255.,  255.,  255.]), text=u"Let's take an example", units='pix', win=Window(...), wrapWidth=500)
8.4755 	EXP 	Created nod1 = Polygon(autoDraw=False, autoLog=True, closeShape=True, contrast=1.0, depth=-2.0, fillColor=array([ 1.,  1.,  1.]), fillColorSpace='rgb', fillRGB=array([ 1.,  1.,  1.]), interpolate=True, lineColor='red', lineColorSpace='named', lineRGB=array([ 255.,    0.,    0.]), lineWidth=1, name='nod1', opacity=1.0, ori=array(0.0), pos=array([ 0.,  0.]), size=array([ 100.,  100.]), units='pix', vertices=ndarray(...), win=Window(...))
8.4817 	EXP 	Created nod2 = Polygon(autoDraw=False, autoLog=True, closeShape=True, contrast=1.0, depth=-3.0, fillColor=array([ 1.,  1.,  1.]), fillColorSpace='rgb', fillRGB=array([ 1.,  1.,  1.]), interpolate=True, lineColor=array([ 1.,  1.,  1.]), lineColorSpace='rgb', lineRGB=array([ 1.,  1.,  1.]), lineWidth=1, name='nod2', opacity=1.0, ori=array(0.0), pos=array([ 0.,  0.]), size=array([ 100.,  100.]), units='pix', vertices=ndarray(...), win=Window(...))
8.4879 	EXP 	Created nod3 = Polygon(autoDraw=False, autoLog=True, closeShape=True, contrast=1.0, depth=-4.0, fillColor=array([ 1.,  1.,  1.]), fillColorSpace='rgb', fillRGB=array([ 1.,  1.,  1.]), interpolate=True, lineColor=array([ 1.,  1.,  1.]), lineColorSpace='rgb', lineRGB=array([ 1.,  1.,  1.]), lineWidth=1, name='nod3', opacity=1.0, ori=array(0.0), pos=array([ 135.,  115.]), size=array([ 100.,  100.]), units='pix', vertices=ndarray(...), win=Window(...))
8.4941 	EXP 	Created nod4 = Polygon(autoDraw=False, autoLog=True, closeShape=True, contrast=1.0, depth=-5.0, fillColor=array([ 1.,  1.,  1.]), fillColorSpace='rgb', fillRGB=array([ 1.,  1.,  1.]), interpolate=True, lineColor=array([ 1.,  1.,  1.]), lineColorSpace='rgb', lineRGB=array([ 1.,  1.,  1.]), lineWidth=1, name='nod4', opacity=1.0, ori=array(0.0), pos=array([ 250.,  115.]), size=array([ 100.,  100.]), units='pix', vertices=ndarray(...), win=Window(...))
8.5172 	EXP 	Created rob1 = ImageStim(autoLog=True, color=array([ 1.,  1.,  1.]), colorSpace='rgb', contrast=1.0, depth=-6.0, flipHoriz=False, flipVert=False, image='robot1.png', interpolate=True, mask=None, maskParams=None, name='rob1', opacity=1.0, ori=1.0, pos=array([  20., -115.]), size=array([ 100.,  100.]), texRes=128, units='pix', win=Window(...))
8.5284 	EXP 	Created rob2 = ImageStim(autoLog=True, color=array([ 1.,  1.,  1.]), colorSpace='rgb', contrast=1.0, depth=-7.0, flipHoriz=False, flipVert=False, image='sin', interpolate=True, mask=None, maskParams=None, name='rob2', opacity=1.0, ori=0.0, pos=array([ 365.,  115.]), size=array([ 100.,  100.]), texRes=128, units='pix', win=Window(...))
8.5293 	EXP 	<method-wrapper '__getattribute__' of attributeSetter object at 0x10f1f1c90>: vertices = array([[-0.5,  0.5],
       [ 0.5,  0.5],
       [ 0.5, -0.5],
       [-0.5, -0.5]])
8.5320 	EXP 	Created sh1 = Rect(autoDraw=False, autoLog=True, closeShape=True, contrast=1.0, depth=-9.0, fillColor='black', fillColorSpace='named', fillRGB=array([ 0.,  0.,  0.]), interpolate=True, lineColor='black', lineColorSpace='named', lineRGB=array([ 0.,  0.,  0.]), lineWidth=1, name='sh1', opacity=1.0, ori=array(0.0), pos=array([ 20.,   0.]), size=array([ 1.,  1.]), units='pix', vertices=ndarray(...), win=Window(...))
8.5327 	EXP 	<method-wrapper '__getattribute__' of attributeSetter object at 0x10f1f1c90>: vertices = array([[-30.,  20.],
       [ 30.,  20.],
       [ 30., -20.],
       [-30., -20.]])
8.5348 	EXP 	Created sh2a = Rect(autoDraw=False, autoLog=True, closeShape=True, contrast=1.0, depth=-10.0, fillColor='black', fillColorSpace='named', fillRGB=array([ 0.,  0.,  0.]), interpolate=True, lineColor='black', lineColorSpace='named', lineRGB=array([ 0.,  0.,  0.]), lineWidth=1, name='sh2a', opacity=1.0, ori=array(0.0), pos=array([  50.,  113.]), size=array([ 1.,  1.]), units='pix', vertices=ndarray(...), win=Window(...))
8.5354 	EXP 	<method-wrapper '__getattribute__' of attributeSetter object at 0x10f1f1c90>: vertices = array([[-20.,  40.],
       [ 20.,  40.],
       [ 20., -40.],
       [-20., -40.]])
8.5373 	EXP 	Created sh2b = Rect(autoDraw=False, autoLog=True, closeShape=True, contrast=1.0, depth=-11.0, fillColor='black', fillColorSpace='named', fillRGB=array([ 0.,  0.,  0.]), interpolate=True, lineColor='black', lineColorSpace='named', lineRGB=array([ 0.,  0.,  0.]), lineWidth=1, name='sh2b', opacity=1.0, ori=array(0.0), pos=array([ 22.,  93.]), size=array([ 1.,  1.]), units='pix', vertices=ndarray(...), win=Window(...))
8.5378 	EXP 	<method-wrapper '__getattribute__' of attributeSetter object at 0x10f1f1c90>: vertices = array([[-55.,  20.],
       [ 55.,  20.],
       [ 55., -20.],
       [-55., -20.]])
8.5393 	EXP 	Created sh3 = Rect(autoDraw=False, autoLog=True, closeShape=True, contrast=1.0, depth=-12.0, fillColor='black', fillColorSpace='named', fillRGB=array([ 0.,  0.,  0.]), interpolate=True, lineColor='black', lineColorSpace='named', lineRGB=array([ 0.,  0.,  0.]), lineWidth=1, name='sh3', opacity=1.0, ori=array(0.0), pos=array([ 135.,  115.]), size=array([ 1.,  1.]), units='pix', vertices=ndarray(...), win=Window(...))
8.5397 	EXP 	<method-wrapper '__getattribute__' of attributeSetter object at 0x10f1f1c90>: vertices = array([[-55.,  20.],
       [ 55.,  20.],
       [ 55., -20.],
       [-55., -20.]])
8.5410 	EXP 	Created sh4 = Rect(autoDraw=False, autoLog=True, closeShape=True, contrast=1.0, depth=-13.0, fillColor='black', fillColorSpace='named', fillRGB=array([ 0.,  0.,  0.]), interpolate=True, lineColor='black', lineColorSpace='named', lineRGB=array([ 0.,  0.,  0.]), lineWidth=1, name='sh4', opacity=1.0, ori=array(0.0), pos=array([ 250.,  115.]), size=array([ 1.,  1.]), units='pix', vertices=ndarray(...), win=Window(...))
8.5671 	EXP 	Created star = TextStim(alignHoriz='center', alignVert='center', antialias=True, autoLog=True, bold=False, color='white', colorSpace='named', contrast=1.0, depth=0.0, flipHoriz=False, flipVert=False, font='Arial', fontFiles=[], height=50, italic=False, name='star', opacity=1.0, ori=0, pos=array([ 0.,  0.]), rgb=array([ 255.,  255.,  255.]), text=unicode(...), units='pix', win=Window(...), wrapWidth=500)
8.5678 	EXP 	<method-wrapper '__getattribute__' of attributeSetter object at 0x10f1f1c90>: vertices = array([[-400.,  450.],
       [ 400.,  450.],
       [ 400., -450.],
       [-400., -450.]])
8.5715 	EXP 	Created whitebackground = Rect(autoDraw=False, autoLog=True, closeShape=True, contrast=1.0, depth=-2.0, fillColor=array([ 1.,  1.,  1.]), fillColorSpace='rgb', fillRGB=array([ 1.,  1.,  1.]), interpolate=True, lineColor=array([ 1.,  1.,  1.]), lineColorSpace='rgb', lineRGB=array([ 1.,  1.,  1.]), lineWidth=0, name='whitebackground', opacity=1.0, ori=array(0.0), pos=array([-560.,    0.]), size=array([ 1.,  1.]), units='pix', vertices=ndarray(...), win=Window(...))
8.5842 	EXP 	Created robotS = ImageStim(autoLog=True, color=array([ 1.,  1.,  1.]), colorSpace='rgb', contrast=1.0, depth=-3.0, flipHoriz=False, flipVert=False, image='robot1.png', interpolate=True, mask=None, maskParams=None, name='robotS', opacity=1.0, ori=0.0, pos=array([ 0.,  0.]), size=array([ 100.,  100.]), texRes=128, units='pix', win=Window(...))
8.5923 	EXP 	Created node1 = Polygon(autoDraw=False, autoLog=True, closeShape=True, contrast=1.0, depth=-4.0, fillColor=array([ 1.,  1.,  1.]), fillColorSpace='rgb', fillRGB=array([ 1.,  1.,  1.]), interpolate=True, lineColor=array([ 1.,  1.,  1.]), lineColorSpace='rgb', lineRGB=array([ 1.,  1.,  1.]), lineWidth=0, name='node1', opacity=1.0, ori=array(0.0), pos=array([ 0.,  0.]), size=array([ 100.,  100.]), units='pix', vertices=ndarray(...), win=Window(...))
8.5997 	EXP 	Created node2 = Polygon(autoDraw=False, autoLog=True, closeShape=True, contrast=1.0, depth=-5.0, fillColor=array([ 1.,  1.,  1.]), fillColorSpace='rgb', fillRGB=array([ 1.,  1.,  1.]), interpolate=True, lineColor=array([ 1.,  1.,  1.]), lineColorSpace='rgb', lineRGB=array([ 1.,  1.,  1.]), lineWidth=0, name='node2', opacity=1.0, ori=array(0.0), pos=array([ 0.,  0.]), size=array([ 100.,  100.]), units='pix', vertices=ndarray(...), win=Window(...))
8.6060 	EXP 	Created node3 = Polygon(autoDraw=False, autoLog=True, closeShape=True, contrast=1.0, depth=-6.0, fillColor=array([ 1.,  1.,  1.]), fillColorSpace='rgb', fillRGB=array([ 1.,  1.,  1.]), interpolate=True, lineColor=array([ 1.,  1.,  1.]), lineColorSpace='rgb', lineRGB=array([ 1.,  1.,  1.]), lineWidth=0, name='node3', opacity=1.0, ori=array(0.0), pos=array([ 0.,  0.]), size=array([ 100.,  100.]), units='pix', vertices=ndarray(...), win=Window(...))
8.6123 	EXP 	Created node4 = Polygon(autoDraw=False, autoLog=True, closeShape=True, contrast=1.0, depth=-7.0, fillColor=array([ 1.,  1.,  1.]), fillColorSpace='rgb', fillRGB=array([ 1.,  1.,  1.]), interpolate=True, lineColor=array([ 1.,  1.,  1.]), lineColorSpace='rgb', lineRGB=array([ 1.,  1.,  1.]), lineWidth=0, name='node4', opacity=1.0, ori=array(0.0), pos=array([ 0.,  0.]), size=array([ 100.,  100.]), units='pix', vertices=ndarray(...), win=Window(...))
8.6186 	EXP 	Created node5 = Polygon(autoDraw=False, autoLog=True, closeShape=True, contrast=1.0, depth=-8.0, fillColor=array([ 1.,  1.,  1.]), fillColorSpace='rgb', fillRGB=array([ 1.,  1.,  1.]), interpolate=True, lineColor=array([ 1.,  1.,  1.]), lineColorSpace='rgb', lineRGB=array([ 1.,  1.,  1.]), lineWidth=0, name='node5', opacity=1.0, ori=array(0.0), pos=array([ 0.,  0.]), size=array([ 100.,  100.]), units='pix', vertices=ndarray(...), win=Window(...))
8.6301 	EXP 	Created robotF = ImageStim(autoLog=True, color=array([ 1.,  1.,  1.]), colorSpace='rgb', contrast=1.0, depth=-9.0, flipHoriz=False, flipVert=False, image='robot1.png', interpolate=True, mask=None, maskParams=None, name='robotF', opacity=1.0, ori=0.0, pos=array([ 0.,  0.]), size=array([ 100.,  100.]), texRes=128, units='pix', win=Window(...))
8.6360 	EXP 	Created select1 = Polygon(autoDraw=False, autoLog=True, closeShape=True, contrast=1.0, depth=-10.0, fillColor='red', fillColorSpace='named', fillRGB=array([ 255.,    0.,    0.]), interpolate=True, lineColor=array([ 1.,  1.,  1.]), lineColorSpace='rgb', lineRGB=array([ 1.,  1.,  1.]), lineWidth=0, name='select1', opacity=1.0, ori=array(0.0), pos=array([-630.,    0.]), size=array([ 100.,  100.]), units='pix', vertices=ndarray(...), win=Window(...))
8.6419 	EXP 	Created select2 = Polygon(autoDraw=False, autoLog=True, closeShape=True, contrast=1.0, depth=-11.0, fillColor='blue', fillColorSpace='named', fillRGB=array([   0.,    0.,  255.]), interpolate=True, lineColor=array([ 1.,  1.,  1.]), lineColorSpace='rgb', lineRGB=array([ 1.,  1.,  1.]), lineWidth=0, name='select2', opacity=1.0, ori=array(0.0), pos=array([-630., -120.]), size=array([ 100.,  100.]), units='pix', vertices=ndarray(...), win=Window(...))
8.6478 	EXP 	Created select3 = Polygon(autoDraw=False, autoLog=True, closeShape=True, contrast=1.0, depth=-12.0, fillColor='yellow', fillColorSpace='named', fillRGB=array([ 255.,  255.,    0.]), interpolate=True, lineColor=array([ 1.,  1.,  1.]), lineColorSpace='rgb', lineRGB=array([ 1.,  1.,  1.]), lineWidth=0, name='select3', opacity=1.0, ori=array(0.0), pos=array([-630., -240.]), size=array([ 100.,  100.]), units='pix', vertices=ndarray(...), win=Window(...))
8.6536 	EXP 	Created select4 = Polygon(autoDraw=False, autoLog=True, closeShape=True, contrast=1.0, depth=-13.0, fillColor='green', fillColorSpace='named', fillRGB=array([   0.,  128.,    0.]), interpolate=True, lineColor=array([ 1.,  1.,  1.]), lineColorSpace='rgb', lineRGB=array([ 1.,  1.,  1.]), lineWidth=0, name='select4', opacity=1.0, ori=array(0.0), pos=array([-630., -360.]), size=array([ 100.,  100.]), units='pix', vertices=ndarray(...), win=Window(...))
8.6879 	EXP 	Created selection = ImageStim(autoLog=True, color=array([ 1.,  1.,  1.]), colorSpace='rgb', contrast=1.0, depth=-14.0, flipHoriz=False, flipVert=False, image='mastershapes.png', interpolate=True, mask=None, maskParams=None, name='selection', opacity=1.0, ori=0.0, pos=array([ 0.,  0.]), size=array([ 500.,  400.]), texRes=128, units='pix', win=Window(...))
8.7470 	EXP 	Created sel = TextStim(alignHoriz='center', alignVert='center', antialias=True, autoLog=True, bold=False, color='black', colorSpace='named', contrast=1.0, depth=-15.0, flipHoriz=False, flipVert=False, font='Arial', fontFiles=[], height=30, italic=False, name='sel', opacity=1.0, ori=0, pos=array([-450.,  250.]), rgb=array([ 0.,  0.,  0.]), text=unicode(...), units='pix', win=Window(...), wrapWidth=500)
8.7558 	EXP 	Created Evaluation = TextStim(alignHoriz='center', alignVert='center', antialias=True, autoLog=True, bold=False, color='white', colorSpace='named', contrast=1.0, depth=-1.0, flipHoriz=False, flipVert=False, font='Arial', fontFiles=[], height=30, italic=False, name='Evaluation', opacity=1.0, ori=0, pos=array([   0.,  300.]), rgb=array([ 255.,  255.,  255.]), text=u'Is this pathway correct? \n', units='pix', win=Window(...), wrapWidth=500)
8.7611 	EXP 	Created polygon = Polygon(autoDraw=False, autoLog=True, closeShape=True, contrast=1.0, depth=-2.0, fillColor='red', fillColorSpace='named', fillRGB=array([ 255.,    0.,    0.]), interpolate=True, lineColor='red', lineColorSpace='named', lineRGB=array([ 255.,    0.,    0.]), lineWidth=1, name='polygon', opacity=1.0, ori=array(0.0), pos=array([ 250.,    0.]), size=array([ 100.,  100.]), units='pix', vertices=ndarray(...), win=Window(...))
8.7665 	EXP 	Created polygon_2 = Polygon(autoDraw=False, autoLog=True, closeShape=True, contrast=1.0, depth=-3.0, fillColor='green', fillColorSpace='named', fillRGB=array([   0.,  128.,    0.]), interpolate=True, lineColor='green', lineColorSpace='named', lineRGB=array([   0.,  128.,    0.]), lineWidth=1, name='polygon_2', opacity=1.0, ori=array(0.0), pos=array([ 365., -115.]), size=array([ 100.,  100.]), units='pix', vertices=ndarray(...), win=Window(...))
8.7722 	EXP 	Created polygon_3 = Polygon(autoDraw=False, autoLog=True, closeShape=True, contrast=1.0, depth=-4.0, fillColor='blue', fillColorSpace='named', fillRGB=array([   0.,    0.,  255.]), interpolate=True, lineColor='blue', lineColorSpace='named', lineRGB=array([   0.,    0.,  255.]), lineWidth=1, name='polygon_3', opacity=1.0, ori=array(0.0), pos=array([ 135., -115.]), size=array([ 100.,  100.]), units='pix', vertices=ndarray(...), win=Window(...))
8.7778 	EXP 	Created polygon_4 = Polygon(autoDraw=False, autoLog=True, closeShape=True, contrast=1.0, depth=-5.0, fillColor='blue', fillColorSpace='named', fillRGB=array([   0.,    0.,  255.]), interpolate=True, lineColor='blue', lineColorSpace='named', lineRGB=array([   0.,    0.,  255.]), lineWidth=1, name='polygon_4', opacity=1.0, ori=array(0.0), pos=array([ 250., -115.]), size=array([ 100.,  100.]), units='pix', vertices=ndarray(...), win=Window(...))
8.7942 	EXP 	Created choice = TextStim(alignHoriz='center', alignVert='center', antialias=True, autoLog=True, bold=False, color='white', colorSpace='named', contrast=1.0, depth=-6.0, flipHoriz=False, flipVert=False, font='Arial', fontFiles=[], height=50, italic=False, name='choice', opacity=1.0, ori=0, pos=array([   0., -300.]), rgb=array([ 255.,  255.,  255.]), text=u"Press 'y' for Yes  \nPress 'n' for No", units='pix', win=Window(...), wrapWidth=500)
8.8016 	EXP 	Created thankyou = TextStim(alignHoriz='center', alignVert='center', antialias=True, autoLog=True, bold=False, color='white', colorSpace='named', contrast=1.0, depth=0.0, flipHoriz=False, flipVert=False, font='Arial', fontFiles=[], height=50, italic=False, name='thankyou', opacity=1.0, ori=0, pos=array([ 0.,  0.]), rgb=array([ 255.,  255.,  255.]), text=u'Thank you for your participation.\n', units='pix', win=Window(...), wrapWidth=500)
8.8520 	EXP 	instruct: pos = array([   0.,  150.])
8.8520 	EXP 	na: pos = array([-110., -100.])
8.8520 	EXP 	na: size = array([ 100.,  100.])
8.8520 	EXP 	nb: pos = array([   0., -100.])
8.8520 	EXP 	nb: size = array([ 100.,  100.])
8.8520 	EXP 	nc: pos = array([ 110., -100.])
8.8520 	EXP 	nc: size = array([ 100.,  100.])
8.8520 	EXP 	welcome: autoDraw = True
11.8192 	EXP 	welcome: autoDraw = False
11.8192 	EXP 	instruct: autoDraw = True
14.8360 	EXP 	rob0: autoDraw = True
14.8360 	EXP 	robb: autoDraw = True
15.3195 	EXP 	na: autoDraw = True
15.8196 	EXP 	nb: autoDraw = True
16.3196 	EXP 	nc: autoDraw = True
17.3197 	EXP 	s1: autoDraw = True
18.3199 	EXP 	s2: autoDraw = True
19.3198 	EXP 	s3: autoDraw = True
22.8203 	EXP 	na: autoDraw = False
22.8203 	EXP 	nb: autoDraw = False
22.8203 	EXP 	nc: autoDraw = False
22.8203 	EXP 	s1: autoDraw = False
22.8203 	EXP 	s2: autoDraw = False
22.8203 	EXP 	s3: autoDraw = False
22.8203 	EXP 	heart: autoDraw = True
26.8375 	EXP 	welcome: autoDraw = False
26.8375 	EXP 	instruct: autoDraw = False
26.8375 	EXP 	rob0: autoDraw = False
26.8375 	EXP 	robb: autoDraw = False
26.8375 	EXP 	na: autoDraw = False
26.8375 	EXP 	nb: autoDraw = False
26.8375 	EXP 	nc: autoDraw = False
26.8375 	EXP 	s1: autoDraw = False
26.8375 	EXP 	s2: autoDraw = False
26.8375 	EXP 	s3: autoDraw = False
26.8375 	EXP 	heart: autoDraw = False
26.8375 	EXP 	text_2: pos = array([-300.,  300.])
26.8375 	EXP 	nod1: fillColor = 'red (named)'
26.8375 	EXP 	nod1: pos = array([ 20.,   0.])
26.8375 	EXP 	nod2: fillColor = 'yellow (named)'
26.8375 	EXP 	nod2: pos = array([  20.,  115.])
26.8375 	EXP 	nod2: lineColor = 'yellow (named)'
26.8375 	EXP 	nod3: fillColor = 'blue (named)'
26.8375 	EXP 	nod3: lineColor = 'blue (named)'
26.8375 	EXP 	nod4: fillColor = 'blue (named)'
26.8375 	EXP 	nod4: lineColor = 'blue (named)'
26.8375 	EXP 	rob1: ori = 0.0
26.8375 	EXP 	rob2: image = 'robot1.png'
26.8375 	EXP 	sh1: size = array([  40.,  110.])
26.8375 	EXP 	text_2: autoDraw = True
26.8375 	EXP 	nod1: autoDraw = True
26.8375 	EXP 	nod2: autoDraw = True
26.8375 	EXP 	nod3: autoDraw = True
26.8375 	EXP 	nod4: autoDraw = True
26.8375 	EXP 	rob1: autoDraw = True
26.8375 	EXP 	rob2: autoDraw = True
28.8210 	EXP 	sh1: autoDraw = True
29.3210 	EXP 	sh2a: autoDraw = True
29.3210 	EXP 	sh2b: autoDraw = True
29.8211 	EXP 	sh3: autoDraw = True
30.3212 	EXP 	sh4: autoDraw = True
34.1109 	DATA 	Keypress: space
34.1549 	EXP 	text_2: autoDraw = False
34.1549 	EXP 	nod1: autoDraw = False
34.1549 	EXP 	nod2: autoDraw = False
34.1549 	EXP 	nod3: autoDraw = False
34.1549 	EXP 	nod4: autoDraw = False
34.1549 	EXP 	rob1: autoDraw = False
34.1549 	EXP 	rob2: autoDraw = False
34.1549 	EXP 	sh1: autoDraw = False
34.1549 	EXP 	sh2a: autoDraw = False
34.1549 	EXP 	sh2b: autoDraw = False
34.1549 	EXP 	sh3: autoDraw = False
34.1549 	EXP 	sh4: autoDraw = False
34.1549 	EXP 	star: autoDraw = True
34.8914 	DATA 	Keypress: space
34.9180 	EXP 	Imported designs.xlsx as conditions, 4 conditions, 17 params
34.9197 	EXP 	Created sequence: sequential, trialTypes=4, nReps=1, seed=None
34.9208 	EXP 	New trial (rep=0, index=0): {u'n2col': u'blue', u'n4col': u'red', u'n3col': u'green', u'corrAns': u'a', u'r4': u'd', u'n1col': u'blue', u'r1': u'a', u'r2': u'b', u'rs': u'LOC21', u'r3': u'c', u're': u'LOC9', u'n5col': u'red', u'n1': u'LOC22', u'n2': u'LOC23', u'n3': u'LOC24', u'n4': u'LOC19', u'n5': u'LOC14'}
34.9383 	EXP 	star: autoDraw = False
34.9383 	EXP 	robotS: pos = array([  20., -230.])
34.9383 	EXP 	node1: fillColor = u'blue (named)'
34.9383 	EXP 	node1: pos = array([ 135., -230.])
34.9383 	EXP 	node2: fillColor = u'blue (named)'
34.9383 	EXP 	node2: pos = array([ 250., -230.])
34.9383 	EXP 	node3: fillColor = u'green (named)'
34.9383 	EXP 	node3: pos = array([ 365., -230.])
34.9383 	EXP 	node4: fillColor = u'red (named)'
34.9383 	EXP 	node4: pos = array([ 365., -115.])
34.9383 	EXP 	node5: fillColor = u'red (named)'
34.9383 	EXP 	node5: pos = array([ 365.,    0.])
34.9383 	EXP 	robotF: pos = array([ 365.,  115.])
34.9383 	EXP 	whitebackground: autoDraw = True
34.9383 	EXP 	robotS: autoDraw = True
34.9383 	EXP 	node1: autoDraw = True
34.9383 	EXP 	node2: autoDraw = True
34.9383 	EXP 	node3: autoDraw = True
34.9383 	EXP 	node4: autoDraw = True
34.9383 	EXP 	node5: autoDraw = True
34.9383 	EXP 	robotF: autoDraw = True
34.9383 	EXP 	select1: autoDraw = True
34.9383 	EXP 	select2: autoDraw = True
34.9383 	EXP 	select3: autoDraw = True
34.9383 	EXP 	select4: autoDraw = True
34.9383 	EXP 	selection: autoDraw = True
34.9383 	EXP 	sel: autoDraw = True
45.2597 	DATA 	Keypress: space
46.1464 	DATA 	Keypress: a
48.1432 	DATA 	Keypress: b
49.5803 	DATA 	Keypress: c
50.5601 	DATA 	Keypress: d
50.5714 	EXP 	New trial (rep=0, index=1): {u'n2col': u'yellow', u'n4col': u'green', u'n3col': u'blue', u'corrAns': u'b', u'r4': u'd', u'n1col': u'red', u'r1': u'a', u'r2': u'b', u'rs': u'LOC21', u'r3': u'c', u're': u'LOC3', u'n5col': u'red', u'n1': u'LOC16', u'n2': u'LOC11', u'n3': u'LOC12', u'n4': u'LOC13', u'n5': u'LOC8'}
50.5899 	EXP 	whitebackground: autoDraw = False
50.5899 	EXP 	robotS: autoDraw = False
50.5899 	EXP 	node1: autoDraw = False
50.5899 	EXP 	node2: autoDraw = False
50.5899 	EXP 	node3: autoDraw = False
50.5899 	EXP 	node4: autoDraw = False
50.5899 	EXP 	node5: autoDraw = False
50.5899 	EXP 	robotF: autoDraw = False
50.5899 	EXP 	select1: autoDraw = False
50.5899 	EXP 	select2: autoDraw = False
50.5899 	EXP 	select3: autoDraw = False
50.5899 	EXP 	select4: autoDraw = False
50.5899 	EXP 	selection: autoDraw = False
50.5899 	EXP 	sel: autoDraw = False
50.5899 	EXP 	robotS: pos = array([  20., -230.])
50.5899 	EXP 	node1: fillColor = u'red (named)'
50.5899 	EXP 	node1: pos = array([  20., -115.])
50.5899 	EXP 	node2: fillColor = u'yellow (named)'
50.5899 	EXP 	node2: pos = array([ 20.,   0.])
50.5899 	EXP 	node3: fillColor = u'blue (named)'
50.5899 	EXP 	node3: pos = array([ 135.,    0.])
50.5899 	EXP 	node4: fillColor = u'green (named)'
50.5899 	EXP 	node4: pos = array([ 250.,    0.])
50.5899 	EXP 	node5: fillColor = u'red (named)'
50.5899 	EXP 	node5: pos = array([ 250.,  115.])
50.5899 	EXP 	robotF: pos = array([ 250.,  230.])
50.5899 	EXP 	whitebackground: autoDraw = True
50.5899 	EXP 	robotS: autoDraw = True
50.5899 	EXP 	node1: autoDraw = True
50.5899 	EXP 	node2: autoDraw = True
50.5899 	EXP 	node3: autoDraw = True
50.5899 	EXP 	node4: autoDraw = True
50.5899 	EXP 	node5: autoDraw = True
50.5899 	EXP 	robotF: autoDraw = True
50.5899 	EXP 	select1: autoDraw = True
50.5899 	EXP 	select2: autoDraw = True
50.5899 	EXP 	select3: autoDraw = True
50.5899 	EXP 	select4: autoDraw = True
50.5899 	EXP 	selection: autoDraw = True
50.5899 	EXP 	sel: autoDraw = True
51.6103 	DATA 	Keypress: d
51.8103 	DATA 	Keypress: d
52.0103 	DATA 	Keypress: d
52.4937 	DATA 	Keypress: d
52.4966 	EXP 	New trial (rep=0, index=2): {u'n2col': u'red', u'n4col': u'blue', u'n3col': u'yellow', u'corrAns': u'c', u'r4': u'd', u'n1col': u'red', u'r1': u'a', u'r2': u'b', u'rs': u'LOC22', u'r3': u'c', u're': u'LOC10', u'n5col': u'blue', u'n1': u'LOC17', u'n2': u'LOC12', u'n3': u'LOC7', u'n4': u'LOC8', u'n5': u'LOC9'}
52.5236 	EXP 	whitebackground: autoDraw = False
52.5236 	EXP 	robotS: autoDraw = False
52.5236 	EXP 	node1: autoDraw = False
52.5236 	EXP 	node2: autoDraw = False
52.5236 	EXP 	node3: autoDraw = False
52.5236 	EXP 	node4: autoDraw = False
52.5236 	EXP 	node5: autoDraw = False
52.5236 	EXP 	robotF: autoDraw = False
52.5236 	EXP 	select1: autoDraw = False
52.5236 	EXP 	select2: autoDraw = False
52.5236 	EXP 	select3: autoDraw = False
52.5236 	EXP 	select4: autoDraw = False
52.5236 	EXP 	selection: autoDraw = False
52.5236 	EXP 	sel: autoDraw = False
52.5236 	EXP 	robotS: pos = array([ 135., -230.])
52.5236 	EXP 	node1: fillColor = u'red (named)'
52.5236 	EXP 	node1: pos = array([ 135., -115.])
52.5236 	EXP 	node2: fillColor = u'red (named)'
52.5236 	EXP 	node2: pos = array([ 135.,    0.])
52.5236 	EXP 	node3: fillColor = u'yellow (named)'
52.5236 	EXP 	node3: pos = array([ 135.,  115.])
52.5236 	EXP 	node4: fillColor = u'blue (named)'
52.5236 	EXP 	node4: pos = array([ 250.,  115.])
52.5236 	EXP 	node5: fillColor = u'blue (named)'
52.5236 	EXP 	node5: pos = array([ 365.,  115.])
52.5236 	EXP 	robotF: pos = array([ 480.,  115.])
52.5236 	EXP 	whitebackground: autoDraw = True
52.5236 	EXP 	robotS: autoDraw = True
52.5236 	EXP 	node1: autoDraw = True
52.5236 	EXP 	node2: autoDraw = True
52.5236 	EXP 	node3: autoDraw = True
52.5236 	EXP 	node4: autoDraw = True
52.5236 	EXP 	node5: autoDraw = True
52.5236 	EXP 	robotF: autoDraw = True
52.5236 	EXP 	select1: autoDraw = True
52.5236 	EXP 	select2: autoDraw = True
52.5236 	EXP 	select3: autoDraw = True
52.5236 	EXP 	select4: autoDraw = True
52.5236 	EXP 	selection: autoDraw = True
52.5236 	EXP 	sel: autoDraw = True
52.8771 	DATA 	Keypress: d
53.1940 	DATA 	Keypress: d
53.5108 	DATA 	Keypress: d
53.8770 	DATA 	Keypress: d
53.8797 	EXP 	New trial (rep=0, index=3): {u'n2col': u'yellow', u'n4col': u'yellow', u'n3col': u'green', u'corrAns': u'd', u'r4': u'd', u'n1col': u'green', u'r1': u'a', u'r2': u'b', u'rs': u'LOC16', u'r3': u'c', u're': u'LOC10', u'n5col': u'blue', u'n1': u'LOC17', u'n2': u'LOC12', u'n3': u'LOC13', u'n4': u'LOC8', u'n5': u'LOC9'}
53.9071 	EXP 	whitebackground: autoDraw = False
53.9071 	EXP 	robotS: autoDraw = False
53.9071 	EXP 	node1: autoDraw = False
53.9071 	EXP 	node2: autoDraw = False
53.9071 	EXP 	node3: autoDraw = False
53.9071 	EXP 	node4: autoDraw = False
53.9071 	EXP 	node5: autoDraw = False
53.9071 	EXP 	robotF: autoDraw = False
53.9071 	EXP 	select1: autoDraw = False
53.9071 	EXP 	select2: autoDraw = False
53.9071 	EXP 	select3: autoDraw = False
53.9071 	EXP 	select4: autoDraw = False
53.9071 	EXP 	selection: autoDraw = False
53.9071 	EXP 	sel: autoDraw = False
53.9071 	EXP 	robotS: pos = array([  20., -115.])
53.9071 	EXP 	node1: fillColor = u'green (named)'
53.9071 	EXP 	node1: pos = array([ 135., -115.])
53.9071 	EXP 	node2: fillColor = u'yellow (named)'
53.9071 	EXP 	node2: pos = array([ 135.,    0.])
53.9071 	EXP 	node3: fillColor = u'green (named)'
53.9071 	EXP 	node3: pos = array([ 250.,    0.])
53.9071 	EXP 	node4: fillColor = u'yellow (named)'
53.9071 	EXP 	node4: pos = array([ 250.,  115.])
53.9071 	EXP 	node5: fillColor = u'blue (named)'
53.9071 	EXP 	node5: pos = array([ 365.,  115.])
53.9071 	EXP 	robotF: pos = array([ 480.,  115.])
53.9071 	EXP 	whitebackground: autoDraw = True
53.9071 	EXP 	robotS: autoDraw = True
53.9071 	EXP 	node1: autoDraw = True
53.9071 	EXP 	node2: autoDraw = True
53.9071 	EXP 	node3: autoDraw = True
53.9071 	EXP 	node4: autoDraw = True
53.9071 	EXP 	node5: autoDraw = True
53.9071 	EXP 	robotF: autoDraw = True
53.9071 	EXP 	select1: autoDraw = True
53.9071 	EXP 	select2: autoDraw = True
53.9071 	EXP 	select3: autoDraw = True
53.9071 	EXP 	select4: autoDraw = True
53.9071 	EXP 	selection: autoDraw = True
53.9071 	EXP 	sel: autoDraw = True
54.3271 	DATA 	Keypress: d
54.6106 	DATA 	Keypress: d
54.9273 	DATA 	Keypress: d
55.2434 	DATA 	Keypress: d
55.2572 	EXP 	whitebackground: autoDraw = False
55.2572 	EXP 	robotS: autoDraw = False
55.2572 	EXP 	node1: autoDraw = False
55.2572 	EXP 	node2: autoDraw = False
55.2572 	EXP 	node3: autoDraw = False
55.2572 	EXP 	node4: autoDraw = False
55.2572 	EXP 	node5: autoDraw = False
55.2572 	EXP 	robotF: autoDraw = False
55.2572 	EXP 	select1: autoDraw = False
55.2572 	EXP 	select2: autoDraw = False
55.2572 	EXP 	select3: autoDraw = False
55.2572 	EXP 	select4: autoDraw = False
55.2572 	EXP 	selection: autoDraw = False
55.2572 	EXP 	sel: autoDraw = False
55.2572 	EXP 	Evaluation: autoDraw = True
55.2572 	EXP 	polygon: autoDraw = True
55.2572 	EXP 	polygon_2: autoDraw = True
55.2572 	EXP 	polygon_3: autoDraw = True
55.2572 	EXP 	polygon_4: autoDraw = True
57.2740 	EXP 	choice: autoDraw = True
59.2575 	EXP 	polygon_4: autoDraw = False
60.2577 	EXP 	Evaluation: autoDraw = False
60.2577 	EXP 	polygon: autoDraw = False
60.2577 	EXP 	polygon_2: autoDraw = False
60.2577 	EXP 	polygon_3: autoDraw = False
60.2577 	EXP 	choice: autoDraw = False
62.9283 	DATA 	Keypress: y
62.9414 	EXP 	Evaluation: autoDraw = False
62.9414 	EXP 	polygon: autoDraw = False
62.9414 	EXP 	polygon_2: autoDraw = False
62.9414 	EXP 	polygon_3: autoDraw = False
62.9414 	EXP 	polygon_4: autoDraw = False
62.9414 	EXP 	choice: autoDraw = False
62.9414 	EXP 	thankyou: autoDraw = True
63.9510 	EXP 	window1: mouseVisible = True
