7.0886 	EXP 	Created window1 = Window(allowGUI=False, allowStencil=False, autoLog=True, bitsMode=UNKNOWN, blendMode='avg', color='black', colorSpace='named', fullscr=UNKNOWN, gamma=None, lms=UNKNOWN, monitor=<psychopy.monitors.calibTools.Monitor object at 0x112b4ba10>, name='window1', pos=[0, 0], screen=0, size=array([1440,  900]), stereo=False, units='pix', useFBO=True, useRetina=False, viewOri=0.0, viewPos=None, viewScale=None, waitBlanking=True, winType='pyglet')
7.0887 	EXP 	window1: recordFrameIntervals = False
7.2545 	EXP 	window1: recordFrameIntervals = True
7.4382 	EXP 	window1: recordFrameIntervals = False
7.5926 	EXP 	Created welcome = TextStim(alignHoriz='center', alignVert='center', antialias=True, autoLog=True, bold=False, color='white', colorSpace='named', contrast=1.0, depth=0.0, flipHoriz=False, flipVert=False, font='Arial', fontFiles=[], height=100, italic=False, name='welcome', opacity=1.0, ori=0, pos=array([ 0.,  0.]), rgb=array([ 255.,  255.,  255.]), text=u'Welcome!', units='pix', win=Window(...), wrapWidth=500)
7.6300 	EXP 	Created text = TextStim(alignHoriz='center', alignVert='center', antialias=True, autoLog=True, bold=False, color='white', colorSpace='named', contrast=1.0, depth=0.0, flipHoriz=False, flipVert=False, font='Arial', fontFiles=[], height=50, italic=False, name='text', opacity=1.0, ori=0, pos=array([ 0.,  0.]), rgb=array([ 255.,  255.,  255.]), text=unicode(...), units='pix', win=Window(...), wrapWidth=500)
7.6419 	EXP 	<method-wrapper '__getattribute__' of attributeSetter object at 0x10ef65fd0>: vertices = array([[-400.,  450.],
       [ 400.,  450.],
       [ 400., -450.],
       [-400., -450.]])
7.6455 	EXP 	Created whitebackground = Rect(autoDraw=False, autoLog=True, closeShape=True, contrast=1.0, depth=-2.0, fillColor=array([ 1.,  1.,  1.]), fillColorSpace='rgb', fillRGB=array([ 1.,  1.,  1.]), interpolate=True, lineColor=array([ 1.,  1.,  1.]), lineColorSpace='rgb', lineRGB=array([ 1.,  1.,  1.]), lineWidth=0, name='whitebackground', opacity=1.0, ori=array(0.0), pos=array([-560.,    0.]), size=array([ 1.,  1.]), units='pix', vertices=ndarray(...), win=Window(...))
7.7400 	EXP 	Created robotS = ImageStim(autoLog=True, color=array([ 1.,  1.,  1.]), colorSpace='rgb', contrast=1.0, depth=-3.0, flipHoriz=False, flipVert=False, image='robot1.png', interpolate=True, mask=None, maskParams=None, name='robotS', opacity=1.0, ori=0.0, pos=array([ 0.,  0.]), size=array([ 100.,  100.]), texRes=128, units='pix', win=Window(...))
7.7477 	EXP 	Created node1 = Polygon(autoDraw=False, autoLog=True, closeShape=True, contrast=1.0, depth=-4.0, fillColor=array([ 1.,  1.,  1.]), fillColorSpace='rgb', fillRGB=array([ 1.,  1.,  1.]), interpolate=True, lineColor=array([ 1.,  1.,  1.]), lineColorSpace='rgb', lineRGB=array([ 1.,  1.,  1.]), lineWidth=0, name='node1', opacity=1.0, ori=array(0.0), pos=array([ 0.,  0.]), size=array([ 100.,  100.]), units='pix', vertices=ndarray(...), win=Window(...))
7.7551 	EXP 	Created node2 = Polygon(autoDraw=False, autoLog=True, closeShape=True, contrast=1.0, depth=-5.0, fillColor=array([ 1.,  1.,  1.]), fillColorSpace='rgb', fillRGB=array([ 1.,  1.,  1.]), interpolate=True, lineColor=array([ 1.,  1.,  1.]), lineColorSpace='rgb', lineRGB=array([ 1.,  1.,  1.]), lineWidth=0, name='node2', opacity=1.0, ori=array(0.0), pos=array([ 0.,  0.]), size=array([ 100.,  100.]), units='pix', vertices=ndarray(...), win=Window(...))
7.7652 	EXP 	Created node3 = Polygon(autoDraw=False, autoLog=True, closeShape=True, contrast=1.0, depth=-6.0, fillColor=array([ 1.,  1.,  1.]), fillColorSpace='rgb', fillRGB=array([ 1.,  1.,  1.]), interpolate=True, lineColor=array([ 1.,  1.,  1.]), lineColorSpace='rgb', lineRGB=array([ 1.,  1.,  1.]), lineWidth=0, name='node3', opacity=1.0, ori=array(0.0), pos=array([ 0.,  0.]), size=array([ 100.,  100.]), units='pix', vertices=ndarray(...), win=Window(...))
7.7718 	EXP 	Created node4 = Polygon(autoDraw=False, autoLog=True, closeShape=True, contrast=1.0, depth=-7.0, fillColor=array([ 1.,  1.,  1.]), fillColorSpace='rgb', fillRGB=array([ 1.,  1.,  1.]), interpolate=True, lineColor=array([ 1.,  1.,  1.]), lineColorSpace='rgb', lineRGB=array([ 1.,  1.,  1.]), lineWidth=0, name='node4', opacity=1.0, ori=array(0.0), pos=array([ 0.,  0.]), size=array([ 100.,  100.]), units='pix', vertices=ndarray(...), win=Window(...))
7.7778 	EXP 	Created node5 = Polygon(autoDraw=False, autoLog=True, closeShape=True, contrast=1.0, depth=-8.0, fillColor=array([ 1.,  1.,  1.]), fillColorSpace='rgb', fillRGB=array([ 1.,  1.,  1.]), interpolate=True, lineColor=array([ 1.,  1.,  1.]), lineColorSpace='rgb', lineRGB=array([ 1.,  1.,  1.]), lineWidth=0, name='node5', opacity=1.0, ori=array(0.0), pos=array([ 0.,  0.]), size=array([ 100.,  100.]), units='pix', vertices=ndarray(...), win=Window(...))
7.7906 	EXP 	Created robotF = ImageStim(autoLog=True, color=array([ 1.,  1.,  1.]), colorSpace='rgb', contrast=1.0, depth=-9.0, flipHoriz=False, flipVert=False, image='robot1.png', interpolate=True, mask=None, maskParams=None, name='robotF', opacity=1.0, ori=0.0, pos=array([ 0.,  0.]), size=array([ 100.,  100.]), texRes=128, units='pix', win=Window(...))
7.7965 	EXP 	Created select1 = Polygon(autoDraw=False, autoLog=True, closeShape=True, contrast=1.0, depth=-10.0, fillColor='red', fillColorSpace='named', fillRGB=array([ 255.,    0.,    0.]), interpolate=True, lineColor=array([ 1.,  1.,  1.]), lineColorSpace='rgb', lineRGB=array([ 1.,  1.,  1.]), lineWidth=0, name='select1', opacity=1.0, ori=array(0.0), pos=array([-630.,    0.]), size=array([ 100.,  100.]), units='pix', vertices=ndarray(...), win=Window(...))
7.8037 	EXP 	Created select2 = Polygon(autoDraw=False, autoLog=True, closeShape=True, contrast=1.0, depth=-11.0, fillColor='blue', fillColorSpace='named', fillRGB=array([   0.,    0.,  255.]), interpolate=True, lineColor=array([ 1.,  1.,  1.]), lineColorSpace='rgb', lineRGB=array([ 1.,  1.,  1.]), lineWidth=0, name='select2', opacity=1.0, ori=array(0.0), pos=array([-630., -120.]), size=array([ 100.,  100.]), units='pix', vertices=ndarray(...), win=Window(...))
7.8130 	EXP 	Created select3 = Polygon(autoDraw=False, autoLog=True, closeShape=True, contrast=1.0, depth=-12.0, fillColor='yellow', fillColorSpace='named', fillRGB=array([ 255.,  255.,    0.]), interpolate=True, lineColor=array([ 1.,  1.,  1.]), lineColorSpace='rgb', lineRGB=array([ 1.,  1.,  1.]), lineWidth=0, name='select3', opacity=1.0, ori=array(0.0), pos=array([-630., -240.]), size=array([ 100.,  100.]), units='pix', vertices=ndarray(...), win=Window(...))
7.8194 	EXP 	Created select4 = Polygon(autoDraw=False, autoLog=True, closeShape=True, contrast=1.0, depth=-13.0, fillColor='green', fillColorSpace='named', fillRGB=array([   0.,  128.,    0.]), interpolate=True, lineColor=array([ 1.,  1.,  1.]), lineColorSpace='rgb', lineRGB=array([ 1.,  1.,  1.]), lineWidth=0, name='select4', opacity=1.0, ori=array(0.0), pos=array([-630., -360.]), size=array([ 100.,  100.]), units='pix', vertices=ndarray(...), win=Window(...))
7.8333 	EXP 	Created selection = ImageStim(autoLog=True, color=array([ 1.,  1.,  1.]), colorSpace='rgb', contrast=1.0, depth=-14.0, flipHoriz=False, flipVert=False, image='lettera.png', interpolate=True, mask=None, maskParams=None, name='selection', opacity=1.0, ori=0.0, pos=array([ 0.,  0.]), size=array([ 400.,  200.]), texRes=128, units='pix', win=Window(...))
7.8634 	EXP 	Created master = ImageStim(autoLog=True, color=array([ 1.,  1.,  1.]), colorSpace='rgb', contrast=1.0, depth=-15.0, flipHoriz=False, flipVert=False, image='mastershapes.png', interpolate=True, mask=None, maskParams=None, name='master', opacity=1.0, ori=0.0, pos=array([-510.,   90.]), size=array([ 500.,  400.]), texRes=128, units='pix', win=Window(...))
7.8929 	EXP 	Created sel = TextStim(alignHoriz='center', alignVert='center', antialias=True, autoLog=True, bold=False, color='black', colorSpace='named', contrast=1.0, depth=-16.0, flipHoriz=False, flipVert=False, font='Arial', fontFiles=[], height=30, italic=False, name='sel', opacity=1.0, ori=0, pos=array([-450.,  300.]), rgb=array([ 0.,  0.,  0.]), text=unicode(...), units='pix', win=Window(...), wrapWidth=500)
7.9007 	EXP 	Created Evaluation = TextStim(alignHoriz='center', alignVert='center', antialias=True, autoLog=True, bold=False, color='white', colorSpace='named', contrast=1.0, depth=-1.0, flipHoriz=False, flipVert=False, font='Arial', fontFiles=[], height=30, italic=False, name='Evaluation', opacity=1.0, ori=0, pos=array([   0.,  300.]), rgb=array([ 255.,  255.,  255.]), text=u'Is this pathway correct? \n', units='pix', win=Window(...), wrapWidth=500)
7.9064 	EXP 	Created polygon = Polygon(autoDraw=False, autoLog=True, closeShape=True, contrast=1.0, depth=-2.0, fillColor='red', fillColorSpace='named', fillRGB=array([ 255.,    0.,    0.]), interpolate=True, lineColor='red', lineColorSpace='named', lineRGB=array([ 255.,    0.,    0.]), lineWidth=1, name='polygon', opacity=1.0, ori=array(0.0), pos=array([ 250.,    0.]), size=array([ 100.,  100.]), units='pix', vertices=ndarray(...), win=Window(...))
7.9115 	EXP 	Created polygon_2 = Polygon(autoDraw=False, autoLog=True, closeShape=True, contrast=1.0, depth=-3.0, fillColor='green', fillColorSpace='named', fillRGB=array([   0.,  128.,    0.]), interpolate=True, lineColor='green', lineColorSpace='named', lineRGB=array([   0.,  128.,    0.]), lineWidth=1, name='polygon_2', opacity=1.0, ori=array(0.0), pos=array([ 365., -115.]), size=array([ 100.,  100.]), units='pix', vertices=ndarray(...), win=Window(...))
7.9166 	EXP 	Created polygon_3 = Polygon(autoDraw=False, autoLog=True, closeShape=True, contrast=1.0, depth=-4.0, fillColor='blue', fillColorSpace='named', fillRGB=array([   0.,    0.,  255.]), interpolate=True, lineColor='blue', lineColorSpace='named', lineRGB=array([   0.,    0.,  255.]), lineWidth=1, name='polygon_3', opacity=1.0, ori=array(0.0), pos=array([ 135., -115.]), size=array([ 100.,  100.]), units='pix', vertices=ndarray(...), win=Window(...))
7.9228 	EXP 	Created polygon_4 = Polygon(autoDraw=False, autoLog=True, closeShape=True, contrast=1.0, depth=-5.0, fillColor='blue', fillColorSpace='named', fillRGB=array([   0.,    0.,  255.]), interpolate=True, lineColor='blue', lineColorSpace='named', lineRGB=array([   0.,    0.,  255.]), lineWidth=1, name='polygon_4', opacity=1.0, ori=array(0.0), pos=array([ 250., -115.]), size=array([ 100.,  100.]), units='pix', vertices=ndarray(...), win=Window(...))
7.9440 	EXP 	Created choice = TextStim(alignHoriz='center', alignVert='center', antialias=True, autoLog=True, bold=False, color='white', colorSpace='named', contrast=1.0, depth=-6.0, flipHoriz=False, flipVert=False, font='Arial', fontFiles=[], height=50, italic=False, name='choice', opacity=1.0, ori=0, pos=array([   0., -300.]), rgb=array([ 255.,  255.,  255.]), text=u"Press 'y' for Yes  \nPress 'n' for No", units='pix', win=Window(...), wrapWidth=500)
7.9579 	EXP 	Created thankyou = TextStim(alignHoriz='center', alignVert='center', antialias=True, autoLog=True, bold=False, color='white', colorSpace='named', contrast=1.0, depth=0.0, flipHoriz=False, flipVert=False, font='Arial', fontFiles=[], height=50, italic=False, name='thankyou', opacity=1.0, ori=0, pos=array([ 0.,  0.]), rgb=array([ 255.,  255.,  255.]), text=unicode(...), units='pix', win=Window(...), wrapWidth=500)
7.9711 	EXP 	welcome: autoDraw = True
9.9713 	EXP 	welcome: autoDraw = False
9.9713 	EXP 	welcome: autoDraw = False
9.9713 	EXP 	text: autoDraw = True
13.0149 	DATA 	Keypress: space
13.0228 	EXP 	Imported designs.xlsx as conditions, 3 conditions, 16 params
13.0233 	EXP 	Created sequence: random, trialTypes=3, nReps=1, seed=None
13.0239 	EXP 	New trial (rep=0, index=0): {u'n2col': u'green', u'n4col': u'yellow', u'n3col': u'blue', u'r4': u'd', u'n1col': u'green', u'r1': u'a', u'r2': u'b', u'rs': u'LOC16', u'r3': u'c', u're': u'LOC10', u'n5col': u'blue', u'n1': u'LOC17', u'n2': u'LOC12', u'n3': u'LOC13', u'n4': u'LOC8', u'n5': u'LOC9'}
13.0549 	EXP 	text: autoDraw = False
13.0549 	EXP 	robotS: pos = array([  20., -115.])
13.0549 	EXP 	node1: fillColor = u'green (named)'
13.0549 	EXP 	node1: pos = array([ 135., -115.])
13.0549 	EXP 	node2: fillColor = u'green (named)'
13.0549 	EXP 	node2: pos = array([ 135.,    0.])
13.0549 	EXP 	node3: fillColor = u'blue (named)'
13.0549 	EXP 	node3: pos = array([ 250.,    0.])
13.0549 	EXP 	node4: fillColor = u'yellow (named)'
13.0549 	EXP 	node4: pos = array([ 250.,  115.])
13.0549 	EXP 	node5: fillColor = u'blue (named)'
13.0549 	EXP 	node5: pos = array([ 365.,  115.])
13.0549 	EXP 	robotF: pos = array([ 480.,  115.])
13.0549 	EXP 	whitebackground: autoDraw = True
13.0549 	EXP 	robotS: autoDraw = True
13.0549 	EXP 	node1: autoDraw = True
13.0549 	EXP 	node2: autoDraw = True
13.0549 	EXP 	node3: autoDraw = True
13.0549 	EXP 	node4: autoDraw = True
13.0549 	EXP 	node5: autoDraw = True
13.0549 	EXP 	robotF: autoDraw = True
13.0549 	EXP 	select1: autoDraw = True
13.0549 	EXP 	select2: autoDraw = True
13.0549 	EXP 	select3: autoDraw = True
13.0549 	EXP 	select4: autoDraw = True
13.0549 	EXP 	selection: autoDraw = True
13.0549 	EXP 	master: autoDraw = True
13.0549 	EXP 	sel: autoDraw = True
17.3923 	DATA 	Keypress: a
18.1089 	DATA 	Keypress: a
18.3291 	DATA 	Keypress: a
18.7256 	DATA 	Keypress: a
18.7290 	EXP 	New trial (rep=0, index=1): {u'n2col': u'red', u'n4col': u'blue', u'n3col': u'red', u'r4': u'd', u'n1col': u'red', u'r1': u'a', u'r2': u'b', u'rs': u'LOC11', u'r3': u'c', u're': u'LOC5', u'n5col': u'blue', u'n1': u'LOC6', u'n2': u'LOC1', u'n3': u'LOC2', u'n4': u'LOC3', u'n5': u'LOC4'}
18.7556 	EXP 	whitebackground: autoDraw = False
18.7556 	EXP 	robotS: autoDraw = False
18.7556 	EXP 	node1: autoDraw = False
18.7556 	EXP 	node2: autoDraw = False
18.7556 	EXP 	node3: autoDraw = False
18.7556 	EXP 	node4: autoDraw = False
18.7556 	EXP 	node5: autoDraw = False
18.7556 	EXP 	robotF: autoDraw = False
18.7556 	EXP 	select1: autoDraw = False
18.7556 	EXP 	select2: autoDraw = False
18.7556 	EXP 	select3: autoDraw = False
18.7556 	EXP 	select4: autoDraw = False
18.7556 	EXP 	selection: autoDraw = False
18.7556 	EXP 	master: autoDraw = False
18.7556 	EXP 	sel: autoDraw = False
18.7556 	EXP 	robotS: pos = array([ 20.,   0.])
18.7556 	EXP 	node1: fillColor = u'red (named)'
18.7556 	EXP 	node1: pos = array([  20.,  115.])
18.7556 	EXP 	node2: fillColor = u'red (named)'
18.7556 	EXP 	node2: pos = array([  20.,  230.])
18.7556 	EXP 	node3: fillColor = u'red (named)'
18.7556 	EXP 	node3: pos = array([ 135.,  230.])
18.7556 	EXP 	node4: fillColor = u'blue (named)'
18.7556 	EXP 	node4: pos = array([ 250.,  230.])
18.7556 	EXP 	node5: fillColor = u'blue (named)'
18.7556 	EXP 	node5: pos = array([ 365.,  230.])
18.7556 	EXP 	robotF: pos = array([ 480.,  230.])
18.7556 	EXP 	whitebackground: autoDraw = True
18.7556 	EXP 	robotS: autoDraw = True
18.7556 	EXP 	node1: autoDraw = True
18.7556 	EXP 	node2: autoDraw = True
18.7556 	EXP 	node3: autoDraw = True
18.7556 	EXP 	node4: autoDraw = True
18.7556 	EXP 	node5: autoDraw = True
18.7556 	EXP 	robotF: autoDraw = True
18.7556 	EXP 	select1: autoDraw = True
18.7556 	EXP 	select2: autoDraw = True
18.7556 	EXP 	select3: autoDraw = True
18.7556 	EXP 	select4: autoDraw = True
18.7556 	EXP 	selection: autoDraw = True
18.7556 	EXP 	master: autoDraw = True
18.7556 	EXP 	sel: autoDraw = True
20.0598 	DATA 	Keypress: a
20.3091 	DATA 	Keypress: a
20.7795 	DATA 	Keypress: a
21.1427 	DATA 	Keypress: a
21.1455 	EXP 	New trial (rep=0, index=2): {u'n2col': u'blue', u'n4col': u'yellow', u'n3col': u'blue', u'r4': u'd', u'n1col': u'red', u'r1': u'a', u'r2': u'b', u'rs': u'LOC5', u'r3': u'c', u're': u'LOC17', u'n5col': u'yellow', u'n1': u'LOC10', u'n2': u'LOC15', u'n3': u'LOC14', u'n4': u'LOC13', u'n5': u'LOC12'}
21.1725 	EXP 	whitebackground: autoDraw = False
21.1725 	EXP 	robotS: autoDraw = False
21.1725 	EXP 	node1: autoDraw = False
21.1725 	EXP 	node2: autoDraw = False
21.1725 	EXP 	node3: autoDraw = False
21.1725 	EXP 	node4: autoDraw = False
21.1725 	EXP 	node5: autoDraw = False
21.1725 	EXP 	robotF: autoDraw = False
21.1725 	EXP 	select1: autoDraw = False
21.1725 	EXP 	select2: autoDraw = False
21.1725 	EXP 	select3: autoDraw = False
21.1725 	EXP 	select4: autoDraw = False
21.1725 	EXP 	selection: autoDraw = False
21.1725 	EXP 	master: autoDraw = False
21.1725 	EXP 	sel: autoDraw = False
21.1725 	EXP 	robotS: pos = array([ 480.,  230.])
21.1725 	EXP 	node1: fillColor = u'red (named)'
21.1725 	EXP 	node1: pos = array([ 480.,  115.])
21.1725 	EXP 	node2: fillColor = u'blue (named)'
21.1725 	EXP 	node2: pos = array([ 480.,    0.])
21.1725 	EXP 	node3: fillColor = u'blue (named)'
21.1725 	EXP 	node3: pos = array([ 365.,    0.])
21.1725 	EXP 	node4: fillColor = u'yellow (named)'
21.1725 	EXP 	node4: pos = array([ 250.,    0.])
21.1725 	EXP 	node5: fillColor = u'yellow (named)'
21.1725 	EXP 	node5: pos = array([ 135.,    0.])
21.1725 	EXP 	robotF: pos = array([ 135., -115.])
21.1725 	EXP 	whitebackground: autoDraw = True
21.1725 	EXP 	robotS: autoDraw = True
21.1725 	EXP 	node1: autoDraw = True
21.1725 	EXP 	node2: autoDraw = True
21.1725 	EXP 	node3: autoDraw = True
21.1725 	EXP 	node4: autoDraw = True
21.1725 	EXP 	node5: autoDraw = True
21.1725 	EXP 	robotF: autoDraw = True
21.1725 	EXP 	select1: autoDraw = True
21.1725 	EXP 	select2: autoDraw = True
21.1725 	EXP 	select3: autoDraw = True
21.1725 	EXP 	select4: autoDraw = True
21.1725 	EXP 	selection: autoDraw = True
21.1725 	EXP 	master: autoDraw = True
21.1725 	EXP 	sel: autoDraw = True
22.5269 	DATA 	Keypress: a
22.7921 	DATA 	Keypress: a
23.1262 	DATA 	Keypress: a
23.5746 	DATA 	Keypress: a
23.5889 	EXP 	whitebackground: autoDraw = False
23.5889 	EXP 	robotS: autoDraw = False
23.5889 	EXP 	node1: autoDraw = False
23.5889 	EXP 	node2: autoDraw = False
23.5889 	EXP 	node3: autoDraw = False
23.5889 	EXP 	node4: autoDraw = False
23.5889 	EXP 	node5: autoDraw = False
23.5889 	EXP 	robotF: autoDraw = False
23.5889 	EXP 	select1: autoDraw = False
23.5889 	EXP 	select2: autoDraw = False
23.5889 	EXP 	select3: autoDraw = False
23.5889 	EXP 	select4: autoDraw = False
23.5889 	EXP 	selection: autoDraw = False
23.5889 	EXP 	master: autoDraw = False
23.5889 	EXP 	sel: autoDraw = False
23.5889 	EXP 	Evaluation: autoDraw = True
23.5889 	EXP 	polygon: autoDraw = True
23.5889 	EXP 	polygon_2: autoDraw = True
23.5889 	EXP 	polygon_3: autoDraw = True
23.5889 	EXP 	polygon_4: autoDraw = True
24.8928 	DATA 	Keypress: escape
