6.2046 	EXP 	Created window1 = Window(allowGUI=False, allowStencil=False, autoLog=True, bitsMode=UNKNOWN, blendMode='avg', color='black', colorSpace='named', fullscr=UNKNOWN, gamma=None, lms=UNKNOWN, monitor=<psychopy.monitors.calibTools.Monitor object at 0x112a8fa10>, name='window1', pos=[0, 0], screen=0, size=array([1440,  900]), stereo=False, units='pix', useFBO=True, useRetina=False, viewOri=0.0, viewPos=None, viewScale=None, waitBlanking=True, winType='pyglet')
6.2047 	EXP 	window1: recordFrameIntervals = False
6.3703 	EXP 	window1: recordFrameIntervals = True
6.5539 	EXP 	window1: recordFrameIntervals = False
6.7116 	EXP 	Created welcome = TextStim(alignHoriz='center', alignVert='center', antialias=True, autoLog=True, bold=False, color='white', colorSpace='named', contrast=1.0, depth=0.0, flipHoriz=False, flipVert=False, font='Arial', fontFiles=[], height=100, italic=False, name='welcome', opacity=1.0, ori=0, pos=array([ 0.,  0.]), rgb=array([ 255.,  255.,  255.]), text=u'Welcome!', units='pix', win=Window(...), wrapWidth=500)
6.7493 	EXP 	Created text = TextStim(alignHoriz='center', alignVert='center', antialias=True, autoLog=True, bold=False, color='white', colorSpace='named', contrast=1.0, depth=0.0, flipHoriz=False, flipVert=False, font='Arial', fontFiles=[], height=50, italic=False, name='text', opacity=1.0, ori=0, pos=array([ 0.,  0.]), rgb=array([ 255.,  255.,  255.]), text=unicode(...), units='pix', win=Window(...), wrapWidth=500)
6.7611 	EXP 	<method-wrapper '__getattribute__' of attributeSetter object at 0x10ef89fd0>: vertices = array([[-400.,  450.],
       [ 400.,  450.],
       [ 400., -450.],
       [-400., -450.]])
6.7654 	EXP 	Created whitebackground = Rect(autoDraw=False, autoLog=True, closeShape=True, contrast=1.0, depth=-2.0, fillColor=array([ 1.,  1.,  1.]), fillColorSpace='rgb', fillRGB=array([ 1.,  1.,  1.]), interpolate=True, lineColor=array([ 1.,  1.,  1.]), lineColorSpace='rgb', lineRGB=array([ 1.,  1.,  1.]), lineWidth=0, name='whitebackground', opacity=1.0, ori=array(0.0), pos=array([-560.,    0.]), size=array([ 1.,  1.]), units='pix', vertices=ndarray(...), win=Window(...))
6.8629 	EXP 	Created robotS = ImageStim(autoLog=True, color=array([ 1.,  1.,  1.]), colorSpace='rgb', contrast=1.0, depth=-3.0, flipHoriz=False, flipVert=False, image='robot1.png', interpolate=True, mask=None, maskParams=None, name='robotS', opacity=1.0, ori=0.0, pos=array([ 0.,  0.]), size=array([ 100.,  100.]), texRes=128, units='pix', win=Window(...))
6.8734 	EXP 	Created node1 = Polygon(autoDraw=False, autoLog=True, closeShape=True, contrast=1.0, depth=-4.0, fillColor=array([ 1.,  1.,  1.]), fillColorSpace='rgb', fillRGB=array([ 1.,  1.,  1.]), interpolate=True, lineColor=array([ 1.,  1.,  1.]), lineColorSpace='rgb', lineRGB=array([ 1.,  1.,  1.]), lineWidth=0, name='node1', opacity=1.0, ori=array(0.0), pos=array([ 0.,  0.]), size=array([ 100.,  100.]), units='pix', vertices=ndarray(...), win=Window(...))
6.8844 	EXP 	Created node2 = Polygon(autoDraw=False, autoLog=True, closeShape=True, contrast=1.0, depth=-5.0, fillColor=array([ 1.,  1.,  1.]), fillColorSpace='rgb', fillRGB=array([ 1.,  1.,  1.]), interpolate=True, lineColor=array([ 1.,  1.,  1.]), lineColorSpace='rgb', lineRGB=array([ 1.,  1.,  1.]), lineWidth=0, name='node2', opacity=1.0, ori=array(0.0), pos=array([ 0.,  0.]), size=array([ 100.,  100.]), units='pix', vertices=ndarray(...), win=Window(...))
6.8908 	EXP 	Created node3 = Polygon(autoDraw=False, autoLog=True, closeShape=True, contrast=1.0, depth=-6.0, fillColor=array([ 1.,  1.,  1.]), fillColorSpace='rgb', fillRGB=array([ 1.,  1.,  1.]), interpolate=True, lineColor=array([ 1.,  1.,  1.]), lineColorSpace='rgb', lineRGB=array([ 1.,  1.,  1.]), lineWidth=0, name='node3', opacity=1.0, ori=array(0.0), pos=array([ 0.,  0.]), size=array([ 100.,  100.]), units='pix', vertices=ndarray(...), win=Window(...))
6.8967 	EXP 	Created node4 = Polygon(autoDraw=False, autoLog=True, closeShape=True, contrast=1.0, depth=-7.0, fillColor=array([ 1.,  1.,  1.]), fillColorSpace='rgb', fillRGB=array([ 1.,  1.,  1.]), interpolate=True, lineColor=array([ 1.,  1.,  1.]), lineColorSpace='rgb', lineRGB=array([ 1.,  1.,  1.]), lineWidth=0, name='node4', opacity=1.0, ori=array(0.0), pos=array([ 0.,  0.]), size=array([ 100.,  100.]), units='pix', vertices=ndarray(...), win=Window(...))
6.9026 	EXP 	Created node5 = Polygon(autoDraw=False, autoLog=True, closeShape=True, contrast=1.0, depth=-8.0, fillColor=array([ 1.,  1.,  1.]), fillColorSpace='rgb', fillRGB=array([ 1.,  1.,  1.]), interpolate=True, lineColor=array([ 1.,  1.,  1.]), lineColorSpace='rgb', lineRGB=array([ 1.,  1.,  1.]), lineWidth=0, name='node5', opacity=1.0, ori=array(0.0), pos=array([ 0.,  0.]), size=array([ 100.,  100.]), units='pix', vertices=ndarray(...), win=Window(...))
6.9149 	EXP 	Created robotF = ImageStim(autoLog=True, color=array([ 1.,  1.,  1.]), colorSpace='rgb', contrast=1.0, depth=-9.0, flipHoriz=False, flipVert=False, image='robot1.png', interpolate=True, mask=None, maskParams=None, name='robotF', opacity=1.0, ori=0.0, pos=array([ 0.,  0.]), size=array([ 100.,  100.]), texRes=128, units='pix', win=Window(...))
6.9205 	EXP 	Created select1 = Polygon(autoDraw=False, autoLog=True, closeShape=True, contrast=1.0, depth=-10.0, fillColor='red', fillColorSpace='named', fillRGB=array([ 255.,    0.,    0.]), interpolate=True, lineColor=array([ 1.,  1.,  1.]), lineColorSpace='rgb', lineRGB=array([ 1.,  1.,  1.]), lineWidth=0, name='select1', opacity=1.0, ori=array(0.0), pos=array([-630.,    0.]), size=array([ 100.,  100.]), units='pix', vertices=ndarray(...), win=Window(...))
6.9259 	EXP 	Created select2 = Polygon(autoDraw=False, autoLog=True, closeShape=True, contrast=1.0, depth=-11.0, fillColor='blue', fillColorSpace='named', fillRGB=array([   0.,    0.,  255.]), interpolate=True, lineColor=array([ 1.,  1.,  1.]), lineColorSpace='rgb', lineRGB=array([ 1.,  1.,  1.]), lineWidth=0, name='select2', opacity=1.0, ori=array(0.0), pos=array([-630., -120.]), size=array([ 100.,  100.]), units='pix', vertices=ndarray(...), win=Window(...))
6.9324 	EXP 	Created select3 = Polygon(autoDraw=False, autoLog=True, closeShape=True, contrast=1.0, depth=-12.0, fillColor='yellow', fillColorSpace='named', fillRGB=array([ 255.,  255.,    0.]), interpolate=True, lineColor=array([ 1.,  1.,  1.]), lineColorSpace='rgb', lineRGB=array([ 1.,  1.,  1.]), lineWidth=0, name='select3', opacity=1.0, ori=array(0.0), pos=array([-630., -240.]), size=array([ 100.,  100.]), units='pix', vertices=ndarray(...), win=Window(...))
6.9408 	EXP 	Created select4 = Polygon(autoDraw=False, autoLog=True, closeShape=True, contrast=1.0, depth=-13.0, fillColor='green', fillColorSpace='named', fillRGB=array([   0.,  128.,    0.]), interpolate=True, lineColor=array([ 1.,  1.,  1.]), lineColorSpace='rgb', lineRGB=array([ 1.,  1.,  1.]), lineWidth=0, name='select4', opacity=1.0, ori=array(0.0), pos=array([-630., -360.]), size=array([ 100.,  100.]), units='pix', vertices=ndarray(...), win=Window(...))
6.9558 	EXP 	Created selection = ImageStim(autoLog=True, color=array([ 1.,  1.,  1.]), colorSpace='rgb', contrast=1.0, depth=-14.0, flipHoriz=False, flipVert=False, image='lettera.png', interpolate=True, mask=None, maskParams=None, name='selection', opacity=1.0, ori=0.0, pos=array([ 0.,  0.]), size=array([ 400.,  200.]), texRes=128, units='pix', win=Window(...))
6.9825 	EXP 	Created master = ImageStim(autoLog=True, color=array([ 1.,  1.,  1.]), colorSpace='rgb', contrast=1.0, depth=-15.0, flipHoriz=False, flipVert=False, image='mastershapes.png', interpolate=True, mask=None, maskParams=None, name='master', opacity=1.0, ori=0.0, pos=array([-510.,   90.]), size=array([ 500.,  400.]), texRes=128, units='pix', win=Window(...))
7.0088 	EXP 	Created sel = TextStim(alignHoriz='center', alignVert='center', antialias=True, autoLog=True, bold=False, color='black', colorSpace='named', contrast=1.0, depth=-16.0, flipHoriz=False, flipVert=False, font='Arial', fontFiles=[], height=30, italic=False, name='sel', opacity=1.0, ori=0, pos=array([-450.,  300.]), rgb=array([ 0.,  0.,  0.]), text=unicode(...), units='pix', win=Window(...), wrapWidth=500)
7.0165 	EXP 	Created Evaluation = TextStim(alignHoriz='center', alignVert='center', antialias=True, autoLog=True, bold=False, color='white', colorSpace='named', contrast=1.0, depth=-1.0, flipHoriz=False, flipVert=False, font='Arial', fontFiles=[], height=30, italic=False, name='Evaluation', opacity=1.0, ori=0, pos=array([   0.,  300.]), rgb=array([ 255.,  255.,  255.]), text=u'Is this pathway correct? \n', units='pix', win=Window(...), wrapWidth=500)
7.0220 	EXP 	Created polygon = Polygon(autoDraw=False, autoLog=True, closeShape=True, contrast=1.0, depth=-2.0, fillColor='red', fillColorSpace='named', fillRGB=array([ 255.,    0.,    0.]), interpolate=True, lineColor='red', lineColorSpace='named', lineRGB=array([ 255.,    0.,    0.]), lineWidth=1, name='polygon', opacity=1.0, ori=array(0.0), pos=array([ 250.,    0.]), size=array([ 100.,  100.]), units='pix', vertices=ndarray(...), win=Window(...))
7.0271 	EXP 	Created polygon_2 = Polygon(autoDraw=False, autoLog=True, closeShape=True, contrast=1.0, depth=-3.0, fillColor='green', fillColorSpace='named', fillRGB=array([   0.,  128.,    0.]), interpolate=True, lineColor='green', lineColorSpace='named', lineRGB=array([   0.,  128.,    0.]), lineWidth=1, name='polygon_2', opacity=1.0, ori=array(0.0), pos=array([ 365., -115.]), size=array([ 100.,  100.]), units='pix', vertices=ndarray(...), win=Window(...))
7.0359 	EXP 	Created polygon_3 = Polygon(autoDraw=False, autoLog=True, closeShape=True, contrast=1.0, depth=-4.0, fillColor='blue', fillColorSpace='named', fillRGB=array([   0.,    0.,  255.]), interpolate=True, lineColor='blue', lineColorSpace='named', lineRGB=array([   0.,    0.,  255.]), lineWidth=1, name='polygon_3', opacity=1.0, ori=array(0.0), pos=array([ 135., -115.]), size=array([ 100.,  100.]), units='pix', vertices=ndarray(...), win=Window(...))
7.0414 	EXP 	Created polygon_4 = Polygon(autoDraw=False, autoLog=True, closeShape=True, contrast=1.0, depth=-5.0, fillColor='blue', fillColorSpace='named', fillRGB=array([   0.,    0.,  255.]), interpolate=True, lineColor='blue', lineColorSpace='named', lineRGB=array([   0.,    0.,  255.]), lineWidth=1, name='polygon_4', opacity=1.0, ori=array(0.0), pos=array([ 250., -115.]), size=array([ 100.,  100.]), units='pix', vertices=ndarray(...), win=Window(...))
7.0656 	EXP 	Created choice = TextStim(alignHoriz='center', alignVert='center', antialias=True, autoLog=True, bold=False, color='white', colorSpace='named', contrast=1.0, depth=-6.0, flipHoriz=False, flipVert=False, font='Arial', fontFiles=[], height=50, italic=False, name='choice', opacity=1.0, ori=0, pos=array([   0., -300.]), rgb=array([ 255.,  255.,  255.]), text=u"Press 'y' for Yes  \nPress 'n' for No", units='pix', win=Window(...), wrapWidth=500)
7.0811 	EXP 	Created thankyou = TextStim(alignHoriz='center', alignVert='center', antialias=True, autoLog=True, bold=False, color='white', colorSpace='named', contrast=1.0, depth=0.0, flipHoriz=False, flipVert=False, font='Arial', fontFiles=[], height=50, italic=False, name='thankyou', opacity=1.0, ori=0, pos=array([ 0.,  0.]), rgb=array([ 255.,  255.,  255.]), text=unicode(...), units='pix', win=Window(...), wrapWidth=500)
7.1036 	EXP 	welcome: autoDraw = True
9.0871 	EXP 	welcome: autoDraw = False
9.0871 	EXP 	welcome: autoDraw = False
9.0871 	EXP 	text: autoDraw = True
9.8320 	DATA 	Keypress: space
9.8666 	EXP 	Imported designs.xlsx as conditions, 3 conditions, 16 params
9.8672 	EXP 	Created sequence: random, trialTypes=3, nReps=1, seed=None
9.8679 	EXP 	New trial (rep=0, index=0): {u'n2col': u'green', u'n4col': u'yellow', u'n3col': u'blue', u'r4': u'd', u'n1col': u'green', u'r1': u'a', u'r2': u'b', u'rs': u'LOC16', u'r3': u'c', u're': u'LOC10', u'n5col': u'blue', u'n1': u'LOC17', u'n2': u'LOC12', u'n3': u'LOC13', u'n4': u'LOC8', u'n5': u'LOC9'}
9.8868 	EXP 	text: autoDraw = False
9.8868 	EXP 	robotS: pos = array([  20., -115.])
9.8868 	EXP 	node1: fillColor = u'green (named)'
9.8868 	EXP 	node1: pos = array([ 135., -115.])
9.8868 	EXP 	node2: fillColor = u'green (named)'
9.8868 	EXP 	node2: pos = array([ 135.,    0.])
9.8868 	EXP 	node3: fillColor = u'blue (named)'
9.8868 	EXP 	node3: pos = array([ 250.,    0.])
9.8868 	EXP 	node4: fillColor = u'yellow (named)'
9.8868 	EXP 	node4: pos = array([ 250.,  115.])
9.8868 	EXP 	node5: fillColor = u'blue (named)'
9.8868 	EXP 	node5: pos = array([ 365.,  115.])
9.8868 	EXP 	robotF: pos = array([ 480.,  115.])
9.8868 	EXP 	whitebackground: autoDraw = True
9.8868 	EXP 	robotS: autoDraw = True
9.8868 	EXP 	node1: autoDraw = True
9.8868 	EXP 	node2: autoDraw = True
9.8868 	EXP 	node3: autoDraw = True
9.8868 	EXP 	node4: autoDraw = True
9.8868 	EXP 	node5: autoDraw = True
9.8868 	EXP 	robotF: autoDraw = True
9.8868 	EXP 	select1: autoDraw = True
9.8868 	EXP 	select2: autoDraw = True
9.8868 	EXP 	select3: autoDraw = True
9.8868 	EXP 	select4: autoDraw = True
9.8868 	EXP 	selection: autoDraw = True
9.8868 	EXP 	master: autoDraw = True
9.8868 	EXP 	sel: autoDraw = True
12.6416 	DATA 	Keypress: a
12.9076 	DATA 	Keypress: a
13.2909 	DATA 	Keypress: a
14.0576 	DATA 	Keypress: a
14.0610 	EXP 	New trial (rep=0, index=1): {u'n2col': u'blue', u'n4col': u'yellow', u'n3col': u'blue', u'r4': u'd', u'n1col': u'red', u'r1': u'a', u'r2': u'b', u'rs': u'LOC5', u'r3': u'c', u're': u'LOC17', u'n5col': u'yellow', u'n1': u'LOC10', u'n2': u'LOC15', u'n3': u'LOC14', u'n4': u'LOC13', u'n5': u'LOC12'}
14.0876 	EXP 	whitebackground: autoDraw = False
14.0876 	EXP 	robotS: autoDraw = False
14.0876 	EXP 	node1: autoDraw = False
14.0876 	EXP 	node2: autoDraw = False
14.0876 	EXP 	node3: autoDraw = False
14.0876 	EXP 	node4: autoDraw = False
14.0876 	EXP 	node5: autoDraw = False
14.0876 	EXP 	robotF: autoDraw = False
14.0876 	EXP 	select1: autoDraw = False
14.0876 	EXP 	select2: autoDraw = False
14.0876 	EXP 	select3: autoDraw = False
14.0876 	EXP 	select4: autoDraw = False
14.0876 	EXP 	selection: autoDraw = False
14.0876 	EXP 	master: autoDraw = False
14.0876 	EXP 	sel: autoDraw = False
14.0876 	EXP 	robotS: pos = array([ 480.,  230.])
14.0876 	EXP 	node1: fillColor = u'red (named)'
14.0876 	EXP 	node1: pos = array([ 480.,  115.])
14.0876 	EXP 	node2: fillColor = u'blue (named)'
14.0876 	EXP 	node2: pos = array([ 480.,    0.])
14.0876 	EXP 	node3: fillColor = u'blue (named)'
14.0876 	EXP 	node3: pos = array([ 365.,    0.])
14.0876 	EXP 	node4: fillColor = u'yellow (named)'
14.0876 	EXP 	node4: pos = array([ 250.,    0.])
14.0876 	EXP 	node5: fillColor = u'yellow (named)'
14.0876 	EXP 	node5: pos = array([ 135.,    0.])
14.0876 	EXP 	robotF: pos = array([ 135., -115.])
14.0876 	EXP 	whitebackground: autoDraw = True
14.0876 	EXP 	robotS: autoDraw = True
14.0876 	EXP 	node1: autoDraw = True
14.0876 	EXP 	node2: autoDraw = True
14.0876 	EXP 	node3: autoDraw = True
14.0876 	EXP 	node4: autoDraw = True
14.0876 	EXP 	node5: autoDraw = True
14.0876 	EXP 	robotF: autoDraw = True
14.0876 	EXP 	select1: autoDraw = True
14.0876 	EXP 	select2: autoDraw = True
14.0876 	EXP 	select3: autoDraw = True
14.0876 	EXP 	select4: autoDraw = True
14.0876 	EXP 	selection: autoDraw = True
14.0876 	EXP 	master: autoDraw = True
14.0876 	EXP 	sel: autoDraw = True
17.7247 	DATA 	Keypress: a
17.9281 	DATA 	Keypress: a
18.2914 	DATA 	Keypress: a
19.0450 	DATA 	Keypress: a
19.0573 	EXP 	New trial (rep=0, index=2): {u'n2col': u'red', u'n4col': u'blue', u'n3col': u'red', u'r4': u'd', u'n1col': u'red', u'r1': u'a', u'r2': u'b', u'rs': u'LOC11', u'r3': u'c', u're': u'LOC5', u'n5col': u'blue', u'n1': u'LOC6', u'n2': u'LOC1', u'n3': u'LOC2', u'n4': u'LOC3', u'n5': u'LOC4'}
19.0881 	EXP 	whitebackground: autoDraw = False
19.0881 	EXP 	robotS: autoDraw = False
19.0881 	EXP 	node1: autoDraw = False
19.0881 	EXP 	node2: autoDraw = False
19.0881 	EXP 	node3: autoDraw = False
19.0881 	EXP 	node4: autoDraw = False
19.0881 	EXP 	node5: autoDraw = False
19.0881 	EXP 	robotF: autoDraw = False
19.0881 	EXP 	select1: autoDraw = False
19.0881 	EXP 	select2: autoDraw = False
19.0881 	EXP 	select3: autoDraw = False
19.0881 	EXP 	select4: autoDraw = False
19.0881 	EXP 	selection: autoDraw = False
19.0881 	EXP 	master: autoDraw = False
19.0881 	EXP 	sel: autoDraw = False
19.0881 	EXP 	robotS: pos = array([ 20.,   0.])
19.0881 	EXP 	node1: fillColor = u'red (named)'
19.0881 	EXP 	node1: pos = array([  20.,  115.])
19.0881 	EXP 	node2: fillColor = u'red (named)'
19.0881 	EXP 	node2: pos = array([  20.,  230.])
19.0881 	EXP 	node3: fillColor = u'red (named)'
19.0881 	EXP 	node3: pos = array([ 135.,  230.])
19.0881 	EXP 	node4: fillColor = u'blue (named)'
19.0881 	EXP 	node4: pos = array([ 250.,  230.])
19.0881 	EXP 	node5: fillColor = u'blue (named)'
19.0881 	EXP 	node5: pos = array([ 365.,  230.])
19.0881 	EXP 	robotF: pos = array([ 480.,  230.])
19.0881 	EXP 	whitebackground: autoDraw = True
19.0881 	EXP 	robotS: autoDraw = True
19.0881 	EXP 	node1: autoDraw = True
19.0881 	EXP 	node2: autoDraw = True
19.0881 	EXP 	node3: autoDraw = True
19.0881 	EXP 	node4: autoDraw = True
19.0881 	EXP 	node5: autoDraw = True
19.0881 	EXP 	robotF: autoDraw = True
19.0881 	EXP 	select1: autoDraw = True
19.0881 	EXP 	select2: autoDraw = True
19.0881 	EXP 	select3: autoDraw = True
19.0881 	EXP 	select4: autoDraw = True
19.0881 	EXP 	selection: autoDraw = True
19.0881 	EXP 	master: autoDraw = True
19.0881 	EXP 	sel: autoDraw = True
24.3758 	DATA 	Keypress: a
24.5923 	DATA 	Keypress: a
26.6758 	DATA 	Keypress: a
27.2925 	DATA 	Keypress: a
27.3056 	EXP 	whitebackground: autoDraw = False
27.3056 	EXP 	robotS: autoDraw = False
27.3056 	EXP 	node1: autoDraw = False
27.3056 	EXP 	node2: autoDraw = False
27.3056 	EXP 	node3: autoDraw = False
27.3056 	EXP 	node4: autoDraw = False
27.3056 	EXP 	node5: autoDraw = False
27.3056 	EXP 	robotF: autoDraw = False
27.3056 	EXP 	select1: autoDraw = False
27.3056 	EXP 	select2: autoDraw = False
27.3056 	EXP 	select3: autoDraw = False
27.3056 	EXP 	select4: autoDraw = False
27.3056 	EXP 	selection: autoDraw = False
27.3056 	EXP 	master: autoDraw = False
27.3056 	EXP 	sel: autoDraw = False
27.3056 	EXP 	Evaluation: autoDraw = True
27.3056 	EXP 	polygon: autoDraw = True
27.3056 	EXP 	polygon_2: autoDraw = True
27.3056 	EXP 	polygon_3: autoDraw = True
27.3056 	EXP 	polygon_4: autoDraw = True
28.3259 	DATA 	Keypress: escape
