6.7580 	EXP 	Created window1 = Window(allowGUI=False, allowStencil=False, autoLog=True, bitsMode=UNKNOWN, blendMode='avg', color='black', colorSpace='named', fullscr=UNKNOWN, gamma=None, lms=UNKNOWN, monitor=<psychopy.monitors.calibTools.Monitor object at 0x112c7ea50>, name='window1', pos=[0, 0], screen=0, size=array([1440,  900]), stereo=False, units='pix', useFBO=True, useRetina=False, viewOri=0.0, viewPos=None, viewScale=None, waitBlanking=True, winType='pyglet')
6.7580 	EXP 	window1: recordFrameIntervals = False
6.9237 	EXP 	window1: recordFrameIntervals = True
7.1073 	EXP 	window1: recordFrameIntervals = False
7.2724 	EXP 	Created welcome = TextStim(alignHoriz='center', alignVert='center', antialias=True, autoLog=True, bold=False, color='white', colorSpace='named', contrast=1.0, depth=-1.0, flipHoriz=False, flipVert=False, font='Arial', fontFiles=[], height=100, italic=False, name='welcome', opacity=1.0, ori=0, pos=array([ 0.,  0.]), rgb=array([ 255.,  255.,  255.]), text=u'Welcome!', units='pix', win=Window(...), wrapWidth=500)
7.3114 	EXP 	Created instruct = TextStim(alignHoriz='center', alignVert='center', antialias=True, autoLog=True, bold=False, color='white', colorSpace='named', contrast=1.0, depth=-2.0, flipHoriz=False, flipVert=False, font='Arial', fontFiles=[], height=50, italic=False, name='instruct', opacity=1.0, ori=0, pos=array([ 0.,  0.]), rgb=array([ 255.,  255.,  255.]), text=unicode(...), units='pix', win=Window(...), wrapWidth=500)
7.4044 	EXP 	Created rob0 = ImageStim(autoLog=True, color=array([ 1.,  1.,  1.]), colorSpace='rgb', contrast=1.0, depth=-3.0, flipHoriz=False, flipVert=False, image='robot1.png', interpolate=True, mask=None, maskParams=None, name='rob0', opacity=1.0, ori=0.0, pos=array([-250., -100.]), size=array([ 200.,  200.]), texRes=128, units='pix', win=Window(...))
7.4173 	EXP 	Created robb = ImageStim(autoLog=True, color=array([ 1.,  1.,  1.]), colorSpace='rgb', contrast=1.0, depth=-4.0, flipHoriz=False, flipVert=False, image='robot1.png', interpolate=True, mask=None, maskParams=None, name='robb', opacity=1.0, ori=0.0, pos=array([ 250., -100.]), size=array([ 200.,  200.]), texRes=128, units='pix', win=Window(...))
7.4334 	EXP 	Created na = Polygon(autoDraw=False, autoLog=True, closeShape=True, contrast=1.0, depth=-5.0, fillColor='blue', fillColorSpace='named', fillRGB=array([   0.,    0.,  255.]), interpolate=True, lineColor='blue', lineColorSpace='named', lineRGB=array([   0.,    0.,  255.]), lineWidth=1, name='na', opacity=1.0, ori=array(0.0), pos=array([ 0.,  0.]), size=array([ 1.,  1.]), units='pix', vertices=ndarray(...), win=Window(...))
7.4385 	EXP 	Created nb = Polygon(autoDraw=False, autoLog=True, closeShape=True, contrast=1.0, depth=-6.0, fillColor='blue', fillColorSpace='named', fillRGB=array([   0.,    0.,  255.]), interpolate=True, lineColor='blue', lineColorSpace='named', lineRGB=array([   0.,    0.,  255.]), lineWidth=1, name='nb', opacity=1.0, ori=array(0.0), pos=array([ 0.,  0.]), size=array([ 1.,  1.]), units='pix', vertices=ndarray(...), win=Window(...))
7.4435 	EXP 	Created nc = Polygon(autoDraw=False, autoLog=True, closeShape=True, contrast=1.0, depth=-7.0, fillColor='blue', fillColorSpace='named', fillRGB=array([   0.,    0.,  255.]), interpolate=True, lineColor='blue', lineColorSpace='named', lineRGB=array([   0.,    0.,  255.]), lineWidth=1, name='nc', opacity=1.0, ori=array(0.0), pos=array([ 0.,  0.]), size=array([ 1.,  1.]), units='pix', vertices=ndarray(...), win=Window(...))
7.4464 	EXP 	<method-wrapper '__getattribute__' of attributeSetter object at 0x10e19c050>: vertices = array([[-55.,  20.],
       [ 55.,  20.],
       [ 55., -20.],
       [-55., -20.]])
7.4485 	EXP 	Created s1 = Rect(autoDraw=False, autoLog=True, closeShape=True, contrast=1.0, depth=-8.0, fillColor='black', fillColorSpace='named', fillRGB=array([ 0.,  0.,  0.]), interpolate=True, lineColor='black', lineColorSpace='named', lineRGB=array([ 0.,  0.,  0.]), lineWidth=1, name='s1', opacity=1.0, ori=array(0.0), pos=array([-110., -100.]), size=array([ 1.,  1.]), units='pix', vertices=ndarray(...), win=Window(...))
7.4491 	EXP 	<method-wrapper '__getattribute__' of attributeSetter object at 0x10e19c050>: vertices = array([[-55.,  20.],
       [ 55.,  20.],
       [ 55., -20.],
       [-55., -20.]])
7.4512 	EXP 	Created s2 = Rect(autoDraw=False, autoLog=True, closeShape=True, contrast=1.0, depth=-9.0, fillColor='black', fillColorSpace='named', fillRGB=array([ 0.,  0.,  0.]), interpolate=True, lineColor='black', lineColorSpace='named', lineRGB=array([ 0.,  0.,  0.]), lineWidth=1, name='s2', opacity=1.0, ori=array(0.0), pos=array([   0., -100.]), size=array([ 1.,  1.]), units='pix', vertices=ndarray(...), win=Window(...))
7.4516 	EXP 	<method-wrapper '__getattribute__' of attributeSetter object at 0x10e19c050>: vertices = array([[-55.,  20.],
       [ 55.,  20.],
       [ 55., -20.],
       [-55., -20.]])
7.4531 	EXP 	Created s3 = Rect(autoDraw=False, autoLog=True, closeShape=True, contrast=1.0, depth=-10.0, fillColor='black', fillColorSpace='named', fillRGB=array([ 0.,  0.,  0.]), interpolate=True, lineColor='black', lineColorSpace='named', lineRGB=array([ 0.,  0.,  0.]), lineWidth=1, name='s3', opacity=1.0, ori=array(0.0), pos=array([ 110., -100.]), size=array([ 1.,  1.]), units='pix', vertices=ndarray(...), win=Window(...))
7.9064 	EXP 	Created heart = ImageStim(autoLog=True, color=array([ 1.,  1.,  1.]), colorSpace='rgb', contrast=1.0, depth=-11.0, flipHoriz=False, flipVert=False, image='heart.png', interpolate=True, mask=None, maskParams=None, name='heart', opacity=1.0, ori=0.0, pos=array([   0., -100.]), size=array([ 1.,  1.]), texRes=128, units='pix', win=Window(...))
8.0061 	EXP 	Created text_2 = TextStim(alignHoriz='center', alignVert='center', antialias=True, autoLog=True, bold=False, color='white', colorSpace='named', contrast=1.0, depth=-1.0, flipHoriz=False, flipVert=False, font='Arial', fontFiles=[], height=40, italic=False, name='text_2', opacity=1.0, ori=0, pos=array([ 0.,  0.]), rgb=array([ 255.,  255.,  255.]), text=u"Let's take an example", units='pix', win=Window(...), wrapWidth=500)
8.0121 	EXP 	Created nod1 = Polygon(autoDraw=False, autoLog=True, closeShape=True, contrast=1.0, depth=-2.0, fillColor=array([ 1.,  1.,  1.]), fillColorSpace='rgb', fillRGB=array([ 1.,  1.,  1.]), interpolate=True, lineColor='red', lineColorSpace='named', lineRGB=array([ 255.,    0.,    0.]), lineWidth=1, name='nod1', opacity=1.0, ori=array(0.0), pos=array([ 0.,  0.]), size=array([ 100.,  100.]), units='pix', vertices=ndarray(...), win=Window(...))
8.0187 	EXP 	Created nod2 = Polygon(autoDraw=False, autoLog=True, closeShape=True, contrast=1.0, depth=-3.0, fillColor=array([ 1.,  1.,  1.]), fillColorSpace='rgb', fillRGB=array([ 1.,  1.,  1.]), interpolate=True, lineColor=array([ 1.,  1.,  1.]), lineColorSpace='rgb', lineRGB=array([ 1.,  1.,  1.]), lineWidth=1, name='nod2', opacity=1.0, ori=array(0.0), pos=array([ 0.,  0.]), size=array([ 100.,  100.]), units='pix', vertices=ndarray(...), win=Window(...))
8.0247 	EXP 	Created nod3 = Polygon(autoDraw=False, autoLog=True, closeShape=True, contrast=1.0, depth=-4.0, fillColor=array([ 1.,  1.,  1.]), fillColorSpace='rgb', fillRGB=array([ 1.,  1.,  1.]), interpolate=True, lineColor=array([ 1.,  1.,  1.]), lineColorSpace='rgb', lineRGB=array([ 1.,  1.,  1.]), lineWidth=1, name='nod3', opacity=1.0, ori=array(0.0), pos=array([ 135.,  115.]), size=array([ 100.,  100.]), units='pix', vertices=ndarray(...), win=Window(...))
8.0308 	EXP 	Created nod4 = Polygon(autoDraw=False, autoLog=True, closeShape=True, contrast=1.0, depth=-5.0, fillColor=array([ 1.,  1.,  1.]), fillColorSpace='rgb', fillRGB=array([ 1.,  1.,  1.]), interpolate=True, lineColor=array([ 1.,  1.,  1.]), lineColorSpace='rgb', lineRGB=array([ 1.,  1.,  1.]), lineWidth=1, name='nod4', opacity=1.0, ori=array(0.0), pos=array([ 250.,  115.]), size=array([ 100.,  100.]), units='pix', vertices=ndarray(...), win=Window(...))
8.0440 	EXP 	Created rob1 = ImageStim(autoLog=True, color=array([ 1.,  1.,  1.]), colorSpace='rgb', contrast=1.0, depth=-6.0, flipHoriz=False, flipVert=False, image='robot1.png', interpolate=True, mask=None, maskParams=None, name='rob1', opacity=1.0, ori=1.0, pos=array([  20., -115.]), size=array([ 100.,  100.]), texRes=128, units='pix', win=Window(...))
8.0475 	EXP 	Created rob2 = ImageStim(autoLog=True, color=array([ 1.,  1.,  1.]), colorSpace='rgb', contrast=1.0, depth=-7.0, flipHoriz=False, flipVert=False, image='sin', interpolate=True, mask=None, maskParams=None, name='rob2', opacity=1.0, ori=0.0, pos=array([ 365.,  115.]), size=array([ 100.,  100.]), texRes=128, units='pix', win=Window(...))
8.0480 	EXP 	<method-wrapper '__getattribute__' of attributeSetter object at 0x10e19c050>: vertices = array([[-0.5,  0.5],
       [ 0.5,  0.5],
       [ 0.5, -0.5],
       [-0.5, -0.5]])
8.0498 	EXP 	Created sh1 = Rect(autoDraw=False, autoLog=True, closeShape=True, contrast=1.0, depth=-9.0, fillColor='black', fillColorSpace='named', fillRGB=array([ 0.,  0.,  0.]), interpolate=True, lineColor='black', lineColorSpace='named', lineRGB=array([ 0.,  0.,  0.]), lineWidth=1, name='sh1', opacity=1.0, ori=array(0.0), pos=array([ 20.,   0.]), size=array([ 1.,  1.]), units='pix', vertices=ndarray(...), win=Window(...))
8.0503 	EXP 	<method-wrapper '__getattribute__' of attributeSetter object at 0x10e19c050>: vertices = array([[-30.,  20.],
       [ 30.,  20.],
       [ 30., -20.],
       [-30., -20.]])
8.0517 	EXP 	Created sh2a = Rect(autoDraw=False, autoLog=True, closeShape=True, contrast=1.0, depth=-10.0, fillColor='black', fillColorSpace='named', fillRGB=array([ 0.,  0.,  0.]), interpolate=True, lineColor='black', lineColorSpace='named', lineRGB=array([ 0.,  0.,  0.]), lineWidth=1, name='sh2a', opacity=1.0, ori=array(0.0), pos=array([  50.,  113.]), size=array([ 1.,  1.]), units='pix', vertices=ndarray(...), win=Window(...))
8.0521 	EXP 	<method-wrapper '__getattribute__' of attributeSetter object at 0x10e19c050>: vertices = array([[-20.,  40.],
       [ 20.,  40.],
       [ 20., -40.],
       [-20., -40.]])
8.0535 	EXP 	Created sh2b = Rect(autoDraw=False, autoLog=True, closeShape=True, contrast=1.0, depth=-11.0, fillColor='black', fillColorSpace='named', fillRGB=array([ 0.,  0.,  0.]), interpolate=True, lineColor='black', lineColorSpace='named', lineRGB=array([ 0.,  0.,  0.]), lineWidth=1, name='sh2b', opacity=1.0, ori=array(0.0), pos=array([ 22.,  93.]), size=array([ 1.,  1.]), units='pix', vertices=ndarray(...), win=Window(...))
8.0539 	EXP 	<method-wrapper '__getattribute__' of attributeSetter object at 0x10e19c050>: vertices = array([[-55.,  20.],
       [ 55.,  20.],
       [ 55., -20.],
       [-55., -20.]])
8.0552 	EXP 	Created sh3 = Rect(autoDraw=False, autoLog=True, closeShape=True, contrast=1.0, depth=-12.0, fillColor='black', fillColorSpace='named', fillRGB=array([ 0.,  0.,  0.]), interpolate=True, lineColor='black', lineColorSpace='named', lineRGB=array([ 0.,  0.,  0.]), lineWidth=1, name='sh3', opacity=1.0, ori=array(0.0), pos=array([ 135.,  115.]), size=array([ 1.,  1.]), units='pix', vertices=ndarray(...), win=Window(...))
8.0556 	EXP 	<method-wrapper '__getattribute__' of attributeSetter object at 0x10e19c050>: vertices = array([[-55.,  20.],
       [ 55.,  20.],
       [ 55., -20.],
       [-55., -20.]])
8.0569 	EXP 	Created sh4 = Rect(autoDraw=False, autoLog=True, closeShape=True, contrast=1.0, depth=-13.0, fillColor='black', fillColorSpace='named', fillRGB=array([ 0.,  0.,  0.]), interpolate=True, lineColor='black', lineColorSpace='named', lineRGB=array([ 0.,  0.,  0.]), lineWidth=1, name='sh4', opacity=1.0, ori=array(0.0), pos=array([ 250.,  115.]), size=array([ 1.,  1.]), units='pix', vertices=ndarray(...), win=Window(...))
8.0743 	EXP 	Created star = TextStim(alignHoriz='center', alignVert='center', antialias=True, autoLog=True, bold=False, color='white', colorSpace='named', contrast=1.0, depth=0.0, flipHoriz=False, flipVert=False, font='Arial', fontFiles=[], height=50, italic=False, name='star', opacity=1.0, ori=0, pos=array([ 0.,  0.]), rgb=array([ 255.,  255.,  255.]), text=unicode(...), units='pix', win=Window(...), wrapWidth=500)
8.0747 	EXP 	<method-wrapper '__getattribute__' of attributeSetter object at 0x10e19c050>: vertices = array([[-400.,  450.],
       [ 400.,  450.],
       [ 400., -450.],
       [-400., -450.]])
8.0770 	EXP 	Created whitebackground = Rect(autoDraw=False, autoLog=True, closeShape=True, contrast=1.0, depth=-2.0, fillColor=array([ 1.,  1.,  1.]), fillColorSpace='rgb', fillRGB=array([ 1.,  1.,  1.]), interpolate=True, lineColor=array([ 1.,  1.,  1.]), lineColorSpace='rgb', lineRGB=array([ 1.,  1.,  1.]), lineWidth=0, name='whitebackground', opacity=1.0, ori=array(0.0), pos=array([-560.,    0.]), size=array([ 1.,  1.]), units='pix', vertices=ndarray(...), win=Window(...))
8.0934 	EXP 	Created robotS = ImageStim(autoLog=True, color=array([ 1.,  1.,  1.]), colorSpace='rgb', contrast=1.0, depth=-3.0, flipHoriz=False, flipVert=False, image='robot1.png', interpolate=True, mask=None, maskParams=None, name='robotS', opacity=1.0, ori=0.0, pos=array([ 0.,  0.]), size=array([ 100.,  100.]), texRes=128, units='pix', win=Window(...))
8.1006 	EXP 	Created node1 = Polygon(autoDraw=False, autoLog=True, closeShape=True, contrast=1.0, depth=-4.0, fillColor=array([ 1.,  1.,  1.]), fillColorSpace='rgb', fillRGB=array([ 1.,  1.,  1.]), interpolate=True, lineColor=array([ 1.,  1.,  1.]), lineColorSpace='rgb', lineRGB=array([ 1.,  1.,  1.]), lineWidth=0, name='node1', opacity=1.0, ori=array(0.0), pos=array([ 0.,  0.]), size=array([ 100.,  100.]), units='pix', vertices=ndarray(...), win=Window(...))
8.1066 	EXP 	Created node2 = Polygon(autoDraw=False, autoLog=True, closeShape=True, contrast=1.0, depth=-5.0, fillColor=array([ 1.,  1.,  1.]), fillColorSpace='rgb', fillRGB=array([ 1.,  1.,  1.]), interpolate=True, lineColor=array([ 1.,  1.,  1.]), lineColorSpace='rgb', lineRGB=array([ 1.,  1.,  1.]), lineWidth=0, name='node2', opacity=1.0, ori=array(0.0), pos=array([ 0.,  0.]), size=array([ 100.,  100.]), units='pix', vertices=ndarray(...), win=Window(...))
8.1133 	EXP 	Created node3 = Polygon(autoDraw=False, autoLog=True, closeShape=True, contrast=1.0, depth=-6.0, fillColor=array([ 1.,  1.,  1.]), fillColorSpace='rgb', fillRGB=array([ 1.,  1.,  1.]), interpolate=True, lineColor=array([ 1.,  1.,  1.]), lineColorSpace='rgb', lineRGB=array([ 1.,  1.,  1.]), lineWidth=0, name='node3', opacity=1.0, ori=array(0.0), pos=array([ 0.,  0.]), size=array([ 100.,  100.]), units='pix', vertices=ndarray(...), win=Window(...))
8.1208 	EXP 	Created node4 = Polygon(autoDraw=False, autoLog=True, closeShape=True, contrast=1.0, depth=-7.0, fillColor=array([ 1.,  1.,  1.]), fillColorSpace='rgb', fillRGB=array([ 1.,  1.,  1.]), interpolate=True, lineColor=array([ 1.,  1.,  1.]), lineColorSpace='rgb', lineRGB=array([ 1.,  1.,  1.]), lineWidth=0, name='node4', opacity=1.0, ori=array(0.0), pos=array([ 0.,  0.]), size=array([ 100.,  100.]), units='pix', vertices=ndarray(...), win=Window(...))
8.1312 	EXP 	Created node5 = Polygon(autoDraw=False, autoLog=True, closeShape=True, contrast=1.0, depth=-8.0, fillColor=array([ 1.,  1.,  1.]), fillColorSpace='rgb', fillRGB=array([ 1.,  1.,  1.]), interpolate=True, lineColor=array([ 1.,  1.,  1.]), lineColorSpace='rgb', lineRGB=array([ 1.,  1.,  1.]), lineWidth=0, name='node5', opacity=1.0, ori=array(0.0), pos=array([ 0.,  0.]), size=array([ 100.,  100.]), units='pix', vertices=ndarray(...), win=Window(...))
8.1444 	EXP 	Created robotF = ImageStim(autoLog=True, color=array([ 1.,  1.,  1.]), colorSpace='rgb', contrast=1.0, depth=-9.0, flipHoriz=False, flipVert=False, image='robot1.png', interpolate=True, mask=None, maskParams=None, name='robotF', opacity=1.0, ori=0.0, pos=array([ 0.,  0.]), size=array([ 100.,  100.]), texRes=128, units='pix', win=Window(...))
8.1517 	EXP 	Created select1 = Polygon(autoDraw=False, autoLog=True, closeShape=True, contrast=1.0, depth=-10.0, fillColor='red', fillColorSpace='named', fillRGB=array([ 255.,    0.,    0.]), interpolate=True, lineColor=array([ 1.,  1.,  1.]), lineColorSpace='rgb', lineRGB=array([ 1.,  1.,  1.]), lineWidth=0, name='select1', opacity=1.0, ori=array(0.0), pos=array([-630.,    0.]), size=array([ 100.,  100.]), units='pix', vertices=ndarray(...), win=Window(...))
8.1576 	EXP 	Created select2 = Polygon(autoDraw=False, autoLog=True, closeShape=True, contrast=1.0, depth=-11.0, fillColor='blue', fillColorSpace='named', fillRGB=array([   0.,    0.,  255.]), interpolate=True, lineColor=array([ 1.,  1.,  1.]), lineColorSpace='rgb', lineRGB=array([ 1.,  1.,  1.]), lineWidth=0, name='select2', opacity=1.0, ori=array(0.0), pos=array([-630., -120.]), size=array([ 100.,  100.]), units='pix', vertices=ndarray(...), win=Window(...))
8.1634 	EXP 	Created select3 = Polygon(autoDraw=False, autoLog=True, closeShape=True, contrast=1.0, depth=-12.0, fillColor='yellow', fillColorSpace='named', fillRGB=array([ 255.,  255.,    0.]), interpolate=True, lineColor=array([ 1.,  1.,  1.]), lineColorSpace='rgb', lineRGB=array([ 1.,  1.,  1.]), lineWidth=0, name='select3', opacity=1.0, ori=array(0.0), pos=array([-630., -240.]), size=array([ 100.,  100.]), units='pix', vertices=ndarray(...), win=Window(...))
8.1691 	EXP 	Created select4 = Polygon(autoDraw=False, autoLog=True, closeShape=True, contrast=1.0, depth=-13.0, fillColor='green', fillColorSpace='named', fillRGB=array([   0.,  128.,    0.]), interpolate=True, lineColor=array([ 1.,  1.,  1.]), lineColorSpace='rgb', lineRGB=array([ 1.,  1.,  1.]), lineWidth=0, name='select4', opacity=1.0, ori=array(0.0), pos=array([-630., -360.]), size=array([ 100.,  100.]), units='pix', vertices=ndarray(...), win=Window(...))
8.2096 	EXP 	Created selection = ImageStim(autoLog=True, color=array([ 1.,  1.,  1.]), colorSpace='rgb', contrast=1.0, depth=-14.0, flipHoriz=False, flipVert=False, image='mastershapes.png', interpolate=True, mask=None, maskParams=None, name='selection', opacity=1.0, ori=0.0, pos=array([ 0.,  0.]), size=array([ 500.,  400.]), texRes=128, units='pix', win=Window(...))
8.2646 	EXP 	Created sel = TextStim(alignHoriz='center', alignVert='center', antialias=True, autoLog=True, bold=False, color='black', colorSpace='named', contrast=1.0, depth=-15.0, flipHoriz=False, flipVert=False, font='Arial', fontFiles=[], height=30, italic=False, name='sel', opacity=1.0, ori=0, pos=array([-450.,  250.]), rgb=array([ 0.,  0.,  0.]), text=unicode(...), units='pix', win=Window(...), wrapWidth=500)
8.2773 	EXP 	Created Evaluation = TextStim(alignHoriz='center', alignVert='center', antialias=True, autoLog=True, bold=False, color='white', colorSpace='named', contrast=1.0, depth=-1.0, flipHoriz=False, flipVert=False, font='Arial', fontFiles=[], height=50, italic=False, name='Evaluation', opacity=1.0, ori=0, pos=array([   0.,  300.]), rgb=array([ 255.,  255.,  255.]), text=unicode(...), units='pix', win=Window(...), wrapWidth=500)
8.2856 	EXP 	Created polygon = Polygon(autoDraw=False, autoLog=True, closeShape=True, contrast=1.0, depth=-2.0, fillColor=array([ 1.,  1.,  1.]), fillColorSpace='rgb', fillRGB=array([ 1.,  1.,  1.]), interpolate=True, lineColor=array([ 1.,  1.,  1.]), lineColorSpace='rgb', lineRGB=array([ 1.,  1.,  1.]), lineWidth=1, name='polygon', opacity=1.0, ori=array(0.0), pos=array([ 0.,  0.]), size=array([ 100.,  100.]), units='pix', vertices=ndarray(...), win=Window(...))
8.2949 	EXP 	Created polygon_2 = Polygon(autoDraw=False, autoLog=True, closeShape=True, contrast=1.0, depth=-3.0, fillColor=array([ 1.,  1.,  1.]), fillColorSpace='rgb', fillRGB=array([ 1.,  1.,  1.]), interpolate=True, lineColor=array([ 1.,  1.,  1.]), lineColorSpace='rgb', lineRGB=array([ 1.,  1.,  1.]), lineWidth=1, name='polygon_2', opacity=1.0, ori=array(0.0), pos=array([ 0.,  0.]), size=array([ 100.,  100.]), units='pix', vertices=ndarray(...), win=Window(...))
8.3028 	EXP 	Created polygon_3 = Polygon(autoDraw=False, autoLog=True, closeShape=True, contrast=1.0, depth=-4.0, fillColor=array([ 1.,  1.,  1.]), fillColorSpace='rgb', fillRGB=array([ 1.,  1.,  1.]), interpolate=True, lineColor=array([ 1.,  1.,  1.]), lineColorSpace='rgb', lineRGB=array([ 1.,  1.,  1.]), lineWidth=1, name='polygon_3', opacity=1.0, ori=array(0.0), pos=array([ 0.,  0.]), size=array([ 100.,  100.]), units='pix', vertices=ndarray(...), win=Window(...))
8.3087 	EXP 	Created polygon_4 = Polygon(autoDraw=False, autoLog=True, closeShape=True, contrast=1.0, depth=-5.0, fillColor=array([ 1.,  1.,  1.]), fillColorSpace='rgb', fillRGB=array([ 1.,  1.,  1.]), interpolate=True, lineColor=array([ 1.,  1.,  1.]), lineColorSpace='rgb', lineRGB=array([ 1.,  1.,  1.]), lineWidth=1, name='polygon_4', opacity=1.0, ori=array(0.0), pos=array([ 0.,  0.]), size=array([ 100.,  100.]), units='pix', vertices=ndarray(...), win=Window(...))
8.3160 	EXP 	Created polygon_5 = Polygon(autoDraw=False, autoLog=True, closeShape=True, contrast=1.0, depth=-6.0, fillColor=array([ 1.,  1.,  1.]), fillColorSpace='rgb', fillRGB=array([ 1.,  1.,  1.]), interpolate=True, lineColor=array([ 1.,  1.,  1.]), lineColorSpace='rgb', lineRGB=array([ 1.,  1.,  1.]), lineWidth=1, name='polygon_5', opacity=1.0, ori=array(0.0), pos=array([ 0.,  0.]), size=array([ 100.,  100.]), units='pix', vertices=ndarray(...), win=Window(...))
8.3233 	EXP 	Created choice = TextStim(alignHoriz='center', alignVert='center', antialias=True, autoLog=True, bold=False, color='white', colorSpace='named', contrast=1.0, depth=-7.0, flipHoriz=False, flipVert=False, font='Arial', fontFiles=[], height=50, italic=False, name='choice', opacity=1.0, ori=0, pos=array([   0., -300.]), rgb=array([ 255.,  255.,  255.]), text=u'default text', units='pix', win=Window(...), wrapWidth=500)
8.3354 	EXP 	Created ro = ImageStim(autoLog=True, color=array([ 1.,  1.,  1.]), colorSpace='rgb', contrast=1.0, depth=-8.0, flipHoriz=False, flipVert=False, image='robot1.png', interpolate=True, mask=None, maskParams=None, name='ro', opacity=1.0, ori=0.0, pos=array([ 0.,  0.]), size=array([ 100.,  100.]), texRes=128, units='pix', win=Window(...))
8.3488 	EXP 	Created rq = ImageStim(autoLog=True, color=array([ 1.,  1.,  1.]), colorSpace='rgb', contrast=1.0, depth=-9.0, flipHoriz=False, flipVert=False, image='robot1.png', interpolate=True, mask=None, maskParams=None, name='rq', opacity=1.0, ori=0.0, pos=array([ 0.,  0.]), size=array([ 100.,  100.]), texRes=128, units='pix', win=Window(...))
8.3496 	EXP 	Created feedback = TextStim(alignHoriz='center', alignVert='center', antialias=True, autoLog=True, bold=False, color='white', colorSpace='named', contrast=1.0, depth=-1.0, flipHoriz=False, flipVert=False, font='Arial', fontFiles=[], height=50, italic=False, name='feedback', opacity=1.0, ori=0, pos=array([ 0.,  0.]), rgb=array([ 255.,  255.,  255.]), text='', units='pix', win=Window(...), wrapWidth=500)
8.3597 	EXP 	Created thankyou = TextStim(alignHoriz='center', alignVert='center', antialias=True, autoLog=True, bold=False, color='white', colorSpace='named', contrast=1.0, depth=0.0, flipHoriz=False, flipVert=False, font='Arial', fontFiles=[], height=50, italic=False, name='thankyou', opacity=1.0, ori=0, pos=array([ 0.,  0.]), rgb=array([ 255.,  255.,  255.]), text=u'Thank you for your participation.\n', units='pix', win=Window(...), wrapWidth=500)
8.3736 	EXP 	instruct: pos = array([   0.,  150.])
8.3736 	EXP 	na: pos = array([-110., -100.])
8.3736 	EXP 	na: size = array([ 100.,  100.])
8.3736 	EXP 	nb: pos = array([   0., -100.])
8.3736 	EXP 	nb: size = array([ 100.,  100.])
8.3736 	EXP 	nc: pos = array([ 110., -100.])
8.3736 	EXP 	nc: size = array([ 100.,  100.])
8.3736 	EXP 	welcome: autoDraw = True
11.3739 	EXP 	welcome: autoDraw = False
11.3905 	EXP 	instruct: autoDraw = True
14.3909 	EXP 	rob0: autoDraw = True
14.3909 	EXP 	robb: autoDraw = True
14.8908 	EXP 	na: autoDraw = True
15.3909 	EXP 	nb: autoDraw = True
15.8909 	EXP 	nc: autoDraw = True
16.8910 	EXP 	s1: autoDraw = True
17.8911 	EXP 	s2: autoDraw = True
18.8912 	EXP 	s3: autoDraw = True
22.3751 	EXP 	na: autoDraw = False
22.3751 	EXP 	nb: autoDraw = False
22.3751 	EXP 	nc: autoDraw = False
22.3751 	EXP 	s1: autoDraw = False
22.3751 	EXP 	s2: autoDraw = False
22.3751 	EXP 	s3: autoDraw = False
22.3915 	EXP 	heart: autoDraw = True
26.3921 	EXP 	instruct: autoDraw = False
26.3921 	EXP 	rob0: autoDraw = False
26.3921 	EXP 	robb: autoDraw = False
26.3921 	EXP 	heart: autoDraw = False
26.3921 	EXP 	welcome: autoDraw = False
26.3921 	EXP 	instruct: autoDraw = False
26.3921 	EXP 	rob0: autoDraw = False
26.3921 	EXP 	robb: autoDraw = False
26.3921 	EXP 	na: autoDraw = False
26.3921 	EXP 	nb: autoDraw = False
26.3921 	EXP 	nc: autoDraw = False
26.3921 	EXP 	s1: autoDraw = False
26.3921 	EXP 	s2: autoDraw = False
26.3921 	EXP 	s3: autoDraw = False
26.3921 	EXP 	heart: autoDraw = False
26.3921 	EXP 	text_2: pos = array([-300.,  300.])
26.3921 	EXP 	nod1: fillColor = 'red (named)'
26.3921 	EXP 	nod1: pos = array([ 20.,   0.])
26.3921 	EXP 	nod2: fillColor = 'yellow (named)'
26.3921 	EXP 	nod2: pos = array([  20.,  115.])
26.3921 	EXP 	nod2: lineColor = 'yellow (named)'
26.3921 	EXP 	nod3: fillColor = 'blue (named)'
26.3921 	EXP 	nod3: lineColor = 'blue (named)'
26.3921 	EXP 	nod4: fillColor = 'blue (named)'
26.3921 	EXP 	nod4: lineColor = 'blue (named)'
26.3921 	EXP 	rob1: ori = 0.0
26.3921 	EXP 	rob2: image = 'robot1.png'
26.3921 	EXP 	sh1: size = array([  40.,  110.])
26.3921 	EXP 	text_2: autoDraw = True
26.3921 	EXP 	nod1: autoDraw = True
26.3921 	EXP 	nod2: autoDraw = True
26.3921 	EXP 	nod3: autoDraw = True
26.3921 	EXP 	nod4: autoDraw = True
26.3921 	EXP 	rob1: autoDraw = True
26.3921 	EXP 	rob2: autoDraw = True
28.3923 	EXP 	sh1: autoDraw = True
28.8924 	EXP 	sh2a: autoDraw = True
28.8924 	EXP 	sh2b: autoDraw = True
29.3925 	EXP 	sh3: autoDraw = True
29.8925 	EXP 	sh4: autoDraw = True
31.6702 	DATA 	Keypress: space
31.6928 	EXP 	text_2: autoDraw = False
31.6928 	EXP 	nod1: autoDraw = False
31.6928 	EXP 	nod2: autoDraw = False
31.6928 	EXP 	nod3: autoDraw = False
31.6928 	EXP 	nod4: autoDraw = False
31.6928 	EXP 	rob1: autoDraw = False
31.6928 	EXP 	rob2: autoDraw = False
31.6928 	EXP 	sh1: autoDraw = False
31.6928 	EXP 	sh2a: autoDraw = False
31.6928 	EXP 	sh2b: autoDraw = False
31.6928 	EXP 	sh3: autoDraw = False
31.6928 	EXP 	sh4: autoDraw = False
31.6928 	EXP 	star: autoDraw = True
31.9798 	DATA 	Keypress: space
32.0032 	EXP 	Imported designs.xlsx as conditions, 4 conditions, 16 params
32.0037 	EXP 	Created sequence: sequential, trialTypes=4, nReps=1, seed=None
32.0044 	EXP 	New trial (rep=0, index=0): {u'n2col': u'blue', u'n4col': u'red', u'n3col': u'green', u'r4': u'd', u'n1col': u'blue', u'r1': u'a', u'r2': u'b', u'rs': u'LOC21', u'r3': u'c', u're': u'LOC9', u'n5col': u'red', u'n1': u'LOC22', u'n2': u'LOC23', u'n3': u'LOC24', u'n4': u'LOC19', u'n5': u'LOC14'}
32.0262 	EXP 	star: autoDraw = False
32.0262 	EXP 	robotS: pos = array([  20., -230.])
32.0262 	EXP 	node1: fillColor = u'blue (named)'
32.0262 	EXP 	node1: pos = array([ 135., -230.])
32.0262 	EXP 	node2: fillColor = u'blue (named)'
32.0262 	EXP 	node2: pos = array([ 250., -230.])
32.0262 	EXP 	node3: fillColor = u'green (named)'
32.0262 	EXP 	node3: pos = array([ 365., -230.])
32.0262 	EXP 	node4: fillColor = u'red (named)'
32.0262 	EXP 	node4: pos = array([ 365., -115.])
32.0262 	EXP 	node5: fillColor = u'red (named)'
32.0262 	EXP 	node5: pos = array([ 365.,    0.])
32.0262 	EXP 	robotF: pos = array([ 365.,  115.])
32.0262 	EXP 	whitebackground: autoDraw = True
32.0262 	EXP 	robotS: autoDraw = True
32.0262 	EXP 	node1: autoDraw = True
32.0262 	EXP 	node2: autoDraw = True
32.0262 	EXP 	node3: autoDraw = True
32.0262 	EXP 	node4: autoDraw = True
32.0262 	EXP 	node5: autoDraw = True
32.0262 	EXP 	robotF: autoDraw = True
32.0262 	EXP 	select1: autoDraw = True
32.0262 	EXP 	select2: autoDraw = True
32.0262 	EXP 	select3: autoDraw = True
32.0262 	EXP 	select4: autoDraw = True
32.0262 	EXP 	selection: autoDraw = True
32.0262 	EXP 	sel: autoDraw = True
32.8846 	DATA 	Keypress: a
33.0965 	DATA 	Keypress: a
33.2802 	DATA 	Keypress: a
33.5469 	DATA 	Keypress: a
33.5505 	EXP 	New trial (rep=0, index=1): {u'n2col': u'yellow', u'n4col': u'green', u'n3col': u'blue', u'r4': u'd', u'n1col': u'red', u'r1': u'a', u'r2': u'b', u'rs': u'LOC21', u'r3': u'c', u're': u'LOC3', u'n5col': u'red', u'n1': u'LOC16', u'n2': u'LOC11', u'n3': u'LOC12', u'n4': u'LOC13', u'n5': u'LOC8'}
33.5765 	EXP 	whitebackground: autoDraw = False
33.5765 	EXP 	robotS: autoDraw = False
33.5765 	EXP 	node1: autoDraw = False
33.5765 	EXP 	node2: autoDraw = False
33.5765 	EXP 	node3: autoDraw = False
33.5765 	EXP 	node4: autoDraw = False
33.5765 	EXP 	node5: autoDraw = False
33.5765 	EXP 	robotF: autoDraw = False
33.5765 	EXP 	select1: autoDraw = False
33.5765 	EXP 	select2: autoDraw = False
33.5765 	EXP 	select3: autoDraw = False
33.5765 	EXP 	select4: autoDraw = False
33.5765 	EXP 	selection: autoDraw = False
33.5765 	EXP 	sel: autoDraw = False
33.5765 	EXP 	robotS: pos = array([  20., -230.])
33.5765 	EXP 	node1: fillColor = u'red (named)'
33.5765 	EXP 	node1: pos = array([  20., -115.])
33.5765 	EXP 	node2: fillColor = u'yellow (named)'
33.5765 	EXP 	node2: pos = array([ 20.,   0.])
33.5765 	EXP 	node3: fillColor = u'blue (named)'
33.5765 	EXP 	node3: pos = array([ 135.,    0.])
33.5765 	EXP 	node4: fillColor = u'green (named)'
33.5765 	EXP 	node4: pos = array([ 250.,    0.])
33.5765 	EXP 	node5: fillColor = u'red (named)'
33.5765 	EXP 	node5: pos = array([ 250.,  115.])
33.5765 	EXP 	robotF: pos = array([ 250.,  230.])
33.5765 	EXP 	whitebackground: autoDraw = True
33.5765 	EXP 	robotS: autoDraw = True
33.5765 	EXP 	node1: autoDraw = True
33.5765 	EXP 	node2: autoDraw = True
33.5765 	EXP 	node3: autoDraw = True
33.5765 	EXP 	node4: autoDraw = True
33.5765 	EXP 	node5: autoDraw = True
33.5765 	EXP 	robotF: autoDraw = True
33.5765 	EXP 	select1: autoDraw = True
33.5765 	EXP 	select2: autoDraw = True
33.5765 	EXP 	select3: autoDraw = True
33.5765 	EXP 	select4: autoDraw = True
33.5765 	EXP 	selection: autoDraw = True
33.5765 	EXP 	sel: autoDraw = True
33.7472 	DATA 	Keypress: a
33.8965 	DATA 	Keypress: a
34.0475 	DATA 	Keypress: a
34.1997 	DATA 	Keypress: a
34.2128 	EXP 	New trial (rep=0, index=2): {u'n2col': u'red', u'n4col': u'blue', u'n3col': u'yellow', u'r4': u'd', u'n1col': u'red', u'r1': u'a', u'r2': u'b', u'rs': u'LOC22', u'r3': u'c', u're': u'LOC10', u'n5col': u'blue', u'n1': u'LOC17', u'n2': u'LOC12', u'n3': u'LOC7', u'n4': u'LOC8', u'n5': u'LOC9'}
34.2433 	EXP 	whitebackground: autoDraw = False
34.2433 	EXP 	robotS: autoDraw = False
34.2433 	EXP 	node1: autoDraw = False
34.2433 	EXP 	node2: autoDraw = False
34.2433 	EXP 	node3: autoDraw = False
34.2433 	EXP 	node4: autoDraw = False
34.2433 	EXP 	node5: autoDraw = False
34.2433 	EXP 	robotF: autoDraw = False
34.2433 	EXP 	select1: autoDraw = False
34.2433 	EXP 	select2: autoDraw = False
34.2433 	EXP 	select3: autoDraw = False
34.2433 	EXP 	select4: autoDraw = False
34.2433 	EXP 	selection: autoDraw = False
34.2433 	EXP 	sel: autoDraw = False
34.2433 	EXP 	robotS: pos = array([ 135., -230.])
34.2433 	EXP 	node1: fillColor = u'red (named)'
34.2433 	EXP 	node1: pos = array([ 135., -115.])
34.2433 	EXP 	node2: fillColor = u'red (named)'
34.2433 	EXP 	node2: pos = array([ 135.,    0.])
34.2433 	EXP 	node3: fillColor = u'yellow (named)'
34.2433 	EXP 	node3: pos = array([ 135.,  115.])
34.2433 	EXP 	node4: fillColor = u'blue (named)'
34.2433 	EXP 	node4: pos = array([ 250.,  115.])
34.2433 	EXP 	node5: fillColor = u'blue (named)'
34.2433 	EXP 	node5: pos = array([ 365.,  115.])
34.2433 	EXP 	robotF: pos = array([ 480.,  115.])
34.2433 	EXP 	whitebackground: autoDraw = True
34.2433 	EXP 	robotS: autoDraw = True
34.2433 	EXP 	node1: autoDraw = True
34.2433 	EXP 	node2: autoDraw = True
34.2433 	EXP 	node3: autoDraw = True
34.2433 	EXP 	node4: autoDraw = True
34.2433 	EXP 	node5: autoDraw = True
34.2433 	EXP 	robotF: autoDraw = True
34.2433 	EXP 	select1: autoDraw = True
34.2433 	EXP 	select2: autoDraw = True
34.2433 	EXP 	select3: autoDraw = True
34.2433 	EXP 	select4: autoDraw = True
34.2433 	EXP 	selection: autoDraw = True
34.2433 	EXP 	sel: autoDraw = True
34.3971 	DATA 	Keypress: a
34.6133 	DATA 	Keypress: a
34.8179 	DATA 	Keypress: a
35.0633 	DATA 	Keypress: a
35.0653 	EXP 	New trial (rep=0, index=3): {u'n2col': u'yellow', u'n4col': u'yellow', u'n3col': u'green', u'r4': u'd', u'n1col': u'green', u'r1': u'a', u'r2': u'b', u'rs': u'LOC16', u'r3': u'c', u're': u'LOC10', u'n5col': u'blue', u'n1': u'LOC17', u'n2': u'LOC12', u'n3': u'LOC13', u'n4': u'LOC8', u'n5': u'LOC9'}
35.0926 	EXP 	whitebackground: autoDraw = False
35.0926 	EXP 	robotS: autoDraw = False
35.0926 	EXP 	node1: autoDraw = False
35.0926 	EXP 	node2: autoDraw = False
35.0926 	EXP 	node3: autoDraw = False
35.0926 	EXP 	node4: autoDraw = False
35.0926 	EXP 	node5: autoDraw = False
35.0926 	EXP 	robotF: autoDraw = False
35.0926 	EXP 	select1: autoDraw = False
35.0926 	EXP 	select2: autoDraw = False
35.0926 	EXP 	select3: autoDraw = False
35.0926 	EXP 	select4: autoDraw = False
35.0926 	EXP 	selection: autoDraw = False
35.0926 	EXP 	sel: autoDraw = False
35.0926 	EXP 	robotS: pos = array([  20., -115.])
35.0926 	EXP 	node1: fillColor = u'green (named)'
35.0926 	EXP 	node1: pos = array([ 135., -115.])
35.0926 	EXP 	node2: fillColor = u'yellow (named)'
35.0926 	EXP 	node2: pos = array([ 135.,    0.])
35.0926 	EXP 	node3: fillColor = u'green (named)'
35.0926 	EXP 	node3: pos = array([ 250.,    0.])
35.0926 	EXP 	node4: fillColor = u'yellow (named)'
35.0926 	EXP 	node4: pos = array([ 250.,  115.])
35.0926 	EXP 	node5: fillColor = u'blue (named)'
35.0926 	EXP 	node5: pos = array([ 365.,  115.])
35.0926 	EXP 	robotF: pos = array([ 480.,  115.])
35.0926 	EXP 	whitebackground: autoDraw = True
35.0926 	EXP 	robotS: autoDraw = True
35.0926 	EXP 	node1: autoDraw = True
35.0926 	EXP 	node2: autoDraw = True
35.0926 	EXP 	node3: autoDraw = True
35.0926 	EXP 	node4: autoDraw = True
35.0926 	EXP 	node5: autoDraw = True
35.0926 	EXP 	robotF: autoDraw = True
35.0926 	EXP 	select1: autoDraw = True
35.0926 	EXP 	select2: autoDraw = True
35.0926 	EXP 	select3: autoDraw = True
35.0926 	EXP 	select4: autoDraw = True
35.0926 	EXP 	selection: autoDraw = True
35.0926 	EXP 	sel: autoDraw = True
35.2804 	DATA 	Keypress: a
35.4812 	DATA 	Keypress: a
35.7185 	DATA 	Keypress: a
35.9973 	DATA 	Keypress: a
36.0328 	EXP 	Imported designs1.xlsx as conditions, 2 conditions, 13 params
36.0334 	EXP 	Created sequence: random, trialTypes=2, nReps=5, seed=None
36.0341 	EXP 	New trial (rep=0, index=0): {u'n1col': u'blue', u'n2col': u'yellow', u'n4col': u'yellow', u'rs': u'LOC16', u'n3col': u'red', u're': u'LOC10', u'corrAns': u'n', u'n5col': u'blue', u'n1': u'LOC17', u'n2': u'LOC12', u'n3': u'LOC13', u'n4': u'LOC8', u'n5': u'LOC9'}
36.0599 	EXP 	whitebackground: autoDraw = False
36.0599 	EXP 	robotS: autoDraw = False
36.0599 	EXP 	node1: autoDraw = False
36.0599 	EXP 	node2: autoDraw = False
36.0599 	EXP 	node3: autoDraw = False
36.0599 	EXP 	node4: autoDraw = False
36.0599 	EXP 	node5: autoDraw = False
36.0599 	EXP 	robotF: autoDraw = False
36.0599 	EXP 	select1: autoDraw = False
36.0599 	EXP 	select2: autoDraw = False
36.0599 	EXP 	select3: autoDraw = False
36.0599 	EXP 	select4: autoDraw = False
36.0599 	EXP 	selection: autoDraw = False
36.0599 	EXP 	sel: autoDraw = False
36.0599 	EXP 	polygon: fillColor = u'blue (named)'
36.0599 	EXP 	polygon: pos = array([ 135., -115.])
36.0599 	EXP 	polygon_2: fillColor = u'yellow (named)'
36.0599 	EXP 	polygon_2: pos = array([ 135.,    0.])
36.0599 	EXP 	polygon_3: fillColor = u'red (named)'
36.0599 	EXP 	polygon_3: pos = array([ 250.,    0.])
36.0599 	EXP 	polygon_4: fillColor = u'yellow (named)'
36.0599 	EXP 	polygon_4: pos = array([ 250.,  115.])
36.0599 	EXP 	polygon_5: fillColor = u'blue (named)'
36.0599 	EXP 	polygon_5: pos = array([ 365.,  115.])
36.0599 	EXP 	choice: text = "Press 'y' for Yes  \nPress 'n' for No"
36.0599 	EXP 	ro: color = '[ 1.  1.  1.] (rgb)'
36.0599 	EXP 	ro: pos = array([  20., -115.])
36.0599 	EXP 	rq: color = '[ 1.  1.  1.] (rgb)'
36.0599 	EXP 	rq: pos = array([ 480.,  115.])
36.0599 	EXP 	Evaluation: autoDraw = True
36.0599 	EXP 	polygon: autoDraw = True
36.0599 	EXP 	polygon_2: autoDraw = True
36.0599 	EXP 	polygon_3: autoDraw = True
36.0599 	EXP 	polygon_4: autoDraw = True
36.0599 	EXP 	polygon_5: autoDraw = True
36.0599 	EXP 	choice: autoDraw = True
36.0599 	EXP 	ro: autoDraw = True
36.0599 	EXP 	rq: autoDraw = True
38.4636 	DATA 	Keypress: y
38.4771 	EXP 	Evaluation: autoDraw = False
38.4771 	EXP 	polygon: autoDraw = False
38.4771 	EXP 	polygon_2: autoDraw = False
38.4771 	EXP 	polygon_3: autoDraw = False
38.4771 	EXP 	polygon_4: autoDraw = False
38.4771 	EXP 	polygon_5: autoDraw = False
38.4771 	EXP 	choice: autoDraw = False
38.4771 	EXP 	ro: autoDraw = False
38.4771 	EXP 	rq: autoDraw = False
38.4771 	EXP 	feedback: autoDraw = True
38.4771 	EXP 	feedback: text = ''
43.4621 	EXP 	New trial (rep=0, index=1): {u'n1col': u'green', u'n2col': u'yellow', u'n4col': u'yellow', u'rs': u'LOC16', u'n3col': u'green', u're': u'LOC10', u'corrAns': u'y', u'n5col': u'blue', u'n1': u'LOC17', u'n2': u'LOC12', u'n3': u'LOC13', u'n4': u'LOC8', u'n5': u'LOC9'}
43.4777 	EXP 	feedback: autoDraw = False
43.4777 	EXP 	feedback: autoDraw = False
43.4777 	EXP 	polygon: fillColor = u'green (named)'
43.4777 	EXP 	polygon: pos = array([ 135., -115.])
43.4777 	EXP 	polygon_2: fillColor = u'yellow (named)'
43.4777 	EXP 	polygon_2: pos = array([ 135.,    0.])
43.4777 	EXP 	polygon_3: fillColor = u'green (named)'
43.4777 	EXP 	polygon_3: pos = array([ 250.,    0.])
43.4777 	EXP 	polygon_4: fillColor = u'yellow (named)'
43.4777 	EXP 	polygon_4: pos = array([ 250.,  115.])
43.4777 	EXP 	polygon_5: fillColor = u'blue (named)'
43.4777 	EXP 	polygon_5: pos = array([ 365.,  115.])
43.4777 	EXP 	choice: text = "Press 'y' for Yes  \nPress 'n' for No"
43.4777 	EXP 	ro: color = '[ 1.  1.  1.] (rgb)'
43.4777 	EXP 	ro: pos = array([  20., -115.])
43.4777 	EXP 	rq: color = '[ 1.  1.  1.] (rgb)'
43.4777 	EXP 	rq: pos = array([ 480.,  115.])
43.4777 	EXP 	Evaluation: autoDraw = True
43.4777 	EXP 	polygon: autoDraw = True
43.4777 	EXP 	polygon_2: autoDraw = True
43.4777 	EXP 	polygon_3: autoDraw = True
43.4777 	EXP 	polygon_4: autoDraw = True
43.4777 	EXP 	polygon_5: autoDraw = True
43.4777 	EXP 	choice: autoDraw = True
43.4777 	EXP 	ro: autoDraw = True
43.4777 	EXP 	rq: autoDraw = True
45.0484 	DATA 	Keypress: y
45.0609 	EXP 	Evaluation: autoDraw = False
45.0609 	EXP 	polygon: autoDraw = False
45.0609 	EXP 	polygon_2: autoDraw = False
45.0609 	EXP 	polygon_3: autoDraw = False
45.0609 	EXP 	polygon_4: autoDraw = False
45.0609 	EXP 	polygon_5: autoDraw = False
45.0609 	EXP 	choice: autoDraw = False
45.0609 	EXP 	ro: autoDraw = False
45.0609 	EXP 	rq: autoDraw = False
45.0609 	EXP 	feedback: autoDraw = True
50.0471 	EXP 	New trial (rep=1, index=0): {u'n1col': u'green', u'n2col': u'yellow', u'n4col': u'yellow', u'rs': u'LOC16', u'n3col': u'green', u're': u'LOC10', u'corrAns': u'y', u'n5col': u'blue', u'n1': u'LOC17', u'n2': u'LOC12', u'n3': u'LOC13', u'n4': u'LOC8', u'n5': u'LOC9'}
50.0608 	EXP 	feedback: autoDraw = False
50.0608 	EXP 	feedback: autoDraw = False
50.0608 	EXP 	polygon: fillColor = u'green (named)'
50.0608 	EXP 	polygon: pos = array([ 135., -115.])
50.0608 	EXP 	polygon_2: fillColor = u'yellow (named)'
50.0608 	EXP 	polygon_2: pos = array([ 135.,    0.])
50.0608 	EXP 	polygon_3: fillColor = u'green (named)'
50.0608 	EXP 	polygon_3: pos = array([ 250.,    0.])
50.0608 	EXP 	polygon_4: fillColor = u'yellow (named)'
50.0608 	EXP 	polygon_4: pos = array([ 250.,  115.])
50.0608 	EXP 	polygon_5: fillColor = u'blue (named)'
50.0608 	EXP 	polygon_5: pos = array([ 365.,  115.])
50.0608 	EXP 	choice: text = "Press 'y' for Yes  \nPress 'n' for No"
50.0608 	EXP 	ro: color = '[ 1.  1.  1.] (rgb)'
50.0608 	EXP 	ro: pos = array([  20., -115.])
50.0608 	EXP 	rq: color = '[ 1.  1.  1.] (rgb)'
50.0608 	EXP 	rq: pos = array([ 480.,  115.])
50.0608 	EXP 	Evaluation: autoDraw = True
50.0608 	EXP 	polygon: autoDraw = True
50.0608 	EXP 	polygon_2: autoDraw = True
50.0608 	EXP 	polygon_3: autoDraw = True
50.0608 	EXP 	polygon_4: autoDraw = True
50.0608 	EXP 	polygon_5: autoDraw = True
50.0608 	EXP 	choice: autoDraw = True
50.0608 	EXP 	ro: autoDraw = True
50.0608 	EXP 	rq: autoDraw = True
51.3346 	DATA 	Keypress: escape
