7.0887 	EXP 	Created window1 = Window(allowGUI=False, allowStencil=False, autoLog=True, bitsMode=UNKNOWN, blendMode='avg', color='black', colorSpace='named', fullscr=UNKNOWN, gamma=None, lms=UNKNOWN, monitor=<psychopy.monitors.calibTools.Monitor object at 0x112f41810>, name='window1', pos=[0, 0], screen=0, size=array([1440,  900]), stereo=False, units='pix', useFBO=True, useRetina=False, viewOri=0.0, viewPos=None, viewScale=None, waitBlanking=True, winType='pyglet')
7.0888 	EXP 	window1: recordFrameIntervals = False
7.2540 	EXP 	window1: recordFrameIntervals = True
7.4380 	EXP 	window1: recordFrameIntervals = False
7.5912 	EXP 	Created welcome = TextStim(alignHoriz='center', alignVert='center', antialias=True, autoLog=True, bold=False, color='white', colorSpace='named', contrast=1.0, depth=-1.0, flipHoriz=False, flipVert=False, font='Arial', fontFiles=[], height=100, italic=False, name='welcome', opacity=1.0, ori=0, pos=array([ 0.,  0.]), rgb=array([ 255.,  255.,  255.]), text=u'Welcome!', units='pix', win=Window(...), wrapWidth=500)
7.6280 	EXP 	Created instruct = TextStim(alignHoriz='center', alignVert='center', antialias=True, autoLog=True, bold=False, color='white', colorSpace='named', contrast=1.0, depth=-2.0, flipHoriz=False, flipVert=False, font='Arial', fontFiles=[], height=50, italic=False, name='instruct', opacity=1.0, ori=0, pos=array([ 0.,  0.]), rgb=array([ 255.,  255.,  255.]), text=unicode(...), units='pix', win=Window(...), wrapWidth=500)
7.7103 	EXP 	Created rob0 = ImageStim(autoLog=True, color=array([ 1.,  1.,  1.]), colorSpace='rgb', contrast=1.0, depth=-3.0, flipHoriz=False, flipVert=False, image='robot1.png', interpolate=True, mask=None, maskParams=None, name='rob0', opacity=1.0, ori=0.0, pos=array([-250., -100.]), size=array([ 200.,  200.]), texRes=128, units='pix', win=Window(...))
7.7232 	EXP 	Created robb = ImageStim(autoLog=True, color=array([ 1.,  1.,  1.]), colorSpace='rgb', contrast=1.0, depth=-4.0, flipHoriz=False, flipVert=False, image='robot1.png', interpolate=True, mask=None, maskParams=None, name='robb', opacity=1.0, ori=0.0, pos=array([ 250., -100.]), size=array([ 200.,  200.]), texRes=128, units='pix', win=Window(...))
7.7414 	EXP 	Created na = Polygon(autoDraw=False, autoLog=True, closeShape=True, contrast=1.0, depth=-5.0, fillColor='blue', fillColorSpace='named', fillRGB=array([   0.,    0.,  255.]), interpolate=True, lineColor='blue', lineColorSpace='named', lineRGB=array([   0.,    0.,  255.]), lineWidth=1, name='na', opacity=1.0, ori=array(0.0), pos=array([ 0.,  0.]), size=array([ 1.,  1.]), units='pix', vertices=ndarray(...), win=Window(...))
7.7471 	EXP 	Created nb = Polygon(autoDraw=False, autoLog=True, closeShape=True, contrast=1.0, depth=-6.0, fillColor='blue', fillColorSpace='named', fillRGB=array([   0.,    0.,  255.]), interpolate=True, lineColor='blue', lineColorSpace='named', lineRGB=array([   0.,    0.,  255.]), lineWidth=1, name='nb', opacity=1.0, ori=array(0.0), pos=array([ 0.,  0.]), size=array([ 1.,  1.]), units='pix', vertices=ndarray(...), win=Window(...))
7.7526 	EXP 	Created nc = Polygon(autoDraw=False, autoLog=True, closeShape=True, contrast=1.0, depth=-7.0, fillColor='blue', fillColorSpace='named', fillRGB=array([   0.,    0.,  255.]), interpolate=True, lineColor='blue', lineColorSpace='named', lineRGB=array([   0.,    0.,  255.]), lineWidth=1, name='nc', opacity=1.0, ori=array(0.0), pos=array([ 0.,  0.]), size=array([ 1.,  1.]), units='pix', vertices=ndarray(...), win=Window(...))
7.7550 	EXP 	<method-wrapper '__getattribute__' of attributeSetter object at 0x10ede2dd0>: vertices = array([[-55.,  20.],
       [ 55.,  20.],
       [ 55., -20.],
       [-55., -20.]])
7.7571 	EXP 	Created s1 = Rect(autoDraw=False, autoLog=True, closeShape=True, contrast=1.0, depth=-8.0, fillColor='black', fillColorSpace='named', fillRGB=array([ 0.,  0.,  0.]), interpolate=True, lineColor='black', lineColorSpace='named', lineRGB=array([ 0.,  0.,  0.]), lineWidth=1, name='s1', opacity=1.0, ori=array(0.0), pos=array([-110., -100.]), size=array([ 1.,  1.]), units='pix', vertices=ndarray(...), win=Window(...))
7.7577 	EXP 	<method-wrapper '__getattribute__' of attributeSetter object at 0x10ede2dd0>: vertices = array([[-55.,  20.],
       [ 55.,  20.],
       [ 55., -20.],
       [-55., -20.]])
7.7592 	EXP 	Created s2 = Rect(autoDraw=False, autoLog=True, closeShape=True, contrast=1.0, depth=-9.0, fillColor='black', fillColorSpace='named', fillRGB=array([ 0.,  0.,  0.]), interpolate=True, lineColor='black', lineColorSpace='named', lineRGB=array([ 0.,  0.,  0.]), lineWidth=1, name='s2', opacity=1.0, ori=array(0.0), pos=array([   0., -100.]), size=array([ 1.,  1.]), units='pix', vertices=ndarray(...), win=Window(...))
7.7597 	EXP 	<method-wrapper '__getattribute__' of attributeSetter object at 0x10ede2dd0>: vertices = array([[-55.,  20.],
       [ 55.,  20.],
       [ 55., -20.],
       [-55., -20.]])
7.7614 	EXP 	Created s3 = Rect(autoDraw=False, autoLog=True, closeShape=True, contrast=1.0, depth=-10.0, fillColor='black', fillColorSpace='named', fillRGB=array([ 0.,  0.,  0.]), interpolate=True, lineColor='black', lineColorSpace='named', lineRGB=array([ 0.,  0.,  0.]), lineWidth=1, name='s3', opacity=1.0, ori=array(0.0), pos=array([ 110., -100.]), size=array([ 1.,  1.]), units='pix', vertices=ndarray(...), win=Window(...))
8.1948 	EXP 	Created heart = ImageStim(autoLog=True, color=array([ 1.,  1.,  1.]), colorSpace='rgb', contrast=1.0, depth=-11.0, flipHoriz=False, flipVert=False, image='heart.png', interpolate=True, mask=None, maskParams=None, name='heart', opacity=1.0, ori=0.0, pos=array([   0., -100.]), size=array([ 1.,  1.]), texRes=128, units='pix', win=Window(...))
8.3228 	EXP 	Created text_2 = TextStim(alignHoriz='center', alignVert='center', antialias=True, autoLog=True, bold=False, color='white', colorSpace='named', contrast=1.0, depth=-1.0, flipHoriz=False, flipVert=False, font='Arial', fontFiles=[], height=40, italic=False, name='text_2', opacity=1.0, ori=0, pos=array([ 0.,  0.]), rgb=array([ 255.,  255.,  255.]), text=u"Let's take an example", units='pix', win=Window(...), wrapWidth=500)
8.3338 	EXP 	Created nod1 = Polygon(autoDraw=False, autoLog=True, closeShape=True, contrast=1.0, depth=-2.0, fillColor=array([ 1.,  1.,  1.]), fillColorSpace='rgb', fillRGB=array([ 1.,  1.,  1.]), interpolate=True, lineColor='red', lineColorSpace='named', lineRGB=array([ 255.,    0.,    0.]), lineWidth=1, name='nod1', opacity=1.0, ori=array(0.0), pos=array([ 0.,  0.]), size=array([ 100.,  100.]), units='pix', vertices=ndarray(...), win=Window(...))
8.3434 	EXP 	Created nod2 = Polygon(autoDraw=False, autoLog=True, closeShape=True, contrast=1.0, depth=-3.0, fillColor=array([ 1.,  1.,  1.]), fillColorSpace='rgb', fillRGB=array([ 1.,  1.,  1.]), interpolate=True, lineColor=array([ 1.,  1.,  1.]), lineColorSpace='rgb', lineRGB=array([ 1.,  1.,  1.]), lineWidth=1, name='nod2', opacity=1.0, ori=array(0.0), pos=array([ 0.,  0.]), size=array([ 100.,  100.]), units='pix', vertices=ndarray(...), win=Window(...))
8.3518 	EXP 	Created nod3 = Polygon(autoDraw=False, autoLog=True, closeShape=True, contrast=1.0, depth=-4.0, fillColor=array([ 1.,  1.,  1.]), fillColorSpace='rgb', fillRGB=array([ 1.,  1.,  1.]), interpolate=True, lineColor=array([ 1.,  1.,  1.]), lineColorSpace='rgb', lineRGB=array([ 1.,  1.,  1.]), lineWidth=1, name='nod3', opacity=1.0, ori=array(0.0), pos=array([ 135.,  115.]), size=array([ 100.,  100.]), units='pix', vertices=ndarray(...), win=Window(...))
8.3592 	EXP 	Created nod4 = Polygon(autoDraw=False, autoLog=True, closeShape=True, contrast=1.0, depth=-5.0, fillColor=array([ 1.,  1.,  1.]), fillColorSpace='rgb', fillRGB=array([ 1.,  1.,  1.]), interpolate=True, lineColor=array([ 1.,  1.,  1.]), lineColorSpace='rgb', lineRGB=array([ 1.,  1.,  1.]), lineWidth=1, name='nod4', opacity=1.0, ori=array(0.0), pos=array([ 250.,  115.]), size=array([ 100.,  100.]), units='pix', vertices=ndarray(...), win=Window(...))
8.3729 	EXP 	Created rob1 = ImageStim(autoLog=True, color=array([ 1.,  1.,  1.]), colorSpace='rgb', contrast=1.0, depth=-6.0, flipHoriz=False, flipVert=False, image='robot1.png', interpolate=True, mask=None, maskParams=None, name='rob1', opacity=1.0, ori=1.0, pos=array([  20., -115.]), size=array([ 100.,  100.]), texRes=128, units='pix', win=Window(...))
8.3760 	EXP 	Created rob2 = ImageStim(autoLog=True, color=array([ 1.,  1.,  1.]), colorSpace='rgb', contrast=1.0, depth=-7.0, flipHoriz=False, flipVert=False, image='sin', interpolate=True, mask=None, maskParams=None, name='rob2', opacity=1.0, ori=0.0, pos=array([ 365.,  115.]), size=array([ 100.,  100.]), texRes=128, units='pix', win=Window(...))
8.3764 	EXP 	<method-wrapper '__getattribute__' of attributeSetter object at 0x10ede2dd0>: vertices = array([[-0.5,  0.5],
       [ 0.5,  0.5],
       [ 0.5, -0.5],
       [-0.5, -0.5]])
8.3779 	EXP 	Created sh1 = Rect(autoDraw=False, autoLog=True, closeShape=True, contrast=1.0, depth=-9.0, fillColor='black', fillColorSpace='named', fillRGB=array([ 0.,  0.,  0.]), interpolate=True, lineColor='black', lineColorSpace='named', lineRGB=array([ 0.,  0.,  0.]), lineWidth=1, name='sh1', opacity=1.0, ori=array(0.0), pos=array([ 20.,   0.]), size=array([ 1.,  1.]), units='pix', vertices=ndarray(...), win=Window(...))
8.3788 	EXP 	<method-wrapper '__getattribute__' of attributeSetter object at 0x10ede2dd0>: vertices = array([[-30.,  20.],
       [ 30.,  20.],
       [ 30., -20.],
       [-30., -20.]])
8.3816 	EXP 	Created sh2a = Rect(autoDraw=False, autoLog=True, closeShape=True, contrast=1.0, depth=-10.0, fillColor='black', fillColorSpace='named', fillRGB=array([ 0.,  0.,  0.]), interpolate=True, lineColor='black', lineColorSpace='named', lineRGB=array([ 0.,  0.,  0.]), lineWidth=1, name='sh2a', opacity=1.0, ori=array(0.0), pos=array([  50.,  113.]), size=array([ 1.,  1.]), units='pix', vertices=ndarray(...), win=Window(...))
8.3821 	EXP 	<method-wrapper '__getattribute__' of attributeSetter object at 0x10ede2dd0>: vertices = array([[-20.,  40.],
       [ 20.,  40.],
       [ 20., -40.],
       [-20., -40.]])
8.3837 	EXP 	Created sh2b = Rect(autoDraw=False, autoLog=True, closeShape=True, contrast=1.0, depth=-11.0, fillColor='black', fillColorSpace='named', fillRGB=array([ 0.,  0.,  0.]), interpolate=True, lineColor='black', lineColorSpace='named', lineRGB=array([ 0.,  0.,  0.]), lineWidth=1, name='sh2b', opacity=1.0, ori=array(0.0), pos=array([ 22.,  93.]), size=array([ 1.,  1.]), units='pix', vertices=ndarray(...), win=Window(...))
8.3841 	EXP 	<method-wrapper '__getattribute__' of attributeSetter object at 0x10ede2dd0>: vertices = array([[-55.,  20.],
       [ 55.,  20.],
       [ 55., -20.],
       [-55., -20.]])
8.3857 	EXP 	Created sh3 = Rect(autoDraw=False, autoLog=True, closeShape=True, contrast=1.0, depth=-12.0, fillColor='black', fillColorSpace='named', fillRGB=array([ 0.,  0.,  0.]), interpolate=True, lineColor='black', lineColorSpace='named', lineRGB=array([ 0.,  0.,  0.]), lineWidth=1, name='sh3', opacity=1.0, ori=array(0.0), pos=array([ 135.,  115.]), size=array([ 1.,  1.]), units='pix', vertices=ndarray(...), win=Window(...))
8.3864 	EXP 	<method-wrapper '__getattribute__' of attributeSetter object at 0x10ede2dd0>: vertices = array([[-55.,  20.],
       [ 55.,  20.],
       [ 55., -20.],
       [-55., -20.]])
8.3893 	EXP 	Created sh4 = Rect(autoDraw=False, autoLog=True, closeShape=True, contrast=1.0, depth=-13.0, fillColor='black', fillColorSpace='named', fillRGB=array([ 0.,  0.,  0.]), interpolate=True, lineColor='black', lineColorSpace='named', lineRGB=array([ 0.,  0.,  0.]), lineWidth=1, name='sh4', opacity=1.0, ori=array(0.0), pos=array([ 250.,  115.]), size=array([ 1.,  1.]), units='pix', vertices=ndarray(...), win=Window(...))
8.4165 	EXP 	Created star = TextStim(alignHoriz='center', alignVert='center', antialias=True, autoLog=True, bold=False, color='white', colorSpace='named', contrast=1.0, depth=0.0, flipHoriz=False, flipVert=False, font='Arial', fontFiles=[], height=50, italic=False, name='star', opacity=1.0, ori=0, pos=array([ 0.,  0.]), rgb=array([ 255.,  255.,  255.]), text=unicode(...), units='pix', win=Window(...), wrapWidth=500)
8.4170 	EXP 	<method-wrapper '__getattribute__' of attributeSetter object at 0x10ede2dd0>: vertices = array([[-400.,  450.],
       [ 400.,  450.],
       [ 400., -450.],
       [-400., -450.]])
8.4199 	EXP 	Created whitebackground = Rect(autoDraw=False, autoLog=True, closeShape=True, contrast=1.0, depth=-2.0, fillColor=array([ 1.,  1.,  1.]), fillColorSpace='rgb', fillRGB=array([ 1.,  1.,  1.]), interpolate=True, lineColor=array([ 1.,  1.,  1.]), lineColorSpace='rgb', lineRGB=array([ 1.,  1.,  1.]), lineWidth=0, name='whitebackground', opacity=1.0, ori=array(0.0), pos=array([-560.,    0.]), size=array([ 1.,  1.]), units='pix', vertices=ndarray(...), win=Window(...))
8.4321 	EXP 	Created robotS = ImageStim(autoLog=True, color=array([ 1.,  1.,  1.]), colorSpace='rgb', contrast=1.0, depth=-3.0, flipHoriz=False, flipVert=False, image=u'robot1.png', interpolate=True, mask=None, maskParams=None, name='robotS', opacity=1.0, ori=0.0, pos=array([ 0.,  0.]), size=array([ 100.,  100.]), texRes=128, units='pix', win=Window(...))
8.4399 	EXP 	Created node1 = Polygon(autoDraw=False, autoLog=True, closeShape=True, contrast=1.0, depth=-4.0, fillColor=array([ 1.,  1.,  1.]), fillColorSpace='rgb', fillRGB=array([ 1.,  1.,  1.]), interpolate=True, lineColor=array([ 1.,  1.,  1.]), lineColorSpace='rgb', lineRGB=array([ 1.,  1.,  1.]), lineWidth=0, name='node1', opacity=1.0, ori=array(0.0), pos=array([ 0.,  0.]), size=array([ 100.,  100.]), units='pix', vertices=ndarray(...), win=Window(...))
8.4473 	EXP 	Created node2 = Polygon(autoDraw=False, autoLog=True, closeShape=True, contrast=1.0, depth=-5.0, fillColor=array([ 1.,  1.,  1.]), fillColorSpace='rgb', fillRGB=array([ 1.,  1.,  1.]), interpolate=True, lineColor=array([ 1.,  1.,  1.]), lineColorSpace='rgb', lineRGB=array([ 1.,  1.,  1.]), lineWidth=0, name='node2', opacity=1.0, ori=array(0.0), pos=array([ 0.,  0.]), size=array([ 100.,  100.]), units='pix', vertices=ndarray(...), win=Window(...))
8.4545 	EXP 	Created node3 = Polygon(autoDraw=False, autoLog=True, closeShape=True, contrast=1.0, depth=-6.0, fillColor=array([ 1.,  1.,  1.]), fillColorSpace='rgb', fillRGB=array([ 1.,  1.,  1.]), interpolate=True, lineColor=array([ 1.,  1.,  1.]), lineColorSpace='rgb', lineRGB=array([ 1.,  1.,  1.]), lineWidth=0, name='node3', opacity=1.0, ori=array(0.0), pos=array([ 0.,  0.]), size=array([ 100.,  100.]), units='pix', vertices=ndarray(...), win=Window(...))
8.4614 	EXP 	Created node4 = Polygon(autoDraw=False, autoLog=True, closeShape=True, contrast=1.0, depth=-7.0, fillColor=array([ 1.,  1.,  1.]), fillColorSpace='rgb', fillRGB=array([ 1.,  1.,  1.]), interpolate=True, lineColor=array([ 1.,  1.,  1.]), lineColorSpace='rgb', lineRGB=array([ 1.,  1.,  1.]), lineWidth=0, name='node4', opacity=1.0, ori=array(0.0), pos=array([ 0.,  0.]), size=array([ 100.,  100.]), units='pix', vertices=ndarray(...), win=Window(...))
8.4755 	EXP 	Created node5 = Polygon(autoDraw=False, autoLog=True, closeShape=True, contrast=1.0, depth=-8.0, fillColor=array([ 1.,  1.,  1.]), fillColorSpace='rgb', fillRGB=array([ 1.,  1.,  1.]), interpolate=True, lineColor=array([ 1.,  1.,  1.]), lineColorSpace='rgb', lineRGB=array([ 1.,  1.,  1.]), lineWidth=0, name='node5', opacity=1.0, ori=array(0.0), pos=array([ 0.,  0.]), size=array([ 100.,  100.]), units='pix', vertices=ndarray(...), win=Window(...))
8.4880 	EXP 	Created robotF = ImageStim(autoLog=True, color=array([ 1.,  1.,  1.]), colorSpace='rgb', contrast=1.0, depth=-9.0, flipHoriz=False, flipVert=False, image=u'robot1.png', interpolate=True, mask=None, maskParams=None, name='robotF', opacity=1.0, ori=0.0, pos=array([ 0.,  0.]), size=array([ 100.,  100.]), texRes=128, units='pix', win=Window(...))
8.4945 	EXP 	Created select1 = Polygon(autoDraw=False, autoLog=True, closeShape=True, contrast=1.0, depth=-10.0, fillColor='red', fillColorSpace='named', fillRGB=array([ 255.,    0.,    0.]), interpolate=True, lineColor=array([ 1.,  1.,  1.]), lineColorSpace='rgb', lineRGB=array([ 1.,  1.,  1.]), lineWidth=0, name='select1', opacity=1.0, ori=array(0.0), pos=array([-630.,    0.]), size=array([ 100.,  100.]), units='pix', vertices=ndarray(...), win=Window(...))
8.5006 	EXP 	Created select2 = Polygon(autoDraw=False, autoLog=True, closeShape=True, contrast=1.0, depth=-11.0, fillColor='blue', fillColorSpace='named', fillRGB=array([   0.,    0.,  255.]), interpolate=True, lineColor=array([ 1.,  1.,  1.]), lineColorSpace='rgb', lineRGB=array([ 1.,  1.,  1.]), lineWidth=0, name='select2', opacity=1.0, ori=array(0.0), pos=array([-630., -120.]), size=array([ 100.,  100.]), units='pix', vertices=ndarray(...), win=Window(...))
8.5085 	EXP 	Created select3 = Polygon(autoDraw=False, autoLog=True, closeShape=True, contrast=1.0, depth=-12.0, fillColor='yellow', fillColorSpace='named', fillRGB=array([ 255.,  255.,    0.]), interpolate=True, lineColor=array([ 1.,  1.,  1.]), lineColorSpace='rgb', lineRGB=array([ 1.,  1.,  1.]), lineWidth=0, name='select3', opacity=1.0, ori=array(0.0), pos=array([-630., -240.]), size=array([ 100.,  100.]), units='pix', vertices=ndarray(...), win=Window(...))
8.5157 	EXP 	Created select4 = Polygon(autoDraw=False, autoLog=True, closeShape=True, contrast=1.0, depth=-13.0, fillColor=u'green', fillColorSpace='named', fillRGB=array([   0.,  128.,    0.]), interpolate=True, lineColor=array([ 1.,  1.,  1.]), lineColorSpace='rgb', lineRGB=array([ 1.,  1.,  1.]), lineWidth=0, name='select4', opacity=1.0, ori=array(0.0), pos=array([-630., -360.]), size=array([ 100.,  100.]), units='pix', vertices=ndarray(...), win=Window(...))
8.5593 	EXP 	Created selection = ImageStim(autoLog=True, color=array([ 1.,  1.,  1.]), colorSpace='rgb', contrast=1.0, depth=-14.0, flipHoriz=False, flipVert=False, image='mastershapes.png', interpolate=True, mask=None, maskParams=None, name='selection', opacity=1.0, ori=0.0, pos=array([ 0.,  0.]), size=array([ 500.,  400.]), texRes=128, units='pix', win=Window(...))
8.6126 	EXP 	Created sel = TextStim(alignHoriz='center', alignVert='center', antialias=True, autoLog=True, bold=False, color='black', colorSpace='named', contrast=1.0, depth=-15.0, flipHoriz=False, flipVert=False, font='Arial', fontFiles=[], height=30, italic=False, name='sel', opacity=1.0, ori=0, pos=array([-450.,  250.]), rgb=array([ 0.,  0.,  0.]), text=unicode(...), units='pix', win=Window(...), wrapWidth=500)
8.6238 	EXP 	Created Evaluation = TextStim(alignHoriz='center', alignVert='center', antialias=True, autoLog=True, bold=False, color=u'white', colorSpace='named', contrast=1.0, depth=-1.0, flipHoriz=False, flipVert=False, font=u'Arial', fontFiles=[], height=50, italic=False, name='Evaluation', opacity=1.0, ori=0, pos=array([   0.,  300.]), rgb=array([ 255.,  255.,  255.]), text=u'Is this pathway correct? \n', units='pix', win=Window(...), wrapWidth=500)
8.6307 	EXP 	Created polygon = Polygon(autoDraw=False, autoLog=True, closeShape=True, contrast=1.0, depth=-2.0, fillColor=array([ 1.,  1.,  1.]), fillColorSpace='rgb', fillRGB=array([ 1.,  1.,  1.]), interpolate=True, lineColor=array([ 1.,  1.,  1.]), lineColorSpace='rgb', lineRGB=array([ 1.,  1.,  1.]), lineWidth=1, name='polygon', opacity=1.0, ori=array(0.0), pos=array([ 0.,  0.]), size=array([ 100.,  100.]), units='pix', vertices=ndarray(...), win=Window(...))
8.6380 	EXP 	Created polygon_2 = Polygon(autoDraw=False, autoLog=True, closeShape=True, contrast=1.0, depth=-3.0, fillColor=array([ 1.,  1.,  1.]), fillColorSpace='rgb', fillRGB=array([ 1.,  1.,  1.]), interpolate=True, lineColor=array([ 1.,  1.,  1.]), lineColorSpace='rgb', lineRGB=array([ 1.,  1.,  1.]), lineWidth=1, name='polygon_2', opacity=1.0, ori=array(0.0), pos=array([ 0.,  0.]), size=array([ 100.,  100.]), units='pix', vertices=ndarray(...), win=Window(...))
8.6452 	EXP 	Created polygon_3 = Polygon(autoDraw=False, autoLog=True, closeShape=True, contrast=1.0, depth=-4.0, fillColor=array([ 1.,  1.,  1.]), fillColorSpace='rgb', fillRGB=array([ 1.,  1.,  1.]), interpolate=True, lineColor=array([ 1.,  1.,  1.]), lineColorSpace='rgb', lineRGB=array([ 1.,  1.,  1.]), lineWidth=1, name='polygon_3', opacity=1.0, ori=array(0.0), pos=array([ 0.,  0.]), size=array([ 100.,  100.]), units='pix', vertices=ndarray(...), win=Window(...))
8.6516 	EXP 	Created polygon_4 = Polygon(autoDraw=False, autoLog=True, closeShape=True, contrast=1.0, depth=-5.0, fillColor=array([ 1.,  1.,  1.]), fillColorSpace='rgb', fillRGB=array([ 1.,  1.,  1.]), interpolate=True, lineColor=array([ 1.,  1.,  1.]), lineColorSpace='rgb', lineRGB=array([ 1.,  1.,  1.]), lineWidth=1, name='polygon_4', opacity=1.0, ori=array(0.0), pos=array([ 0.,  0.]), size=array([ 100.,  100.]), units='pix', vertices=ndarray(...), win=Window(...))
8.6586 	EXP 	Created polygon_5 = Polygon(autoDraw=False, autoLog=True, closeShape=True, contrast=1.0, depth=-6.0, fillColor=array([ 1.,  1.,  1.]), fillColorSpace='rgb', fillRGB=array([ 1.,  1.,  1.]), interpolate=True, lineColor=array([ 1.,  1.,  1.]), lineColorSpace='rgb', lineRGB=array([ 1.,  1.,  1.]), lineWidth=1, name='polygon_5', opacity=1.0, ori=array(0.0), pos=array([ 0.,  0.]), size=array([ 100.,  100.]), units='pix', vertices=ndarray(...), win=Window(...))
8.6715 	EXP 	Created choice = TextStim(alignHoriz='center', alignVert='center', antialias=True, autoLog=True, bold=False, color=u'white', colorSpace='named', contrast=1.0, depth=-7.0, flipHoriz=False, flipVert=False, font=u'Arial', fontFiles=[], height=50, italic=False, name='choice', opacity=1.0, ori=0, pos=array([   0., -300.]), rgb=array([ 255.,  255.,  255.]), text=u"Press 'y' for Yes  \nPress 'n' for No", units='pix', win=Window(...), wrapWidth=500)
8.6837 	EXP 	Created ro = ImageStim(autoLog=True, color=array([ 1.,  1.,  1.]), colorSpace='rgb', contrast=1.0, depth=-9.0, flipHoriz=False, flipVert=False, image=u'robot1.png', interpolate=True, mask=None, maskParams=None, name='ro', opacity=1.0, ori=0.0, pos=array([ 0.,  0.]), size=array([ 100.,  100.]), texRes=128, units='pix', win=Window(...))
8.6971 	EXP 	Created rq = ImageStim(autoLog=True, color=array([ 1.,  1.,  1.]), colorSpace='rgb', contrast=1.0, depth=-10.0, flipHoriz=False, flipVert=False, image=u'robot1.png', interpolate=True, mask=None, maskParams=None, name='rq', opacity=1.0, ori=0.0, pos=array([ 0.,  0.]), size=array([ 100.,  100.]), texRes=128, units='pix', win=Window(...))
8.7068 	EXP 	Created thankyou = TextStim(alignHoriz='center', alignVert='center', antialias=True, autoLog=True, bold=False, color='white', colorSpace='named', contrast=1.0, depth=0.0, flipHoriz=False, flipVert=False, font='Arial', fontFiles=[], height=50, italic=False, name='thankyou', opacity=1.0, ori=0, pos=array([ 0.,  0.]), rgb=array([ 255.,  255.,  255.]), text=u'Thank you for your participation.\n', units='pix', win=Window(...), wrapWidth=500)
8.7375 	EXP 	instruct: pos = array([   0.,  150.])
8.7375 	EXP 	na: pos = array([-110., -100.])
8.7375 	EXP 	na: size = array([ 100.,  100.])
8.7375 	EXP 	nb: pos = array([   0., -100.])
8.7375 	EXP 	nb: size = array([ 100.,  100.])
8.7375 	EXP 	nc: pos = array([ 110., -100.])
8.7375 	EXP 	nc: size = array([ 100.,  100.])
8.7375 	EXP 	welcome: autoDraw = True
11.7210 	EXP 	welcome: autoDraw = False
11.7378 	EXP 	instruct: autoDraw = True
14.7381 	EXP 	rob0: autoDraw = True
14.7381 	EXP 	robb: autoDraw = True
15.2383 	EXP 	na: autoDraw = True
15.7382 	EXP 	nb: autoDraw = True
16.2383 	EXP 	nc: autoDraw = True
17.2382 	EXP 	s1: autoDraw = True
18.2385 	EXP 	s2: autoDraw = True
19.2386 	EXP 	s3: autoDraw = True
22.7224 	EXP 	na: autoDraw = False
22.7224 	EXP 	nb: autoDraw = False
22.7224 	EXP 	nc: autoDraw = False
22.7224 	EXP 	s1: autoDraw = False
22.7224 	EXP 	s2: autoDraw = False
22.7224 	EXP 	s3: autoDraw = False
22.7389 	EXP 	heart: autoDraw = True
26.7393 	EXP 	instruct: autoDraw = False
26.7393 	EXP 	rob0: autoDraw = False
26.7393 	EXP 	robb: autoDraw = False
26.7393 	EXP 	heart: autoDraw = False
26.7393 	EXP 	welcome: autoDraw = False
26.7393 	EXP 	instruct: autoDraw = False
26.7393 	EXP 	rob0: autoDraw = False
26.7393 	EXP 	robb: autoDraw = False
26.7393 	EXP 	na: autoDraw = False
26.7393 	EXP 	nb: autoDraw = False
26.7393 	EXP 	nc: autoDraw = False
26.7393 	EXP 	s1: autoDraw = False
26.7393 	EXP 	s2: autoDraw = False
26.7393 	EXP 	s3: autoDraw = False
26.7393 	EXP 	heart: autoDraw = False
26.7393 	EXP 	text_2: pos = array([-300.,  300.])
26.7393 	EXP 	nod1: fillColor = 'red (named)'
26.7393 	EXP 	nod1: pos = array([ 20.,   0.])
26.7393 	EXP 	nod2: fillColor = 'yellow (named)'
26.7393 	EXP 	nod2: pos = array([  20.,  115.])
26.7393 	EXP 	nod2: lineColor = 'yellow (named)'
26.7393 	EXP 	nod3: fillColor = 'blue (named)'
26.7393 	EXP 	nod3: lineColor = 'blue (named)'
26.7393 	EXP 	nod4: fillColor = 'blue (named)'
26.7393 	EXP 	nod4: lineColor = 'blue (named)'
26.7393 	EXP 	rob1: ori = 0.0
26.7393 	EXP 	rob2: image = 'robot1.png'
26.7393 	EXP 	sh1: size = array([  40.,  110.])
26.7393 	EXP 	text_2: autoDraw = True
26.7393 	EXP 	nod1: autoDraw = True
26.7393 	EXP 	nod2: autoDraw = True
26.7393 	EXP 	nod3: autoDraw = True
26.7393 	EXP 	nod4: autoDraw = True
26.7393 	EXP 	rob1: autoDraw = True
26.7393 	EXP 	rob2: autoDraw = True
28.7395 	EXP 	sh1: autoDraw = True
29.2398 	EXP 	sh2a: autoDraw = True
29.2398 	EXP 	sh2b: autoDraw = True
29.7398 	EXP 	sh3: autoDraw = True
30.2399 	EXP 	sh4: autoDraw = True
35.6006 	DATA 	Keypress: space
35.6237 	EXP 	text_2: autoDraw = False
35.6237 	EXP 	nod1: autoDraw = False
35.6237 	EXP 	nod2: autoDraw = False
35.6237 	EXP 	nod3: autoDraw = False
35.6237 	EXP 	nod4: autoDraw = False
35.6237 	EXP 	rob1: autoDraw = False
35.6237 	EXP 	rob2: autoDraw = False
35.6237 	EXP 	sh1: autoDraw = False
35.6237 	EXP 	sh2a: autoDraw = False
35.6237 	EXP 	sh2b: autoDraw = False
35.6237 	EXP 	sh3: autoDraw = False
35.6237 	EXP 	sh4: autoDraw = False
35.6237 	EXP 	star: autoDraw = True
36.2930 	DATA 	Keypress: space
36.3033 	EXP 	Imported designs.xlsx as conditions, 4 conditions, 17 params
36.3038 	EXP 	Created sequence: sequential, trialTypes=4, nReps=1, seed=None
36.3050 	EXP 	New trial (rep=0, index=0): {u'n2col': u'blue', u'n4col': u'red', u'n3col': u'green', u'corrAns': u'a', u'r4': u'd', u'n1col': u'blue', u'r1': u'a', u'r2': u'b', u'rs': u'LOC21', u'r3': u'c', u're': u'LOC9', u'n5col': u'red', u'n1': u'LOC22', u'n2': u'LOC23', u'n3': u'LOC24', u'n4': u'LOC19', u'n5': u'LOC14'}
36.3238 	EXP 	star: autoDraw = False
36.3238 	EXP 	robotS: pos = array([  20., -230.])
36.3238 	EXP 	node1: fillColor = u'blue (named)'
36.3238 	EXP 	node1: pos = array([ 135., -230.])
36.3238 	EXP 	node2: fillColor = u'blue (named)'
36.3238 	EXP 	node2: pos = array([ 250., -230.])
36.3238 	EXP 	node3: fillColor = u'green (named)'
36.3238 	EXP 	node3: pos = array([ 365., -230.])
36.3238 	EXP 	node4: fillColor = u'red (named)'
36.3238 	EXP 	node4: pos = array([ 365., -115.])
36.3238 	EXP 	node5: fillColor = u'red (named)'
36.3238 	EXP 	node5: pos = array([ 365.,    0.])
36.3238 	EXP 	robotF: pos = array([ 365.,  115.])
36.3238 	EXP 	whitebackground: autoDraw = True
36.3238 	EXP 	robotS: autoDraw = True
36.3238 	EXP 	node1: autoDraw = True
36.3238 	EXP 	node2: autoDraw = True
36.3238 	EXP 	node3: autoDraw = True
36.3238 	EXP 	node4: autoDraw = True
36.3238 	EXP 	node5: autoDraw = True
36.3238 	EXP 	robotF: autoDraw = True
36.3238 	EXP 	select1: autoDraw = True
36.3238 	EXP 	select2: autoDraw = True
36.3238 	EXP 	select3: autoDraw = True
36.3238 	EXP 	select4: autoDraw = True
36.3238 	EXP 	selection: autoDraw = True
36.3238 	EXP 	sel: autoDraw = True
37.4946 	DATA 	Keypress: a
37.6610 	DATA 	Keypress: a
37.8107 	DATA 	Keypress: a
38.1269 	DATA 	Keypress: a
38.1294 	EXP 	New trial (rep=0, index=1): {u'n2col': u'yellow', u'n4col': u'green', u'n3col': u'blue', u'corrAns': u'b', u'r4': u'd', u'n1col': u'red', u'r1': u'a', u'r2': u'b', u'rs': u'LOC21', u'r3': u'c', u're': u'LOC3', u'n5col': u'red', u'n1': u'LOC16', u'n2': u'LOC11', u'n3': u'LOC12', u'n4': u'LOC13', u'n5': u'LOC8'}
38.1572 	EXP 	whitebackground: autoDraw = False
38.1572 	EXP 	robotS: autoDraw = False
38.1572 	EXP 	node1: autoDraw = False
38.1572 	EXP 	node2: autoDraw = False
38.1572 	EXP 	node3: autoDraw = False
38.1572 	EXP 	node4: autoDraw = False
38.1572 	EXP 	node5: autoDraw = False
38.1572 	EXP 	robotF: autoDraw = False
38.1572 	EXP 	select1: autoDraw = False
38.1572 	EXP 	select2: autoDraw = False
38.1572 	EXP 	select3: autoDraw = False
38.1572 	EXP 	select4: autoDraw = False
38.1572 	EXP 	selection: autoDraw = False
38.1572 	EXP 	sel: autoDraw = False
38.1572 	EXP 	robotS: pos = array([  20., -230.])
38.1572 	EXP 	node1: fillColor = u'red (named)'
38.1572 	EXP 	node1: pos = array([  20., -115.])
38.1572 	EXP 	node2: fillColor = u'yellow (named)'
38.1572 	EXP 	node2: pos = array([ 20.,   0.])
38.1572 	EXP 	node3: fillColor = u'blue (named)'
38.1572 	EXP 	node3: pos = array([ 135.,    0.])
38.1572 	EXP 	node4: fillColor = u'green (named)'
38.1572 	EXP 	node4: pos = array([ 250.,    0.])
38.1572 	EXP 	node5: fillColor = u'red (named)'
38.1572 	EXP 	node5: pos = array([ 250.,  115.])
38.1572 	EXP 	robotF: pos = array([ 250.,  230.])
38.1572 	EXP 	whitebackground: autoDraw = True
38.1572 	EXP 	robotS: autoDraw = True
38.1572 	EXP 	node1: autoDraw = True
38.1572 	EXP 	node2: autoDraw = True
38.1572 	EXP 	node3: autoDraw = True
38.1572 	EXP 	node4: autoDraw = True
38.1572 	EXP 	node5: autoDraw = True
38.1572 	EXP 	robotF: autoDraw = True
38.1572 	EXP 	select1: autoDraw = True
38.1572 	EXP 	select2: autoDraw = True
38.1572 	EXP 	select3: autoDraw = True
38.1572 	EXP 	select4: autoDraw = True
38.1572 	EXP 	selection: autoDraw = True
38.1572 	EXP 	sel: autoDraw = True
38.4131 	DATA 	Keypress: a
38.5631 	DATA 	Keypress: a
38.7134 	DATA 	Keypress: a
39.0440 	DATA 	Keypress: a
39.0460 	EXP 	New trial (rep=0, index=2): {u'n2col': u'red', u'n4col': u'blue', u'n3col': u'yellow', u'corrAns': u'c', u'r4': u'd', u'n1col': u'red', u'r1': u'a', u'r2': u'b', u'rs': u'LOC22', u'r3': u'c', u're': u'LOC10', u'n5col': u'blue', u'n1': u'LOC17', u'n2': u'LOC12', u'n3': u'LOC7', u'n4': u'LOC8', u'n5': u'LOC9'}
39.0740 	EXP 	whitebackground: autoDraw = False
39.0740 	EXP 	robotS: autoDraw = False
39.0740 	EXP 	node1: autoDraw = False
39.0740 	EXP 	node2: autoDraw = False
39.0740 	EXP 	node3: autoDraw = False
39.0740 	EXP 	node4: autoDraw = False
39.0740 	EXP 	node5: autoDraw = False
39.0740 	EXP 	robotF: autoDraw = False
39.0740 	EXP 	select1: autoDraw = False
39.0740 	EXP 	select2: autoDraw = False
39.0740 	EXP 	select3: autoDraw = False
39.0740 	EXP 	select4: autoDraw = False
39.0740 	EXP 	selection: autoDraw = False
39.0740 	EXP 	sel: autoDraw = False
39.0740 	EXP 	robotS: pos = array([ 135., -230.])
39.0740 	EXP 	node1: fillColor = u'red (named)'
39.0740 	EXP 	node1: pos = array([ 135., -115.])
39.0740 	EXP 	node2: fillColor = u'red (named)'
39.0740 	EXP 	node2: pos = array([ 135.,    0.])
39.0740 	EXP 	node3: fillColor = u'yellow (named)'
39.0740 	EXP 	node3: pos = array([ 135.,  115.])
39.0740 	EXP 	node4: fillColor = u'blue (named)'
39.0740 	EXP 	node4: pos = array([ 250.,  115.])
39.0740 	EXP 	node5: fillColor = u'blue (named)'
39.0740 	EXP 	node5: pos = array([ 365.,  115.])
39.0740 	EXP 	robotF: pos = array([ 480.,  115.])
39.0740 	EXP 	whitebackground: autoDraw = True
39.0740 	EXP 	robotS: autoDraw = True
39.0740 	EXP 	node1: autoDraw = True
39.0740 	EXP 	node2: autoDraw = True
39.0740 	EXP 	node3: autoDraw = True
39.0740 	EXP 	node4: autoDraw = True
39.0740 	EXP 	node5: autoDraw = True
39.0740 	EXP 	robotF: autoDraw = True
39.0740 	EXP 	select1: autoDraw = True
39.0740 	EXP 	select2: autoDraw = True
39.0740 	EXP 	select3: autoDraw = True
39.0740 	EXP 	select4: autoDraw = True
39.0740 	EXP 	selection: autoDraw = True
39.0740 	EXP 	sel: autoDraw = True
39.2604 	DATA 	Keypress: a
39.5271 	DATA 	Keypress: a
39.7777 	DATA 	Keypress: a
40.1439 	DATA 	Keypress: a
40.1458 	EXP 	New trial (rep=0, index=3): {u'n2col': u'yellow', u'n4col': u'yellow', u'n3col': u'green', u'corrAns': u'd', u'r4': u'd', u'n1col': u'green', u'r1': u'a', u'r2': u'b', u'rs': u'LOC16', u'r3': u'c', u're': u'LOC10', u'n5col': u'blue', u'n1': u'LOC17', u'n2': u'LOC12', u'n3': u'LOC13', u'n4': u'LOC8', u'n5': u'LOC9'}
40.1742 	EXP 	whitebackground: autoDraw = False
40.1742 	EXP 	robotS: autoDraw = False
40.1742 	EXP 	node1: autoDraw = False
40.1742 	EXP 	node2: autoDraw = False
40.1742 	EXP 	node3: autoDraw = False
40.1742 	EXP 	node4: autoDraw = False
40.1742 	EXP 	node5: autoDraw = False
40.1742 	EXP 	robotF: autoDraw = False
40.1742 	EXP 	select1: autoDraw = False
40.1742 	EXP 	select2: autoDraw = False
40.1742 	EXP 	select3: autoDraw = False
40.1742 	EXP 	select4: autoDraw = False
40.1742 	EXP 	selection: autoDraw = False
40.1742 	EXP 	sel: autoDraw = False
40.1742 	EXP 	robotS: pos = array([  20., -115.])
40.1742 	EXP 	node1: fillColor = u'green (named)'
40.1742 	EXP 	node1: pos = array([ 135., -115.])
40.1742 	EXP 	node2: fillColor = u'yellow (named)'
40.1742 	EXP 	node2: pos = array([ 135.,    0.])
40.1742 	EXP 	node3: fillColor = u'green (named)'
40.1742 	EXP 	node3: pos = array([ 250.,    0.])
40.1742 	EXP 	node4: fillColor = u'yellow (named)'
40.1742 	EXP 	node4: pos = array([ 250.,  115.])
40.1742 	EXP 	node5: fillColor = u'blue (named)'
40.1742 	EXP 	node5: pos = array([ 365.,  115.])
40.1742 	EXP 	robotF: pos = array([ 480.,  115.])
40.1742 	EXP 	whitebackground: autoDraw = True
40.1742 	EXP 	robotS: autoDraw = True
40.1742 	EXP 	node1: autoDraw = True
40.1742 	EXP 	node2: autoDraw = True
40.1742 	EXP 	node3: autoDraw = True
40.1742 	EXP 	node4: autoDraw = True
40.1742 	EXP 	node5: autoDraw = True
40.1742 	EXP 	robotF: autoDraw = True
40.1742 	EXP 	select1: autoDraw = True
40.1742 	EXP 	select2: autoDraw = True
40.1742 	EXP 	select3: autoDraw = True
40.1742 	EXP 	select4: autoDraw = True
40.1742 	EXP 	selection: autoDraw = True
40.1742 	EXP 	sel: autoDraw = True
40.4934 	DATA 	Keypress: a
40.8272 	DATA 	Keypress: a
41.1437 	DATA 	Keypress: a
41.5101 	DATA 	Keypress: a
41.5194 	EXP 	Imported designs1.xlsx as conditions, 2 conditions, 17 params
41.5198 	EXP 	Created sequence: sequential, trialTypes=2, nReps=5, seed=None
41.5204 	EXP 	New trial (rep=0, index=0): {u'n2col': u'yellow', u'n4col': u'yellow', u'n3col': u'green', u'corrAns': u'y', u'r4': None, u'n1col': u'green', u'r1': None, u'r2': None, u'rs': u'LOC16', u'r3': None, u're': u'LOC10', u'n5col': u'blue', u'n1': u'LOC17', u'n2': u'LOC12', u'n3': u'LOC13', u'n4': u'LOC8', u'n5': u'LOC9'}
41.5410 	EXP 	whitebackground: autoDraw = False
41.5410 	EXP 	robotS: autoDraw = False
41.5410 	EXP 	node1: autoDraw = False
41.5410 	EXP 	node2: autoDraw = False
41.5410 	EXP 	node3: autoDraw = False
41.5410 	EXP 	node4: autoDraw = False
41.5410 	EXP 	node5: autoDraw = False
41.5410 	EXP 	robotF: autoDraw = False
41.5410 	EXP 	select1: autoDraw = False
41.5410 	EXP 	select2: autoDraw = False
41.5410 	EXP 	select3: autoDraw = False
41.5410 	EXP 	select4: autoDraw = False
41.5410 	EXP 	selection: autoDraw = False
41.5410 	EXP 	sel: autoDraw = False
41.5410 	EXP 	polygon: fillColor = u'green (named)'
41.5410 	EXP 	polygon: pos = array([ 135., -115.])
41.5410 	EXP 	polygon_2: fillColor = u'yellow (named)'
41.5410 	EXP 	polygon_2: pos = array([ 135.,    0.])
41.5410 	EXP 	polygon_3: fillColor = u'green (named)'
41.5410 	EXP 	polygon_3: pos = array([ 250.,    0.])
41.5410 	EXP 	polygon_4: fillColor = u'yellow (named)'
41.5410 	EXP 	polygon_4: pos = array([ 250.,  115.])
41.5410 	EXP 	polygon_5: fillColor = u'blue (named)'
41.5410 	EXP 	polygon_5: pos = array([ 365.,  115.])
41.5410 	EXP 	ro: color = '[ 1.  1.  1.] (rgb)'
41.5410 	EXP 	ro: pos = array([  20., -115.])
41.5410 	EXP 	rq: color = '[ 1.  1.  1.] (rgb)'
41.5410 	EXP 	rq: pos = array([ 480.,  115.])
41.5410 	EXP 	Evaluation: autoDraw = True
41.5410 	EXP 	polygon: autoDraw = True
41.5410 	EXP 	polygon_2: autoDraw = True
41.5410 	EXP 	polygon_3: autoDraw = True
41.5410 	EXP 	polygon_4: autoDraw = True
41.5410 	EXP 	polygon_5: autoDraw = True
41.5410 	EXP 	choice: autoDraw = True
41.5410 	EXP 	ro: autoDraw = True
41.5410 	EXP 	rq: autoDraw = True
909.7913 	DATA 	Keypress: n
909.8024 	EXP 	New trial (rep=0, index=1): {u'n2col': u'yellow', u'n4col': u'yellow', u'n3col': u'red', u'corrAns': u'n', u'r4': None, u'n1col': u'blue', u'r1': None, u'r2': None, u'rs': u'LOC16', u'r3': None, u're': u'LOC10', u'n5col': u'blue', u'n1': u'LOC17', u'n2': u'LOC12', u'n3': u'LOC13', u'n4': u'LOC8', u'n5': u'LOC9'}
909.8167 	EXP 	Evaluation: autoDraw = False
909.8167 	EXP 	polygon: autoDraw = False
909.8167 	EXP 	polygon_2: autoDraw = False
909.8167 	EXP 	polygon_3: autoDraw = False
909.8167 	EXP 	polygon_4: autoDraw = False
909.8167 	EXP 	polygon_5: autoDraw = False
909.8167 	EXP 	choice: autoDraw = False
909.8167 	EXP 	ro: autoDraw = False
909.8167 	EXP 	rq: autoDraw = False
909.8167 	EXP 	polygon: fillColor = u'blue (named)'
909.8167 	EXP 	polygon: pos = array([ 135., -115.])
909.8167 	EXP 	polygon_2: fillColor = u'yellow (named)'
909.8167 	EXP 	polygon_2: pos = array([ 135.,    0.])
909.8167 	EXP 	polygon_3: fillColor = u'red (named)'
909.8167 	EXP 	polygon_3: pos = array([ 250.,    0.])
909.8167 	EXP 	polygon_4: fillColor = u'yellow (named)'
909.8167 	EXP 	polygon_4: pos = array([ 250.,  115.])
909.8167 	EXP 	polygon_5: fillColor = u'blue (named)'
909.8167 	EXP 	polygon_5: pos = array([ 365.,  115.])
909.8167 	EXP 	ro: color = '[ 1.  1.  1.] (rgb)'
909.8167 	EXP 	ro: pos = array([  20., -115.])
909.8167 	EXP 	rq: color = '[ 1.  1.  1.] (rgb)'
909.8167 	EXP 	rq: pos = array([ 480.,  115.])
909.8167 	EXP 	Evaluation: autoDraw = True
909.8167 	EXP 	polygon: autoDraw = True
909.8167 	EXP 	polygon_2: autoDraw = True
909.8167 	EXP 	polygon_3: autoDraw = True
909.8167 	EXP 	polygon_4: autoDraw = True
909.8167 	EXP 	polygon_5: autoDraw = True
909.8167 	EXP 	choice: autoDraw = True
909.8167 	EXP 	ro: autoDraw = True
909.8167 	EXP 	rq: autoDraw = True
923.3384 	DATA 	Keypress: escape
