6.2470 	EXP 	Created window1 = Window(allowGUI=False, allowStencil=False, autoLog=True, bitsMode=UNKNOWN, blendMode='avg', color='black', colorSpace='named', fullscr=UNKNOWN, gamma=None, lms=UNKNOWN, monitor=<psychopy.monitors.calibTools.Monitor object at 0x1131ffb50>, name='window1', pos=[0, 0], screen=0, size=array([1440,  900]), stereo=False, units='pix', useFBO=True, useRetina=False, viewOri=0.0, viewPos=None, viewScale=None, waitBlanking=True, winType='pyglet')
6.2470 	EXP 	window1: recordFrameIntervals = False
6.4127 	EXP 	window1: recordFrameIntervals = True
6.5963 	EXP 	window1: recordFrameIntervals = False
6.7542 	EXP 	Created welcome = TextStim(alignHoriz='center', alignVert='center', antialias=True, autoLog=True, bold=False, color='white', colorSpace='named', contrast=1.0, depth=-1.0, flipHoriz=False, flipVert=False, font='Arial', fontFiles=[], height=100, italic=False, name='welcome', opacity=1.0, ori=0, pos=array([ 0.,  0.]), rgb=array([ 255.,  255.,  255.]), text=u'Welcome!', units='pix', win=Window(...), wrapWidth=500)
6.7883 	EXP 	Created instruct = TextStim(alignHoriz='center', alignVert='center', antialias=True, autoLog=True, bold=False, color='white', colorSpace='named', contrast=1.0, depth=-2.0, flipHoriz=False, flipVert=False, font='Arial', fontFiles=[], height=50, italic=False, name='instruct', opacity=1.0, ori=0, pos=array([ 0.,  0.]), rgb=array([ 255.,  255.,  255.]), text=unicode(...), units='pix', win=Window(...), wrapWidth=500)
6.8695 	EXP 	Created rob0 = ImageStim(autoLog=True, color=array([ 1.,  1.,  1.]), colorSpace='rgb', contrast=1.0, depth=-3.0, flipHoriz=False, flipVert=False, image='robot1.png', interpolate=True, mask=None, maskParams=None, name='rob0', opacity=1.0, ori=0.0, pos=array([-250., -100.]), size=array([ 200.,  200.]), texRes=128, units='pix', win=Window(...))
6.8850 	EXP 	Created robb = ImageStim(autoLog=True, color=array([ 1.,  1.,  1.]), colorSpace='rgb', contrast=1.0, depth=-4.0, flipHoriz=False, flipVert=False, image='robot1.png', interpolate=True, mask=None, maskParams=None, name='robb', opacity=1.0, ori=0.0, pos=array([ 250., -100.]), size=array([ 200.,  200.]), texRes=128, units='pix', win=Window(...))
6.9013 	EXP 	Created na = Polygon(autoDraw=False, autoLog=True, closeShape=True, contrast=1.0, depth=-5.0, fillColor='blue', fillColorSpace='named', fillRGB=array([   0.,    0.,  255.]), interpolate=True, lineColor='blue', lineColorSpace='named', lineRGB=array([   0.,    0.,  255.]), lineWidth=1, name='na', opacity=1.0, ori=array(0.0), pos=array([ 0.,  0.]), size=array([ 1.,  1.]), units='pix', vertices=ndarray(...), win=Window(...))
6.9075 	EXP 	Created nb = Polygon(autoDraw=False, autoLog=True, closeShape=True, contrast=1.0, depth=-6.0, fillColor='blue', fillColorSpace='named', fillRGB=array([   0.,    0.,  255.]), interpolate=True, lineColor='blue', lineColorSpace='named', lineRGB=array([   0.,    0.,  255.]), lineWidth=1, name='nb', opacity=1.0, ori=array(0.0), pos=array([ 0.,  0.]), size=array([ 1.,  1.]), units='pix', vertices=ndarray(...), win=Window(...))
6.9137 	EXP 	Created nc = Polygon(autoDraw=False, autoLog=True, closeShape=True, contrast=1.0, depth=-7.0, fillColor='blue', fillColorSpace='named', fillRGB=array([   0.,    0.,  255.]), interpolate=True, lineColor='blue', lineColorSpace='named', lineRGB=array([   0.,    0.,  255.]), lineWidth=1, name='nc', opacity=1.0, ori=array(0.0), pos=array([ 0.,  0.]), size=array([ 1.,  1.]), units='pix', vertices=ndarray(...), win=Window(...))
6.9157 	EXP 	<method-wrapper '__getattribute__' of attributeSetter object at 0x110a7c150>: vertices = array([[-55.,  20.],
       [ 55.,  20.],
       [ 55., -20.],
       [-55., -20.]])
6.9173 	EXP 	Created s1 = Rect(autoDraw=False, autoLog=True, closeShape=True, contrast=1.0, depth=-8.0, fillColor='black', fillColorSpace='named', fillRGB=array([ 0.,  0.,  0.]), interpolate=True, lineColor='black', lineColorSpace='named', lineRGB=array([ 0.,  0.,  0.]), lineWidth=1, name='s1', opacity=1.0, ori=array(0.0), pos=array([-110., -100.]), size=array([ 1.,  1.]), units='pix', vertices=ndarray(...), win=Window(...))
6.9178 	EXP 	<method-wrapper '__getattribute__' of attributeSetter object at 0x110a7c150>: vertices = array([[-55.,  20.],
       [ 55.,  20.],
       [ 55., -20.],
       [-55., -20.]])
6.9201 	EXP 	Created s2 = Rect(autoDraw=False, autoLog=True, closeShape=True, contrast=1.0, depth=-9.0, fillColor='black', fillColorSpace='named', fillRGB=array([ 0.,  0.,  0.]), interpolate=True, lineColor='black', lineColorSpace='named', lineRGB=array([ 0.,  0.,  0.]), lineWidth=1, name='s2', opacity=1.0, ori=array(0.0), pos=array([   0., -100.]), size=array([ 1.,  1.]), units='pix', vertices=ndarray(...), win=Window(...))
6.9209 	EXP 	<method-wrapper '__getattribute__' of attributeSetter object at 0x110a7c150>: vertices = array([[-55.,  20.],
       [ 55.,  20.],
       [ 55., -20.],
       [-55., -20.]])
6.9235 	EXP 	Created s3 = Rect(autoDraw=False, autoLog=True, closeShape=True, contrast=1.0, depth=-10.0, fillColor='black', fillColorSpace='named', fillRGB=array([ 0.,  0.,  0.]), interpolate=True, lineColor='black', lineColorSpace='named', lineRGB=array([ 0.,  0.,  0.]), lineWidth=1, name='s3', opacity=1.0, ori=array(0.0), pos=array([ 110., -100.]), size=array([ 1.,  1.]), units='pix', vertices=ndarray(...), win=Window(...))
7.4039 	EXP 	Created heart = ImageStim(autoLog=True, color=array([ 1.,  1.,  1.]), colorSpace='rgb', contrast=1.0, depth=-11.0, flipHoriz=False, flipVert=False, image='heart.png', interpolate=True, mask=None, maskParams=None, name='heart', opacity=1.0, ori=0.0, pos=array([   0., -100.]), size=array([ 1.,  1.]), texRes=128, units='pix', win=Window(...))
7.4685 	EXP 	Created text_2 = TextStim(alignHoriz='center', alignVert='center', antialias=True, autoLog=True, bold=False, color='white', colorSpace='named', contrast=1.0, depth=-1.0, flipHoriz=False, flipVert=False, font='Arial', fontFiles=[], height=40, italic=False, name='text_2', opacity=1.0, ori=0, pos=array([ 0.,  0.]), rgb=array([ 255.,  255.,  255.]), text=u"Let's take an example", units='pix', win=Window(...), wrapWidth=500)
7.4760 	EXP 	Created nod1 = Polygon(autoDraw=False, autoLog=True, closeShape=True, contrast=1.0, depth=-2.0, fillColor=array([ 1.,  1.,  1.]), fillColorSpace='rgb', fillRGB=array([ 1.,  1.,  1.]), interpolate=True, lineColor='red', lineColorSpace='named', lineRGB=array([ 255.,    0.,    0.]), lineWidth=1, name='nod1', opacity=1.0, ori=array(0.0), pos=array([ 0.,  0.]), size=array([ 100.,  100.]), units='pix', vertices=ndarray(...), win=Window(...))
7.4834 	EXP 	Created nod2 = Polygon(autoDraw=False, autoLog=True, closeShape=True, contrast=1.0, depth=-3.0, fillColor=array([ 1.,  1.,  1.]), fillColorSpace='rgb', fillRGB=array([ 1.,  1.,  1.]), interpolate=True, lineColor=array([ 1.,  1.,  1.]), lineColorSpace='rgb', lineRGB=array([ 1.,  1.,  1.]), lineWidth=1, name='nod2', opacity=1.0, ori=array(0.0), pos=array([ 0.,  0.]), size=array([ 100.,  100.]), units='pix', vertices=ndarray(...), win=Window(...))
7.4907 	EXP 	Created nod3 = Polygon(autoDraw=False, autoLog=True, closeShape=True, contrast=1.0, depth=-4.0, fillColor=array([ 1.,  1.,  1.]), fillColorSpace='rgb', fillRGB=array([ 1.,  1.,  1.]), interpolate=True, lineColor=array([ 1.,  1.,  1.]), lineColorSpace='rgb', lineRGB=array([ 1.,  1.,  1.]), lineWidth=1, name='nod3', opacity=1.0, ori=array(0.0), pos=array([ 135.,  115.]), size=array([ 100.,  100.]), units='pix', vertices=ndarray(...), win=Window(...))
7.4982 	EXP 	Created nod4 = Polygon(autoDraw=False, autoLog=True, closeShape=True, contrast=1.0, depth=-5.0, fillColor=array([ 1.,  1.,  1.]), fillColorSpace='rgb', fillRGB=array([ 1.,  1.,  1.]), interpolate=True, lineColor=array([ 1.,  1.,  1.]), lineColorSpace='rgb', lineRGB=array([ 1.,  1.,  1.]), lineWidth=1, name='nod4', opacity=1.0, ori=array(0.0), pos=array([ 250.,  115.]), size=array([ 100.,  100.]), units='pix', vertices=ndarray(...), win=Window(...))
7.5151 	EXP 	Created rob1 = ImageStim(autoLog=True, color=array([ 1.,  1.,  1.]), colorSpace='rgb', contrast=1.0, depth=-6.0, flipHoriz=False, flipVert=False, image='robot1.png', interpolate=True, mask=None, maskParams=None, name='rob1', opacity=1.0, ori=1.0, pos=array([  20., -115.]), size=array([ 100.,  100.]), texRes=128, units='pix', win=Window(...))
7.5195 	EXP 	Created rob2 = ImageStim(autoLog=True, color=array([ 1.,  1.,  1.]), colorSpace='rgb', contrast=1.0, depth=-7.0, flipHoriz=False, flipVert=False, image='sin', interpolate=True, mask=None, maskParams=None, name='rob2', opacity=1.0, ori=0.0, pos=array([ 365.,  115.]), size=array([ 100.,  100.]), texRes=128, units='pix', win=Window(...))
7.5203 	EXP 	<method-wrapper '__getattribute__' of attributeSetter object at 0x110a7c150>: vertices = array([[-0.5,  0.5],
       [ 0.5,  0.5],
       [ 0.5, -0.5],
       [-0.5, -0.5]])
7.5225 	EXP 	Created sh1 = Rect(autoDraw=False, autoLog=True, closeShape=True, contrast=1.0, depth=-9.0, fillColor='black', fillColorSpace='named', fillRGB=array([ 0.,  0.,  0.]), interpolate=True, lineColor='black', lineColorSpace='named', lineRGB=array([ 0.,  0.,  0.]), lineWidth=1, name='sh1', opacity=1.0, ori=array(0.0), pos=array([ 20.,   0.]), size=array([ 1.,  1.]), units='pix', vertices=ndarray(...), win=Window(...))
7.5231 	EXP 	<method-wrapper '__getattribute__' of attributeSetter object at 0x110a7c150>: vertices = array([[-30.,  20.],
       [ 30.,  20.],
       [ 30., -20.],
       [-30., -20.]])
7.5257 	EXP 	Created sh2a = Rect(autoDraw=False, autoLog=True, closeShape=True, contrast=1.0, depth=-10.0, fillColor='black', fillColorSpace='named', fillRGB=array([ 0.,  0.,  0.]), interpolate=True, lineColor='black', lineColorSpace='named', lineRGB=array([ 0.,  0.,  0.]), lineWidth=1, name='sh2a', opacity=1.0, ori=array(0.0), pos=array([  50.,  113.]), size=array([ 1.,  1.]), units='pix', vertices=ndarray(...), win=Window(...))
7.5265 	EXP 	<method-wrapper '__getattribute__' of attributeSetter object at 0x110a7c150>: vertices = array([[-20.,  40.],
       [ 20.,  40.],
       [ 20., -40.],
       [-20., -40.]])
7.5288 	EXP 	Created sh2b = Rect(autoDraw=False, autoLog=True, closeShape=True, contrast=1.0, depth=-11.0, fillColor='black', fillColorSpace='named', fillRGB=array([ 0.,  0.,  0.]), interpolate=True, lineColor='black', lineColorSpace='named', lineRGB=array([ 0.,  0.,  0.]), lineWidth=1, name='sh2b', opacity=1.0, ori=array(0.0), pos=array([ 22.,  93.]), size=array([ 1.,  1.]), units='pix', vertices=ndarray(...), win=Window(...))
7.5293 	EXP 	<method-wrapper '__getattribute__' of attributeSetter object at 0x110a7c150>: vertices = array([[-55.,  20.],
       [ 55.,  20.],
       [ 55., -20.],
       [-55., -20.]])
7.5309 	EXP 	Created sh3 = Rect(autoDraw=False, autoLog=True, closeShape=True, contrast=1.0, depth=-12.0, fillColor='black', fillColorSpace='named', fillRGB=array([ 0.,  0.,  0.]), interpolate=True, lineColor='black', lineColorSpace='named', lineRGB=array([ 0.,  0.,  0.]), lineWidth=1, name='sh3', opacity=1.0, ori=array(0.0), pos=array([ 135.,  115.]), size=array([ 1.,  1.]), units='pix', vertices=ndarray(...), win=Window(...))
7.5314 	EXP 	<method-wrapper '__getattribute__' of attributeSetter object at 0x110a7c150>: vertices = array([[-55.,  20.],
       [ 55.,  20.],
       [ 55., -20.],
       [-55., -20.]])
7.5330 	EXP 	Created sh4 = Rect(autoDraw=False, autoLog=True, closeShape=True, contrast=1.0, depth=-13.0, fillColor='black', fillColorSpace='named', fillRGB=array([ 0.,  0.,  0.]), interpolate=True, lineColor='black', lineColorSpace='named', lineRGB=array([ 0.,  0.,  0.]), lineWidth=1, name='sh4', opacity=1.0, ori=array(0.0), pos=array([ 250.,  115.]), size=array([ 1.,  1.]), units='pix', vertices=ndarray(...), win=Window(...))
7.5578 	EXP 	Created star = TextStim(alignHoriz='center', alignVert='center', antialias=True, autoLog=True, bold=False, color='white', colorSpace='named', contrast=1.0, depth=0.0, flipHoriz=False, flipVert=False, font='Arial', fontFiles=[], height=50, italic=False, name='star', opacity=1.0, ori=0, pos=array([ 0.,  0.]), rgb=array([ 255.,  255.,  255.]), text=unicode(...), units='pix', win=Window(...), wrapWidth=500)
7.5583 	EXP 	<method-wrapper '__getattribute__' of attributeSetter object at 0x110a7c150>: vertices = array([[-400.,  450.],
       [ 400.,  450.],
       [ 400., -450.],
       [-400., -450.]])
7.5612 	EXP 	Created whitebackground = Rect(autoDraw=False, autoLog=True, closeShape=True, contrast=1.0, depth=-2.0, fillColor=array([ 1.,  1.,  1.]), fillColorSpace='rgb', fillRGB=array([ 1.,  1.,  1.]), interpolate=True, lineColor=array([ 1.,  1.,  1.]), lineColorSpace='rgb', lineRGB=array([ 1.,  1.,  1.]), lineWidth=0, name='whitebackground', opacity=1.0, ori=array(0.0), pos=array([-560.,    0.]), size=array([ 1.,  1.]), units='pix', vertices=ndarray(...), win=Window(...))
7.5751 	EXP 	Created robotS = ImageStim(autoLog=True, color=array([ 1.,  1.,  1.]), colorSpace='rgb', contrast=1.0, depth=-3.0, flipHoriz=False, flipVert=False, image='robot1.png', interpolate=True, mask=None, maskParams=None, name='robotS', opacity=1.0, ori=0.0, pos=array([ 0.,  0.]), size=array([ 100.,  100.]), texRes=128, units='pix', win=Window(...))
7.5825 	EXP 	Created node1 = Polygon(autoDraw=False, autoLog=True, closeShape=True, contrast=1.0, depth=-4.0, fillColor=array([ 1.,  1.,  1.]), fillColorSpace='rgb', fillRGB=array([ 1.,  1.,  1.]), interpolate=True, lineColor=array([ 1.,  1.,  1.]), lineColorSpace='rgb', lineRGB=array([ 1.,  1.,  1.]), lineWidth=0, name='node1', opacity=1.0, ori=array(0.0), pos=array([ 0.,  0.]), size=array([ 100.,  100.]), units='pix', vertices=ndarray(...), win=Window(...))
7.5897 	EXP 	Created node2 = Polygon(autoDraw=False, autoLog=True, closeShape=True, contrast=1.0, depth=-5.0, fillColor=array([ 1.,  1.,  1.]), fillColorSpace='rgb', fillRGB=array([ 1.,  1.,  1.]), interpolate=True, lineColor=array([ 1.,  1.,  1.]), lineColorSpace='rgb', lineRGB=array([ 1.,  1.,  1.]), lineWidth=0, name='node2', opacity=1.0, ori=array(0.0), pos=array([ 0.,  0.]), size=array([ 100.,  100.]), units='pix', vertices=ndarray(...), win=Window(...))
7.5973 	EXP 	Created node3 = Polygon(autoDraw=False, autoLog=True, closeShape=True, contrast=1.0, depth=-6.0, fillColor=array([ 1.,  1.,  1.]), fillColorSpace='rgb', fillRGB=array([ 1.,  1.,  1.]), interpolate=True, lineColor=array([ 1.,  1.,  1.]), lineColorSpace='rgb', lineRGB=array([ 1.,  1.,  1.]), lineWidth=0, name='node3', opacity=1.0, ori=array(0.0), pos=array([ 0.,  0.]), size=array([ 100.,  100.]), units='pix', vertices=ndarray(...), win=Window(...))
7.6046 	EXP 	Created node4 = Polygon(autoDraw=False, autoLog=True, closeShape=True, contrast=1.0, depth=-7.0, fillColor=array([ 1.,  1.,  1.]), fillColorSpace='rgb', fillRGB=array([ 1.,  1.,  1.]), interpolate=True, lineColor=array([ 1.,  1.,  1.]), lineColorSpace='rgb', lineRGB=array([ 1.,  1.,  1.]), lineWidth=0, name='node4', opacity=1.0, ori=array(0.0), pos=array([ 0.,  0.]), size=array([ 100.,  100.]), units='pix', vertices=ndarray(...), win=Window(...))
7.6119 	EXP 	Created node5 = Polygon(autoDraw=False, autoLog=True, closeShape=True, contrast=1.0, depth=-8.0, fillColor=array([ 1.,  1.,  1.]), fillColorSpace='rgb', fillRGB=array([ 1.,  1.,  1.]), interpolate=True, lineColor=array([ 1.,  1.,  1.]), lineColorSpace='rgb', lineRGB=array([ 1.,  1.,  1.]), lineWidth=0, name='node5', opacity=1.0, ori=array(0.0), pos=array([ 0.,  0.]), size=array([ 100.,  100.]), units='pix', vertices=ndarray(...), win=Window(...))
7.6254 	EXP 	Created robotF = ImageStim(autoLog=True, color=array([ 1.,  1.,  1.]), colorSpace='rgb', contrast=1.0, depth=-9.0, flipHoriz=False, flipVert=False, image='robot1.png', interpolate=True, mask=None, maskParams=None, name='robotF', opacity=1.0, ori=0.0, pos=array([ 0.,  0.]), size=array([ 100.,  100.]), texRes=128, units='pix', win=Window(...))
7.6327 	EXP 	Created select1 = Polygon(autoDraw=False, autoLog=True, closeShape=True, contrast=1.0, depth=-10.0, fillColor='red', fillColorSpace='named', fillRGB=array([ 255.,    0.,    0.]), interpolate=True, lineColor=array([ 1.,  1.,  1.]), lineColorSpace='rgb', lineRGB=array([ 1.,  1.,  1.]), lineWidth=0, name='select1', opacity=1.0, ori=array(0.0), pos=array([-630.,    0.]), size=array([ 100.,  100.]), units='pix', vertices=ndarray(...), win=Window(...))
7.6394 	EXP 	Created select2 = Polygon(autoDraw=False, autoLog=True, closeShape=True, contrast=1.0, depth=-11.0, fillColor='blue', fillColorSpace='named', fillRGB=array([   0.,    0.,  255.]), interpolate=True, lineColor=array([ 1.,  1.,  1.]), lineColorSpace='rgb', lineRGB=array([ 1.,  1.,  1.]), lineWidth=0, name='select2', opacity=1.0, ori=array(0.0), pos=array([-630., -120.]), size=array([ 100.,  100.]), units='pix', vertices=ndarray(...), win=Window(...))
7.6505 	EXP 	Created select3 = Polygon(autoDraw=False, autoLog=True, closeShape=True, contrast=1.0, depth=-12.0, fillColor='yellow', fillColorSpace='named', fillRGB=array([ 255.,  255.,    0.]), interpolate=True, lineColor=array([ 1.,  1.,  1.]), lineColorSpace='rgb', lineRGB=array([ 1.,  1.,  1.]), lineWidth=0, name='select3', opacity=1.0, ori=array(0.0), pos=array([-630., -240.]), size=array([ 100.,  100.]), units='pix', vertices=ndarray(...), win=Window(...))
7.6588 	EXP 	Created select4 = Polygon(autoDraw=False, autoLog=True, closeShape=True, contrast=1.0, depth=-13.0, fillColor='green', fillColorSpace='named', fillRGB=array([   0.,  128.,    0.]), interpolate=True, lineColor=array([ 1.,  1.,  1.]), lineColorSpace='rgb', lineRGB=array([ 1.,  1.,  1.]), lineWidth=0, name='select4', opacity=1.0, ori=array(0.0), pos=array([-630., -360.]), size=array([ 100.,  100.]), units='pix', vertices=ndarray(...), win=Window(...))
7.6966 	EXP 	Created selection = ImageStim(autoLog=True, color=array([ 1.,  1.,  1.]), colorSpace='rgb', contrast=1.0, depth=-14.0, flipHoriz=False, flipVert=False, image='mastershapes.png', interpolate=True, mask=None, maskParams=None, name='selection', opacity=1.0, ori=0.0, pos=array([ 0.,  0.]), size=array([ 500.,  400.]), texRes=128, units='pix', win=Window(...))
7.7533 	EXP 	Created sel = TextStim(alignHoriz='center', alignVert='center', antialias=True, autoLog=True, bold=False, color=u'black', colorSpace='named', contrast=1.0, depth=-15.0, flipHoriz=False, flipVert=False, font=u'Arial', fontFiles=[], height=30, italic=False, name='sel', opacity=1.0, ori=0, pos=array([-450.,  250.]), rgb=array([ 0.,  0.,  0.]), text=unicode(...), units='pix', win=Window(...), wrapWidth=500)
7.7702 	EXP 	Created Evaluation = TextStim(alignHoriz='center', alignVert='center', antialias=True, autoLog=True, bold=False, color=u'white', colorSpace='named', contrast=1.0, depth=-1.0, flipHoriz=False, flipVert=False, font=u'Arial', fontFiles=[], height=40, italic=False, name='Evaluation', opacity=1.0, ori=0, pos=array([   0.,  300.]), rgb=array([ 255.,  255.,  255.]), text=unicode(...), units='pix', win=Window(...), wrapWidth=500)
7.7783 	EXP 	Created polygon = Polygon(autoDraw=False, autoLog=True, closeShape=True, contrast=1.0, depth=-2.0, fillColor=array([ 1.,  1.,  1.]), fillColorSpace='rgb', fillRGB=array([ 1.,  1.,  1.]), interpolate=True, lineColor=array([ 1.,  1.,  1.]), lineColorSpace='rgb', lineRGB=array([ 1.,  1.,  1.]), lineWidth=1, name='polygon', opacity=1.0, ori=array(0.0), pos=array([ 0.,  0.]), size=array([ 100.,  100.]), units='pix', vertices=ndarray(...), win=Window(...))
7.7855 	EXP 	Created polygon_2 = Polygon(autoDraw=False, autoLog=True, closeShape=True, contrast=1.0, depth=-3.0, fillColor=array([ 1.,  1.,  1.]), fillColorSpace='rgb', fillRGB=array([ 1.,  1.,  1.]), interpolate=True, lineColor=array([ 1.,  1.,  1.]), lineColorSpace='rgb', lineRGB=array([ 1.,  1.,  1.]), lineWidth=1, name='polygon_2', opacity=1.0, ori=array(0.0), pos=array([ 0.,  0.]), size=array([ 100.,  100.]), units='pix', vertices=ndarray(...), win=Window(...))
7.7927 	EXP 	Created polygon_3 = Polygon(autoDraw=False, autoLog=True, closeShape=True, contrast=1.0, depth=-4.0, fillColor=array([ 1.,  1.,  1.]), fillColorSpace='rgb', fillRGB=array([ 1.,  1.,  1.]), interpolate=True, lineColor=array([ 1.,  1.,  1.]), lineColorSpace='rgb', lineRGB=array([ 1.,  1.,  1.]), lineWidth=1, name='polygon_3', opacity=1.0, ori=array(0.0), pos=array([ 0.,  0.]), size=array([ 100.,  100.]), units='pix', vertices=ndarray(...), win=Window(...))
7.8000 	EXP 	Created polygon_4 = Polygon(autoDraw=False, autoLog=True, closeShape=True, contrast=1.0, depth=-5.0, fillColor=array([ 1.,  1.,  1.]), fillColorSpace='rgb', fillRGB=array([ 1.,  1.,  1.]), interpolate=True, lineColor=array([ 1.,  1.,  1.]), lineColorSpace='rgb', lineRGB=array([ 1.,  1.,  1.]), lineWidth=1, name='polygon_4', opacity=1.0, ori=array(0.0), pos=array([ 0.,  0.]), size=array([ 100.,  100.]), units='pix', vertices=ndarray(...), win=Window(...))
7.8072 	EXP 	Created polygon_5 = Polygon(autoDraw=False, autoLog=True, closeShape=True, contrast=1.0, depth=-6.0, fillColor=array([ 1.,  1.,  1.]), fillColorSpace='rgb', fillRGB=array([ 1.,  1.,  1.]), interpolate=True, lineColor=array([ 1.,  1.,  1.]), lineColorSpace='rgb', lineRGB=array([ 1.,  1.,  1.]), lineWidth=1, name='polygon_5', opacity=1.0, ori=array(0.0), pos=array([ 0.,  0.]), size=array([ 100.,  100.]), units='pix', vertices=ndarray(...), win=Window(...))
7.8147 	EXP 	Created choice = TextStim(alignHoriz='center', alignVert='center', antialias=True, autoLog=True, bold=False, color='white', colorSpace='named', contrast=1.0, depth=-7.0, flipHoriz=False, flipVert=False, font='Arial', fontFiles=[], height=50, italic=False, name='choice', opacity=1.0, ori=0, pos=array([   0., -300.]), rgb=array([ 255.,  255.,  255.]), text=u'default text', units='pix', win=Window(...), wrapWidth=500)
7.8288 	EXP 	Created ro = ImageStim(autoLog=True, color=array([ 1.,  1.,  1.]), colorSpace='rgb', contrast=1.0, depth=-8.0, flipHoriz=False, flipVert=False, image='robot1.png', interpolate=True, mask=None, maskParams=None, name='ro', opacity=1.0, ori=0.0, pos=array([ 0.,  0.]), size=array([ 100.,  100.]), texRes=128, units='pix', win=Window(...))
7.8451 	EXP 	Created rq = ImageStim(autoLog=True, color=array([ 1.,  1.,  1.]), colorSpace='rgb', contrast=1.0, depth=-9.0, flipHoriz=False, flipVert=False, image='robot1.png', interpolate=True, mask=None, maskParams=None, name='rq', opacity=1.0, ori=0.0, pos=array([ 0.,  0.]), size=array([ 100.,  100.]), texRes=128, units='pix', win=Window(...))
7.8520 	EXP 	Created feedback = TextStim(alignHoriz='center', alignVert='center', antialias=True, autoLog=True, bold=False, color=u'white', colorSpace='named', contrast=1.0, depth=-1.0, flipHoriz=False, flipVert=False, font=u'Arial', fontFiles=[], height=50, italic=False, name='feedback', opacity=1.0, ori=0, pos=array([ 0.,  0.]), rgb=array([ 255.,  255.,  255.]), text=u'default text', units='pix', win=Window(...), wrapWidth=500)
7.8607 	EXP 	Created thankyou = TextStim(alignHoriz='center', alignVert='center', antialias=True, autoLog=True, bold=False, color='white', colorSpace='named', contrast=1.0, depth=0.0, flipHoriz=False, flipVert=False, font='Arial', fontFiles=[], height=50, italic=False, name='thankyou', opacity=1.0, ori=0, pos=array([ 0.,  0.]), rgb=array([ 255.,  255.,  255.]), text=u'Thank you for your participation.\n', units='pix', win=Window(...), wrapWidth=500)
7.8795 	EXP 	instruct: pos = array([   0.,  150.])
7.8795 	EXP 	na: pos = array([-110., -100.])
7.8795 	EXP 	na: size = array([ 100.,  100.])
7.8795 	EXP 	nb: pos = array([   0., -100.])
7.8795 	EXP 	nb: size = array([ 100.,  100.])
7.8795 	EXP 	nc: pos = array([ 110., -100.])
7.8795 	EXP 	nc: size = array([ 100.,  100.])
7.8795 	EXP 	welcome: autoDraw = True
10.8798 	EXP 	welcome: autoDraw = False
10.8798 	EXP 	instruct: autoDraw = True
13.8801 	EXP 	rob0: autoDraw = True
13.8801 	EXP 	robb: autoDraw = True
14.3802 	EXP 	na: autoDraw = True
14.8802 	EXP 	nb: autoDraw = True
15.3803 	EXP 	nc: autoDraw = True
16.3804 	EXP 	s1: autoDraw = True
17.3805 	EXP 	s2: autoDraw = True
18.3807 	EXP 	s3: autoDraw = True
21.8810 	EXP 	na: autoDraw = False
21.8810 	EXP 	nb: autoDraw = False
21.8810 	EXP 	nc: autoDraw = False
21.8810 	EXP 	s1: autoDraw = False
21.8810 	EXP 	s2: autoDraw = False
21.8810 	EXP 	s3: autoDraw = False
21.8810 	EXP 	heart: autoDraw = True
25.8982 	EXP 	welcome: autoDraw = False
25.8982 	EXP 	instruct: autoDraw = False
25.8982 	EXP 	rob0: autoDraw = False
25.8982 	EXP 	robb: autoDraw = False
25.8982 	EXP 	na: autoDraw = False
25.8982 	EXP 	nb: autoDraw = False
25.8982 	EXP 	nc: autoDraw = False
25.8982 	EXP 	s1: autoDraw = False
25.8982 	EXP 	s2: autoDraw = False
25.8982 	EXP 	s3: autoDraw = False
25.8982 	EXP 	heart: autoDraw = False
25.8982 	EXP 	text_2: pos = array([-300.,  300.])
25.8982 	EXP 	nod1: fillColor = 'red (named)'
25.8982 	EXP 	nod1: pos = array([ 20.,   0.])
25.8982 	EXP 	nod2: fillColor = 'yellow (named)'
25.8982 	EXP 	nod2: pos = array([  20.,  115.])
25.8982 	EXP 	nod2: lineColor = 'yellow (named)'
25.8982 	EXP 	nod3: fillColor = 'blue (named)'
25.8982 	EXP 	nod3: lineColor = 'blue (named)'
25.8982 	EXP 	nod4: fillColor = 'blue (named)'
25.8982 	EXP 	nod4: lineColor = 'blue (named)'
25.8982 	EXP 	rob1: ori = 0.0
25.8982 	EXP 	rob2: image = 'robot1.png'
25.8982 	EXP 	sh1: size = array([  40.,  110.])
25.8982 	EXP 	text_2: autoDraw = True
25.8982 	EXP 	nod1: autoDraw = True
25.8982 	EXP 	nod2: autoDraw = True
25.8982 	EXP 	nod3: autoDraw = True
25.8982 	EXP 	nod4: autoDraw = True
25.8982 	EXP 	rob1: autoDraw = True
25.8982 	EXP 	rob2: autoDraw = True
27.3108 	DATA 	Keypress: space
27.3315 	EXP 	text_2: autoDraw = False
27.3315 	EXP 	nod1: autoDraw = False
27.3315 	EXP 	nod2: autoDraw = False
27.3315 	EXP 	nod3: autoDraw = False
27.3315 	EXP 	nod4: autoDraw = False
27.3315 	EXP 	rob1: autoDraw = False
27.3315 	EXP 	rob2: autoDraw = False
27.3315 	EXP 	sh1: autoDraw = False
27.3315 	EXP 	sh2a: autoDraw = False
27.3315 	EXP 	sh2b: autoDraw = False
27.3315 	EXP 	sh3: autoDraw = False
27.3315 	EXP 	sh4: autoDraw = False
27.3315 	EXP 	star: autoDraw = True
28.0506 	DATA 	Keypress: space
28.0657 	EXP 	Imported designs.xlsx as conditions, 4 conditions, 20 params
28.0667 	EXP 	Created sequence: sequential, trialTypes=4, nReps=1, seed=None
28.0676 	EXP 	New trial (rep=0, index=0): {u'n2col': u'blue', u'n4col': u'red', u'n3col': u'green', u'corrAns4': u'b', u'corrAns2': u'd', u'corrAns3': u'a', u'corrAns1': u'c', u'r4': u'd', u'n1col': u'blue', u'r1': u'a', u'r2': u'b', u'rs': u'LOC21', u'r3': u'c', u're': u'LOC9', u'n5col': u'red', u'n1': u'LOC22', u'n2': u'LOC23', u'n3': u'LOC24', u'n4': u'LOC19', u'n5': u'LOC14'}
28.0818 	EXP 	star: autoDraw = False
28.0818 	EXP 	robotS: pos = array([  20., -230.])
28.0818 	EXP 	node1: fillColor = u'blue (named)'
28.0818 	EXP 	node1: pos = array([ 135., -230.])
28.0818 	EXP 	node2: fillColor = u'blue (named)'
28.0818 	EXP 	node2: pos = array([ 250., -230.])
28.0818 	EXP 	node3: fillColor = u'green (named)'
28.0818 	EXP 	node3: pos = array([ 365., -230.])
28.0818 	EXP 	node4: fillColor = u'red (named)'
28.0818 	EXP 	node4: pos = array([ 365., -115.])
28.0818 	EXP 	node5: fillColor = u'red (named)'
28.0818 	EXP 	node5: pos = array([ 365.,    0.])
28.0818 	EXP 	robotF: pos = array([ 365.,  115.])
28.0818 	EXP 	whitebackground: autoDraw = True
28.0818 	EXP 	robotS: autoDraw = True
28.0818 	EXP 	node1: autoDraw = True
28.0818 	EXP 	node2: autoDraw = True
28.0818 	EXP 	node3: autoDraw = True
28.0818 	EXP 	node4: autoDraw = True
28.0818 	EXP 	node5: autoDraw = True
28.0818 	EXP 	robotF: autoDraw = True
28.0818 	EXP 	select1: autoDraw = True
28.0818 	EXP 	select2: autoDraw = True
28.0818 	EXP 	select3: autoDraw = True
28.0818 	EXP 	select4: autoDraw = True
28.0818 	EXP 	selection: autoDraw = True
28.0818 	EXP 	sel: autoDraw = True
29.7682 	DATA 	Keypress: a
31.7348 	DATA 	Keypress: b
34.1207 	DATA 	Keypress: c
35.7681 	DATA 	Keypress: a
35.7705 	EXP 	New trial (rep=0, index=1): {u'n2col': u'yellow', u'n4col': u'green', u'n3col': u'blue', u'corrAns4': u'a', u'corrAns2': u'c', u'corrAns3': u'b', u'corrAns1': u'd', u'r4': u'd', u'n1col': u'red', u'r1': u'a', u'r2': u'b', u'rs': u'LOC21', u'r3': u'c', u're': u'LOC3', u'n5col': u'red', u'n1': u'LOC16', u'n2': u'LOC11', u'n3': u'LOC12', u'n4': u'LOC13', u'n5': u'LOC8'}
35.7826 	EXP 	whitebackground: autoDraw = False
35.7826 	EXP 	robotS: autoDraw = False
35.7826 	EXP 	node1: autoDraw = False
35.7826 	EXP 	node2: autoDraw = False
35.7826 	EXP 	node3: autoDraw = False
35.7826 	EXP 	node4: autoDraw = False
35.7826 	EXP 	node5: autoDraw = False
35.7826 	EXP 	robotF: autoDraw = False
35.7826 	EXP 	select1: autoDraw = False
35.7826 	EXP 	select2: autoDraw = False
35.7826 	EXP 	select3: autoDraw = False
35.7826 	EXP 	select4: autoDraw = False
35.7826 	EXP 	selection: autoDraw = False
35.7826 	EXP 	sel: autoDraw = False
35.7826 	EXP 	robotS: pos = array([  20., -230.])
35.7826 	EXP 	node1: fillColor = u'red (named)'
35.7826 	EXP 	node1: pos = array([  20., -115.])
35.7826 	EXP 	node2: fillColor = u'yellow (named)'
35.7826 	EXP 	node2: pos = array([ 20.,   0.])
35.7826 	EXP 	node3: fillColor = u'blue (named)'
35.7826 	EXP 	node3: pos = array([ 135.,    0.])
35.7826 	EXP 	node4: fillColor = u'green (named)'
35.7826 	EXP 	node4: pos = array([ 250.,    0.])
35.7826 	EXP 	node5: fillColor = u'red (named)'
35.7826 	EXP 	node5: pos = array([ 250.,  115.])
35.7826 	EXP 	robotF: pos = array([ 250.,  230.])
35.7826 	EXP 	whitebackground: autoDraw = True
35.7826 	EXP 	robotS: autoDraw = True
35.7826 	EXP 	node1: autoDraw = True
35.7826 	EXP 	node2: autoDraw = True
35.7826 	EXP 	node3: autoDraw = True
35.7826 	EXP 	node4: autoDraw = True
35.7826 	EXP 	node5: autoDraw = True
35.7826 	EXP 	robotF: autoDraw = True
35.7826 	EXP 	select1: autoDraw = True
35.7826 	EXP 	select2: autoDraw = True
35.7826 	EXP 	select3: autoDraw = True
35.7826 	EXP 	select4: autoDraw = True
35.7826 	EXP 	selection: autoDraw = True
35.7826 	EXP 	sel: autoDraw = True
37.5015 	DATA 	Keypress: a
37.7515 	DATA 	Keypress: a
37.9356 	DATA 	Keypress: a
38.1349 	DATA 	Keypress: a
38.1365 	EXP 	New trial (rep=0, index=2): {u'n2col': u'red', u'n4col': u'blue', u'n3col': u'yellow', u'corrAns4': u'a', u'corrAns2': u'c', u'corrAns3': u'b', u'corrAns1': u'd', u'r4': u'd', u'n1col': u'red', u'r1': u'a', u'r2': u'b', u'rs': u'LOC22', u'r3': u'c', u're': u'LOC10', u'n5col': u'blue', u'n1': u'LOC17', u'n2': u'LOC12', u'n3': u'LOC7', u'n4': u'LOC8', u'n5': u'LOC9'}
38.1495 	EXP 	whitebackground: autoDraw = False
38.1495 	EXP 	robotS: autoDraw = False
38.1495 	EXP 	node1: autoDraw = False
38.1495 	EXP 	node2: autoDraw = False
38.1495 	EXP 	node3: autoDraw = False
38.1495 	EXP 	node4: autoDraw = False
38.1495 	EXP 	node5: autoDraw = False
38.1495 	EXP 	robotF: autoDraw = False
38.1495 	EXP 	select1: autoDraw = False
38.1495 	EXP 	select2: autoDraw = False
38.1495 	EXP 	select3: autoDraw = False
38.1495 	EXP 	select4: autoDraw = False
38.1495 	EXP 	selection: autoDraw = False
38.1495 	EXP 	sel: autoDraw = False
38.1495 	EXP 	robotS: pos = array([ 135., -230.])
38.1495 	EXP 	node1: fillColor = u'red (named)'
38.1495 	EXP 	node1: pos = array([ 135., -115.])
38.1495 	EXP 	node2: fillColor = u'red (named)'
38.1495 	EXP 	node2: pos = array([ 135.,    0.])
38.1495 	EXP 	node3: fillColor = u'yellow (named)'
38.1495 	EXP 	node3: pos = array([ 135.,  115.])
38.1495 	EXP 	node4: fillColor = u'blue (named)'
38.1495 	EXP 	node4: pos = array([ 250.,  115.])
38.1495 	EXP 	node5: fillColor = u'blue (named)'
38.1495 	EXP 	node5: pos = array([ 365.,  115.])
38.1495 	EXP 	robotF: pos = array([ 480.,  115.])
38.1495 	EXP 	whitebackground: autoDraw = True
38.1495 	EXP 	robotS: autoDraw = True
38.1495 	EXP 	node1: autoDraw = True
38.1495 	EXP 	node2: autoDraw = True
38.1495 	EXP 	node3: autoDraw = True
38.1495 	EXP 	node4: autoDraw = True
38.1495 	EXP 	node5: autoDraw = True
38.1495 	EXP 	robotF: autoDraw = True
38.1495 	EXP 	select1: autoDraw = True
38.1495 	EXP 	select2: autoDraw = True
38.1495 	EXP 	select3: autoDraw = True
38.1495 	EXP 	select4: autoDraw = True
38.1495 	EXP 	selection: autoDraw = True
38.1495 	EXP 	sel: autoDraw = True
38.3690 	DATA 	Keypress: a
38.6188 	DATA 	Keypress: a
38.8529 	DATA 	Keypress: a
39.1188 	DATA 	Keypress: a
39.1212 	EXP 	New trial (rep=0, index=3): {u'n2col': u'yellow', u'n4col': u'yellow', u'n3col': u'green', u'corrAns4': u'a', u'corrAns2': u'c', u'corrAns3': u'b', u'corrAns1': u'd', u'r4': u'd', u'n1col': u'green', u'r1': u'a', u'r2': u'b', u'rs': u'LOC16', u'r3': u'c', u're': u'LOC10', u'n5col': u'blue', u'n1': u'LOC17', u'n2': u'LOC12', u'n3': u'LOC13', u'n4': u'LOC8', u'n5': u'LOC9'}
39.1494 	EXP 	whitebackground: autoDraw = False
39.1494 	EXP 	robotS: autoDraw = False
39.1494 	EXP 	node1: autoDraw = False
39.1494 	EXP 	node2: autoDraw = False
39.1494 	EXP 	node3: autoDraw = False
39.1494 	EXP 	node4: autoDraw = False
39.1494 	EXP 	node5: autoDraw = False
39.1494 	EXP 	robotF: autoDraw = False
39.1494 	EXP 	select1: autoDraw = False
39.1494 	EXP 	select2: autoDraw = False
39.1494 	EXP 	select3: autoDraw = False
39.1494 	EXP 	select4: autoDraw = False
39.1494 	EXP 	selection: autoDraw = False
39.1494 	EXP 	sel: autoDraw = False
39.1494 	EXP 	robotS: pos = array([  20., -115.])
39.1494 	EXP 	node1: fillColor = u'green (named)'
39.1494 	EXP 	node1: pos = array([ 135., -115.])
39.1494 	EXP 	node2: fillColor = u'yellow (named)'
39.1494 	EXP 	node2: pos = array([ 135.,    0.])
39.1494 	EXP 	node3: fillColor = u'green (named)'
39.1494 	EXP 	node3: pos = array([ 250.,    0.])
39.1494 	EXP 	node4: fillColor = u'yellow (named)'
39.1494 	EXP 	node4: pos = array([ 250.,  115.])
39.1494 	EXP 	node5: fillColor = u'blue (named)'
39.1494 	EXP 	node5: pos = array([ 365.,  115.])
39.1494 	EXP 	robotF: pos = array([ 480.,  115.])
39.1494 	EXP 	whitebackground: autoDraw = True
39.1494 	EXP 	robotS: autoDraw = True
39.1494 	EXP 	node1: autoDraw = True
39.1494 	EXP 	node2: autoDraw = True
39.1494 	EXP 	node3: autoDraw = True
39.1494 	EXP 	node4: autoDraw = True
39.1494 	EXP 	node5: autoDraw = True
39.1494 	EXP 	robotF: autoDraw = True
39.1494 	EXP 	select1: autoDraw = True
39.1494 	EXP 	select2: autoDraw = True
39.1494 	EXP 	select3: autoDraw = True
39.1494 	EXP 	select4: autoDraw = True
39.1494 	EXP 	selection: autoDraw = True
39.1494 	EXP 	sel: autoDraw = True
39.3715 	DATA 	Keypress: a
39.6357 	DATA 	Keypress: a
39.9048 	DATA 	Keypress: a
40.2855 	DATA 	Keypress: a
40.2952 	EXP 	Imported designs1.xlsx as conditions, 2 conditions, 13 params
40.2955 	EXP 	Created sequence: sequential, trialTypes=2, nReps=1, seed=None
40.2961 	EXP 	New trial (rep=0, index=0): {u'n1col': u'green', u'n2col': u'yellow', u'n4col': u'yellow', u'rs': u'LOC16', u'n3col': u'green', u're': u'LOC10', u'corrAns': u'y', u'n5col': u'blue', u'n1': u'LOC17', u'n2': u'LOC12', u'n3': u'LOC13', u'n4': u'LOC8', u'n5': u'LOC9'}
40.3329 	EXP 	whitebackground: autoDraw = False
40.3329 	EXP 	robotS: autoDraw = False
40.3329 	EXP 	node1: autoDraw = False
40.3329 	EXP 	node2: autoDraw = False
40.3329 	EXP 	node3: autoDraw = False
40.3329 	EXP 	node4: autoDraw = False
40.3329 	EXP 	node5: autoDraw = False
40.3329 	EXP 	robotF: autoDraw = False
40.3329 	EXP 	select1: autoDraw = False
40.3329 	EXP 	select2: autoDraw = False
40.3329 	EXP 	select3: autoDraw = False
40.3329 	EXP 	select4: autoDraw = False
40.3329 	EXP 	selection: autoDraw = False
40.3329 	EXP 	sel: autoDraw = False
40.3329 	EXP 	polygon: fillColor = u'green (named)'
40.3329 	EXP 	polygon: pos = array([ 135., -115.])
40.3329 	EXP 	polygon_2: fillColor = u'yellow (named)'
40.3329 	EXP 	polygon_2: pos = array([ 135.,    0.])
40.3329 	EXP 	polygon_3: fillColor = u'green (named)'
40.3329 	EXP 	polygon_3: pos = array([ 250.,    0.])
40.3329 	EXP 	polygon_4: fillColor = u'yellow (named)'
40.3329 	EXP 	polygon_4: pos = array([ 250.,  115.])
40.3329 	EXP 	polygon_5: fillColor = u'blue (named)'
40.3329 	EXP 	polygon_5: pos = array([ 365.,  115.])
40.3329 	EXP 	choice: text = "Press 'y' for Yes  \nPress 'n' for No"
40.3329 	EXP 	ro: color = '[ 1.  1.  1.] (rgb)'
40.3329 	EXP 	ro: pos = array([  20., -115.])
40.3329 	EXP 	rq: color = '[ 1.  1.  1.] (rgb)'
40.3329 	EXP 	rq: pos = array([ 480.,  115.])
40.3329 	EXP 	Evaluation: autoDraw = True
40.3329 	EXP 	polygon: autoDraw = True
40.3329 	EXP 	polygon_2: autoDraw = True
40.3329 	EXP 	polygon_3: autoDraw = True
40.3329 	EXP 	polygon_4: autoDraw = True
40.3329 	EXP 	polygon_5: autoDraw = True
40.3329 	EXP 	choice: autoDraw = True
40.3329 	EXP 	ro: autoDraw = True
40.3329 	EXP 	rq: autoDraw = True
42.5035 	DATA 	Keypress: y
42.5333 	EXP 	Evaluation: autoDraw = False
42.5333 	EXP 	polygon: autoDraw = False
42.5333 	EXP 	polygon_2: autoDraw = False
42.5333 	EXP 	polygon_3: autoDraw = False
42.5333 	EXP 	polygon_4: autoDraw = False
42.5333 	EXP 	polygon_5: autoDraw = False
42.5333 	EXP 	choice: autoDraw = False
42.5333 	EXP 	ro: autoDraw = False
42.5333 	EXP 	rq: autoDraw = False
42.5333 	EXP 	feedback: text = 'Well done!'
42.5333 	EXP 	feedback: autoDraw = True
45.5016 	EXP 	New trial (rep=0, index=1): {u'n1col': u'blue', u'n2col': u'yellow', u'n4col': u'yellow', u'rs': u'LOC16', u'n3col': u'red', u're': u'LOC10', u'corrAns': u'n', u'n5col': u'blue', u'n1': u'LOC17', u'n2': u'LOC12', u'n3': u'LOC13', u'n4': u'LOC8', u'n5': u'LOC9'}
45.5169 	EXP 	feedback: autoDraw = False
45.5169 	EXP 	feedback: autoDraw = False
45.5169 	EXP 	polygon: fillColor = u'blue (named)'
45.5169 	EXP 	polygon: pos = array([ 135., -115.])
45.5169 	EXP 	polygon_2: fillColor = u'yellow (named)'
45.5169 	EXP 	polygon_2: pos = array([ 135.,    0.])
45.5169 	EXP 	polygon_3: fillColor = u'red (named)'
45.5169 	EXP 	polygon_3: pos = array([ 250.,    0.])
45.5169 	EXP 	polygon_4: fillColor = u'yellow (named)'
45.5169 	EXP 	polygon_4: pos = array([ 250.,  115.])
45.5169 	EXP 	polygon_5: fillColor = u'blue (named)'
45.5169 	EXP 	polygon_5: pos = array([ 365.,  115.])
45.5169 	EXP 	choice: text = "Press 'y' for Yes  \nPress 'n' for No"
45.5169 	EXP 	ro: color = '[ 1.  1.  1.] (rgb)'
45.5169 	EXP 	ro: pos = array([  20., -115.])
45.5169 	EXP 	rq: color = '[ 1.  1.  1.] (rgb)'
45.5169 	EXP 	rq: pos = array([ 480.,  115.])
45.5169 	EXP 	Evaluation: autoDraw = True
45.5169 	EXP 	polygon: autoDraw = True
45.5169 	EXP 	polygon_2: autoDraw = True
45.5169 	EXP 	polygon_3: autoDraw = True
45.5169 	EXP 	polygon_4: autoDraw = True
45.5169 	EXP 	polygon_5: autoDraw = True
45.5169 	EXP 	choice: autoDraw = True
45.5169 	EXP 	ro: autoDraw = True
45.5169 	EXP 	rq: autoDraw = True
46.6712 	DATA 	Keypress: escape
