6.9710 	EXP 	Created window1 = Window(allowGUI=False, allowStencil=False, autoLog=True, bitsMode=UNKNOWN, blendMode='avg', color=u'black', colorSpace='named', fullscr=UNKNOWN, gamma=None, lms=UNKNOWN, monitor=<psychopy.monitors.calibTools.Monitor object at 0x112cc2890>, name='window1', pos=[0, 0], screen=0, size=array([1440,  900]), stereo=False, units='pix', useFBO=True, useRetina=False, viewOri=0.0, viewPos=None, viewScale=None, waitBlanking=True, winType='pyglet')
6.9711 	EXP 	window1: recordFrameIntervals = False
7.1368 	EXP 	window1: recordFrameIntervals = True
7.3206 	EXP 	window1: recordFrameIntervals = False
7.4873 	EXP 	Created welcome = TextStim(alignHoriz='center', alignVert='center', antialias=True, autoLog=True, bold=False, color=u'white', colorSpace='named', contrast=1.0, depth=0.0, flipHoriz=False, flipVert=False, font=u'Arial', fontFiles=[], height=100, italic=False, name='welcome', opacity=1.0, ori=0, pos=array([ 0.,  0.]), rgb=array([ 255.,  255.,  255.]), text=u'Welcome!', units='pix', win=Window(...), wrapWidth=500)
7.5285 	EXP 	Created text = TextStim(alignHoriz='center', alignVert='center', antialias=True, autoLog=True, bold=False, color=u'white', colorSpace='named', contrast=1.0, depth=0.0, flipHoriz=False, flipVert=False, font=u'Arial', fontFiles=[], height=50, italic=False, name='text', opacity=1.0, ori=0, pos=array([ 0.,  0.]), rgb=array([ 255.,  255.,  255.]), text=unicode(...), units='pix', win=Window(...), wrapWidth=500)
7.5380 	EXP 	<method-wrapper '__getattribute__' of attributeSetter object at 0x10ebabe50>: vertices = array([[-400.,  450.],
       [ 400.,  450.],
       [ 400., -450.],
       [-400., -450.]])
7.5407 	EXP 	Created whitebackground = Rect(autoDraw=False, autoLog=True, closeShape=True, contrast=1.0, depth=-2.0, fillColor=array([ 1.,  1.,  1.]), fillColorSpace='rgb', fillRGB=array([ 1.,  1.,  1.]), interpolate=True, lineColor=array([ 1.,  1.,  1.]), lineColorSpace='rgb', lineRGB=array([ 1.,  1.,  1.]), lineWidth=0, name='whitebackground', opacity=1.0, ori=array(0.0), pos=array([-560.,    0.]), size=array([ 1.,  1.]), units='pix', vertices=ndarray(...), win=Window(...))
7.6281 	EXP 	Created robotS = ImageStim(autoLog=True, color=array([ 1.,  1.,  1.]), colorSpace='rgb', contrast=1.0, depth=-3.0, flipHoriz=False, flipVert=False, image=u'robot1.png', interpolate=True, mask=None, maskParams=None, name='robotS', opacity=1.0, ori=0.0, pos=array([ 0.,  0.]), size=array([ 100.,  100.]), texRes=128, units='pix', win=Window(...))
7.6378 	EXP 	Created node1 = Polygon(autoDraw=False, autoLog=True, closeShape=True, contrast=1.0, depth=-4.0, fillColor=array([ 1.,  1.,  1.]), fillColorSpace='rgb', fillRGB=array([ 1.,  1.,  1.]), interpolate=True, lineColor=array([ 1.,  1.,  1.]), lineColorSpace='rgb', lineRGB=array([ 1.,  1.,  1.]), lineWidth=0, name='node1', opacity=1.0, ori=array(0.0), pos=array([ 0.,  0.]), size=array([ 100.,  100.]), units='pix', vertices=ndarray(...), win=Window(...))
7.6448 	EXP 	Created node2 = Polygon(autoDraw=False, autoLog=True, closeShape=True, contrast=1.0, depth=-5.0, fillColor=array([ 1.,  1.,  1.]), fillColorSpace='rgb', fillRGB=array([ 1.,  1.,  1.]), interpolate=True, lineColor=array([ 1.,  1.,  1.]), lineColorSpace='rgb', lineRGB=array([ 1.,  1.,  1.]), lineWidth=0, name='node2', opacity=1.0, ori=array(0.0), pos=array([ 0.,  0.]), size=array([ 100.,  100.]), units='pix', vertices=ndarray(...), win=Window(...))
7.6513 	EXP 	Created node3 = Polygon(autoDraw=False, autoLog=True, closeShape=True, contrast=1.0, depth=-6.0, fillColor=array([ 1.,  1.,  1.]), fillColorSpace='rgb', fillRGB=array([ 1.,  1.,  1.]), interpolate=True, lineColor=array([ 1.,  1.,  1.]), lineColorSpace='rgb', lineRGB=array([ 1.,  1.,  1.]), lineWidth=0, name='node3', opacity=1.0, ori=array(0.0), pos=array([ 0.,  0.]), size=array([ 100.,  100.]), units='pix', vertices=ndarray(...), win=Window(...))
7.6573 	EXP 	Created node4 = Polygon(autoDraw=False, autoLog=True, closeShape=True, contrast=1.0, depth=-7.0, fillColor=array([ 1.,  1.,  1.]), fillColorSpace='rgb', fillRGB=array([ 1.,  1.,  1.]), interpolate=True, lineColor=array([ 1.,  1.,  1.]), lineColorSpace='rgb', lineRGB=array([ 1.,  1.,  1.]), lineWidth=0, name='node4', opacity=1.0, ori=array(0.0), pos=array([ 0.,  0.]), size=array([ 100.,  100.]), units='pix', vertices=ndarray(...), win=Window(...))
7.6697 	EXP 	Created robotF = ImageStim(autoLog=True, color=array([ 1.,  1.,  1.]), colorSpace='rgb', contrast=1.0, depth=-8.0, flipHoriz=False, flipVert=False, image=u'robot1.png', interpolate=True, mask=None, maskParams=None, name='robotF', opacity=1.0, ori=0.0, pos=array([ 0.,  0.]), size=array([ 100.,  100.]), texRes=128, units='pix', win=Window(...))
7.6758 	EXP 	Created select1 = Polygon(autoDraw=False, autoLog=True, closeShape=True, contrast=1.0, depth=-9.0, fillColor='red', fillColorSpace='named', fillRGB=array([ 255.,    0.,    0.]), interpolate=True, lineColor=array([ 1.,  1.,  1.]), lineColorSpace='rgb', lineRGB=array([ 1.,  1.,  1.]), lineWidth=0, name='select1', opacity=1.0, ori=array(0.0), pos=array([-630.,    0.]), size=array([ 100.,  100.]), units='pix', vertices=ndarray(...), win=Window(...))
7.6822 	EXP 	Created select2 = Polygon(autoDraw=False, autoLog=True, closeShape=True, contrast=1.0, depth=-10.0, fillColor='blue', fillColorSpace='named', fillRGB=array([   0.,    0.,  255.]), interpolate=True, lineColor=array([ 1.,  1.,  1.]), lineColorSpace='rgb', lineRGB=array([ 1.,  1.,  1.]), lineWidth=0, name='select2', opacity=1.0, ori=array(0.0), pos=array([-630., -120.]), size=array([ 100.,  100.]), units='pix', vertices=ndarray(...), win=Window(...))
7.6893 	EXP 	Created select3 = Polygon(autoDraw=False, autoLog=True, closeShape=True, contrast=1.0, depth=-11.0, fillColor='yellow', fillColorSpace='named', fillRGB=array([ 255.,  255.,    0.]), interpolate=True, lineColor=array([ 1.,  1.,  1.]), lineColorSpace='rgb', lineRGB=array([ 1.,  1.,  1.]), lineWidth=0, name='select3', opacity=1.0, ori=array(0.0), pos=array([-630., -240.]), size=array([ 100.,  100.]), units='pix', vertices=ndarray(...), win=Window(...))
7.6954 	EXP 	Created select4 = Polygon(autoDraw=False, autoLog=True, closeShape=True, contrast=1.0, depth=-12.0, fillColor='green', fillColorSpace='named', fillRGB=array([   0.,  128.,    0.]), interpolate=True, lineColor=array([ 1.,  1.,  1.]), lineColorSpace='rgb', lineRGB=array([ 1.,  1.,  1.]), lineWidth=0, name='select4', opacity=1.0, ori=array(0.0), pos=array([-630., -360.]), size=array([ 100.,  100.]), units='pix', vertices=ndarray(...), win=Window(...))
7.7087 	EXP 	Created selection = ImageStim(autoLog=True, color=array([ 1.,  1.,  1.]), colorSpace='rgb', contrast=1.0, depth=-13.0, flipHoriz=False, flipVert=False, image=u'lettera.png', interpolate=True, mask=None, maskParams=None, name='selection', opacity=1.0, ori=0.0, pos=array([ 0.,  0.]), size=array([ 400.,  200.]), texRes=128, units='pix', win=Window(...))
7.7381 	EXP 	Created master = ImageStim(autoLog=True, color=array([ 1.,  1.,  1.]), colorSpace='rgb', contrast=1.0, depth=-14.0, flipHoriz=False, flipVert=False, image=u'mastershapes.png', interpolate=True, mask=None, maskParams=None, name='master', opacity=1.0, ori=0.0, pos=array([-510.,   90.]), size=array([ 500.,  400.]), texRes=128, units='pix', win=Window(...))
7.7787 	EXP 	Created sel = TextStim(alignHoriz='center', alignVert='center', antialias=True, autoLog=True, bold=False, color=u'black', colorSpace='named', contrast=1.0, depth=-15.0, flipHoriz=False, flipVert=False, font=u'Arial', fontFiles=[], height=30, italic=False, name='sel', opacity=1.0, ori=0, pos=array([-450.,  300.]), rgb=array([ 0.,  0.,  0.]), text=unicode(...), units='pix', win=Window(...), wrapWidth=500)
7.7886 	EXP 	Created Evaluation = TextStim(alignHoriz='center', alignVert='center', antialias=True, autoLog=True, bold=False, color='white', colorSpace='named', contrast=1.0, depth=-1.0, flipHoriz=False, flipVert=False, font='Arial', fontFiles=[], height=30, italic=False, name='Evaluation', opacity=1.0, ori=0, pos=array([   0.,  300.]), rgb=array([ 255.,  255.,  255.]), text=u'Is this pathway correct? \n', units='pix', win=Window(...), wrapWidth=500)
7.7945 	EXP 	Created polygon = Polygon(autoDraw=False, autoLog=True, closeShape=True, contrast=1.0, depth=-2.0, fillColor=u'red', fillColorSpace='named', fillRGB=array([ 255.,    0.,    0.]), interpolate=True, lineColor=u'red', lineColorSpace='named', lineRGB=array([ 255.,    0.,    0.]), lineWidth=1, name='polygon', opacity=1.0, ori=array(0.0), pos=array([ 250.,    0.]), size=array([ 100.,  100.]), units='pix', vertices=ndarray(...), win=Window(...))
7.8000 	EXP 	Created polygon_2 = Polygon(autoDraw=False, autoLog=True, closeShape=True, contrast=1.0, depth=-3.0, fillColor='green', fillColorSpace='named', fillRGB=array([   0.,  128.,    0.]), interpolate=True, lineColor='green', lineColorSpace='named', lineRGB=array([   0.,  128.,    0.]), lineWidth=1, name='polygon_2', opacity=1.0, ori=array(0.0), pos=array([ 355., -105.]), size=array([ 100.,  100.]), units='pix', vertices=ndarray(...), win=Window(...))
7.8071 	EXP 	Created polygon_3 = Polygon(autoDraw=False, autoLog=True, closeShape=True, contrast=1.0, depth=-4.0, fillColor=u'blue', fillColorSpace='named', fillRGB=array([   0.,    0.,  255.]), interpolate=True, lineColor=u'blue', lineColorSpace='named', lineRGB=array([   0.,    0.,  255.]), lineWidth=1, name='polygon_3', opacity=1.0, ori=array(0.0), pos=array([ 145., -105.]), size=array([ 100.,  100.]), units='pix', vertices=ndarray(...), win=Window(...))
7.8137 	EXP 	Created polygon_4 = Polygon(autoDraw=False, autoLog=True, closeShape=True, contrast=1.0, depth=-5.0, fillColor='blue', fillColorSpace='named', fillRGB=array([   0.,    0.,  255.]), interpolate=True, lineColor='blue', lineColorSpace='named', lineRGB=array([   0.,    0.,  255.]), lineWidth=1, name='polygon_4', opacity=1.0, ori=array(0.0), pos=array([ 250., -105.]), size=array([ 100.,  100.]), units='pix', vertices=ndarray(...), win=Window(...))
7.8364 	EXP 	Created choice = TextStim(alignHoriz='center', alignVert='center', antialias=True, autoLog=True, bold=False, color=u'white', colorSpace='named', contrast=1.0, depth=-6.0, flipHoriz=False, flipVert=False, font=u'Arial', fontFiles=[], height=50, italic=False, name='choice', opacity=1.0, ori=0, pos=array([   0., -300.]), rgb=array([ 255.,  255.,  255.]), text=u"Press 'y' for Yes  \nPress 'n' for No", units='pix', win=Window(...), wrapWidth=500)
7.8502 	EXP 	Created thankyou = TextStim(alignHoriz='center', alignVert='center', antialias=True, autoLog=True, bold=False, color=u'white', colorSpace='named', contrast=1.0, depth=0.0, flipHoriz=False, flipVert=False, font=u'Arial', fontFiles=[], height=50, italic=False, name='thankyou', opacity=1.0, ori=0, pos=array([ 0.,  0.]), rgb=array([ 255.,  255.,  255.]), text=unicode(...), units='pix', win=Window(...), wrapWidth=500)
7.8708 	EXP 	welcome: autoDraw = True
9.8711 	EXP 	welcome: autoDraw = False
9.8711 	EXP 	text: autoDraw = True
16.1273 	DATA 	Keypress: space
16.1370 	EXP 	Imported designs.xlsx as conditions, 3 conditions, 14 params
16.1375 	EXP 	Created sequence: random, trialTypes=3, nReps=1, seed=None
16.1381 	EXP 	New trial (rep=0, index=0): {u'r4': u'd', u'n1col': u'green', u'n2col': u'green', u'n4col': u'yellow', u'r2': u'b', u'rs': u'LOC21', u'r3': u'c', u'n3col': u'blue', u're': u'LOC8', u'n1': u'LOC22', u'n2': u'LOC23', u'n3': u'LOC18', u'n4': u'LOC13', u'r1': u'a'}
16.1717 	EXP 	text: autoDraw = False
16.1717 	EXP 	robotS: pos = array([  40., -210.])
16.1717 	EXP 	node1: fillColor = u'green (named)'
16.1717 	EXP 	node1: pos = array([ 145., -210.])
16.1717 	EXP 	node2: fillColor = u'green (named)'
16.1717 	EXP 	node2: pos = array([ 250., -210.])
16.1717 	EXP 	node3: fillColor = u'blue (named)'
16.1717 	EXP 	node3: pos = array([ 250., -105.])
16.1717 	EXP 	node4: fillColor = u'yellow (named)'
16.1717 	EXP 	node4: pos = array([ 250.,    0.])
16.1717 	EXP 	robotF: pos = array([ 250.,  105.])
16.1717 	EXP 	whitebackground: autoDraw = True
16.1717 	EXP 	robotS: autoDraw = True
16.1717 	EXP 	node1: autoDraw = True
16.1717 	EXP 	node2: autoDraw = True
16.1717 	EXP 	node3: autoDraw = True
16.1717 	EXP 	node4: autoDraw = True
16.1717 	EXP 	robotF: autoDraw = True
16.1717 	EXP 	select1: autoDraw = True
16.1717 	EXP 	select2: autoDraw = True
16.1717 	EXP 	select3: autoDraw = True
16.1717 	EXP 	select4: autoDraw = True
16.1717 	EXP 	selection: autoDraw = True
16.1717 	EXP 	master: autoDraw = True
16.1717 	EXP 	sel: autoDraw = True
27.3756 	DATA 	Keypress: a
27.7770 	DATA 	Keypress: a
28.1919 	DATA 	Keypress: a
28.7254 	DATA 	Keypress: a
28.7277 	EXP 	New trial (rep=0, index=1): {u'r4': u'd', u'n1col': u'red', u'n2col': u'red', u'n4col': u'blue', u'r2': u'b', u'rs': u'LOC11', u'r3': u'c', u'n3col': u'red', u're': u'LOC20', u'n1': u'LOC12', u'n2': u'LOC13', u'n3': u'LOC18', u'n4': u'LOC19', u'r1': u'a'}
28.7557 	EXP 	whitebackground: autoDraw = False
28.7557 	EXP 	robotS: autoDraw = False
28.7557 	EXP 	node1: autoDraw = False
28.7557 	EXP 	node2: autoDraw = False
28.7557 	EXP 	node3: autoDraw = False
28.7557 	EXP 	node4: autoDraw = False
28.7557 	EXP 	robotF: autoDraw = False
28.7557 	EXP 	select1: autoDraw = False
28.7557 	EXP 	select2: autoDraw = False
28.7557 	EXP 	select3: autoDraw = False
28.7557 	EXP 	select4: autoDraw = False
28.7557 	EXP 	selection: autoDraw = False
28.7557 	EXP 	master: autoDraw = False
28.7557 	EXP 	sel: autoDraw = False
28.7557 	EXP 	robotS: pos = array([ 40.,   0.])
28.7557 	EXP 	node1: fillColor = u'red (named)'
28.7557 	EXP 	node1: pos = array([ 145.,    0.])
28.7557 	EXP 	node2: fillColor = u'red (named)'
28.7557 	EXP 	node2: pos = array([ 250.,    0.])
28.7557 	EXP 	node3: fillColor = u'red (named)'
28.7557 	EXP 	node3: pos = array([ 250., -105.])
28.7557 	EXP 	node4: fillColor = u'blue (named)'
28.7557 	EXP 	node4: pos = array([ 355., -105.])
28.7557 	EXP 	robotF: pos = array([ 460., -105.])
28.7557 	EXP 	whitebackground: autoDraw = True
28.7557 	EXP 	robotS: autoDraw = True
28.7557 	EXP 	node1: autoDraw = True
28.7557 	EXP 	node2: autoDraw = True
28.7557 	EXP 	node3: autoDraw = True
28.7557 	EXP 	node4: autoDraw = True
28.7557 	EXP 	robotF: autoDraw = True
28.7557 	EXP 	select1: autoDraw = True
28.7557 	EXP 	select2: autoDraw = True
28.7557 	EXP 	select3: autoDraw = True
28.7557 	EXP 	select4: autoDraw = True
28.7557 	EXP 	selection: autoDraw = True
28.7557 	EXP 	master: autoDraw = True
28.7557 	EXP 	sel: autoDraw = True
30.3420 	DATA 	Keypress: a
30.7255 	DATA 	Keypress: a
31.1252 	DATA 	Keypress: a
33.7258 	DATA 	Keypress: a
33.7280 	EXP 	New trial (rep=0, index=2): {u'r4': u'd', u'n1col': u'red', u'n2col': u'blue', u'n4col': u'yellow', u'r2': u'b', u'rs': u'LOC5', u'r3': u'c', u'n3col': u'blue', u're': u'LOC12', u'n1': u'LOC10', u'n2': u'LOC15', u'n3': u'LOC14', u'n4': u'LOC13', u'r1': u'a'}
33.7395 	EXP 	whitebackground: autoDraw = False
33.7395 	EXP 	robotS: autoDraw = False
33.7395 	EXP 	node1: autoDraw = False
33.7395 	EXP 	node2: autoDraw = False
33.7395 	EXP 	node3: autoDraw = False
33.7395 	EXP 	node4: autoDraw = False
33.7395 	EXP 	robotF: autoDraw = False
33.7395 	EXP 	select1: autoDraw = False
33.7395 	EXP 	select2: autoDraw = False
33.7395 	EXP 	select3: autoDraw = False
33.7395 	EXP 	select4: autoDraw = False
33.7395 	EXP 	selection: autoDraw = False
33.7395 	EXP 	master: autoDraw = False
33.7395 	EXP 	sel: autoDraw = False
33.7395 	EXP 	robotS: pos = array([ 460.,  210.])
33.7395 	EXP 	node1: fillColor = u'red (named)'
33.7395 	EXP 	node1: pos = array([ 460.,  105.])
33.7395 	EXP 	node2: fillColor = u'blue (named)'
33.7395 	EXP 	node2: pos = array([ 460.,    0.])
33.7395 	EXP 	node3: fillColor = u'blue (named)'
33.7395 	EXP 	node3: pos = array([ 355.,    0.])
33.7395 	EXP 	node4: fillColor = u'yellow (named)'
33.7395 	EXP 	node4: pos = array([ 250.,    0.])
33.7395 	EXP 	robotF: pos = array([ 145.,    0.])
33.7395 	EXP 	whitebackground: autoDraw = True
33.7395 	EXP 	robotS: autoDraw = True
33.7395 	EXP 	node1: autoDraw = True
33.7395 	EXP 	node2: autoDraw = True
33.7395 	EXP 	node3: autoDraw = True
33.7395 	EXP 	node4: autoDraw = True
33.7395 	EXP 	robotF: autoDraw = True
33.7395 	EXP 	select1: autoDraw = True
33.7395 	EXP 	select2: autoDraw = True
33.7395 	EXP 	select3: autoDraw = True
33.7395 	EXP 	select4: autoDraw = True
33.7395 	EXP 	selection: autoDraw = True
33.7395 	EXP 	master: autoDraw = True
33.7395 	EXP 	sel: autoDraw = True
34.1770 	DATA 	Keypress: a
34.5259 	DATA 	Keypress: a
34.9589 	DATA 	Keypress: a
35.4922 	DATA 	Keypress: a
35.5061 	EXP 	whitebackground: autoDraw = False
35.5061 	EXP 	robotS: autoDraw = False
35.5061 	EXP 	node1: autoDraw = False
35.5061 	EXP 	node2: autoDraw = False
35.5061 	EXP 	node3: autoDraw = False
35.5061 	EXP 	node4: autoDraw = False
35.5061 	EXP 	robotF: autoDraw = False
35.5061 	EXP 	select1: autoDraw = False
35.5061 	EXP 	select2: autoDraw = False
35.5061 	EXP 	select3: autoDraw = False
35.5061 	EXP 	select4: autoDraw = False
35.5061 	EXP 	selection: autoDraw = False
35.5061 	EXP 	master: autoDraw = False
35.5061 	EXP 	sel: autoDraw = False
35.5061 	EXP 	Evaluation: autoDraw = True
35.5061 	EXP 	polygon: autoDraw = True
35.5061 	EXP 	polygon_2: autoDraw = True
35.5061 	EXP 	polygon_3: autoDraw = True
35.5061 	EXP 	polygon_4: autoDraw = True
36.7263 	DATA 	Keypress: a
37.5234 	EXP 	choice: autoDraw = True
39.5068 	EXP 	polygon_4: autoDraw = False
40.1264 	DATA 	Keypress: escape
