7.3120 	EXP 	Created window1 = Window(allowGUI=False, allowStencil=False, autoLog=True, bitsMode=UNKNOWN, blendMode='avg', color=array([ 0.,  0.,  0.]), colorSpace='rgb', fullscr=UNKNOWN, gamma=None, lms=UNKNOWN, monitor=<psychopy.monitors.calibTools.Monitor object at 0x112be5dd0>, name='window1', pos=[0, 0], screen=0, size=array([1440,  900]), stereo=False, units='pix', useFBO=True, useRetina=False, viewOri=0.0, viewPos=None, viewScale=None, waitBlanking=True, winType='pyglet')
7.3121 	EXP 	window1: recordFrameIntervals = False
7.4769 	EXP 	window1: recordFrameIntervals = True
7.6609 	EXP 	window1: recordFrameIntervals = False
7.8249 	EXP 	Created welcome = TextStim(alignHoriz='center', alignVert='center', antialias=True, autoLog=True, bold=False, color=u'white', colorSpace='named', contrast=1.0, depth=0.0, flipHoriz=False, flipVert=False, font=u'Arial', fontFiles=[], height=50, italic=False, name='welcome', opacity=1.0, ori=0, pos=array([ 0.,  0.]), rgb=array([ 255.,  255.,  255.]), text=u'Welcome!', units='pix', win=Window(...), wrapWidth=500)
7.8606 	EXP 	Created text = TextStim(alignHoriz='center', alignVert='center', antialias=True, autoLog=True, bold=False, color=u'white', colorSpace='named', contrast=1.0, depth=0.0, flipHoriz=False, flipVert=False, font=u'Arial', fontFiles=[], height=50, italic=False, name='text', opacity=1.0, ori=0, pos=array([ 0.,  0.]), rgb=array([ 255.,  255.,  255.]), text=unicode(...), units='pix', win=Window(...), wrapWidth=500)
7.8723 	EXP 	<method-wrapper '__getattribute__' of attributeSetter object at 0x10efdf3d0>: vertices = array([[-400.,  450.],
       [ 400.,  450.],
       [ 400., -450.],
       [-400., -450.]])
7.8767 	EXP 	Created whitebackground = Rect(autoDraw=False, autoLog=True, closeShape=True, contrast=1.0, depth=-2.0, fillColor=array([ 1.,  1.,  1.]), fillColorSpace='rgb', fillRGB=array([ 1.,  1.,  1.]), interpolate=True, lineColor=array([ 1.,  1.,  1.]), lineColorSpace='rgb', lineRGB=array([ 1.,  1.,  1.]), lineWidth=0, name='whitebackground', opacity=1.0, ori=array(0.0), pos=array([-560.,    0.]), size=array([ 1.,  1.]), units='pix', vertices=ndarray(...), win=Window(...))
7.9673 	EXP 	Created robotS = ImageStim(autoLog=True, color=array([ 1.,  1.,  1.]), colorSpace='rgb', contrast=1.0, depth=-3.0, flipHoriz=False, flipVert=False, image='robot.png', interpolate=True, mask=None, maskParams=None, name='robotS', opacity=1.0, ori=0.0, pos=array([ 0.,  0.]), size=array([ 100.,  100.]), texRes=128, units='pix', win=Window(...))
7.9752 	EXP 	Created node1 = Polygon(autoDraw=False, autoLog=True, closeShape=True, contrast=1.0, depth=-4.0, fillColor=array([ 1.,  1.,  1.]), fillColorSpace='rgb', fillRGB=array([ 1.,  1.,  1.]), interpolate=True, lineColor=array([ 1.,  1.,  1.]), lineColorSpace='rgb', lineRGB=array([ 1.,  1.,  1.]), lineWidth=0, name='node1', opacity=1.0, ori=array(0.0), pos=array([ 0.,  0.]), size=array([ 100.,  100.]), units='pix', vertices=ndarray(...), win=Window(...))
7.9813 	EXP 	Created node2 = Polygon(autoDraw=False, autoLog=True, closeShape=True, contrast=1.0, depth=-5.0, fillColor=array([ 1.,  1.,  1.]), fillColorSpace='rgb', fillRGB=array([ 1.,  1.,  1.]), interpolate=True, lineColor=array([ 1.,  1.,  1.]), lineColorSpace='rgb', lineRGB=array([ 1.,  1.,  1.]), lineWidth=0, name='node2', opacity=1.0, ori=array(0.0), pos=array([ 0.,  0.]), size=array([ 100.,  100.]), units='pix', vertices=ndarray(...), win=Window(...))
7.9877 	EXP 	Created node3 = Polygon(autoDraw=False, autoLog=True, closeShape=True, contrast=1.0, depth=-6.0, fillColor=array([ 1.,  1.,  1.]), fillColorSpace='rgb', fillRGB=array([ 1.,  1.,  1.]), interpolate=True, lineColor=array([ 1.,  1.,  1.]), lineColorSpace='rgb', lineRGB=array([ 1.,  1.,  1.]), lineWidth=0, name='node3', opacity=1.0, ori=array(0.0), pos=array([ 0.,  0.]), size=array([ 100.,  100.]), units='pix', vertices=ndarray(...), win=Window(...))
7.9938 	EXP 	Created node4 = Polygon(autoDraw=False, autoLog=True, closeShape=True, contrast=1.0, depth=-7.0, fillColor=array([ 1.,  1.,  1.]), fillColorSpace='rgb', fillRGB=array([ 1.,  1.,  1.]), interpolate=True, lineColor=array([ 1.,  1.,  1.]), lineColorSpace='rgb', lineRGB=array([ 1.,  1.,  1.]), lineWidth=0, name='node4', opacity=1.0, ori=array(0.0), pos=array([ 0.,  0.]), size=array([ 100.,  100.]), units='pix', vertices=ndarray(...), win=Window(...))
8.0070 	EXP 	Created robotF = ImageStim(autoLog=True, color=array([ 1.,  1.,  1.]), colorSpace='rgb', contrast=1.0, depth=-8.0, flipHoriz=False, flipVert=False, image='robot.png', interpolate=True, mask=None, maskParams=None, name='robotF', opacity=1.0, ori=0.0, pos=array([ 0.,  0.]), size=array([ 100.,  100.]), texRes=128, units='pix', win=Window(...))
8.0129 	EXP 	Created select1 = Polygon(autoDraw=False, autoLog=True, closeShape=True, contrast=1.0, depth=-9.0, fillColor='red', fillColorSpace='named', fillRGB=array([ 255.,    0.,    0.]), interpolate=True, lineColor=array([ 1.,  1.,  1.]), lineColorSpace='rgb', lineRGB=array([ 1.,  1.,  1.]), lineWidth=0, name='select1', opacity=1.0, ori=array(0.0), pos=array([-600.,  100.]), size=array([ 100.,  100.]), units='pix', vertices=ndarray(...), win=Window(...))
8.0185 	EXP 	Created select2 = Polygon(autoDraw=False, autoLog=True, closeShape=True, contrast=1.0, depth=-10.0, fillColor='blue', fillColorSpace='named', fillRGB=array([   0.,    0.,  255.]), interpolate=True, lineColor=array([ 1.,  1.,  1.]), lineColorSpace='rgb', lineRGB=array([ 1.,  1.,  1.]), lineWidth=0, name='select2', opacity=1.0, ori=array(0.0), pos=array([-600.,  -50.]), size=array([ 100.,  100.]), units='pix', vertices=ndarray(...), win=Window(...))
8.0245 	EXP 	Created select3 = Polygon(autoDraw=False, autoLog=True, closeShape=True, contrast=1.0, depth=-11.0, fillColor='yellow', fillColorSpace='named', fillRGB=array([ 255.,  255.,    0.]), interpolate=True, lineColor=array([ 1.,  1.,  1.]), lineColorSpace='rgb', lineRGB=array([ 1.,  1.,  1.]), lineWidth=0, name='select3', opacity=1.0, ori=array(0.0), pos=array([-600., -200.]), size=array([ 100.,  100.]), units='pix', vertices=ndarray(...), win=Window(...))
8.0301 	EXP 	Created select4 = Polygon(autoDraw=False, autoLog=True, closeShape=True, contrast=1.0, depth=-12.0, fillColor='green', fillColorSpace='named', fillRGB=array([   0.,  128.,    0.]), interpolate=True, lineColor=array([ 1.,  1.,  1.]), lineColorSpace='rgb', lineRGB=array([ 1.,  1.,  1.]), lineWidth=0, name='select4', opacity=1.0, ori=array(0.0), pos=array([-600., -350.]), size=array([ 100.,  100.]), units='pix', vertices=ndarray(...), win=Window(...))
8.0429 	EXP 	Created selection = ImageStim(autoLog=True, color=array([ 1.,  1.,  1.]), colorSpace='rgb', contrast=1.0, depth=-13.0, flipHoriz=False, flipVert=False, image='selection.png', interpolate=True, mask=None, maskParams=None, name='selection', opacity=1.0, ori=0.0, pos=array([ 0.,  0.]), size=array([ 295.5,  145.5]), texRes=128, units='pix', win=Window(...))
8.0603 	EXP 	welcome: autoDraw = True
10.0608 	EXP 	welcome: autoDraw = False
10.0608 	EXP 	text: autoDraw = True
14.7551 	DATA 	Keypress: space
14.7693 	EXP 	Imported designs.xlsx as conditions, 3 conditions, 14 params
14.7699 	EXP 	Created sequence: random, trialTypes=3, nReps=1, seed=None
14.7708 	EXP 	New trial (rep=0, index=0): {u'r4': u'd', u'n1col': u'red', u'n2col': u'red', u'n4col': u'blue', u'r2': u'b', u'rs': u'LOC11', u'r3': u'c', u'n3col': u'red', u're': u'LOC20', u'n1': u'LOC12', u'n2': u'LOC13', u'n3': u'LOC18', u'n4': u'LOC19', u'r1': u'a'}
14.7946 	EXP 	text: autoDraw = False
14.7946 	EXP 	robotS: pos = array([ 40.,   0.])
14.7946 	EXP 	node1: fillColor = u'red (named)'
14.7946 	EXP 	node1: pos = array([ 145.,    0.])
14.7946 	EXP 	node2: fillColor = u'red (named)'
14.7946 	EXP 	node2: pos = array([ 250.,    0.])
14.7946 	EXP 	node3: fillColor = u'red (named)'
14.7946 	EXP 	node3: pos = array([ 250., -105.])
14.7946 	EXP 	node4: fillColor = u'blue (named)'
14.7946 	EXP 	node4: pos = array([ 355., -105.])
14.7946 	EXP 	robotF: pos = array([ 460., -105.])
14.7946 	EXP 	whitebackground: autoDraw = True
14.7946 	EXP 	robotS: autoDraw = True
14.7946 	EXP 	node1: autoDraw = True
14.7946 	EXP 	node2: autoDraw = True
14.7946 	EXP 	node3: autoDraw = True
14.7946 	EXP 	node4: autoDraw = True
14.7946 	EXP 	robotF: autoDraw = True
14.7946 	EXP 	select1: autoDraw = True
14.7946 	EXP 	select2: autoDraw = True
14.7946 	EXP 	select3: autoDraw = True
14.7946 	EXP 	select4: autoDraw = True
14.7946 	EXP 	selection: autoDraw = True
23.0324 	DATA 	Keypress: space
25.9662 	DATA 	Keypress: a
27.8996 	DATA 	Keypress: a
30.1163 	DATA 	Keypress: a
31.1167 	DATA 	Keypress: a
31.1201 	EXP 	New trial (rep=0, index=1): {u'r4': u'd', u'n1col': u'red', u'n2col': u'blue', u'n4col': u'yellow', u'r2': u'b', u'rs': u'LOC5', u'r3': u'c', u'n3col': u'blue', u're': u'LOC12', u'n1': u'LOC10', u'n2': u'LOC15', u'n3': u'LOC14', u'n4': u'LOC13', u'r1': u'a'}
31.1464 	EXP 	whitebackground: autoDraw = False
31.1464 	EXP 	robotS: autoDraw = False
31.1464 	EXP 	node1: autoDraw = False
31.1464 	EXP 	node2: autoDraw = False
31.1464 	EXP 	node3: autoDraw = False
31.1464 	EXP 	node4: autoDraw = False
31.1464 	EXP 	robotF: autoDraw = False
31.1464 	EXP 	select1: autoDraw = False
31.1464 	EXP 	select2: autoDraw = False
31.1464 	EXP 	select3: autoDraw = False
31.1464 	EXP 	select4: autoDraw = False
31.1464 	EXP 	selection: autoDraw = False
31.1464 	EXP 	robotS: pos = array([ 460.,  210.])
31.1464 	EXP 	node1: fillColor = u'red (named)'
31.1464 	EXP 	node1: pos = array([ 460.,  105.])
31.1464 	EXP 	node2: fillColor = u'blue (named)'
31.1464 	EXP 	node2: pos = array([ 460.,    0.])
31.1464 	EXP 	node3: fillColor = u'blue (named)'
31.1464 	EXP 	node3: pos = array([ 355.,    0.])
31.1464 	EXP 	node4: fillColor = u'yellow (named)'
31.1464 	EXP 	node4: pos = array([ 250.,    0.])
31.1464 	EXP 	robotF: pos = array([ 145.,    0.])
31.1464 	EXP 	whitebackground: autoDraw = True
31.1464 	EXP 	robotS: autoDraw = True
31.1464 	EXP 	node1: autoDraw = True
31.1464 	EXP 	node2: autoDraw = True
31.1464 	EXP 	node3: autoDraw = True
31.1464 	EXP 	node4: autoDraw = True
31.1464 	EXP 	robotF: autoDraw = True
31.1464 	EXP 	select1: autoDraw = True
31.1464 	EXP 	select2: autoDraw = True
31.1464 	EXP 	select3: autoDraw = True
31.1464 	EXP 	select4: autoDraw = True
31.1464 	EXP 	selection: autoDraw = True
32.2839 	DATA 	Keypress: a
32.9187 	DATA 	Keypress: a
33.4836 	DATA 	Keypress: a
34.0004 	DATA 	Keypress: a
34.0030 	EXP 	New trial (rep=0, index=2): {u'r4': u'd', u'n1col': u'green', u'n2col': u'green', u'n4col': u'yellow', u'r2': u'b', u'rs': u'LOC21', u'r3': u'c', u'n3col': u'blue', u're': u'LOC8', u'n1': u'LOC22', u'n2': u'LOC23', u'n3': u'LOC18', u'n4': u'LOC13', u'r1': u'a'}
34.0302 	EXP 	whitebackground: autoDraw = False
34.0302 	EXP 	robotS: autoDraw = False
34.0302 	EXP 	node1: autoDraw = False
34.0302 	EXP 	node2: autoDraw = False
34.0302 	EXP 	node3: autoDraw = False
34.0302 	EXP 	node4: autoDraw = False
34.0302 	EXP 	robotF: autoDraw = False
34.0302 	EXP 	select1: autoDraw = False
34.0302 	EXP 	select2: autoDraw = False
34.0302 	EXP 	select3: autoDraw = False
34.0302 	EXP 	select4: autoDraw = False
34.0302 	EXP 	selection: autoDraw = False
34.0302 	EXP 	robotS: pos = array([  40., -210.])
34.0302 	EXP 	node1: fillColor = u'green (named)'
34.0302 	EXP 	node1: pos = array([ 145., -210.])
34.0302 	EXP 	node2: fillColor = u'green (named)'
34.0302 	EXP 	node2: pos = array([ 250., -210.])
34.0302 	EXP 	node3: fillColor = u'blue (named)'
34.0302 	EXP 	node3: pos = array([ 250., -105.])
34.0302 	EXP 	node4: fillColor = u'yellow (named)'
34.0302 	EXP 	node4: pos = array([ 250.,    0.])
34.0302 	EXP 	robotF: pos = array([ 250.,  105.])
34.0302 	EXP 	whitebackground: autoDraw = True
34.0302 	EXP 	robotS: autoDraw = True
34.0302 	EXP 	node1: autoDraw = True
34.0302 	EXP 	node2: autoDraw = True
34.0302 	EXP 	node3: autoDraw = True
34.0302 	EXP 	node4: autoDraw = True
34.0302 	EXP 	robotF: autoDraw = True
34.0302 	EXP 	select1: autoDraw = True
34.0302 	EXP 	select2: autoDraw = True
34.0302 	EXP 	select3: autoDraw = True
34.0302 	EXP 	select4: autoDraw = True
34.0302 	EXP 	selection: autoDraw = True
34.6167 	DATA 	Keypress: a
35.1370 	DATA 	Keypress: a
35.7173 	DATA 	Keypress: a
36.3337 	DATA 	Keypress: a
36.3548 	EXP 	window1: mouseVisible = True
