6.7117 	EXP 	Created window1 = Window(allowGUI=False, allowStencil=False, autoLog=True, bitsMode=UNKNOWN, blendMode='avg', color='black', colorSpace='named', fullscr=UNKNOWN, gamma=None, lms=UNKNOWN, monitor=<psychopy.monitors.calibTools.Monitor object at 0x11288a810>, name='window1', pos=[0, 0], screen=0, size=array([1440,  900]), stereo=False, units='pix', useFBO=True, useRetina=False, viewOri=0.0, viewPos=None, viewScale=None, waitBlanking=True, winType='pyglet')
6.7118 	EXP 	window1: recordFrameIntervals = False
6.8774 	EXP 	window1: recordFrameIntervals = True
7.0611 	EXP 	window1: recordFrameIntervals = False
7.2349 	EXP 	Created welcome = TextStim(alignHoriz='center', alignVert='center', antialias=True, autoLog=True, bold=False, color='white', colorSpace='named', contrast=1.0, depth=-1.0, flipHoriz=False, flipVert=False, font='Arial', fontFiles=[], height=100, italic=False, name='welcome', opacity=1.0, ori=0, pos=array([ 0.,  0.]), rgb=array([ 255.,  255.,  255.]), text=u'Welcome!', units='pix', win=Window(...), wrapWidth=500)
7.2877 	EXP 	Created instruct = TextStim(alignHoriz='center', alignVert='center', antialias=True, autoLog=True, bold=False, color='white', colorSpace='named', contrast=1.0, depth=-2.0, flipHoriz=False, flipVert=False, font='Arial', fontFiles=[], height=50, italic=False, name='instruct', opacity=1.0, ori=0, pos=array([ 0.,  0.]), rgb=array([ 255.,  255.,  255.]), text=unicode(...), units='pix', win=Window(...), wrapWidth=500)
7.3883 	EXP 	Created rob0 = ImageStim(autoLog=True, color=array([ 1.,  1.,  1.]), colorSpace='rgb', contrast=1.0, depth=-3.0, flipHoriz=False, flipVert=False, image='robot1.png', interpolate=True, mask=None, maskParams=None, name='rob0', opacity=1.0, ori=0.0, pos=array([-250., -100.]), size=array([ 200.,  200.]), texRes=128, units='pix', win=Window(...))
7.4025 	EXP 	Created robb = ImageStim(autoLog=True, color=array([ 1.,  1.,  1.]), colorSpace='rgb', contrast=1.0, depth=-4.0, flipHoriz=False, flipVert=False, image='robot1.png', interpolate=True, mask=None, maskParams=None, name='robb', opacity=1.0, ori=0.0, pos=array([ 250., -100.]), size=array([ 200.,  200.]), texRes=128, units='pix', win=Window(...))
7.4248 	EXP 	Created na = Polygon(autoDraw=False, autoLog=True, closeShape=True, contrast=1.0, depth=-5.0, fillColor='blue', fillColorSpace='named', fillRGB=array([   0.,    0.,  255.]), interpolate=True, lineColor='blue', lineColorSpace='named', lineRGB=array([   0.,    0.,  255.]), lineWidth=1, name='na', opacity=1.0, ori=array(0.0), pos=array([ 0.,  0.]), size=array([ 1.,  1.]), units='pix', vertices=ndarray(...), win=Window(...))
7.4357 	EXP 	Created nb = Polygon(autoDraw=False, autoLog=True, closeShape=True, contrast=1.0, depth=-6.0, fillColor='blue', fillColorSpace='named', fillRGB=array([   0.,    0.,  255.]), interpolate=True, lineColor='blue', lineColorSpace='named', lineRGB=array([   0.,    0.,  255.]), lineWidth=1, name='nb', opacity=1.0, ori=array(0.0), pos=array([ 0.,  0.]), size=array([ 1.,  1.]), units='pix', vertices=ndarray(...), win=Window(...))
7.4467 	EXP 	Created nc = Polygon(autoDraw=False, autoLog=True, closeShape=True, contrast=1.0, depth=-7.0, fillColor='blue', fillColorSpace='named', fillRGB=array([   0.,    0.,  255.]), interpolate=True, lineColor='blue', lineColorSpace='named', lineRGB=array([   0.,    0.,  255.]), lineWidth=1, name='nc', opacity=1.0, ori=array(0.0), pos=array([ 0.,  0.]), size=array([ 1.,  1.]), units='pix', vertices=ndarray(...), win=Window(...))
7.4496 	EXP 	<method-wrapper '__getattribute__' of attributeSetter object at 0x10e08cdd0>: vertices = array([[-55.,  20.],
       [ 55.,  20.],
       [ 55., -20.],
       [-55., -20.]])
7.4522 	EXP 	Created s1 = Rect(autoDraw=False, autoLog=True, closeShape=True, contrast=1.0, depth=-8.0, fillColor='black', fillColorSpace='named', fillRGB=array([ 0.,  0.,  0.]), interpolate=True, lineColor='black', lineColorSpace='named', lineRGB=array([ 0.,  0.,  0.]), lineWidth=1, name='s1', opacity=1.0, ori=array(0.0), pos=array([-110., -100.]), size=array([ 1.,  1.]), units='pix', vertices=ndarray(...), win=Window(...))
7.4530 	EXP 	<method-wrapper '__getattribute__' of attributeSetter object at 0x10e08cdd0>: vertices = array([[-55.,  20.],
       [ 55.,  20.],
       [ 55., -20.],
       [-55., -20.]])
7.4556 	EXP 	Created s2 = Rect(autoDraw=False, autoLog=True, closeShape=True, contrast=1.0, depth=-9.0, fillColor='black', fillColorSpace='named', fillRGB=array([ 0.,  0.,  0.]), interpolate=True, lineColor='black', lineColorSpace='named', lineRGB=array([ 0.,  0.,  0.]), lineWidth=1, name='s2', opacity=1.0, ori=array(0.0), pos=array([   0., -100.]), size=array([ 1.,  1.]), units='pix', vertices=ndarray(...), win=Window(...))
7.4564 	EXP 	<method-wrapper '__getattribute__' of attributeSetter object at 0x10e08cdd0>: vertices = array([[-55.,  20.],
       [ 55.,  20.],
       [ 55., -20.],
       [-55., -20.]])
7.4593 	EXP 	Created s3 = Rect(autoDraw=False, autoLog=True, closeShape=True, contrast=1.0, depth=-10.0, fillColor='black', fillColorSpace='named', fillRGB=array([ 0.,  0.,  0.]), interpolate=True, lineColor='black', lineColorSpace='named', lineRGB=array([ 0.,  0.,  0.]), lineWidth=1, name='s3', opacity=1.0, ori=array(0.0), pos=array([ 110., -100.]), size=array([ 1.,  1.]), units='pix', vertices=ndarray(...), win=Window(...))
7.9588 	EXP 	Created heart = ImageStim(autoLog=True, color=array([ 1.,  1.,  1.]), colorSpace='rgb', contrast=1.0, depth=-11.0, flipHoriz=False, flipVert=False, image='heart.png', interpolate=True, mask=None, maskParams=None, name='heart', opacity=1.0, ori=0.0, pos=array([   0., -100.]), size=array([ 1.,  1.]), texRes=128, units='pix', win=Window(...))
8.0522 	EXP 	Created text_2 = TextStim(alignHoriz='center', alignVert='center', antialias=True, autoLog=True, bold=False, color='white', colorSpace='named', contrast=1.0, depth=-1.0, flipHoriz=False, flipVert=False, font='Arial', fontFiles=[], height=40, italic=False, name='text_2', opacity=1.0, ori=0, pos=array([ 0.,  0.]), rgb=array([ 255.,  255.,  255.]), text=u"Let's take an example", units='pix', win=Window(...), wrapWidth=500)
8.0587 	EXP 	Created nod1 = Polygon(autoDraw=False, autoLog=True, closeShape=True, contrast=1.0, depth=-2.0, fillColor=array([ 1.,  1.,  1.]), fillColorSpace='rgb', fillRGB=array([ 1.,  1.,  1.]), interpolate=True, lineColor='red', lineColorSpace='named', lineRGB=array([ 255.,    0.,    0.]), lineWidth=1, name='nod1', opacity=1.0, ori=array(0.0), pos=array([ 0.,  0.]), size=array([ 100.,  100.]), units='pix', vertices=ndarray(...), win=Window(...))
8.0683 	EXP 	Created nod2 = Polygon(autoDraw=False, autoLog=True, closeShape=True, contrast=1.0, depth=-3.0, fillColor=array([ 1.,  1.,  1.]), fillColorSpace='rgb', fillRGB=array([ 1.,  1.,  1.]), interpolate=True, lineColor=array([ 1.,  1.,  1.]), lineColorSpace='rgb', lineRGB=array([ 1.,  1.,  1.]), lineWidth=1, name='nod2', opacity=1.0, ori=array(0.0), pos=array([ 0.,  0.]), size=array([ 100.,  100.]), units='pix', vertices=ndarray(...), win=Window(...))
8.0770 	EXP 	Created nod3 = Polygon(autoDraw=False, autoLog=True, closeShape=True, contrast=1.0, depth=-4.0, fillColor=array([ 1.,  1.,  1.]), fillColorSpace='rgb', fillRGB=array([ 1.,  1.,  1.]), interpolate=True, lineColor=array([ 1.,  1.,  1.]), lineColorSpace='rgb', lineRGB=array([ 1.,  1.,  1.]), lineWidth=1, name='nod3', opacity=1.0, ori=array(0.0), pos=array([ 135.,  115.]), size=array([ 100.,  100.]), units='pix', vertices=ndarray(...), win=Window(...))
8.0853 	EXP 	Created nod4 = Polygon(autoDraw=False, autoLog=True, closeShape=True, contrast=1.0, depth=-5.0, fillColor=array([ 1.,  1.,  1.]), fillColorSpace='rgb', fillRGB=array([ 1.,  1.,  1.]), interpolate=True, lineColor=array([ 1.,  1.,  1.]), lineColorSpace='rgb', lineRGB=array([ 1.,  1.,  1.]), lineWidth=1, name='nod4', opacity=1.0, ori=array(0.0), pos=array([ 250.,  115.]), size=array([ 100.,  100.]), units='pix', vertices=ndarray(...), win=Window(...))
8.0980 	EXP 	Created rob1 = ImageStim(autoLog=True, color=array([ 1.,  1.,  1.]), colorSpace='rgb', contrast=1.0, depth=-6.0, flipHoriz=False, flipVert=False, image='robot1.png', interpolate=True, mask=None, maskParams=None, name='rob1', opacity=1.0, ori=1.0, pos=array([  20., -115.]), size=array([ 100.,  100.]), texRes=128, units='pix', win=Window(...))
8.1012 	EXP 	Created rob2 = ImageStim(autoLog=True, color=array([ 1.,  1.,  1.]), colorSpace='rgb', contrast=1.0, depth=-7.0, flipHoriz=False, flipVert=False, image='sin', interpolate=True, mask=None, maskParams=None, name='rob2', opacity=1.0, ori=0.0, pos=array([ 365.,  115.]), size=array([ 100.,  100.]), texRes=128, units='pix', win=Window(...))
8.1018 	EXP 	<method-wrapper '__getattribute__' of attributeSetter object at 0x10e08cdd0>: vertices = array([[-0.5,  0.5],
       [ 0.5,  0.5],
       [ 0.5, -0.5],
       [-0.5, -0.5]])
8.1039 	EXP 	Created sh1 = Rect(autoDraw=False, autoLog=True, closeShape=True, contrast=1.0, depth=-9.0, fillColor='black', fillColorSpace='named', fillRGB=array([ 0.,  0.,  0.]), interpolate=True, lineColor='black', lineColorSpace='named', lineRGB=array([ 0.,  0.,  0.]), lineWidth=1, name='sh1', opacity=1.0, ori=array(0.0), pos=array([ 20.,   0.]), size=array([ 1.,  1.]), units='pix', vertices=ndarray(...), win=Window(...))
8.1046 	EXP 	<method-wrapper '__getattribute__' of attributeSetter object at 0x10e08cdd0>: vertices = array([[-30.,  20.],
       [ 30.,  20.],
       [ 30., -20.],
       [-30., -20.]])
8.1064 	EXP 	Created sh2a = Rect(autoDraw=False, autoLog=True, closeShape=True, contrast=1.0, depth=-10.0, fillColor='black', fillColorSpace='named', fillRGB=array([ 0.,  0.,  0.]), interpolate=True, lineColor='black', lineColorSpace='named', lineRGB=array([ 0.,  0.,  0.]), lineWidth=1, name='sh2a', opacity=1.0, ori=array(0.0), pos=array([  50.,  113.]), size=array([ 1.,  1.]), units='pix', vertices=ndarray(...), win=Window(...))
8.1069 	EXP 	<method-wrapper '__getattribute__' of attributeSetter object at 0x10e08cdd0>: vertices = array([[-20.,  40.],
       [ 20.,  40.],
       [ 20., -40.],
       [-20., -40.]])
8.1087 	EXP 	Created sh2b = Rect(autoDraw=False, autoLog=True, closeShape=True, contrast=1.0, depth=-11.0, fillColor='black', fillColorSpace='named', fillRGB=array([ 0.,  0.,  0.]), interpolate=True, lineColor='black', lineColorSpace='named', lineRGB=array([ 0.,  0.,  0.]), lineWidth=1, name='sh2b', opacity=1.0, ori=array(0.0), pos=array([ 22.,  93.]), size=array([ 1.,  1.]), units='pix', vertices=ndarray(...), win=Window(...))
8.1092 	EXP 	<method-wrapper '__getattribute__' of attributeSetter object at 0x10e08cdd0>: vertices = array([[-55.,  20.],
       [ 55.,  20.],
       [ 55., -20.],
       [-55., -20.]])
8.1110 	EXP 	Created sh3 = Rect(autoDraw=False, autoLog=True, closeShape=True, contrast=1.0, depth=-12.0, fillColor='black', fillColorSpace='named', fillRGB=array([ 0.,  0.,  0.]), interpolate=True, lineColor='black', lineColorSpace='named', lineRGB=array([ 0.,  0.,  0.]), lineWidth=1, name='sh3', opacity=1.0, ori=array(0.0), pos=array([ 135.,  115.]), size=array([ 1.,  1.]), units='pix', vertices=ndarray(...), win=Window(...))
8.1114 	EXP 	<method-wrapper '__getattribute__' of attributeSetter object at 0x10e08cdd0>: vertices = array([[-55.,  20.],
       [ 55.,  20.],
       [ 55., -20.],
       [-55., -20.]])
8.1130 	EXP 	Created sh4 = Rect(autoDraw=False, autoLog=True, closeShape=True, contrast=1.0, depth=-13.0, fillColor='black', fillColorSpace='named', fillRGB=array([ 0.,  0.,  0.]), interpolate=True, lineColor='black', lineColorSpace='named', lineRGB=array([ 0.,  0.,  0.]), lineWidth=1, name='sh4', opacity=1.0, ori=array(0.0), pos=array([ 250.,  115.]), size=array([ 1.,  1.]), units='pix', vertices=ndarray(...), win=Window(...))
8.1333 	EXP 	Created star = TextStim(alignHoriz='center', alignVert='center', antialias=True, autoLog=True, bold=False, color='white', colorSpace='named', contrast=1.0, depth=0.0, flipHoriz=False, flipVert=False, font='Arial', fontFiles=[], height=50, italic=False, name='star', opacity=1.0, ori=0, pos=array([ 0.,  0.]), rgb=array([ 255.,  255.,  255.]), text=unicode(...), units='pix', win=Window(...), wrapWidth=500)
8.1338 	EXP 	<method-wrapper '__getattribute__' of attributeSetter object at 0x10e08cdd0>: vertices = array([[-400.,  450.],
       [ 400.,  450.],
       [ 400., -450.],
       [-400., -450.]])
8.1368 	EXP 	Created whitebackground = Rect(autoDraw=False, autoLog=True, closeShape=True, contrast=1.0, depth=-2.0, fillColor=array([ 1.,  1.,  1.]), fillColorSpace='rgb', fillRGB=array([ 1.,  1.,  1.]), interpolate=True, lineColor=array([ 1.,  1.,  1.]), lineColorSpace='rgb', lineRGB=array([ 1.,  1.,  1.]), lineWidth=0, name='whitebackground', opacity=1.0, ori=array(0.0), pos=array([-560.,    0.]), size=array([ 1.,  1.]), units='pix', vertices=ndarray(...), win=Window(...))
8.1497 	EXP 	Created robotS = ImageStim(autoLog=True, color=array([ 1.,  1.,  1.]), colorSpace='rgb', contrast=1.0, depth=-3.0, flipHoriz=False, flipVert=False, image=u'robot1.png', interpolate=True, mask=None, maskParams=None, name='robotS', opacity=1.0, ori=0.0, pos=array([ 0.,  0.]), size=array([ 100.,  100.]), texRes=128, units='pix', win=Window(...))
8.1570 	EXP 	Created node1 = Polygon(autoDraw=False, autoLog=True, closeShape=True, contrast=1.0, depth=-4.0, fillColor=array([ 1.,  1.,  1.]), fillColorSpace='rgb', fillRGB=array([ 1.,  1.,  1.]), interpolate=True, lineColor=array([ 1.,  1.,  1.]), lineColorSpace='rgb', lineRGB=array([ 1.,  1.,  1.]), lineWidth=0, name='node1', opacity=1.0, ori=array(0.0), pos=array([ 0.,  0.]), size=array([ 100.,  100.]), units='pix', vertices=ndarray(...), win=Window(...))
8.1645 	EXP 	Created node2 = Polygon(autoDraw=False, autoLog=True, closeShape=True, contrast=1.0, depth=-5.0, fillColor=array([ 1.,  1.,  1.]), fillColorSpace='rgb', fillRGB=array([ 1.,  1.,  1.]), interpolate=True, lineColor=array([ 1.,  1.,  1.]), lineColorSpace='rgb', lineRGB=array([ 1.,  1.,  1.]), lineWidth=0, name='node2', opacity=1.0, ori=array(0.0), pos=array([ 0.,  0.]), size=array([ 100.,  100.]), units='pix', vertices=ndarray(...), win=Window(...))
8.1727 	EXP 	Created node3 = Polygon(autoDraw=False, autoLog=True, closeShape=True, contrast=1.0, depth=-6.0, fillColor=array([ 1.,  1.,  1.]), fillColorSpace='rgb', fillRGB=array([ 1.,  1.,  1.]), interpolate=True, lineColor=array([ 1.,  1.,  1.]), lineColorSpace='rgb', lineRGB=array([ 1.,  1.,  1.]), lineWidth=0, name='node3', opacity=1.0, ori=array(0.0), pos=array([ 0.,  0.]), size=array([ 100.,  100.]), units='pix', vertices=ndarray(...), win=Window(...))
8.1809 	EXP 	Created node4 = Polygon(autoDraw=False, autoLog=True, closeShape=True, contrast=1.0, depth=-7.0, fillColor=array([ 1.,  1.,  1.]), fillColorSpace='rgb', fillRGB=array([ 1.,  1.,  1.]), interpolate=True, lineColor=array([ 1.,  1.,  1.]), lineColorSpace='rgb', lineRGB=array([ 1.,  1.,  1.]), lineWidth=0, name='node4', opacity=1.0, ori=array(0.0), pos=array([ 0.,  0.]), size=array([ 100.,  100.]), units='pix', vertices=ndarray(...), win=Window(...))
8.1890 	EXP 	Created node5 = Polygon(autoDraw=False, autoLog=True, closeShape=True, contrast=1.0, depth=-8.0, fillColor=array([ 1.,  1.,  1.]), fillColorSpace='rgb', fillRGB=array([ 1.,  1.,  1.]), interpolate=True, lineColor=array([ 1.,  1.,  1.]), lineColorSpace='rgb', lineRGB=array([ 1.,  1.,  1.]), lineWidth=0, name='node5', opacity=1.0, ori=array(0.0), pos=array([ 0.,  0.]), size=array([ 100.,  100.]), units='pix', vertices=ndarray(...), win=Window(...))
8.2009 	EXP 	Created robotF = ImageStim(autoLog=True, color=array([ 1.,  1.,  1.]), colorSpace='rgb', contrast=1.0, depth=-9.0, flipHoriz=False, flipVert=False, image=u'robot1.png', interpolate=True, mask=None, maskParams=None, name='robotF', opacity=1.0, ori=0.0, pos=array([ 0.,  0.]), size=array([ 100.,  100.]), texRes=128, units='pix', win=Window(...))
8.2092 	EXP 	Created select1 = Polygon(autoDraw=False, autoLog=True, closeShape=True, contrast=1.0, depth=-10.0, fillColor='red', fillColorSpace='named', fillRGB=array([ 255.,    0.,    0.]), interpolate=True, lineColor=array([ 1.,  1.,  1.]), lineColorSpace='rgb', lineRGB=array([ 1.,  1.,  1.]), lineWidth=0, name='select1', opacity=1.0, ori=array(0.0), pos=array([-630.,    0.]), size=array([ 100.,  100.]), units='pix', vertices=ndarray(...), win=Window(...))
8.2164 	EXP 	Created select2 = Polygon(autoDraw=False, autoLog=True, closeShape=True, contrast=1.0, depth=-11.0, fillColor='blue', fillColorSpace='named', fillRGB=array([   0.,    0.,  255.]), interpolate=True, lineColor=array([ 1.,  1.,  1.]), lineColorSpace='rgb', lineRGB=array([ 1.,  1.,  1.]), lineWidth=0, name='select2', opacity=1.0, ori=array(0.0), pos=array([-630., -120.]), size=array([ 100.,  100.]), units='pix', vertices=ndarray(...), win=Window(...))
8.2229 	EXP 	Created select3 = Polygon(autoDraw=False, autoLog=True, closeShape=True, contrast=1.0, depth=-12.0, fillColor='yellow', fillColorSpace='named', fillRGB=array([ 255.,  255.,    0.]), interpolate=True, lineColor=array([ 1.,  1.,  1.]), lineColorSpace='rgb', lineRGB=array([ 1.,  1.,  1.]), lineWidth=0, name='select3', opacity=1.0, ori=array(0.0), pos=array([-630., -240.]), size=array([ 100.,  100.]), units='pix', vertices=ndarray(...), win=Window(...))
8.2289 	EXP 	Created select4 = Polygon(autoDraw=False, autoLog=True, closeShape=True, contrast=1.0, depth=-13.0, fillColor=u'green', fillColorSpace='named', fillRGB=array([   0.,  128.,    0.]), interpolate=True, lineColor=array([ 1.,  1.,  1.]), lineColorSpace='rgb', lineRGB=array([ 1.,  1.,  1.]), lineWidth=0, name='select4', opacity=1.0, ori=array(0.0), pos=array([-630., -360.]), size=array([ 100.,  100.]), units='pix', vertices=ndarray(...), win=Window(...))
8.2562 	EXP 	Created selection = ImageStim(autoLog=True, color=array([ 1.,  1.,  1.]), colorSpace='rgb', contrast=1.0, depth=-14.0, flipHoriz=False, flipVert=False, image='mastershapes.png', interpolate=True, mask=None, maskParams=None, name='selection', opacity=1.0, ori=0.0, pos=array([ 0.,  0.]), size=array([ 500.,  400.]), texRes=128, units='pix', win=Window(...))
8.3060 	EXP 	Created sel = TextStim(alignHoriz='center', alignVert='center', antialias=True, autoLog=True, bold=False, color='black', colorSpace='named', contrast=1.0, depth=-15.0, flipHoriz=False, flipVert=False, font='Arial', fontFiles=[], height=30, italic=False, name='sel', opacity=1.0, ori=0, pos=array([-450.,  250.]), rgb=array([ 0.,  0.,  0.]), text=unicode(...), units='pix', win=Window(...), wrapWidth=500)
8.3165 	EXP 	Created Evaluation = TextStim(alignHoriz='center', alignVert='center', antialias=True, autoLog=True, bold=False, color=u'white', colorSpace='named', contrast=1.0, depth=-1.0, flipHoriz=False, flipVert=False, font=u'Arial', fontFiles=[], height=50, italic=False, name='Evaluation', opacity=1.0, ori=0, pos=array([   0.,  300.]), rgb=array([ 255.,  255.,  255.]), text=u'Is this pathway correct? \n', units='pix', win=Window(...), wrapWidth=500)
8.3235 	EXP 	Created polygon = Polygon(autoDraw=False, autoLog=True, closeShape=True, contrast=1.0, depth=-2.0, fillColor=array([ 1.,  1.,  1.]), fillColorSpace='rgb', fillRGB=array([ 1.,  1.,  1.]), interpolate=True, lineColor=array([ 1.,  1.,  1.]), lineColorSpace='rgb', lineRGB=array([ 1.,  1.,  1.]), lineWidth=1, name='polygon', opacity=1.0, ori=array(0.0), pos=array([ 0.,  0.]), size=array([ 100.,  100.]), units='pix', vertices=ndarray(...), win=Window(...))
8.3300 	EXP 	Created polygon_2 = Polygon(autoDraw=False, autoLog=True, closeShape=True, contrast=1.0, depth=-3.0, fillColor=array([ 1.,  1.,  1.]), fillColorSpace='rgb', fillRGB=array([ 1.,  1.,  1.]), interpolate=True, lineColor=array([ 1.,  1.,  1.]), lineColorSpace='rgb', lineRGB=array([ 1.,  1.,  1.]), lineWidth=1, name='polygon_2', opacity=1.0, ori=array(0.0), pos=array([ 0.,  0.]), size=array([ 100.,  100.]), units='pix', vertices=ndarray(...), win=Window(...))
8.3378 	EXP 	Created polygon_3 = Polygon(autoDraw=False, autoLog=True, closeShape=True, contrast=1.0, depth=-4.0, fillColor=array([ 1.,  1.,  1.]), fillColorSpace='rgb', fillRGB=array([ 1.,  1.,  1.]), interpolate=True, lineColor=array([ 1.,  1.,  1.]), lineColorSpace='rgb', lineRGB=array([ 1.,  1.,  1.]), lineWidth=1, name='polygon_3', opacity=1.0, ori=array(0.0), pos=array([ 0.,  0.]), size=array([ 100.,  100.]), units='pix', vertices=ndarray(...), win=Window(...))
8.3450 	EXP 	Created polygon_4 = Polygon(autoDraw=False, autoLog=True, closeShape=True, contrast=1.0, depth=-5.0, fillColor=array([ 1.,  1.,  1.]), fillColorSpace='rgb', fillRGB=array([ 1.,  1.,  1.]), interpolate=True, lineColor=array([ 1.,  1.,  1.]), lineColorSpace='rgb', lineRGB=array([ 1.,  1.,  1.]), lineWidth=1, name='polygon_4', opacity=1.0, ori=array(0.0), pos=array([ 0.,  0.]), size=array([ 100.,  100.]), units='pix', vertices=ndarray(...), win=Window(...))
8.3573 	EXP 	Created choice = TextStim(alignHoriz='center', alignVert='center', antialias=True, autoLog=True, bold=False, color=u'white', colorSpace='named', contrast=1.0, depth=-6.0, flipHoriz=False, flipVert=False, font=u'Arial', fontFiles=[], height=50, italic=False, name='choice', opacity=1.0, ori=0, pos=array([   0., -300.]), rgb=array([ 255.,  255.,  255.]), text=u"Press 'y' for Yes  \nPress 'n' for No", units='pix', win=Window(...), wrapWidth=500)
8.3643 	EXP 	Created polygon_5 = Polygon(autoDraw=False, autoLog=True, closeShape=True, contrast=1.0, depth=-8.0, fillColor=array([ 1.,  1.,  1.]), fillColorSpace='rgb', fillRGB=array([ 1.,  1.,  1.]), interpolate=True, lineColor=array([ 1.,  1.,  1.]), lineColorSpace='rgb', lineRGB=array([ 1.,  1.,  1.]), lineWidth=1, name='polygon_5', opacity=1.0, ori=array(0.0), pos=array([ 0.,  0.]), size=array([ 100.,  100.]), units='pix', vertices=ndarray(...), win=Window(...))
8.3773 	EXP 	Created ro = ImageStim(autoLog=True, color=array([ 1.,  1.,  1.]), colorSpace='rgb', contrast=1.0, depth=-9.0, flipHoriz=False, flipVert=False, image=u'robot1.png', interpolate=True, mask=None, maskParams=None, name='ro', opacity=1.0, ori=0.0, pos=array([ 0.,  0.]), size=array([ 100.,  100.]), texRes=128, units='pix', win=Window(...))
8.3896 	EXP 	Created rq = ImageStim(autoLog=True, color=array([ 1.,  1.,  1.]), colorSpace='rgb', contrast=1.0, depth=-10.0, flipHoriz=False, flipVert=False, image=u'robot1.png', interpolate=True, mask=None, maskParams=None, name='rq', opacity=1.0, ori=0.0, pos=array([ 0.,  0.]), size=array([ 100.,  100.]), texRes=128, units='pix', win=Window(...))
8.4007 	EXP 	Created thankyou = TextStim(alignHoriz='center', alignVert='center', antialias=True, autoLog=True, bold=False, color='white', colorSpace='named', contrast=1.0, depth=0.0, flipHoriz=False, flipVert=False, font='Arial', fontFiles=[], height=50, italic=False, name='thankyou', opacity=1.0, ori=0, pos=array([ 0.,  0.]), rgb=array([ 255.,  255.,  255.]), text=u'Thank you for your participation.\n', units='pix', win=Window(...), wrapWidth=500)
8.4276 	EXP 	instruct: pos = array([   0.,  150.])
8.4276 	EXP 	na: pos = array([-110., -100.])
8.4276 	EXP 	na: size = array([ 100.,  100.])
8.4276 	EXP 	nb: pos = array([   0., -100.])
8.4276 	EXP 	nb: size = array([ 100.,  100.])
8.4276 	EXP 	nc: pos = array([ 110., -100.])
8.4276 	EXP 	nc: size = array([ 100.,  100.])
8.4276 	EXP 	welcome: autoDraw = True
11.4115 	EXP 	welcome: autoDraw = False
11.4278 	EXP 	instruct: autoDraw = True
14.4284 	EXP 	rob0: autoDraw = True
14.4284 	EXP 	robb: autoDraw = True
14.9281 	EXP 	na: autoDraw = True
15.4284 	EXP 	nb: autoDraw = True
15.9284 	EXP 	nc: autoDraw = True
16.9286 	EXP 	s1: autoDraw = True
17.9286 	EXP 	s2: autoDraw = True
18.9287 	EXP 	s3: autoDraw = True
22.4123 	EXP 	na: autoDraw = False
22.4123 	EXP 	nb: autoDraw = False
22.4123 	EXP 	nc: autoDraw = False
22.4123 	EXP 	s1: autoDraw = False
22.4123 	EXP 	s2: autoDraw = False
22.4123 	EXP 	s3: autoDraw = False
22.4293 	EXP 	heart: autoDraw = True
26.4300 	EXP 	instruct: autoDraw = False
26.4300 	EXP 	rob0: autoDraw = False
26.4300 	EXP 	robb: autoDraw = False
26.4300 	EXP 	heart: autoDraw = False
26.4300 	EXP 	welcome: autoDraw = False
26.4300 	EXP 	instruct: autoDraw = False
26.4300 	EXP 	rob0: autoDraw = False
26.4300 	EXP 	robb: autoDraw = False
26.4300 	EXP 	na: autoDraw = False
26.4300 	EXP 	nb: autoDraw = False
26.4300 	EXP 	nc: autoDraw = False
26.4300 	EXP 	s1: autoDraw = False
26.4300 	EXP 	s2: autoDraw = False
26.4300 	EXP 	s3: autoDraw = False
26.4300 	EXP 	heart: autoDraw = False
26.4300 	EXP 	text_2: pos = array([-300.,  300.])
26.4300 	EXP 	nod1: fillColor = 'red (named)'
26.4300 	EXP 	nod1: pos = array([ 20.,   0.])
26.4300 	EXP 	nod2: fillColor = 'yellow (named)'
26.4300 	EXP 	nod2: pos = array([  20.,  115.])
26.4300 	EXP 	nod2: lineColor = 'yellow (named)'
26.4300 	EXP 	nod3: fillColor = 'blue (named)'
26.4300 	EXP 	nod3: lineColor = 'blue (named)'
26.4300 	EXP 	nod4: fillColor = 'blue (named)'
26.4300 	EXP 	nod4: lineColor = 'blue (named)'
26.4300 	EXP 	rob1: ori = 0.0
26.4300 	EXP 	rob2: image = 'robot1.png'
26.4300 	EXP 	sh1: size = array([  40.,  110.])
26.4300 	EXP 	text_2: autoDraw = True
26.4300 	EXP 	nod1: autoDraw = True
26.4300 	EXP 	nod2: autoDraw = True
26.4300 	EXP 	nod3: autoDraw = True
26.4300 	EXP 	nod4: autoDraw = True
26.4300 	EXP 	rob1: autoDraw = True
26.4300 	EXP 	rob2: autoDraw = True
27.8357 	DATA 	Keypress: space
27.8465 	EXP 	text_2: autoDraw = False
27.8465 	EXP 	nod1: autoDraw = False
27.8465 	EXP 	nod2: autoDraw = False
27.8465 	EXP 	nod3: autoDraw = False
27.8465 	EXP 	nod4: autoDraw = False
27.8465 	EXP 	rob1: autoDraw = False
27.8465 	EXP 	rob2: autoDraw = False
27.8465 	EXP 	sh1: autoDraw = False
27.8465 	EXP 	sh2a: autoDraw = False
27.8465 	EXP 	sh2b: autoDraw = False
27.8465 	EXP 	sh3: autoDraw = False
27.8465 	EXP 	sh4: autoDraw = False
27.8465 	EXP 	star: autoDraw = True
28.7171 	DATA 	Keypress: space
28.7279 	EXP 	Imported designs.xlsx as conditions, 4 conditions, 17 params
28.7283 	EXP 	Created sequence: sequential, trialTypes=4, nReps=1, seed=None
28.7289 	EXP 	New trial (rep=0, index=0): {u'n2col': u'blue', u'n4col': u'red', u'n3col': u'green', u'corrAns': u'a', u'r4': u'd', u'n1col': u'blue', u'r1': u'a', u'r2': u'b', u'rs': u'LOC21', u'r3': u'c', u're': u'LOC9', u'n5col': u'red', u'n1': u'LOC22', u'n2': u'LOC23', u'n3': u'LOC24', u'n4': u'LOC19', u'n5': u'LOC14'}
28.7467 	EXP 	star: autoDraw = False
28.7467 	EXP 	robotS: pos = array([  20., -230.])
28.7467 	EXP 	node1: fillColor = u'blue (named)'
28.7467 	EXP 	node1: pos = array([ 135., -230.])
28.7467 	EXP 	node2: fillColor = u'blue (named)'
28.7467 	EXP 	node2: pos = array([ 250., -230.])
28.7467 	EXP 	node3: fillColor = u'green (named)'
28.7467 	EXP 	node3: pos = array([ 365., -230.])
28.7467 	EXP 	node4: fillColor = u'red (named)'
28.7467 	EXP 	node4: pos = array([ 365., -115.])
28.7467 	EXP 	node5: fillColor = u'red (named)'
28.7467 	EXP 	node5: pos = array([ 365.,    0.])
28.7467 	EXP 	robotF: pos = array([ 365.,  115.])
28.7467 	EXP 	whitebackground: autoDraw = True
28.7467 	EXP 	robotS: autoDraw = True
28.7467 	EXP 	node1: autoDraw = True
28.7467 	EXP 	node2: autoDraw = True
28.7467 	EXP 	node3: autoDraw = True
28.7467 	EXP 	node4: autoDraw = True
28.7467 	EXP 	node5: autoDraw = True
28.7467 	EXP 	robotF: autoDraw = True
28.7467 	EXP 	select1: autoDraw = True
28.7467 	EXP 	select2: autoDraw = True
28.7467 	EXP 	select3: autoDraw = True
28.7467 	EXP 	select4: autoDraw = True
28.7467 	EXP 	selection: autoDraw = True
28.7467 	EXP 	sel: autoDraw = True
30.1662 	DATA 	Keypress: a
30.3995 	DATA 	Keypress: a
30.6497 	DATA 	Keypress: a
39.3020 	DATA 	Keypress: a
39.3168 	EXP 	New trial (rep=0, index=1): {u'n2col': u'yellow', u'n4col': u'green', u'n3col': u'blue', u'corrAns': u'b', u'r4': u'd', u'n1col': u'red', u'r1': u'a', u'r2': u'b', u'rs': u'LOC21', u'r3': u'c', u're': u'LOC3', u'n5col': u'red', u'n1': u'LOC16', u'n2': u'LOC11', u'n3': u'LOC12', u'n4': u'LOC13', u'n5': u'LOC8'}
39.3307 	EXP 	whitebackground: autoDraw = False
39.3307 	EXP 	robotS: autoDraw = False
39.3307 	EXP 	node1: autoDraw = False
39.3307 	EXP 	node2: autoDraw = False
39.3307 	EXP 	node3: autoDraw = False
39.3307 	EXP 	node4: autoDraw = False
39.3307 	EXP 	node5: autoDraw = False
39.3307 	EXP 	robotF: autoDraw = False
39.3307 	EXP 	select1: autoDraw = False
39.3307 	EXP 	select2: autoDraw = False
39.3307 	EXP 	select3: autoDraw = False
39.3307 	EXP 	select4: autoDraw = False
39.3307 	EXP 	selection: autoDraw = False
39.3307 	EXP 	sel: autoDraw = False
39.3307 	EXP 	robotS: pos = array([  20., -230.])
39.3307 	EXP 	node1: fillColor = u'red (named)'
39.3307 	EXP 	node1: pos = array([  20., -115.])
39.3307 	EXP 	node2: fillColor = u'yellow (named)'
39.3307 	EXP 	node2: pos = array([ 20.,   0.])
39.3307 	EXP 	node3: fillColor = u'blue (named)'
39.3307 	EXP 	node3: pos = array([ 135.,    0.])
39.3307 	EXP 	node4: fillColor = u'green (named)'
39.3307 	EXP 	node4: pos = array([ 250.,    0.])
39.3307 	EXP 	node5: fillColor = u'red (named)'
39.3307 	EXP 	node5: pos = array([ 250.,  115.])
39.3307 	EXP 	robotF: pos = array([ 250.,  230.])
39.3307 	EXP 	whitebackground: autoDraw = True
39.3307 	EXP 	robotS: autoDraw = True
39.3307 	EXP 	node1: autoDraw = True
39.3307 	EXP 	node2: autoDraw = True
39.3307 	EXP 	node3: autoDraw = True
39.3307 	EXP 	node4: autoDraw = True
39.3307 	EXP 	node5: autoDraw = True
39.3307 	EXP 	robotF: autoDraw = True
39.3307 	EXP 	select1: autoDraw = True
39.3307 	EXP 	select2: autoDraw = True
39.3307 	EXP 	select3: autoDraw = True
39.3307 	EXP 	select4: autoDraw = True
39.3307 	EXP 	selection: autoDraw = True
39.3307 	EXP 	sel: autoDraw = True
39.5667 	DATA 	Keypress: a
39.9840 	DATA 	Keypress: a
40.2341 	DATA 	Keypress: a
40.7032 	DATA 	Keypress: a
40.7166 	EXP 	New trial (rep=0, index=2): {u'n2col': u'red', u'n4col': u'blue', u'n3col': u'yellow', u'corrAns': u'c', u'r4': u'd', u'n1col': u'red', u'r1': u'a', u'r2': u'b', u'rs': u'LOC22', u'r3': u'c', u're': u'LOC10', u'n5col': u'blue', u'n1': u'LOC17', u'n2': u'LOC12', u'n3': u'LOC7', u'n4': u'LOC8', u'n5': u'LOC9'}
40.7309 	EXP 	whitebackground: autoDraw = False
40.7309 	EXP 	robotS: autoDraw = False
40.7309 	EXP 	node1: autoDraw = False
40.7309 	EXP 	node2: autoDraw = False
40.7309 	EXP 	node3: autoDraw = False
40.7309 	EXP 	node4: autoDraw = False
40.7309 	EXP 	node5: autoDraw = False
40.7309 	EXP 	robotF: autoDraw = False
40.7309 	EXP 	select1: autoDraw = False
40.7309 	EXP 	select2: autoDraw = False
40.7309 	EXP 	select3: autoDraw = False
40.7309 	EXP 	select4: autoDraw = False
40.7309 	EXP 	selection: autoDraw = False
40.7309 	EXP 	sel: autoDraw = False
40.7309 	EXP 	robotS: pos = array([ 135., -230.])
40.7309 	EXP 	node1: fillColor = u'red (named)'
40.7309 	EXP 	node1: pos = array([ 135., -115.])
40.7309 	EXP 	node2: fillColor = u'red (named)'
40.7309 	EXP 	node2: pos = array([ 135.,    0.])
40.7309 	EXP 	node3: fillColor = u'yellow (named)'
40.7309 	EXP 	node3: pos = array([ 135.,  115.])
40.7309 	EXP 	node4: fillColor = u'blue (named)'
40.7309 	EXP 	node4: pos = array([ 250.,  115.])
40.7309 	EXP 	node5: fillColor = u'blue (named)'
40.7309 	EXP 	node5: pos = array([ 365.,  115.])
40.7309 	EXP 	robotF: pos = array([ 480.,  115.])
40.7309 	EXP 	whitebackground: autoDraw = True
40.7309 	EXP 	robotS: autoDraw = True
40.7309 	EXP 	node1: autoDraw = True
40.7309 	EXP 	node2: autoDraw = True
40.7309 	EXP 	node3: autoDraw = True
40.7309 	EXP 	node4: autoDraw = True
40.7309 	EXP 	node5: autoDraw = True
40.7309 	EXP 	robotF: autoDraw = True
40.7309 	EXP 	select1: autoDraw = True
40.7309 	EXP 	select2: autoDraw = True
40.7309 	EXP 	select3: autoDraw = True
40.7309 	EXP 	select4: autoDraw = True
40.7309 	EXP 	selection: autoDraw = True
40.7309 	EXP 	sel: autoDraw = True
40.9677 	DATA 	Keypress: a
41.2509 	DATA 	Keypress: a
41.5678 	DATA 	Keypress: a
41.8839 	DATA 	Keypress: a
41.8855 	EXP 	New trial (rep=0, index=3): {u'n2col': u'yellow', u'n4col': u'yellow', u'n3col': u'green', u'corrAns': u'd', u'r4': u'd', u'n1col': u'green', u'r1': u'a', u'r2': u'b', u'rs': u'LOC16', u'r3': u'c', u're': u'LOC10', u'n5col': u'blue', u'n1': u'LOC17', u'n2': u'LOC12', u'n3': u'LOC13', u'n4': u'LOC8', u'n5': u'LOC9'}
41.8980 	EXP 	whitebackground: autoDraw = False
41.8980 	EXP 	robotS: autoDraw = False
41.8980 	EXP 	node1: autoDraw = False
41.8980 	EXP 	node2: autoDraw = False
41.8980 	EXP 	node3: autoDraw = False
41.8980 	EXP 	node4: autoDraw = False
41.8980 	EXP 	node5: autoDraw = False
41.8980 	EXP 	robotF: autoDraw = False
41.8980 	EXP 	select1: autoDraw = False
41.8980 	EXP 	select2: autoDraw = False
41.8980 	EXP 	select3: autoDraw = False
41.8980 	EXP 	select4: autoDraw = False
41.8980 	EXP 	selection: autoDraw = False
41.8980 	EXP 	sel: autoDraw = False
41.8980 	EXP 	robotS: pos = array([  20., -115.])
41.8980 	EXP 	node1: fillColor = u'green (named)'
41.8980 	EXP 	node1: pos = array([ 135., -115.])
41.8980 	EXP 	node2: fillColor = u'yellow (named)'
41.8980 	EXP 	node2: pos = array([ 135.,    0.])
41.8980 	EXP 	node3: fillColor = u'green (named)'
41.8980 	EXP 	node3: pos = array([ 250.,    0.])
41.8980 	EXP 	node4: fillColor = u'yellow (named)'
41.8980 	EXP 	node4: pos = array([ 250.,  115.])
41.8980 	EXP 	node5: fillColor = u'blue (named)'
41.8980 	EXP 	node5: pos = array([ 365.,  115.])
41.8980 	EXP 	robotF: pos = array([ 480.,  115.])
41.8980 	EXP 	whitebackground: autoDraw = True
41.8980 	EXP 	robotS: autoDraw = True
41.8980 	EXP 	node1: autoDraw = True
41.8980 	EXP 	node2: autoDraw = True
41.8980 	EXP 	node3: autoDraw = True
41.8980 	EXP 	node4: autoDraw = True
41.8980 	EXP 	node5: autoDraw = True
41.8980 	EXP 	robotF: autoDraw = True
41.8980 	EXP 	select1: autoDraw = True
41.8980 	EXP 	select2: autoDraw = True
41.8980 	EXP 	select3: autoDraw = True
41.8980 	EXP 	select4: autoDraw = True
41.8980 	EXP 	selection: autoDraw = True
41.8980 	EXP 	sel: autoDraw = True
42.2009 	DATA 	Keypress: a
42.4509 	DATA 	Keypress: a
42.7674 	DATA 	Keypress: a
43.2364 	DATA 	Keypress: a
43.2576 	EXP 	Imported designs1.xlsx as conditions, 2 conditions, 17 params
43.2579 	EXP 	Created sequence: sequential, trialTypes=2, nReps=5, seed=None
43.2587 	EXP 	New trial (rep=0, index=0): {u'n2col': u'yellow', u'n4col': u'yellow', u'n3col': u'green', u'corrAns': u'y', u'r4': None, u'n1col': u'green', u'r1': None, u'r2': None, u'rs': u'LOC16', u'r3': None, u're': u'LOC10', u'n5col': u'blue', u'n1': u'LOC17', u'n2': u'LOC12', u'n3': u'LOC13', u'n4': u'LOC8', u'n5': u'LOC9'}
43.2814 	EXP 	whitebackground: autoDraw = False
43.2814 	EXP 	robotS: autoDraw = False
43.2814 	EXP 	node1: autoDraw = False
43.2814 	EXP 	node2: autoDraw = False
43.2814 	EXP 	node3: autoDraw = False
43.2814 	EXP 	node4: autoDraw = False
43.2814 	EXP 	node5: autoDraw = False
43.2814 	EXP 	robotF: autoDraw = False
43.2814 	EXP 	select1: autoDraw = False
43.2814 	EXP 	select2: autoDraw = False
43.2814 	EXP 	select3: autoDraw = False
43.2814 	EXP 	select4: autoDraw = False
43.2814 	EXP 	selection: autoDraw = False
43.2814 	EXP 	sel: autoDraw = False
43.2814 	EXP 	polygon: fillColor = u'green (named)'
43.2814 	EXP 	polygon: pos = array([ 135., -115.])
43.2814 	EXP 	polygon_2: fillColor = u'yellow (named)'
43.2814 	EXP 	polygon_2: pos = array([ 135.,    0.])
43.2814 	EXP 	polygon_3: fillColor = u'green (named)'
43.2814 	EXP 	polygon_3: pos = array([ 250.,    0.])
43.2814 	EXP 	polygon_4: fillColor = u'yellow (named)'
43.2814 	EXP 	polygon_4: pos = array([ 365.,  115.])
43.2814 	EXP 	polygon_5: fillColor = u'blue (named)'
43.2814 	EXP 	polygon_5: pos = array([ 365.,  115.])
43.2814 	EXP 	ro: color = '[ 1.  1.  1.] (rgb)'
43.2814 	EXP 	ro: pos = array([  20., -115.])
43.2814 	EXP 	rq: color = '[ 1.  1.  1.] (rgb)'
43.2814 	EXP 	rq: pos = array([ 480.,  115.])
43.2814 	EXP 	Evaluation: autoDraw = True
43.2814 	EXP 	polygon: autoDraw = True
43.2814 	EXP 	polygon_2: autoDraw = True
43.2814 	EXP 	polygon_3: autoDraw = True
43.2814 	EXP 	polygon_4: autoDraw = True
43.2814 	EXP 	choice: autoDraw = True
43.2814 	EXP 	polygon_5: autoDraw = True
43.2814 	EXP 	ro: autoDraw = True
43.2814 	EXP 	rq: autoDraw = True
48.2652 	EXP 	Evaluation: autoDraw = False
51.8874 	DATA 	Keypress: y
51.9003 	EXP 	New trial (rep=0, index=1): {u'n2col': u'yellow', u'n4col': u'yellow', u'n3col': u'red', u'corrAns': u'n', u'r4': None, u'n1col': u'blue', u'r1': None, u'r2': None, u'rs': u'LOC16', u'r3': None, u're': u'LOC10', u'n5col': u'blue', u'n1': u'LOC17', u'n2': u'LOC12', u'n3': u'LOC13', u'n4': u'LOC8', u'n5': u'LOC9'}
51.9157 	EXP 	Evaluation: autoDraw = False
51.9157 	EXP 	polygon: autoDraw = False
51.9157 	EXP 	polygon_2: autoDraw = False
51.9157 	EXP 	polygon_3: autoDraw = False
51.9157 	EXP 	polygon_4: autoDraw = False
51.9157 	EXP 	choice: autoDraw = False
51.9157 	EXP 	polygon_5: autoDraw = False
51.9157 	EXP 	ro: autoDraw = False
51.9157 	EXP 	rq: autoDraw = False
51.9157 	EXP 	polygon: fillColor = u'blue (named)'
51.9157 	EXP 	polygon: pos = array([ 135., -115.])
51.9157 	EXP 	polygon_2: fillColor = u'yellow (named)'
51.9157 	EXP 	polygon_2: pos = array([ 135.,    0.])
51.9157 	EXP 	polygon_3: fillColor = u'red (named)'
51.9157 	EXP 	polygon_3: pos = array([ 250.,    0.])
51.9157 	EXP 	polygon_4: fillColor = u'yellow (named)'
51.9157 	EXP 	polygon_4: pos = array([ 365.,  115.])
51.9157 	EXP 	polygon_5: fillColor = u'blue (named)'
51.9157 	EXP 	polygon_5: pos = array([ 365.,  115.])
51.9157 	EXP 	ro: color = '[ 1.  1.  1.] (rgb)'
51.9157 	EXP 	ro: pos = array([  20., -115.])
51.9157 	EXP 	rq: color = '[ 1.  1.  1.] (rgb)'
51.9157 	EXP 	rq: pos = array([ 480.,  115.])
51.9157 	EXP 	Evaluation: autoDraw = True
51.9157 	EXP 	polygon: autoDraw = True
51.9157 	EXP 	polygon_2: autoDraw = True
51.9157 	EXP 	polygon_3: autoDraw = True
51.9157 	EXP 	polygon_4: autoDraw = True
51.9157 	EXP 	choice: autoDraw = True
51.9157 	EXP 	polygon_5: autoDraw = True
51.9157 	EXP 	ro: autoDraw = True
51.9157 	EXP 	rq: autoDraw = True
55.3363 	DATA 	Keypress: y
55.3380 	EXP 	New trial (rep=1, index=0): {u'n2col': u'yellow', u'n4col': u'yellow', u'n3col': u'green', u'corrAns': u'y', u'r4': None, u'n1col': u'green', u'r1': None, u'r2': None, u'rs': u'LOC16', u'r3': None, u're': u'LOC10', u'n5col': u'blue', u'n1': u'LOC17', u'n2': u'LOC12', u'n3': u'LOC13', u'n4': u'LOC8', u'n5': u'LOC9'}
55.3658 	EXP 	Evaluation: autoDraw = False
55.3658 	EXP 	polygon: autoDraw = False
55.3658 	EXP 	polygon_2: autoDraw = False
55.3658 	EXP 	polygon_3: autoDraw = False
55.3658 	EXP 	polygon_4: autoDraw = False
55.3658 	EXP 	choice: autoDraw = False
55.3658 	EXP 	polygon_5: autoDraw = False
55.3658 	EXP 	ro: autoDraw = False
55.3658 	EXP 	rq: autoDraw = False
55.3658 	EXP 	polygon: fillColor = u'green (named)'
55.3658 	EXP 	polygon: pos = array([ 135., -115.])
55.3658 	EXP 	polygon_2: fillColor = u'yellow (named)'
55.3658 	EXP 	polygon_2: pos = array([ 135.,    0.])
55.3658 	EXP 	polygon_3: fillColor = u'green (named)'
55.3658 	EXP 	polygon_3: pos = array([ 250.,    0.])
55.3658 	EXP 	polygon_4: fillColor = u'yellow (named)'
55.3658 	EXP 	polygon_4: pos = array([ 365.,  115.])
55.3658 	EXP 	polygon_5: fillColor = u'blue (named)'
55.3658 	EXP 	polygon_5: pos = array([ 365.,  115.])
55.3658 	EXP 	ro: color = '[ 1.  1.  1.] (rgb)'
55.3658 	EXP 	ro: pos = array([  20., -115.])
55.3658 	EXP 	rq: color = '[ 1.  1.  1.] (rgb)'
55.3658 	EXP 	rq: pos = array([ 480.,  115.])
55.3658 	EXP 	Evaluation: autoDraw = True
55.3658 	EXP 	polygon: autoDraw = True
55.3658 	EXP 	polygon_2: autoDraw = True
55.3658 	EXP 	polygon_3: autoDraw = True
55.3658 	EXP 	polygon_4: autoDraw = True
55.3658 	EXP 	choice: autoDraw = True
55.3658 	EXP 	polygon_5: autoDraw = True
55.3658 	EXP 	ro: autoDraw = True
55.3658 	EXP 	rq: autoDraw = True
58.0202 	DATA 	Keypress: y
58.0225 	EXP 	New trial (rep=1, index=1): {u'n2col': u'yellow', u'n4col': u'yellow', u'n3col': u'red', u'corrAns': u'n', u'r4': None, u'n1col': u'blue', u'r1': None, u'r2': None, u'rs': u'LOC16', u'r3': None, u're': u'LOC10', u'n5col': u'blue', u'n1': u'LOC17', u'n2': u'LOC12', u'n3': u'LOC13', u'n4': u'LOC8', u'n5': u'LOC9'}
58.0500 	EXP 	Evaluation: autoDraw = False
58.0500 	EXP 	polygon: autoDraw = False
58.0500 	EXP 	polygon_2: autoDraw = False
58.0500 	EXP 	polygon_3: autoDraw = False
58.0500 	EXP 	polygon_4: autoDraw = False
58.0500 	EXP 	choice: autoDraw = False
58.0500 	EXP 	polygon_5: autoDraw = False
58.0500 	EXP 	ro: autoDraw = False
58.0500 	EXP 	rq: autoDraw = False
58.0500 	EXP 	polygon: fillColor = u'blue (named)'
58.0500 	EXP 	polygon: pos = array([ 135., -115.])
58.0500 	EXP 	polygon_2: fillColor = u'yellow (named)'
58.0500 	EXP 	polygon_2: pos = array([ 135.,    0.])
58.0500 	EXP 	polygon_3: fillColor = u'red (named)'
58.0500 	EXP 	polygon_3: pos = array([ 250.,    0.])
58.0500 	EXP 	polygon_4: fillColor = u'yellow (named)'
58.0500 	EXP 	polygon_4: pos = array([ 365.,  115.])
58.0500 	EXP 	polygon_5: fillColor = u'blue (named)'
58.0500 	EXP 	polygon_5: pos = array([ 365.,  115.])
58.0500 	EXP 	ro: color = '[ 1.  1.  1.] (rgb)'
58.0500 	EXP 	ro: pos = array([  20., -115.])
58.0500 	EXP 	rq: color = '[ 1.  1.  1.] (rgb)'
58.0500 	EXP 	rq: pos = array([ 480.,  115.])
58.0500 	EXP 	Evaluation: autoDraw = True
58.0500 	EXP 	polygon: autoDraw = True
58.0500 	EXP 	polygon_2: autoDraw = True
58.0500 	EXP 	polygon_3: autoDraw = True
58.0500 	EXP 	polygon_4: autoDraw = True
58.0500 	EXP 	choice: autoDraw = True
58.0500 	EXP 	polygon_5: autoDraw = True
58.0500 	EXP 	ro: autoDraw = True
58.0500 	EXP 	rq: autoDraw = True
60.4232 	DATA 	Keypress: y
60.4360 	EXP 	New trial (rep=2, index=0): {u'n2col': u'yellow', u'n4col': u'yellow', u'n3col': u'green', u'corrAns': u'y', u'r4': None, u'n1col': u'green', u'r1': None, u'r2': None, u'rs': u'LOC16', u'r3': None, u're': u'LOC10', u'n5col': u'blue', u'n1': u'LOC17', u'n2': u'LOC12', u'n3': u'LOC13', u'n4': u'LOC8', u'n5': u'LOC9'}
60.4671 	EXP 	Evaluation: autoDraw = False
60.4671 	EXP 	polygon: autoDraw = False
60.4671 	EXP 	polygon_2: autoDraw = False
60.4671 	EXP 	polygon_3: autoDraw = False
60.4671 	EXP 	polygon_4: autoDraw = False
60.4671 	EXP 	choice: autoDraw = False
60.4671 	EXP 	polygon_5: autoDraw = False
60.4671 	EXP 	ro: autoDraw = False
60.4671 	EXP 	rq: autoDraw = False
60.4671 	EXP 	polygon: fillColor = u'green (named)'
60.4671 	EXP 	polygon: pos = array([ 135., -115.])
60.4671 	EXP 	polygon_2: fillColor = u'yellow (named)'
60.4671 	EXP 	polygon_2: pos = array([ 135.,    0.])
60.4671 	EXP 	polygon_3: fillColor = u'green (named)'
60.4671 	EXP 	polygon_3: pos = array([ 250.,    0.])
60.4671 	EXP 	polygon_4: fillColor = u'yellow (named)'
60.4671 	EXP 	polygon_4: pos = array([ 365.,  115.])
60.4671 	EXP 	polygon_5: fillColor = u'blue (named)'
60.4671 	EXP 	polygon_5: pos = array([ 365.,  115.])
60.4671 	EXP 	ro: color = '[ 1.  1.  1.] (rgb)'
60.4671 	EXP 	ro: pos = array([  20., -115.])
60.4671 	EXP 	rq: color = '[ 1.  1.  1.] (rgb)'
60.4671 	EXP 	rq: pos = array([ 480.,  115.])
60.4671 	EXP 	Evaluation: autoDraw = True
60.4671 	EXP 	polygon: autoDraw = True
60.4671 	EXP 	polygon_2: autoDraw = True
60.4671 	EXP 	polygon_3: autoDraw = True
60.4671 	EXP 	polygon_4: autoDraw = True
60.4671 	EXP 	choice: autoDraw = True
60.4671 	EXP 	polygon_5: autoDraw = True
60.4671 	EXP 	ro: autoDraw = True
60.4671 	EXP 	rq: autoDraw = True
62.6042 	DATA 	Keypress: y
62.6067 	EXP 	New trial (rep=2, index=1): {u'n2col': u'yellow', u'n4col': u'yellow', u'n3col': u'red', u'corrAns': u'n', u'r4': None, u'n1col': u'blue', u'r1': None, u'r2': None, u'rs': u'LOC16', u'r3': None, u're': u'LOC10', u'n5col': u'blue', u'n1': u'LOC17', u'n2': u'LOC12', u'n3': u'LOC13', u'n4': u'LOC8', u'n5': u'LOC9'}
62.6341 	EXP 	Evaluation: autoDraw = False
62.6341 	EXP 	polygon: autoDraw = False
62.6341 	EXP 	polygon_2: autoDraw = False
62.6341 	EXP 	polygon_3: autoDraw = False
62.6341 	EXP 	polygon_4: autoDraw = False
62.6341 	EXP 	choice: autoDraw = False
62.6341 	EXP 	polygon_5: autoDraw = False
62.6341 	EXP 	ro: autoDraw = False
62.6341 	EXP 	rq: autoDraw = False
62.6341 	EXP 	polygon: fillColor = u'blue (named)'
62.6341 	EXP 	polygon: pos = array([ 135., -115.])
62.6341 	EXP 	polygon_2: fillColor = u'yellow (named)'
62.6341 	EXP 	polygon_2: pos = array([ 135.,    0.])
62.6341 	EXP 	polygon_3: fillColor = u'red (named)'
62.6341 	EXP 	polygon_3: pos = array([ 250.,    0.])
62.6341 	EXP 	polygon_4: fillColor = u'yellow (named)'
62.6341 	EXP 	polygon_4: pos = array([ 365.,  115.])
62.6341 	EXP 	polygon_5: fillColor = u'blue (named)'
62.6341 	EXP 	polygon_5: pos = array([ 365.,  115.])
62.6341 	EXP 	ro: color = '[ 1.  1.  1.] (rgb)'
62.6341 	EXP 	ro: pos = array([  20., -115.])
62.6341 	EXP 	rq: color = '[ 1.  1.  1.] (rgb)'
62.6341 	EXP 	rq: pos = array([ 480.,  115.])
62.6341 	EXP 	Evaluation: autoDraw = True
62.6341 	EXP 	polygon: autoDraw = True
62.6341 	EXP 	polygon_2: autoDraw = True
62.6341 	EXP 	polygon_3: autoDraw = True
62.6341 	EXP 	polygon_4: autoDraw = True
62.6341 	EXP 	choice: autoDraw = True
62.6341 	EXP 	polygon_5: autoDraw = True
62.6341 	EXP 	ro: autoDraw = True
62.6341 	EXP 	rq: autoDraw = True
67.6177 	EXP 	Evaluation: autoDraw = False
90.4233 	DATA 	Keypress: escape
