7.0263 	EXP 	Created window1 = Window(allowGUI=False, allowStencil=False, autoLog=True, bitsMode=UNKNOWN, blendMode='avg', color=array([ 0.,  0.,  0.]), colorSpace='rgb', fullscr=UNKNOWN, gamma=None, lms=UNKNOWN, monitor=<psychopy.monitors.calibTools.Monitor object at 0x112127890>, name='window1', pos=[0, 0], screen=0, size=array([1440,  900]), stereo=False, units='pix', useFBO=True, useRetina=False, viewOri=0.0, viewPos=None, viewScale=None, waitBlanking=True, winType='pyglet')
7.0263 	EXP 	window1: recordFrameIntervals = False
7.1915 	EXP 	window1: recordFrameIntervals = True
7.3751 	EXP 	window1: recordFrameIntervals = False
7.3970 	EXP 	<method-wrapper '__getattribute__' of attributeSetter object at 0x10dc58e50>: vertices = array([[-400.,  525.],
       [ 400.,  525.],
       [ 400., -525.],
       [-400., -525.]])
7.4064 	EXP 	Created whitebackground = Rect(autoDraw=False, autoLog=True, closeShape=True, contrast=1.0, depth=-2.0, fillColor=array([ 1.,  1.,  1.]), fillColorSpace='rgb', fillRGB=array([ 1.,  1.,  1.]), interpolate=True, lineColor=array([ 1.,  1.,  1.]), lineColorSpace='rgb', lineRGB=array([ 1.,  1.,  1.]), lineWidth=0, name='whitebackground', opacity=1.0, ori=array(0.0), pos=array([-620.,    0.]), size=array([ 1.,  1.]), units='pix', vertices=ndarray(...), win=Window(...))
7.5120 	EXP 	Created robotS = ImageStim(autoLog=True, color=array([ 1.,  1.,  1.]), colorSpace='rgb', contrast=1.0, depth=-3.0, flipHoriz=False, flipVert=False, image='robot.png', interpolate=True, mask=None, maskParams=None, name='robotS', opacity=1.0, ori=0.0, pos=array([ 0.,  0.]), size=array([ 100.,  100.]), texRes=128, units='pix', win=Window(...))
7.5208 	EXP 	Created node1 = Polygon(autoDraw=False, autoLog=True, closeShape=True, contrast=1.0, depth=-4.0, fillColor=array([ 1.,  1.,  1.]), fillColorSpace='rgb', fillRGB=array([ 1.,  1.,  1.]), interpolate=True, lineColor=array([ 1.,  1.,  1.]), lineColorSpace='rgb', lineRGB=array([ 1.,  1.,  1.]), lineWidth=0, name='node1', opacity=1.0, ori=array(0.0), pos=array([ 0.,  0.]), size=array([ 100.,  100.]), units='pix', vertices=ndarray(...), win=Window(...))
7.5269 	EXP 	Created node2 = Polygon(autoDraw=False, autoLog=True, closeShape=True, contrast=1.0, depth=-5.0, fillColor=array([ 1.,  1.,  1.]), fillColorSpace='rgb', fillRGB=array([ 1.,  1.,  1.]), interpolate=True, lineColor=array([ 1.,  1.,  1.]), lineColorSpace='rgb', lineRGB=array([ 1.,  1.,  1.]), lineWidth=0, name='node2', opacity=1.0, ori=array(0.0), pos=array([ 0.,  0.]), size=array([ 100.,  100.]), units='pix', vertices=ndarray(...), win=Window(...))
7.5329 	EXP 	Created node3 = Polygon(autoDraw=False, autoLog=True, closeShape=True, contrast=1.0, depth=-6.0, fillColor=array([ 1.,  1.,  1.]), fillColorSpace='rgb', fillRGB=array([ 1.,  1.,  1.]), interpolate=True, lineColor=array([ 1.,  1.,  1.]), lineColorSpace='rgb', lineRGB=array([ 1.,  1.,  1.]), lineWidth=0, name='node3', opacity=1.0, ori=array(0.0), pos=array([ 0.,  0.]), size=array([ 100.,  100.]), units='pix', vertices=ndarray(...), win=Window(...))
7.5388 	EXP 	Created node4 = Polygon(autoDraw=False, autoLog=True, closeShape=True, contrast=1.0, depth=-7.0, fillColor=array([ 1.,  1.,  1.]), fillColorSpace='rgb', fillRGB=array([ 1.,  1.,  1.]), interpolate=True, lineColor=array([ 1.,  1.,  1.]), lineColorSpace='rgb', lineRGB=array([ 1.,  1.,  1.]), lineWidth=0, name='node4', opacity=1.0, ori=array(0.0), pos=array([ 0.,  0.]), size=array([ 100.,  100.]), units='pix', vertices=ndarray(...), win=Window(...))
7.5542 	EXP 	Created robotF = ImageStim(autoLog=True, color=array([ 1.,  1.,  1.]), colorSpace='rgb', contrast=1.0, depth=-8.0, flipHoriz=False, flipVert=False, image='robot.png', interpolate=True, mask=None, maskParams=None, name='robotF', opacity=1.0, ori=0.0, pos=array([ 0.,  0.]), size=array([ 100.,  100.]), texRes=128, units='pix', win=Window(...))
7.5609 	EXP 	Created select1 = Polygon(autoDraw=False, autoLog=True, closeShape=True, contrast=1.0, depth=-9.0, fillColor='red', fillColorSpace='named', fillRGB=array([ 255.,    0.,    0.]), interpolate=True, lineColor=array([ 1.,  1.,  1.]), lineColorSpace='rgb', lineRGB=array([ 1.,  1.,  1.]), lineWidth=0, name='select1', opacity=1.0, ori=array(0.0), pos=array([-500.,  300.]), size=array([ 100.,  100.]), units='pix', vertices=ndarray(...), win=Window(...))
7.5664 	EXP 	Created select2 = Polygon(autoDraw=False, autoLog=True, closeShape=True, contrast=1.0, depth=-10.0, fillColor='blue', fillColorSpace='named', fillRGB=array([   0.,    0.,  255.]), interpolate=True, lineColor=array([ 1.,  1.,  1.]), lineColorSpace='rgb', lineRGB=array([ 1.,  1.,  1.]), lineWidth=0, name='select2', opacity=1.0, ori=array(0.0), pos=array([-500.,  100.]), size=array([ 100.,  100.]), units='pix', vertices=ndarray(...), win=Window(...))
7.5743 	EXP 	Created select3 = Polygon(autoDraw=False, autoLog=True, closeShape=True, contrast=1.0, depth=-11.0, fillColor='yellow', fillColorSpace='named', fillRGB=array([ 255.,  255.,    0.]), interpolate=True, lineColor=array([ 1.,  1.,  1.]), lineColorSpace='rgb', lineRGB=array([ 1.,  1.,  1.]), lineWidth=0, name='select3', opacity=1.0, ori=array(0.0), pos=array([-500., -100.]), size=array([ 100.,  100.]), units='pix', vertices=ndarray(...), win=Window(...))
7.5813 	EXP 	Created select4 = Polygon(autoDraw=False, autoLog=True, closeShape=True, contrast=1.0, depth=-12.0, fillColor='green', fillColorSpace='named', fillRGB=array([   0.,  128.,    0.]), interpolate=True, lineColor=array([ 1.,  1.,  1.]), lineColorSpace='rgb', lineRGB=array([ 1.,  1.,  1.]), lineWidth=0, name='select4', opacity=1.0, ori=array(0.0), pos=array([-500., -300.]), size=array([ 100.,  100.]), units='pix', vertices=ndarray(...), win=Window(...))
7.5930 	EXP 	Created selection = ImageStim(autoLog=True, color=array([ 1.,  1.,  1.]), colorSpace='rgb', contrast=1.0, depth=-13.0, flipHoriz=False, flipVert=False, image='selection.png', interpolate=True, mask=None, maskParams=None, name='selection', opacity=1.0, ori=0.0, pos=array([ 0.,  0.]), size=array([ 295.5,  145.5]), texRes=128, units='pix', win=Window(...))
7.6039 	EXP 	Imported designs.xlsx as conditions, 3 conditions, 14 params
7.6043 	EXP 	Created sequence: random, trialTypes=3, nReps=1, seed=None
7.6049 	EXP 	New trial (rep=0, index=0): {u'r4': u'd', u'n1col': u'green', u'n2col': u'green', u'n4col': u'yellow', u'r2': u'b', u'rs': u'LOC21', u'r3': u'c', u'n3col': u'blue', u're': u'LOC8', u'n1': u'LOC22', u'n2': u'LOC23', u'n3': u'LOC18', u'n4': u'LOC13', u'r1': u'a'}
7.6247 	EXP 	robotS: pos = array([  40., -210.])
7.6247 	EXP 	node1: fillColor = u'green (named)'
7.6247 	EXP 	node1: pos = array([ 145., -210.])
7.6247 	EXP 	node2: fillColor = u'green (named)'
7.6247 	EXP 	node2: pos = array([ 250., -210.])
7.6247 	EXP 	node3: fillColor = u'blue (named)'
7.6247 	EXP 	node3: pos = array([ 250., -105.])
7.6247 	EXP 	node4: fillColor = u'yellow (named)'
7.6247 	EXP 	node4: pos = array([ 250.,    0.])
7.6247 	EXP 	robotF: pos = array([ 250.,  105.])
7.6247 	EXP 	whitebackground: autoDraw = True
7.6247 	EXP 	robotS: autoDraw = True
7.6247 	EXP 	node1: autoDraw = True
7.6247 	EXP 	node2: autoDraw = True
7.6247 	EXP 	node3: autoDraw = True
7.6247 	EXP 	node4: autoDraw = True
7.6247 	EXP 	robotF: autoDraw = True
7.6247 	EXP 	select1: autoDraw = True
7.6247 	EXP 	select2: autoDraw = True
7.6247 	EXP 	select3: autoDraw = True
7.6247 	EXP 	select4: autoDraw = True
7.6247 	EXP 	selection: autoDraw = True
31.4767 	DATA 	Keypress: escape
