6.7798 	EXP 	Created window1 = Window(allowGUI=False, allowStencil=False, autoLog=True, bitsMode=UNKNOWN, blendMode='avg', color='black', colorSpace='named', fullscr=UNKNOWN, gamma=None, lms=UNKNOWN, monitor=<psychopy.monitors.calibTools.Monitor object at 0x11307da10>, name='window1', pos=[0, 0], screen=0, size=array([1440,  900]), stereo=False, units='pix', useFBO=True, useRetina=False, viewOri=0.0, viewPos=None, viewScale=None, waitBlanking=True, winType='pyglet')
6.7799 	EXP 	window1: recordFrameIntervals = False
6.9451 	EXP 	window1: recordFrameIntervals = True
7.1290 	EXP 	window1: recordFrameIntervals = False
7.2919 	EXP 	Created welcome = TextStim(alignHoriz='center', alignVert='center', antialias=True, autoLog=True, bold=False, color='white', colorSpace='named', contrast=1.0, depth=-1.0, flipHoriz=False, flipVert=False, font='Arial', fontFiles=[], height=100, italic=False, name='welcome', opacity=1.0, ori=0, pos=array([ 0.,  0.]), rgb=array([ 255.,  255.,  255.]), text=u'Welcome!', units='pix', win=Window(...), wrapWidth=500)
7.3264 	EXP 	Created instruct = TextStim(alignHoriz='center', alignVert='center', antialias=True, autoLog=True, bold=False, color='white', colorSpace='named', contrast=1.0, depth=-2.0, flipHoriz=False, flipVert=False, font='Arial', fontFiles=[], height=50, italic=False, name='instruct', opacity=1.0, ori=0, pos=array([ 0.,  0.]), rgb=array([ 255.,  255.,  255.]), text=unicode(...), units='pix', win=Window(...), wrapWidth=500)
7.4145 	EXP 	Created rob0 = ImageStim(autoLog=True, color=array([ 1.,  1.,  1.]), colorSpace='rgb', contrast=1.0, depth=-3.0, flipHoriz=False, flipVert=False, image='robot1.png', interpolate=True, mask=None, maskParams=None, name='rob0', opacity=1.0, ori=0.0, pos=array([-250., -100.]), size=array([ 200.,  200.]), texRes=128, units='pix', win=Window(...))
7.4288 	EXP 	Created robb = ImageStim(autoLog=True, color=array([ 1.,  1.,  1.]), colorSpace='rgb', contrast=1.0, depth=-4.0, flipHoriz=False, flipVert=False, image='robot1.png', interpolate=True, mask=None, maskParams=None, name='robb', opacity=1.0, ori=0.0, pos=array([ 250., -100.]), size=array([ 200.,  200.]), texRes=128, units='pix', win=Window(...))
7.4503 	EXP 	Created na = Polygon(autoDraw=False, autoLog=True, closeShape=True, contrast=1.0, depth=-5.0, fillColor='blue', fillColorSpace='named', fillRGB=array([   0.,    0.,  255.]), interpolate=True, lineColor='blue', lineColorSpace='named', lineRGB=array([   0.,    0.,  255.]), lineWidth=1, name='na', opacity=1.0, ori=array(0.0), pos=array([ 0.,  0.]), size=array([ 1.,  1.]), units='pix', vertices=ndarray(...), win=Window(...))
7.4581 	EXP 	Created nb = Polygon(autoDraw=False, autoLog=True, closeShape=True, contrast=1.0, depth=-6.0, fillColor='blue', fillColorSpace='named', fillRGB=array([   0.,    0.,  255.]), interpolate=True, lineColor='blue', lineColorSpace='named', lineRGB=array([   0.,    0.,  255.]), lineWidth=1, name='nb', opacity=1.0, ori=array(0.0), pos=array([ 0.,  0.]), size=array([ 1.,  1.]), units='pix', vertices=ndarray(...), win=Window(...))
7.4640 	EXP 	Created nc = Polygon(autoDraw=False, autoLog=True, closeShape=True, contrast=1.0, depth=-7.0, fillColor='blue', fillColorSpace='named', fillRGB=array([   0.,    0.,  255.]), interpolate=True, lineColor='blue', lineColorSpace='named', lineRGB=array([   0.,    0.,  255.]), lineWidth=1, name='nc', opacity=1.0, ori=array(0.0), pos=array([ 0.,  0.]), size=array([ 1.,  1.]), units='pix', vertices=ndarray(...), win=Window(...))
7.4667 	EXP 	<method-wrapper '__getattribute__' of attributeSetter object at 0x110ab1fd0>: vertices = array([[-55.,  20.],
       [ 55.,  20.],
       [ 55., -20.],
       [-55., -20.]])
7.4692 	EXP 	Created s1 = Rect(autoDraw=False, autoLog=True, closeShape=True, contrast=1.0, depth=-8.0, fillColor='black', fillColorSpace='named', fillRGB=array([ 0.,  0.,  0.]), interpolate=True, lineColor='black', lineColorSpace='named', lineRGB=array([ 0.,  0.,  0.]), lineWidth=1, name='s1', opacity=1.0, ori=array(0.0), pos=array([-110., -100.]), size=array([ 1.,  1.]), units='pix', vertices=ndarray(...), win=Window(...))
7.4698 	EXP 	<method-wrapper '__getattribute__' of attributeSetter object at 0x110ab1fd0>: vertices = array([[-55.,  20.],
       [ 55.,  20.],
       [ 55., -20.],
       [-55., -20.]])
7.4717 	EXP 	Created s2 = Rect(autoDraw=False, autoLog=True, closeShape=True, contrast=1.0, depth=-9.0, fillColor='black', fillColorSpace='named', fillRGB=array([ 0.,  0.,  0.]), interpolate=True, lineColor='black', lineColorSpace='named', lineRGB=array([ 0.,  0.,  0.]), lineWidth=1, name='s2', opacity=1.0, ori=array(0.0), pos=array([   0., -100.]), size=array([ 1.,  1.]), units='pix', vertices=ndarray(...), win=Window(...))
7.4722 	EXP 	<method-wrapper '__getattribute__' of attributeSetter object at 0x110ab1fd0>: vertices = array([[-55.,  20.],
       [ 55.,  20.],
       [ 55., -20.],
       [-55., -20.]])
7.4741 	EXP 	Created s3 = Rect(autoDraw=False, autoLog=True, closeShape=True, contrast=1.0, depth=-10.0, fillColor='black', fillColorSpace='named', fillRGB=array([ 0.,  0.,  0.]), interpolate=True, lineColor='black', lineColorSpace='named', lineRGB=array([ 0.,  0.,  0.]), lineWidth=1, name='s3', opacity=1.0, ori=array(0.0), pos=array([ 110., -100.]), size=array([ 1.,  1.]), units='pix', vertices=ndarray(...), win=Window(...))
7.9279 	EXP 	Created heart = ImageStim(autoLog=True, color=array([ 1.,  1.,  1.]), colorSpace='rgb', contrast=1.0, depth=-11.0, flipHoriz=False, flipVert=False, image='heart.png', interpolate=True, mask=None, maskParams=None, name='heart', opacity=1.0, ori=0.0, pos=array([   0., -100.]), size=array([ 1.,  1.]), texRes=128, units='pix', win=Window(...))
7.9839 	EXP 	Created text_2 = TextStim(alignHoriz='center', alignVert='center', antialias=True, autoLog=True, bold=False, color='white', colorSpace='named', contrast=1.0, depth=-1.0, flipHoriz=False, flipVert=False, font='Arial', fontFiles=[], height=40, italic=False, name='text_2', opacity=1.0, ori=0, pos=array([ 0.,  0.]), rgb=array([ 255.,  255.,  255.]), text=u"Let's take an example", units='pix', win=Window(...), wrapWidth=500)
7.9917 	EXP 	Created nod1 = Polygon(autoDraw=False, autoLog=True, closeShape=True, contrast=1.0, depth=-2.0, fillColor=array([ 1.,  1.,  1.]), fillColorSpace='rgb', fillRGB=array([ 1.,  1.,  1.]), interpolate=True, lineColor='red', lineColorSpace='named', lineRGB=array([ 255.,    0.,    0.]), lineWidth=1, name='nod1', opacity=1.0, ori=array(0.0), pos=array([ 0.,  0.]), size=array([ 100.,  100.]), units='pix', vertices=ndarray(...), win=Window(...))
7.9991 	EXP 	Created nod2 = Polygon(autoDraw=False, autoLog=True, closeShape=True, contrast=1.0, depth=-3.0, fillColor=array([ 1.,  1.,  1.]), fillColorSpace='rgb', fillRGB=array([ 1.,  1.,  1.]), interpolate=True, lineColor=array([ 1.,  1.,  1.]), lineColorSpace='rgb', lineRGB=array([ 1.,  1.,  1.]), lineWidth=1, name='nod2', opacity=1.0, ori=array(0.0), pos=array([ 0.,  0.]), size=array([ 100.,  100.]), units='pix', vertices=ndarray(...), win=Window(...))
8.0091 	EXP 	Created nod3 = Polygon(autoDraw=False, autoLog=True, closeShape=True, contrast=1.0, depth=-4.0, fillColor=array([ 1.,  1.,  1.]), fillColorSpace='rgb', fillRGB=array([ 1.,  1.,  1.]), interpolate=True, lineColor=array([ 1.,  1.,  1.]), lineColorSpace='rgb', lineRGB=array([ 1.,  1.,  1.]), lineWidth=1, name='nod3', opacity=1.0, ori=array(0.0), pos=array([ 135.,  115.]), size=array([ 100.,  100.]), units='pix', vertices=ndarray(...), win=Window(...))
8.0157 	EXP 	Created nod4 = Polygon(autoDraw=False, autoLog=True, closeShape=True, contrast=1.0, depth=-5.0, fillColor=array([ 1.,  1.,  1.]), fillColorSpace='rgb', fillRGB=array([ 1.,  1.,  1.]), interpolate=True, lineColor=array([ 1.,  1.,  1.]), lineColorSpace='rgb', lineRGB=array([ 1.,  1.,  1.]), lineWidth=1, name='nod4', opacity=1.0, ori=array(0.0), pos=array([ 250.,  115.]), size=array([ 100.,  100.]), units='pix', vertices=ndarray(...), win=Window(...))
8.0273 	EXP 	Created rob1 = ImageStim(autoLog=True, color=array([ 1.,  1.,  1.]), colorSpace='rgb', contrast=1.0, depth=-6.0, flipHoriz=False, flipVert=False, image='robot1.png', interpolate=True, mask=None, maskParams=None, name='rob1', opacity=1.0, ori=1.0, pos=array([  20., -115.]), size=array([ 100.,  100.]), texRes=128, units='pix', win=Window(...))
8.0300 	EXP 	Created rob2 = ImageStim(autoLog=True, color=array([ 1.,  1.,  1.]), colorSpace='rgb', contrast=1.0, depth=-7.0, flipHoriz=False, flipVert=False, image='sin', interpolate=True, mask=None, maskParams=None, name='rob2', opacity=1.0, ori=0.0, pos=array([ 365.,  115.]), size=array([ 100.,  100.]), texRes=128, units='pix', win=Window(...))
8.0307 	EXP 	<method-wrapper '__getattribute__' of attributeSetter object at 0x110ab1fd0>: vertices = array([[-0.5,  0.5],
       [ 0.5,  0.5],
       [ 0.5, -0.5],
       [-0.5, -0.5]])
8.0337 	EXP 	Created sh1 = Rect(autoDraw=False, autoLog=True, closeShape=True, contrast=1.0, depth=-9.0, fillColor='black', fillColorSpace='named', fillRGB=array([ 0.,  0.,  0.]), interpolate=True, lineColor='black', lineColorSpace='named', lineRGB=array([ 0.,  0.,  0.]), lineWidth=1, name='sh1', opacity=1.0, ori=array(0.0), pos=array([ 20.,   0.]), size=array([ 1.,  1.]), units='pix', vertices=ndarray(...), win=Window(...))
8.0342 	EXP 	<method-wrapper '__getattribute__' of attributeSetter object at 0x110ab1fd0>: vertices = array([[-30.,  20.],
       [ 30.,  20.],
       [ 30., -20.],
       [-30., -20.]])
8.0357 	EXP 	Created sh2a = Rect(autoDraw=False, autoLog=True, closeShape=True, contrast=1.0, depth=-10.0, fillColor='black', fillColorSpace='named', fillRGB=array([ 0.,  0.,  0.]), interpolate=True, lineColor='black', lineColorSpace='named', lineRGB=array([ 0.,  0.,  0.]), lineWidth=1, name='sh2a', opacity=1.0, ori=array(0.0), pos=array([  50.,  113.]), size=array([ 1.,  1.]), units='pix', vertices=ndarray(...), win=Window(...))
8.0361 	EXP 	<method-wrapper '__getattribute__' of attributeSetter object at 0x110ab1fd0>: vertices = array([[-20.,  40.],
       [ 20.,  40.],
       [ 20., -40.],
       [-20., -40.]])
8.0374 	EXP 	Created sh2b = Rect(autoDraw=False, autoLog=True, closeShape=True, contrast=1.0, depth=-11.0, fillColor='black', fillColorSpace='named', fillRGB=array([ 0.,  0.,  0.]), interpolate=True, lineColor='black', lineColorSpace='named', lineRGB=array([ 0.,  0.,  0.]), lineWidth=1, name='sh2b', opacity=1.0, ori=array(0.0), pos=array([ 22.,  93.]), size=array([ 1.,  1.]), units='pix', vertices=ndarray(...), win=Window(...))
8.0378 	EXP 	<method-wrapper '__getattribute__' of attributeSetter object at 0x110ab1fd0>: vertices = array([[-55.,  20.],
       [ 55.,  20.],
       [ 55., -20.],
       [-55., -20.]])
8.0392 	EXP 	Created sh3 = Rect(autoDraw=False, autoLog=True, closeShape=True, contrast=1.0, depth=-12.0, fillColor='black', fillColorSpace='named', fillRGB=array([ 0.,  0.,  0.]), interpolate=True, lineColor='black', lineColorSpace='named', lineRGB=array([ 0.,  0.,  0.]), lineWidth=1, name='sh3', opacity=1.0, ori=array(0.0), pos=array([ 135.,  115.]), size=array([ 1.,  1.]), units='pix', vertices=ndarray(...), win=Window(...))
8.0396 	EXP 	<method-wrapper '__getattribute__' of attributeSetter object at 0x110ab1fd0>: vertices = array([[-55.,  20.],
       [ 55.,  20.],
       [ 55., -20.],
       [-55., -20.]])
8.0411 	EXP 	Created sh4 = Rect(autoDraw=False, autoLog=True, closeShape=True, contrast=1.0, depth=-13.0, fillColor='black', fillColorSpace='named', fillRGB=array([ 0.,  0.,  0.]), interpolate=True, lineColor='black', lineColorSpace='named', lineRGB=array([ 0.,  0.,  0.]), lineWidth=1, name='sh4', opacity=1.0, ori=array(0.0), pos=array([ 250.,  115.]), size=array([ 1.,  1.]), units='pix', vertices=ndarray(...), win=Window(...))
8.0610 	EXP 	Created star = TextStim(alignHoriz='center', alignVert='center', antialias=True, autoLog=True, bold=False, color='white', colorSpace='named', contrast=1.0, depth=0.0, flipHoriz=False, flipVert=False, font='Arial', fontFiles=[], height=50, italic=False, name='star', opacity=1.0, ori=0, pos=array([ 0.,  0.]), rgb=array([ 255.,  255.,  255.]), text=unicode(...), units='pix', win=Window(...), wrapWidth=500)
8.0615 	EXP 	<method-wrapper '__getattribute__' of attributeSetter object at 0x110ab1fd0>: vertices = array([[-400.,  450.],
       [ 400.,  450.],
       [ 400., -450.],
       [-400., -450.]])
8.0640 	EXP 	Created whitebackground = Rect(autoDraw=False, autoLog=True, closeShape=True, contrast=1.0, depth=-2.0, fillColor=array([ 1.,  1.,  1.]), fillColorSpace='rgb', fillRGB=array([ 1.,  1.,  1.]), interpolate=True, lineColor=array([ 1.,  1.,  1.]), lineColorSpace='rgb', lineRGB=array([ 1.,  1.,  1.]), lineWidth=0, name='whitebackground', opacity=1.0, ori=array(0.0), pos=array([-560.,    0.]), size=array([ 1.,  1.]), units='pix', vertices=ndarray(...), win=Window(...))
8.0757 	EXP 	Created robotS = ImageStim(autoLog=True, color=array([ 1.,  1.,  1.]), colorSpace='rgb', contrast=1.0, depth=-3.0, flipHoriz=False, flipVert=False, image='robot1.png', interpolate=True, mask=None, maskParams=None, name='robotS', opacity=1.0, ori=0.0, pos=array([ 0.,  0.]), size=array([ 100.,  100.]), texRes=128, units='pix', win=Window(...))
8.0859 	EXP 	Created node1 = Polygon(autoDraw=False, autoLog=True, closeShape=True, contrast=1.0, depth=-4.0, fillColor=array([ 1.,  1.,  1.]), fillColorSpace='rgb', fillRGB=array([ 1.,  1.,  1.]), interpolate=True, lineColor=array([ 1.,  1.,  1.]), lineColorSpace='rgb', lineRGB=array([ 1.,  1.,  1.]), lineWidth=0, name='node1', opacity=1.0, ori=array(0.0), pos=array([ 0.,  0.]), size=array([ 100.,  100.]), units='pix', vertices=ndarray(...), win=Window(...))
8.0936 	EXP 	Created node2 = Polygon(autoDraw=False, autoLog=True, closeShape=True, contrast=1.0, depth=-5.0, fillColor=array([ 1.,  1.,  1.]), fillColorSpace='rgb', fillRGB=array([ 1.,  1.,  1.]), interpolate=True, lineColor=array([ 1.,  1.,  1.]), lineColorSpace='rgb', lineRGB=array([ 1.,  1.,  1.]), lineWidth=0, name='node2', opacity=1.0, ori=array(0.0), pos=array([ 0.,  0.]), size=array([ 100.,  100.]), units='pix', vertices=ndarray(...), win=Window(...))
8.1002 	EXP 	Created node3 = Polygon(autoDraw=False, autoLog=True, closeShape=True, contrast=1.0, depth=-6.0, fillColor=array([ 1.,  1.,  1.]), fillColorSpace='rgb', fillRGB=array([ 1.,  1.,  1.]), interpolate=True, lineColor=array([ 1.,  1.,  1.]), lineColorSpace='rgb', lineRGB=array([ 1.,  1.,  1.]), lineWidth=0, name='node3', opacity=1.0, ori=array(0.0), pos=array([ 0.,  0.]), size=array([ 100.,  100.]), units='pix', vertices=ndarray(...), win=Window(...))
8.1076 	EXP 	Created node4 = Polygon(autoDraw=False, autoLog=True, closeShape=True, contrast=1.0, depth=-7.0, fillColor=array([ 1.,  1.,  1.]), fillColorSpace='rgb', fillRGB=array([ 1.,  1.,  1.]), interpolate=True, lineColor=array([ 1.,  1.,  1.]), lineColorSpace='rgb', lineRGB=array([ 1.,  1.,  1.]), lineWidth=0, name='node4', opacity=1.0, ori=array(0.0), pos=array([ 0.,  0.]), size=array([ 100.,  100.]), units='pix', vertices=ndarray(...), win=Window(...))
8.1141 	EXP 	Created node5 = Polygon(autoDraw=False, autoLog=True, closeShape=True, contrast=1.0, depth=-8.0, fillColor=array([ 1.,  1.,  1.]), fillColorSpace='rgb', fillRGB=array([ 1.,  1.,  1.]), interpolate=True, lineColor=array([ 1.,  1.,  1.]), lineColorSpace='rgb', lineRGB=array([ 1.,  1.,  1.]), lineWidth=0, name='node5', opacity=1.0, ori=array(0.0), pos=array([ 0.,  0.]), size=array([ 100.,  100.]), units='pix', vertices=ndarray(...), win=Window(...))
8.1266 	EXP 	Created robotF = ImageStim(autoLog=True, color=array([ 1.,  1.,  1.]), colorSpace='rgb', contrast=1.0, depth=-9.0, flipHoriz=False, flipVert=False, image='robot1.png', interpolate=True, mask=None, maskParams=None, name='robotF', opacity=1.0, ori=0.0, pos=array([ 0.,  0.]), size=array([ 100.,  100.]), texRes=128, units='pix', win=Window(...))
8.1328 	EXP 	Created select1 = Polygon(autoDraw=False, autoLog=True, closeShape=True, contrast=1.0, depth=-10.0, fillColor='red', fillColorSpace='named', fillRGB=array([ 255.,    0.,    0.]), interpolate=True, lineColor=array([ 1.,  1.,  1.]), lineColorSpace='rgb', lineRGB=array([ 1.,  1.,  1.]), lineWidth=0, name='select1', opacity=1.0, ori=array(0.0), pos=array([-630.,    0.]), size=array([ 100.,  100.]), units='pix', vertices=ndarray(...), win=Window(...))
8.1387 	EXP 	Created select2 = Polygon(autoDraw=False, autoLog=True, closeShape=True, contrast=1.0, depth=-11.0, fillColor='blue', fillColorSpace='named', fillRGB=array([   0.,    0.,  255.]), interpolate=True, lineColor=array([ 1.,  1.,  1.]), lineColorSpace='rgb', lineRGB=array([ 1.,  1.,  1.]), lineWidth=0, name='select2', opacity=1.0, ori=array(0.0), pos=array([-630., -120.]), size=array([ 100.,  100.]), units='pix', vertices=ndarray(...), win=Window(...))
8.1451 	EXP 	Created select3 = Polygon(autoDraw=False, autoLog=True, closeShape=True, contrast=1.0, depth=-12.0, fillColor='yellow', fillColorSpace='named', fillRGB=array([ 255.,  255.,    0.]), interpolate=True, lineColor=array([ 1.,  1.,  1.]), lineColorSpace='rgb', lineRGB=array([ 1.,  1.,  1.]), lineWidth=0, name='select3', opacity=1.0, ori=array(0.0), pos=array([-630., -240.]), size=array([ 100.,  100.]), units='pix', vertices=ndarray(...), win=Window(...))
8.1513 	EXP 	Created select4 = Polygon(autoDraw=False, autoLog=True, closeShape=True, contrast=1.0, depth=-13.0, fillColor='green', fillColorSpace='named', fillRGB=array([   0.,  128.,    0.]), interpolate=True, lineColor=array([ 1.,  1.,  1.]), lineColorSpace='rgb', lineRGB=array([ 1.,  1.,  1.]), lineWidth=0, name='select4', opacity=1.0, ori=array(0.0), pos=array([-630., -360.]), size=array([ 100.,  100.]), units='pix', vertices=ndarray(...), win=Window(...))
8.1850 	EXP 	Created selection = ImageStim(autoLog=True, color=array([ 1.,  1.,  1.]), colorSpace='rgb', contrast=1.0, depth=-14.0, flipHoriz=False, flipVert=False, image='mastershapes.png', interpolate=True, mask=None, maskParams=None, name='selection', opacity=1.0, ori=0.0, pos=array([ 0.,  0.]), size=array([ 500.,  400.]), texRes=128, units='pix', win=Window(...))
8.2320 	EXP 	Created sel = TextStim(alignHoriz='center', alignVert='center', antialias=True, autoLog=True, bold=False, color='black', colorSpace='named', contrast=1.0, depth=-15.0, flipHoriz=False, flipVert=False, font='Arial', fontFiles=[], height=30, italic=False, name='sel', opacity=1.0, ori=0, pos=array([-450.,  250.]), rgb=array([ 0.,  0.,  0.]), text=unicode(...), units='pix', win=Window(...), wrapWidth=500)
8.2456 	EXP 	Created Evaluation = TextStim(alignHoriz='center', alignVert='center', antialias=True, autoLog=True, bold=False, color='white', colorSpace='named', contrast=1.0, depth=-1.0, flipHoriz=False, flipVert=False, font='Arial', fontFiles=[], height=50, italic=False, name='Evaluation', opacity=1.0, ori=0, pos=array([   0.,  300.]), rgb=array([ 255.,  255.,  255.]), text=u'Is this pathway correct? \n', units='pix', win=Window(...), wrapWidth=500)
8.2533 	EXP 	Created polygon = Polygon(autoDraw=False, autoLog=True, closeShape=True, contrast=1.0, depth=-2.0, fillColor=array([ 1.,  1.,  1.]), fillColorSpace='rgb', fillRGB=array([ 1.,  1.,  1.]), interpolate=True, lineColor=array([ 1.,  1.,  1.]), lineColorSpace='rgb', lineRGB=array([ 1.,  1.,  1.]), lineWidth=1, name='polygon', opacity=1.0, ori=array(0.0), pos=array([ 0.,  0.]), size=array([ 100.,  100.]), units='pix', vertices=ndarray(...), win=Window(...))
8.2622 	EXP 	Created polygon_2 = Polygon(autoDraw=False, autoLog=True, closeShape=True, contrast=1.0, depth=-3.0, fillColor=array([ 1.,  1.,  1.]), fillColorSpace='rgb', fillRGB=array([ 1.,  1.,  1.]), interpolate=True, lineColor=array([ 1.,  1.,  1.]), lineColorSpace='rgb', lineRGB=array([ 1.,  1.,  1.]), lineWidth=1, name='polygon_2', opacity=1.0, ori=array(0.0), pos=array([ 0.,  0.]), size=array([ 100.,  100.]), units='pix', vertices=ndarray(...), win=Window(...))
8.2686 	EXP 	Created polygon_3 = Polygon(autoDraw=False, autoLog=True, closeShape=True, contrast=1.0, depth=-4.0, fillColor=array([ 1.,  1.,  1.]), fillColorSpace='rgb', fillRGB=array([ 1.,  1.,  1.]), interpolate=True, lineColor=array([ 1.,  1.,  1.]), lineColorSpace='rgb', lineRGB=array([ 1.,  1.,  1.]), lineWidth=1, name='polygon_3', opacity=1.0, ori=array(0.0), pos=array([ 0.,  0.]), size=array([ 100.,  100.]), units='pix', vertices=ndarray(...), win=Window(...))
8.2753 	EXP 	Created polygon_4 = Polygon(autoDraw=False, autoLog=True, closeShape=True, contrast=1.0, depth=-5.0, fillColor=array([ 1.,  1.,  1.]), fillColorSpace='rgb', fillRGB=array([ 1.,  1.,  1.]), interpolate=True, lineColor=array([ 1.,  1.,  1.]), lineColorSpace='rgb', lineRGB=array([ 1.,  1.,  1.]), lineWidth=1, name='polygon_4', opacity=1.0, ori=array(0.0), pos=array([ 0.,  0.]), size=array([ 100.,  100.]), units='pix', vertices=ndarray(...), win=Window(...))
8.2820 	EXP 	Created polygon_5 = Polygon(autoDraw=False, autoLog=True, closeShape=True, contrast=1.0, depth=-6.0, fillColor=array([ 1.,  1.,  1.]), fillColorSpace='rgb', fillRGB=array([ 1.,  1.,  1.]), interpolate=True, lineColor=array([ 1.,  1.,  1.]), lineColorSpace='rgb', lineRGB=array([ 1.,  1.,  1.]), lineWidth=1, name='polygon_5', opacity=1.0, ori=array(0.0), pos=array([ 0.,  0.]), size=array([ 100.,  100.]), units='pix', vertices=ndarray(...), win=Window(...))
8.2922 	EXP 	Created choice = TextStim(alignHoriz='center', alignVert='center', antialias=True, autoLog=True, bold=False, color=u'white', colorSpace='named', contrast=1.0, depth=-7.0, flipHoriz=False, flipVert=False, font=u'Arial', fontFiles=[], height=50, italic=False, name='choice', opacity=1.0, ori=0, pos=array([   0., -300.]), rgb=array([ 255.,  255.,  255.]), text=u'default text', units='pix', win=Window(...), wrapWidth=500)
8.3047 	EXP 	Created ro = ImageStim(autoLog=True, color=array([ 1.,  1.,  1.]), colorSpace='rgb', contrast=1.0, depth=-9.0, flipHoriz=False, flipVert=False, image='robot1.png', interpolate=True, mask=None, maskParams=None, name='ro', opacity=1.0, ori=0.0, pos=array([ 0.,  0.]), size=array([ 100.,  100.]), texRes=128, units='pix', win=Window(...))
8.3204 	EXP 	Created rq = ImageStim(autoLog=True, color=array([ 1.,  1.,  1.]), colorSpace='rgb', contrast=1.0, depth=-10.0, flipHoriz=False, flipVert=False, image='robot1.png', interpolate=True, mask=None, maskParams=None, name='rq', opacity=1.0, ori=0.0, pos=array([ 0.,  0.]), size=array([ 100.,  100.]), texRes=128, units='pix', win=Window(...))
8.3266 	EXP 	Created text_3 = TextStim(alignHoriz='center', alignVert='center', antialias=True, autoLog=True, bold=False, color=u'white', colorSpace='named', contrast=1.0, depth=-11.0, flipHoriz=False, flipVert=False, font=u'Arial', fontFiles=[], height=50, italic=False, name='text_3', opacity=1.0, ori=0, pos=array([ 0.,  0.]), rgb=array([ 255.,  255.,  255.]), text=u'default text', units='pix', win=Window(...), wrapWidth=500)
8.3342 	EXP 	Created thankyou = TextStim(alignHoriz='center', alignVert='center', antialias=True, autoLog=True, bold=False, color='white', colorSpace='named', contrast=1.0, depth=0.0, flipHoriz=False, flipVert=False, font='Arial', fontFiles=[], height=50, italic=False, name='thankyou', opacity=1.0, ori=0, pos=array([ 0.,  0.]), rgb=array([ 255.,  255.,  255.]), text=u'Thank you for your participation.\n', units='pix', win=Window(...), wrapWidth=500)
8.3619 	EXP 	instruct: pos = array([   0.,  150.])
8.3619 	EXP 	na: pos = array([-110., -100.])
8.3619 	EXP 	na: size = array([ 100.,  100.])
8.3619 	EXP 	nb: pos = array([   0., -100.])
8.3619 	EXP 	nb: size = array([ 100.,  100.])
8.3619 	EXP 	nc: pos = array([ 110., -100.])
8.3619 	EXP 	nc: size = array([ 100.,  100.])
8.3619 	EXP 	welcome: autoDraw = True
11.3455 	EXP 	welcome: autoDraw = False
11.3623 	EXP 	instruct: autoDraw = True
14.3627 	EXP 	rob0: autoDraw = True
14.3627 	EXP 	robb: autoDraw = True
14.8627 	EXP 	na: autoDraw = True
15.3629 	EXP 	nb: autoDraw = True
15.8630 	EXP 	nc: autoDraw = True
16.8631 	EXP 	s1: autoDraw = True
17.8633 	EXP 	s2: autoDraw = True
18.8634 	EXP 	s3: autoDraw = True
22.3469 	EXP 	na: autoDraw = False
22.3469 	EXP 	nb: autoDraw = False
22.3469 	EXP 	nc: autoDraw = False
22.3469 	EXP 	s1: autoDraw = False
22.3469 	EXP 	s2: autoDraw = False
22.3469 	EXP 	s3: autoDraw = False
22.3637 	EXP 	heart: autoDraw = True
26.3806 	EXP 	instruct: autoDraw = False
26.3806 	EXP 	rob0: autoDraw = False
26.3806 	EXP 	robb: autoDraw = False
26.3806 	EXP 	heart: autoDraw = False
26.3806 	EXP 	welcome: autoDraw = False
26.3806 	EXP 	instruct: autoDraw = False
26.3806 	EXP 	rob0: autoDraw = False
26.3806 	EXP 	robb: autoDraw = False
26.3806 	EXP 	na: autoDraw = False
26.3806 	EXP 	nb: autoDraw = False
26.3806 	EXP 	nc: autoDraw = False
26.3806 	EXP 	s1: autoDraw = False
26.3806 	EXP 	s2: autoDraw = False
26.3806 	EXP 	s3: autoDraw = False
26.3806 	EXP 	heart: autoDraw = False
26.3806 	EXP 	text_2: pos = array([-300.,  300.])
26.3806 	EXP 	nod1: fillColor = 'red (named)'
26.3806 	EXP 	nod1: pos = array([ 20.,   0.])
26.3806 	EXP 	nod2: fillColor = 'yellow (named)'
26.3806 	EXP 	nod2: pos = array([  20.,  115.])
26.3806 	EXP 	nod2: lineColor = 'yellow (named)'
26.3806 	EXP 	nod3: fillColor = 'blue (named)'
26.3806 	EXP 	nod3: lineColor = 'blue (named)'
26.3806 	EXP 	nod4: fillColor = 'blue (named)'
26.3806 	EXP 	nod4: lineColor = 'blue (named)'
26.3806 	EXP 	rob1: ori = 0.0
26.3806 	EXP 	rob2: image = 'robot1.png'
26.3806 	EXP 	sh1: size = array([  40.,  110.])
26.3806 	EXP 	text_2: autoDraw = True
26.3806 	EXP 	nod1: autoDraw = True
26.3806 	EXP 	nod2: autoDraw = True
26.3806 	EXP 	nod3: autoDraw = True
26.3806 	EXP 	nod4: autoDraw = True
26.3806 	EXP 	rob1: autoDraw = True
26.3806 	EXP 	rob2: autoDraw = True
28.3643 	EXP 	sh1: autoDraw = True
28.8643 	EXP 	sh2a: autoDraw = True
28.8643 	EXP 	sh2b: autoDraw = True
29.3644 	EXP 	sh3: autoDraw = True
29.8644 	EXP 	sh4: autoDraw = True
39.5100 	DATA 	Keypress: space
39.5322 	EXP 	text_2: autoDraw = False
39.5322 	EXP 	nod1: autoDraw = False
39.5322 	EXP 	nod2: autoDraw = False
39.5322 	EXP 	nod3: autoDraw = False
39.5322 	EXP 	nod4: autoDraw = False
39.5322 	EXP 	rob1: autoDraw = False
39.5322 	EXP 	rob2: autoDraw = False
39.5322 	EXP 	sh1: autoDraw = False
39.5322 	EXP 	sh2a: autoDraw = False
39.5322 	EXP 	sh2b: autoDraw = False
39.5322 	EXP 	sh3: autoDraw = False
39.5322 	EXP 	sh4: autoDraw = False
39.5322 	EXP 	star: autoDraw = True
39.6527 	DATA 	Keypress: space
39.6765 	EXP 	Imported designs.xlsx as conditions, 4 conditions, 16 params
39.6770 	EXP 	Created sequence: sequential, trialTypes=4, nReps=1, seed=None
39.6777 	EXP 	New trial (rep=0, index=0): {u'n2col': u'blue', u'n4col': u'red', u'n3col': u'green', u'r4': u'd', u'n1col': u'blue', u'r1': u'a', u'r2': u'b', u'rs': u'LOC21', u'r3': u'c', u're': u'LOC9', u'n5col': u'red', u'n1': u'LOC22', u'n2': u'LOC23', u'n3': u'LOC24', u'n4': u'LOC19', u'n5': u'LOC14'}
39.6987 	EXP 	star: autoDraw = False
39.6987 	EXP 	robotS: pos = array([  20., -230.])
39.6987 	EXP 	node1: fillColor = u'blue (named)'
39.6987 	EXP 	node1: pos = array([ 135., -230.])
39.6987 	EXP 	node2: fillColor = u'blue (named)'
39.6987 	EXP 	node2: pos = array([ 250., -230.])
39.6987 	EXP 	node3: fillColor = u'green (named)'
39.6987 	EXP 	node3: pos = array([ 365., -230.])
39.6987 	EXP 	node4: fillColor = u'red (named)'
39.6987 	EXP 	node4: pos = array([ 365., -115.])
39.6987 	EXP 	node5: fillColor = u'red (named)'
39.6987 	EXP 	node5: pos = array([ 365.,    0.])
39.6987 	EXP 	robotF: pos = array([ 365.,  115.])
39.6987 	EXP 	whitebackground: autoDraw = True
39.6987 	EXP 	robotS: autoDraw = True
39.6987 	EXP 	node1: autoDraw = True
39.6987 	EXP 	node2: autoDraw = True
39.6987 	EXP 	node3: autoDraw = True
39.6987 	EXP 	node4: autoDraw = True
39.6987 	EXP 	node5: autoDraw = True
39.6987 	EXP 	robotF: autoDraw = True
39.6987 	EXP 	select1: autoDraw = True
39.6987 	EXP 	select2: autoDraw = True
39.6987 	EXP 	select3: autoDraw = True
39.6987 	EXP 	select4: autoDraw = True
39.6987 	EXP 	selection: autoDraw = True
39.6987 	EXP 	sel: autoDraw = True
40.6727 	DATA 	Keypress: a
40.8690 	DATA 	Keypress: a
41.0357 	DATA 	Keypress: a
41.2189 	DATA 	Keypress: a
41.2224 	EXP 	New trial (rep=0, index=1): {u'n2col': u'yellow', u'n4col': u'green', u'n3col': u'blue', u'r4': u'd', u'n1col': u'red', u'r1': u'a', u'r2': u'b', u'rs': u'LOC21', u'r3': u'c', u're': u'LOC3', u'n5col': u'red', u'n1': u'LOC16', u'n2': u'LOC11', u'n3': u'LOC12', u'n4': u'LOC13', u'n5': u'LOC8'}
41.2493 	EXP 	whitebackground: autoDraw = False
41.2493 	EXP 	robotS: autoDraw = False
41.2493 	EXP 	node1: autoDraw = False
41.2493 	EXP 	node2: autoDraw = False
41.2493 	EXP 	node3: autoDraw = False
41.2493 	EXP 	node4: autoDraw = False
41.2493 	EXP 	node5: autoDraw = False
41.2493 	EXP 	robotF: autoDraw = False
41.2493 	EXP 	select1: autoDraw = False
41.2493 	EXP 	select2: autoDraw = False
41.2493 	EXP 	select3: autoDraw = False
41.2493 	EXP 	select4: autoDraw = False
41.2493 	EXP 	selection: autoDraw = False
41.2493 	EXP 	sel: autoDraw = False
41.2493 	EXP 	robotS: pos = array([  20., -230.])
41.2493 	EXP 	node1: fillColor = u'red (named)'
41.2493 	EXP 	node1: pos = array([  20., -115.])
41.2493 	EXP 	node2: fillColor = u'yellow (named)'
41.2493 	EXP 	node2: pos = array([ 20.,   0.])
41.2493 	EXP 	node3: fillColor = u'blue (named)'
41.2493 	EXP 	node3: pos = array([ 135.,    0.])
41.2493 	EXP 	node4: fillColor = u'green (named)'
41.2493 	EXP 	node4: pos = array([ 250.,    0.])
41.2493 	EXP 	node5: fillColor = u'red (named)'
41.2493 	EXP 	node5: pos = array([ 250.,  115.])
41.2493 	EXP 	robotF: pos = array([ 250.,  230.])
41.2493 	EXP 	whitebackground: autoDraw = True
41.2493 	EXP 	robotS: autoDraw = True
41.2493 	EXP 	node1: autoDraw = True
41.2493 	EXP 	node2: autoDraw = True
41.2493 	EXP 	node3: autoDraw = True
41.2493 	EXP 	node4: autoDraw = True
41.2493 	EXP 	node5: autoDraw = True
41.2493 	EXP 	robotF: autoDraw = True
41.2493 	EXP 	select1: autoDraw = True
41.2493 	EXP 	select2: autoDraw = True
41.2493 	EXP 	select3: autoDraw = True
41.2493 	EXP 	select4: autoDraw = True
41.2493 	EXP 	selection: autoDraw = True
41.2493 	EXP 	sel: autoDraw = True
41.4031 	DATA 	Keypress: a
41.6025 	DATA 	Keypress: a
41.7861 	DATA 	Keypress: a
42.0058 	DATA 	Keypress: a
42.0186 	EXP 	New trial (rep=0, index=2): {u'n2col': u'red', u'n4col': u'blue', u'n3col': u'yellow', u'r4': u'd', u'n1col': u'red', u'r1': u'a', u'r2': u'b', u'rs': u'LOC22', u'r3': u'c', u're': u'LOC10', u'n5col': u'blue', u'n1': u'LOC17', u'n2': u'LOC12', u'n3': u'LOC7', u'n4': u'LOC8', u'n5': u'LOC9'}
42.0494 	EXP 	whitebackground: autoDraw = False
42.0494 	EXP 	robotS: autoDraw = False
42.0494 	EXP 	node1: autoDraw = False
42.0494 	EXP 	node2: autoDraw = False
42.0494 	EXP 	node3: autoDraw = False
42.0494 	EXP 	node4: autoDraw = False
42.0494 	EXP 	node5: autoDraw = False
42.0494 	EXP 	robotF: autoDraw = False
42.0494 	EXP 	select1: autoDraw = False
42.0494 	EXP 	select2: autoDraw = False
42.0494 	EXP 	select3: autoDraw = False
42.0494 	EXP 	select4: autoDraw = False
42.0494 	EXP 	selection: autoDraw = False
42.0494 	EXP 	sel: autoDraw = False
42.0494 	EXP 	robotS: pos = array([ 135., -230.])
42.0494 	EXP 	node1: fillColor = u'red (named)'
42.0494 	EXP 	node1: pos = array([ 135., -115.])
42.0494 	EXP 	node2: fillColor = u'red (named)'
42.0494 	EXP 	node2: pos = array([ 135.,    0.])
42.0494 	EXP 	node3: fillColor = u'yellow (named)'
42.0494 	EXP 	node3: pos = array([ 135.,  115.])
42.0494 	EXP 	node4: fillColor = u'blue (named)'
42.0494 	EXP 	node4: pos = array([ 250.,  115.])
42.0494 	EXP 	node5: fillColor = u'blue (named)'
42.0494 	EXP 	node5: pos = array([ 365.,  115.])
42.0494 	EXP 	robotF: pos = array([ 480.,  115.])
42.0494 	EXP 	whitebackground: autoDraw = True
42.0494 	EXP 	robotS: autoDraw = True
42.0494 	EXP 	node1: autoDraw = True
42.0494 	EXP 	node2: autoDraw = True
42.0494 	EXP 	node3: autoDraw = True
42.0494 	EXP 	node4: autoDraw = True
42.0494 	EXP 	node5: autoDraw = True
42.0494 	EXP 	robotF: autoDraw = True
42.0494 	EXP 	select1: autoDraw = True
42.0494 	EXP 	select2: autoDraw = True
42.0494 	EXP 	select3: autoDraw = True
42.0494 	EXP 	select4: autoDraw = True
42.0494 	EXP 	selection: autoDraw = True
42.0494 	EXP 	sel: autoDraw = True
42.2197 	DATA 	Keypress: a
42.4528 	DATA 	Keypress: a
42.7195 	DATA 	Keypress: a
42.9843 	DATA 	Keypress: a
42.9861 	EXP 	New trial (rep=0, index=3): {u'n2col': u'yellow', u'n4col': u'yellow', u'n3col': u'green', u'r4': u'd', u'n1col': u'green', u'r1': u'a', u'r2': u'b', u'rs': u'LOC16', u'r3': u'c', u're': u'LOC10', u'n5col': u'blue', u'n1': u'LOC17', u'n2': u'LOC12', u'n3': u'LOC13', u'n4': u'LOC8', u'n5': u'LOC9'}
42.9990 	EXP 	whitebackground: autoDraw = False
42.9990 	EXP 	robotS: autoDraw = False
42.9990 	EXP 	node1: autoDraw = False
42.9990 	EXP 	node2: autoDraw = False
42.9990 	EXP 	node3: autoDraw = False
42.9990 	EXP 	node4: autoDraw = False
42.9990 	EXP 	node5: autoDraw = False
42.9990 	EXP 	robotF: autoDraw = False
42.9990 	EXP 	select1: autoDraw = False
42.9990 	EXP 	select2: autoDraw = False
42.9990 	EXP 	select3: autoDraw = False
42.9990 	EXP 	select4: autoDraw = False
42.9990 	EXP 	selection: autoDraw = False
42.9990 	EXP 	sel: autoDraw = False
42.9990 	EXP 	robotS: pos = array([  20., -115.])
42.9990 	EXP 	node1: fillColor = u'green (named)'
42.9990 	EXP 	node1: pos = array([ 135., -115.])
42.9990 	EXP 	node2: fillColor = u'yellow (named)'
42.9990 	EXP 	node2: pos = array([ 135.,    0.])
42.9990 	EXP 	node3: fillColor = u'green (named)'
42.9990 	EXP 	node3: pos = array([ 250.,    0.])
42.9990 	EXP 	node4: fillColor = u'yellow (named)'
42.9990 	EXP 	node4: pos = array([ 250.,  115.])
42.9990 	EXP 	node5: fillColor = u'blue (named)'
42.9990 	EXP 	node5: pos = array([ 365.,  115.])
42.9990 	EXP 	robotF: pos = array([ 480.,  115.])
42.9990 	EXP 	whitebackground: autoDraw = True
42.9990 	EXP 	robotS: autoDraw = True
42.9990 	EXP 	node1: autoDraw = True
42.9990 	EXP 	node2: autoDraw = True
42.9990 	EXP 	node3: autoDraw = True
42.9990 	EXP 	node4: autoDraw = True
42.9990 	EXP 	node5: autoDraw = True
42.9990 	EXP 	robotF: autoDraw = True
42.9990 	EXP 	select1: autoDraw = True
42.9990 	EXP 	select2: autoDraw = True
42.9990 	EXP 	select3: autoDraw = True
42.9990 	EXP 	select4: autoDraw = True
42.9990 	EXP 	selection: autoDraw = True
42.9990 	EXP 	sel: autoDraw = True
43.2364 	DATA 	Keypress: a
43.5064 	DATA 	Keypress: a
43.8197 	DATA 	Keypress: a
44.1027 	DATA 	Keypress: a
44.1246 	EXP 	Imported designs1.xlsx as conditions, 2 conditions, 13 params
44.1253 	EXP 	Created sequence: random, trialTypes=2, nReps=5, seed=None
44.1260 	EXP 	New trial (rep=0, index=0): {u'n1col': u'green', u'n2col': u'yellow', u'n4col': u'yellow', u'rs': u'LOC16', u'n3col': u'green', u're': u'LOC10', u'corrAns': u'y', u'n5col': u'blue', u'n1': u'LOC17', u'n2': u'LOC12', u'n3': u'LOC13', u'n4': u'LOC8', u'n5': u'LOC9'}
44.1660 	EXP 	whitebackground: autoDraw = False
44.1660 	EXP 	robotS: autoDraw = False
44.1660 	EXP 	node1: autoDraw = False
44.1660 	EXP 	node2: autoDraw = False
44.1660 	EXP 	node3: autoDraw = False
44.1660 	EXP 	node4: autoDraw = False
44.1660 	EXP 	node5: autoDraw = False
44.1660 	EXP 	robotF: autoDraw = False
44.1660 	EXP 	select1: autoDraw = False
44.1660 	EXP 	select2: autoDraw = False
44.1660 	EXP 	select3: autoDraw = False
44.1660 	EXP 	select4: autoDraw = False
44.1660 	EXP 	selection: autoDraw = False
44.1660 	EXP 	sel: autoDraw = False
44.1660 	EXP 	polygon: fillColor = u'green (named)'
44.1660 	EXP 	polygon: pos = array([ 135., -115.])
44.1660 	EXP 	polygon_2: fillColor = u'yellow (named)'
44.1660 	EXP 	polygon_2: pos = array([ 135.,    0.])
44.1660 	EXP 	polygon_3: fillColor = u'green (named)'
44.1660 	EXP 	polygon_3: pos = array([ 250.,    0.])
44.1660 	EXP 	polygon_4: fillColor = u'yellow (named)'
44.1660 	EXP 	polygon_4: pos = array([ 250.,  115.])
44.1660 	EXP 	polygon_5: fillColor = u'blue (named)'
44.1660 	EXP 	polygon_5: pos = array([ 365.,  115.])
44.1660 	EXP 	choice: text = u"Press 'y' for Yes  \nPress 'n' for No"
44.1660 	EXP 	ro: color = '[ 1.  1.  1.] (rgb)'
44.1660 	EXP 	ro: pos = array([  20., -115.])
44.1660 	EXP 	rq: color = '[ 1.  1.  1.] (rgb)'
44.1660 	EXP 	rq: pos = array([ 480.,  115.])
44.1660 	EXP 	text_3: text = 'Fabulous!'
44.1660 	EXP 	Evaluation: autoDraw = True
44.1660 	EXP 	polygon: autoDraw = True
44.1660 	EXP 	polygon_2: autoDraw = True
44.1660 	EXP 	polygon_3: autoDraw = True
44.1660 	EXP 	polygon_4: autoDraw = True
44.1660 	EXP 	polygon_5: autoDraw = True
44.1660 	EXP 	choice: autoDraw = True
44.1660 	EXP 	ro: autoDraw = True
44.1660 	EXP 	rq: autoDraw = True
44.1660 	EXP 	text_3: autoDraw = True
53.5547 	DATA 	Keypress: y
53.5694 	EXP 	New trial (rep=0, index=1): {u'n1col': u'blue', u'n2col': u'yellow', u'n4col': u'yellow', u'rs': u'LOC16', u'n3col': u'red', u're': u'LOC10', u'corrAns': u'n', u'n5col': u'blue', u'n1': u'LOC17', u'n2': u'LOC12', u'n3': u'LOC13', u'n4': u'LOC8', u'n5': u'LOC9'}
53.5838 	EXP 	Evaluation: autoDraw = False
53.5838 	EXP 	polygon: autoDraw = False
53.5838 	EXP 	polygon_2: autoDraw = False
53.5838 	EXP 	polygon_3: autoDraw = False
53.5838 	EXP 	polygon_4: autoDraw = False
53.5838 	EXP 	polygon_5: autoDraw = False
53.5838 	EXP 	choice: autoDraw = False
53.5838 	EXP 	ro: autoDraw = False
53.5838 	EXP 	rq: autoDraw = False
53.5838 	EXP 	text_3: autoDraw = False
53.5838 	EXP 	polygon: fillColor = u'blue (named)'
53.5838 	EXP 	polygon: pos = array([ 135., -115.])
53.5838 	EXP 	polygon_2: fillColor = u'yellow (named)'
53.5838 	EXP 	polygon_2: pos = array([ 135.,    0.])
53.5838 	EXP 	polygon_3: fillColor = u'red (named)'
53.5838 	EXP 	polygon_3: pos = array([ 250.,    0.])
53.5838 	EXP 	polygon_4: fillColor = u'yellow (named)'
53.5838 	EXP 	polygon_4: pos = array([ 250.,  115.])
53.5838 	EXP 	polygon_5: fillColor = u'blue (named)'
53.5838 	EXP 	polygon_5: pos = array([ 365.,  115.])
53.5838 	EXP 	choice: text = u"Press 'y' for Yes  \nPress 'n' for No"
53.5838 	EXP 	ro: color = '[ 1.  1.  1.] (rgb)'
53.5838 	EXP 	ro: pos = array([  20., -115.])
53.5838 	EXP 	rq: color = '[ 1.  1.  1.] (rgb)'
53.5838 	EXP 	rq: pos = array([ 480.,  115.])
53.5838 	EXP 	text_3: text = 'Fabulous!'
53.5838 	EXP 	Evaluation: autoDraw = True
53.5838 	EXP 	polygon: autoDraw = True
53.5838 	EXP 	polygon_2: autoDraw = True
53.5838 	EXP 	polygon_3: autoDraw = True
53.5838 	EXP 	polygon_4: autoDraw = True
53.5838 	EXP 	polygon_5: autoDraw = True
53.5838 	EXP 	choice: autoDraw = True
53.5838 	EXP 	ro: autoDraw = True
53.5838 	EXP 	rq: autoDraw = True
53.5838 	EXP 	text_3: autoDraw = True
55.5706 	DATA 	Keypress: y
55.5726 	EXP 	New trial (rep=1, index=0): {u'n1col': u'blue', u'n2col': u'yellow', u'n4col': u'yellow', u'rs': u'LOC16', u'n3col': u'red', u're': u'LOC10', u'corrAns': u'n', u'n5col': u'blue', u'n1': u'LOC17', u'n2': u'LOC12', u'n3': u'LOC13', u'n4': u'LOC8', u'n5': u'LOC9'}
55.6006 	EXP 	Evaluation: autoDraw = False
55.6006 	EXP 	polygon: autoDraw = False
55.6006 	EXP 	polygon_2: autoDraw = False
55.6006 	EXP 	polygon_3: autoDraw = False
55.6006 	EXP 	polygon_4: autoDraw = False
55.6006 	EXP 	polygon_5: autoDraw = False
55.6006 	EXP 	choice: autoDraw = False
55.6006 	EXP 	ro: autoDraw = False
55.6006 	EXP 	rq: autoDraw = False
55.6006 	EXP 	text_3: autoDraw = False
55.6006 	EXP 	polygon: fillColor = u'blue (named)'
55.6006 	EXP 	polygon: pos = array([ 135., -115.])
55.6006 	EXP 	polygon_2: fillColor = u'yellow (named)'
55.6006 	EXP 	polygon_2: pos = array([ 135.,    0.])
55.6006 	EXP 	polygon_3: fillColor = u'red (named)'
55.6006 	EXP 	polygon_3: pos = array([ 250.,    0.])
55.6006 	EXP 	polygon_4: fillColor = u'yellow (named)'
55.6006 	EXP 	polygon_4: pos = array([ 250.,  115.])
55.6006 	EXP 	polygon_5: fillColor = u'blue (named)'
55.6006 	EXP 	polygon_5: pos = array([ 365.,  115.])
55.6006 	EXP 	choice: text = u"Press 'y' for Yes  \nPress 'n' for No"
55.6006 	EXP 	ro: color = '[ 1.  1.  1.] (rgb)'
55.6006 	EXP 	ro: pos = array([  20., -115.])
55.6006 	EXP 	rq: color = '[ 1.  1.  1.] (rgb)'
55.6006 	EXP 	rq: pos = array([ 480.,  115.])
55.6006 	EXP 	text_3: text = 'Fabulous!'
55.6006 	EXP 	Evaluation: autoDraw = True
55.6006 	EXP 	polygon: autoDraw = True
55.6006 	EXP 	polygon_2: autoDraw = True
55.6006 	EXP 	polygon_3: autoDraw = True
55.6006 	EXP 	polygon_4: autoDraw = True
55.6006 	EXP 	polygon_5: autoDraw = True
55.6006 	EXP 	choice: autoDraw = True
55.6006 	EXP 	ro: autoDraw = True
55.6006 	EXP 	rq: autoDraw = True
55.6006 	EXP 	text_3: autoDraw = True
56.5578 	DATA 	Keypress: n
56.5693 	EXP 	New trial (rep=1, index=1): {u'n1col': u'green', u'n2col': u'yellow', u'n4col': u'yellow', u'rs': u'LOC16', u'n3col': u'green', u're': u'LOC10', u'corrAns': u'y', u'n5col': u'blue', u'n1': u'LOC17', u'n2': u'LOC12', u'n3': u'LOC13', u'n4': u'LOC8', u'n5': u'LOC9'}
56.5843 	EXP 	Evaluation: autoDraw = False
56.5843 	EXP 	polygon: autoDraw = False
56.5843 	EXP 	polygon_2: autoDraw = False
56.5843 	EXP 	polygon_3: autoDraw = False
56.5843 	EXP 	polygon_4: autoDraw = False
56.5843 	EXP 	polygon_5: autoDraw = False
56.5843 	EXP 	choice: autoDraw = False
56.5843 	EXP 	ro: autoDraw = False
56.5843 	EXP 	rq: autoDraw = False
56.5843 	EXP 	text_3: autoDraw = False
56.5843 	EXP 	polygon: fillColor = u'green (named)'
56.5843 	EXP 	polygon: pos = array([ 135., -115.])
56.5843 	EXP 	polygon_2: fillColor = u'yellow (named)'
56.5843 	EXP 	polygon_2: pos = array([ 135.,    0.])
56.5843 	EXP 	polygon_3: fillColor = u'green (named)'
56.5843 	EXP 	polygon_3: pos = array([ 250.,    0.])
56.5843 	EXP 	polygon_4: fillColor = u'yellow (named)'
56.5843 	EXP 	polygon_4: pos = array([ 250.,  115.])
56.5843 	EXP 	polygon_5: fillColor = u'blue (named)'
56.5843 	EXP 	polygon_5: pos = array([ 365.,  115.])
56.5843 	EXP 	choice: text = u"Press 'y' for Yes  \nPress 'n' for No"
56.5843 	EXP 	ro: color = '[ 1.  1.  1.] (rgb)'
56.5843 	EXP 	ro: pos = array([  20., -115.])
56.5843 	EXP 	rq: color = '[ 1.  1.  1.] (rgb)'
56.5843 	EXP 	rq: pos = array([ 480.,  115.])
56.5843 	EXP 	text_3: text = 'Fabulous!'
56.5843 	EXP 	Evaluation: autoDraw = True
56.5843 	EXP 	polygon: autoDraw = True
56.5843 	EXP 	polygon_2: autoDraw = True
56.5843 	EXP 	polygon_3: autoDraw = True
56.5843 	EXP 	polygon_4: autoDraw = True
56.5843 	EXP 	polygon_5: autoDraw = True
56.5843 	EXP 	choice: autoDraw = True
56.5843 	EXP 	ro: autoDraw = True
56.5843 	EXP 	rq: autoDraw = True
56.5843 	EXP 	text_3: autoDraw = True
74.0394 	DATA 	Keypress: n
74.0416 	EXP 	New trial (rep=2, index=0): {u'n1col': u'blue', u'n2col': u'yellow', u'n4col': u'yellow', u'rs': u'LOC16', u'n3col': u'red', u're': u'LOC10', u'corrAns': u'n', u'n5col': u'blue', u'n1': u'LOC17', u'n2': u'LOC12', u'n3': u'LOC13', u'n4': u'LOC8', u'n5': u'LOC9'}
74.0693 	EXP 	Evaluation: autoDraw = False
74.0693 	EXP 	polygon: autoDraw = False
74.0693 	EXP 	polygon_2: autoDraw = False
74.0693 	EXP 	polygon_3: autoDraw = False
74.0693 	EXP 	polygon_4: autoDraw = False
74.0693 	EXP 	polygon_5: autoDraw = False
74.0693 	EXP 	choice: autoDraw = False
74.0693 	EXP 	ro: autoDraw = False
74.0693 	EXP 	rq: autoDraw = False
74.0693 	EXP 	text_3: autoDraw = False
74.0693 	EXP 	polygon: fillColor = u'blue (named)'
74.0693 	EXP 	polygon: pos = array([ 135., -115.])
74.0693 	EXP 	polygon_2: fillColor = u'yellow (named)'
74.0693 	EXP 	polygon_2: pos = array([ 135.,    0.])
74.0693 	EXP 	polygon_3: fillColor = u'red (named)'
74.0693 	EXP 	polygon_3: pos = array([ 250.,    0.])
74.0693 	EXP 	polygon_4: fillColor = u'yellow (named)'
74.0693 	EXP 	polygon_4: pos = array([ 250.,  115.])
74.0693 	EXP 	polygon_5: fillColor = u'blue (named)'
74.0693 	EXP 	polygon_5: pos = array([ 365.,  115.])
74.0693 	EXP 	choice: text = u"Press 'y' for Yes  \nPress 'n' for No"
74.0693 	EXP 	ro: color = '[ 1.  1.  1.] (rgb)'
74.0693 	EXP 	ro: pos = array([  20., -115.])
74.0693 	EXP 	rq: color = '[ 1.  1.  1.] (rgb)'
74.0693 	EXP 	rq: pos = array([ 480.,  115.])
74.0693 	EXP 	text_3: text = 'Fabulous!'
74.0693 	EXP 	Evaluation: autoDraw = True
74.0693 	EXP 	polygon: autoDraw = True
74.0693 	EXP 	polygon_2: autoDraw = True
74.0693 	EXP 	polygon_3: autoDraw = True
74.0693 	EXP 	polygon_4: autoDraw = True
74.0693 	EXP 	polygon_5: autoDraw = True
74.0693 	EXP 	choice: autoDraw = True
74.0693 	EXP 	ro: autoDraw = True
74.0693 	EXP 	rq: autoDraw = True
74.0693 	EXP 	text_3: autoDraw = True
74.9240 	DATA 	Keypress: n
74.9270 	EXP 	New trial (rep=2, index=1): {u'n1col': u'green', u'n2col': u'yellow', u'n4col': u'yellow', u'rs': u'LOC16', u'n3col': u'green', u're': u'LOC10', u'corrAns': u'y', u'n5col': u'blue', u'n1': u'LOC17', u'n2': u'LOC12', u'n3': u'LOC13', u'n4': u'LOC8', u'n5': u'LOC9'}
74.9529 	EXP 	Evaluation: autoDraw = False
74.9529 	EXP 	polygon: autoDraw = False
74.9529 	EXP 	polygon_2: autoDraw = False
74.9529 	EXP 	polygon_3: autoDraw = False
74.9529 	EXP 	polygon_4: autoDraw = False
74.9529 	EXP 	polygon_5: autoDraw = False
74.9529 	EXP 	choice: autoDraw = False
74.9529 	EXP 	ro: autoDraw = False
74.9529 	EXP 	rq: autoDraw = False
74.9529 	EXP 	text_3: autoDraw = False
74.9529 	EXP 	polygon: fillColor = u'green (named)'
74.9529 	EXP 	polygon: pos = array([ 135., -115.])
74.9529 	EXP 	polygon_2: fillColor = u'yellow (named)'
74.9529 	EXP 	polygon_2: pos = array([ 135.,    0.])
74.9529 	EXP 	polygon_3: fillColor = u'green (named)'
74.9529 	EXP 	polygon_3: pos = array([ 250.,    0.])
74.9529 	EXP 	polygon_4: fillColor = u'yellow (named)'
74.9529 	EXP 	polygon_4: pos = array([ 250.,  115.])
74.9529 	EXP 	polygon_5: fillColor = u'blue (named)'
74.9529 	EXP 	polygon_5: pos = array([ 365.,  115.])
74.9529 	EXP 	choice: text = u"Press 'y' for Yes  \nPress 'n' for No"
74.9529 	EXP 	ro: color = '[ 1.  1.  1.] (rgb)'
74.9529 	EXP 	ro: pos = array([  20., -115.])
74.9529 	EXP 	rq: color = '[ 1.  1.  1.] (rgb)'
74.9529 	EXP 	rq: pos = array([ 480.,  115.])
74.9529 	EXP 	text_3: text = 'Fabulous!'
74.9529 	EXP 	Evaluation: autoDraw = True
74.9529 	EXP 	polygon: autoDraw = True
74.9529 	EXP 	polygon_2: autoDraw = True
74.9529 	EXP 	polygon_3: autoDraw = True
74.9529 	EXP 	polygon_4: autoDraw = True
74.9529 	EXP 	polygon_5: autoDraw = True
74.9529 	EXP 	choice: autoDraw = True
74.9529 	EXP 	ro: autoDraw = True
74.9529 	EXP 	rq: autoDraw = True
74.9529 	EXP 	text_3: autoDraw = True
75.9233 	DATA 	Keypress: n
75.9262 	EXP 	New trial (rep=3, index=0): {u'n1col': u'blue', u'n2col': u'yellow', u'n4col': u'yellow', u'rs': u'LOC16', u'n3col': u'red', u're': u'LOC10', u'corrAns': u'n', u'n5col': u'blue', u'n1': u'LOC17', u'n2': u'LOC12', u'n3': u'LOC13', u'n4': u'LOC8', u'n5': u'LOC9'}
75.9521 	EXP 	Evaluation: autoDraw = False
75.9521 	EXP 	polygon: autoDraw = False
75.9521 	EXP 	polygon_2: autoDraw = False
75.9521 	EXP 	polygon_3: autoDraw = False
75.9521 	EXP 	polygon_4: autoDraw = False
75.9521 	EXP 	polygon_5: autoDraw = False
75.9521 	EXP 	choice: autoDraw = False
75.9521 	EXP 	ro: autoDraw = False
75.9521 	EXP 	rq: autoDraw = False
75.9521 	EXP 	text_3: autoDraw = False
75.9521 	EXP 	polygon: fillColor = u'blue (named)'
75.9521 	EXP 	polygon: pos = array([ 135., -115.])
75.9521 	EXP 	polygon_2: fillColor = u'yellow (named)'
75.9521 	EXP 	polygon_2: pos = array([ 135.,    0.])
75.9521 	EXP 	polygon_3: fillColor = u'red (named)'
75.9521 	EXP 	polygon_3: pos = array([ 250.,    0.])
75.9521 	EXP 	polygon_4: fillColor = u'yellow (named)'
75.9521 	EXP 	polygon_4: pos = array([ 250.,  115.])
75.9521 	EXP 	polygon_5: fillColor = u'blue (named)'
75.9521 	EXP 	polygon_5: pos = array([ 365.,  115.])
75.9521 	EXP 	choice: text = u"Press 'y' for Yes  \nPress 'n' for No"
75.9521 	EXP 	ro: color = '[ 1.  1.  1.] (rgb)'
75.9521 	EXP 	ro: pos = array([  20., -115.])
75.9521 	EXP 	rq: color = '[ 1.  1.  1.] (rgb)'
75.9521 	EXP 	rq: pos = array([ 480.,  115.])
75.9521 	EXP 	text_3: text = 'Fabulous!'
75.9521 	EXP 	Evaluation: autoDraw = True
75.9521 	EXP 	polygon: autoDraw = True
75.9521 	EXP 	polygon_2: autoDraw = True
75.9521 	EXP 	polygon_3: autoDraw = True
75.9521 	EXP 	polygon_4: autoDraw = True
75.9521 	EXP 	polygon_5: autoDraw = True
75.9521 	EXP 	choice: autoDraw = True
75.9521 	EXP 	ro: autoDraw = True
75.9521 	EXP 	rq: autoDraw = True
75.9521 	EXP 	text_3: autoDraw = True
80.4236 	DATA 	Keypress: escape
