6.2927 	EXP 	Created window1 = Window(allowGUI=False, allowStencil=False, autoLog=True, bitsMode=UNKNOWN, blendMode='avg', color='black', colorSpace='named', fullscr=UNKNOWN, gamma=None, lms=UNKNOWN, monitor=<psychopy.monitors.calibTools.Monitor object at 0x112c1ab50>, name='window1', pos=[0, 0], screen=0, size=array([1440,  900]), stereo=False, units='pix', useFBO=True, useRetina=False, viewOri=0.0, viewPos=None, viewScale=None, waitBlanking=True, winType='pyglet')
6.2928 	EXP 	window1: recordFrameIntervals = False
6.4582 	EXP 	window1: recordFrameIntervals = True
6.6423 	EXP 	window1: recordFrameIntervals = False
6.7783 	EXP 	Created welcome = TextStim(alignHoriz='center', alignVert='center', antialias=True, autoLog=True, bold=False, color='white', colorSpace='named', contrast=1.0, depth=-1.0, flipHoriz=False, flipVert=False, font='Arial', fontFiles=[], height=100, italic=False, name='welcome', opacity=1.0, ori=0, pos=array([ 0.,  0.]), rgb=array([ 255.,  255.,  255.]), text=u'Welcome!', units='pix', win=Window(...), wrapWidth=500)
6.8153 	EXP 	Created instruct = TextStim(alignHoriz='center', alignVert='center', antialias=True, autoLog=True, bold=False, color='white', colorSpace='named', contrast=1.0, depth=-2.0, flipHoriz=False, flipVert=False, font='Arial', fontFiles=[], height=50, italic=False, name='instruct', opacity=1.0, ori=0, pos=array([ 0.,  0.]), rgb=array([ 255.,  255.,  255.]), text=unicode(...), units='pix', win=Window(...), wrapWidth=500)
6.8856 	EXP 	Created rob0 = ImageStim(autoLog=True, color=array([ 1.,  1.,  1.]), colorSpace='rgb', contrast=1.0, depth=-3.0, flipHoriz=False, flipVert=False, image='robot1.png', interpolate=True, mask=None, maskParams=None, name='rob0', opacity=1.0, ori=0.0, pos=array([-250., -100.]), size=array([ 200.,  200.]), texRes=128, units='pix', win=Window(...))
6.8999 	EXP 	Created robb = ImageStim(autoLog=True, color=array([ 1.,  1.,  1.]), colorSpace='rgb', contrast=1.0, depth=-4.0, flipHoriz=False, flipVert=False, image='robot1.png', interpolate=True, mask=None, maskParams=None, name='robb', opacity=1.0, ori=0.0, pos=array([ 250., -100.]), size=array([ 200.,  200.]), texRes=128, units='pix', win=Window(...))
6.9130 	EXP 	Created na = Polygon(autoDraw=False, autoLog=True, closeShape=True, contrast=1.0, depth=-5.0, fillColor='blue', fillColorSpace='named', fillRGB=array([   0.,    0.,  255.]), interpolate=True, lineColor='blue', lineColorSpace='named', lineRGB=array([   0.,    0.,  255.]), lineWidth=1, name='na', opacity=1.0, ori=array(0.0), pos=array([ 0.,  0.]), size=array([ 1.,  1.]), units='pix', vertices=ndarray(...), win=Window(...))
6.9205 	EXP 	Created nb = Polygon(autoDraw=False, autoLog=True, closeShape=True, contrast=1.0, depth=-6.0, fillColor='blue', fillColorSpace='named', fillRGB=array([   0.,    0.,  255.]), interpolate=True, lineColor='blue', lineColorSpace='named', lineRGB=array([   0.,    0.,  255.]), lineWidth=1, name='nb', opacity=1.0, ori=array(0.0), pos=array([ 0.,  0.]), size=array([ 1.,  1.]), units='pix', vertices=ndarray(...), win=Window(...))
6.9261 	EXP 	Created nc = Polygon(autoDraw=False, autoLog=True, closeShape=True, contrast=1.0, depth=-7.0, fillColor='blue', fillColorSpace='named', fillRGB=array([   0.,    0.,  255.]), interpolate=True, lineColor='blue', lineColorSpace='named', lineRGB=array([   0.,    0.,  255.]), lineWidth=1, name='nc', opacity=1.0, ori=array(0.0), pos=array([ 0.,  0.]), size=array([ 1.,  1.]), units='pix', vertices=ndarray(...), win=Window(...))
6.9274 	EXP 	<method-wrapper '__getattribute__' of attributeSetter object at 0x11084a150>: vertices = array([[-55.,  20.],
       [ 55.,  20.],
       [ 55., -20.],
       [-55., -20.]])
6.9290 	EXP 	Created s1 = Rect(autoDraw=False, autoLog=True, closeShape=True, contrast=1.0, depth=-8.0, fillColor='black', fillColorSpace='named', fillRGB=array([ 0.,  0.,  0.]), interpolate=True, lineColor='black', lineColorSpace='named', lineRGB=array([ 0.,  0.,  0.]), lineWidth=1, name='s1', opacity=1.0, ori=array(0.0), pos=array([-110., -100.]), size=array([ 1.,  1.]), units='pix', vertices=ndarray(...), win=Window(...))
6.9294 	EXP 	<method-wrapper '__getattribute__' of attributeSetter object at 0x11084a150>: vertices = array([[-55.,  20.],
       [ 55.,  20.],
       [ 55., -20.],
       [-55., -20.]])
6.9308 	EXP 	Created s2 = Rect(autoDraw=False, autoLog=True, closeShape=True, contrast=1.0, depth=-9.0, fillColor='black', fillColorSpace='named', fillRGB=array([ 0.,  0.,  0.]), interpolate=True, lineColor='black', lineColorSpace='named', lineRGB=array([ 0.,  0.,  0.]), lineWidth=1, name='s2', opacity=1.0, ori=array(0.0), pos=array([   0., -100.]), size=array([ 1.,  1.]), units='pix', vertices=ndarray(...), win=Window(...))
6.9312 	EXP 	<method-wrapper '__getattribute__' of attributeSetter object at 0x11084a150>: vertices = array([[-55.,  20.],
       [ 55.,  20.],
       [ 55., -20.],
       [-55., -20.]])
6.9327 	EXP 	Created s3 = Rect(autoDraw=False, autoLog=True, closeShape=True, contrast=1.0, depth=-10.0, fillColor='black', fillColorSpace='named', fillRGB=array([ 0.,  0.,  0.]), interpolate=True, lineColor='black', lineColorSpace='named', lineRGB=array([ 0.,  0.,  0.]), lineWidth=1, name='s3', opacity=1.0, ori=array(0.0), pos=array([ 110., -100.]), size=array([ 1.,  1.]), units='pix', vertices=ndarray(...), win=Window(...))
7.3355 	EXP 	Created heart = ImageStim(autoLog=True, color=array([ 1.,  1.,  1.]), colorSpace='rgb', contrast=1.0, depth=-11.0, flipHoriz=False, flipVert=False, image='heart.png', interpolate=True, mask=None, maskParams=None, name='heart', opacity=1.0, ori=0.0, pos=array([   0., -100.]), size=array([ 1.,  1.]), texRes=128, units='pix', win=Window(...))
7.3966 	EXP 	Created text_2 = TextStim(alignHoriz='center', alignVert='center', antialias=True, autoLog=True, bold=False, color='white', colorSpace='named', contrast=1.0, depth=-1.0, flipHoriz=False, flipVert=False, font='Arial', fontFiles=[], height=40, italic=False, name='text_2', opacity=1.0, ori=0, pos=array([ 0.,  0.]), rgb=array([ 255.,  255.,  255.]), text=u"Let's take an example", units='pix', win=Window(...), wrapWidth=500)
7.4033 	EXP 	Created nod1 = Polygon(autoDraw=False, autoLog=True, closeShape=True, contrast=1.0, depth=-2.0, fillColor=array([ 1.,  1.,  1.]), fillColorSpace='rgb', fillRGB=array([ 1.,  1.,  1.]), interpolate=True, lineColor='red', lineColorSpace='named', lineRGB=array([ 255.,    0.,    0.]), lineWidth=1, name='nod1', opacity=1.0, ori=array(0.0), pos=array([ 0.,  0.]), size=array([ 100.,  100.]), units='pix', vertices=ndarray(...), win=Window(...))
7.4096 	EXP 	Created nod2 = Polygon(autoDraw=False, autoLog=True, closeShape=True, contrast=1.0, depth=-3.0, fillColor=array([ 1.,  1.,  1.]), fillColorSpace='rgb', fillRGB=array([ 1.,  1.,  1.]), interpolate=True, lineColor=array([ 1.,  1.,  1.]), lineColorSpace='rgb', lineRGB=array([ 1.,  1.,  1.]), lineWidth=1, name='nod2', opacity=1.0, ori=array(0.0), pos=array([ 0.,  0.]), size=array([ 100.,  100.]), units='pix', vertices=ndarray(...), win=Window(...))
7.4181 	EXP 	Created nod3 = Polygon(autoDraw=False, autoLog=True, closeShape=True, contrast=1.0, depth=-4.0, fillColor=array([ 1.,  1.,  1.]), fillColorSpace='rgb', fillRGB=array([ 1.,  1.,  1.]), interpolate=True, lineColor=array([ 1.,  1.,  1.]), lineColorSpace='rgb', lineRGB=array([ 1.,  1.,  1.]), lineWidth=1, name='nod3', opacity=1.0, ori=array(0.0), pos=array([ 135.,  115.]), size=array([ 100.,  100.]), units='pix', vertices=ndarray(...), win=Window(...))
7.4248 	EXP 	Created nod4 = Polygon(autoDraw=False, autoLog=True, closeShape=True, contrast=1.0, depth=-5.0, fillColor=array([ 1.,  1.,  1.]), fillColorSpace='rgb', fillRGB=array([ 1.,  1.,  1.]), interpolate=True, lineColor=array([ 1.,  1.,  1.]), lineColorSpace='rgb', lineRGB=array([ 1.,  1.,  1.]), lineWidth=1, name='nod4', opacity=1.0, ori=array(0.0), pos=array([ 250.,  115.]), size=array([ 100.,  100.]), units='pix', vertices=ndarray(...), win=Window(...))
7.4379 	EXP 	Created rob1 = ImageStim(autoLog=True, color=array([ 1.,  1.,  1.]), colorSpace='rgb', contrast=1.0, depth=-6.0, flipHoriz=False, flipVert=False, image='robot1.png', interpolate=True, mask=None, maskParams=None, name='rob1', opacity=1.0, ori=1.0, pos=array([  20., -115.]), size=array([ 100.,  100.]), texRes=128, units='pix', win=Window(...))
7.4406 	EXP 	Created rob2 = ImageStim(autoLog=True, color=array([ 1.,  1.,  1.]), colorSpace='rgb', contrast=1.0, depth=-7.0, flipHoriz=False, flipVert=False, image='sin', interpolate=True, mask=None, maskParams=None, name='rob2', opacity=1.0, ori=0.0, pos=array([ 365.,  115.]), size=array([ 100.,  100.]), texRes=128, units='pix', win=Window(...))
7.4411 	EXP 	<method-wrapper '__getattribute__' of attributeSetter object at 0x11084a150>: vertices = array([[-0.5,  0.5],
       [ 0.5,  0.5],
       [ 0.5, -0.5],
       [-0.5, -0.5]])
7.4425 	EXP 	Created sh1 = Rect(autoDraw=False, autoLog=True, closeShape=True, contrast=1.0, depth=-9.0, fillColor='black', fillColorSpace='named', fillRGB=array([ 0.,  0.,  0.]), interpolate=True, lineColor='black', lineColorSpace='named', lineRGB=array([ 0.,  0.,  0.]), lineWidth=1, name='sh1', opacity=1.0, ori=array(0.0), pos=array([ 20.,   0.]), size=array([ 1.,  1.]), units='pix', vertices=ndarray(...), win=Window(...))
7.4429 	EXP 	<method-wrapper '__getattribute__' of attributeSetter object at 0x11084a150>: vertices = array([[-30.,  20.],
       [ 30.,  20.],
       [ 30., -20.],
       [-30., -20.]])
7.4443 	EXP 	Created sh2a = Rect(autoDraw=False, autoLog=True, closeShape=True, contrast=1.0, depth=-10.0, fillColor='black', fillColorSpace='named', fillRGB=array([ 0.,  0.,  0.]), interpolate=True, lineColor='black', lineColorSpace='named', lineRGB=array([ 0.,  0.,  0.]), lineWidth=1, name='sh2a', opacity=1.0, ori=array(0.0), pos=array([  50.,  113.]), size=array([ 1.,  1.]), units='pix', vertices=ndarray(...), win=Window(...))
7.4449 	EXP 	<method-wrapper '__getattribute__' of attributeSetter object at 0x11084a150>: vertices = array([[-20.,  40.],
       [ 20.,  40.],
       [ 20., -40.],
       [-20., -40.]])
7.4486 	EXP 	Created sh2b = Rect(autoDraw=False, autoLog=True, closeShape=True, contrast=1.0, depth=-11.0, fillColor='black', fillColorSpace='named', fillRGB=array([ 0.,  0.,  0.]), interpolate=True, lineColor='black', lineColorSpace='named', lineRGB=array([ 0.,  0.,  0.]), lineWidth=1, name='sh2b', opacity=1.0, ori=array(0.0), pos=array([ 22.,  93.]), size=array([ 1.,  1.]), units='pix', vertices=ndarray(...), win=Window(...))
7.4494 	EXP 	<method-wrapper '__getattribute__' of attributeSetter object at 0x11084a150>: vertices = array([[-55.,  20.],
       [ 55.,  20.],
       [ 55., -20.],
       [-55., -20.]])
7.4512 	EXP 	Created sh3 = Rect(autoDraw=False, autoLog=True, closeShape=True, contrast=1.0, depth=-12.0, fillColor='black', fillColorSpace='named', fillRGB=array([ 0.,  0.,  0.]), interpolate=True, lineColor='black', lineColorSpace='named', lineRGB=array([ 0.,  0.,  0.]), lineWidth=1, name='sh3', opacity=1.0, ori=array(0.0), pos=array([ 135.,  115.]), size=array([ 1.,  1.]), units='pix', vertices=ndarray(...), win=Window(...))
7.4518 	EXP 	<method-wrapper '__getattribute__' of attributeSetter object at 0x11084a150>: vertices = array([[-55.,  20.],
       [ 55.,  20.],
       [ 55., -20.],
       [-55., -20.]])
7.4537 	EXP 	Created sh4 = Rect(autoDraw=False, autoLog=True, closeShape=True, contrast=1.0, depth=-13.0, fillColor='black', fillColorSpace='named', fillRGB=array([ 0.,  0.,  0.]), interpolate=True, lineColor='black', lineColorSpace='named', lineRGB=array([ 0.,  0.,  0.]), lineWidth=1, name='sh4', opacity=1.0, ori=array(0.0), pos=array([ 250.,  115.]), size=array([ 1.,  1.]), units='pix', vertices=ndarray(...), win=Window(...))
7.4732 	EXP 	Created star = TextStim(alignHoriz='center', alignVert='center', antialias=True, autoLog=True, bold=False, color='white', colorSpace='named', contrast=1.0, depth=0.0, flipHoriz=False, flipVert=False, font='Arial', fontFiles=[], height=50, italic=False, name='star', opacity=1.0, ori=0, pos=array([ 0.,  0.]), rgb=array([ 255.,  255.,  255.]), text=unicode(...), units='pix', win=Window(...), wrapWidth=500)
7.4737 	EXP 	<method-wrapper '__getattribute__' of attributeSetter object at 0x11084a150>: vertices = array([[-400.,  450.],
       [ 400.,  450.],
       [ 400., -450.],
       [-400., -450.]])
7.4761 	EXP 	Created whitebackground = Rect(autoDraw=False, autoLog=True, closeShape=True, contrast=1.0, depth=-2.0, fillColor=array([ 1.,  1.,  1.]), fillColorSpace='rgb', fillRGB=array([ 1.,  1.,  1.]), interpolate=True, lineColor=array([ 1.,  1.,  1.]), lineColorSpace='rgb', lineRGB=array([ 1.,  1.,  1.]), lineWidth=0, name='whitebackground', opacity=1.0, ori=array(0.0), pos=array([-560.,    0.]), size=array([ 1.,  1.]), units='pix', vertices=ndarray(...), win=Window(...))
7.4920 	EXP 	Created robotS = ImageStim(autoLog=True, color=array([ 1.,  1.,  1.]), colorSpace='rgb', contrast=1.0, depth=-3.0, flipHoriz=False, flipVert=False, image='robot1.png', interpolate=True, mask=None, maskParams=None, name='robotS', opacity=1.0, ori=0.0, pos=array([ 0.,  0.]), size=array([ 100.,  100.]), texRes=128, units='pix', win=Window(...))
7.5015 	EXP 	Created node1 = Polygon(autoDraw=False, autoLog=True, closeShape=True, contrast=1.0, depth=-4.0, fillColor=array([ 1.,  1.,  1.]), fillColorSpace='rgb', fillRGB=array([ 1.,  1.,  1.]), interpolate=True, lineColor=array([ 1.,  1.,  1.]), lineColorSpace='rgb', lineRGB=array([ 1.,  1.,  1.]), lineWidth=0, name='node1', opacity=1.0, ori=array(0.0), pos=array([ 0.,  0.]), size=array([ 100.,  100.]), units='pix', vertices=ndarray(...), win=Window(...))
7.5083 	EXP 	Created node2 = Polygon(autoDraw=False, autoLog=True, closeShape=True, contrast=1.0, depth=-5.0, fillColor=array([ 1.,  1.,  1.]), fillColorSpace='rgb', fillRGB=array([ 1.,  1.,  1.]), interpolate=True, lineColor=array([ 1.,  1.,  1.]), lineColorSpace='rgb', lineRGB=array([ 1.,  1.,  1.]), lineWidth=0, name='node2', opacity=1.0, ori=array(0.0), pos=array([ 0.,  0.]), size=array([ 100.,  100.]), units='pix', vertices=ndarray(...), win=Window(...))
7.5160 	EXP 	Created node3 = Polygon(autoDraw=False, autoLog=True, closeShape=True, contrast=1.0, depth=-6.0, fillColor=array([ 1.,  1.,  1.]), fillColorSpace='rgb', fillRGB=array([ 1.,  1.,  1.]), interpolate=True, lineColor=array([ 1.,  1.,  1.]), lineColorSpace='rgb', lineRGB=array([ 1.,  1.,  1.]), lineWidth=0, name='node3', opacity=1.0, ori=array(0.0), pos=array([ 0.,  0.]), size=array([ 100.,  100.]), units='pix', vertices=ndarray(...), win=Window(...))
7.5229 	EXP 	Created node4 = Polygon(autoDraw=False, autoLog=True, closeShape=True, contrast=1.0, depth=-7.0, fillColor=array([ 1.,  1.,  1.]), fillColorSpace='rgb', fillRGB=array([ 1.,  1.,  1.]), interpolate=True, lineColor=array([ 1.,  1.,  1.]), lineColorSpace='rgb', lineRGB=array([ 1.,  1.,  1.]), lineWidth=0, name='node4', opacity=1.0, ori=array(0.0), pos=array([ 0.,  0.]), size=array([ 100.,  100.]), units='pix', vertices=ndarray(...), win=Window(...))
7.5292 	EXP 	Created node5 = Polygon(autoDraw=False, autoLog=True, closeShape=True, contrast=1.0, depth=-8.0, fillColor=array([ 1.,  1.,  1.]), fillColorSpace='rgb', fillRGB=array([ 1.,  1.,  1.]), interpolate=True, lineColor=array([ 1.,  1.,  1.]), lineColorSpace='rgb', lineRGB=array([ 1.,  1.,  1.]), lineWidth=0, name='node5', opacity=1.0, ori=array(0.0), pos=array([ 0.,  0.]), size=array([ 100.,  100.]), units='pix', vertices=ndarray(...), win=Window(...))
7.5423 	EXP 	Created robotF = ImageStim(autoLog=True, color=array([ 1.,  1.,  1.]), colorSpace='rgb', contrast=1.0, depth=-9.0, flipHoriz=False, flipVert=False, image='robot1.png', interpolate=True, mask=None, maskParams=None, name='robotF', opacity=1.0, ori=0.0, pos=array([ 0.,  0.]), size=array([ 100.,  100.]), texRes=128, units='pix', win=Window(...))
7.5495 	EXP 	Created select1 = Polygon(autoDraw=False, autoLog=True, closeShape=True, contrast=1.0, depth=-10.0, fillColor='red', fillColorSpace='named', fillRGB=array([ 255.,    0.,    0.]), interpolate=True, lineColor=array([ 1.,  1.,  1.]), lineColorSpace='rgb', lineRGB=array([ 1.,  1.,  1.]), lineWidth=0, name='select1', opacity=1.0, ori=array(0.0), pos=array([-630.,    0.]), size=array([ 100.,  100.]), units='pix', vertices=ndarray(...), win=Window(...))
7.5555 	EXP 	Created select2 = Polygon(autoDraw=False, autoLog=True, closeShape=True, contrast=1.0, depth=-11.0, fillColor='blue', fillColorSpace='named', fillRGB=array([   0.,    0.,  255.]), interpolate=True, lineColor=array([ 1.,  1.,  1.]), lineColorSpace='rgb', lineRGB=array([ 1.,  1.,  1.]), lineWidth=0, name='select2', opacity=1.0, ori=array(0.0), pos=array([-630., -120.]), size=array([ 100.,  100.]), units='pix', vertices=ndarray(...), win=Window(...))
7.5615 	EXP 	Created select3 = Polygon(autoDraw=False, autoLog=True, closeShape=True, contrast=1.0, depth=-12.0, fillColor='yellow', fillColorSpace='named', fillRGB=array([ 255.,  255.,    0.]), interpolate=True, lineColor=array([ 1.,  1.,  1.]), lineColorSpace='rgb', lineRGB=array([ 1.,  1.,  1.]), lineWidth=0, name='select3', opacity=1.0, ori=array(0.0), pos=array([-630., -240.]), size=array([ 100.,  100.]), units='pix', vertices=ndarray(...), win=Window(...))
7.5674 	EXP 	Created select4 = Polygon(autoDraw=False, autoLog=True, closeShape=True, contrast=1.0, depth=-13.0, fillColor='green', fillColorSpace='named', fillRGB=array([   0.,  128.,    0.]), interpolate=True, lineColor=array([ 1.,  1.,  1.]), lineColorSpace='rgb', lineRGB=array([ 1.,  1.,  1.]), lineWidth=0, name='select4', opacity=1.0, ori=array(0.0), pos=array([-630., -360.]), size=array([ 100.,  100.]), units='pix', vertices=ndarray(...), win=Window(...))
7.6093 	EXP 	Created selection = ImageStim(autoLog=True, color=array([ 1.,  1.,  1.]), colorSpace='rgb', contrast=1.0, depth=-14.0, flipHoriz=False, flipVert=False, image='mastershapes.png', interpolate=True, mask=None, maskParams=None, name='selection', opacity=1.0, ori=0.0, pos=array([ 0.,  0.]), size=array([ 500.,  400.]), texRes=128, units='pix', win=Window(...))
7.6630 	EXP 	Created sel = TextStim(alignHoriz='center', alignVert='center', antialias=True, autoLog=True, bold=False, color=u'black', colorSpace='named', contrast=1.0, depth=-15.0, flipHoriz=False, flipVert=False, font=u'Arial', fontFiles=[], height=30, italic=False, name='sel', opacity=1.0, ori=0, pos=array([-450.,  250.]), rgb=array([ 0.,  0.,  0.]), text=unicode(...), units='pix', win=Window(...), wrapWidth=500)
7.6828 	EXP 	Created Evaluation = TextStim(alignHoriz='center', alignVert='center', antialias=True, autoLog=True, bold=False, color=u'white', colorSpace='named', contrast=1.0, depth=-1.0, flipHoriz=False, flipVert=False, font=u'Arial', fontFiles=[], height=40, italic=False, name='Evaluation', opacity=1.0, ori=0, pos=array([   0.,  300.]), rgb=array([ 255.,  255.,  255.]), text=unicode(...), units='pix', win=Window(...), wrapWidth=500)
7.6915 	EXP 	Created polygon = Polygon(autoDraw=False, autoLog=True, closeShape=True, contrast=1.0, depth=-2.0, fillColor=array([ 1.,  1.,  1.]), fillColorSpace='rgb', fillRGB=array([ 1.,  1.,  1.]), interpolate=True, lineColor=array([ 1.,  1.,  1.]), lineColorSpace='rgb', lineRGB=array([ 1.,  1.,  1.]), lineWidth=1, name='polygon', opacity=1.0, ori=array(0.0), pos=array([ 0.,  0.]), size=array([ 100.,  100.]), units='pix', vertices=ndarray(...), win=Window(...))
7.6979 	EXP 	Created polygon_2 = Polygon(autoDraw=False, autoLog=True, closeShape=True, contrast=1.0, depth=-3.0, fillColor=array([ 1.,  1.,  1.]), fillColorSpace='rgb', fillRGB=array([ 1.,  1.,  1.]), interpolate=True, lineColor=array([ 1.,  1.,  1.]), lineColorSpace='rgb', lineRGB=array([ 1.,  1.,  1.]), lineWidth=1, name='polygon_2', opacity=1.0, ori=array(0.0), pos=array([ 0.,  0.]), size=array([ 100.,  100.]), units='pix', vertices=ndarray(...), win=Window(...))
7.7083 	EXP 	Created polygon_3 = Polygon(autoDraw=False, autoLog=True, closeShape=True, contrast=1.0, depth=-4.0, fillColor=array([ 1.,  1.,  1.]), fillColorSpace='rgb', fillRGB=array([ 1.,  1.,  1.]), interpolate=True, lineColor=array([ 1.,  1.,  1.]), lineColorSpace='rgb', lineRGB=array([ 1.,  1.,  1.]), lineWidth=1, name='polygon_3', opacity=1.0, ori=array(0.0), pos=array([ 0.,  0.]), size=array([ 100.,  100.]), units='pix', vertices=ndarray(...), win=Window(...))
7.7171 	EXP 	Created polygon_4 = Polygon(autoDraw=False, autoLog=True, closeShape=True, contrast=1.0, depth=-5.0, fillColor=array([ 1.,  1.,  1.]), fillColorSpace='rgb', fillRGB=array([ 1.,  1.,  1.]), interpolate=True, lineColor=array([ 1.,  1.,  1.]), lineColorSpace='rgb', lineRGB=array([ 1.,  1.,  1.]), lineWidth=1, name='polygon_4', opacity=1.0, ori=array(0.0), pos=array([ 0.,  0.]), size=array([ 100.,  100.]), units='pix', vertices=ndarray(...), win=Window(...))
7.7237 	EXP 	Created polygon_5 = Polygon(autoDraw=False, autoLog=True, closeShape=True, contrast=1.0, depth=-6.0, fillColor=array([ 1.,  1.,  1.]), fillColorSpace='rgb', fillRGB=array([ 1.,  1.,  1.]), interpolate=True, lineColor=array([ 1.,  1.,  1.]), lineColorSpace='rgb', lineRGB=array([ 1.,  1.,  1.]), lineWidth=1, name='polygon_5', opacity=1.0, ori=array(0.0), pos=array([ 0.,  0.]), size=array([ 100.,  100.]), units='pix', vertices=ndarray(...), win=Window(...))
7.7306 	EXP 	Created choice = TextStim(alignHoriz='center', alignVert='center', antialias=True, autoLog=True, bold=False, color='white', colorSpace='named', contrast=1.0, depth=-7.0, flipHoriz=False, flipVert=False, font='Arial', fontFiles=[], height=50, italic=False, name='choice', opacity=1.0, ori=0, pos=array([   0., -300.]), rgb=array([ 255.,  255.,  255.]), text=u'default text', units='pix', win=Window(...), wrapWidth=500)
7.7439 	EXP 	Created ro = ImageStim(autoLog=True, color=array([ 1.,  1.,  1.]), colorSpace='rgb', contrast=1.0, depth=-8.0, flipHoriz=False, flipVert=False, image='robot1.png', interpolate=True, mask=None, maskParams=None, name='ro', opacity=1.0, ori=0.0, pos=array([ 0.,  0.]), size=array([ 100.,  100.]), texRes=128, units='pix', win=Window(...))
7.7607 	EXP 	Created rq = ImageStim(autoLog=True, color=array([ 1.,  1.,  1.]), colorSpace='rgb', contrast=1.0, depth=-9.0, flipHoriz=False, flipVert=False, image='robot1.png', interpolate=True, mask=None, maskParams=None, name='rq', opacity=1.0, ori=0.0, pos=array([ 0.,  0.]), size=array([ 100.,  100.]), texRes=128, units='pix', win=Window(...))
7.7707 	EXP 	Created feedback = TextStim(alignHoriz='center', alignVert='center', antialias=True, autoLog=True, bold=False, color=u'white', colorSpace='named', contrast=1.0, depth=-1.0, flipHoriz=False, flipVert=False, font=u'Arial', fontFiles=[], height=50, italic=False, name='feedback', opacity=1.0, ori=0, pos=array([ 0.,  0.]), rgb=array([ 255.,  255.,  255.]), text=u'default text', units='pix', win=Window(...), wrapWidth=500)
7.7811 	EXP 	Created thankyou = TextStim(alignHoriz='center', alignVert='center', antialias=True, autoLog=True, bold=False, color='white', colorSpace='named', contrast=1.0, depth=0.0, flipHoriz=False, flipVert=False, font='Arial', fontFiles=[], height=50, italic=False, name='thankyou', opacity=1.0, ori=0, pos=array([ 0.,  0.]), rgb=array([ 255.,  255.,  255.]), text=u'Thank you for your participation.\n', units='pix', win=Window(...), wrapWidth=500)
7.8083 	EXP 	instruct: pos = array([   0.,  150.])
7.8083 	EXP 	na: pos = array([-110., -100.])
7.8083 	EXP 	na: size = array([ 100.,  100.])
7.8083 	EXP 	nb: pos = array([   0., -100.])
7.8083 	EXP 	nb: size = array([ 100.,  100.])
7.8083 	EXP 	nc: pos = array([ 110., -100.])
7.8083 	EXP 	nc: size = array([ 100.,  100.])
7.8083 	EXP 	welcome: autoDraw = True
10.7922 	EXP 	welcome: autoDraw = False
10.8085 	EXP 	instruct: autoDraw = True
13.8088 	EXP 	rob0: autoDraw = True
13.8088 	EXP 	robb: autoDraw = True
14.3089 	EXP 	na: autoDraw = True
14.8089 	EXP 	nb: autoDraw = True
15.3089 	EXP 	nc: autoDraw = True
16.3091 	EXP 	s1: autoDraw = True
17.3092 	EXP 	s2: autoDraw = True
18.3093 	EXP 	s3: autoDraw = True
21.7932 	EXP 	na: autoDraw = False
21.7932 	EXP 	nb: autoDraw = False
21.7932 	EXP 	nc: autoDraw = False
21.7932 	EXP 	s1: autoDraw = False
21.7932 	EXP 	s2: autoDraw = False
21.7932 	EXP 	s3: autoDraw = False
21.8096 	EXP 	heart: autoDraw = True
25.8101 	EXP 	instruct: autoDraw = False
25.8101 	EXP 	rob0: autoDraw = False
25.8101 	EXP 	robb: autoDraw = False
25.8101 	EXP 	heart: autoDraw = False
25.8101 	EXP 	welcome: autoDraw = False
25.8101 	EXP 	instruct: autoDraw = False
25.8101 	EXP 	rob0: autoDraw = False
25.8101 	EXP 	robb: autoDraw = False
25.8101 	EXP 	na: autoDraw = False
25.8101 	EXP 	nb: autoDraw = False
25.8101 	EXP 	nc: autoDraw = False
25.8101 	EXP 	s1: autoDraw = False
25.8101 	EXP 	s2: autoDraw = False
25.8101 	EXP 	s3: autoDraw = False
25.8101 	EXP 	heart: autoDraw = False
25.8101 	EXP 	text_2: pos = array([-300.,  300.])
25.8101 	EXP 	nod1: fillColor = 'red (named)'
25.8101 	EXP 	nod1: pos = array([ 20.,   0.])
25.8101 	EXP 	nod2: fillColor = 'yellow (named)'
25.8101 	EXP 	nod2: pos = array([  20.,  115.])
25.8101 	EXP 	nod2: lineColor = 'yellow (named)'
25.8101 	EXP 	nod3: fillColor = 'blue (named)'
25.8101 	EXP 	nod3: lineColor = 'blue (named)'
25.8101 	EXP 	nod4: fillColor = 'blue (named)'
25.8101 	EXP 	nod4: lineColor = 'blue (named)'
25.8101 	EXP 	rob1: ori = 0.0
25.8101 	EXP 	rob2: image = 'robot1.png'
25.8101 	EXP 	sh1: size = array([  40.,  110.])
25.8101 	EXP 	text_2: autoDraw = True
25.8101 	EXP 	nod1: autoDraw = True
25.8101 	EXP 	nod2: autoDraw = True
25.8101 	EXP 	nod3: autoDraw = True
25.8101 	EXP 	nod4: autoDraw = True
25.8101 	EXP 	rob1: autoDraw = True
25.8101 	EXP 	rob2: autoDraw = True
27.8103 	EXP 	sh1: autoDraw = True
28.3104 	EXP 	sh2a: autoDraw = True
28.3104 	EXP 	sh2b: autoDraw = True
28.8105 	EXP 	sh3: autoDraw = True
29.3105 	EXP 	sh4: autoDraw = True
33.0684 	DATA 	Keypress: space
33.0778 	EXP 	text_2: autoDraw = False
33.0778 	EXP 	nod1: autoDraw = False
33.0778 	EXP 	nod2: autoDraw = False
33.0778 	EXP 	nod3: autoDraw = False
33.0778 	EXP 	nod4: autoDraw = False
33.0778 	EXP 	rob1: autoDraw = False
33.0778 	EXP 	rob2: autoDraw = False
33.0778 	EXP 	sh1: autoDraw = False
33.0778 	EXP 	sh2a: autoDraw = False
33.0778 	EXP 	sh2b: autoDraw = False
33.0778 	EXP 	sh3: autoDraw = False
33.0778 	EXP 	sh4: autoDraw = False
33.0778 	EXP 	star: autoDraw = True
33.4651 	DATA 	Keypress: space
33.4878 	EXP 	Imported designs.xlsx as conditions, 4 conditions, 16 params
33.4883 	EXP 	Created sequence: sequential, trialTypes=4, nReps=1, seed=None
33.4891 	EXP 	New trial (rep=0, index=0): {u'n2col': u'blue', u'n4col': u'red', u'n3col': u'green', u'r4': u'd', u'n1col': u'blue', u'r1': u'a', u'r2': u'b', u'rs': u'LOC21', u'r3': u'c', u're': u'LOC9', u'n5col': u'red', u'n1': u'LOC22', u'n2': u'LOC23', u'n3': u'LOC24', u'n4': u'LOC19', u'n5': u'LOC14'}
33.5109 	EXP 	star: autoDraw = False
33.5109 	EXP 	robotS: pos = array([  20., -230.])
33.5109 	EXP 	node1: fillColor = u'blue (named)'
33.5109 	EXP 	node1: pos = array([ 135., -230.])
33.5109 	EXP 	node2: fillColor = u'blue (named)'
33.5109 	EXP 	node2: pos = array([ 250., -230.])
33.5109 	EXP 	node3: fillColor = u'green (named)'
33.5109 	EXP 	node3: pos = array([ 365., -230.])
33.5109 	EXP 	node4: fillColor = u'red (named)'
33.5109 	EXP 	node4: pos = array([ 365., -115.])
33.5109 	EXP 	node5: fillColor = u'red (named)'
33.5109 	EXP 	node5: pos = array([ 365.,    0.])
33.5109 	EXP 	robotF: pos = array([ 365.,  115.])
33.5109 	EXP 	whitebackground: autoDraw = True
33.5109 	EXP 	robotS: autoDraw = True
33.5109 	EXP 	node1: autoDraw = True
33.5109 	EXP 	node2: autoDraw = True
33.5109 	EXP 	node3: autoDraw = True
33.5109 	EXP 	node4: autoDraw = True
33.5109 	EXP 	node5: autoDraw = True
33.5109 	EXP 	robotF: autoDraw = True
33.5109 	EXP 	select1: autoDraw = True
33.5109 	EXP 	select2: autoDraw = True
33.5109 	EXP 	select3: autoDraw = True
33.5109 	EXP 	select4: autoDraw = True
33.5109 	EXP 	selection: autoDraw = True
33.5109 	EXP 	sel: autoDraw = True
34.4151 	DATA 	Keypress: a
34.5657 	DATA 	Keypress: a
34.7150 	DATA 	Keypress: a
34.8321 	DATA 	Keypress: a
34.8477 	EXP 	New trial (rep=0, index=1): {u'n2col': u'yellow', u'n4col': u'green', u'n3col': u'blue', u'r4': u'd', u'n1col': u'red', u'r1': u'a', u'r2': u'b', u'rs': u'LOC21', u'r3': u'c', u're': u'LOC3', u'n5col': u'red', u'n1': u'LOC16', u'n2': u'LOC11', u'n3': u'LOC12', u'n4': u'LOC13', u'n5': u'LOC8'}
34.8611 	EXP 	whitebackground: autoDraw = False
34.8611 	EXP 	robotS: autoDraw = False
34.8611 	EXP 	node1: autoDraw = False
34.8611 	EXP 	node2: autoDraw = False
34.8611 	EXP 	node3: autoDraw = False
34.8611 	EXP 	node4: autoDraw = False
34.8611 	EXP 	node5: autoDraw = False
34.8611 	EXP 	robotF: autoDraw = False
34.8611 	EXP 	select1: autoDraw = False
34.8611 	EXP 	select2: autoDraw = False
34.8611 	EXP 	select3: autoDraw = False
34.8611 	EXP 	select4: autoDraw = False
34.8611 	EXP 	selection: autoDraw = False
34.8611 	EXP 	sel: autoDraw = False
34.8611 	EXP 	robotS: pos = array([  20., -230.])
34.8611 	EXP 	node1: fillColor = u'red (named)'
34.8611 	EXP 	node1: pos = array([  20., -115.])
34.8611 	EXP 	node2: fillColor = u'yellow (named)'
34.8611 	EXP 	node2: pos = array([ 20.,   0.])
34.8611 	EXP 	node3: fillColor = u'blue (named)'
34.8611 	EXP 	node3: pos = array([ 135.,    0.])
34.8611 	EXP 	node4: fillColor = u'green (named)'
34.8611 	EXP 	node4: pos = array([ 250.,    0.])
34.8611 	EXP 	node5: fillColor = u'red (named)'
34.8611 	EXP 	node5: pos = array([ 250.,  115.])
34.8611 	EXP 	robotF: pos = array([ 250.,  230.])
34.8611 	EXP 	whitebackground: autoDraw = True
34.8611 	EXP 	robotS: autoDraw = True
34.8611 	EXP 	node1: autoDraw = True
34.8611 	EXP 	node2: autoDraw = True
34.8611 	EXP 	node3: autoDraw = True
34.8611 	EXP 	node4: autoDraw = True
34.8611 	EXP 	node5: autoDraw = True
34.8611 	EXP 	robotF: autoDraw = True
34.8611 	EXP 	select1: autoDraw = True
34.8611 	EXP 	select2: autoDraw = True
34.8611 	EXP 	select3: autoDraw = True
34.8611 	EXP 	select4: autoDraw = True
34.8611 	EXP 	selection: autoDraw = True
34.8611 	EXP 	sel: autoDraw = True
34.9819 	DATA 	Keypress: a
35.1315 	DATA 	Keypress: a
35.2652 	DATA 	Keypress: a
35.3980 	DATA 	Keypress: a
35.4006 	EXP 	New trial (rep=0, index=2): {u'n2col': u'red', u'n4col': u'blue', u'n3col': u'yellow', u'r4': u'd', u'n1col': u'red', u'r1': u'a', u'r2': u'b', u'rs': u'LOC22', u'r3': u'c', u're': u'LOC10', u'n5col': u'blue', u'n1': u'LOC17', u'n2': u'LOC12', u'n3': u'LOC7', u'n4': u'LOC8', u'n5': u'LOC9'}
35.4281 	EXP 	whitebackground: autoDraw = False
35.4281 	EXP 	robotS: autoDraw = False
35.4281 	EXP 	node1: autoDraw = False
35.4281 	EXP 	node2: autoDraw = False
35.4281 	EXP 	node3: autoDraw = False
35.4281 	EXP 	node4: autoDraw = False
35.4281 	EXP 	node5: autoDraw = False
35.4281 	EXP 	robotF: autoDraw = False
35.4281 	EXP 	select1: autoDraw = False
35.4281 	EXP 	select2: autoDraw = False
35.4281 	EXP 	select3: autoDraw = False
35.4281 	EXP 	select4: autoDraw = False
35.4281 	EXP 	selection: autoDraw = False
35.4281 	EXP 	sel: autoDraw = False
35.4281 	EXP 	robotS: pos = array([ 135., -230.])
35.4281 	EXP 	node1: fillColor = u'red (named)'
35.4281 	EXP 	node1: pos = array([ 135., -115.])
35.4281 	EXP 	node2: fillColor = u'red (named)'
35.4281 	EXP 	node2: pos = array([ 135.,    0.])
35.4281 	EXP 	node3: fillColor = u'yellow (named)'
35.4281 	EXP 	node3: pos = array([ 135.,  115.])
35.4281 	EXP 	node4: fillColor = u'blue (named)'
35.4281 	EXP 	node4: pos = array([ 250.,  115.])
35.4281 	EXP 	node5: fillColor = u'blue (named)'
35.4281 	EXP 	node5: pos = array([ 365.,  115.])
35.4281 	EXP 	robotF: pos = array([ 480.,  115.])
35.4281 	EXP 	whitebackground: autoDraw = True
35.4281 	EXP 	robotS: autoDraw = True
35.4281 	EXP 	node1: autoDraw = True
35.4281 	EXP 	node2: autoDraw = True
35.4281 	EXP 	node3: autoDraw = True
35.4281 	EXP 	node4: autoDraw = True
35.4281 	EXP 	node5: autoDraw = True
35.4281 	EXP 	robotF: autoDraw = True
35.4281 	EXP 	select1: autoDraw = True
35.4281 	EXP 	select2: autoDraw = True
35.4281 	EXP 	select3: autoDraw = True
35.4281 	EXP 	select4: autoDraw = True
35.4281 	EXP 	selection: autoDraw = True
35.4281 	EXP 	sel: autoDraw = True
35.5826 	DATA 	Keypress: a
35.7473 	DATA 	Keypress: a
35.8977 	DATA 	Keypress: a
36.1316 	DATA 	Keypress: a
36.1337 	EXP 	New trial (rep=0, index=3): {u'n2col': u'yellow', u'n4col': u'yellow', u'n3col': u'green', u'r4': u'd', u'n1col': u'green', u'r1': u'a', u'r2': u'b', u'rs': u'LOC16', u'r3': u'c', u're': u'LOC10', u'n5col': u'blue', u'n1': u'LOC17', u'n2': u'LOC12', u'n3': u'LOC13', u'n4': u'LOC8', u'n5': u'LOC9'}
36.1616 	EXP 	whitebackground: autoDraw = False
36.1616 	EXP 	robotS: autoDraw = False
36.1616 	EXP 	node1: autoDraw = False
36.1616 	EXP 	node2: autoDraw = False
36.1616 	EXP 	node3: autoDraw = False
36.1616 	EXP 	node4: autoDraw = False
36.1616 	EXP 	node5: autoDraw = False
36.1616 	EXP 	robotF: autoDraw = False
36.1616 	EXP 	select1: autoDraw = False
36.1616 	EXP 	select2: autoDraw = False
36.1616 	EXP 	select3: autoDraw = False
36.1616 	EXP 	select4: autoDraw = False
36.1616 	EXP 	selection: autoDraw = False
36.1616 	EXP 	sel: autoDraw = False
36.1616 	EXP 	robotS: pos = array([  20., -115.])
36.1616 	EXP 	node1: fillColor = u'green (named)'
36.1616 	EXP 	node1: pos = array([ 135., -115.])
36.1616 	EXP 	node2: fillColor = u'yellow (named)'
36.1616 	EXP 	node2: pos = array([ 135.,    0.])
36.1616 	EXP 	node3: fillColor = u'green (named)'
36.1616 	EXP 	node3: pos = array([ 250.,    0.])
36.1616 	EXP 	node4: fillColor = u'yellow (named)'
36.1616 	EXP 	node4: pos = array([ 250.,  115.])
36.1616 	EXP 	node5: fillColor = u'blue (named)'
36.1616 	EXP 	node5: pos = array([ 365.,  115.])
36.1616 	EXP 	robotF: pos = array([ 480.,  115.])
36.1616 	EXP 	whitebackground: autoDraw = True
36.1616 	EXP 	robotS: autoDraw = True
36.1616 	EXP 	node1: autoDraw = True
36.1616 	EXP 	node2: autoDraw = True
36.1616 	EXP 	node3: autoDraw = True
36.1616 	EXP 	node4: autoDraw = True
36.1616 	EXP 	node5: autoDraw = True
36.1616 	EXP 	robotF: autoDraw = True
36.1616 	EXP 	select1: autoDraw = True
36.1616 	EXP 	select2: autoDraw = True
36.1616 	EXP 	select3: autoDraw = True
36.1616 	EXP 	select4: autoDraw = True
36.1616 	EXP 	selection: autoDraw = True
36.1616 	EXP 	sel: autoDraw = True
36.4986 	DATA 	Keypress: a
36.7001 	DATA 	Keypress: a
36.8822 	DATA 	Keypress: a
37.1825 	DATA 	Keypress: a
37.2025 	EXP 	Imported designs1.xlsx as conditions, 2 conditions, 13 params
37.2029 	EXP 	Created sequence: sequential, trialTypes=2, nReps=1, seed=None
37.2037 	EXP 	New trial (rep=0, index=0): {u'n1col': u'green', u'n2col': u'yellow', u'n4col': u'yellow', u'rs': u'LOC16', u'n3col': u'green', u're': u'LOC10', u'corrAns': u'y', u'n5col': u'blue', u'n1': u'LOC17', u'n2': u'LOC12', u'n3': u'LOC13', u'n4': u'LOC8', u'n5': u'LOC9'}
37.2281 	EXP 	whitebackground: autoDraw = False
37.2281 	EXP 	robotS: autoDraw = False
37.2281 	EXP 	node1: autoDraw = False
37.2281 	EXP 	node2: autoDraw = False
37.2281 	EXP 	node3: autoDraw = False
37.2281 	EXP 	node4: autoDraw = False
37.2281 	EXP 	node5: autoDraw = False
37.2281 	EXP 	robotF: autoDraw = False
37.2281 	EXP 	select1: autoDraw = False
37.2281 	EXP 	select2: autoDraw = False
37.2281 	EXP 	select3: autoDraw = False
37.2281 	EXP 	select4: autoDraw = False
37.2281 	EXP 	selection: autoDraw = False
37.2281 	EXP 	sel: autoDraw = False
37.2281 	EXP 	polygon: fillColor = u'green (named)'
37.2281 	EXP 	polygon: pos = array([ 135., -115.])
37.2281 	EXP 	polygon_2: fillColor = u'yellow (named)'
37.2281 	EXP 	polygon_2: pos = array([ 135.,    0.])
37.2281 	EXP 	polygon_3: fillColor = u'green (named)'
37.2281 	EXP 	polygon_3: pos = array([ 250.,    0.])
37.2281 	EXP 	polygon_4: fillColor = u'yellow (named)'
37.2281 	EXP 	polygon_4: pos = array([ 250.,  115.])
37.2281 	EXP 	polygon_5: fillColor = u'blue (named)'
37.2281 	EXP 	polygon_5: pos = array([ 365.,  115.])
37.2281 	EXP 	choice: text = "Press 'y' for Yes  \nPress 'n' for No"
37.2281 	EXP 	ro: color = '[ 1.  1.  1.] (rgb)'
37.2281 	EXP 	ro: pos = array([  20., -115.])
37.2281 	EXP 	rq: color = '[ 1.  1.  1.] (rgb)'
37.2281 	EXP 	rq: pos = array([ 480.,  115.])
37.2281 	EXP 	Evaluation: autoDraw = True
37.2281 	EXP 	polygon: autoDraw = True
37.2281 	EXP 	polygon_2: autoDraw = True
37.2281 	EXP 	polygon_3: autoDraw = True
37.2281 	EXP 	polygon_4: autoDraw = True
37.2281 	EXP 	polygon_5: autoDraw = True
37.2281 	EXP 	choice: autoDraw = True
37.2281 	EXP 	ro: autoDraw = True
37.2281 	EXP 	rq: autoDraw = True
38.5662 	DATA 	Keypress: y
38.5946 	EXP 	Evaluation: autoDraw = False
38.5946 	EXP 	polygon: autoDraw = False
38.5946 	EXP 	polygon_2: autoDraw = False
38.5946 	EXP 	polygon_3: autoDraw = False
38.5946 	EXP 	polygon_4: autoDraw = False
38.5946 	EXP 	polygon_5: autoDraw = False
38.5946 	EXP 	choice: autoDraw = False
38.5946 	EXP 	ro: autoDraw = False
38.5946 	EXP 	rq: autoDraw = False
38.5946 	EXP 	feedback: text = 'Well done!'
38.5946 	EXP 	feedback: autoDraw = True
41.5628 	EXP 	New trial (rep=0, index=1): {u'n1col': u'blue', u'n2col': u'yellow', u'n4col': u'yellow', u'rs': u'LOC16', u'n3col': u'red', u're': u'LOC10', u'corrAns': u'n', u'n5col': u'blue', u'n1': u'LOC17', u'n2': u'LOC12', u'n3': u'LOC13', u'n4': u'LOC8', u'n5': u'LOC9'}
41.5782 	EXP 	feedback: autoDraw = False
41.5782 	EXP 	feedback: autoDraw = False
41.5782 	EXP 	polygon: fillColor = u'blue (named)'
41.5782 	EXP 	polygon: pos = array([ 135., -115.])
41.5782 	EXP 	polygon_2: fillColor = u'yellow (named)'
41.5782 	EXP 	polygon_2: pos = array([ 135.,    0.])
41.5782 	EXP 	polygon_3: fillColor = u'red (named)'
41.5782 	EXP 	polygon_3: pos = array([ 250.,    0.])
41.5782 	EXP 	polygon_4: fillColor = u'yellow (named)'
41.5782 	EXP 	polygon_4: pos = array([ 250.,  115.])
41.5782 	EXP 	polygon_5: fillColor = u'blue (named)'
41.5782 	EXP 	polygon_5: pos = array([ 365.,  115.])
41.5782 	EXP 	choice: text = "Press 'y' for Yes  \nPress 'n' for No"
41.5782 	EXP 	ro: color = '[ 1.  1.  1.] (rgb)'
41.5782 	EXP 	ro: pos = array([  20., -115.])
41.5782 	EXP 	rq: color = '[ 1.  1.  1.] (rgb)'
41.5782 	EXP 	rq: pos = array([ 480.,  115.])
41.5782 	EXP 	Evaluation: autoDraw = True
41.5782 	EXP 	polygon: autoDraw = True
41.5782 	EXP 	polygon_2: autoDraw = True
41.5782 	EXP 	polygon_3: autoDraw = True
41.5782 	EXP 	polygon_4: autoDraw = True
41.5782 	EXP 	polygon_5: autoDraw = True
41.5782 	EXP 	choice: autoDraw = True
41.5782 	EXP 	ro: autoDraw = True
41.5782 	EXP 	rq: autoDraw = True
43.2835 	DATA 	Keypress: n
43.2954 	EXP 	Evaluation: autoDraw = False
43.2954 	EXP 	polygon: autoDraw = False
43.2954 	EXP 	polygon_2: autoDraw = False
43.2954 	EXP 	polygon_3: autoDraw = False
43.2954 	EXP 	polygon_4: autoDraw = False
43.2954 	EXP 	polygon_5: autoDraw = False
43.2954 	EXP 	choice: autoDraw = False
43.2954 	EXP 	ro: autoDraw = False
43.2954 	EXP 	rq: autoDraw = False
43.2954 	EXP 	feedback: text = 'Well done!'
43.2954 	EXP 	feedback: autoDraw = True
46.2960 	EXP 	feedback: autoDraw = False
46.2960 	EXP 	feedback: autoDraw = False
46.2960 	EXP 	thankyou: autoDraw = True
47.3080 	EXP 	window1: mouseVisible = True
