7.1079 	EXP 	Created window1 = Window(allowGUI=False, allowStencil=False, autoLog=True, bitsMode=UNKNOWN, blendMode='avg', color='black', colorSpace='named', fullscr=UNKNOWN, gamma=None, lms=UNKNOWN, monitor=<psychopy.monitors.calibTools.Monitor object at 0x113373a10>, name='window1', pos=[0, 0], screen=0, size=array([1440,  900]), stereo=False, units='pix', useFBO=True, useRetina=False, viewOri=0.0, viewPos=None, viewScale=None, waitBlanking=True, winType='pyglet')
7.1079 	EXP 	window1: recordFrameIntervals = False
7.2735 	EXP 	window1: recordFrameIntervals = True
7.4572 	EXP 	window1: recordFrameIntervals = False
7.6164 	EXP 	Created welcome = TextStim(alignHoriz='center', alignVert='center', antialias=True, autoLog=True, bold=False, color='white', colorSpace='named', contrast=1.0, depth=0.0, flipHoriz=False, flipVert=False, font='Arial', fontFiles=[], height=100, italic=False, name='welcome', opacity=1.0, ori=0, pos=array([ 0.,  0.]), rgb=array([ 255.,  255.,  255.]), text=u'Welcome!', units='pix', win=Window(...), wrapWidth=500)
7.6537 	EXP 	Created text = TextStim(alignHoriz='center', alignVert='center', antialias=True, autoLog=True, bold=False, color='white', colorSpace='named', contrast=1.0, depth=0.0, flipHoriz=False, flipVert=False, font='Arial', fontFiles=[], height=50, italic=False, name='text', opacity=1.0, ori=0, pos=array([ 0.,  0.]), rgb=array([ 255.,  255.,  255.]), text=unicode(...), units='pix', win=Window(...), wrapWidth=500)
7.6667 	EXP 	<method-wrapper '__getattribute__' of attributeSetter object at 0x1108acfd0>: vertices = array([[-400.,  450.],
       [ 400.,  450.],
       [ 400., -450.],
       [-400., -450.]])
7.6696 	EXP 	Created whitebackground = Rect(autoDraw=False, autoLog=True, closeShape=True, contrast=1.0, depth=-2.0, fillColor=array([ 1.,  1.,  1.]), fillColorSpace='rgb', fillRGB=array([ 1.,  1.,  1.]), interpolate=True, lineColor=array([ 1.,  1.,  1.]), lineColorSpace='rgb', lineRGB=array([ 1.,  1.,  1.]), lineWidth=0, name='whitebackground', opacity=1.0, ori=array(0.0), pos=array([-560.,    0.]), size=array([ 1.,  1.]), units='pix', vertices=ndarray(...), win=Window(...))
7.7648 	EXP 	Created robotS = ImageStim(autoLog=True, color=array([ 1.,  1.,  1.]), colorSpace='rgb', contrast=1.0, depth=-3.0, flipHoriz=False, flipVert=False, image='robot1.png', interpolate=True, mask=None, maskParams=None, name='robotS', opacity=1.0, ori=0.0, pos=array([ 0.,  0.]), size=array([ 100.,  100.]), texRes=128, units='pix', win=Window(...))
7.7737 	EXP 	Created node1 = Polygon(autoDraw=False, autoLog=True, closeShape=True, contrast=1.0, depth=-4.0, fillColor=array([ 1.,  1.,  1.]), fillColorSpace='rgb', fillRGB=array([ 1.,  1.,  1.]), interpolate=True, lineColor=array([ 1.,  1.,  1.]), lineColorSpace='rgb', lineRGB=array([ 1.,  1.,  1.]), lineWidth=0, name='node1', opacity=1.0, ori=array(0.0), pos=array([ 0.,  0.]), size=array([ 100.,  100.]), units='pix', vertices=ndarray(...), win=Window(...))
7.7882 	EXP 	Created node2 = Polygon(autoDraw=False, autoLog=True, closeShape=True, contrast=1.0, depth=-5.0, fillColor=array([ 1.,  1.,  1.]), fillColorSpace='rgb', fillRGB=array([ 1.,  1.,  1.]), interpolate=True, lineColor=array([ 1.,  1.,  1.]), lineColorSpace='rgb', lineRGB=array([ 1.,  1.,  1.]), lineWidth=0, name='node2', opacity=1.0, ori=array(0.0), pos=array([ 0.,  0.]), size=array([ 100.,  100.]), units='pix', vertices=ndarray(...), win=Window(...))
7.7960 	EXP 	Created node3 = Polygon(autoDraw=False, autoLog=True, closeShape=True, contrast=1.0, depth=-6.0, fillColor=array([ 1.,  1.,  1.]), fillColorSpace='rgb', fillRGB=array([ 1.,  1.,  1.]), interpolate=True, lineColor=array([ 1.,  1.,  1.]), lineColorSpace='rgb', lineRGB=array([ 1.,  1.,  1.]), lineWidth=0, name='node3', opacity=1.0, ori=array(0.0), pos=array([ 0.,  0.]), size=array([ 100.,  100.]), units='pix', vertices=ndarray(...), win=Window(...))
7.8053 	EXP 	Created node4 = Polygon(autoDraw=False, autoLog=True, closeShape=True, contrast=1.0, depth=-7.0, fillColor=array([ 1.,  1.,  1.]), fillColorSpace='rgb', fillRGB=array([ 1.,  1.,  1.]), interpolate=True, lineColor=array([ 1.,  1.,  1.]), lineColorSpace='rgb', lineRGB=array([ 1.,  1.,  1.]), lineWidth=0, name='node4', opacity=1.0, ori=array(0.0), pos=array([ 0.,  0.]), size=array([ 100.,  100.]), units='pix', vertices=ndarray(...), win=Window(...))
7.8155 	EXP 	Created node5 = Polygon(autoDraw=False, autoLog=True, closeShape=True, contrast=1.0, depth=-8.0, fillColor=array([ 1.,  1.,  1.]), fillColorSpace='rgb', fillRGB=array([ 1.,  1.,  1.]), interpolate=True, lineColor=array([ 1.,  1.,  1.]), lineColorSpace='rgb', lineRGB=array([ 1.,  1.,  1.]), lineWidth=0, name='node5', opacity=1.0, ori=array(0.0), pos=array([ 0.,  0.]), size=array([ 100.,  100.]), units='pix', vertices=ndarray(...), win=Window(...))
7.8281 	EXP 	Created robotF = ImageStim(autoLog=True, color=array([ 1.,  1.,  1.]), colorSpace='rgb', contrast=1.0, depth=-9.0, flipHoriz=False, flipVert=False, image='robot1.png', interpolate=True, mask=None, maskParams=None, name='robotF', opacity=1.0, ori=0.0, pos=array([ 0.,  0.]), size=array([ 100.,  100.]), texRes=128, units='pix', win=Window(...))
7.8338 	EXP 	Created select1 = Polygon(autoDraw=False, autoLog=True, closeShape=True, contrast=1.0, depth=-10.0, fillColor='red', fillColorSpace='named', fillRGB=array([ 255.,    0.,    0.]), interpolate=True, lineColor=array([ 1.,  1.,  1.]), lineColorSpace='rgb', lineRGB=array([ 1.,  1.,  1.]), lineWidth=0, name='select1', opacity=1.0, ori=array(0.0), pos=array([-630.,    0.]), size=array([ 100.,  100.]), units='pix', vertices=ndarray(...), win=Window(...))
7.8397 	EXP 	Created select2 = Polygon(autoDraw=False, autoLog=True, closeShape=True, contrast=1.0, depth=-11.0, fillColor='blue', fillColorSpace='named', fillRGB=array([   0.,    0.,  255.]), interpolate=True, lineColor=array([ 1.,  1.,  1.]), lineColorSpace='rgb', lineRGB=array([ 1.,  1.,  1.]), lineWidth=0, name='select2', opacity=1.0, ori=array(0.0), pos=array([-630., -120.]), size=array([ 100.,  100.]), units='pix', vertices=ndarray(...), win=Window(...))
7.8456 	EXP 	Created select3 = Polygon(autoDraw=False, autoLog=True, closeShape=True, contrast=1.0, depth=-12.0, fillColor='yellow', fillColorSpace='named', fillRGB=array([ 255.,  255.,    0.]), interpolate=True, lineColor=array([ 1.,  1.,  1.]), lineColorSpace='rgb', lineRGB=array([ 1.,  1.,  1.]), lineWidth=0, name='select3', opacity=1.0, ori=array(0.0), pos=array([-630., -240.]), size=array([ 100.,  100.]), units='pix', vertices=ndarray(...), win=Window(...))
7.8518 	EXP 	Created select4 = Polygon(autoDraw=False, autoLog=True, closeShape=True, contrast=1.0, depth=-13.0, fillColor='green', fillColorSpace='named', fillRGB=array([   0.,  128.,    0.]), interpolate=True, lineColor=array([ 1.,  1.,  1.]), lineColorSpace='rgb', lineRGB=array([ 1.,  1.,  1.]), lineWidth=0, name='select4', opacity=1.0, ori=array(0.0), pos=array([-630., -360.]), size=array([ 100.,  100.]), units='pix', vertices=ndarray(...), win=Window(...))
7.8683 	EXP 	Created selection = ImageStim(autoLog=True, color=array([ 1.,  1.,  1.]), colorSpace='rgb', contrast=1.0, depth=-14.0, flipHoriz=False, flipVert=False, image='lettera.png', interpolate=True, mask=None, maskParams=None, name='selection', opacity=1.0, ori=0.0, pos=array([ 0.,  0.]), size=array([ 400.,  200.]), texRes=128, units='pix', win=Window(...))
7.8960 	EXP 	Created master = ImageStim(autoLog=True, color=array([ 1.,  1.,  1.]), colorSpace='rgb', contrast=1.0, depth=-15.0, flipHoriz=False, flipVert=False, image='mastershapes.png', interpolate=True, mask=None, maskParams=None, name='master', opacity=1.0, ori=0.0, pos=array([-510.,   90.]), size=array([ 500.,  400.]), texRes=128, units='pix', win=Window(...))
7.9276 	EXP 	Created sel = TextStim(alignHoriz='center', alignVert='center', antialias=True, autoLog=True, bold=False, color='black', colorSpace='named', contrast=1.0, depth=-16.0, flipHoriz=False, flipVert=False, font='Arial', fontFiles=[], height=30, italic=False, name='sel', opacity=1.0, ori=0, pos=array([-450.,  300.]), rgb=array([ 0.,  0.,  0.]), text=unicode(...), units='pix', win=Window(...), wrapWidth=500)
7.9355 	EXP 	Created Evaluation = TextStim(alignHoriz='center', alignVert='center', antialias=True, autoLog=True, bold=False, color='white', colorSpace='named', contrast=1.0, depth=-1.0, flipHoriz=False, flipVert=False, font='Arial', fontFiles=[], height=30, italic=False, name='Evaluation', opacity=1.0, ori=0, pos=array([   0.,  300.]), rgb=array([ 255.,  255.,  255.]), text=u'Is this pathway correct? \n', units='pix', win=Window(...), wrapWidth=500)
7.9415 	EXP 	Created polygon = Polygon(autoDraw=False, autoLog=True, closeShape=True, contrast=1.0, depth=-2.0, fillColor='red', fillColorSpace='named', fillRGB=array([ 255.,    0.,    0.]), interpolate=True, lineColor='red', lineColorSpace='named', lineRGB=array([ 255.,    0.,    0.]), lineWidth=1, name='polygon', opacity=1.0, ori=array(0.0), pos=array([ 250.,    0.]), size=array([ 100.,  100.]), units='pix', vertices=ndarray(...), win=Window(...))
7.9475 	EXP 	Created polygon_2 = Polygon(autoDraw=False, autoLog=True, closeShape=True, contrast=1.0, depth=-3.0, fillColor='green', fillColorSpace='named', fillRGB=array([   0.,  128.,    0.]), interpolate=True, lineColor='green', lineColorSpace='named', lineRGB=array([   0.,  128.,    0.]), lineWidth=1, name='polygon_2', opacity=1.0, ori=array(0.0), pos=array([ 365., -115.]), size=array([ 100.,  100.]), units='pix', vertices=ndarray(...), win=Window(...))
7.9535 	EXP 	Created polygon_3 = Polygon(autoDraw=False, autoLog=True, closeShape=True, contrast=1.0, depth=-4.0, fillColor='blue', fillColorSpace='named', fillRGB=array([   0.,    0.,  255.]), interpolate=True, lineColor='blue', lineColorSpace='named', lineRGB=array([   0.,    0.,  255.]), lineWidth=1, name='polygon_3', opacity=1.0, ori=array(0.0), pos=array([ 135., -115.]), size=array([ 100.,  100.]), units='pix', vertices=ndarray(...), win=Window(...))
7.9593 	EXP 	Created polygon_4 = Polygon(autoDraw=False, autoLog=True, closeShape=True, contrast=1.0, depth=-5.0, fillColor='blue', fillColorSpace='named', fillRGB=array([   0.,    0.,  255.]), interpolate=True, lineColor='blue', lineColorSpace='named', lineRGB=array([   0.,    0.,  255.]), lineWidth=1, name='polygon_4', opacity=1.0, ori=array(0.0), pos=array([ 250., -115.]), size=array([ 100.,  100.]), units='pix', vertices=ndarray(...), win=Window(...))
7.9789 	EXP 	Created choice = TextStim(alignHoriz='center', alignVert='center', antialias=True, autoLog=True, bold=False, color='white', colorSpace='named', contrast=1.0, depth=-6.0, flipHoriz=False, flipVert=False, font='Arial', fontFiles=[], height=50, italic=False, name='choice', opacity=1.0, ori=0, pos=array([   0., -300.]), rgb=array([ 255.,  255.,  255.]), text=u"Press 'y' for Yes  \nPress 'n' for No", units='pix', win=Window(...), wrapWidth=500)
7.9904 	EXP 	Created thankyou = TextStim(alignHoriz='center', alignVert='center', antialias=True, autoLog=True, bold=False, color='white', colorSpace='named', contrast=1.0, depth=0.0, flipHoriz=False, flipVert=False, font='Arial', fontFiles=[], height=50, italic=False, name='thankyou', opacity=1.0, ori=0, pos=array([ 0.,  0.]), rgb=array([ 255.,  255.,  255.]), text=unicode(...), units='pix', win=Window(...), wrapWidth=500)
8.0069 	EXP 	welcome: autoDraw = True
10.0070 	EXP 	welcome: autoDraw = False
10.0070 	EXP 	text: autoDraw = True
11.0507 	DATA 	Keypress: space
11.0614 	EXP 	Imported designs.xlsx as conditions, 4 conditions, 16 params
11.0619 	EXP 	Created sequence: random, trialTypes=4, nReps=1, seed=None
11.0624 	EXP 	New trial (rep=0, index=0): {u'n2col': u'green', u'n4col': u'yellow', u'n3col': u'blue', u'r4': u'd', u'n1col': u'green', u'r1': u'a', u'r2': u'b', u'rs': u'LOC22', u'r3': u'c', u're': u'LOC10', u'n5col': u'blue', u'n1': u'LOC17', u'n2': u'LOC12', u'n3': u'LOC7', u'n4': u'LOC8', u'n5': u'LOC9'}
11.0905 	EXP 	text: autoDraw = False
11.0905 	EXP 	robotS: pos = array([ 135., -230.])
11.0905 	EXP 	node1: fillColor = u'green (named)'
11.0905 	EXP 	node1: pos = array([ 135., -115.])
11.0905 	EXP 	node2: fillColor = u'green (named)'
11.0905 	EXP 	node2: pos = array([ 135.,    0.])
11.0905 	EXP 	node3: fillColor = u'blue (named)'
11.0905 	EXP 	node3: pos = array([ 135.,  115.])
11.0905 	EXP 	node4: fillColor = u'yellow (named)'
11.0905 	EXP 	node4: pos = array([ 250.,  115.])
11.0905 	EXP 	node5: fillColor = u'blue (named)'
11.0905 	EXP 	node5: pos = array([ 365.,  115.])
11.0905 	EXP 	robotF: pos = array([ 480.,  115.])
11.0905 	EXP 	whitebackground: autoDraw = True
11.0905 	EXP 	robotS: autoDraw = True
11.0905 	EXP 	node1: autoDraw = True
11.0905 	EXP 	node2: autoDraw = True
11.0905 	EXP 	node3: autoDraw = True
11.0905 	EXP 	node4: autoDraw = True
11.0905 	EXP 	node5: autoDraw = True
11.0905 	EXP 	robotF: autoDraw = True
11.0905 	EXP 	select1: autoDraw = True
11.0905 	EXP 	select2: autoDraw = True
11.0905 	EXP 	select3: autoDraw = True
11.0905 	EXP 	select4: autoDraw = True
11.0905 	EXP 	selection: autoDraw = True
11.0905 	EXP 	master: autoDraw = True
11.0905 	EXP 	sel: autoDraw = True
19.4448 	DATA 	Keypress: a
19.7450 	DATA 	Keypress: a
20.0117 	DATA 	Keypress: a
20.4282 	DATA 	Keypress: a
20.4316 	EXP 	New trial (rep=0, index=1): {u'n2col': u'red', u'n4col': u'blue', u'n3col': u'red', u'r4': u'd', u'n1col': u'red', u'r1': u'a', u'r2': u'b', u'rs': u'LOC21', u'r3': u'c', u're': u'LOC4', u'n5col': u'blue', u'n1': u'LOC16', u'n2': u'LOC12', u'n3': u'LOC13', u'n4': u'LOC14', u'n5': u'LOC9'}
20.4582 	EXP 	whitebackground: autoDraw = False
20.4582 	EXP 	robotS: autoDraw = False
20.4582 	EXP 	node1: autoDraw = False
20.4582 	EXP 	node2: autoDraw = False
20.4582 	EXP 	node3: autoDraw = False
20.4582 	EXP 	node4: autoDraw = False
20.4582 	EXP 	node5: autoDraw = False
20.4582 	EXP 	robotF: autoDraw = False
20.4582 	EXP 	select1: autoDraw = False
20.4582 	EXP 	select2: autoDraw = False
20.4582 	EXP 	select3: autoDraw = False
20.4582 	EXP 	select4: autoDraw = False
20.4582 	EXP 	selection: autoDraw = False
20.4582 	EXP 	master: autoDraw = False
20.4582 	EXP 	sel: autoDraw = False
20.4582 	EXP 	robotS: pos = array([  20., -230.])
20.4582 	EXP 	node1: fillColor = u'red (named)'
20.4582 	EXP 	node1: pos = array([  20., -115.])
20.4582 	EXP 	node2: fillColor = u'red (named)'
20.4582 	EXP 	node2: pos = array([ 135.,    0.])
20.4582 	EXP 	node3: fillColor = u'red (named)'
20.4582 	EXP 	node3: pos = array([ 250.,    0.])
20.4582 	EXP 	node4: fillColor = u'blue (named)'
20.4582 	EXP 	node4: pos = array([ 365.,    0.])
20.4582 	EXP 	node5: fillColor = u'blue (named)'
20.4582 	EXP 	node5: pos = array([ 365.,  115.])
20.4582 	EXP 	robotF: pos = array([ 365.,  230.])
20.4582 	EXP 	whitebackground: autoDraw = True
20.4582 	EXP 	robotS: autoDraw = True
20.4582 	EXP 	node1: autoDraw = True
20.4582 	EXP 	node2: autoDraw = True
20.4582 	EXP 	node3: autoDraw = True
20.4582 	EXP 	node4: autoDraw = True
20.4582 	EXP 	node5: autoDraw = True
20.4582 	EXP 	robotF: autoDraw = True
20.4582 	EXP 	select1: autoDraw = True
20.4582 	EXP 	select2: autoDraw = True
20.4582 	EXP 	select3: autoDraw = True
20.4582 	EXP 	select4: autoDraw = True
20.4582 	EXP 	selection: autoDraw = True
20.4582 	EXP 	master: autoDraw = True
20.4582 	EXP 	sel: autoDraw = True
51.4324 	DATA 	Keypress: a
51.7649 	DATA 	Keypress: a
52.0650 	DATA 	Keypress: a
52.3816 	DATA 	Keypress: a
52.3848 	EXP 	New trial (rep=0, index=2): {u'n2col': u'purple', u'n4col': u'yellow', u'n3col': u'blue', u'r4': None, u'n1col': u'green', u'r1': None, u'r2': None, u'rs': u'LOC16', u'r3': None, u're': u'LOC10', u'n5col': u'red', u'n1': u'LOC17', u'n2': u'LOC12', u'n3': u'LOC13', u'n4': u'LOC8', u'n5': u'LOC9'}
52.4115 	EXP 	whitebackground: autoDraw = False
52.4115 	EXP 	robotS: autoDraw = False
52.4115 	EXP 	node1: autoDraw = False
52.4115 	EXP 	node2: autoDraw = False
52.4115 	EXP 	node3: autoDraw = False
52.4115 	EXP 	node4: autoDraw = False
52.4115 	EXP 	node5: autoDraw = False
52.4115 	EXP 	robotF: autoDraw = False
52.4115 	EXP 	select1: autoDraw = False
52.4115 	EXP 	select2: autoDraw = False
52.4115 	EXP 	select3: autoDraw = False
52.4115 	EXP 	select4: autoDraw = False
52.4115 	EXP 	selection: autoDraw = False
52.4115 	EXP 	master: autoDraw = False
52.4115 	EXP 	sel: autoDraw = False
52.4115 	EXP 	robotS: pos = array([  20., -115.])
52.4115 	EXP 	node1: fillColor = u'green (named)'
52.4115 	EXP 	node1: pos = array([ 135., -115.])
52.4115 	EXP 	node2: fillColor = u'purple (named)'
52.4115 	EXP 	node2: pos = array([ 135.,    0.])
52.4115 	EXP 	node3: fillColor = u'blue (named)'
52.4115 	EXP 	node3: pos = array([ 250.,    0.])
52.4115 	EXP 	node4: fillColor = u'yellow (named)'
52.4115 	EXP 	node4: pos = array([ 250.,  115.])
52.4115 	EXP 	node5: fillColor = u'red (named)'
52.4115 	EXP 	node5: pos = array([ 365.,  115.])
52.4115 	EXP 	robotF: pos = array([ 480.,  115.])
52.4115 	EXP 	whitebackground: autoDraw = True
52.4115 	EXP 	robotS: autoDraw = True
52.4115 	EXP 	node1: autoDraw = True
52.4115 	EXP 	node2: autoDraw = True
52.4115 	EXP 	node3: autoDraw = True
52.4115 	EXP 	node4: autoDraw = True
52.4115 	EXP 	node5: autoDraw = True
52.4115 	EXP 	robotF: autoDraw = True
52.4115 	EXP 	select1: autoDraw = True
52.4115 	EXP 	select2: autoDraw = True
52.4115 	EXP 	select3: autoDraw = True
52.4115 	EXP 	select4: autoDraw = True
52.4115 	EXP 	selection: autoDraw = True
52.4115 	EXP 	master: autoDraw = True
52.4115 	EXP 	sel: autoDraw = True
66.7162 	DATA 	Keypress: escape
