6.5818 	EXP 	Created window1 = Window(allowGUI=False, allowStencil=False, autoLog=True, bitsMode=UNKNOWN, blendMode='avg', color=array([ 0.,  0.,  0.]), colorSpace='rgb', fullscr=UNKNOWN, gamma=None, lms=UNKNOWN, monitor=<psychopy.monitors.calibTools.Monitor object at 0x112d13810>, name='window1', pos=[0, 0], screen=0, size=array([1440,  900]), stereo=False, units='pix', useFBO=True, useRetina=False, viewOri=0.0, viewPos=None, viewScale=None, waitBlanking=True, winType='pyglet')
6.5818 	EXP 	window1: recordFrameIntervals = False
6.7467 	EXP 	window1: recordFrameIntervals = True
6.7966 	WARNING 	t of last frame was 21.18ms (=1/47)
6.9645 	EXP 	window1: recordFrameIntervals = False
7.1374 	EXP 	Created welcome = TextStim(alignHoriz='center', alignVert='center', antialias=True, autoLog=True, bold=False, color=u'white', colorSpace='named', contrast=1.0, depth=0.0, flipHoriz=False, flipVert=False, font=u'Arial', fontFiles=[], height=50, italic=False, name='welcome', opacity=1.0, ori=0, pos=array([ 0.,  0.]), rgb=array([ 255.,  255.,  255.]), text=u'Welcome!', units='pix', win=Window(...), wrapWidth=500)
7.1895 	EXP 	Created text = TextStim(alignHoriz='center', alignVert='center', antialias=True, autoLog=True, bold=False, color=u'white', colorSpace='named', contrast=1.0, depth=0.0, flipHoriz=False, flipVert=False, font=u'Arial', fontFiles=[], height=50, italic=False, name='text', opacity=1.0, ori=0, pos=array([ 0.,  0.]), rgb=array([ 255.,  255.,  255.]), text=unicode(...), units='pix', win=Window(...), wrapWidth=500)
7.2057 	EXP 	<method-wrapper '__getattribute__' of attributeSetter object at 0x10ef77dd0>: vertices = array([[-400.,  450.],
       [ 400.,  450.],
       [ 400., -450.],
       [-400., -450.]])
7.2090 	EXP 	Created whitebackground = Rect(autoDraw=False, autoLog=True, closeShape=True, contrast=1.0, depth=-2.0, fillColor=array([ 1.,  1.,  1.]), fillColorSpace='rgb', fillRGB=array([ 1.,  1.,  1.]), interpolate=True, lineColor=array([ 1.,  1.,  1.]), lineColorSpace='rgb', lineRGB=array([ 1.,  1.,  1.]), lineWidth=0, name='whitebackground', opacity=1.0, ori=array(0.0), pos=array([-560.,    0.]), size=array([ 1.,  1.]), units='pix', vertices=ndarray(...), win=Window(...))
7.3163 	EXP 	Created robotS = ImageStim(autoLog=True, color=array([ 1.,  1.,  1.]), colorSpace='rgb', contrast=1.0, depth=-3.0, flipHoriz=False, flipVert=False, image='robot.png', interpolate=True, mask=None, maskParams=None, name='robotS', opacity=1.0, ori=0.0, pos=array([ 0.,  0.]), size=array([ 100.,  100.]), texRes=128, units='pix', win=Window(...))
7.3269 	EXP 	Created node1 = Polygon(autoDraw=False, autoLog=True, closeShape=True, contrast=1.0, depth=-4.0, fillColor=array([ 1.,  1.,  1.]), fillColorSpace='rgb', fillRGB=array([ 1.,  1.,  1.]), interpolate=True, lineColor=array([ 1.,  1.,  1.]), lineColorSpace='rgb', lineRGB=array([ 1.,  1.,  1.]), lineWidth=0, name='node1', opacity=1.0, ori=array(0.0), pos=array([ 0.,  0.]), size=array([ 100.,  100.]), units='pix', vertices=ndarray(...), win=Window(...))
7.3345 	EXP 	Created node2 = Polygon(autoDraw=False, autoLog=True, closeShape=True, contrast=1.0, depth=-5.0, fillColor=array([ 1.,  1.,  1.]), fillColorSpace='rgb', fillRGB=array([ 1.,  1.,  1.]), interpolate=True, lineColor=array([ 1.,  1.,  1.]), lineColorSpace='rgb', lineRGB=array([ 1.,  1.,  1.]), lineWidth=0, name='node2', opacity=1.0, ori=array(0.0), pos=array([ 0.,  0.]), size=array([ 100.,  100.]), units='pix', vertices=ndarray(...), win=Window(...))
7.3408 	EXP 	Created node3 = Polygon(autoDraw=False, autoLog=True, closeShape=True, contrast=1.0, depth=-6.0, fillColor=array([ 1.,  1.,  1.]), fillColorSpace='rgb', fillRGB=array([ 1.,  1.,  1.]), interpolate=True, lineColor=array([ 1.,  1.,  1.]), lineColorSpace='rgb', lineRGB=array([ 1.,  1.,  1.]), lineWidth=0, name='node3', opacity=1.0, ori=array(0.0), pos=array([ 0.,  0.]), size=array([ 100.,  100.]), units='pix', vertices=ndarray(...), win=Window(...))
7.3470 	EXP 	Created node4 = Polygon(autoDraw=False, autoLog=True, closeShape=True, contrast=1.0, depth=-7.0, fillColor=array([ 1.,  1.,  1.]), fillColorSpace='rgb', fillRGB=array([ 1.,  1.,  1.]), interpolate=True, lineColor=array([ 1.,  1.,  1.]), lineColorSpace='rgb', lineRGB=array([ 1.,  1.,  1.]), lineWidth=0, name='node4', opacity=1.0, ori=array(0.0), pos=array([ 0.,  0.]), size=array([ 100.,  100.]), units='pix', vertices=ndarray(...), win=Window(...))
7.3609 	EXP 	Created robotF = ImageStim(autoLog=True, color=array([ 1.,  1.,  1.]), colorSpace='rgb', contrast=1.0, depth=-8.0, flipHoriz=False, flipVert=False, image='robot.png', interpolate=True, mask=None, maskParams=None, name='robotF', opacity=1.0, ori=0.0, pos=array([ 0.,  0.]), size=array([ 100.,  100.]), texRes=128, units='pix', win=Window(...))
7.3664 	EXP 	Created select1 = Polygon(autoDraw=False, autoLog=True, closeShape=True, contrast=1.0, depth=-9.0, fillColor='red', fillColorSpace='named', fillRGB=array([ 255.,    0.,    0.]), interpolate=True, lineColor=array([ 1.,  1.,  1.]), lineColorSpace='rgb', lineRGB=array([ 1.,  1.,  1.]), lineWidth=0, name='select1', opacity=1.0, ori=array(0.0), pos=array([-650.,  100.]), size=array([ 100.,  100.]), units='pix', vertices=ndarray(...), win=Window(...))
7.3720 	EXP 	Created select2 = Polygon(autoDraw=False, autoLog=True, closeShape=True, contrast=1.0, depth=-10.0, fillColor='blue', fillColorSpace='named', fillRGB=array([   0.,    0.,  255.]), interpolate=True, lineColor=array([ 1.,  1.,  1.]), lineColorSpace='rgb', lineRGB=array([ 1.,  1.,  1.]), lineWidth=0, name='select2', opacity=1.0, ori=array(0.0), pos=array([-650.,  -50.]), size=array([ 100.,  100.]), units='pix', vertices=ndarray(...), win=Window(...))
7.3783 	EXP 	Created select3 = Polygon(autoDraw=False, autoLog=True, closeShape=True, contrast=1.0, depth=-11.0, fillColor='yellow', fillColorSpace='named', fillRGB=array([ 255.,  255.,    0.]), interpolate=True, lineColor=array([ 1.,  1.,  1.]), lineColorSpace='rgb', lineRGB=array([ 1.,  1.,  1.]), lineWidth=0, name='select3', opacity=1.0, ori=array(0.0), pos=array([-650., -200.]), size=array([ 100.,  100.]), units='pix', vertices=ndarray(...), win=Window(...))
7.3841 	EXP 	Created select4 = Polygon(autoDraw=False, autoLog=True, closeShape=True, contrast=1.0, depth=-12.0, fillColor='green', fillColorSpace='named', fillRGB=array([   0.,  128.,    0.]), interpolate=True, lineColor=array([ 1.,  1.,  1.]), lineColorSpace='rgb', lineRGB=array([ 1.,  1.,  1.]), lineWidth=0, name='select4', opacity=1.0, ori=array(0.0), pos=array([-650., -350.]), size=array([ 100.,  100.]), units='pix', vertices=ndarray(...), win=Window(...))
7.4079 	EXP 	Created selection = ImageStim(autoLog=True, color=array([ 1.,  1.,  1.]), colorSpace='rgb', contrast=1.0, depth=-13.0, flipHoriz=False, flipVert=False, image=u'shapes.png', interpolate=True, mask=None, maskParams=None, name='selection', opacity=1.0, ori=0.0, pos=array([ 0.,  0.]), size=array([ 531.9,  261.9]), texRes=128, units='pix', win=Window(...))
7.4310 	EXP 	Created master = ImageStim(autoLog=True, color=array([ 1.,  1.,  1.]), colorSpace='rgb', contrast=1.0, depth=-14.0, flipHoriz=False, flipVert=False, image=u'mastershapes.png', interpolate=True, mask=None, maskParams=None, name='master', opacity=1.0, ori=0.0, pos=array([-0.8,  0.8]), size=array([ 500.,  500.]), texRes=128, units='pix', win=Window(...))
7.4495 	EXP 	Created Evaluation = TextStim(alignHoriz='center', alignVert='center', antialias=True, autoLog=True, bold=False, color='white', colorSpace='named', contrast=1.0, depth=-1.0, flipHoriz=False, flipVert=False, font='Arial', fontFiles=[], height=30, italic=False, name='Evaluation', opacity=1.0, ori=0, pos=array([   0.,  300.]), rgb=array([ 255.,  255.,  255.]), text=u'Is this pathway correct? \n', units='pix', win=Window(...), wrapWidth=500)
7.4547 	EXP 	Created polygon = Polygon(autoDraw=False, autoLog=True, closeShape=True, contrast=1.0, depth=-2.0, fillColor=u'red', fillColorSpace='named', fillRGB=array([ 255.,    0.,    0.]), interpolate=True, lineColor=u'red', lineColorSpace='named', lineRGB=array([ 255.,    0.,    0.]), lineWidth=1, name='polygon', opacity=1.0, ori=array(0.0), pos=array([ 250.,    0.]), size=array([ 100.,  100.]), units='pix', vertices=ndarray(...), win=Window(...))
7.4601 	EXP 	Created polygon_2 = Polygon(autoDraw=False, autoLog=True, closeShape=True, contrast=1.0, depth=-3.0, fillColor='green', fillColorSpace='named', fillRGB=array([   0.,  128.,    0.]), interpolate=True, lineColor='green', lineColorSpace='named', lineRGB=array([   0.,  128.,    0.]), lineWidth=1, name='polygon_2', opacity=1.0, ori=array(0.0), pos=array([ 355., -105.]), size=array([ 100.,  100.]), units='pix', vertices=ndarray(...), win=Window(...))
7.4653 	EXP 	Created polygon_3 = Polygon(autoDraw=False, autoLog=True, closeShape=True, contrast=1.0, depth=-4.0, fillColor=u'blue', fillColorSpace='named', fillRGB=array([   0.,    0.,  255.]), interpolate=True, lineColor=u'blue', lineColorSpace='named', lineRGB=array([   0.,    0.,  255.]), lineWidth=1, name='polygon_3', opacity=1.0, ori=array(0.0), pos=array([ 145., -105.]), size=array([ 100.,  100.]), units='pix', vertices=ndarray(...), win=Window(...))
7.4703 	EXP 	Created polygon_4 = Polygon(autoDraw=False, autoLog=True, closeShape=True, contrast=1.0, depth=-5.0, fillColor='blue', fillColorSpace='named', fillRGB=array([   0.,    0.,  255.]), interpolate=True, lineColor='blue', lineColorSpace='named', lineRGB=array([   0.,    0.,  255.]), lineWidth=1, name='polygon_4', opacity=1.0, ori=array(0.0), pos=array([ 250., -105.]), size=array([ 100.,  100.]), units='pix', vertices=ndarray(...), win=Window(...))
7.4839 	EXP 	Created choice = TextStim(alignHoriz='center', alignVert='center', antialias=True, autoLog=True, bold=False, color=u'white', colorSpace='named', contrast=1.0, depth=-6.0, flipHoriz=False, flipVert=False, font=u'Arial', fontFiles=[], height=50, italic=False, name='choice', opacity=1.0, ori=0, pos=array([   0., -300.]), rgb=array([ 255.,  255.,  255.]), text=u"Press 'y' for Yes  \nPress 'n' for No", units='pix', win=Window(...), wrapWidth=500)
7.4952 	EXP 	Created thankyou = TextStim(alignHoriz='center', alignVert='center', antialias=True, autoLog=True, bold=False, color=u'white', colorSpace='named', contrast=1.0, depth=0.0, flipHoriz=False, flipVert=False, font=u'Arial', fontFiles=[], height=50, italic=False, name='thankyou', opacity=1.0, ori=0, pos=array([ 0.,  0.]), rgb=array([ 255.,  255.,  255.]), text=unicode(...), units='pix', win=Window(...), wrapWidth=500)
7.5141 	EXP 	welcome: autoDraw = True
9.5137 	EXP 	welcome: autoDraw = False
9.5137 	EXP 	text: autoDraw = True
10.7975 	DATA 	Keypress: space
10.8063 	EXP 	Imported designs.xlsx as conditions, 3 conditions, 14 params
10.8068 	EXP 	Created sequence: random, trialTypes=3, nReps=1, seed=None
10.8073 	EXP 	New trial (rep=0, index=0): {u'r4': u'd', u'n1col': u'red', u'n2col': u'blue', u'n4col': u'yellow', u'r2': u'b', u'rs': u'LOC5', u'r3': u'c', u'n3col': u'blue', u're': u'LOC12', u'n1': u'LOC10', u'n2': u'LOC15', u'n3': u'LOC14', u'n4': u'LOC13', u'r1': u'a'}
10.8312 	EXP 	text: autoDraw = False
10.8312 	EXP 	robotS: pos = array([ 460.,  210.])
10.8312 	EXP 	node1: fillColor = u'red (named)'
10.8312 	EXP 	node1: pos = array([ 460.,  105.])
10.8312 	EXP 	node2: fillColor = u'blue (named)'
10.8312 	EXP 	node2: pos = array([ 460.,    0.])
10.8312 	EXP 	node3: fillColor = u'blue (named)'
10.8312 	EXP 	node3: pos = array([ 355.,    0.])
10.8312 	EXP 	node4: fillColor = u'yellow (named)'
10.8312 	EXP 	node4: pos = array([ 250.,    0.])
10.8312 	EXP 	robotF: pos = array([ 145.,    0.])
10.8312 	EXP 	whitebackground: autoDraw = True
10.8312 	EXP 	robotS: autoDraw = True
10.8312 	EXP 	node1: autoDraw = True
10.8312 	EXP 	node2: autoDraw = True
10.8312 	EXP 	node3: autoDraw = True
10.8312 	EXP 	node4: autoDraw = True
10.8312 	EXP 	robotF: autoDraw = True
10.8312 	EXP 	select1: autoDraw = True
10.8312 	EXP 	select2: autoDraw = True
10.8312 	EXP 	select3: autoDraw = True
10.8312 	EXP 	select4: autoDraw = True
10.8312 	EXP 	selection: autoDraw = True
10.8312 	EXP 	master: autoDraw = True
14.8852 	DATA 	Keypress: a
15.8150 	EXP 	master: autoDraw = False
16.5352 	DATA 	Keypress: a
17.3187 	DATA 	Keypress: a
17.8687 	DATA 	Keypress: a
17.8720 	EXP 	New trial (rep=0, index=1): {u'r4': u'd', u'n1col': u'red', u'n2col': u'red', u'n4col': u'blue', u'r2': u'b', u'rs': u'LOC11', u'r3': u'c', u'n3col': u'red', u're': u'LOC20', u'n1': u'LOC12', u'n2': u'LOC13', u'n3': u'LOC18', u'n4': u'LOC19', u'r1': u'a'}
17.8986 	EXP 	whitebackground: autoDraw = False
17.8986 	EXP 	robotS: autoDraw = False
17.8986 	EXP 	node1: autoDraw = False
17.8986 	EXP 	node2: autoDraw = False
17.8986 	EXP 	node3: autoDraw = False
17.8986 	EXP 	node4: autoDraw = False
17.8986 	EXP 	robotF: autoDraw = False
17.8986 	EXP 	select1: autoDraw = False
17.8986 	EXP 	select2: autoDraw = False
17.8986 	EXP 	select3: autoDraw = False
17.8986 	EXP 	select4: autoDraw = False
17.8986 	EXP 	selection: autoDraw = False
17.8986 	EXP 	master: autoDraw = False
17.8986 	EXP 	robotS: pos = array([ 40.,   0.])
17.8986 	EXP 	node1: fillColor = u'red (named)'
17.8986 	EXP 	node1: pos = array([ 145.,    0.])
17.8986 	EXP 	node2: fillColor = u'red (named)'
17.8986 	EXP 	node2: pos = array([ 250.,    0.])
17.8986 	EXP 	node3: fillColor = u'red (named)'
17.8986 	EXP 	node3: pos = array([ 250., -105.])
17.8986 	EXP 	node4: fillColor = u'blue (named)'
17.8986 	EXP 	node4: pos = array([ 355., -105.])
17.8986 	EXP 	robotF: pos = array([ 460., -105.])
17.8986 	EXP 	whitebackground: autoDraw = True
17.8986 	EXP 	robotS: autoDraw = True
17.8986 	EXP 	node1: autoDraw = True
17.8986 	EXP 	node2: autoDraw = True
17.8986 	EXP 	node3: autoDraw = True
17.8986 	EXP 	node4: autoDraw = True
17.8986 	EXP 	robotF: autoDraw = True
17.8986 	EXP 	select1: autoDraw = True
17.8986 	EXP 	select2: autoDraw = True
17.8986 	EXP 	select3: autoDraw = True
17.8986 	EXP 	select4: autoDraw = True
17.8986 	EXP 	selection: autoDraw = True
17.8986 	EXP 	master: autoDraw = True
18.9031 	DATA 	Keypress: a
19.3687 	DATA 	Keypress: a
19.6854 	DATA 	Keypress: a
20.0522 	DATA 	Keypress: a
20.0549 	EXP 	New trial (rep=0, index=2): {u'r4': u'd', u'n1col': u'green', u'n2col': u'green', u'n4col': u'yellow', u'r2': u'b', u'rs': u'LOC21', u'r3': u'c', u'n3col': u'blue', u're': u'LOC8', u'n1': u'LOC22', u'n2': u'LOC23', u'n3': u'LOC18', u'n4': u'LOC13', u'r1': u'a'}
20.0821 	EXP 	whitebackground: autoDraw = False
20.0821 	EXP 	robotS: autoDraw = False
20.0821 	EXP 	node1: autoDraw = False
20.0821 	EXP 	node2: autoDraw = False
20.0821 	EXP 	node3: autoDraw = False
20.0821 	EXP 	node4: autoDraw = False
20.0821 	EXP 	robotF: autoDraw = False
20.0821 	EXP 	select1: autoDraw = False
20.0821 	EXP 	select2: autoDraw = False
20.0821 	EXP 	select3: autoDraw = False
20.0821 	EXP 	select4: autoDraw = False
20.0821 	EXP 	selection: autoDraw = False
20.0821 	EXP 	master: autoDraw = False
20.0821 	EXP 	robotS: pos = array([  40., -210.])
20.0821 	EXP 	node1: fillColor = u'green (named)'
20.0821 	EXP 	node1: pos = array([ 145., -210.])
20.0821 	EXP 	node2: fillColor = u'green (named)'
20.0821 	EXP 	node2: pos = array([ 250., -210.])
20.0821 	EXP 	node3: fillColor = u'blue (named)'
20.0821 	EXP 	node3: pos = array([ 250., -105.])
20.0821 	EXP 	node4: fillColor = u'yellow (named)'
20.0821 	EXP 	node4: pos = array([ 250.,    0.])
20.0821 	EXP 	robotF: pos = array([ 250.,  105.])
20.0821 	EXP 	whitebackground: autoDraw = True
20.0821 	EXP 	robotS: autoDraw = True
20.0821 	EXP 	node1: autoDraw = True
20.0821 	EXP 	node2: autoDraw = True
20.0821 	EXP 	node3: autoDraw = True
20.0821 	EXP 	node4: autoDraw = True
20.0821 	EXP 	robotF: autoDraw = True
20.0821 	EXP 	select1: autoDraw = True
20.0821 	EXP 	select2: autoDraw = True
20.0821 	EXP 	select3: autoDraw = True
20.0821 	EXP 	select4: autoDraw = True
20.0821 	EXP 	selection: autoDraw = True
20.0821 	EXP 	master: autoDraw = True
20.9703 	DATA 	Keypress: a
21.3523 	DATA 	Keypress: a
21.6356 	DATA 	Keypress: a
21.9720 	DATA 	Keypress: a
21.9989 	EXP 	whitebackground: autoDraw = False
21.9989 	EXP 	robotS: autoDraw = False
21.9989 	EXP 	node1: autoDraw = False
21.9989 	EXP 	node2: autoDraw = False
21.9989 	EXP 	node3: autoDraw = False
21.9989 	EXP 	node4: autoDraw = False
21.9989 	EXP 	robotF: autoDraw = False
21.9989 	EXP 	select1: autoDraw = False
21.9989 	EXP 	select2: autoDraw = False
21.9989 	EXP 	select3: autoDraw = False
21.9989 	EXP 	select4: autoDraw = False
21.9989 	EXP 	selection: autoDraw = False
21.9989 	EXP 	master: autoDraw = False
21.9989 	EXP 	Evaluation: autoDraw = True
21.9989 	EXP 	polygon: autoDraw = True
21.9989 	EXP 	polygon_2: autoDraw = True
21.9989 	EXP 	polygon_3: autoDraw = True
21.9989 	EXP 	polygon_4: autoDraw = True
24.0159 	EXP 	choice: autoDraw = True
25.9993 	EXP 	polygon_4: autoDraw = False
26.9994 	EXP 	Evaluation: autoDraw = False
26.9994 	EXP 	polygon: autoDraw = False
26.9994 	EXP 	polygon_2: autoDraw = False
26.9994 	EXP 	polygon_3: autoDraw = False
26.9994 	EXP 	choice: autoDraw = False
27.2701 	DATA 	Keypress: escape
