7.2263 	EXP 	Created window1 = Window(allowGUI=False, allowStencil=False, autoLog=True, bitsMode=UNKNOWN, blendMode='avg', color=array([ 0.,  0.,  0.]), colorSpace='rgb', fullscr=UNKNOWN, gamma=None, lms=UNKNOWN, monitor=<psychopy.monitors.calibTools.Monitor object at 0x113834810>, name='window1', pos=[0, 0], screen=0, size=array([1440,  900]), stereo=False, units='pix', useFBO=True, useRetina=False, viewOri=0.0, viewPos=None, viewScale=None, waitBlanking=True, winType='pyglet')
7.2264 	EXP 	window1: recordFrameIntervals = False
7.3915 	EXP 	window1: recordFrameIntervals = True
7.5751 	EXP 	window1: recordFrameIntervals = False
7.7301 	EXP 	Created welcome = TextStim(alignHoriz='center', alignVert='center', antialias=True, autoLog=True, bold=False, color=u'white', colorSpace='named', contrast=1.0, depth=0.0, flipHoriz=False, flipVert=False, font=u'Arial', fontFiles=[], height=50, italic=False, name='welcome', opacity=1.0, ori=0, pos=array([ 0.,  0.]), rgb=array([ 255.,  255.,  255.]), text=u'Welcome!', units='pix', win=Window(...), wrapWidth=500)
7.7663 	EXP 	Created text = TextStim(alignHoriz='center', alignVert='center', antialias=True, autoLog=True, bold=False, color=u'white', colorSpace='named', contrast=1.0, depth=0.0, flipHoriz=False, flipVert=False, font=u'Arial', fontFiles=[], height=50, italic=False, name='text', opacity=1.0, ori=0, pos=array([ 0.,  0.]), rgb=array([ 255.,  255.,  255.]), text=unicode(...), units='pix', win=Window(...), wrapWidth=500)
7.7768 	EXP 	<method-wrapper '__getattribute__' of attributeSetter object at 0x1108b7dd0>: vertices = array([[-400.,  450.],
       [ 400.,  450.],
       [ 400., -450.],
       [-400., -450.]])
7.7798 	EXP 	Created whitebackground = Rect(autoDraw=False, autoLog=True, closeShape=True, contrast=1.0, depth=-2.0, fillColor=array([ 1.,  1.,  1.]), fillColorSpace='rgb', fillRGB=array([ 1.,  1.,  1.]), interpolate=True, lineColor=array([ 1.,  1.,  1.]), lineColorSpace='rgb', lineRGB=array([ 1.,  1.,  1.]), lineWidth=0, name='whitebackground', opacity=1.0, ori=array(0.0), pos=array([-560.,    0.]), size=array([ 1.,  1.]), units='pix', vertices=ndarray(...), win=Window(...))
7.8675 	EXP 	Created robotS = ImageStim(autoLog=True, color=array([ 1.,  1.,  1.]), colorSpace='rgb', contrast=1.0, depth=-3.0, flipHoriz=False, flipVert=False, image='robot.png', interpolate=True, mask=None, maskParams=None, name='robotS', opacity=1.0, ori=0.0, pos=array([ 0.,  0.]), size=array([ 100.,  100.]), texRes=128, units='pix', win=Window(...))
7.8753 	EXP 	Created node1 = Polygon(autoDraw=False, autoLog=True, closeShape=True, contrast=1.0, depth=-4.0, fillColor=array([ 1.,  1.,  1.]), fillColorSpace='rgb', fillRGB=array([ 1.,  1.,  1.]), interpolate=True, lineColor=array([ 1.,  1.,  1.]), lineColorSpace='rgb', lineRGB=array([ 1.,  1.,  1.]), lineWidth=0, name='node1', opacity=1.0, ori=array(0.0), pos=array([ 0.,  0.]), size=array([ 100.,  100.]), units='pix', vertices=ndarray(...), win=Window(...))
7.8811 	EXP 	Created node2 = Polygon(autoDraw=False, autoLog=True, closeShape=True, contrast=1.0, depth=-5.0, fillColor=array([ 1.,  1.,  1.]), fillColorSpace='rgb', fillRGB=array([ 1.,  1.,  1.]), interpolate=True, lineColor=array([ 1.,  1.,  1.]), lineColorSpace='rgb', lineRGB=array([ 1.,  1.,  1.]), lineWidth=0, name='node2', opacity=1.0, ori=array(0.0), pos=array([ 0.,  0.]), size=array([ 100.,  100.]), units='pix', vertices=ndarray(...), win=Window(...))
7.8881 	EXP 	Created node3 = Polygon(autoDraw=False, autoLog=True, closeShape=True, contrast=1.0, depth=-6.0, fillColor=array([ 1.,  1.,  1.]), fillColorSpace='rgb', fillRGB=array([ 1.,  1.,  1.]), interpolate=True, lineColor=array([ 1.,  1.,  1.]), lineColorSpace='rgb', lineRGB=array([ 1.,  1.,  1.]), lineWidth=0, name='node3', opacity=1.0, ori=array(0.0), pos=array([ 0.,  0.]), size=array([ 100.,  100.]), units='pix', vertices=ndarray(...), win=Window(...))
7.8941 	EXP 	Created node4 = Polygon(autoDraw=False, autoLog=True, closeShape=True, contrast=1.0, depth=-7.0, fillColor=array([ 1.,  1.,  1.]), fillColorSpace='rgb', fillRGB=array([ 1.,  1.,  1.]), interpolate=True, lineColor=array([ 1.,  1.,  1.]), lineColorSpace='rgb', lineRGB=array([ 1.,  1.,  1.]), lineWidth=0, name='node4', opacity=1.0, ori=array(0.0), pos=array([ 0.,  0.]), size=array([ 100.,  100.]), units='pix', vertices=ndarray(...), win=Window(...))
7.9093 	EXP 	Created robotF = ImageStim(autoLog=True, color=array([ 1.,  1.,  1.]), colorSpace='rgb', contrast=1.0, depth=-8.0, flipHoriz=False, flipVert=False, image='robot.png', interpolate=True, mask=None, maskParams=None, name='robotF', opacity=1.0, ori=0.0, pos=array([ 0.,  0.]), size=array([ 100.,  100.]), texRes=128, units='pix', win=Window(...))
7.9149 	EXP 	Created select1 = Polygon(autoDraw=False, autoLog=True, closeShape=True, contrast=1.0, depth=-9.0, fillColor='red', fillColorSpace='named', fillRGB=array([ 255.,    0.,    0.]), interpolate=True, lineColor=array([ 1.,  1.,  1.]), lineColorSpace='rgb', lineRGB=array([ 1.,  1.,  1.]), lineWidth=0, name='select1', opacity=1.0, ori=array(0.0), pos=array([-650.,  100.]), size=array([ 100.,  100.]), units='pix', vertices=ndarray(...), win=Window(...))
7.9204 	EXP 	Created select2 = Polygon(autoDraw=False, autoLog=True, closeShape=True, contrast=1.0, depth=-10.0, fillColor='blue', fillColorSpace='named', fillRGB=array([   0.,    0.,  255.]), interpolate=True, lineColor=array([ 1.,  1.,  1.]), lineColorSpace='rgb', lineRGB=array([ 1.,  1.,  1.]), lineWidth=0, name='select2', opacity=1.0, ori=array(0.0), pos=array([-650.,  -50.]), size=array([ 100.,  100.]), units='pix', vertices=ndarray(...), win=Window(...))
7.9300 	EXP 	Created select3 = Polygon(autoDraw=False, autoLog=True, closeShape=True, contrast=1.0, depth=-11.0, fillColor='yellow', fillColorSpace='named', fillRGB=array([ 255.,  255.,    0.]), interpolate=True, lineColor=array([ 1.,  1.,  1.]), lineColorSpace='rgb', lineRGB=array([ 1.,  1.,  1.]), lineWidth=0, name='select3', opacity=1.0, ori=array(0.0), pos=array([-650., -200.]), size=array([ 100.,  100.]), units='pix', vertices=ndarray(...), win=Window(...))
7.9364 	EXP 	Created select4 = Polygon(autoDraw=False, autoLog=True, closeShape=True, contrast=1.0, depth=-12.0, fillColor='green', fillColorSpace='named', fillRGB=array([   0.,  128.,    0.]), interpolate=True, lineColor=array([ 1.,  1.,  1.]), lineColorSpace='rgb', lineRGB=array([ 1.,  1.,  1.]), lineWidth=0, name='select4', opacity=1.0, ori=array(0.0), pos=array([-650., -350.]), size=array([ 100.,  100.]), units='pix', vertices=ndarray(...), win=Window(...))
7.9623 	EXP 	Created selection = ImageStim(autoLog=True, color=array([ 1.,  1.,  1.]), colorSpace='rgb', contrast=1.0, depth=-13.0, flipHoriz=False, flipVert=False, image=u'shapes.png', interpolate=True, mask=None, maskParams=None, name='selection', opacity=1.0, ori=0.0, pos=array([ 0.,  0.]), size=array([ 531.9,  261.9]), texRes=128, units='pix', win=Window(...))
7.9863 	EXP 	Created master = ImageStim(autoLog=True, color=array([ 1.,  1.,  1.]), colorSpace='rgb', contrast=1.0, depth=-14.0, flipHoriz=False, flipVert=False, image=u'mastershapes.png', interpolate=True, mask=None, maskParams=None, name='master', opacity=1.0, ori=0.0, pos=array([  40.,  210.]), size=array([ 0.5,  0.5]), texRes=128, units='pix', win=Window(...))
8.0103 	EXP 	Created Evaluation = TextStim(alignHoriz='center', alignVert='center', antialias=True, autoLog=True, bold=False, color='white', colorSpace='named', contrast=1.0, depth=-1.0, flipHoriz=False, flipVert=False, font='Arial', fontFiles=[], height=30, italic=False, name='Evaluation', opacity=1.0, ori=0, pos=array([   0.,  300.]), rgb=array([ 255.,  255.,  255.]), text=u'Is this pathway correct? \n', units='pix', win=Window(...), wrapWidth=500)
8.0158 	EXP 	Created polygon = Polygon(autoDraw=False, autoLog=True, closeShape=True, contrast=1.0, depth=-2.0, fillColor=u'red', fillColorSpace='named', fillRGB=array([ 255.,    0.,    0.]), interpolate=True, lineColor=u'red', lineColorSpace='named', lineRGB=array([ 255.,    0.,    0.]), lineWidth=1, name='polygon', opacity=1.0, ori=array(0.0), pos=array([ 250.,    0.]), size=array([ 100.,  100.]), units='pix', vertices=ndarray(...), win=Window(...))
8.0208 	EXP 	Created polygon_2 = Polygon(autoDraw=False, autoLog=True, closeShape=True, contrast=1.0, depth=-3.0, fillColor='green', fillColorSpace='named', fillRGB=array([   0.,  128.,    0.]), interpolate=True, lineColor='green', lineColorSpace='named', lineRGB=array([   0.,  128.,    0.]), lineWidth=1, name='polygon_2', opacity=1.0, ori=array(0.0), pos=array([ 355., -105.]), size=array([ 100.,  100.]), units='pix', vertices=ndarray(...), win=Window(...))
8.0260 	EXP 	Created polygon_3 = Polygon(autoDraw=False, autoLog=True, closeShape=True, contrast=1.0, depth=-4.0, fillColor=u'blue', fillColorSpace='named', fillRGB=array([   0.,    0.,  255.]), interpolate=True, lineColor=u'blue', lineColorSpace='named', lineRGB=array([   0.,    0.,  255.]), lineWidth=1, name='polygon_3', opacity=1.0, ori=array(0.0), pos=array([ 145., -105.]), size=array([ 100.,  100.]), units='pix', vertices=ndarray(...), win=Window(...))
8.0316 	EXP 	Created polygon_4 = Polygon(autoDraw=False, autoLog=True, closeShape=True, contrast=1.0, depth=-5.0, fillColor='blue', fillColorSpace='named', fillRGB=array([   0.,    0.,  255.]), interpolate=True, lineColor='blue', lineColorSpace='named', lineRGB=array([   0.,    0.,  255.]), lineWidth=1, name='polygon_4', opacity=1.0, ori=array(0.0), pos=array([ 250., -105.]), size=array([ 100.,  100.]), units='pix', vertices=ndarray(...), win=Window(...))
8.0443 	EXP 	Created choice = TextStim(alignHoriz='center', alignVert='center', antialias=True, autoLog=True, bold=False, color=u'white', colorSpace='named', contrast=1.0, depth=-6.0, flipHoriz=False, flipVert=False, font=u'Arial', fontFiles=[], height=50, italic=False, name='choice', opacity=1.0, ori=0, pos=array([   0., -300.]), rgb=array([ 255.,  255.,  255.]), text=u"Press 'y' for Yes  \nPress 'n' for No", units='pix', win=Window(...), wrapWidth=500)
8.0562 	EXP 	Created thankyou = TextStim(alignHoriz='center', alignVert='center', antialias=True, autoLog=True, bold=False, color=u'white', colorSpace='named', contrast=1.0, depth=0.0, flipHoriz=False, flipVert=False, font=u'Arial', fontFiles=[], height=50, italic=False, name='thankyou', opacity=1.0, ori=0, pos=array([ 0.,  0.]), rgb=array([ 255.,  255.,  255.]), text=unicode(...), units='pix', win=Window(...), wrapWidth=500)
8.0745 	EXP 	welcome: autoDraw = True
10.0749 	EXP 	welcome: autoDraw = False
10.0749 	EXP 	text: autoDraw = True
11.2421 	DATA 	Keypress: space
11.2504 	EXP 	Imported designs.xlsx as conditions, 3 conditions, 14 params
11.2508 	EXP 	Created sequence: random, trialTypes=3, nReps=1, seed=None
11.2514 	EXP 	New trial (rep=0, index=0): {u'r4': u'd', u'n1col': u'red', u'n2col': u'blue', u'n4col': u'yellow', u'r2': u'b', u'rs': u'LOC5', u'r3': u'c', u'n3col': u'blue', u're': u'LOC12', u'n1': u'LOC10', u'n2': u'LOC15', u'n3': u'LOC14', u'n4': u'LOC13', u'r1': u'a'}
11.2750 	EXP 	text: autoDraw = False
11.2750 	EXP 	robotS: pos = array([ 460.,  210.])
11.2750 	EXP 	node1: fillColor = u'red (named)'
11.2750 	EXP 	node1: pos = array([ 460.,  105.])
11.2750 	EXP 	node2: fillColor = u'blue (named)'
11.2750 	EXP 	node2: pos = array([ 460.,    0.])
11.2750 	EXP 	node3: fillColor = u'blue (named)'
11.2750 	EXP 	node3: pos = array([ 355.,    0.])
11.2750 	EXP 	node4: fillColor = u'yellow (named)'
11.2750 	EXP 	node4: pos = array([ 250.,    0.])
11.2750 	EXP 	robotF: pos = array([ 145.,    0.])
11.2750 	EXP 	whitebackground: autoDraw = True
11.2750 	EXP 	robotS: autoDraw = True
11.2750 	EXP 	node1: autoDraw = True
11.2750 	EXP 	node2: autoDraw = True
11.2750 	EXP 	node3: autoDraw = True
11.2750 	EXP 	node4: autoDraw = True
11.2750 	EXP 	robotF: autoDraw = True
11.2750 	EXP 	select1: autoDraw = True
11.2750 	EXP 	select2: autoDraw = True
11.2750 	EXP 	select3: autoDraw = True
11.2750 	EXP 	select4: autoDraw = True
11.2750 	EXP 	selection: autoDraw = True
11.2750 	EXP 	master: autoDraw = True
12.2584 	EXP 	master: autoDraw = False
22.4113 	DATA 	Keypress: space
23.3296 	DATA 	Keypress: a
23.6627 	DATA 	Keypress: a
24.0126 	DATA 	Keypress: a
24.3495 	DATA 	Keypress: a
24.3626 	EXP 	New trial (rep=0, index=1): {u'r4': u'd', u'n1col': u'red', u'n2col': u'red', u'n4col': u'blue', u'r2': u'b', u'rs': u'LOC11', u'r3': u'c', u'n3col': u'red', u're': u'LOC20', u'n1': u'LOC12', u'n2': u'LOC13', u'n3': u'LOC18', u'n4': u'LOC19', u'r1': u'a'}
24.3763 	EXP 	whitebackground: autoDraw = False
24.3763 	EXP 	robotS: autoDraw = False
24.3763 	EXP 	node1: autoDraw = False
24.3763 	EXP 	node2: autoDraw = False
24.3763 	EXP 	node3: autoDraw = False
24.3763 	EXP 	node4: autoDraw = False
24.3763 	EXP 	robotF: autoDraw = False
24.3763 	EXP 	select1: autoDraw = False
24.3763 	EXP 	select2: autoDraw = False
24.3763 	EXP 	select3: autoDraw = False
24.3763 	EXP 	select4: autoDraw = False
24.3763 	EXP 	selection: autoDraw = False
24.3763 	EXP 	master: autoDraw = False
24.3763 	EXP 	robotS: pos = array([ 40.,   0.])
24.3763 	EXP 	node1: fillColor = u'red (named)'
24.3763 	EXP 	node1: pos = array([ 145.,    0.])
24.3763 	EXP 	node2: fillColor = u'red (named)'
24.3763 	EXP 	node2: pos = array([ 250.,    0.])
24.3763 	EXP 	node3: fillColor = u'red (named)'
24.3763 	EXP 	node3: pos = array([ 250., -105.])
24.3763 	EXP 	node4: fillColor = u'blue (named)'
24.3763 	EXP 	node4: pos = array([ 355., -105.])
24.3763 	EXP 	robotF: pos = array([ 460., -105.])
24.3763 	EXP 	whitebackground: autoDraw = True
24.3763 	EXP 	robotS: autoDraw = True
24.3763 	EXP 	node1: autoDraw = True
24.3763 	EXP 	node2: autoDraw = True
24.3763 	EXP 	node3: autoDraw = True
24.3763 	EXP 	node4: autoDraw = True
24.3763 	EXP 	robotF: autoDraw = True
24.3763 	EXP 	select1: autoDraw = True
24.3763 	EXP 	select2: autoDraw = True
24.3763 	EXP 	select3: autoDraw = True
24.3763 	EXP 	select4: autoDraw = True
24.3763 	EXP 	selection: autoDraw = True
24.3763 	EXP 	master: autoDraw = True
24.7964 	DATA 	Keypress: a
25.0994 	DATA 	Keypress: a
25.3765 	EXP 	master: autoDraw = False
25.3964 	DATA 	Keypress: a
25.7461 	DATA 	Keypress: a
25.7487 	EXP 	New trial (rep=0, index=2): {u'r4': u'd', u'n1col': u'green', u'n2col': u'green', u'n4col': u'yellow', u'r2': u'b', u'rs': u'LOC21', u'r3': u'c', u'n3col': u'blue', u're': u'LOC8', u'n1': u'LOC22', u'n2': u'LOC23', u'n3': u'LOC18', u'n4': u'LOC13', u'r1': u'a'}
25.7765 	EXP 	whitebackground: autoDraw = False
25.7765 	EXP 	robotS: autoDraw = False
25.7765 	EXP 	node1: autoDraw = False
25.7765 	EXP 	node2: autoDraw = False
25.7765 	EXP 	node3: autoDraw = False
25.7765 	EXP 	node4: autoDraw = False
25.7765 	EXP 	robotF: autoDraw = False
25.7765 	EXP 	select1: autoDraw = False
25.7765 	EXP 	select2: autoDraw = False
25.7765 	EXP 	select3: autoDraw = False
25.7765 	EXP 	select4: autoDraw = False
25.7765 	EXP 	selection: autoDraw = False
25.7765 	EXP 	master: autoDraw = False
25.7765 	EXP 	robotS: pos = array([  40., -210.])
25.7765 	EXP 	node1: fillColor = u'green (named)'
25.7765 	EXP 	node1: pos = array([ 145., -210.])
25.7765 	EXP 	node2: fillColor = u'green (named)'
25.7765 	EXP 	node2: pos = array([ 250., -210.])
25.7765 	EXP 	node3: fillColor = u'blue (named)'
25.7765 	EXP 	node3: pos = array([ 250., -105.])
25.7765 	EXP 	node4: fillColor = u'yellow (named)'
25.7765 	EXP 	node4: pos = array([ 250.,    0.])
25.7765 	EXP 	robotF: pos = array([ 250.,  105.])
25.7765 	EXP 	whitebackground: autoDraw = True
25.7765 	EXP 	robotS: autoDraw = True
25.7765 	EXP 	node1: autoDraw = True
25.7765 	EXP 	node2: autoDraw = True
25.7765 	EXP 	node3: autoDraw = True
25.7765 	EXP 	node4: autoDraw = True
25.7765 	EXP 	robotF: autoDraw = True
25.7765 	EXP 	select1: autoDraw = True
25.7765 	EXP 	select2: autoDraw = True
25.7765 	EXP 	select3: autoDraw = True
25.7765 	EXP 	select4: autoDraw = True
25.7765 	EXP 	selection: autoDraw = True
25.7765 	EXP 	master: autoDraw = True
26.1300 	DATA 	Keypress: a
26.4329 	DATA 	Keypress: a
26.7597 	EXP 	master: autoDraw = False
26.7631 	DATA 	Keypress: a
27.0964 	DATA 	Keypress: a
27.1097 	EXP 	whitebackground: autoDraw = False
27.1097 	EXP 	robotS: autoDraw = False
27.1097 	EXP 	node1: autoDraw = False
27.1097 	EXP 	node2: autoDraw = False
27.1097 	EXP 	node3: autoDraw = False
27.1097 	EXP 	node4: autoDraw = False
27.1097 	EXP 	robotF: autoDraw = False
27.1097 	EXP 	select1: autoDraw = False
27.1097 	EXP 	select2: autoDraw = False
27.1097 	EXP 	select3: autoDraw = False
27.1097 	EXP 	select4: autoDraw = False
27.1097 	EXP 	selection: autoDraw = False
27.1097 	EXP 	master: autoDraw = False
27.1097 	EXP 	Evaluation: autoDraw = True
27.1097 	EXP 	polygon: autoDraw = True
27.1097 	EXP 	polygon_2: autoDraw = True
27.1097 	EXP 	polygon_3: autoDraw = True
27.1097 	EXP 	polygon_4: autoDraw = True
28.6137 	DATA 	Keypress: escape
