6.9883 	EXP 	Created window1 = Window(allowGUI=False, allowStencil=False, autoLog=True, bitsMode=UNKNOWN, blendMode='avg', color='black', colorSpace='named', fullscr=UNKNOWN, gamma=None, lms=UNKNOWN, monitor=<psychopy.monitors.calibTools.Monitor object at 0x112c7cad0>, name='window1', pos=[0, 0], screen=0, size=array([1440,  900]), stereo=False, units='pix', useFBO=True, useRetina=False, viewOri=0.0, viewPos=None, viewScale=None, waitBlanking=True, winType='pyglet')
6.9884 	EXP 	window1: recordFrameIntervals = False
7.1539 	EXP 	window1: recordFrameIntervals = True
7.3373 	EXP 	window1: recordFrameIntervals = False
7.4981 	EXP 	Created welcome = TextStim(alignHoriz='center', alignVert='center', antialias=True, autoLog=True, bold=False, color='white', colorSpace='named', contrast=1.0, depth=-1.0, flipHoriz=False, flipVert=False, font='Arial', fontFiles=[], height=100, italic=False, name='welcome', opacity=1.0, ori=0, pos=array([ 0.,  0.]), rgb=array([ 255.,  255.,  255.]), text=u'Welcome!', units='pix', win=Window(...), wrapWidth=500)
7.5350 	EXP 	Created instruct = TextStim(alignHoriz='center', alignVert='center', antialias=True, autoLog=True, bold=False, color='white', colorSpace='named', contrast=1.0, depth=-2.0, flipHoriz=False, flipVert=False, font='Arial', fontFiles=[], height=50, italic=False, name='instruct', opacity=1.0, ori=0, pos=array([ 0.,  0.]), rgb=array([ 255.,  255.,  255.]), text=unicode(...), units='pix', win=Window(...), wrapWidth=500)
7.6246 	EXP 	Created rob0 = ImageStim(autoLog=True, color=array([ 1.,  1.,  1.]), colorSpace='rgb', contrast=1.0, depth=-3.0, flipHoriz=False, flipVert=False, image='robot1.png', interpolate=True, mask=None, maskParams=None, name='rob0', opacity=1.0, ori=0.0, pos=array([-250., -100.]), size=array([ 200.,  200.]), texRes=128, units='pix', win=Window(...))
7.6382 	EXP 	Created robb = ImageStim(autoLog=True, color=array([ 1.,  1.,  1.]), colorSpace='rgb', contrast=1.0, depth=-4.0, flipHoriz=False, flipVert=False, image='robot1.png', interpolate=True, mask=None, maskParams=None, name='robb', opacity=1.0, ori=0.0, pos=array([ 250., -100.]), size=array([ 200.,  200.]), texRes=128, units='pix', win=Window(...))
7.6558 	EXP 	Created na = Polygon(autoDraw=False, autoLog=True, closeShape=True, contrast=1.0, depth=-5.0, fillColor='blue', fillColorSpace='named', fillRGB=array([   0.,    0.,  255.]), interpolate=True, lineColor='blue', lineColorSpace='named', lineRGB=array([   0.,    0.,  255.]), lineWidth=1, name='na', opacity=1.0, ori=array(0.0), pos=array([ 0.,  0.]), size=array([ 1.,  1.]), units='pix', vertices=ndarray(...), win=Window(...))
7.6631 	EXP 	Created nb = Polygon(autoDraw=False, autoLog=True, closeShape=True, contrast=1.0, depth=-6.0, fillColor='blue', fillColorSpace='named', fillRGB=array([   0.,    0.,  255.]), interpolate=True, lineColor='blue', lineColorSpace='named', lineRGB=array([   0.,    0.,  255.]), lineWidth=1, name='nb', opacity=1.0, ori=array(0.0), pos=array([ 0.,  0.]), size=array([ 1.,  1.]), units='pix', vertices=ndarray(...), win=Window(...))
7.6709 	EXP 	Created nc = Polygon(autoDraw=False, autoLog=True, closeShape=True, contrast=1.0, depth=-7.0, fillColor='blue', fillColorSpace='named', fillRGB=array([   0.,    0.,  255.]), interpolate=True, lineColor='blue', lineColorSpace='named', lineRGB=array([   0.,    0.,  255.]), lineWidth=1, name='nc', opacity=1.0, ori=array(0.0), pos=array([ 0.,  0.]), size=array([ 1.,  1.]), units='pix', vertices=ndarray(...), win=Window(...))
7.6736 	EXP 	<method-wrapper '__getattribute__' of attributeSetter object at 0x10efc90d0>: vertices = array([[-55.,  20.],
       [ 55.,  20.],
       [ 55., -20.],
       [-55., -20.]])
7.6756 	EXP 	Created s1 = Rect(autoDraw=False, autoLog=True, closeShape=True, contrast=1.0, depth=-8.0, fillColor='black', fillColorSpace='named', fillRGB=array([ 0.,  0.,  0.]), interpolate=True, lineColor='black', lineColorSpace='named', lineRGB=array([ 0.,  0.,  0.]), lineWidth=1, name='s1', opacity=1.0, ori=array(0.0), pos=array([-110., -100.]), size=array([ 1.,  1.]), units='pix', vertices=ndarray(...), win=Window(...))
7.6760 	EXP 	<method-wrapper '__getattribute__' of attributeSetter object at 0x10efc90d0>: vertices = array([[-55.,  20.],
       [ 55.,  20.],
       [ 55., -20.],
       [-55., -20.]])
7.6773 	EXP 	Created s2 = Rect(autoDraw=False, autoLog=True, closeShape=True, contrast=1.0, depth=-9.0, fillColor='black', fillColorSpace='named', fillRGB=array([ 0.,  0.,  0.]), interpolate=True, lineColor='black', lineColorSpace='named', lineRGB=array([ 0.,  0.,  0.]), lineWidth=1, name='s2', opacity=1.0, ori=array(0.0), pos=array([   0., -100.]), size=array([ 1.,  1.]), units='pix', vertices=ndarray(...), win=Window(...))
7.6777 	EXP 	<method-wrapper '__getattribute__' of attributeSetter object at 0x10efc90d0>: vertices = array([[-55.,  20.],
       [ 55.,  20.],
       [ 55., -20.],
       [-55., -20.]])
7.6790 	EXP 	Created s3 = Rect(autoDraw=False, autoLog=True, closeShape=True, contrast=1.0, depth=-10.0, fillColor='black', fillColorSpace='named', fillRGB=array([ 0.,  0.,  0.]), interpolate=True, lineColor='black', lineColorSpace='named', lineRGB=array([ 0.,  0.,  0.]), lineWidth=1, name='s3', opacity=1.0, ori=array(0.0), pos=array([ 110., -100.]), size=array([ 1.,  1.]), units='pix', vertices=ndarray(...), win=Window(...))
8.1486 	EXP 	Created heart = ImageStim(autoLog=True, color=array([ 1.,  1.,  1.]), colorSpace='rgb', contrast=1.0, depth=-11.0, flipHoriz=False, flipVert=False, image='heart.png', interpolate=True, mask=None, maskParams=None, name='heart', opacity=1.0, ori=0.0, pos=array([   0., -100.]), size=array([ 1.,  1.]), texRes=128, units='pix', win=Window(...))
8.2435 	EXP 	Created text_2 = TextStim(alignHoriz='center', alignVert='center', antialias=True, autoLog=True, bold=False, color='white', colorSpace='named', contrast=1.0, depth=-1.0, flipHoriz=False, flipVert=False, font='Arial', fontFiles=[], height=40, italic=False, name='text_2', opacity=1.0, ori=0, pos=array([ 0.,  0.]), rgb=array([ 255.,  255.,  255.]), text=u"Let's take an example", units='pix', win=Window(...), wrapWidth=500)
8.2534 	EXP 	Created nod1 = Polygon(autoDraw=False, autoLog=True, closeShape=True, contrast=1.0, depth=-2.0, fillColor=array([ 1.,  1.,  1.]), fillColorSpace='rgb', fillRGB=array([ 1.,  1.,  1.]), interpolate=True, lineColor='red', lineColorSpace='named', lineRGB=array([ 255.,    0.,    0.]), lineWidth=1, name='nod1', opacity=1.0, ori=array(0.0), pos=array([ 0.,  0.]), size=array([ 100.,  100.]), units='pix', vertices=ndarray(...), win=Window(...))
8.2635 	EXP 	Created nod2 = Polygon(autoDraw=False, autoLog=True, closeShape=True, contrast=1.0, depth=-3.0, fillColor=array([ 1.,  1.,  1.]), fillColorSpace='rgb', fillRGB=array([ 1.,  1.,  1.]), interpolate=True, lineColor=array([ 1.,  1.,  1.]), lineColorSpace='rgb', lineRGB=array([ 1.,  1.,  1.]), lineWidth=1, name='nod2', opacity=1.0, ori=array(0.0), pos=array([ 0.,  0.]), size=array([ 100.,  100.]), units='pix', vertices=ndarray(...), win=Window(...))
8.2721 	EXP 	Created nod3 = Polygon(autoDraw=False, autoLog=True, closeShape=True, contrast=1.0, depth=-4.0, fillColor=array([ 1.,  1.,  1.]), fillColorSpace='rgb', fillRGB=array([ 1.,  1.,  1.]), interpolate=True, lineColor=array([ 1.,  1.,  1.]), lineColorSpace='rgb', lineRGB=array([ 1.,  1.,  1.]), lineWidth=1, name='nod3', opacity=1.0, ori=array(0.0), pos=array([ 135.,  115.]), size=array([ 100.,  100.]), units='pix', vertices=ndarray(...), win=Window(...))
8.2784 	EXP 	Created nod4 = Polygon(autoDraw=False, autoLog=True, closeShape=True, contrast=1.0, depth=-5.0, fillColor=array([ 1.,  1.,  1.]), fillColorSpace='rgb', fillRGB=array([ 1.,  1.,  1.]), interpolate=True, lineColor=array([ 1.,  1.,  1.]), lineColorSpace='rgb', lineRGB=array([ 1.,  1.,  1.]), lineWidth=1, name='nod4', opacity=1.0, ori=array(0.0), pos=array([ 250.,  115.]), size=array([ 100.,  100.]), units='pix', vertices=ndarray(...), win=Window(...))
8.2905 	EXP 	Created rob1 = ImageStim(autoLog=True, color=array([ 1.,  1.,  1.]), colorSpace='rgb', contrast=1.0, depth=-6.0, flipHoriz=False, flipVert=False, image='robot1.png', interpolate=True, mask=None, maskParams=None, name='rob1', opacity=1.0, ori=1.0, pos=array([  20., -115.]), size=array([ 100.,  100.]), texRes=128, units='pix', win=Window(...))
8.2931 	EXP 	Created rob2 = ImageStim(autoLog=True, color=array([ 1.,  1.,  1.]), colorSpace='rgb', contrast=1.0, depth=-7.0, flipHoriz=False, flipVert=False, image='sin', interpolate=True, mask=None, maskParams=None, name='rob2', opacity=1.0, ori=0.0, pos=array([ 365.,  115.]), size=array([ 100.,  100.]), texRes=128, units='pix', win=Window(...))
8.2936 	EXP 	<method-wrapper '__getattribute__' of attributeSetter object at 0x10efc90d0>: vertices = array([[-0.5,  0.5],
       [ 0.5,  0.5],
       [ 0.5, -0.5],
       [-0.5, -0.5]])
8.2949 	EXP 	Created sh1 = Rect(autoDraw=False, autoLog=True, closeShape=True, contrast=1.0, depth=-9.0, fillColor='black', fillColorSpace='named', fillRGB=array([ 0.,  0.,  0.]), interpolate=True, lineColor='black', lineColorSpace='named', lineRGB=array([ 0.,  0.,  0.]), lineWidth=1, name='sh1', opacity=1.0, ori=array(0.0), pos=array([ 20.,   0.]), size=array([ 1.,  1.]), units='pix', vertices=ndarray(...), win=Window(...))
8.2953 	EXP 	<method-wrapper '__getattribute__' of attributeSetter object at 0x10efc90d0>: vertices = array([[-30.,  20.],
       [ 30.,  20.],
       [ 30., -20.],
       [-30., -20.]])
8.2966 	EXP 	Created sh2a = Rect(autoDraw=False, autoLog=True, closeShape=True, contrast=1.0, depth=-10.0, fillColor='black', fillColorSpace='named', fillRGB=array([ 0.,  0.,  0.]), interpolate=True, lineColor='black', lineColorSpace='named', lineRGB=array([ 0.,  0.,  0.]), lineWidth=1, name='sh2a', opacity=1.0, ori=array(0.0), pos=array([  50.,  113.]), size=array([ 1.,  1.]), units='pix', vertices=ndarray(...), win=Window(...))
8.2970 	EXP 	<method-wrapper '__getattribute__' of attributeSetter object at 0x10efc90d0>: vertices = array([[-20.,  40.],
       [ 20.,  40.],
       [ 20., -40.],
       [-20., -40.]])
8.2989 	EXP 	Created sh2b = Rect(autoDraw=False, autoLog=True, closeShape=True, contrast=1.0, depth=-11.0, fillColor='black', fillColorSpace='named', fillRGB=array([ 0.,  0.,  0.]), interpolate=True, lineColor='black', lineColorSpace='named', lineRGB=array([ 0.,  0.,  0.]), lineWidth=1, name='sh2b', opacity=1.0, ori=array(0.0), pos=array([ 22.,  93.]), size=array([ 1.,  1.]), units='pix', vertices=ndarray(...), win=Window(...))
8.2994 	EXP 	<method-wrapper '__getattribute__' of attributeSetter object at 0x10efc90d0>: vertices = array([[-55.,  20.],
       [ 55.,  20.],
       [ 55., -20.],
       [-55., -20.]])
8.3010 	EXP 	Created sh3 = Rect(autoDraw=False, autoLog=True, closeShape=True, contrast=1.0, depth=-12.0, fillColor='black', fillColorSpace='named', fillRGB=array([ 0.,  0.,  0.]), interpolate=True, lineColor='black', lineColorSpace='named', lineRGB=array([ 0.,  0.,  0.]), lineWidth=1, name='sh3', opacity=1.0, ori=array(0.0), pos=array([ 135.,  115.]), size=array([ 1.,  1.]), units='pix', vertices=ndarray(...), win=Window(...))
8.3015 	EXP 	<method-wrapper '__getattribute__' of attributeSetter object at 0x10efc90d0>: vertices = array([[-55.,  20.],
       [ 55.,  20.],
       [ 55., -20.],
       [-55., -20.]])
8.3035 	EXP 	Created sh4 = Rect(autoDraw=False, autoLog=True, closeShape=True, contrast=1.0, depth=-13.0, fillColor='black', fillColorSpace='named', fillRGB=array([ 0.,  0.,  0.]), interpolate=True, lineColor='black', lineColorSpace='named', lineRGB=array([ 0.,  0.,  0.]), lineWidth=1, name='sh4', opacity=1.0, ori=array(0.0), pos=array([ 250.,  115.]), size=array([ 1.,  1.]), units='pix', vertices=ndarray(...), win=Window(...))
8.3220 	EXP 	Created star = TextStim(alignHoriz='center', alignVert='center', antialias=True, autoLog=True, bold=False, color='white', colorSpace='named', contrast=1.0, depth=0.0, flipHoriz=False, flipVert=False, font='Arial', fontFiles=[], height=50, italic=False, name='star', opacity=1.0, ori=0, pos=array([ 0.,  0.]), rgb=array([ 255.,  255.,  255.]), text=unicode(...), units='pix', win=Window(...), wrapWidth=500)
8.3225 	EXP 	<method-wrapper '__getattribute__' of attributeSetter object at 0x10efc90d0>: vertices = array([[-400.,  450.],
       [ 400.,  450.],
       [ 400., -450.],
       [-400., -450.]])
8.3249 	EXP 	Created whitebackground = Rect(autoDraw=False, autoLog=True, closeShape=True, contrast=1.0, depth=-2.0, fillColor=array([ 1.,  1.,  1.]), fillColorSpace='rgb', fillRGB=array([ 1.,  1.,  1.]), interpolate=True, lineColor=array([ 1.,  1.,  1.]), lineColorSpace='rgb', lineRGB=array([ 1.,  1.,  1.]), lineWidth=0, name='whitebackground', opacity=1.0, ori=array(0.0), pos=array([-560.,    0.]), size=array([ 1.,  1.]), units='pix', vertices=ndarray(...), win=Window(...))
8.3379 	EXP 	Created robotS = ImageStim(autoLog=True, color=array([ 1.,  1.,  1.]), colorSpace='rgb', contrast=1.0, depth=-3.0, flipHoriz=False, flipVert=False, image='robot1.png', interpolate=True, mask=None, maskParams=None, name='robotS', opacity=1.0, ori=0.0, pos=array([ 0.,  0.]), size=array([ 100.,  100.]), texRes=128, units='pix', win=Window(...))
8.3450 	EXP 	Created node1 = Polygon(autoDraw=False, autoLog=True, closeShape=True, contrast=1.0, depth=-4.0, fillColor=array([ 1.,  1.,  1.]), fillColorSpace='rgb', fillRGB=array([ 1.,  1.,  1.]), interpolate=True, lineColor=array([ 1.,  1.,  1.]), lineColorSpace='rgb', lineRGB=array([ 1.,  1.,  1.]), lineWidth=0, name='node1', opacity=1.0, ori=array(0.0), pos=array([ 0.,  0.]), size=array([ 100.,  100.]), units='pix', vertices=ndarray(...), win=Window(...))
8.3517 	EXP 	Created node2 = Polygon(autoDraw=False, autoLog=True, closeShape=True, contrast=1.0, depth=-5.0, fillColor=array([ 1.,  1.,  1.]), fillColorSpace='rgb', fillRGB=array([ 1.,  1.,  1.]), interpolate=True, lineColor=array([ 1.,  1.,  1.]), lineColorSpace='rgb', lineRGB=array([ 1.,  1.,  1.]), lineWidth=0, name='node2', opacity=1.0, ori=array(0.0), pos=array([ 0.,  0.]), size=array([ 100.,  100.]), units='pix', vertices=ndarray(...), win=Window(...))
8.3578 	EXP 	Created node3 = Polygon(autoDraw=False, autoLog=True, closeShape=True, contrast=1.0, depth=-6.0, fillColor=array([ 1.,  1.,  1.]), fillColorSpace='rgb', fillRGB=array([ 1.,  1.,  1.]), interpolate=True, lineColor=array([ 1.,  1.,  1.]), lineColorSpace='rgb', lineRGB=array([ 1.,  1.,  1.]), lineWidth=0, name='node3', opacity=1.0, ori=array(0.0), pos=array([ 0.,  0.]), size=array([ 100.,  100.]), units='pix', vertices=ndarray(...), win=Window(...))
8.3654 	EXP 	Created node4 = Polygon(autoDraw=False, autoLog=True, closeShape=True, contrast=1.0, depth=-7.0, fillColor=array([ 1.,  1.,  1.]), fillColorSpace='rgb', fillRGB=array([ 1.,  1.,  1.]), interpolate=True, lineColor=array([ 1.,  1.,  1.]), lineColorSpace='rgb', lineRGB=array([ 1.,  1.,  1.]), lineWidth=0, name='node4', opacity=1.0, ori=array(0.0), pos=array([ 0.,  0.]), size=array([ 100.,  100.]), units='pix', vertices=ndarray(...), win=Window(...))
8.3746 	EXP 	Created node5 = Polygon(autoDraw=False, autoLog=True, closeShape=True, contrast=1.0, depth=-8.0, fillColor=array([ 1.,  1.,  1.]), fillColorSpace='rgb', fillRGB=array([ 1.,  1.,  1.]), interpolate=True, lineColor=array([ 1.,  1.,  1.]), lineColorSpace='rgb', lineRGB=array([ 1.,  1.,  1.]), lineWidth=0, name='node5', opacity=1.0, ori=array(0.0), pos=array([ 0.,  0.]), size=array([ 100.,  100.]), units='pix', vertices=ndarray(...), win=Window(...))
8.3870 	EXP 	Created robotF = ImageStim(autoLog=True, color=array([ 1.,  1.,  1.]), colorSpace='rgb', contrast=1.0, depth=-9.0, flipHoriz=False, flipVert=False, image='robot1.png', interpolate=True, mask=None, maskParams=None, name='robotF', opacity=1.0, ori=0.0, pos=array([ 0.,  0.]), size=array([ 100.,  100.]), texRes=128, units='pix', win=Window(...))
8.3948 	EXP 	Created select1 = Polygon(autoDraw=False, autoLog=True, closeShape=True, contrast=1.0, depth=-10.0, fillColor='red', fillColorSpace='named', fillRGB=array([ 255.,    0.,    0.]), interpolate=True, lineColor=array([ 1.,  1.,  1.]), lineColorSpace='rgb', lineRGB=array([ 1.,  1.,  1.]), lineWidth=0, name='select1', opacity=1.0, ori=array(0.0), pos=array([-630.,    0.]), size=array([ 100.,  100.]), units='pix', vertices=ndarray(...), win=Window(...))
8.4031 	EXP 	Created select2 = Polygon(autoDraw=False, autoLog=True, closeShape=True, contrast=1.0, depth=-11.0, fillColor='blue', fillColorSpace='named', fillRGB=array([   0.,    0.,  255.]), interpolate=True, lineColor=array([ 1.,  1.,  1.]), lineColorSpace='rgb', lineRGB=array([ 1.,  1.,  1.]), lineWidth=0, name='select2', opacity=1.0, ori=array(0.0), pos=array([-630., -120.]), size=array([ 100.,  100.]), units='pix', vertices=ndarray(...), win=Window(...))
8.4106 	EXP 	Created select3 = Polygon(autoDraw=False, autoLog=True, closeShape=True, contrast=1.0, depth=-12.0, fillColor='yellow', fillColorSpace='named', fillRGB=array([ 255.,  255.,    0.]), interpolate=True, lineColor=array([ 1.,  1.,  1.]), lineColorSpace='rgb', lineRGB=array([ 1.,  1.,  1.]), lineWidth=0, name='select3', opacity=1.0, ori=array(0.0), pos=array([-630., -240.]), size=array([ 100.,  100.]), units='pix', vertices=ndarray(...), win=Window(...))
8.4189 	EXP 	Created select4 = Polygon(autoDraw=False, autoLog=True, closeShape=True, contrast=1.0, depth=-13.0, fillColor='green', fillColorSpace='named', fillRGB=array([   0.,  128.,    0.]), interpolate=True, lineColor=array([ 1.,  1.,  1.]), lineColorSpace='rgb', lineRGB=array([ 1.,  1.,  1.]), lineWidth=0, name='select4', opacity=1.0, ori=array(0.0), pos=array([-630., -360.]), size=array([ 100.,  100.]), units='pix', vertices=ndarray(...), win=Window(...))
8.4452 	EXP 	Created selection = ImageStim(autoLog=True, color=array([ 1.,  1.,  1.]), colorSpace='rgb', contrast=1.0, depth=-14.0, flipHoriz=False, flipVert=False, image='mastershapes.png', interpolate=True, mask=None, maskParams=None, name='selection', opacity=1.0, ori=0.0, pos=array([ 0.,  0.]), size=array([ 500.,  400.]), texRes=128, units='pix', win=Window(...))
8.4933 	EXP 	Created sel = TextStim(alignHoriz='center', alignVert='center', antialias=True, autoLog=True, bold=False, color='black', colorSpace='named', contrast=1.0, depth=-15.0, flipHoriz=False, flipVert=False, font='Arial', fontFiles=[], height=30, italic=False, name='sel', opacity=1.0, ori=0, pos=array([-450.,  250.]), rgb=array([ 0.,  0.,  0.]), text=unicode(...), units='pix', win=Window(...), wrapWidth=500)
8.5116 	EXP 	Created Evaluation = TextStim(alignHoriz='center', alignVert='center', antialias=True, autoLog=True, bold=False, color=u'white', colorSpace='named', contrast=1.0, depth=-1.0, flipHoriz=False, flipVert=False, font=u'Arial', fontFiles=[], height=40, italic=False, name='Evaluation', opacity=1.0, ori=0, pos=array([   0.,  300.]), rgb=array([ 255.,  255.,  255.]), text=unicode(...), units='pix', win=Window(...), wrapWidth=500)
8.5179 	EXP 	Created polygon = Polygon(autoDraw=False, autoLog=True, closeShape=True, contrast=1.0, depth=-2.0, fillColor=array([ 1.,  1.,  1.]), fillColorSpace='rgb', fillRGB=array([ 1.,  1.,  1.]), interpolate=True, lineColor=array([ 1.,  1.,  1.]), lineColorSpace='rgb', lineRGB=array([ 1.,  1.,  1.]), lineWidth=1, name='polygon', opacity=1.0, ori=array(0.0), pos=array([ 0.,  0.]), size=array([ 100.,  100.]), units='pix', vertices=ndarray(...), win=Window(...))
8.5240 	EXP 	Created polygon_2 = Polygon(autoDraw=False, autoLog=True, closeShape=True, contrast=1.0, depth=-3.0, fillColor=array([ 1.,  1.,  1.]), fillColorSpace='rgb', fillRGB=array([ 1.,  1.,  1.]), interpolate=True, lineColor=array([ 1.,  1.,  1.]), lineColorSpace='rgb', lineRGB=array([ 1.,  1.,  1.]), lineWidth=1, name='polygon_2', opacity=1.0, ori=array(0.0), pos=array([ 0.,  0.]), size=array([ 100.,  100.]), units='pix', vertices=ndarray(...), win=Window(...))
8.5300 	EXP 	Created polygon_3 = Polygon(autoDraw=False, autoLog=True, closeShape=True, contrast=1.0, depth=-4.0, fillColor=array([ 1.,  1.,  1.]), fillColorSpace='rgb', fillRGB=array([ 1.,  1.,  1.]), interpolate=True, lineColor=array([ 1.,  1.,  1.]), lineColorSpace='rgb', lineRGB=array([ 1.,  1.,  1.]), lineWidth=1, name='polygon_3', opacity=1.0, ori=array(0.0), pos=array([ 0.,  0.]), size=array([ 100.,  100.]), units='pix', vertices=ndarray(...), win=Window(...))
8.5405 	EXP 	Created polygon_4 = Polygon(autoDraw=False, autoLog=True, closeShape=True, contrast=1.0, depth=-5.0, fillColor=array([ 1.,  1.,  1.]), fillColorSpace='rgb', fillRGB=array([ 1.,  1.,  1.]), interpolate=True, lineColor=array([ 1.,  1.,  1.]), lineColorSpace='rgb', lineRGB=array([ 1.,  1.,  1.]), lineWidth=1, name='polygon_4', opacity=1.0, ori=array(0.0), pos=array([ 0.,  0.]), size=array([ 100.,  100.]), units='pix', vertices=ndarray(...), win=Window(...))
8.5479 	EXP 	Created polygon_5 = Polygon(autoDraw=False, autoLog=True, closeShape=True, contrast=1.0, depth=-6.0, fillColor=array([ 1.,  1.,  1.]), fillColorSpace='rgb', fillRGB=array([ 1.,  1.,  1.]), interpolate=True, lineColor=array([ 1.,  1.,  1.]), lineColorSpace='rgb', lineRGB=array([ 1.,  1.,  1.]), lineWidth=1, name='polygon_5', opacity=1.0, ori=array(0.0), pos=array([ 0.,  0.]), size=array([ 100.,  100.]), units='pix', vertices=ndarray(...), win=Window(...))
8.5588 	EXP 	Created choice = TextStim(alignHoriz='center', alignVert='center', antialias=True, autoLog=True, bold=False, color='white', colorSpace='named', contrast=1.0, depth=-7.0, flipHoriz=False, flipVert=False, font='Arial', fontFiles=[], height=50, italic=False, name='choice', opacity=1.0, ori=0, pos=array([   0., -300.]), rgb=array([ 255.,  255.,  255.]), text=u'default text', units='pix', win=Window(...), wrapWidth=500)
8.5739 	EXP 	Created ro = ImageStim(autoLog=True, color=array([ 1.,  1.,  1.]), colorSpace='rgb', contrast=1.0, depth=-8.0, flipHoriz=False, flipVert=False, image='robot1.png', interpolate=True, mask=None, maskParams=None, name='ro', opacity=1.0, ori=0.0, pos=array([ 0.,  0.]), size=array([ 100.,  100.]), texRes=128, units='pix', win=Window(...))
8.5856 	EXP 	Created rq = ImageStim(autoLog=True, color=array([ 1.,  1.,  1.]), colorSpace='rgb', contrast=1.0, depth=-9.0, flipHoriz=False, flipVert=False, image='robot1.png', interpolate=True, mask=None, maskParams=None, name='rq', opacity=1.0, ori=0.0, pos=array([ 0.,  0.]), size=array([ 100.,  100.]), texRes=128, units='pix', win=Window(...))
8.5909 	EXP 	Created feedback = TextStim(alignHoriz='center', alignVert='center', antialias=True, autoLog=True, bold=False, color=u'white', colorSpace='named', contrast=1.0, depth=-1.0, flipHoriz=False, flipVert=False, font=u'Arial', fontFiles=[], height=50, italic=False, name='feedback', opacity=1.0, ori=0, pos=array([ 0.,  0.]), rgb=array([ 255.,  255.,  255.]), text=u'default text', units='pix', win=Window(...), wrapWidth=500)
8.5996 	EXP 	Created thankyou = TextStim(alignHoriz='center', alignVert='center', antialias=True, autoLog=True, bold=False, color='white', colorSpace='named', contrast=1.0, depth=0.0, flipHoriz=False, flipVert=False, font='Arial', fontFiles=[], height=50, italic=False, name='thankyou', opacity=1.0, ori=0, pos=array([ 0.,  0.]), rgb=array([ 255.,  255.,  255.]), text=u'Thank you for your participation.\n', units='pix', win=Window(...), wrapWidth=500)
8.6204 	EXP 	instruct: pos = array([   0.,  150.])
8.6204 	EXP 	na: pos = array([-110., -100.])
8.6204 	EXP 	na: size = array([ 100.,  100.])
8.6204 	EXP 	nb: pos = array([   0., -100.])
8.6204 	EXP 	nb: size = array([ 100.,  100.])
8.6204 	EXP 	nc: pos = array([ 110., -100.])
8.6204 	EXP 	nc: size = array([ 100.,  100.])
8.6204 	EXP 	welcome: autoDraw = True
11.6041 	EXP 	welcome: autoDraw = False
11.6206 	EXP 	instruct: autoDraw = True
14.6210 	EXP 	rob0: autoDraw = True
14.6210 	EXP 	robb: autoDraw = True
15.1211 	EXP 	na: autoDraw = True
15.6211 	EXP 	nb: autoDraw = True
16.1211 	EXP 	nc: autoDraw = True
17.1213 	EXP 	s1: autoDraw = True
18.1213 	EXP 	s2: autoDraw = True
19.1215 	EXP 	s3: autoDraw = True
22.6054 	EXP 	na: autoDraw = False
22.6054 	EXP 	nb: autoDraw = False
22.6054 	EXP 	nc: autoDraw = False
22.6054 	EXP 	s1: autoDraw = False
22.6054 	EXP 	s2: autoDraw = False
22.6054 	EXP 	s3: autoDraw = False
22.6218 	EXP 	heart: autoDraw = True
26.6225 	EXP 	instruct: autoDraw = False
26.6225 	EXP 	rob0: autoDraw = False
26.6225 	EXP 	robb: autoDraw = False
26.6225 	EXP 	heart: autoDraw = False
26.6225 	EXP 	welcome: autoDraw = False
26.6225 	EXP 	instruct: autoDraw = False
26.6225 	EXP 	rob0: autoDraw = False
26.6225 	EXP 	robb: autoDraw = False
26.6225 	EXP 	na: autoDraw = False
26.6225 	EXP 	nb: autoDraw = False
26.6225 	EXP 	nc: autoDraw = False
26.6225 	EXP 	s1: autoDraw = False
26.6225 	EXP 	s2: autoDraw = False
26.6225 	EXP 	s3: autoDraw = False
26.6225 	EXP 	heart: autoDraw = False
26.6225 	EXP 	text_2: pos = array([-300.,  300.])
26.6225 	EXP 	nod1: fillColor = 'red (named)'
26.6225 	EXP 	nod1: pos = array([ 20.,   0.])
26.6225 	EXP 	nod2: fillColor = 'yellow (named)'
26.6225 	EXP 	nod2: pos = array([  20.,  115.])
26.6225 	EXP 	nod2: lineColor = 'yellow (named)'
26.6225 	EXP 	nod3: fillColor = 'blue (named)'
26.6225 	EXP 	nod3: lineColor = 'blue (named)'
26.6225 	EXP 	nod4: fillColor = 'blue (named)'
26.6225 	EXP 	nod4: lineColor = 'blue (named)'
26.6225 	EXP 	rob1: ori = 0.0
26.6225 	EXP 	rob2: image = 'robot1.png'
26.6225 	EXP 	sh1: size = array([  40.,  110.])
26.6225 	EXP 	text_2: autoDraw = True
26.6225 	EXP 	nod1: autoDraw = True
26.6225 	EXP 	nod2: autoDraw = True
26.6225 	EXP 	nod3: autoDraw = True
26.6225 	EXP 	nod4: autoDraw = True
26.6225 	EXP 	rob1: autoDraw = True
26.6225 	EXP 	rob2: autoDraw = True
28.6227 	EXP 	sh1: autoDraw = True
29.1227 	EXP 	sh2a: autoDraw = True
29.1227 	EXP 	sh2b: autoDraw = True
29.6228 	EXP 	sh3: autoDraw = True
30.1230 	EXP 	sh4: autoDraw = True
44.8758 	DATA 	Keypress: space
44.9078 	EXP 	text_2: autoDraw = False
44.9078 	EXP 	nod1: autoDraw = False
44.9078 	EXP 	nod2: autoDraw = False
44.9078 	EXP 	nod3: autoDraw = False
44.9078 	EXP 	nod4: autoDraw = False
44.9078 	EXP 	rob1: autoDraw = False
44.9078 	EXP 	rob2: autoDraw = False
44.9078 	EXP 	sh1: autoDraw = False
44.9078 	EXP 	sh2a: autoDraw = False
44.9078 	EXP 	sh2b: autoDraw = False
44.9078 	EXP 	sh3: autoDraw = False
44.9078 	EXP 	sh4: autoDraw = False
44.9078 	EXP 	star: autoDraw = True
46.3117 	DATA 	Keypress: space
46.3415 	EXP 	Imported designs.xlsx as conditions, 4 conditions, 16 params
46.3427 	EXP 	Created sequence: sequential, trialTypes=4, nReps=1, seed=None
46.3437 	EXP 	New trial (rep=0, index=0): {u'n2col': u'blue', u'n4col': u'red', u'n3col': u'green', u'r4': u'd', u'n1col': u'blue', u'r1': u'a', u'r2': u'b', u'rs': u'LOC21', u'r3': u'c', u're': u'LOC9', u'n5col': u'red', u'n1': u'LOC22', u'n2': u'LOC23', u'n3': u'LOC24', u'n4': u'LOC19', u'n5': u'LOC14'}
46.3582 	EXP 	star: autoDraw = False
46.3582 	EXP 	robotS: pos = array([  20., -230.])
46.3582 	EXP 	node1: fillColor = u'blue (named)'
46.3582 	EXP 	node1: pos = array([ 135., -230.])
46.3582 	EXP 	node2: fillColor = u'blue (named)'
46.3582 	EXP 	node2: pos = array([ 250., -230.])
46.3582 	EXP 	node3: fillColor = u'green (named)'
46.3582 	EXP 	node3: pos = array([ 365., -230.])
46.3582 	EXP 	node4: fillColor = u'red (named)'
46.3582 	EXP 	node4: pos = array([ 365., -115.])
46.3582 	EXP 	node5: fillColor = u'red (named)'
46.3582 	EXP 	node5: pos = array([ 365.,    0.])
46.3582 	EXP 	robotF: pos = array([ 365.,  115.])
46.3582 	EXP 	whitebackground: autoDraw = True
46.3582 	EXP 	robotS: autoDraw = True
46.3582 	EXP 	node1: autoDraw = True
46.3582 	EXP 	node2: autoDraw = True
46.3582 	EXP 	node3: autoDraw = True
46.3582 	EXP 	node4: autoDraw = True
46.3582 	EXP 	node5: autoDraw = True
46.3582 	EXP 	robotF: autoDraw = True
46.3582 	EXP 	select1: autoDraw = True
46.3582 	EXP 	select2: autoDraw = True
46.3582 	EXP 	select3: autoDraw = True
46.3582 	EXP 	select4: autoDraw = True
46.3582 	EXP 	selection: autoDraw = True
46.3582 	EXP 	sel: autoDraw = True
47.3954 	DATA 	Keypress: a
47.5286 	DATA 	Keypress: a
47.6620 	DATA 	Keypress: a
47.8291 	DATA 	Keypress: a
47.8450 	EXP 	New trial (rep=0, index=1): {u'n2col': u'yellow', u'n4col': u'green', u'n3col': u'blue', u'r4': u'd', u'n1col': u'red', u'r1': u'a', u'r2': u'b', u'rs': u'LOC21', u'r3': u'c', u're': u'LOC3', u'n5col': u'red', u'n1': u'LOC16', u'n2': u'LOC11', u'n3': u'LOC12', u'n4': u'LOC13', u'n5': u'LOC8'}
47.8747 	EXP 	whitebackground: autoDraw = False
47.8747 	EXP 	robotS: autoDraw = False
47.8747 	EXP 	node1: autoDraw = False
47.8747 	EXP 	node2: autoDraw = False
47.8747 	EXP 	node3: autoDraw = False
47.8747 	EXP 	node4: autoDraw = False
47.8747 	EXP 	node5: autoDraw = False
47.8747 	EXP 	robotF: autoDraw = False
47.8747 	EXP 	select1: autoDraw = False
47.8747 	EXP 	select2: autoDraw = False
47.8747 	EXP 	select3: autoDraw = False
47.8747 	EXP 	select4: autoDraw = False
47.8747 	EXP 	selection: autoDraw = False
47.8747 	EXP 	sel: autoDraw = False
47.8747 	EXP 	robotS: pos = array([  20., -230.])
47.8747 	EXP 	node1: fillColor = u'red (named)'
47.8747 	EXP 	node1: pos = array([  20., -115.])
47.8747 	EXP 	node2: fillColor = u'yellow (named)'
47.8747 	EXP 	node2: pos = array([ 20.,   0.])
47.8747 	EXP 	node3: fillColor = u'blue (named)'
47.8747 	EXP 	node3: pos = array([ 135.,    0.])
47.8747 	EXP 	node4: fillColor = u'green (named)'
47.8747 	EXP 	node4: pos = array([ 250.,    0.])
47.8747 	EXP 	node5: fillColor = u'red (named)'
47.8747 	EXP 	node5: pos = array([ 250.,  115.])
47.8747 	EXP 	robotF: pos = array([ 250.,  230.])
47.8747 	EXP 	whitebackground: autoDraw = True
47.8747 	EXP 	robotS: autoDraw = True
47.8747 	EXP 	node1: autoDraw = True
47.8747 	EXP 	node2: autoDraw = True
47.8747 	EXP 	node3: autoDraw = True
47.8747 	EXP 	node4: autoDraw = True
47.8747 	EXP 	node5: autoDraw = True
47.8747 	EXP 	robotF: autoDraw = True
47.8747 	EXP 	select1: autoDraw = True
47.8747 	EXP 	select2: autoDraw = True
47.8747 	EXP 	select3: autoDraw = True
47.8747 	EXP 	select4: autoDraw = True
47.8747 	EXP 	selection: autoDraw = True
47.8747 	EXP 	sel: autoDraw = True
48.0621 	DATA 	Keypress: a
48.1954 	DATA 	Keypress: a
48.3114 	DATA 	Keypress: a
48.5486 	DATA 	Keypress: a
48.5611 	EXP 	New trial (rep=0, index=2): {u'n2col': u'red', u'n4col': u'blue', u'n3col': u'yellow', u'r4': u'd', u'n1col': u'red', u'r1': u'a', u'r2': u'b', u'rs': u'LOC22', u'r3': u'c', u're': u'LOC10', u'n5col': u'blue', u'n1': u'LOC17', u'n2': u'LOC12', u'n3': u'LOC7', u'n4': u'LOC8', u'n5': u'LOC9'}
48.5918 	EXP 	whitebackground: autoDraw = False
48.5918 	EXP 	robotS: autoDraw = False
48.5918 	EXP 	node1: autoDraw = False
48.5918 	EXP 	node2: autoDraw = False
48.5918 	EXP 	node3: autoDraw = False
48.5918 	EXP 	node4: autoDraw = False
48.5918 	EXP 	node5: autoDraw = False
48.5918 	EXP 	robotF: autoDraw = False
48.5918 	EXP 	select1: autoDraw = False
48.5918 	EXP 	select2: autoDraw = False
48.5918 	EXP 	select3: autoDraw = False
48.5918 	EXP 	select4: autoDraw = False
48.5918 	EXP 	selection: autoDraw = False
48.5918 	EXP 	sel: autoDraw = False
48.5918 	EXP 	robotS: pos = array([ 135., -230.])
48.5918 	EXP 	node1: fillColor = u'red (named)'
48.5918 	EXP 	node1: pos = array([ 135., -115.])
48.5918 	EXP 	node2: fillColor = u'red (named)'
48.5918 	EXP 	node2: pos = array([ 135.,    0.])
48.5918 	EXP 	node3: fillColor = u'yellow (named)'
48.5918 	EXP 	node3: pos = array([ 135.,  115.])
48.5918 	EXP 	node4: fillColor = u'blue (named)'
48.5918 	EXP 	node4: pos = array([ 250.,  115.])
48.5918 	EXP 	node5: fillColor = u'blue (named)'
48.5918 	EXP 	node5: pos = array([ 365.,  115.])
48.5918 	EXP 	robotF: pos = array([ 480.,  115.])
48.5918 	EXP 	whitebackground: autoDraw = True
48.5918 	EXP 	robotS: autoDraw = True
48.5918 	EXP 	node1: autoDraw = True
48.5918 	EXP 	node2: autoDraw = True
48.5918 	EXP 	node3: autoDraw = True
48.5918 	EXP 	node4: autoDraw = True
48.5918 	EXP 	node5: autoDraw = True
48.5918 	EXP 	robotF: autoDraw = True
48.5918 	EXP 	select1: autoDraw = True
48.5918 	EXP 	select2: autoDraw = True
48.5918 	EXP 	select3: autoDraw = True
48.5918 	EXP 	select4: autoDraw = True
48.5918 	EXP 	selection: autoDraw = True
48.5918 	EXP 	sel: autoDraw = True
48.7621 	DATA 	Keypress: a
48.9115 	DATA 	Keypress: a
49.0621 	DATA 	Keypress: a
49.3486 	DATA 	Keypress: a
49.3611 	EXP 	New trial (rep=0, index=3): {u'n2col': u'yellow', u'n4col': u'yellow', u'n3col': u'green', u'r4': u'd', u'n1col': u'green', u'r1': u'a', u'r2': u'b', u'rs': u'LOC16', u'r3': u'c', u're': u'LOC10', u'n5col': u'blue', u'n1': u'LOC17', u'n2': u'LOC12', u'n3': u'LOC13', u'n4': u'LOC8', u'n5': u'LOC9'}
49.3919 	EXP 	whitebackground: autoDraw = False
49.3919 	EXP 	robotS: autoDraw = False
49.3919 	EXP 	node1: autoDraw = False
49.3919 	EXP 	node2: autoDraw = False
49.3919 	EXP 	node3: autoDraw = False
49.3919 	EXP 	node4: autoDraw = False
49.3919 	EXP 	node5: autoDraw = False
49.3919 	EXP 	robotF: autoDraw = False
49.3919 	EXP 	select1: autoDraw = False
49.3919 	EXP 	select2: autoDraw = False
49.3919 	EXP 	select3: autoDraw = False
49.3919 	EXP 	select4: autoDraw = False
49.3919 	EXP 	selection: autoDraw = False
49.3919 	EXP 	sel: autoDraw = False
49.3919 	EXP 	robotS: pos = array([  20., -115.])
49.3919 	EXP 	node1: fillColor = u'green (named)'
49.3919 	EXP 	node1: pos = array([ 135., -115.])
49.3919 	EXP 	node2: fillColor = u'yellow (named)'
49.3919 	EXP 	node2: pos = array([ 135.,    0.])
49.3919 	EXP 	node3: fillColor = u'green (named)'
49.3919 	EXP 	node3: pos = array([ 250.,    0.])
49.3919 	EXP 	node4: fillColor = u'yellow (named)'
49.3919 	EXP 	node4: pos = array([ 250.,  115.])
49.3919 	EXP 	node5: fillColor = u'blue (named)'
49.3919 	EXP 	node5: pos = array([ 365.,  115.])
49.3919 	EXP 	robotF: pos = array([ 480.,  115.])
49.3919 	EXP 	whitebackground: autoDraw = True
49.3919 	EXP 	robotS: autoDraw = True
49.3919 	EXP 	node1: autoDraw = True
49.3919 	EXP 	node2: autoDraw = True
49.3919 	EXP 	node3: autoDraw = True
49.3919 	EXP 	node4: autoDraw = True
49.3919 	EXP 	node5: autoDraw = True
49.3919 	EXP 	robotF: autoDraw = True
49.3919 	EXP 	select1: autoDraw = True
49.3919 	EXP 	select2: autoDraw = True
49.3919 	EXP 	select3: autoDraw = True
49.3919 	EXP 	select4: autoDraw = True
49.3919 	EXP 	selection: autoDraw = True
49.3919 	EXP 	sel: autoDraw = True
49.8119 	DATA 	Keypress: a
49.9786 	DATA 	Keypress: a
50.1290 	DATA 	Keypress: a
50.4791 	DATA 	Keypress: a
50.5009 	EXP 	Imported designs1.xlsx as conditions, 2 conditions, 13 params
50.5015 	EXP 	Created sequence: sequential, trialTypes=2, nReps=5, seed=None
50.5026 	EXP 	New trial (rep=0, index=0): {u'n1col': u'green', u'n2col': u'yellow', u'n4col': u'yellow', u'rs': u'LOC16', u'n3col': u'green', u're': u'LOC10', u'corrAns': u'y', u'n5col': u'blue', u'n1': u'LOC17', u'n2': u'LOC12', u'n3': u'LOC13', u'n4': u'LOC8', u'n5': u'LOC9'}
50.5415 	EXP 	whitebackground: autoDraw = False
50.5415 	EXP 	robotS: autoDraw = False
50.5415 	EXP 	node1: autoDraw = False
50.5415 	EXP 	node2: autoDraw = False
50.5415 	EXP 	node3: autoDraw = False
50.5415 	EXP 	node4: autoDraw = False
50.5415 	EXP 	node5: autoDraw = False
50.5415 	EXP 	robotF: autoDraw = False
50.5415 	EXP 	select1: autoDraw = False
50.5415 	EXP 	select2: autoDraw = False
50.5415 	EXP 	select3: autoDraw = False
50.5415 	EXP 	select4: autoDraw = False
50.5415 	EXP 	selection: autoDraw = False
50.5415 	EXP 	sel: autoDraw = False
50.5415 	EXP 	polygon: fillColor = u'green (named)'
50.5415 	EXP 	polygon: pos = array([ 135., -115.])
50.5415 	EXP 	polygon_2: fillColor = u'yellow (named)'
50.5415 	EXP 	polygon_2: pos = array([ 135.,    0.])
50.5415 	EXP 	polygon_3: fillColor = u'green (named)'
50.5415 	EXP 	polygon_3: pos = array([ 250.,    0.])
50.5415 	EXP 	polygon_4: fillColor = u'yellow (named)'
50.5415 	EXP 	polygon_4: pos = array([ 250.,  115.])
50.5415 	EXP 	polygon_5: fillColor = u'blue (named)'
50.5415 	EXP 	polygon_5: pos = array([ 365.,  115.])
50.5415 	EXP 	choice: text = "Press 'y' for Yes  \nPress 'n' for No"
50.5415 	EXP 	ro: color = '[ 1.  1.  1.] (rgb)'
50.5415 	EXP 	ro: pos = array([  20., -115.])
50.5415 	EXP 	rq: color = '[ 1.  1.  1.] (rgb)'
50.5415 	EXP 	rq: pos = array([ 480.,  115.])
50.5415 	EXP 	Evaluation: autoDraw = True
50.5415 	EXP 	polygon: autoDraw = True
50.5415 	EXP 	polygon_2: autoDraw = True
50.5415 	EXP 	polygon_3: autoDraw = True
50.5415 	EXP 	polygon_4: autoDraw = True
50.5415 	EXP 	polygon_5: autoDraw = True
50.5415 	EXP 	choice: autoDraw = True
50.5415 	EXP 	ro: autoDraw = True
50.5415 	EXP 	rq: autoDraw = True
55.3296 	DATA 	Keypress: y
55.3591 	EXP 	Evaluation: autoDraw = False
55.3591 	EXP 	polygon: autoDraw = False
55.3591 	EXP 	polygon_2: autoDraw = False
55.3591 	EXP 	polygon_3: autoDraw = False
55.3591 	EXP 	polygon_4: autoDraw = False
55.3591 	EXP 	polygon_5: autoDraw = False
55.3591 	EXP 	choice: autoDraw = False
55.3591 	EXP 	ro: autoDraw = False
55.3591 	EXP 	rq: autoDraw = False
55.3591 	EXP 	feedback: text = 'Fabulous!'
55.3591 	EXP 	feedback: autoDraw = True
58.3275 	EXP 	New trial (rep=0, index=1): {u'n1col': u'blue', u'n2col': u'yellow', u'n4col': u'yellow', u'rs': u'LOC16', u'n3col': u'red', u're': u'LOC10', u'corrAns': u'n', u'n5col': u'blue', u'n1': u'LOC17', u'n2': u'LOC12', u'n3': u'LOC13', u'n4': u'LOC8', u'n5': u'LOC9'}
58.3426 	EXP 	feedback: autoDraw = False
58.3426 	EXP 	feedback: autoDraw = False
58.3426 	EXP 	polygon: fillColor = u'blue (named)'
58.3426 	EXP 	polygon: pos = array([ 135., -115.])
58.3426 	EXP 	polygon_2: fillColor = u'yellow (named)'
58.3426 	EXP 	polygon_2: pos = array([ 135.,    0.])
58.3426 	EXP 	polygon_3: fillColor = u'red (named)'
58.3426 	EXP 	polygon_3: pos = array([ 250.,    0.])
58.3426 	EXP 	polygon_4: fillColor = u'yellow (named)'
58.3426 	EXP 	polygon_4: pos = array([ 250.,  115.])
58.3426 	EXP 	polygon_5: fillColor = u'blue (named)'
58.3426 	EXP 	polygon_5: pos = array([ 365.,  115.])
58.3426 	EXP 	choice: text = "Press 'y' for Yes  \nPress 'n' for No"
58.3426 	EXP 	ro: color = '[ 1.  1.  1.] (rgb)'
58.3426 	EXP 	ro: pos = array([  20., -115.])
58.3426 	EXP 	rq: color = '[ 1.  1.  1.] (rgb)'
58.3426 	EXP 	rq: pos = array([ 480.,  115.])
58.3426 	EXP 	Evaluation: autoDraw = True
58.3426 	EXP 	polygon: autoDraw = True
58.3426 	EXP 	polygon_2: autoDraw = True
58.3426 	EXP 	polygon_3: autoDraw = True
58.3426 	EXP 	polygon_4: autoDraw = True
58.3426 	EXP 	polygon_5: autoDraw = True
58.3426 	EXP 	choice: autoDraw = True
58.3426 	EXP 	ro: autoDraw = True
58.3426 	EXP 	rq: autoDraw = True
60.3636 	DATA 	Keypress: n
60.3762 	EXP 	Evaluation: autoDraw = False
60.3762 	EXP 	polygon: autoDraw = False
60.3762 	EXP 	polygon_2: autoDraw = False
60.3762 	EXP 	polygon_3: autoDraw = False
60.3762 	EXP 	polygon_4: autoDraw = False
60.3762 	EXP 	polygon_5: autoDraw = False
60.3762 	EXP 	choice: autoDraw = False
60.3762 	EXP 	ro: autoDraw = False
60.3762 	EXP 	rq: autoDraw = False
60.3762 	EXP 	feedback: text = 'Fabulous!'
60.3762 	EXP 	feedback: autoDraw = True
63.3614 	EXP 	New trial (rep=1, index=0): {u'n1col': u'green', u'n2col': u'yellow', u'n4col': u'yellow', u'rs': u'LOC16', u'n3col': u'green', u're': u'LOC10', u'corrAns': u'y', u'n5col': u'blue', u'n1': u'LOC17', u'n2': u'LOC12', u'n3': u'LOC13', u'n4': u'LOC8', u'n5': u'LOC9'}
63.3933 	EXP 	feedback: autoDraw = False
63.3933 	EXP 	feedback: autoDraw = False
63.3933 	EXP 	polygon: fillColor = u'green (named)'
63.3933 	EXP 	polygon: pos = array([ 135., -115.])
63.3933 	EXP 	polygon_2: fillColor = u'yellow (named)'
63.3933 	EXP 	polygon_2: pos = array([ 135.,    0.])
63.3933 	EXP 	polygon_3: fillColor = u'green (named)'
63.3933 	EXP 	polygon_3: pos = array([ 250.,    0.])
63.3933 	EXP 	polygon_4: fillColor = u'yellow (named)'
63.3933 	EXP 	polygon_4: pos = array([ 250.,  115.])
63.3933 	EXP 	polygon_5: fillColor = u'blue (named)'
63.3933 	EXP 	polygon_5: pos = array([ 365.,  115.])
63.3933 	EXP 	choice: text = "Press 'y' for Yes  \nPress 'n' for No"
63.3933 	EXP 	ro: color = '[ 1.  1.  1.] (rgb)'
63.3933 	EXP 	ro: pos = array([  20., -115.])
63.3933 	EXP 	rq: color = '[ 1.  1.  1.] (rgb)'
63.3933 	EXP 	rq: pos = array([ 480.,  115.])
63.3933 	EXP 	Evaluation: autoDraw = True
63.3933 	EXP 	polygon: autoDraw = True
63.3933 	EXP 	polygon_2: autoDraw = True
63.3933 	EXP 	polygon_3: autoDraw = True
63.3933 	EXP 	polygon_4: autoDraw = True
63.3933 	EXP 	polygon_5: autoDraw = True
63.3933 	EXP 	choice: autoDraw = True
63.3933 	EXP 	ro: autoDraw = True
63.3933 	EXP 	rq: autoDraw = True
68.0976 	DATA 	Keypress: y
68.1103 	EXP 	Evaluation: autoDraw = False
68.1103 	EXP 	polygon: autoDraw = False
68.1103 	EXP 	polygon_2: autoDraw = False
68.1103 	EXP 	polygon_3: autoDraw = False
68.1103 	EXP 	polygon_4: autoDraw = False
68.1103 	EXP 	polygon_5: autoDraw = False
68.1103 	EXP 	choice: autoDraw = False
68.1103 	EXP 	ro: autoDraw = False
68.1103 	EXP 	rq: autoDraw = False
68.1103 	EXP 	feedback: text = 'Fabulous!'
68.1103 	EXP 	feedback: autoDraw = True
71.0956 	EXP 	New trial (rep=1, index=1): {u'n1col': u'blue', u'n2col': u'yellow', u'n4col': u'yellow', u'rs': u'LOC16', u'n3col': u'red', u're': u'LOC10', u'corrAns': u'n', u'n5col': u'blue', u'n1': u'LOC17', u'n2': u'LOC12', u'n3': u'LOC13', u'n4': u'LOC8', u'n5': u'LOC9'}
71.1275 	EXP 	feedback: autoDraw = False
71.1275 	EXP 	feedback: autoDraw = False
71.1275 	EXP 	polygon: fillColor = u'blue (named)'
71.1275 	EXP 	polygon: pos = array([ 135., -115.])
71.1275 	EXP 	polygon_2: fillColor = u'yellow (named)'
71.1275 	EXP 	polygon_2: pos = array([ 135.,    0.])
71.1275 	EXP 	polygon_3: fillColor = u'red (named)'
71.1275 	EXP 	polygon_3: pos = array([ 250.,    0.])
71.1275 	EXP 	polygon_4: fillColor = u'yellow (named)'
71.1275 	EXP 	polygon_4: pos = array([ 250.,  115.])
71.1275 	EXP 	polygon_5: fillColor = u'blue (named)'
71.1275 	EXP 	polygon_5: pos = array([ 365.,  115.])
71.1275 	EXP 	choice: text = "Press 'y' for Yes  \nPress 'n' for No"
71.1275 	EXP 	ro: color = '[ 1.  1.  1.] (rgb)'
71.1275 	EXP 	ro: pos = array([  20., -115.])
71.1275 	EXP 	rq: color = '[ 1.  1.  1.] (rgb)'
71.1275 	EXP 	rq: pos = array([ 480.,  115.])
71.1275 	EXP 	Evaluation: autoDraw = True
71.1275 	EXP 	polygon: autoDraw = True
71.1275 	EXP 	polygon_2: autoDraw = True
71.1275 	EXP 	polygon_3: autoDraw = True
71.1275 	EXP 	polygon_4: autoDraw = True
71.1275 	EXP 	polygon_5: autoDraw = True
71.1275 	EXP 	choice: autoDraw = True
71.1275 	EXP 	ro: autoDraw = True
71.1275 	EXP 	rq: autoDraw = True
72.4646 	DATA 	Keypress: escape
