6.4231 	EXP 	Created window1 = Window(allowGUI=False, allowStencil=False, autoLog=True, bitsMode=UNKNOWN, blendMode='avg', color=u'black', colorSpace='named', fullscr=UNKNOWN, gamma=None, lms=UNKNOWN, monitor=<psychopy.monitors.calibTools.Monitor object at 0x1118b79d0>, name='window1', pos=[0, 0], screen=0, size=array([1440,  900]), stereo=False, units='pix', useFBO=True, useRetina=False, viewOri=0.0, viewPos=None, viewScale=None, waitBlanking=True, winType='pyglet')
6.4232 	EXP 	window1: recordFrameIntervals = False
6.5883 	EXP 	window1: recordFrameIntervals = True
6.7725 	EXP 	window1: recordFrameIntervals = False
6.9371 	EXP 	Created welcome = TextStim(alignHoriz='center', alignVert='center', antialias=True, autoLog=True, bold=False, color=u'white', colorSpace='named', contrast=1.0, depth=0.0, flipHoriz=False, flipVert=False, font=u'Arial', fontFiles=[], height=100, italic=False, name='welcome', opacity=1.0, ori=0, pos=array([ 0.,  0.]), rgb=array([ 255.,  255.,  255.]), text=u'Welcome!', units='pix', win=Window(...), wrapWidth=500)
6.9788 	EXP 	Created text = TextStim(alignHoriz='center', alignVert='center', antialias=True, autoLog=True, bold=False, color=u'white', colorSpace='named', contrast=1.0, depth=0.0, flipHoriz=False, flipVert=False, font=u'Arial', fontFiles=[], height=50, italic=False, name='text', opacity=1.0, ori=0, pos=array([ 0.,  0.]), rgb=array([ 255.,  255.,  255.]), text=unicode(...), units='pix', win=Window(...), wrapWidth=500)
6.9810 	EXP 	Created image = ImageStim(autoLog=True, color=array([ 1.,  1.,  1.]), colorSpace='rgb', contrast=1.0, depth=-2.0, flipHoriz=False, flipVert=False, image=None, interpolate=True, mask=None, maskParams=None, name='image', opacity=1.0, ori=0.0, pos=array([ 0.,  0.]), size=array([ 0.5,  0.5]), texRes=128, units='pix', win=Window(...))
6.9899 	EXP 	<method-wrapper '__getattribute__' of attributeSetter object at 0x10efaaf90>: vertices = array([[-400.,  450.],
       [ 400.,  450.],
       [ 400., -450.],
       [-400., -450.]])
6.9925 	EXP 	Created whitebackground = Rect(autoDraw=False, autoLog=True, closeShape=True, contrast=1.0, depth=-2.0, fillColor=array([ 1.,  1.,  1.]), fillColorSpace='rgb', fillRGB=array([ 1.,  1.,  1.]), interpolate=True, lineColor=array([ 1.,  1.,  1.]), lineColorSpace='rgb', lineRGB=array([ 1.,  1.,  1.]), lineWidth=0, name='whitebackground', opacity=1.0, ori=array(0.0), pos=array([-560.,    0.]), size=array([ 1.,  1.]), units='pix', vertices=ndarray(...), win=Window(...))
7.0770 	EXP 	Created robotS = ImageStim(autoLog=True, color=array([ 1.,  1.,  1.]), colorSpace='rgb', contrast=1.0, depth=-3.0, flipHoriz=False, flipVert=False, image=u'robot1.png', interpolate=True, mask=None, maskParams=None, name='robotS', opacity=1.0, ori=0.0, pos=array([ 0.,  0.]), size=array([ 100.,  100.]), texRes=128, units='pix', win=Window(...))
7.0904 	EXP 	Created node1 = Polygon(autoDraw=False, autoLog=True, closeShape=True, contrast=1.0, depth=-4.0, fillColor=array([ 1.,  1.,  1.]), fillColorSpace='rgb', fillRGB=array([ 1.,  1.,  1.]), interpolate=True, lineColor=array([ 1.,  1.,  1.]), lineColorSpace='rgb', lineRGB=array([ 1.,  1.,  1.]), lineWidth=0, name='node1', opacity=1.0, ori=array(0.0), pos=array([ 0.,  0.]), size=array([ 100.,  100.]), units='pix', vertices=ndarray(...), win=Window(...))
7.1018 	EXP 	Created node2 = Polygon(autoDraw=False, autoLog=True, closeShape=True, contrast=1.0, depth=-5.0, fillColor=array([ 1.,  1.,  1.]), fillColorSpace='rgb', fillRGB=array([ 1.,  1.,  1.]), interpolate=True, lineColor=array([ 1.,  1.,  1.]), lineColorSpace='rgb', lineRGB=array([ 1.,  1.,  1.]), lineWidth=0, name='node2', opacity=1.0, ori=array(0.0), pos=array([ 0.,  0.]), size=array([ 100.,  100.]), units='pix', vertices=ndarray(...), win=Window(...))
7.1085 	EXP 	Created node3 = Polygon(autoDraw=False, autoLog=True, closeShape=True, contrast=1.0, depth=-6.0, fillColor=array([ 1.,  1.,  1.]), fillColorSpace='rgb', fillRGB=array([ 1.,  1.,  1.]), interpolate=True, lineColor=array([ 1.,  1.,  1.]), lineColorSpace='rgb', lineRGB=array([ 1.,  1.,  1.]), lineWidth=0, name='node3', opacity=1.0, ori=array(0.0), pos=array([ 0.,  0.]), size=array([ 100.,  100.]), units='pix', vertices=ndarray(...), win=Window(...))
7.1152 	EXP 	Created node4 = Polygon(autoDraw=False, autoLog=True, closeShape=True, contrast=1.0, depth=-7.0, fillColor=array([ 1.,  1.,  1.]), fillColorSpace='rgb', fillRGB=array([ 1.,  1.,  1.]), interpolate=True, lineColor=array([ 1.,  1.,  1.]), lineColorSpace='rgb', lineRGB=array([ 1.,  1.,  1.]), lineWidth=0, name='node4', opacity=1.0, ori=array(0.0), pos=array([ 0.,  0.]), size=array([ 100.,  100.]), units='pix', vertices=ndarray(...), win=Window(...))
7.1298 	EXP 	Created robotF = ImageStim(autoLog=True, color=array([ 1.,  1.,  1.]), colorSpace='rgb', contrast=1.0, depth=-8.0, flipHoriz=False, flipVert=False, image=u'robot1.png', interpolate=True, mask=None, maskParams=None, name='robotF', opacity=1.0, ori=0.0, pos=array([ 0.,  0.]), size=array([ 100.,  100.]), texRes=128, units='pix', win=Window(...))
7.1365 	EXP 	Created select1 = Polygon(autoDraw=False, autoLog=True, closeShape=True, contrast=1.0, depth=-9.0, fillColor='red', fillColorSpace='named', fillRGB=array([ 255.,    0.,    0.]), interpolate=True, lineColor=array([ 1.,  1.,  1.]), lineColorSpace='rgb', lineRGB=array([ 1.,  1.,  1.]), lineWidth=0, name='select1', opacity=1.0, ori=array(0.0), pos=array([-630.,    0.]), size=array([ 100.,  100.]), units='pix', vertices=ndarray(...), win=Window(...))
7.1443 	EXP 	Created select2 = Polygon(autoDraw=False, autoLog=True, closeShape=True, contrast=1.0, depth=-10.0, fillColor='blue', fillColorSpace='named', fillRGB=array([   0.,    0.,  255.]), interpolate=True, lineColor=array([ 1.,  1.,  1.]), lineColorSpace='rgb', lineRGB=array([ 1.,  1.,  1.]), lineWidth=0, name='select2', opacity=1.0, ori=array(0.0), pos=array([-630., -120.]), size=array([ 100.,  100.]), units='pix', vertices=ndarray(...), win=Window(...))
7.1529 	EXP 	Created select3 = Polygon(autoDraw=False, autoLog=True, closeShape=True, contrast=1.0, depth=-11.0, fillColor='yellow', fillColorSpace='named', fillRGB=array([ 255.,  255.,    0.]), interpolate=True, lineColor=array([ 1.,  1.,  1.]), lineColorSpace='rgb', lineRGB=array([ 1.,  1.,  1.]), lineWidth=0, name='select3', opacity=1.0, ori=array(0.0), pos=array([-630., -240.]), size=array([ 100.,  100.]), units='pix', vertices=ndarray(...), win=Window(...))
7.1621 	EXP 	Created select4 = Polygon(autoDraw=False, autoLog=True, closeShape=True, contrast=1.0, depth=-12.0, fillColor='green', fillColorSpace='named', fillRGB=array([   0.,  128.,    0.]), interpolate=True, lineColor=array([ 1.,  1.,  1.]), lineColorSpace='rgb', lineRGB=array([ 1.,  1.,  1.]), lineWidth=0, name='select4', opacity=1.0, ori=array(0.0), pos=array([-630., -360.]), size=array([ 100.,  100.]), units='pix', vertices=ndarray(...), win=Window(...))
7.1754 	EXP 	Created selection = ImageStim(autoLog=True, color=array([ 1.,  1.,  1.]), colorSpace='rgb', contrast=1.0, depth=-13.0, flipHoriz=False, flipVert=False, image=u'lettera.png', interpolate=True, mask=None, maskParams=None, name='selection', opacity=1.0, ori=0.0, pos=array([ 0.,  0.]), size=array([ 400.,  200.]), texRes=128, units='pix', win=Window(...))
7.2070 	EXP 	Created master = ImageStim(autoLog=True, color=array([ 1.,  1.,  1.]), colorSpace='rgb', contrast=1.0, depth=-14.0, flipHoriz=False, flipVert=False, image=u'mastershapes.png', interpolate=True, mask=None, maskParams=None, name='master', opacity=1.0, ori=0.0, pos=array([-510.,   90.]), size=array([ 500.,  400.]), texRes=128, units='pix', win=Window(...))
7.2512 	EXP 	Created sel = TextStim(alignHoriz='center', alignVert='center', antialias=True, autoLog=True, bold=False, color=u'black', colorSpace='named', contrast=1.0, depth=-15.0, flipHoriz=False, flipVert=False, font=u'Arial', fontFiles=[], height=30, italic=False, name='sel', opacity=1.0, ori=0, pos=array([-450.,  300.]), rgb=array([ 0.,  0.,  0.]), text=unicode(...), units='pix', win=Window(...), wrapWidth=500)
7.2695 	EXP 	Created Evaluation = TextStim(alignHoriz='center', alignVert='center', antialias=True, autoLog=True, bold=False, color='white', colorSpace='named', contrast=1.0, depth=-1.0, flipHoriz=False, flipVert=False, font='Arial', fontFiles=[], height=30, italic=False, name='Evaluation', opacity=1.0, ori=0, pos=array([   0.,  300.]), rgb=array([ 255.,  255.,  255.]), text=u'Is this pathway correct? \n', units='pix', win=Window(...), wrapWidth=500)
7.2771 	EXP 	Created polygon = Polygon(autoDraw=False, autoLog=True, closeShape=True, contrast=1.0, depth=-2.0, fillColor=u'red', fillColorSpace='named', fillRGB=array([ 255.,    0.,    0.]), interpolate=True, lineColor=u'red', lineColorSpace='named', lineRGB=array([ 255.,    0.,    0.]), lineWidth=1, name='polygon', opacity=1.0, ori=array(0.0), pos=array([ 250.,    0.]), size=array([ 100.,  100.]), units='pix', vertices=ndarray(...), win=Window(...))
7.2831 	EXP 	Created polygon_2 = Polygon(autoDraw=False, autoLog=True, closeShape=True, contrast=1.0, depth=-3.0, fillColor='green', fillColorSpace='named', fillRGB=array([   0.,  128.,    0.]), interpolate=True, lineColor='green', lineColorSpace='named', lineRGB=array([   0.,  128.,    0.]), lineWidth=1, name='polygon_2', opacity=1.0, ori=array(0.0), pos=array([ 355., -105.]), size=array([ 100.,  100.]), units='pix', vertices=ndarray(...), win=Window(...))
7.2894 	EXP 	Created polygon_3 = Polygon(autoDraw=False, autoLog=True, closeShape=True, contrast=1.0, depth=-4.0, fillColor=u'blue', fillColorSpace='named', fillRGB=array([   0.,    0.,  255.]), interpolate=True, lineColor=u'blue', lineColorSpace='named', lineRGB=array([   0.,    0.,  255.]), lineWidth=1, name='polygon_3', opacity=1.0, ori=array(0.0), pos=array([ 145., -105.]), size=array([ 100.,  100.]), units='pix', vertices=ndarray(...), win=Window(...))
7.2954 	EXP 	Created polygon_4 = Polygon(autoDraw=False, autoLog=True, closeShape=True, contrast=1.0, depth=-5.0, fillColor='blue', fillColorSpace='named', fillRGB=array([   0.,    0.,  255.]), interpolate=True, lineColor='blue', lineColorSpace='named', lineRGB=array([   0.,    0.,  255.]), lineWidth=1, name='polygon_4', opacity=1.0, ori=array(0.0), pos=array([ 250., -105.]), size=array([ 100.,  100.]), units='pix', vertices=ndarray(...), win=Window(...))
7.3181 	EXP 	Created choice = TextStim(alignHoriz='center', alignVert='center', antialias=True, autoLog=True, bold=False, color=u'white', colorSpace='named', contrast=1.0, depth=-6.0, flipHoriz=False, flipVert=False, font=u'Arial', fontFiles=[], height=50, italic=False, name='choice', opacity=1.0, ori=0, pos=array([   0., -300.]), rgb=array([ 255.,  255.,  255.]), text=u"Press 'y' for Yes  \nPress 'n' for No", units='pix', win=Window(...), wrapWidth=500)
7.3315 	EXP 	Created thankyou = TextStim(alignHoriz='center', alignVert='center', antialias=True, autoLog=True, bold=False, color=u'white', colorSpace='named', contrast=1.0, depth=0.0, flipHoriz=False, flipVert=False, font=u'Arial', fontFiles=[], height=50, italic=False, name='thankyou', opacity=1.0, ori=0, pos=array([ 0.,  0.]), rgb=array([ 255.,  255.,  255.]), text=unicode(...), units='pix', win=Window(...), wrapWidth=500)
7.3553 	EXP 	welcome: autoDraw = True
9.3383 	EXP 	welcome: autoDraw = False
9.3383 	EXP 	welcome: autoDraw = False
9.3383 	EXP 	text: autoDraw = True
9.3383 	EXP 	image: autoDraw = True
10.3386 	EXP 	image: autoDraw = False
14.0249 	DATA 	Keypress: space
14.0430 	EXP 	Imported designs.xlsx as conditions, 3 conditions, 14 params
14.0435 	EXP 	Created sequence: random, trialTypes=3, nReps=1, seed=None
14.0441 	EXP 	New trial (rep=0, index=0): {u'r4': u'd', u'n1col': u'red', u'n2col': u'red', u'n4col': u'blue', u'r2': u'b', u'rs': u'LOC11', u'r3': u'c', u'n3col': u'red', u're': u'LOC20', u'n1': u'LOC12', u'n2': u'LOC13', u'n3': u'LOC18', u'n4': u'LOC19', u'r1': u'a'}
14.0720 	EXP 	text: autoDraw = False
14.0720 	EXP 	image: autoDraw = False
14.0720 	EXP 	robotS: pos = array([ 40.,   0.])
14.0720 	EXP 	node1: fillColor = u'red (named)'
14.0720 	EXP 	node1: pos = array([ 145.,    0.])
14.0720 	EXP 	node2: fillColor = u'red (named)'
14.0720 	EXP 	node2: pos = array([ 250.,    0.])
14.0720 	EXP 	node3: fillColor = u'red (named)'
14.0720 	EXP 	node3: pos = array([ 250., -105.])
14.0720 	EXP 	node4: fillColor = u'blue (named)'
14.0720 	EXP 	node4: pos = array([ 355., -105.])
14.0720 	EXP 	robotF: pos = array([ 460., -105.])
14.0720 	EXP 	whitebackground: autoDraw = True
14.0720 	EXP 	robotS: autoDraw = True
14.0720 	EXP 	node1: autoDraw = True
14.0720 	EXP 	node2: autoDraw = True
14.0720 	EXP 	node3: autoDraw = True
14.0720 	EXP 	node4: autoDraw = True
14.0720 	EXP 	robotF: autoDraw = True
14.0720 	EXP 	select1: autoDraw = True
14.0720 	EXP 	select2: autoDraw = True
14.0720 	EXP 	select3: autoDraw = True
14.0720 	EXP 	select4: autoDraw = True
14.0720 	EXP 	selection: autoDraw = True
14.0720 	EXP 	master: autoDraw = True
14.0720 	EXP 	sel: autoDraw = True
23.0265 	DATA 	Keypress: a
27.8606 	DATA 	Keypress: a
28.4626 	DATA 	Keypress: a
30.6098 	DATA 	Keypress: a
30.6117 	EXP 	New trial (rep=0, index=1): {u'r4': u'd', u'n1col': u'red', u'n2col': u'blue', u'n4col': u'yellow', u'r2': u'b', u'rs': u'LOC5', u'r3': u'c', u'n3col': u'blue', u're': u'LOC12', u'n1': u'LOC10', u'n2': u'LOC15', u'n3': u'LOC14', u'n4': u'LOC13', u'r1': u'a'}
30.6238 	EXP 	whitebackground: autoDraw = False
30.6238 	EXP 	robotS: autoDraw = False
30.6238 	EXP 	node1: autoDraw = False
30.6238 	EXP 	node2: autoDraw = False
30.6238 	EXP 	node3: autoDraw = False
30.6238 	EXP 	node4: autoDraw = False
30.6238 	EXP 	robotF: autoDraw = False
30.6238 	EXP 	select1: autoDraw = False
30.6238 	EXP 	select2: autoDraw = False
30.6238 	EXP 	select3: autoDraw = False
30.6238 	EXP 	select4: autoDraw = False
30.6238 	EXP 	selection: autoDraw = False
30.6238 	EXP 	master: autoDraw = False
30.6238 	EXP 	sel: autoDraw = False
30.6238 	EXP 	robotS: pos = array([ 460.,  210.])
30.6238 	EXP 	node1: fillColor = u'red (named)'
30.6238 	EXP 	node1: pos = array([ 460.,  105.])
30.6238 	EXP 	node2: fillColor = u'blue (named)'
30.6238 	EXP 	node2: pos = array([ 460.,    0.])
30.6238 	EXP 	node3: fillColor = u'blue (named)'
30.6238 	EXP 	node3: pos = array([ 355.,    0.])
30.6238 	EXP 	node4: fillColor = u'yellow (named)'
30.6238 	EXP 	node4: pos = array([ 250.,    0.])
30.6238 	EXP 	robotF: pos = array([ 145.,    0.])
30.6238 	EXP 	whitebackground: autoDraw = True
30.6238 	EXP 	robotS: autoDraw = True
30.6238 	EXP 	node1: autoDraw = True
30.6238 	EXP 	node2: autoDraw = True
30.6238 	EXP 	node3: autoDraw = True
30.6238 	EXP 	node4: autoDraw = True
30.6238 	EXP 	robotF: autoDraw = True
30.6238 	EXP 	select1: autoDraw = True
30.6238 	EXP 	select2: autoDraw = True
30.6238 	EXP 	select3: autoDraw = True
30.6238 	EXP 	select4: autoDraw = True
30.6238 	EXP 	selection: autoDraw = True
30.6238 	EXP 	master: autoDraw = True
30.6238 	EXP 	sel: autoDraw = True
31.8267 	DATA 	Keypress: a
32.0774 	DATA 	Keypress: a
32.4603 	DATA 	Keypress: a
34.8275 	DATA 	Keypress: b
34.8300 	EXP 	New trial (rep=0, index=2): {u'r4': u'd', u'n1col': u'green', u'n2col': u'green', u'n4col': u'yellow', u'r2': u'b', u'rs': u'LOC21', u'r3': u'c', u'n3col': u'blue', u're': u'LOC8', u'n1': u'LOC22', u'n2': u'LOC23', u'n3': u'LOC18', u'n4': u'LOC13', u'r1': u'a'}
34.8577 	EXP 	whitebackground: autoDraw = False
34.8577 	EXP 	robotS: autoDraw = False
34.8577 	EXP 	node1: autoDraw = False
34.8577 	EXP 	node2: autoDraw = False
34.8577 	EXP 	node3: autoDraw = False
34.8577 	EXP 	node4: autoDraw = False
34.8577 	EXP 	robotF: autoDraw = False
34.8577 	EXP 	select1: autoDraw = False
34.8577 	EXP 	select2: autoDraw = False
34.8577 	EXP 	select3: autoDraw = False
34.8577 	EXP 	select4: autoDraw = False
34.8577 	EXP 	selection: autoDraw = False
34.8577 	EXP 	master: autoDraw = False
34.8577 	EXP 	sel: autoDraw = False
34.8577 	EXP 	robotS: pos = array([  40., -210.])
34.8577 	EXP 	node1: fillColor = u'green (named)'
34.8577 	EXP 	node1: pos = array([ 145., -210.])
34.8577 	EXP 	node2: fillColor = u'green (named)'
34.8577 	EXP 	node2: pos = array([ 250., -210.])
34.8577 	EXP 	node3: fillColor = u'blue (named)'
34.8577 	EXP 	node3: pos = array([ 250., -105.])
34.8577 	EXP 	node4: fillColor = u'yellow (named)'
34.8577 	EXP 	node4: pos = array([ 250.,    0.])
34.8577 	EXP 	robotF: pos = array([ 250.,  105.])
34.8577 	EXP 	whitebackground: autoDraw = True
34.8577 	EXP 	robotS: autoDraw = True
34.8577 	EXP 	node1: autoDraw = True
34.8577 	EXP 	node2: autoDraw = True
34.8577 	EXP 	node3: autoDraw = True
34.8577 	EXP 	node4: autoDraw = True
34.8577 	EXP 	robotF: autoDraw = True
34.8577 	EXP 	select1: autoDraw = True
34.8577 	EXP 	select2: autoDraw = True
34.8577 	EXP 	select3: autoDraw = True
34.8577 	EXP 	select4: autoDraw = True
34.8577 	EXP 	selection: autoDraw = True
34.8577 	EXP 	master: autoDraw = True
34.8577 	EXP 	sel: autoDraw = True
38.3769 	DATA 	Mouse: Left button down, pos=(760,769)
38.3930 	DATA 	Mouse:  Left button up, pos=(760,769)
39.4784 	DATA 	Keypress: c
40.1650 	DATA 	Keypress: c
40.7652 	DATA 	Keypress: c
41.4478 	DATA 	Keypress: c
41.4751 	EXP 	whitebackground: autoDraw = False
41.4751 	EXP 	robotS: autoDraw = False
41.4751 	EXP 	node1: autoDraw = False
41.4751 	EXP 	node2: autoDraw = False
41.4751 	EXP 	node3: autoDraw = False
41.4751 	EXP 	node4: autoDraw = False
41.4751 	EXP 	robotF: autoDraw = False
41.4751 	EXP 	select1: autoDraw = False
41.4751 	EXP 	select2: autoDraw = False
41.4751 	EXP 	select3: autoDraw = False
41.4751 	EXP 	select4: autoDraw = False
41.4751 	EXP 	selection: autoDraw = False
41.4751 	EXP 	master: autoDraw = False
41.4751 	EXP 	sel: autoDraw = False
41.4751 	EXP 	Evaluation: autoDraw = True
41.4751 	EXP 	polygon: autoDraw = True
41.4751 	EXP 	polygon_2: autoDraw = True
41.4751 	EXP 	polygon_3: autoDraw = True
41.4751 	EXP 	polygon_4: autoDraw = True
43.0953 	DATA 	Keypress: escape
