6.6077 	EXP 	Created window1 = Window(allowGUI=False, allowStencil=False, autoLog=True, bitsMode=UNKNOWN, blendMode='avg', color='black', colorSpace='named', fullscr=UNKNOWN, gamma=None, lms=UNKNOWN, monitor=<psychopy.monitors.calibTools.Monitor object at 0x1120fa790>, name='window1', pos=[0, 0], screen=0, size=array([1440,  900]), stereo=False, units='pix', useFBO=True, useRetina=False, viewOri=0.0, viewPos=None, viewScale=None, waitBlanking=True, winType='pyglet')
6.6078 	EXP 	window1: recordFrameIntervals = False
6.7733 	EXP 	window1: recordFrameIntervals = True
6.9574 	EXP 	window1: recordFrameIntervals = False
7.1131 	EXP 	Created welcome = TextStim(alignHoriz='center', alignVert='center', antialias=True, autoLog=True, bold=False, color='white', colorSpace='named', contrast=1.0, depth=-1.0, flipHoriz=False, flipVert=False, font='Arial', fontFiles=[], height=100, italic=False, name='welcome', opacity=1.0, ori=0, pos=array([ 0.,  0.]), rgb=array([ 255.,  255.,  255.]), text=u'Welcome!', units='pix', win=Window(...), wrapWidth=500)
7.1431 	EXP 	Created instruct = TextStim(alignHoriz='center', alignVert='center', antialias=True, autoLog=True, bold=False, color='white', colorSpace='named', contrast=1.0, depth=-2.0, flipHoriz=False, flipVert=False, font='Arial', fontFiles=[], height=50, italic=False, name='instruct', opacity=1.0, ori=0, pos=array([ 0.,  0.]), rgb=array([ 255.,  255.,  255.]), text=unicode(...), units='pix', win=Window(...), wrapWidth=500)
7.2478 	EXP 	Created rob0 = ImageStim(autoLog=True, color=array([ 1.,  1.,  1.]), colorSpace='rgb', contrast=1.0, depth=-3.0, flipHoriz=False, flipVert=False, image='robot1.png', interpolate=True, mask=None, maskParams=None, name='rob0', opacity=1.0, ori=0.0, pos=array([-250., -100.]), size=array([ 200.,  200.]), texRes=128, units='pix', win=Window(...))
7.2594 	EXP 	Created robb = ImageStim(autoLog=True, color=array([ 1.,  1.,  1.]), colorSpace='rgb', contrast=1.0, depth=-4.0, flipHoriz=False, flipVert=False, image='robot1.png', interpolate=True, mask=None, maskParams=None, name='robb', opacity=1.0, ori=0.0, pos=array([ 250., -100.]), size=array([ 200.,  200.]), texRes=128, units='pix', win=Window(...))
7.2791 	EXP 	Created na = Polygon(autoDraw=False, autoLog=True, closeShape=True, contrast=1.0, depth=-5.0, fillColor='blue', fillColorSpace='named', fillRGB=array([   0.,    0.,  255.]), interpolate=True, lineColor='blue', lineColorSpace='named', lineRGB=array([   0.,    0.,  255.]), lineWidth=1, name='na', opacity=1.0, ori=array(0.0), pos=array([ 0.,  0.]), size=array([ 1.,  1.]), units='pix', vertices=ndarray(...), win=Window(...))
7.2847 	EXP 	Created nb = Polygon(autoDraw=False, autoLog=True, closeShape=True, contrast=1.0, depth=-6.0, fillColor='blue', fillColorSpace='named', fillRGB=array([   0.,    0.,  255.]), interpolate=True, lineColor='blue', lineColorSpace='named', lineRGB=array([   0.,    0.,  255.]), lineWidth=1, name='nb', opacity=1.0, ori=array(0.0), pos=array([ 0.,  0.]), size=array([ 1.,  1.]), units='pix', vertices=ndarray(...), win=Window(...))
7.2898 	EXP 	Created nc = Polygon(autoDraw=False, autoLog=True, closeShape=True, contrast=1.0, depth=-7.0, fillColor='blue', fillColorSpace='named', fillRGB=array([   0.,    0.,  255.]), interpolate=True, lineColor='blue', lineColorSpace='named', lineRGB=array([   0.,    0.,  255.]), lineWidth=1, name='nc', opacity=1.0, ori=array(0.0), pos=array([ 0.,  0.]), size=array([ 1.,  1.]), units='pix', vertices=ndarray(...), win=Window(...))
7.2916 	EXP 	<method-wrapper '__getattribute__' of attributeSetter object at 0x10efbed50>: vertices = array([[-55.,  20.],
       [ 55.,  20.],
       [ 55., -20.],
       [-55., -20.]])
7.2930 	EXP 	Created s1 = Rect(autoDraw=False, autoLog=True, closeShape=True, contrast=1.0, depth=-8.0, fillColor='black', fillColorSpace='named', fillRGB=array([ 0.,  0.,  0.]), interpolate=True, lineColor='black', lineColorSpace='named', lineRGB=array([ 0.,  0.,  0.]), lineWidth=1, name='s1', opacity=1.0, ori=array(0.0), pos=array([-110., -100.]), size=array([ 1.,  1.]), units='pix', vertices=ndarray(...), win=Window(...))
7.2933 	EXP 	<method-wrapper '__getattribute__' of attributeSetter object at 0x10efbed50>: vertices = array([[-55.,  20.],
       [ 55.,  20.],
       [ 55., -20.],
       [-55., -20.]])
7.2946 	EXP 	Created s2 = Rect(autoDraw=False, autoLog=True, closeShape=True, contrast=1.0, depth=-9.0, fillColor='black', fillColorSpace='named', fillRGB=array([ 0.,  0.,  0.]), interpolate=True, lineColor='black', lineColorSpace='named', lineRGB=array([ 0.,  0.,  0.]), lineWidth=1, name='s2', opacity=1.0, ori=array(0.0), pos=array([   0., -100.]), size=array([ 1.,  1.]), units='pix', vertices=ndarray(...), win=Window(...))
7.2950 	EXP 	<method-wrapper '__getattribute__' of attributeSetter object at 0x10efbed50>: vertices = array([[-55.,  20.],
       [ 55.,  20.],
       [ 55., -20.],
       [-55., -20.]])
7.2963 	EXP 	Created s3 = Rect(autoDraw=False, autoLog=True, closeShape=True, contrast=1.0, depth=-10.0, fillColor='black', fillColorSpace='named', fillRGB=array([ 0.,  0.,  0.]), interpolate=True, lineColor='black', lineColorSpace='named', lineRGB=array([ 0.,  0.,  0.]), lineWidth=1, name='s3', opacity=1.0, ori=array(0.0), pos=array([ 110., -100.]), size=array([ 1.,  1.]), units='pix', vertices=ndarray(...), win=Window(...))
7.6671 	EXP 	Created heart = ImageStim(autoLog=True, color=array([ 1.,  1.,  1.]), colorSpace='rgb', contrast=1.0, depth=-11.0, flipHoriz=False, flipVert=False, image='heart.png', interpolate=True, mask=None, maskParams=None, name='heart', opacity=1.0, ori=0.0, pos=array([   0., -100.]), size=array([ 1.,  1.]), texRes=128, units='pix', win=Window(...))
7.7154 	EXP 	Created text_2 = TextStim(alignHoriz='center', alignVert='center', antialias=True, autoLog=True, bold=False, color='white', colorSpace='named', contrast=1.0, depth=-1.0, flipHoriz=False, flipVert=False, font='Arial', fontFiles=[], height=40, italic=False, name='text_2', opacity=1.0, ori=0, pos=array([ 0.,  0.]), rgb=array([ 255.,  255.,  255.]), text=u"Let's take an example", units='pix', win=Window(...), wrapWidth=500)
7.7212 	EXP 	Created nod1 = Polygon(autoDraw=False, autoLog=True, closeShape=True, contrast=1.0, depth=-2.0, fillColor=array([ 1.,  1.,  1.]), fillColorSpace='rgb', fillRGB=array([ 1.,  1.,  1.]), interpolate=True, lineColor='red', lineColorSpace='named', lineRGB=array([ 255.,    0.,    0.]), lineWidth=1, name='nod1', opacity=1.0, ori=array(0.0), pos=array([ 0.,  0.]), size=array([ 100.,  100.]), units='pix', vertices=ndarray(...), win=Window(...))
7.7272 	EXP 	Created nod2 = Polygon(autoDraw=False, autoLog=True, closeShape=True, contrast=1.0, depth=-3.0, fillColor=array([ 1.,  1.,  1.]), fillColorSpace='rgb', fillRGB=array([ 1.,  1.,  1.]), interpolate=True, lineColor=array([ 1.,  1.,  1.]), lineColorSpace='rgb', lineRGB=array([ 1.,  1.,  1.]), lineWidth=1, name='nod2', opacity=1.0, ori=array(0.0), pos=array([ 0.,  0.]), size=array([ 100.,  100.]), units='pix', vertices=ndarray(...), win=Window(...))
7.7332 	EXP 	Created nod3 = Polygon(autoDraw=False, autoLog=True, closeShape=True, contrast=1.0, depth=-4.0, fillColor=array([ 1.,  1.,  1.]), fillColorSpace='rgb', fillRGB=array([ 1.,  1.,  1.]), interpolate=True, lineColor=array([ 1.,  1.,  1.]), lineColorSpace='rgb', lineRGB=array([ 1.,  1.,  1.]), lineWidth=1, name='nod3', opacity=1.0, ori=array(0.0), pos=array([ 135.,  115.]), size=array([ 100.,  100.]), units='pix', vertices=ndarray(...), win=Window(...))
7.7394 	EXP 	Created nod4 = Polygon(autoDraw=False, autoLog=True, closeShape=True, contrast=1.0, depth=-5.0, fillColor=array([ 1.,  1.,  1.]), fillColorSpace='rgb', fillRGB=array([ 1.,  1.,  1.]), interpolate=True, lineColor=array([ 1.,  1.,  1.]), lineColorSpace='rgb', lineRGB=array([ 1.,  1.,  1.]), lineWidth=1, name='nod4', opacity=1.0, ori=array(0.0), pos=array([ 250.,  115.]), size=array([ 100.,  100.]), units='pix', vertices=ndarray(...), win=Window(...))
7.7517 	EXP 	Created rob1 = ImageStim(autoLog=True, color=array([ 1.,  1.,  1.]), colorSpace='rgb', contrast=1.0, depth=-6.0, flipHoriz=False, flipVert=False, image='robot1.png', interpolate=True, mask=None, maskParams=None, name='rob1', opacity=1.0, ori=1.0, pos=array([  20., -115.]), size=array([ 100.,  100.]), texRes=128, units='pix', win=Window(...))
7.7542 	EXP 	Created rob2 = ImageStim(autoLog=True, color=array([ 1.,  1.,  1.]), colorSpace='rgb', contrast=1.0, depth=-7.0, flipHoriz=False, flipVert=False, image='sin', interpolate=True, mask=None, maskParams=None, name='rob2', opacity=1.0, ori=0.0, pos=array([ 365.,  115.]), size=array([ 100.,  100.]), texRes=128, units='pix', win=Window(...))
7.7546 	EXP 	<method-wrapper '__getattribute__' of attributeSetter object at 0x10efbed50>: vertices = array([[-0.5,  0.5],
       [ 0.5,  0.5],
       [ 0.5, -0.5],
       [-0.5, -0.5]])
7.7559 	EXP 	Created sh1 = Rect(autoDraw=False, autoLog=True, closeShape=True, contrast=1.0, depth=-9.0, fillColor='black', fillColorSpace='named', fillRGB=array([ 0.,  0.,  0.]), interpolate=True, lineColor='black', lineColorSpace='named', lineRGB=array([ 0.,  0.,  0.]), lineWidth=1, name='sh1', opacity=1.0, ori=array(0.0), pos=array([ 20.,   0.]), size=array([ 1.,  1.]), units='pix', vertices=ndarray(...), win=Window(...))
7.7563 	EXP 	<method-wrapper '__getattribute__' of attributeSetter object at 0x10efbed50>: vertices = array([[-30.,  20.],
       [ 30.,  20.],
       [ 30., -20.],
       [-30., -20.]])
7.7576 	EXP 	Created sh2a = Rect(autoDraw=False, autoLog=True, closeShape=True, contrast=1.0, depth=-10.0, fillColor='black', fillColorSpace='named', fillRGB=array([ 0.,  0.,  0.]), interpolate=True, lineColor='black', lineColorSpace='named', lineRGB=array([ 0.,  0.,  0.]), lineWidth=1, name='sh2a', opacity=1.0, ori=array(0.0), pos=array([  50.,  113.]), size=array([ 1.,  1.]), units='pix', vertices=ndarray(...), win=Window(...))
7.7580 	EXP 	<method-wrapper '__getattribute__' of attributeSetter object at 0x10efbed50>: vertices = array([[-20.,  40.],
       [ 20.,  40.],
       [ 20., -40.],
       [-20., -40.]])
7.7593 	EXP 	Created sh2b = Rect(autoDraw=False, autoLog=True, closeShape=True, contrast=1.0, depth=-11.0, fillColor='black', fillColorSpace='named', fillRGB=array([ 0.,  0.,  0.]), interpolate=True, lineColor='black', lineColorSpace='named', lineRGB=array([ 0.,  0.,  0.]), lineWidth=1, name='sh2b', opacity=1.0, ori=array(0.0), pos=array([ 22.,  93.]), size=array([ 1.,  1.]), units='pix', vertices=ndarray(...), win=Window(...))
7.7597 	EXP 	<method-wrapper '__getattribute__' of attributeSetter object at 0x10efbed50>: vertices = array([[-55.,  20.],
       [ 55.,  20.],
       [ 55., -20.],
       [-55., -20.]])
7.7610 	EXP 	Created sh3 = Rect(autoDraw=False, autoLog=True, closeShape=True, contrast=1.0, depth=-12.0, fillColor='black', fillColorSpace='named', fillRGB=array([ 0.,  0.,  0.]), interpolate=True, lineColor='black', lineColorSpace='named', lineRGB=array([ 0.,  0.,  0.]), lineWidth=1, name='sh3', opacity=1.0, ori=array(0.0), pos=array([ 135.,  115.]), size=array([ 1.,  1.]), units='pix', vertices=ndarray(...), win=Window(...))
7.7614 	EXP 	<method-wrapper '__getattribute__' of attributeSetter object at 0x10efbed50>: vertices = array([[-55.,  20.],
       [ 55.,  20.],
       [ 55., -20.],
       [-55., -20.]])
7.7626 	EXP 	Created sh4 = Rect(autoDraw=False, autoLog=True, closeShape=True, contrast=1.0, depth=-13.0, fillColor='black', fillColorSpace='named', fillRGB=array([ 0.,  0.,  0.]), interpolate=True, lineColor='black', lineColorSpace='named', lineRGB=array([ 0.,  0.,  0.]), lineWidth=1, name='sh4', opacity=1.0, ori=array(0.0), pos=array([ 250.,  115.]), size=array([ 1.,  1.]), units='pix', vertices=ndarray(...), win=Window(...))
7.7789 	EXP 	Created star = TextStim(alignHoriz='center', alignVert='center', antialias=True, autoLog=True, bold=False, color='white', colorSpace='named', contrast=1.0, depth=0.0, flipHoriz=False, flipVert=False, font='Arial', fontFiles=[], height=50, italic=False, name='star', opacity=1.0, ori=0, pos=array([ 0.,  0.]), rgb=array([ 255.,  255.,  255.]), text=unicode(...), units='pix', win=Window(...), wrapWidth=500)
7.7793 	EXP 	<method-wrapper '__getattribute__' of attributeSetter object at 0x10efbed50>: vertices = array([[-400.,  450.],
       [ 400.,  450.],
       [ 400., -450.],
       [-400., -450.]])
7.7816 	EXP 	Created whitebackground = Rect(autoDraw=False, autoLog=True, closeShape=True, contrast=1.0, depth=-2.0, fillColor=array([ 1.,  1.,  1.]), fillColorSpace='rgb', fillRGB=array([ 1.,  1.,  1.]), interpolate=True, lineColor=array([ 1.,  1.,  1.]), lineColorSpace='rgb', lineRGB=array([ 1.,  1.,  1.]), lineWidth=0, name='whitebackground', opacity=1.0, ori=array(0.0), pos=array([-560.,    0.]), size=array([ 1.,  1.]), units='pix', vertices=ndarray(...), win=Window(...))
7.7934 	EXP 	Created robotS = ImageStim(autoLog=True, color=array([ 1.,  1.,  1.]), colorSpace='rgb', contrast=1.0, depth=-3.0, flipHoriz=False, flipVert=False, image='robot1.png', interpolate=True, mask=None, maskParams=None, name='robotS', opacity=1.0, ori=0.0, pos=array([ 0.,  0.]), size=array([ 100.,  100.]), texRes=128, units='pix', win=Window(...))
7.7996 	EXP 	Created node1 = Polygon(autoDraw=False, autoLog=True, closeShape=True, contrast=1.0, depth=-4.0, fillColor=array([ 1.,  1.,  1.]), fillColorSpace='rgb', fillRGB=array([ 1.,  1.,  1.]), interpolate=True, lineColor=array([ 1.,  1.,  1.]), lineColorSpace='rgb', lineRGB=array([ 1.,  1.,  1.]), lineWidth=0, name='node1', opacity=1.0, ori=array(0.0), pos=array([ 0.,  0.]), size=array([ 100.,  100.]), units='pix', vertices=ndarray(...), win=Window(...))
7.8086 	EXP 	Created node2 = Polygon(autoDraw=False, autoLog=True, closeShape=True, contrast=1.0, depth=-5.0, fillColor=array([ 1.,  1.,  1.]), fillColorSpace='rgb', fillRGB=array([ 1.,  1.,  1.]), interpolate=True, lineColor=array([ 1.,  1.,  1.]), lineColorSpace='rgb', lineRGB=array([ 1.,  1.,  1.]), lineWidth=0, name='node2', opacity=1.0, ori=array(0.0), pos=array([ 0.,  0.]), size=array([ 100.,  100.]), units='pix', vertices=ndarray(...), win=Window(...))
7.8181 	EXP 	Created node3 = Polygon(autoDraw=False, autoLog=True, closeShape=True, contrast=1.0, depth=-6.0, fillColor=array([ 1.,  1.,  1.]), fillColorSpace='rgb', fillRGB=array([ 1.,  1.,  1.]), interpolate=True, lineColor=array([ 1.,  1.,  1.]), lineColorSpace='rgb', lineRGB=array([ 1.,  1.,  1.]), lineWidth=0, name='node3', opacity=1.0, ori=array(0.0), pos=array([ 0.,  0.]), size=array([ 100.,  100.]), units='pix', vertices=ndarray(...), win=Window(...))
7.8243 	EXP 	Created node4 = Polygon(autoDraw=False, autoLog=True, closeShape=True, contrast=1.0, depth=-7.0, fillColor=array([ 1.,  1.,  1.]), fillColorSpace='rgb', fillRGB=array([ 1.,  1.,  1.]), interpolate=True, lineColor=array([ 1.,  1.,  1.]), lineColorSpace='rgb', lineRGB=array([ 1.,  1.,  1.]), lineWidth=0, name='node4', opacity=1.0, ori=array(0.0), pos=array([ 0.,  0.]), size=array([ 100.,  100.]), units='pix', vertices=ndarray(...), win=Window(...))
7.8303 	EXP 	Created node5 = Polygon(autoDraw=False, autoLog=True, closeShape=True, contrast=1.0, depth=-8.0, fillColor=array([ 1.,  1.,  1.]), fillColorSpace='rgb', fillRGB=array([ 1.,  1.,  1.]), interpolate=True, lineColor=array([ 1.,  1.,  1.]), lineColorSpace='rgb', lineRGB=array([ 1.,  1.,  1.]), lineWidth=0, name='node5', opacity=1.0, ori=array(0.0), pos=array([ 0.,  0.]), size=array([ 100.,  100.]), units='pix', vertices=ndarray(...), win=Window(...))
7.8423 	EXP 	Created robotF = ImageStim(autoLog=True, color=array([ 1.,  1.,  1.]), colorSpace='rgb', contrast=1.0, depth=-9.0, flipHoriz=False, flipVert=False, image='robot1.png', interpolate=True, mask=None, maskParams=None, name='robotF', opacity=1.0, ori=0.0, pos=array([ 0.,  0.]), size=array([ 100.,  100.]), texRes=128, units='pix', win=Window(...))
7.8481 	EXP 	Created select1 = Polygon(autoDraw=False, autoLog=True, closeShape=True, contrast=1.0, depth=-10.0, fillColor='red', fillColorSpace='named', fillRGB=array([ 255.,    0.,    0.]), interpolate=True, lineColor=array([ 1.,  1.,  1.]), lineColorSpace='rgb', lineRGB=array([ 1.,  1.,  1.]), lineWidth=0, name='select1', opacity=1.0, ori=array(0.0), pos=array([-630.,    0.]), size=array([ 100.,  100.]), units='pix', vertices=ndarray(...), win=Window(...))
7.8538 	EXP 	Created select2 = Polygon(autoDraw=False, autoLog=True, closeShape=True, contrast=1.0, depth=-11.0, fillColor='blue', fillColorSpace='named', fillRGB=array([   0.,    0.,  255.]), interpolate=True, lineColor=array([ 1.,  1.,  1.]), lineColorSpace='rgb', lineRGB=array([ 1.,  1.,  1.]), lineWidth=0, name='select2', opacity=1.0, ori=array(0.0), pos=array([-630., -120.]), size=array([ 100.,  100.]), units='pix', vertices=ndarray(...), win=Window(...))
7.8594 	EXP 	Created select3 = Polygon(autoDraw=False, autoLog=True, closeShape=True, contrast=1.0, depth=-12.0, fillColor='yellow', fillColorSpace='named', fillRGB=array([ 255.,  255.,    0.]), interpolate=True, lineColor=array([ 1.,  1.,  1.]), lineColorSpace='rgb', lineRGB=array([ 1.,  1.,  1.]), lineWidth=0, name='select3', opacity=1.0, ori=array(0.0), pos=array([-630., -240.]), size=array([ 100.,  100.]), units='pix', vertices=ndarray(...), win=Window(...))
7.8651 	EXP 	Created select4 = Polygon(autoDraw=False, autoLog=True, closeShape=True, contrast=1.0, depth=-13.0, fillColor='green', fillColorSpace='named', fillRGB=array([   0.,  128.,    0.]), interpolate=True, lineColor=array([ 1.,  1.,  1.]), lineColorSpace='rgb', lineRGB=array([ 1.,  1.,  1.]), lineWidth=0, name='select4', opacity=1.0, ori=array(0.0), pos=array([-630., -360.]), size=array([ 100.,  100.]), units='pix', vertices=ndarray(...), win=Window(...))
7.9038 	EXP 	Created selection = ImageStim(autoLog=True, color=array([ 1.,  1.,  1.]), colorSpace='rgb', contrast=1.0, depth=-14.0, flipHoriz=False, flipVert=False, image=u'mastershapes.png', interpolate=True, mask=None, maskParams=None, name='selection', opacity=1.0, ori=0.0, pos=array([ 0.,  0.]), size=array([ 500.,  400.]), texRes=128, units='pix', win=Window(...))
7.9272 	EXP 	Created master = ImageStim(autoLog=True, color=array([ 1.,  1.,  1.]), colorSpace='rgb', contrast=1.0, depth=-15.0, flipHoriz=False, flipVert=False, image=u'mastershapes.png', interpolate=True, mask=None, maskParams=None, name='master', opacity=1.0, ori=0.0, pos=array([-510.,   90.]), size=array([ 500.,  400.]), texRes=128, units='pix', win=Window(...))
7.9620 	EXP 	Created sel = TextStim(alignHoriz='center', alignVert='center', antialias=True, autoLog=True, bold=False, color='black', colorSpace='named', contrast=1.0, depth=-16.0, flipHoriz=False, flipVert=False, font='Arial', fontFiles=[], height=30, italic=False, name='sel', opacity=1.0, ori=0, pos=array([-450.,  300.]), rgb=array([ 0.,  0.,  0.]), text=unicode(...), units='pix', win=Window(...), wrapWidth=500)
7.9699 	EXP 	Created Evaluation = TextStim(alignHoriz='center', alignVert='center', antialias=True, autoLog=True, bold=False, color='white', colorSpace='named', contrast=1.0, depth=-1.0, flipHoriz=False, flipVert=False, font='Arial', fontFiles=[], height=30, italic=False, name='Evaluation', opacity=1.0, ori=0, pos=array([   0.,  300.]), rgb=array([ 255.,  255.,  255.]), text=u'Is this pathway correct? \n', units='pix', win=Window(...), wrapWidth=500)
7.9752 	EXP 	Created polygon = Polygon(autoDraw=False, autoLog=True, closeShape=True, contrast=1.0, depth=-2.0, fillColor='red', fillColorSpace='named', fillRGB=array([ 255.,    0.,    0.]), interpolate=True, lineColor='red', lineColorSpace='named', lineRGB=array([ 255.,    0.,    0.]), lineWidth=1, name='polygon', opacity=1.0, ori=array(0.0), pos=array([ 200.,    0.]), size=array([ 100.,  100.]), units='pix', vertices=ndarray(...), win=Window(...))
7.9803 	EXP 	Created polygon_2 = Polygon(autoDraw=False, autoLog=True, closeShape=True, contrast=1.0, depth=-3.0, fillColor='green', fillColorSpace='named', fillRGB=array([   0.,  128.,    0.]), interpolate=True, lineColor='green', lineColorSpace='named', lineRGB=array([   0.,  128.,    0.]), lineWidth=1, name='polygon_2', opacity=1.0, ori=array(0.0), pos=array([ 315., -115.]), size=array([ 100.,  100.]), units='pix', vertices=ndarray(...), win=Window(...))
7.9854 	EXP 	Created polygon_3 = Polygon(autoDraw=False, autoLog=True, closeShape=True, contrast=1.0, depth=-4.0, fillColor='blue', fillColorSpace='named', fillRGB=array([   0.,    0.,  255.]), interpolate=True, lineColor='blue', lineColorSpace='named', lineRGB=array([   0.,    0.,  255.]), lineWidth=1, name='polygon_3', opacity=1.0, ori=array(0.0), pos=array([  85., -115.]), size=array([ 100.,  100.]), units='pix', vertices=ndarray(...), win=Window(...))
7.9906 	EXP 	Created polygon_4 = Polygon(autoDraw=False, autoLog=True, closeShape=True, contrast=1.0, depth=-5.0, fillColor='blue', fillColorSpace='named', fillRGB=array([   0.,    0.,  255.]), interpolate=True, lineColor='blue', lineColorSpace='named', lineRGB=array([   0.,    0.,  255.]), lineWidth=1, name='polygon_4', opacity=1.0, ori=array(0.0), pos=array([ 200., -115.]), size=array([ 100.,  100.]), units='pix', vertices=ndarray(...), win=Window(...))
8.0015 	EXP 	Created choice = TextStim(alignHoriz='center', alignVert='center', antialias=True, autoLog=True, bold=False, color='white', colorSpace='named', contrast=1.0, depth=-6.0, flipHoriz=False, flipVert=False, font='Arial', fontFiles=[], height=50, italic=False, name='choice', opacity=1.0, ori=0, pos=array([   0., -300.]), rgb=array([ 255.,  255.,  255.]), text=u"Press 'y' for Yes  \nPress 'n' for No", units='pix', win=Window(...), wrapWidth=500)
8.0090 	EXP 	Created thankyou = TextStim(alignHoriz='center', alignVert='center', antialias=True, autoLog=True, bold=False, color='white', colorSpace='named', contrast=1.0, depth=0.0, flipHoriz=False, flipVert=False, font='Arial', fontFiles=[], height=50, italic=False, name='thankyou', opacity=1.0, ori=0, pos=array([ 0.,  0.]), rgb=array([ 255.,  255.,  255.]), text=u'Thank you for your participation.\n', units='pix', win=Window(...), wrapWidth=500)
8.0238 	EXP 	instruct: pos = array([   0.,  150.])
8.0238 	EXP 	na: pos = array([-110., -100.])
8.0238 	EXP 	na: size = array([ 100.,  100.])
8.0238 	EXP 	nb: pos = array([   0., -100.])
8.0238 	EXP 	nb: size = array([ 100.,  100.])
8.0238 	EXP 	nc: pos = array([ 110., -100.])
8.0238 	EXP 	nc: size = array([ 100.,  100.])
8.0238 	EXP 	welcome: autoDraw = True
11.0240 	EXP 	welcome: autoDraw = False
11.0403 	EXP 	instruct: autoDraw = True
14.0407 	EXP 	rob0: autoDraw = True
14.0407 	EXP 	robb: autoDraw = True
14.5407 	EXP 	na: autoDraw = True
15.0408 	EXP 	nb: autoDraw = True
15.5408 	EXP 	nc: autoDraw = True
16.5410 	EXP 	s1: autoDraw = True
17.5406 	EXP 	s2: autoDraw = True
18.5412 	EXP 	s3: autoDraw = True
21.2761 	DATA 	Keypress: space
22.0252 	EXP 	na: autoDraw = False
22.0252 	EXP 	nb: autoDraw = False
22.0252 	EXP 	nc: autoDraw = False
22.0252 	EXP 	s1: autoDraw = False
22.0252 	EXP 	s2: autoDraw = False
22.0252 	EXP 	s3: autoDraw = False
22.0415 	EXP 	heart: autoDraw = True
26.0419 	EXP 	instruct: autoDraw = False
26.0419 	EXP 	rob0: autoDraw = False
26.0419 	EXP 	robb: autoDraw = False
26.0419 	EXP 	heart: autoDraw = False
26.0419 	EXP 	welcome: autoDraw = False
26.0419 	EXP 	instruct: autoDraw = False
26.0419 	EXP 	rob0: autoDraw = False
26.0419 	EXP 	robb: autoDraw = False
26.0419 	EXP 	na: autoDraw = False
26.0419 	EXP 	nb: autoDraw = False
26.0419 	EXP 	nc: autoDraw = False
26.0419 	EXP 	s1: autoDraw = False
26.0419 	EXP 	s2: autoDraw = False
26.0419 	EXP 	s3: autoDraw = False
26.0419 	EXP 	heart: autoDraw = False
26.0419 	EXP 	text_2: pos = array([-300.,  300.])
26.0419 	EXP 	nod1: fillColor = 'red (named)'
26.0419 	EXP 	nod1: pos = array([-30.,   0.])
26.0419 	EXP 	nod2: fillColor = 'yellow (named)'
26.0419 	EXP 	nod2: pos = array([ -30.,  115.])
26.0419 	EXP 	nod2: lineColor = 'yellow (named)'
26.0419 	EXP 	nod3: fillColor = 'blue (named)'
26.0419 	EXP 	nod3: lineColor = 'blue (named)'
26.0419 	EXP 	nod4: fillColor = 'blue (named)'
26.0419 	EXP 	nod4: lineColor = 'blue (named)'
26.0419 	EXP 	rob1: ori = 0.0
26.0419 	EXP 	rob2: image = 'robot1.png'
26.0419 	EXP 	sh1: size = array([  40.,  110.])
26.0419 	EXP 	text_2: autoDraw = True
26.0419 	EXP 	nod1: autoDraw = True
26.0419 	EXP 	nod2: autoDraw = True
26.0419 	EXP 	nod3: autoDraw = True
26.0419 	EXP 	nod4: autoDraw = True
26.0419 	EXP 	rob1: autoDraw = True
26.0419 	EXP 	rob2: autoDraw = True
28.0420 	EXP 	sh1: autoDraw = True
28.5422 	EXP 	sh2a: autoDraw = True
28.5422 	EXP 	sh2b: autoDraw = True
29.0422 	EXP 	sh3: autoDraw = True
29.5423 	EXP 	sh4: autoDraw = True
49.3647 	DATA 	Keypress: space
49.3780 	EXP 	text_2: autoDraw = False
49.3780 	EXP 	nod1: autoDraw = False
49.3780 	EXP 	nod2: autoDraw = False
49.3780 	EXP 	nod3: autoDraw = False
49.3780 	EXP 	nod4: autoDraw = False
49.3780 	EXP 	rob1: autoDraw = False
49.3780 	EXP 	rob2: autoDraw = False
49.3780 	EXP 	sh1: autoDraw = False
49.3780 	EXP 	sh2a: autoDraw = False
49.3780 	EXP 	sh2b: autoDraw = False
49.3780 	EXP 	sh3: autoDraw = False
49.3780 	EXP 	sh4: autoDraw = False
49.3780 	EXP 	star: autoDraw = True
50.1149 	DATA 	Keypress: space
50.1272 	EXP 	Imported designs.xlsx as conditions, 4 conditions, 17 params
50.1275 	EXP 	Created sequence: sequential, trialTypes=4, nReps=1, seed=None
50.1282 	EXP 	New trial (rep=0, index=0): {u'n2col': u'blue', u'n4col': u'red', u'n3col': u'green', u'corrAns': u'a', u'r4': u'd', u'n1col': u'blue', u'r1': u'a', u'r2': u'b', u'rs': u'LOC21', u'r3': u'c', u're': u'LOC9', u'n5col': u'red', u'n1': u'LOC22', u'n2': u'LOC23', u'n3': u'LOC24', u'n4': u'LOC19', u'n5': u'LOC14'}
50.1446 	EXP 	star: autoDraw = False
50.1446 	EXP 	robotS: pos = array([ -30., -230.])
50.1446 	EXP 	node1: fillColor = u'blue (named)'
50.1446 	EXP 	node1: pos = array([  85., -230.])
50.1446 	EXP 	node2: fillColor = u'blue (named)'
50.1446 	EXP 	node2: pos = array([ 200., -230.])
50.1446 	EXP 	node3: fillColor = u'green (named)'
50.1446 	EXP 	node3: pos = array([ 315., -230.])
50.1446 	EXP 	node4: fillColor = u'red (named)'
50.1446 	EXP 	node4: pos = array([ 315., -115.])
50.1446 	EXP 	node5: fillColor = u'red (named)'
50.1446 	EXP 	node5: pos = array([ 315.,    0.])
50.1446 	EXP 	robotF: pos = array([ 315.,  115.])
50.1446 	EXP 	whitebackground: autoDraw = True
50.1446 	EXP 	robotS: autoDraw = True
50.1446 	EXP 	node1: autoDraw = True
50.1446 	EXP 	node2: autoDraw = True
50.1446 	EXP 	node3: autoDraw = True
50.1446 	EXP 	node4: autoDraw = True
50.1446 	EXP 	node5: autoDraw = True
50.1446 	EXP 	robotF: autoDraw = True
50.1446 	EXP 	select1: autoDraw = True
50.1446 	EXP 	select2: autoDraw = True
50.1446 	EXP 	select3: autoDraw = True
50.1446 	EXP 	select4: autoDraw = True
50.1446 	EXP 	selection: autoDraw = True
50.1446 	EXP 	master: autoDraw = True
50.1446 	EXP 	sel: autoDraw = True
54.2023 	DATA 	Keypress: a
54.5652 	DATA 	Keypress: a
54.8487 	DATA 	Keypress: a
55.9318 	DATA 	Keypress: a
55.9351 	EXP 	New trial (rep=0, index=1): {u'n2col': u'yellow', u'n4col': u'green', u'n3col': u'blue', u'corrAns': u'b', u'r4': u'd', u'n1col': u'red', u'r1': u'a', u'r2': u'b', u'rs': u'LOC21', u'r3': u'c', u're': u'LOC3', u'n5col': u'red', u'n1': u'LOC16', u'n2': u'LOC11', u'n3': u'LOC12', u'n4': u'LOC13', u'n5': u'LOC8'}
55.9620 	EXP 	whitebackground: autoDraw = False
55.9620 	EXP 	robotS: autoDraw = False
55.9620 	EXP 	node1: autoDraw = False
55.9620 	EXP 	node2: autoDraw = False
55.9620 	EXP 	node3: autoDraw = False
55.9620 	EXP 	node4: autoDraw = False
55.9620 	EXP 	node5: autoDraw = False
55.9620 	EXP 	robotF: autoDraw = False
55.9620 	EXP 	select1: autoDraw = False
55.9620 	EXP 	select2: autoDraw = False
55.9620 	EXP 	select3: autoDraw = False
55.9620 	EXP 	select4: autoDraw = False
55.9620 	EXP 	selection: autoDraw = False
55.9620 	EXP 	master: autoDraw = False
55.9620 	EXP 	sel: autoDraw = False
55.9620 	EXP 	robotS: pos = array([ -30., -230.])
55.9620 	EXP 	node1: fillColor = u'red (named)'
55.9620 	EXP 	node1: pos = array([ -30., -115.])
55.9620 	EXP 	node2: fillColor = u'yellow (named)'
55.9620 	EXP 	node2: pos = array([-30.,   0.])
55.9620 	EXP 	node3: fillColor = u'blue (named)'
55.9620 	EXP 	node3: pos = array([ 85.,   0.])
55.9620 	EXP 	node4: fillColor = u'green (named)'
55.9620 	EXP 	node4: pos = array([ 200.,    0.])
55.9620 	EXP 	node5: fillColor = u'red (named)'
55.9620 	EXP 	node5: pos = array([ 200.,  115.])
55.9620 	EXP 	robotF: pos = array([ 200.,  230.])
55.9620 	EXP 	whitebackground: autoDraw = True
55.9620 	EXP 	robotS: autoDraw = True
55.9620 	EXP 	node1: autoDraw = True
55.9620 	EXP 	node2: autoDraw = True
55.9620 	EXP 	node3: autoDraw = True
55.9620 	EXP 	node4: autoDraw = True
55.9620 	EXP 	node5: autoDraw = True
55.9620 	EXP 	robotF: autoDraw = True
55.9620 	EXP 	select1: autoDraw = True
55.9620 	EXP 	select2: autoDraw = True
55.9620 	EXP 	select3: autoDraw = True
55.9620 	EXP 	select4: autoDraw = True
55.9620 	EXP 	selection: autoDraw = True
55.9620 	EXP 	master: autoDraw = True
55.9620 	EXP 	sel: autoDraw = True
58.8492 	DATA 	Keypress: a
59.1157 	DATA 	Keypress: a
59.3860 	DATA 	Keypress: a
59.9988 	DATA 	Keypress: a
60.0008 	EXP 	New trial (rep=0, index=2): {u'n2col': u'red', u'n4col': u'blue', u'n3col': u'yellow', u'corrAns': u'c', u'r4': u'd', u'n1col': u'red', u'r1': u'a', u'r2': u'b', u'rs': u'LOC22', u'r3': u'c', u're': u'LOC10', u'n5col': u'blue', u'n1': u'LOC17', u'n2': u'LOC12', u'n3': u'LOC7', u'n4': u'LOC8', u'n5': u'LOC9'}
60.0291 	EXP 	whitebackground: autoDraw = False
60.0291 	EXP 	robotS: autoDraw = False
60.0291 	EXP 	node1: autoDraw = False
60.0291 	EXP 	node2: autoDraw = False
60.0291 	EXP 	node3: autoDraw = False
60.0291 	EXP 	node4: autoDraw = False
60.0291 	EXP 	node5: autoDraw = False
60.0291 	EXP 	robotF: autoDraw = False
60.0291 	EXP 	select1: autoDraw = False
60.0291 	EXP 	select2: autoDraw = False
60.0291 	EXP 	select3: autoDraw = False
60.0291 	EXP 	select4: autoDraw = False
60.0291 	EXP 	selection: autoDraw = False
60.0291 	EXP 	master: autoDraw = False
60.0291 	EXP 	sel: autoDraw = False
60.0291 	EXP 	robotS: pos = array([  85., -230.])
60.0291 	EXP 	node1: fillColor = u'red (named)'
60.0291 	EXP 	node1: pos = array([  85., -115.])
60.0291 	EXP 	node2: fillColor = u'red (named)'
60.0291 	EXP 	node2: pos = array([ 85.,   0.])
60.0291 	EXP 	node3: fillColor = u'yellow (named)'
60.0291 	EXP 	node3: pos = array([  85.,  115.])
60.0291 	EXP 	node4: fillColor = u'blue (named)'
60.0291 	EXP 	node4: pos = array([ 200.,  115.])
60.0291 	EXP 	node5: fillColor = u'blue (named)'
60.0291 	EXP 	node5: pos = array([ 315.,  115.])
60.0291 	EXP 	robotF: pos = array([ 430.,  115.])
60.0291 	EXP 	whitebackground: autoDraw = True
60.0291 	EXP 	robotS: autoDraw = True
60.0291 	EXP 	node1: autoDraw = True
60.0291 	EXP 	node2: autoDraw = True
60.0291 	EXP 	node3: autoDraw = True
60.0291 	EXP 	node4: autoDraw = True
60.0291 	EXP 	node5: autoDraw = True
60.0291 	EXP 	robotF: autoDraw = True
60.0291 	EXP 	select1: autoDraw = True
60.0291 	EXP 	select2: autoDraw = True
60.0291 	EXP 	select3: autoDraw = True
60.0291 	EXP 	select4: autoDraw = True
60.0291 	EXP 	selection: autoDraw = True
60.0291 	EXP 	master: autoDraw = True
60.0291 	EXP 	sel: autoDraw = True
60.6030 	DATA 	Keypress: a
60.8660 	DATA 	Keypress: a
61.1194 	DATA 	Keypress: a
61.5994 	DATA 	Keypress: a
61.6020 	EXP 	New trial (rep=0, index=3): {u'n2col': u'yellow', u'n4col': u'yellow', u'n3col': u'green', u'corrAns': u'd', u'r4': u'd', u'n1col': u'green', u'r1': u'a', u'r2': u'b', u'rs': u'LOC16', u'r3': u'c', u're': u'LOC10', u'n5col': u'blue', u'n1': u'LOC17', u'n2': u'LOC12', u'n3': u'LOC13', u'n4': u'LOC8', u'n5': u'LOC9'}
61.6293 	EXP 	whitebackground: autoDraw = False
61.6293 	EXP 	robotS: autoDraw = False
61.6293 	EXP 	node1: autoDraw = False
61.6293 	EXP 	node2: autoDraw = False
61.6293 	EXP 	node3: autoDraw = False
61.6293 	EXP 	node4: autoDraw = False
61.6293 	EXP 	node5: autoDraw = False
61.6293 	EXP 	robotF: autoDraw = False
61.6293 	EXP 	select1: autoDraw = False
61.6293 	EXP 	select2: autoDraw = False
61.6293 	EXP 	select3: autoDraw = False
61.6293 	EXP 	select4: autoDraw = False
61.6293 	EXP 	selection: autoDraw = False
61.6293 	EXP 	master: autoDraw = False
61.6293 	EXP 	sel: autoDraw = False
61.6293 	EXP 	robotS: pos = array([ -30., -115.])
61.6293 	EXP 	node1: fillColor = u'green (named)'
61.6293 	EXP 	node1: pos = array([  85., -115.])
61.6293 	EXP 	node2: fillColor = u'yellow (named)'
61.6293 	EXP 	node2: pos = array([ 85.,   0.])
61.6293 	EXP 	node3: fillColor = u'green (named)'
61.6293 	EXP 	node3: pos = array([ 200.,    0.])
61.6293 	EXP 	node4: fillColor = u'yellow (named)'
61.6293 	EXP 	node4: pos = array([ 200.,  115.])
61.6293 	EXP 	node5: fillColor = u'blue (named)'
61.6293 	EXP 	node5: pos = array([ 315.,  115.])
61.6293 	EXP 	robotF: pos = array([ 430.,  115.])
61.6293 	EXP 	whitebackground: autoDraw = True
61.6293 	EXP 	robotS: autoDraw = True
61.6293 	EXP 	node1: autoDraw = True
61.6293 	EXP 	node2: autoDraw = True
61.6293 	EXP 	node3: autoDraw = True
61.6293 	EXP 	node4: autoDraw = True
61.6293 	EXP 	node5: autoDraw = True
61.6293 	EXP 	robotF: autoDraw = True
61.6293 	EXP 	select1: autoDraw = True
61.6293 	EXP 	select2: autoDraw = True
61.6293 	EXP 	select3: autoDraw = True
61.6293 	EXP 	select4: autoDraw = True
61.6293 	EXP 	selection: autoDraw = True
61.6293 	EXP 	master: autoDraw = True
61.6293 	EXP 	sel: autoDraw = True
72.0879 	DATA 	Keypress: a
72.4707 	DATA 	Keypress: a
73.2173 	DATA 	Keypress: a
74.7710 	DATA 	Keypress: a
74.7973 	EXP 	whitebackground: autoDraw = False
74.7973 	EXP 	robotS: autoDraw = False
74.7973 	EXP 	node1: autoDraw = False
74.7973 	EXP 	node2: autoDraw = False
74.7973 	EXP 	node3: autoDraw = False
74.7973 	EXP 	node4: autoDraw = False
74.7973 	EXP 	node5: autoDraw = False
74.7973 	EXP 	robotF: autoDraw = False
74.7973 	EXP 	select1: autoDraw = False
74.7973 	EXP 	select2: autoDraw = False
74.7973 	EXP 	select3: autoDraw = False
74.7973 	EXP 	select4: autoDraw = False
74.7973 	EXP 	selection: autoDraw = False
74.7973 	EXP 	master: autoDraw = False
74.7973 	EXP 	sel: autoDraw = False
74.7973 	EXP 	Evaluation: autoDraw = True
74.7973 	EXP 	polygon: autoDraw = True
74.7973 	EXP 	polygon_2: autoDraw = True
74.7973 	EXP 	polygon_3: autoDraw = True
74.7973 	EXP 	polygon_4: autoDraw = True
76.6833 	DATA 	Keypress: space
76.8140 	EXP 	choice: autoDraw = True
77.9344 	DATA 	Keypress: escape
