6.6660 	EXP 	Created window1 = Window(allowGUI=False, allowStencil=False, autoLog=True, bitsMode=UNKNOWN, blendMode='avg', color='black', colorSpace='named', fullscr=UNKNOWN, gamma=None, lms=UNKNOWN, monitor=<psychopy.monitors.calibTools.Monitor object at 0x112cc6ad0>, name='window1', pos=[0, 0], screen=0, size=array([1440,  900]), stereo=False, units='pix', useFBO=True, useRetina=False, viewOri=0.0, viewPos=None, viewScale=None, waitBlanking=True, winType='pyglet')
6.6661 	EXP 	window1: recordFrameIntervals = False
6.8315 	EXP 	window1: recordFrameIntervals = True
7.0151 	EXP 	window1: recordFrameIntervals = False
7.1805 	EXP 	Created welcome = TextStim(alignHoriz='center', alignVert='center', antialias=True, autoLog=True, bold=False, color='white', colorSpace='named', contrast=1.0, depth=-1.0, flipHoriz=False, flipVert=False, font='Arial', fontFiles=[], height=100, italic=False, name='welcome', opacity=1.0, ori=0, pos=array([ 0.,  0.]), rgb=array([ 255.,  255.,  255.]), text=u'Welcome!', units='pix', win=Window(...), wrapWidth=500)
7.2170 	EXP 	Created instruct = TextStim(alignHoriz='center', alignVert='center', antialias=True, autoLog=True, bold=False, color='white', colorSpace='named', contrast=1.0, depth=-2.0, flipHoriz=False, flipVert=False, font='Arial', fontFiles=[], height=50, italic=False, name='instruct', opacity=1.0, ori=0, pos=array([ 0.,  0.]), rgb=array([ 255.,  255.,  255.]), text=unicode(...), units='pix', win=Window(...), wrapWidth=500)
7.3008 	EXP 	Created rob0 = ImageStim(autoLog=True, color=array([ 1.,  1.,  1.]), colorSpace='rgb', contrast=1.0, depth=-3.0, flipHoriz=False, flipVert=False, image='robot1.png', interpolate=True, mask=None, maskParams=None, name='rob0', opacity=1.0, ori=0.0, pos=array([-250., -100.]), size=array([ 200.,  200.]), texRes=128, units='pix', win=Window(...))
7.3139 	EXP 	Created robb = ImageStim(autoLog=True, color=array([ 1.,  1.,  1.]), colorSpace='rgb', contrast=1.0, depth=-4.0, flipHoriz=False, flipVert=False, image='robot1.png', interpolate=True, mask=None, maskParams=None, name='robb', opacity=1.0, ori=0.0, pos=array([ 250., -100.]), size=array([ 200.,  200.]), texRes=128, units='pix', win=Window(...))
7.3293 	EXP 	Created na = Polygon(autoDraw=False, autoLog=True, closeShape=True, contrast=1.0, depth=-5.0, fillColor='blue', fillColorSpace='named', fillRGB=array([   0.,    0.,  255.]), interpolate=True, lineColor='blue', lineColorSpace='named', lineRGB=array([   0.,    0.,  255.]), lineWidth=1, name='na', opacity=1.0, ori=array(0.0), pos=array([ 0.,  0.]), size=array([ 1.,  1.]), units='pix', vertices=ndarray(...), win=Window(...))
7.3362 	EXP 	Created nb = Polygon(autoDraw=False, autoLog=True, closeShape=True, contrast=1.0, depth=-6.0, fillColor='blue', fillColorSpace='named', fillRGB=array([   0.,    0.,  255.]), interpolate=True, lineColor='blue', lineColorSpace='named', lineRGB=array([   0.,    0.,  255.]), lineWidth=1, name='nb', opacity=1.0, ori=array(0.0), pos=array([ 0.,  0.]), size=array([ 1.,  1.]), units='pix', vertices=ndarray(...), win=Window(...))
7.3421 	EXP 	Created nc = Polygon(autoDraw=False, autoLog=True, closeShape=True, contrast=1.0, depth=-7.0, fillColor='blue', fillColorSpace='named', fillRGB=array([   0.,    0.,  255.]), interpolate=True, lineColor='blue', lineColorSpace='named', lineRGB=array([   0.,    0.,  255.]), lineWidth=1, name='nc', opacity=1.0, ori=array(0.0), pos=array([ 0.,  0.]), size=array([ 1.,  1.]), units='pix', vertices=ndarray(...), win=Window(...))
7.3443 	EXP 	<method-wrapper '__getattribute__' of attributeSetter object at 0x11084b0d0>: vertices = array([[-55.,  20.],
       [ 55.,  20.],
       [ 55., -20.],
       [-55., -20.]])
7.3459 	EXP 	Created s1 = Rect(autoDraw=False, autoLog=True, closeShape=True, contrast=1.0, depth=-8.0, fillColor='black', fillColorSpace='named', fillRGB=array([ 0.,  0.,  0.]), interpolate=True, lineColor='black', lineColorSpace='named', lineRGB=array([ 0.,  0.,  0.]), lineWidth=1, name='s1', opacity=1.0, ori=array(0.0), pos=array([-110., -100.]), size=array([ 1.,  1.]), units='pix', vertices=ndarray(...), win=Window(...))
7.3464 	EXP 	<method-wrapper '__getattribute__' of attributeSetter object at 0x11084b0d0>: vertices = array([[-55.,  20.],
       [ 55.,  20.],
       [ 55., -20.],
       [-55., -20.]])
7.3484 	EXP 	Created s2 = Rect(autoDraw=False, autoLog=True, closeShape=True, contrast=1.0, depth=-9.0, fillColor='black', fillColorSpace='named', fillRGB=array([ 0.,  0.,  0.]), interpolate=True, lineColor='black', lineColorSpace='named', lineRGB=array([ 0.,  0.,  0.]), lineWidth=1, name='s2', opacity=1.0, ori=array(0.0), pos=array([   0., -100.]), size=array([ 1.,  1.]), units='pix', vertices=ndarray(...), win=Window(...))
7.3489 	EXP 	<method-wrapper '__getattribute__' of attributeSetter object at 0x11084b0d0>: vertices = array([[-55.,  20.],
       [ 55.,  20.],
       [ 55., -20.],
       [-55., -20.]])
7.3504 	EXP 	Created s3 = Rect(autoDraw=False, autoLog=True, closeShape=True, contrast=1.0, depth=-10.0, fillColor='black', fillColorSpace='named', fillRGB=array([ 0.,  0.,  0.]), interpolate=True, lineColor='black', lineColorSpace='named', lineRGB=array([ 0.,  0.,  0.]), lineWidth=1, name='s3', opacity=1.0, ori=array(0.0), pos=array([ 110., -100.]), size=array([ 1.,  1.]), units='pix', vertices=ndarray(...), win=Window(...))
7.8316 	EXP 	Created heart = ImageStim(autoLog=True, color=array([ 1.,  1.,  1.]), colorSpace='rgb', contrast=1.0, depth=-11.0, flipHoriz=False, flipVert=False, image='heart.png', interpolate=True, mask=None, maskParams=None, name='heart', opacity=1.0, ori=0.0, pos=array([   0., -100.]), size=array([ 1.,  1.]), texRes=128, units='pix', win=Window(...))
7.9439 	EXP 	Created text_2 = TextStim(alignHoriz='center', alignVert='center', antialias=True, autoLog=True, bold=False, color='white', colorSpace='named', contrast=1.0, depth=-1.0, flipHoriz=False, flipVert=False, font='Arial', fontFiles=[], height=40, italic=False, name='text_2', opacity=1.0, ori=0, pos=array([ 0.,  0.]), rgb=array([ 255.,  255.,  255.]), text=u"Let's take an example", units='pix', win=Window(...), wrapWidth=500)
7.9514 	EXP 	Created nod1 = Polygon(autoDraw=False, autoLog=True, closeShape=True, contrast=1.0, depth=-2.0, fillColor=array([ 1.,  1.,  1.]), fillColorSpace='rgb', fillRGB=array([ 1.,  1.,  1.]), interpolate=True, lineColor='red', lineColorSpace='named', lineRGB=array([ 255.,    0.,    0.]), lineWidth=1, name='nod1', opacity=1.0, ori=array(0.0), pos=array([ 0.,  0.]), size=array([ 100.,  100.]), units='pix', vertices=ndarray(...), win=Window(...))
7.9584 	EXP 	Created nod2 = Polygon(autoDraw=False, autoLog=True, closeShape=True, contrast=1.0, depth=-3.0, fillColor=array([ 1.,  1.,  1.]), fillColorSpace='rgb', fillRGB=array([ 1.,  1.,  1.]), interpolate=True, lineColor=array([ 1.,  1.,  1.]), lineColorSpace='rgb', lineRGB=array([ 1.,  1.,  1.]), lineWidth=1, name='nod2', opacity=1.0, ori=array(0.0), pos=array([ 0.,  0.]), size=array([ 100.,  100.]), units='pix', vertices=ndarray(...), win=Window(...))
7.9670 	EXP 	Created nod3 = Polygon(autoDraw=False, autoLog=True, closeShape=True, contrast=1.0, depth=-4.0, fillColor=array([ 1.,  1.,  1.]), fillColorSpace='rgb', fillRGB=array([ 1.,  1.,  1.]), interpolate=True, lineColor=array([ 1.,  1.,  1.]), lineColorSpace='rgb', lineRGB=array([ 1.,  1.,  1.]), lineWidth=1, name='nod3', opacity=1.0, ori=array(0.0), pos=array([ 135.,  115.]), size=array([ 100.,  100.]), units='pix', vertices=ndarray(...), win=Window(...))
7.9742 	EXP 	Created nod4 = Polygon(autoDraw=False, autoLog=True, closeShape=True, contrast=1.0, depth=-5.0, fillColor=array([ 1.,  1.,  1.]), fillColorSpace='rgb', fillRGB=array([ 1.,  1.,  1.]), interpolate=True, lineColor=array([ 1.,  1.,  1.]), lineColorSpace='rgb', lineRGB=array([ 1.,  1.,  1.]), lineWidth=1, name='nod4', opacity=1.0, ori=array(0.0), pos=array([ 250.,  115.]), size=array([ 100.,  100.]), units='pix', vertices=ndarray(...), win=Window(...))
7.9876 	EXP 	Created rob1 = ImageStim(autoLog=True, color=array([ 1.,  1.,  1.]), colorSpace='rgb', contrast=1.0, depth=-6.0, flipHoriz=False, flipVert=False, image='robot1.png', interpolate=True, mask=None, maskParams=None, name='rob1', opacity=1.0, ori=1.0, pos=array([  20., -115.]), size=array([ 100.,  100.]), texRes=128, units='pix', win=Window(...))
7.9915 	EXP 	Created rob2 = ImageStim(autoLog=True, color=array([ 1.,  1.,  1.]), colorSpace='rgb', contrast=1.0, depth=-7.0, flipHoriz=False, flipVert=False, image='sin', interpolate=True, mask=None, maskParams=None, name='rob2', opacity=1.0, ori=0.0, pos=array([ 365.,  115.]), size=array([ 100.,  100.]), texRes=128, units='pix', win=Window(...))
7.9920 	EXP 	<method-wrapper '__getattribute__' of attributeSetter object at 0x11084b0d0>: vertices = array([[-0.5,  0.5],
       [ 0.5,  0.5],
       [ 0.5, -0.5],
       [-0.5, -0.5]])
7.9935 	EXP 	Created sh1 = Rect(autoDraw=False, autoLog=True, closeShape=True, contrast=1.0, depth=-9.0, fillColor='black', fillColorSpace='named', fillRGB=array([ 0.,  0.,  0.]), interpolate=True, lineColor='black', lineColorSpace='named', lineRGB=array([ 0.,  0.,  0.]), lineWidth=1, name='sh1', opacity=1.0, ori=array(0.0), pos=array([ 20.,   0.]), size=array([ 1.,  1.]), units='pix', vertices=ndarray(...), win=Window(...))
7.9939 	EXP 	<method-wrapper '__getattribute__' of attributeSetter object at 0x11084b0d0>: vertices = array([[-30.,  20.],
       [ 30.,  20.],
       [ 30., -20.],
       [-30., -20.]])
7.9954 	EXP 	Created sh2a = Rect(autoDraw=False, autoLog=True, closeShape=True, contrast=1.0, depth=-10.0, fillColor='black', fillColorSpace='named', fillRGB=array([ 0.,  0.,  0.]), interpolate=True, lineColor='black', lineColorSpace='named', lineRGB=array([ 0.,  0.,  0.]), lineWidth=1, name='sh2a', opacity=1.0, ori=array(0.0), pos=array([  50.,  113.]), size=array([ 1.,  1.]), units='pix', vertices=ndarray(...), win=Window(...))
7.9959 	EXP 	<method-wrapper '__getattribute__' of attributeSetter object at 0x11084b0d0>: vertices = array([[-20.,  40.],
       [ 20.,  40.],
       [ 20., -40.],
       [-20., -40.]])
7.9973 	EXP 	Created sh2b = Rect(autoDraw=False, autoLog=True, closeShape=True, contrast=1.0, depth=-11.0, fillColor='black', fillColorSpace='named', fillRGB=array([ 0.,  0.,  0.]), interpolate=True, lineColor='black', lineColorSpace='named', lineRGB=array([ 0.,  0.,  0.]), lineWidth=1, name='sh2b', opacity=1.0, ori=array(0.0), pos=array([ 22.,  93.]), size=array([ 1.,  1.]), units='pix', vertices=ndarray(...), win=Window(...))
7.9978 	EXP 	<method-wrapper '__getattribute__' of attributeSetter object at 0x11084b0d0>: vertices = array([[-55.,  20.],
       [ 55.,  20.],
       [ 55., -20.],
       [-55., -20.]])
7.9999 	EXP 	Created sh3 = Rect(autoDraw=False, autoLog=True, closeShape=True, contrast=1.0, depth=-12.0, fillColor='black', fillColorSpace='named', fillRGB=array([ 0.,  0.,  0.]), interpolate=True, lineColor='black', lineColorSpace='named', lineRGB=array([ 0.,  0.,  0.]), lineWidth=1, name='sh3', opacity=1.0, ori=array(0.0), pos=array([ 135.,  115.]), size=array([ 1.,  1.]), units='pix', vertices=ndarray(...), win=Window(...))
8.0004 	EXP 	<method-wrapper '__getattribute__' of attributeSetter object at 0x11084b0d0>: vertices = array([[-55.,  20.],
       [ 55.,  20.],
       [ 55., -20.],
       [-55., -20.]])
8.0026 	EXP 	Created sh4 = Rect(autoDraw=False, autoLog=True, closeShape=True, contrast=1.0, depth=-13.0, fillColor='black', fillColorSpace='named', fillRGB=array([ 0.,  0.,  0.]), interpolate=True, lineColor='black', lineColorSpace='named', lineRGB=array([ 0.,  0.,  0.]), lineWidth=1, name='sh4', opacity=1.0, ori=array(0.0), pos=array([ 250.,  115.]), size=array([ 1.,  1.]), units='pix', vertices=ndarray(...), win=Window(...))
8.0249 	EXP 	Created star = TextStim(alignHoriz='center', alignVert='center', antialias=True, autoLog=True, bold=False, color='white', colorSpace='named', contrast=1.0, depth=0.0, flipHoriz=False, flipVert=False, font='Arial', fontFiles=[], height=50, italic=False, name='star', opacity=1.0, ori=0, pos=array([ 0.,  0.]), rgb=array([ 255.,  255.,  255.]), text=unicode(...), units='pix', win=Window(...), wrapWidth=500)
8.0254 	EXP 	<method-wrapper '__getattribute__' of attributeSetter object at 0x11084b0d0>: vertices = array([[-400.,  450.],
       [ 400.,  450.],
       [ 400., -450.],
       [-400., -450.]])
8.0280 	EXP 	Created whitebackground = Rect(autoDraw=False, autoLog=True, closeShape=True, contrast=1.0, depth=-2.0, fillColor=array([ 1.,  1.,  1.]), fillColorSpace='rgb', fillRGB=array([ 1.,  1.,  1.]), interpolate=True, lineColor=array([ 1.,  1.,  1.]), lineColorSpace='rgb', lineRGB=array([ 1.,  1.,  1.]), lineWidth=0, name='whitebackground', opacity=1.0, ori=array(0.0), pos=array([-560.,    0.]), size=array([ 1.,  1.]), units='pix', vertices=ndarray(...), win=Window(...))
8.0426 	EXP 	Created robotS = ImageStim(autoLog=True, color=array([ 1.,  1.,  1.]), colorSpace='rgb', contrast=1.0, depth=-3.0, flipHoriz=False, flipVert=False, image=u'robot1.png', interpolate=True, mask=None, maskParams=None, name='robotS', opacity=1.0, ori=0.0, pos=array([ 0.,  0.]), size=array([ 100.,  100.]), texRes=128, units='pix', win=Window(...))
8.0498 	EXP 	Created node1 = Polygon(autoDraw=False, autoLog=True, closeShape=True, contrast=1.0, depth=-4.0, fillColor=array([ 1.,  1.,  1.]), fillColorSpace='rgb', fillRGB=array([ 1.,  1.,  1.]), interpolate=True, lineColor=array([ 1.,  1.,  1.]), lineColorSpace='rgb', lineRGB=array([ 1.,  1.,  1.]), lineWidth=0, name='node1', opacity=1.0, ori=array(0.0), pos=array([ 0.,  0.]), size=array([ 100.,  100.]), units='pix', vertices=ndarray(...), win=Window(...))
8.0566 	EXP 	Created node2 = Polygon(autoDraw=False, autoLog=True, closeShape=True, contrast=1.0, depth=-5.0, fillColor=array([ 1.,  1.,  1.]), fillColorSpace='rgb', fillRGB=array([ 1.,  1.,  1.]), interpolate=True, lineColor=array([ 1.,  1.,  1.]), lineColorSpace='rgb', lineRGB=array([ 1.,  1.,  1.]), lineWidth=0, name='node2', opacity=1.0, ori=array(0.0), pos=array([ 0.,  0.]), size=array([ 100.,  100.]), units='pix', vertices=ndarray(...), win=Window(...))
8.0663 	EXP 	Created node3 = Polygon(autoDraw=False, autoLog=True, closeShape=True, contrast=1.0, depth=-6.0, fillColor=array([ 1.,  1.,  1.]), fillColorSpace='rgb', fillRGB=array([ 1.,  1.,  1.]), interpolate=True, lineColor=array([ 1.,  1.,  1.]), lineColorSpace='rgb', lineRGB=array([ 1.,  1.,  1.]), lineWidth=0, name='node3', opacity=1.0, ori=array(0.0), pos=array([ 0.,  0.]), size=array([ 100.,  100.]), units='pix', vertices=ndarray(...), win=Window(...))
8.0766 	EXP 	Created node4 = Polygon(autoDraw=False, autoLog=True, closeShape=True, contrast=1.0, depth=-7.0, fillColor=array([ 1.,  1.,  1.]), fillColorSpace='rgb', fillRGB=array([ 1.,  1.,  1.]), interpolate=True, lineColor=array([ 1.,  1.,  1.]), lineColorSpace='rgb', lineRGB=array([ 1.,  1.,  1.]), lineWidth=0, name='node4', opacity=1.0, ori=array(0.0), pos=array([ 0.,  0.]), size=array([ 100.,  100.]), units='pix', vertices=ndarray(...), win=Window(...))
8.0838 	EXP 	Created node5 = Polygon(autoDraw=False, autoLog=True, closeShape=True, contrast=1.0, depth=-8.0, fillColor=array([ 1.,  1.,  1.]), fillColorSpace='rgb', fillRGB=array([ 1.,  1.,  1.]), interpolate=True, lineColor=array([ 1.,  1.,  1.]), lineColorSpace='rgb', lineRGB=array([ 1.,  1.,  1.]), lineWidth=0, name='node5', opacity=1.0, ori=array(0.0), pos=array([ 0.,  0.]), size=array([ 100.,  100.]), units='pix', vertices=ndarray(...), win=Window(...))
8.0962 	EXP 	Created robotF = ImageStim(autoLog=True, color=array([ 1.,  1.,  1.]), colorSpace='rgb', contrast=1.0, depth=-9.0, flipHoriz=False, flipVert=False, image=u'robot1.png', interpolate=True, mask=None, maskParams=None, name='robotF', opacity=1.0, ori=0.0, pos=array([ 0.,  0.]), size=array([ 100.,  100.]), texRes=128, units='pix', win=Window(...))
8.1037 	EXP 	Created select1 = Polygon(autoDraw=False, autoLog=True, closeShape=True, contrast=1.0, depth=-10.0, fillColor='red', fillColorSpace='named', fillRGB=array([ 255.,    0.,    0.]), interpolate=True, lineColor=array([ 1.,  1.,  1.]), lineColorSpace='rgb', lineRGB=array([ 1.,  1.,  1.]), lineWidth=0, name='select1', opacity=1.0, ori=array(0.0), pos=array([-630.,    0.]), size=array([ 100.,  100.]), units='pix', vertices=ndarray(...), win=Window(...))
8.1102 	EXP 	Created select2 = Polygon(autoDraw=False, autoLog=True, closeShape=True, contrast=1.0, depth=-11.0, fillColor='blue', fillColorSpace='named', fillRGB=array([   0.,    0.,  255.]), interpolate=True, lineColor=array([ 1.,  1.,  1.]), lineColorSpace='rgb', lineRGB=array([ 1.,  1.,  1.]), lineWidth=0, name='select2', opacity=1.0, ori=array(0.0), pos=array([-630., -120.]), size=array([ 100.,  100.]), units='pix', vertices=ndarray(...), win=Window(...))
8.1196 	EXP 	Created select3 = Polygon(autoDraw=False, autoLog=True, closeShape=True, contrast=1.0, depth=-12.0, fillColor='yellow', fillColorSpace='named', fillRGB=array([ 255.,  255.,    0.]), interpolate=True, lineColor=array([ 1.,  1.,  1.]), lineColorSpace='rgb', lineRGB=array([ 1.,  1.,  1.]), lineWidth=0, name='select3', opacity=1.0, ori=array(0.0), pos=array([-630., -240.]), size=array([ 100.,  100.]), units='pix', vertices=ndarray(...), win=Window(...))
8.1363 	EXP 	Created select4 = Polygon(autoDraw=False, autoLog=True, closeShape=True, contrast=1.0, depth=-13.0, fillColor=u'green', fillColorSpace='named', fillRGB=array([   0.,  128.,    0.]), interpolate=True, lineColor=array([ 1.,  1.,  1.]), lineColorSpace='rgb', lineRGB=array([ 1.,  1.,  1.]), lineWidth=0, name='select4', opacity=1.0, ori=array(0.0), pos=array([-630., -360.]), size=array([ 100.,  100.]), units='pix', vertices=ndarray(...), win=Window(...))
8.1704 	EXP 	Created selection = ImageStim(autoLog=True, color=array([ 1.,  1.,  1.]), colorSpace='rgb', contrast=1.0, depth=-14.0, flipHoriz=False, flipVert=False, image='mastershapes.png', interpolate=True, mask=None, maskParams=None, name='selection', opacity=1.0, ori=0.0, pos=array([ 0.,  0.]), size=array([ 500.,  400.]), texRes=128, units='pix', win=Window(...))
8.2305 	EXP 	Created sel = TextStim(alignHoriz='center', alignVert='center', antialias=True, autoLog=True, bold=False, color='black', colorSpace='named', contrast=1.0, depth=-15.0, flipHoriz=False, flipVert=False, font='Arial', fontFiles=[], height=30, italic=False, name='sel', opacity=1.0, ori=0, pos=array([-450.,  250.]), rgb=array([ 0.,  0.,  0.]), text=unicode(...), units='pix', win=Window(...), wrapWidth=500)
8.2422 	EXP 	Created Evaluation = TextStim(alignHoriz='center', alignVert='center', antialias=True, autoLog=True, bold=False, color=u'white', colorSpace='named', contrast=1.0, depth=-1.0, flipHoriz=False, flipVert=False, font=u'Arial', fontFiles=[], height=50, italic=False, name='Evaluation', opacity=1.0, ori=0, pos=array([   0.,  300.]), rgb=array([ 255.,  255.,  255.]), text=u'Is this pathway correct? \n', units='pix', win=Window(...), wrapWidth=500)
8.2494 	EXP 	Created polygon = Polygon(autoDraw=False, autoLog=True, closeShape=True, contrast=1.0, depth=-2.0, fillColor=array([ 1.,  1.,  1.]), fillColorSpace='rgb', fillRGB=array([ 1.,  1.,  1.]), interpolate=True, lineColor=array([ 1.,  1.,  1.]), lineColorSpace='rgb', lineRGB=array([ 1.,  1.,  1.]), lineWidth=1, name='polygon', opacity=1.0, ori=array(0.0), pos=array([ 0.,  0.]), size=array([ 100.,  100.]), units='pix', vertices=ndarray(...), win=Window(...))
8.2564 	EXP 	Created polygon_2 = Polygon(autoDraw=False, autoLog=True, closeShape=True, contrast=1.0, depth=-3.0, fillColor=array([ 1.,  1.,  1.]), fillColorSpace='rgb', fillRGB=array([ 1.,  1.,  1.]), interpolate=True, lineColor=array([ 1.,  1.,  1.]), lineColorSpace='rgb', lineRGB=array([ 1.,  1.,  1.]), lineWidth=1, name='polygon_2', opacity=1.0, ori=array(0.0), pos=array([ 0.,  0.]), size=array([ 100.,  100.]), units='pix', vertices=ndarray(...), win=Window(...))
8.2658 	EXP 	Created polygon_3 = Polygon(autoDraw=False, autoLog=True, closeShape=True, contrast=1.0, depth=-4.0, fillColor=array([ 1.,  1.,  1.]), fillColorSpace='rgb', fillRGB=array([ 1.,  1.,  1.]), interpolate=True, lineColor=array([ 1.,  1.,  1.]), lineColorSpace='rgb', lineRGB=array([ 1.,  1.,  1.]), lineWidth=1, name='polygon_3', opacity=1.0, ori=array(0.0), pos=array([ 0.,  0.]), size=array([ 100.,  100.]), units='pix', vertices=ndarray(...), win=Window(...))
8.2746 	EXP 	Created polygon_4 = Polygon(autoDraw=False, autoLog=True, closeShape=True, contrast=1.0, depth=-5.0, fillColor=array([ 1.,  1.,  1.]), fillColorSpace='rgb', fillRGB=array([ 1.,  1.,  1.]), interpolate=True, lineColor=array([ 1.,  1.,  1.]), lineColorSpace='rgb', lineRGB=array([ 1.,  1.,  1.]), lineWidth=1, name='polygon_4', opacity=1.0, ori=array(0.0), pos=array([ 0.,  0.]), size=array([ 100.,  100.]), units='pix', vertices=ndarray(...), win=Window(...))
8.2818 	EXP 	Created polygon_5 = Polygon(autoDraw=False, autoLog=True, closeShape=True, contrast=1.0, depth=-6.0, fillColor=array([ 1.,  1.,  1.]), fillColorSpace='rgb', fillRGB=array([ 1.,  1.,  1.]), interpolate=True, lineColor=array([ 1.,  1.,  1.]), lineColorSpace='rgb', lineRGB=array([ 1.,  1.,  1.]), lineWidth=1, name='polygon_5', opacity=1.0, ori=array(0.0), pos=array([ 0.,  0.]), size=array([ 100.,  100.]), units='pix', vertices=ndarray(...), win=Window(...))
8.2894 	EXP 	Created choice = TextStim(alignHoriz='center', alignVert='center', antialias=True, autoLog=True, bold=False, color=u'white', colorSpace='named', contrast=1.0, depth=-7.0, flipHoriz=False, flipVert=False, font=u'Arial', fontFiles=[], height=50, italic=False, name='choice', opacity=1.0, ori=0, pos=array([   0., -300.]), rgb=array([ 255.,  255.,  255.]), text=u'default text', units='pix', win=Window(...), wrapWidth=500)
8.3030 	EXP 	Created ro = ImageStim(autoLog=True, color=array([ 1.,  1.,  1.]), colorSpace='rgb', contrast=1.0, depth=-9.0, flipHoriz=False, flipVert=False, image=u'robot1.png', interpolate=True, mask=None, maskParams=None, name='ro', opacity=1.0, ori=0.0, pos=array([ 0.,  0.]), size=array([ 100.,  100.]), texRes=128, units='pix', win=Window(...))
8.3180 	EXP 	Created rq = ImageStim(autoLog=True, color=array([ 1.,  1.,  1.]), colorSpace='rgb', contrast=1.0, depth=-10.0, flipHoriz=False, flipVert=False, image=u'robot1.png', interpolate=True, mask=None, maskParams=None, name='rq', opacity=1.0, ori=0.0, pos=array([ 0.,  0.]), size=array([ 100.,  100.]), texRes=128, units='pix', win=Window(...))
8.3299 	EXP 	Created text = TextStim(alignHoriz='center', alignVert='center', antialias=True, autoLog=True, bold=False, color=u'white', colorSpace='named', contrast=1.0, depth=-2.0, flipHoriz=False, flipVert=False, font=u'Arial', fontFiles=[], height=100, italic=False, name='text', opacity=1.0, ori=0, pos=array([ 0.,  0.]), rgb=array([ 255.,  255.,  255.]), text=u'default text', units='pix', win=Window(...), wrapWidth=500)
8.3439 	EXP 	Created thankyou = TextStim(alignHoriz='center', alignVert='center', antialias=True, autoLog=True, bold=False, color='white', colorSpace='named', contrast=1.0, depth=0.0, flipHoriz=False, flipVert=False, font='Arial', fontFiles=[], height=50, italic=False, name='thankyou', opacity=1.0, ori=0, pos=array([ 0.,  0.]), rgb=array([ 255.,  255.,  255.]), text=u'Thank you for your participation.\n', units='pix', win=Window(...), wrapWidth=500)
8.3649 	EXP 	instruct: pos = array([   0.,  150.])
8.3649 	EXP 	na: pos = array([-110., -100.])
8.3649 	EXP 	na: size = array([ 100.,  100.])
8.3649 	EXP 	nb: pos = array([   0., -100.])
8.3649 	EXP 	nb: size = array([ 100.,  100.])
8.3649 	EXP 	nc: pos = array([ 110., -100.])
8.3649 	EXP 	nc: size = array([ 100.,  100.])
8.3649 	EXP 	welcome: autoDraw = True
11.3485 	EXP 	welcome: autoDraw = False
11.3652 	EXP 	instruct: autoDraw = True
14.3654 	EXP 	rob0: autoDraw = True
14.3654 	EXP 	robb: autoDraw = True
14.8655 	EXP 	na: autoDraw = True
15.3655 	EXP 	nb: autoDraw = True
15.8657 	EXP 	nc: autoDraw = True
16.8657 	EXP 	s1: autoDraw = True
17.8659 	EXP 	s2: autoDraw = True
18.8661 	EXP 	s3: autoDraw = True
22.3498 	EXP 	na: autoDraw = False
22.3498 	EXP 	nb: autoDraw = False
22.3498 	EXP 	nc: autoDraw = False
22.3498 	EXP 	s1: autoDraw = False
22.3498 	EXP 	s2: autoDraw = False
22.3498 	EXP 	s3: autoDraw = False
22.3665 	EXP 	heart: autoDraw = True
26.3669 	EXP 	instruct: autoDraw = False
26.3669 	EXP 	rob0: autoDraw = False
26.3669 	EXP 	robb: autoDraw = False
26.3669 	EXP 	heart: autoDraw = False
26.3669 	EXP 	welcome: autoDraw = False
26.3669 	EXP 	instruct: autoDraw = False
26.3669 	EXP 	rob0: autoDraw = False
26.3669 	EXP 	robb: autoDraw = False
26.3669 	EXP 	na: autoDraw = False
26.3669 	EXP 	nb: autoDraw = False
26.3669 	EXP 	nc: autoDraw = False
26.3669 	EXP 	s1: autoDraw = False
26.3669 	EXP 	s2: autoDraw = False
26.3669 	EXP 	s3: autoDraw = False
26.3669 	EXP 	heart: autoDraw = False
26.3669 	EXP 	text_2: pos = array([-300.,  300.])
26.3669 	EXP 	nod1: fillColor = 'red (named)'
26.3669 	EXP 	nod1: pos = array([ 20.,   0.])
26.3669 	EXP 	nod2: fillColor = 'yellow (named)'
26.3669 	EXP 	nod2: pos = array([  20.,  115.])
26.3669 	EXP 	nod2: lineColor = 'yellow (named)'
26.3669 	EXP 	nod3: fillColor = 'blue (named)'
26.3669 	EXP 	nod3: lineColor = 'blue (named)'
26.3669 	EXP 	nod4: fillColor = 'blue (named)'
26.3669 	EXP 	nod4: lineColor = 'blue (named)'
26.3669 	EXP 	rob1: ori = 0.0
26.3669 	EXP 	rob2: image = 'robot1.png'
26.3669 	EXP 	sh1: size = array([  40.,  110.])
26.3669 	EXP 	text_2: autoDraw = True
26.3669 	EXP 	nod1: autoDraw = True
26.3669 	EXP 	nod2: autoDraw = True
26.3669 	EXP 	nod3: autoDraw = True
26.3669 	EXP 	nod4: autoDraw = True
26.3669 	EXP 	rob1: autoDraw = True
26.3669 	EXP 	rob2: autoDraw = True
28.3670 	EXP 	sh1: autoDraw = True
28.8671 	EXP 	sh2a: autoDraw = True
28.8671 	EXP 	sh2b: autoDraw = True
29.3673 	EXP 	sh3: autoDraw = True
29.8673 	EXP 	sh4: autoDraw = True
35.0209 	DATA 	Keypress: space
35.0346 	EXP 	text_2: autoDraw = False
35.0346 	EXP 	nod1: autoDraw = False
35.0346 	EXP 	nod2: autoDraw = False
35.0346 	EXP 	nod3: autoDraw = False
35.0346 	EXP 	nod4: autoDraw = False
35.0346 	EXP 	rob1: autoDraw = False
35.0346 	EXP 	rob2: autoDraw = False
35.0346 	EXP 	sh1: autoDraw = False
35.0346 	EXP 	sh2a: autoDraw = False
35.0346 	EXP 	sh2b: autoDraw = False
35.0346 	EXP 	sh3: autoDraw = False
35.0346 	EXP 	sh4: autoDraw = False
35.0346 	EXP 	star: autoDraw = True
35.6711 	DATA 	Keypress: space
35.6974 	EXP 	Imported designs.xlsx as conditions, 4 conditions, 16 params
35.6978 	EXP 	Created sequence: sequential, trialTypes=4, nReps=1, seed=None
35.7025 	EXP 	New trial (rep=0, index=0): {u'n2col': u'blue', u'n4col': u'red', u'n3col': u'green', u'r4': u'd', u'n1col': u'blue', u'r1': u'a', u'r2': u'b', u'rs': u'LOC21', u'r3': u'c', u're': u'LOC9', u'n5col': u'red', u'n1': u'LOC22', u'n2': u'LOC23', u'n3': u'LOC24', u'n4': u'LOC19', u'n5': u'LOC14'}
35.7180 	EXP 	star: autoDraw = False
35.7180 	EXP 	robotS: pos = array([  20., -230.])
35.7180 	EXP 	node1: fillColor = u'blue (named)'
35.7180 	EXP 	node1: pos = array([ 135., -230.])
35.7180 	EXP 	node2: fillColor = u'blue (named)'
35.7180 	EXP 	node2: pos = array([ 250., -230.])
35.7180 	EXP 	node3: fillColor = u'green (named)'
35.7180 	EXP 	node3: pos = array([ 365., -230.])
35.7180 	EXP 	node4: fillColor = u'red (named)'
35.7180 	EXP 	node4: pos = array([ 365., -115.])
35.7180 	EXP 	node5: fillColor = u'red (named)'
35.7180 	EXP 	node5: pos = array([ 365.,    0.])
35.7180 	EXP 	robotF: pos = array([ 365.,  115.])
35.7180 	EXP 	whitebackground: autoDraw = True
35.7180 	EXP 	robotS: autoDraw = True
35.7180 	EXP 	node1: autoDraw = True
35.7180 	EXP 	node2: autoDraw = True
35.7180 	EXP 	node3: autoDraw = True
35.7180 	EXP 	node4: autoDraw = True
35.7180 	EXP 	node5: autoDraw = True
35.7180 	EXP 	robotF: autoDraw = True
35.7180 	EXP 	select1: autoDraw = True
35.7180 	EXP 	select2: autoDraw = True
35.7180 	EXP 	select3: autoDraw = True
35.7180 	EXP 	select4: autoDraw = True
35.7180 	EXP 	selection: autoDraw = True
35.7180 	EXP 	sel: autoDraw = True
36.8411 	DATA 	Keypress: a
37.0041 	DATA 	Keypress: a
37.1411 	DATA 	Keypress: a
37.3876 	DATA 	Keypress: a
37.3899 	EXP 	New trial (rep=0, index=1): {u'n2col': u'yellow', u'n4col': u'green', u'n3col': u'blue', u'r4': u'd', u'n1col': u'red', u'r1': u'a', u'r2': u'b', u'rs': u'LOC21', u'r3': u'c', u're': u'LOC3', u'n5col': u'red', u'n1': u'LOC16', u'n2': u'LOC11', u'n3': u'LOC12', u'n4': u'LOC13', u'n5': u'LOC8'}
37.4179 	EXP 	whitebackground: autoDraw = False
37.4179 	EXP 	robotS: autoDraw = False
37.4179 	EXP 	node1: autoDraw = False
37.4179 	EXP 	node2: autoDraw = False
37.4179 	EXP 	node3: autoDraw = False
37.4179 	EXP 	node4: autoDraw = False
37.4179 	EXP 	node5: autoDraw = False
37.4179 	EXP 	robotF: autoDraw = False
37.4179 	EXP 	select1: autoDraw = False
37.4179 	EXP 	select2: autoDraw = False
37.4179 	EXP 	select3: autoDraw = False
37.4179 	EXP 	select4: autoDraw = False
37.4179 	EXP 	selection: autoDraw = False
37.4179 	EXP 	sel: autoDraw = False
37.4179 	EXP 	robotS: pos = array([  20., -230.])
37.4179 	EXP 	node1: fillColor = u'red (named)'
37.4179 	EXP 	node1: pos = array([  20., -115.])
37.4179 	EXP 	node2: fillColor = u'yellow (named)'
37.4179 	EXP 	node2: pos = array([ 20.,   0.])
37.4179 	EXP 	node3: fillColor = u'blue (named)'
37.4179 	EXP 	node3: pos = array([ 135.,    0.])
37.4179 	EXP 	node4: fillColor = u'green (named)'
37.4179 	EXP 	node4: pos = array([ 250.,    0.])
37.4179 	EXP 	node5: fillColor = u'red (named)'
37.4179 	EXP 	node5: pos = array([ 250.,  115.])
37.4179 	EXP 	robotF: pos = array([ 250.,  230.])
37.4179 	EXP 	whitebackground: autoDraw = True
37.4179 	EXP 	robotS: autoDraw = True
37.4179 	EXP 	node1: autoDraw = True
37.4179 	EXP 	node2: autoDraw = True
37.4179 	EXP 	node3: autoDraw = True
37.4179 	EXP 	node4: autoDraw = True
37.4179 	EXP 	node5: autoDraw = True
37.4179 	EXP 	robotF: autoDraw = True
37.4179 	EXP 	select1: autoDraw = True
37.4179 	EXP 	select2: autoDraw = True
37.4179 	EXP 	select3: autoDraw = True
37.4179 	EXP 	select4: autoDraw = True
37.4179 	EXP 	selection: autoDraw = True
37.4179 	EXP 	sel: autoDraw = True
37.6716 	DATA 	Keypress: a
37.8382 	DATA 	Keypress: a
37.9717 	DATA 	Keypress: a
38.2880 	DATA 	Keypress: a
38.2901 	EXP 	New trial (rep=0, index=2): {u'n2col': u'red', u'n4col': u'blue', u'n3col': u'yellow', u'r4': u'd', u'n1col': u'red', u'r1': u'a', u'r2': u'b', u'rs': u'LOC22', u'r3': u'c', u're': u'LOC10', u'n5col': u'blue', u'n1': u'LOC17', u'n2': u'LOC12', u'n3': u'LOC7', u'n4': u'LOC8', u'n5': u'LOC9'}
38.3181 	EXP 	whitebackground: autoDraw = False
38.3181 	EXP 	robotS: autoDraw = False
38.3181 	EXP 	node1: autoDraw = False
38.3181 	EXP 	node2: autoDraw = False
38.3181 	EXP 	node3: autoDraw = False
38.3181 	EXP 	node4: autoDraw = False
38.3181 	EXP 	node5: autoDraw = False
38.3181 	EXP 	robotF: autoDraw = False
38.3181 	EXP 	select1: autoDraw = False
38.3181 	EXP 	select2: autoDraw = False
38.3181 	EXP 	select3: autoDraw = False
38.3181 	EXP 	select4: autoDraw = False
38.3181 	EXP 	selection: autoDraw = False
38.3181 	EXP 	sel: autoDraw = False
38.3181 	EXP 	robotS: pos = array([ 135., -230.])
38.3181 	EXP 	node1: fillColor = u'red (named)'
38.3181 	EXP 	node1: pos = array([ 135., -115.])
38.3181 	EXP 	node2: fillColor = u'red (named)'
38.3181 	EXP 	node2: pos = array([ 135.,    0.])
38.3181 	EXP 	node3: fillColor = u'yellow (named)'
38.3181 	EXP 	node3: pos = array([ 135.,  115.])
38.3181 	EXP 	node4: fillColor = u'blue (named)'
38.3181 	EXP 	node4: pos = array([ 250.,  115.])
38.3181 	EXP 	node5: fillColor = u'blue (named)'
38.3181 	EXP 	node5: pos = array([ 365.,  115.])
38.3181 	EXP 	robotF: pos = array([ 480.,  115.])
38.3181 	EXP 	whitebackground: autoDraw = True
38.3181 	EXP 	robotS: autoDraw = True
38.3181 	EXP 	node1: autoDraw = True
38.3181 	EXP 	node2: autoDraw = True
38.3181 	EXP 	node3: autoDraw = True
38.3181 	EXP 	node4: autoDraw = True
38.3181 	EXP 	node5: autoDraw = True
38.3181 	EXP 	robotF: autoDraw = True
38.3181 	EXP 	select1: autoDraw = True
38.3181 	EXP 	select2: autoDraw = True
38.3181 	EXP 	select3: autoDraw = True
38.3181 	EXP 	select4: autoDraw = True
38.3181 	EXP 	selection: autoDraw = True
38.3181 	EXP 	sel: autoDraw = True
38.5573 	DATA 	Keypress: a
38.8884 	DATA 	Keypress: a
39.1878 	DATA 	Keypress: a
39.5417 	DATA 	Keypress: a
39.5542 	EXP 	New trial (rep=0, index=3): {u'n2col': u'yellow', u'n4col': u'yellow', u'n3col': u'green', u'r4': u'd', u'n1col': u'green', u'r1': u'a', u'r2': u'b', u'rs': u'LOC16', u'r3': u'c', u're': u'LOC10', u'n5col': u'blue', u'n1': u'LOC17', u'n2': u'LOC12', u'n3': u'LOC13', u'n4': u'LOC8', u'n5': u'LOC9'}
39.5685 	EXP 	whitebackground: autoDraw = False
39.5685 	EXP 	robotS: autoDraw = False
39.5685 	EXP 	node1: autoDraw = False
39.5685 	EXP 	node2: autoDraw = False
39.5685 	EXP 	node3: autoDraw = False
39.5685 	EXP 	node4: autoDraw = False
39.5685 	EXP 	node5: autoDraw = False
39.5685 	EXP 	robotF: autoDraw = False
39.5685 	EXP 	select1: autoDraw = False
39.5685 	EXP 	select2: autoDraw = False
39.5685 	EXP 	select3: autoDraw = False
39.5685 	EXP 	select4: autoDraw = False
39.5685 	EXP 	selection: autoDraw = False
39.5685 	EXP 	sel: autoDraw = False
39.5685 	EXP 	robotS: pos = array([  20., -115.])
39.5685 	EXP 	node1: fillColor = u'green (named)'
39.5685 	EXP 	node1: pos = array([ 135., -115.])
39.5685 	EXP 	node2: fillColor = u'yellow (named)'
39.5685 	EXP 	node2: pos = array([ 135.,    0.])
39.5685 	EXP 	node3: fillColor = u'green (named)'
39.5685 	EXP 	node3: pos = array([ 250.,    0.])
39.5685 	EXP 	node4: fillColor = u'yellow (named)'
39.5685 	EXP 	node4: pos = array([ 250.,  115.])
39.5685 	EXP 	node5: fillColor = u'blue (named)'
39.5685 	EXP 	node5: pos = array([ 365.,  115.])
39.5685 	EXP 	robotF: pos = array([ 480.,  115.])
39.5685 	EXP 	whitebackground: autoDraw = True
39.5685 	EXP 	robotS: autoDraw = True
39.5685 	EXP 	node1: autoDraw = True
39.5685 	EXP 	node2: autoDraw = True
39.5685 	EXP 	node3: autoDraw = True
39.5685 	EXP 	node4: autoDraw = True
39.5685 	EXP 	node5: autoDraw = True
39.5685 	EXP 	robotF: autoDraw = True
39.5685 	EXP 	select1: autoDraw = True
39.5685 	EXP 	select2: autoDraw = True
39.5685 	EXP 	select3: autoDraw = True
39.5685 	EXP 	select4: autoDraw = True
39.5685 	EXP 	selection: autoDraw = True
39.5685 	EXP 	sel: autoDraw = True
39.8583 	DATA 	Keypress: a
40.1889 	DATA 	Keypress: a
40.5552 	DATA 	Keypress: a
41.0556 	DATA 	Keypress: a
41.0667 	EXP 	Imported designs1.xlsx as conditions, 2 conditions, 13 params
41.0675 	EXP 	Created sequence: random, trialTypes=2, nReps=5, seed=None
41.0688 	EXP 	New trial (rep=0, index=0): {u'n1col': u'green', u'n2col': u'yellow', u'n4col': u'yellow', u'rs': u'LOC16', u'n3col': u'green', u're': u'LOC10', u'corrAns': u'y', u'n5col': u'blue', u'n1': u'LOC17', u'n2': u'LOC12', u'n3': u'LOC13', u'n4': u'LOC8', u'n5': u'LOC9'}
41.1020 	EXP 	whitebackground: autoDraw = False
41.1020 	EXP 	robotS: autoDraw = False
41.1020 	EXP 	node1: autoDraw = False
41.1020 	EXP 	node2: autoDraw = False
41.1020 	EXP 	node3: autoDraw = False
41.1020 	EXP 	node4: autoDraw = False
41.1020 	EXP 	node5: autoDraw = False
41.1020 	EXP 	robotF: autoDraw = False
41.1020 	EXP 	select1: autoDraw = False
41.1020 	EXP 	select2: autoDraw = False
41.1020 	EXP 	select3: autoDraw = False
41.1020 	EXP 	select4: autoDraw = False
41.1020 	EXP 	selection: autoDraw = False
41.1020 	EXP 	sel: autoDraw = False
41.1020 	EXP 	polygon: fillColor = u'green (named)'
41.1020 	EXP 	polygon: pos = array([ 135., -115.])
41.1020 	EXP 	polygon_2: fillColor = u'yellow (named)'
41.1020 	EXP 	polygon_2: pos = array([ 135.,    0.])
41.1020 	EXP 	polygon_3: fillColor = u'green (named)'
41.1020 	EXP 	polygon_3: pos = array([ 250.,    0.])
41.1020 	EXP 	polygon_4: fillColor = u'yellow (named)'
41.1020 	EXP 	polygon_4: pos = array([ 250.,  115.])
41.1020 	EXP 	polygon_5: fillColor = u'blue (named)'
41.1020 	EXP 	polygon_5: pos = array([ 365.,  115.])
41.1020 	EXP 	choice: text = u"Press 'y' for Yes  \nPress 'n' for No"
41.1020 	EXP 	ro: color = '[ 1.  1.  1.] (rgb)'
41.1020 	EXP 	ro: pos = array([  20., -115.])
41.1020 	EXP 	rq: color = '[ 1.  1.  1.] (rgb)'
41.1020 	EXP 	rq: pos = array([ 480.,  115.])
41.1020 	EXP 	Evaluation: autoDraw = True
41.1020 	EXP 	polygon: autoDraw = True
41.1020 	EXP 	polygon_2: autoDraw = True
41.1020 	EXP 	polygon_3: autoDraw = True
41.1020 	EXP 	polygon_4: autoDraw = True
41.1020 	EXP 	polygon_5: autoDraw = True
41.1020 	EXP 	choice: autoDraw = True
41.1020 	EXP 	ro: autoDraw = True
41.1020 	EXP 	rq: autoDraw = True
43.6557 	DATA 	Keypress: y
43.6687 	EXP 	Evaluation: autoDraw = False
43.6687 	EXP 	polygon: autoDraw = False
43.6687 	EXP 	polygon_2: autoDraw = False
43.6687 	EXP 	polygon_3: autoDraw = False
43.6687 	EXP 	polygon_4: autoDraw = False
43.6687 	EXP 	polygon_5: autoDraw = False
43.6687 	EXP 	choice: autoDraw = False
43.6687 	EXP 	ro: autoDraw = False
43.6687 	EXP 	rq: autoDraw = False
43.6687 	EXP 	text: text = ''
43.6687 	EXP 	text: autoDraw = True
59.8243 	DATA 	Keypress: y
59.8264 	EXP 	New trial (rep=0, index=1): {u'n1col': u'blue', u'n2col': u'yellow', u'n4col': u'yellow', u'rs': u'LOC16', u'n3col': u'red', u're': u'LOC10', u'corrAns': u'n', u'n5col': u'blue', u'n1': u'LOC17', u'n2': u'LOC12', u'n3': u'LOC13', u'n4': u'LOC8', u'n5': u'LOC9'}
59.8536 	EXP 	text: autoDraw = False
59.8536 	EXP 	polygon: fillColor = u'blue (named)'
59.8536 	EXP 	polygon: pos = array([ 135., -115.])
59.8536 	EXP 	polygon_2: fillColor = u'yellow (named)'
59.8536 	EXP 	polygon_2: pos = array([ 135.,    0.])
59.8536 	EXP 	polygon_3: fillColor = u'red (named)'
59.8536 	EXP 	polygon_3: pos = array([ 250.,    0.])
59.8536 	EXP 	polygon_4: fillColor = u'yellow (named)'
59.8536 	EXP 	polygon_4: pos = array([ 250.,  115.])
59.8536 	EXP 	polygon_5: fillColor = u'blue (named)'
59.8536 	EXP 	polygon_5: pos = array([ 365.,  115.])
59.8536 	EXP 	choice: text = u"Press 'y' for Yes  \nPress 'n' for No"
59.8536 	EXP 	ro: color = '[ 1.  1.  1.] (rgb)'
59.8536 	EXP 	ro: pos = array([  20., -115.])
59.8536 	EXP 	rq: color = '[ 1.  1.  1.] (rgb)'
59.8536 	EXP 	rq: pos = array([ 480.,  115.])
59.8536 	EXP 	Evaluation: autoDraw = True
59.8536 	EXP 	polygon: autoDraw = True
59.8536 	EXP 	polygon_2: autoDraw = True
59.8536 	EXP 	polygon_3: autoDraw = True
59.8536 	EXP 	polygon_4: autoDraw = True
59.8536 	EXP 	polygon_5: autoDraw = True
59.8536 	EXP 	choice: autoDraw = True
59.8536 	EXP 	ro: autoDraw = True
59.8536 	EXP 	rq: autoDraw = True
61.0431 	DATA 	Keypress: escape
