6.9965 	EXP 	Created window1 = Window(allowGUI=False, allowStencil=False, autoLog=True, bitsMode=UNKNOWN, blendMode='avg', color='black', colorSpace='named', fullscr=UNKNOWN, gamma=None, lms=UNKNOWN, monitor=<psychopy.monitors.calibTools.Monitor object at 0x112741810>, name='window1', pos=[0, 0], screen=0, size=array([1440,  900]), stereo=False, units='pix', useFBO=True, useRetina=False, viewOri=0.0, viewPos=None, viewScale=None, waitBlanking=True, winType='pyglet')
6.9965 	EXP 	window1: recordFrameIntervals = False
7.1620 	EXP 	window1: recordFrameIntervals = True
7.3458 	EXP 	window1: recordFrameIntervals = False
7.5006 	EXP 	Created welcome = TextStim(alignHoriz='center', alignVert='center', antialias=True, autoLog=True, bold=False, color='white', colorSpace='named', contrast=1.0, depth=-1.0, flipHoriz=False, flipVert=False, font='Arial', fontFiles=[], height=100, italic=False, name='welcome', opacity=1.0, ori=0, pos=array([ 0.,  0.]), rgb=array([ 255.,  255.,  255.]), text=u'Welcome!', units='pix', win=Window(...), wrapWidth=500)
7.5346 	EXP 	Created instruct = TextStim(alignHoriz='center', alignVert='center', antialias=True, autoLog=True, bold=False, color='white', colorSpace='named', contrast=1.0, depth=-2.0, flipHoriz=False, flipVert=False, font='Arial', fontFiles=[], height=50, italic=False, name='instruct', opacity=1.0, ori=0, pos=array([ 0.,  0.]), rgb=array([ 255.,  255.,  255.]), text=unicode(...), units='pix', win=Window(...), wrapWidth=500)
7.6252 	EXP 	Created rob0 = ImageStim(autoLog=True, color=array([ 1.,  1.,  1.]), colorSpace='rgb', contrast=1.0, depth=-3.0, flipHoriz=False, flipVert=False, image='robot1.png', interpolate=True, mask=None, maskParams=None, name='rob0', opacity=1.0, ori=0.0, pos=array([-250., -100.]), size=array([ 200.,  200.]), texRes=128, units='pix', win=Window(...))
7.6409 	EXP 	Created robb = ImageStim(autoLog=True, color=array([ 1.,  1.,  1.]), colorSpace='rgb', contrast=1.0, depth=-4.0, flipHoriz=False, flipVert=False, image='robot1.png', interpolate=True, mask=None, maskParams=None, name='robb', opacity=1.0, ori=0.0, pos=array([ 250., -100.]), size=array([ 200.,  200.]), texRes=128, units='pix', win=Window(...))
7.6577 	EXP 	Created na = Polygon(autoDraw=False, autoLog=True, closeShape=True, contrast=1.0, depth=-5.0, fillColor='blue', fillColorSpace='named', fillRGB=array([   0.,    0.,  255.]), interpolate=True, lineColor='blue', lineColorSpace='named', lineRGB=array([   0.,    0.,  255.]), lineWidth=1, name='na', opacity=1.0, ori=array(0.0), pos=array([ 0.,  0.]), size=array([ 1.,  1.]), units='pix', vertices=ndarray(...), win=Window(...))
7.6636 	EXP 	Created nb = Polygon(autoDraw=False, autoLog=True, closeShape=True, contrast=1.0, depth=-6.0, fillColor='blue', fillColorSpace='named', fillRGB=array([   0.,    0.,  255.]), interpolate=True, lineColor='blue', lineColorSpace='named', lineRGB=array([   0.,    0.,  255.]), lineWidth=1, name='nb', opacity=1.0, ori=array(0.0), pos=array([ 0.,  0.]), size=array([ 1.,  1.]), units='pix', vertices=ndarray(...), win=Window(...))
7.6694 	EXP 	Created nc = Polygon(autoDraw=False, autoLog=True, closeShape=True, contrast=1.0, depth=-7.0, fillColor='blue', fillColorSpace='named', fillRGB=array([   0.,    0.,  255.]), interpolate=True, lineColor='blue', lineColorSpace='named', lineRGB=array([   0.,    0.,  255.]), lineWidth=1, name='nc', opacity=1.0, ori=array(0.0), pos=array([ 0.,  0.]), size=array([ 1.,  1.]), units='pix', vertices=ndarray(...), win=Window(...))
7.6714 	EXP 	<method-wrapper '__getattribute__' of attributeSetter object at 0x110000dd0>: vertices = array([[-55.,  20.],
       [ 55.,  20.],
       [ 55., -20.],
       [-55., -20.]])
7.6729 	EXP 	Created s1 = Rect(autoDraw=False, autoLog=True, closeShape=True, contrast=1.0, depth=-8.0, fillColor='black', fillColorSpace='named', fillRGB=array([ 0.,  0.,  0.]), interpolate=True, lineColor='black', lineColorSpace='named', lineRGB=array([ 0.,  0.,  0.]), lineWidth=1, name='s1', opacity=1.0, ori=array(0.0), pos=array([-110., -100.]), size=array([ 1.,  1.]), units='pix', vertices=ndarray(...), win=Window(...))
7.6733 	EXP 	<method-wrapper '__getattribute__' of attributeSetter object at 0x110000dd0>: vertices = array([[-55.,  20.],
       [ 55.,  20.],
       [ 55., -20.],
       [-55., -20.]])
7.6746 	EXP 	Created s2 = Rect(autoDraw=False, autoLog=True, closeShape=True, contrast=1.0, depth=-9.0, fillColor='black', fillColorSpace='named', fillRGB=array([ 0.,  0.,  0.]), interpolate=True, lineColor='black', lineColorSpace='named', lineRGB=array([ 0.,  0.,  0.]), lineWidth=1, name='s2', opacity=1.0, ori=array(0.0), pos=array([   0., -100.]), size=array([ 1.,  1.]), units='pix', vertices=ndarray(...), win=Window(...))
7.6750 	EXP 	<method-wrapper '__getattribute__' of attributeSetter object at 0x110000dd0>: vertices = array([[-55.,  20.],
       [ 55.,  20.],
       [ 55., -20.],
       [-55., -20.]])
7.6772 	EXP 	Created s3 = Rect(autoDraw=False, autoLog=True, closeShape=True, contrast=1.0, depth=-10.0, fillColor='black', fillColorSpace='named', fillRGB=array([ 0.,  0.,  0.]), interpolate=True, lineColor='black', lineColorSpace='named', lineRGB=array([ 0.,  0.,  0.]), lineWidth=1, name='s3', opacity=1.0, ori=array(0.0), pos=array([ 110., -100.]), size=array([ 1.,  1.]), units='pix', vertices=ndarray(...), win=Window(...))
8.1764 	EXP 	Created heart = ImageStim(autoLog=True, color=array([ 1.,  1.,  1.]), colorSpace='rgb', contrast=1.0, depth=-11.0, flipHoriz=False, flipVert=False, image='heart.png', interpolate=True, mask=None, maskParams=None, name='heart', opacity=1.0, ori=0.0, pos=array([   0., -100.]), size=array([ 1.,  1.]), texRes=128, units='pix', win=Window(...))
8.2577 	EXP 	Created text_2 = TextStim(alignHoriz='center', alignVert='center', antialias=True, autoLog=True, bold=False, color='white', colorSpace='named', contrast=1.0, depth=-1.0, flipHoriz=False, flipVert=False, font='Arial', fontFiles=[], height=40, italic=False, name='text_2', opacity=1.0, ori=0, pos=array([ 0.,  0.]), rgb=array([ 255.,  255.,  255.]), text=u"Let's take an example", units='pix', win=Window(...), wrapWidth=500)
8.2646 	EXP 	Created nod1 = Polygon(autoDraw=False, autoLog=True, closeShape=True, contrast=1.0, depth=-2.0, fillColor=array([ 1.,  1.,  1.]), fillColorSpace='rgb', fillRGB=array([ 1.,  1.,  1.]), interpolate=True, lineColor='red', lineColorSpace='named', lineRGB=array([ 255.,    0.,    0.]), lineWidth=1, name='nod1', opacity=1.0, ori=array(0.0), pos=array([ 0.,  0.]), size=array([ 100.,  100.]), units='pix', vertices=ndarray(...), win=Window(...))
8.2722 	EXP 	Created nod2 = Polygon(autoDraw=False, autoLog=True, closeShape=True, contrast=1.0, depth=-3.0, fillColor=array([ 1.,  1.,  1.]), fillColorSpace='rgb', fillRGB=array([ 1.,  1.,  1.]), interpolate=True, lineColor=array([ 1.,  1.,  1.]), lineColorSpace='rgb', lineRGB=array([ 1.,  1.,  1.]), lineWidth=1, name='nod2', opacity=1.0, ori=array(0.0), pos=array([ 0.,  0.]), size=array([ 100.,  100.]), units='pix', vertices=ndarray(...), win=Window(...))
8.2793 	EXP 	Created nod3 = Polygon(autoDraw=False, autoLog=True, closeShape=True, contrast=1.0, depth=-4.0, fillColor=array([ 1.,  1.,  1.]), fillColorSpace='rgb', fillRGB=array([ 1.,  1.,  1.]), interpolate=True, lineColor=array([ 1.,  1.,  1.]), lineColorSpace='rgb', lineRGB=array([ 1.,  1.,  1.]), lineWidth=1, name='nod3', opacity=1.0, ori=array(0.0), pos=array([ 135.,  115.]), size=array([ 100.,  100.]), units='pix', vertices=ndarray(...), win=Window(...))
8.2873 	EXP 	Created nod4 = Polygon(autoDraw=False, autoLog=True, closeShape=True, contrast=1.0, depth=-5.0, fillColor=array([ 1.,  1.,  1.]), fillColorSpace='rgb', fillRGB=array([ 1.,  1.,  1.]), interpolate=True, lineColor=array([ 1.,  1.,  1.]), lineColorSpace='rgb', lineRGB=array([ 1.,  1.,  1.]), lineWidth=1, name='nod4', opacity=1.0, ori=array(0.0), pos=array([ 250.,  115.]), size=array([ 100.,  100.]), units='pix', vertices=ndarray(...), win=Window(...))
8.3016 	EXP 	Created rob1 = ImageStim(autoLog=True, color=array([ 1.,  1.,  1.]), colorSpace='rgb', contrast=1.0, depth=-6.0, flipHoriz=False, flipVert=False, image='robot1.png', interpolate=True, mask=None, maskParams=None, name='rob1', opacity=1.0, ori=1.0, pos=array([  20., -115.]), size=array([ 100.,  100.]), texRes=128, units='pix', win=Window(...))
8.3053 	EXP 	Created rob2 = ImageStim(autoLog=True, color=array([ 1.,  1.,  1.]), colorSpace='rgb', contrast=1.0, depth=-7.0, flipHoriz=False, flipVert=False, image='sin', interpolate=True, mask=None, maskParams=None, name='rob2', opacity=1.0, ori=0.0, pos=array([ 365.,  115.]), size=array([ 100.,  100.]), texRes=128, units='pix', win=Window(...))
8.3058 	EXP 	<method-wrapper '__getattribute__' of attributeSetter object at 0x110000dd0>: vertices = array([[-0.5,  0.5],
       [ 0.5,  0.5],
       [ 0.5, -0.5],
       [-0.5, -0.5]])
8.3073 	EXP 	Created sh1 = Rect(autoDraw=False, autoLog=True, closeShape=True, contrast=1.0, depth=-9.0, fillColor='black', fillColorSpace='named', fillRGB=array([ 0.,  0.,  0.]), interpolate=True, lineColor='black', lineColorSpace='named', lineRGB=array([ 0.,  0.,  0.]), lineWidth=1, name='sh1', opacity=1.0, ori=array(0.0), pos=array([ 20.,   0.]), size=array([ 1.,  1.]), units='pix', vertices=ndarray(...), win=Window(...))
8.3078 	EXP 	<method-wrapper '__getattribute__' of attributeSetter object at 0x110000dd0>: vertices = array([[-30.,  20.],
       [ 30.,  20.],
       [ 30., -20.],
       [-30., -20.]])
8.3093 	EXP 	Created sh2a = Rect(autoDraw=False, autoLog=True, closeShape=True, contrast=1.0, depth=-10.0, fillColor='black', fillColorSpace='named', fillRGB=array([ 0.,  0.,  0.]), interpolate=True, lineColor='black', lineColorSpace='named', lineRGB=array([ 0.,  0.,  0.]), lineWidth=1, name='sh2a', opacity=1.0, ori=array(0.0), pos=array([  50.,  113.]), size=array([ 1.,  1.]), units='pix', vertices=ndarray(...), win=Window(...))
8.3098 	EXP 	<method-wrapper '__getattribute__' of attributeSetter object at 0x110000dd0>: vertices = array([[-20.,  40.],
       [ 20.,  40.],
       [ 20., -40.],
       [-20., -40.]])
8.3113 	EXP 	Created sh2b = Rect(autoDraw=False, autoLog=True, closeShape=True, contrast=1.0, depth=-11.0, fillColor='black', fillColorSpace='named', fillRGB=array([ 0.,  0.,  0.]), interpolate=True, lineColor='black', lineColorSpace='named', lineRGB=array([ 0.,  0.,  0.]), lineWidth=1, name='sh2b', opacity=1.0, ori=array(0.0), pos=array([ 22.,  93.]), size=array([ 1.,  1.]), units='pix', vertices=ndarray(...), win=Window(...))
8.3117 	EXP 	<method-wrapper '__getattribute__' of attributeSetter object at 0x110000dd0>: vertices = array([[-55.,  20.],
       [ 55.,  20.],
       [ 55., -20.],
       [-55., -20.]])
8.3133 	EXP 	Created sh3 = Rect(autoDraw=False, autoLog=True, closeShape=True, contrast=1.0, depth=-12.0, fillColor='black', fillColorSpace='named', fillRGB=array([ 0.,  0.,  0.]), interpolate=True, lineColor='black', lineColorSpace='named', lineRGB=array([ 0.,  0.,  0.]), lineWidth=1, name='sh3', opacity=1.0, ori=array(0.0), pos=array([ 135.,  115.]), size=array([ 1.,  1.]), units='pix', vertices=ndarray(...), win=Window(...))
8.3137 	EXP 	<method-wrapper '__getattribute__' of attributeSetter object at 0x110000dd0>: vertices = array([[-55.,  20.],
       [ 55.,  20.],
       [ 55., -20.],
       [-55., -20.]])
8.3153 	EXP 	Created sh4 = Rect(autoDraw=False, autoLog=True, closeShape=True, contrast=1.0, depth=-13.0, fillColor='black', fillColorSpace='named', fillRGB=array([ 0.,  0.,  0.]), interpolate=True, lineColor='black', lineColorSpace='named', lineRGB=array([ 0.,  0.,  0.]), lineWidth=1, name='sh4', opacity=1.0, ori=array(0.0), pos=array([ 250.,  115.]), size=array([ 1.,  1.]), units='pix', vertices=ndarray(...), win=Window(...))
8.3368 	EXP 	Created star = TextStim(alignHoriz='center', alignVert='center', antialias=True, autoLog=True, bold=False, color='white', colorSpace='named', contrast=1.0, depth=0.0, flipHoriz=False, flipVert=False, font='Arial', fontFiles=[], height=50, italic=False, name='star', opacity=1.0, ori=0, pos=array([ 0.,  0.]), rgb=array([ 255.,  255.,  255.]), text=unicode(...), units='pix', win=Window(...), wrapWidth=500)
8.3375 	EXP 	<method-wrapper '__getattribute__' of attributeSetter object at 0x110000dd0>: vertices = array([[-400.,  450.],
       [ 400.,  450.],
       [ 400., -450.],
       [-400., -450.]])
8.3402 	EXP 	Created whitebackground = Rect(autoDraw=False, autoLog=True, closeShape=True, contrast=1.0, depth=-2.0, fillColor=array([ 1.,  1.,  1.]), fillColorSpace='rgb', fillRGB=array([ 1.,  1.,  1.]), interpolate=True, lineColor=array([ 1.,  1.,  1.]), lineColorSpace='rgb', lineRGB=array([ 1.,  1.,  1.]), lineWidth=0, name='whitebackground', opacity=1.0, ori=array(0.0), pos=array([-560.,    0.]), size=array([ 1.,  1.]), units='pix', vertices=ndarray(...), win=Window(...))
8.3556 	EXP 	Created robotS = ImageStim(autoLog=True, color=array([ 1.,  1.,  1.]), colorSpace='rgb', contrast=1.0, depth=-3.0, flipHoriz=False, flipVert=False, image=u'robot1.png', interpolate=True, mask=None, maskParams=None, name='robotS', opacity=1.0, ori=0.0, pos=array([ 0.,  0.]), size=array([ 100.,  100.]), texRes=128, units='pix', win=Window(...))
8.3644 	EXP 	Created node1 = Polygon(autoDraw=False, autoLog=True, closeShape=True, contrast=1.0, depth=-4.0, fillColor=array([ 1.,  1.,  1.]), fillColorSpace='rgb', fillRGB=array([ 1.,  1.,  1.]), interpolate=True, lineColor=array([ 1.,  1.,  1.]), lineColorSpace='rgb', lineRGB=array([ 1.,  1.,  1.]), lineWidth=0, name='node1', opacity=1.0, ori=array(0.0), pos=array([ 0.,  0.]), size=array([ 100.,  100.]), units='pix', vertices=ndarray(...), win=Window(...))
8.3712 	EXP 	Created node2 = Polygon(autoDraw=False, autoLog=True, closeShape=True, contrast=1.0, depth=-5.0, fillColor=array([ 1.,  1.,  1.]), fillColorSpace='rgb', fillRGB=array([ 1.,  1.,  1.]), interpolate=True, lineColor=array([ 1.,  1.,  1.]), lineColorSpace='rgb', lineRGB=array([ 1.,  1.,  1.]), lineWidth=0, name='node2', opacity=1.0, ori=array(0.0), pos=array([ 0.,  0.]), size=array([ 100.,  100.]), units='pix', vertices=ndarray(...), win=Window(...))
8.3784 	EXP 	Created node3 = Polygon(autoDraw=False, autoLog=True, closeShape=True, contrast=1.0, depth=-6.0, fillColor=array([ 1.,  1.,  1.]), fillColorSpace='rgb', fillRGB=array([ 1.,  1.,  1.]), interpolate=True, lineColor=array([ 1.,  1.,  1.]), lineColorSpace='rgb', lineRGB=array([ 1.,  1.,  1.]), lineWidth=0, name='node3', opacity=1.0, ori=array(0.0), pos=array([ 0.,  0.]), size=array([ 100.,  100.]), units='pix', vertices=ndarray(...), win=Window(...))
8.3850 	EXP 	Created node4 = Polygon(autoDraw=False, autoLog=True, closeShape=True, contrast=1.0, depth=-7.0, fillColor=array([ 1.,  1.,  1.]), fillColorSpace='rgb', fillRGB=array([ 1.,  1.,  1.]), interpolate=True, lineColor=array([ 1.,  1.,  1.]), lineColorSpace='rgb', lineRGB=array([ 1.,  1.,  1.]), lineWidth=0, name='node4', opacity=1.0, ori=array(0.0), pos=array([ 0.,  0.]), size=array([ 100.,  100.]), units='pix', vertices=ndarray(...), win=Window(...))
8.3927 	EXP 	Created node5 = Polygon(autoDraw=False, autoLog=True, closeShape=True, contrast=1.0, depth=-8.0, fillColor=array([ 1.,  1.,  1.]), fillColorSpace='rgb', fillRGB=array([ 1.,  1.,  1.]), interpolate=True, lineColor=array([ 1.,  1.,  1.]), lineColorSpace='rgb', lineRGB=array([ 1.,  1.,  1.]), lineWidth=0, name='node5', opacity=1.0, ori=array(0.0), pos=array([ 0.,  0.]), size=array([ 100.,  100.]), units='pix', vertices=ndarray(...), win=Window(...))
8.4114 	EXP 	Created robotF = ImageStim(autoLog=True, color=array([ 1.,  1.,  1.]), colorSpace='rgb', contrast=1.0, depth=-9.0, flipHoriz=False, flipVert=False, image=u'robot1.png', interpolate=True, mask=None, maskParams=None, name='robotF', opacity=1.0, ori=0.0, pos=array([ 0.,  0.]), size=array([ 100.,  100.]), texRes=128, units='pix', win=Window(...))
8.4179 	EXP 	Created select1 = Polygon(autoDraw=False, autoLog=True, closeShape=True, contrast=1.0, depth=-10.0, fillColor='red', fillColorSpace='named', fillRGB=array([ 255.,    0.,    0.]), interpolate=True, lineColor=array([ 1.,  1.,  1.]), lineColorSpace='rgb', lineRGB=array([ 1.,  1.,  1.]), lineWidth=0, name='select1', opacity=1.0, ori=array(0.0), pos=array([-630.,    0.]), size=array([ 100.,  100.]), units='pix', vertices=ndarray(...), win=Window(...))
8.4252 	EXP 	Created select2 = Polygon(autoDraw=False, autoLog=True, closeShape=True, contrast=1.0, depth=-11.0, fillColor='blue', fillColorSpace='named', fillRGB=array([   0.,    0.,  255.]), interpolate=True, lineColor=array([ 1.,  1.,  1.]), lineColorSpace='rgb', lineRGB=array([ 1.,  1.,  1.]), lineWidth=0, name='select2', opacity=1.0, ori=array(0.0), pos=array([-630., -120.]), size=array([ 100.,  100.]), units='pix', vertices=ndarray(...), win=Window(...))
8.4317 	EXP 	Created select3 = Polygon(autoDraw=False, autoLog=True, closeShape=True, contrast=1.0, depth=-12.0, fillColor='yellow', fillColorSpace='named', fillRGB=array([ 255.,  255.,    0.]), interpolate=True, lineColor=array([ 1.,  1.,  1.]), lineColorSpace='rgb', lineRGB=array([ 1.,  1.,  1.]), lineWidth=0, name='select3', opacity=1.0, ori=array(0.0), pos=array([-630., -240.]), size=array([ 100.,  100.]), units='pix', vertices=ndarray(...), win=Window(...))
8.4383 	EXP 	Created select4 = Polygon(autoDraw=False, autoLog=True, closeShape=True, contrast=1.0, depth=-13.0, fillColor=u'green', fillColorSpace='named', fillRGB=array([   0.,  128.,    0.]), interpolate=True, lineColor=array([ 1.,  1.,  1.]), lineColorSpace='rgb', lineRGB=array([ 1.,  1.,  1.]), lineWidth=0, name='select4', opacity=1.0, ori=array(0.0), pos=array([-630., -360.]), size=array([ 100.,  100.]), units='pix', vertices=ndarray(...), win=Window(...))
8.4745 	EXP 	Created selection = ImageStim(autoLog=True, color=array([ 1.,  1.,  1.]), colorSpace='rgb', contrast=1.0, depth=-14.0, flipHoriz=False, flipVert=False, image='mastershapes.png', interpolate=True, mask=None, maskParams=None, name='selection', opacity=1.0, ori=0.0, pos=array([ 0.,  0.]), size=array([ 500.,  400.]), texRes=128, units='pix', win=Window(...))
8.5354 	EXP 	Created sel = TextStim(alignHoriz='center', alignVert='center', antialias=True, autoLog=True, bold=False, color='black', colorSpace='named', contrast=1.0, depth=-15.0, flipHoriz=False, flipVert=False, font='Arial', fontFiles=[], height=30, italic=False, name='sel', opacity=1.0, ori=0, pos=array([-450.,  250.]), rgb=array([ 0.,  0.,  0.]), text=unicode(...), units='pix', win=Window(...), wrapWidth=500)
8.5456 	EXP 	Created Evaluation = TextStim(alignHoriz='center', alignVert='center', antialias=True, autoLog=True, bold=False, color=u'white', colorSpace='named', contrast=1.0, depth=-1.0, flipHoriz=False, flipVert=False, font=u'Arial', fontFiles=[], height=50, italic=False, name='Evaluation', opacity=1.0, ori=0, pos=array([   0.,  300.]), rgb=array([ 255.,  255.,  255.]), text=u'Is this pathway correct? \n', units='pix', win=Window(...), wrapWidth=500)
8.5526 	EXP 	Created polygon = Polygon(autoDraw=False, autoLog=True, closeShape=True, contrast=1.0, depth=-2.0, fillColor=array([ 1.,  1.,  1.]), fillColorSpace='rgb', fillRGB=array([ 1.,  1.,  1.]), interpolate=True, lineColor=array([ 1.,  1.,  1.]), lineColorSpace='rgb', lineRGB=array([ 1.,  1.,  1.]), lineWidth=1, name='polygon', opacity=1.0, ori=array(0.0), pos=array([ 0.,  0.]), size=array([ 100.,  100.]), units='pix', vertices=ndarray(...), win=Window(...))
8.5606 	EXP 	Created polygon_2 = Polygon(autoDraw=False, autoLog=True, closeShape=True, contrast=1.0, depth=-3.0, fillColor=array([ 1.,  1.,  1.]), fillColorSpace='rgb', fillRGB=array([ 1.,  1.,  1.]), interpolate=True, lineColor=array([ 1.,  1.,  1.]), lineColorSpace='rgb', lineRGB=array([ 1.,  1.,  1.]), lineWidth=1, name='polygon_2', opacity=1.0, ori=array(0.0), pos=array([ 0.,  0.]), size=array([ 100.,  100.]), units='pix', vertices=ndarray(...), win=Window(...))
8.5684 	EXP 	Created polygon_3 = Polygon(autoDraw=False, autoLog=True, closeShape=True, contrast=1.0, depth=-4.0, fillColor=array([ 1.,  1.,  1.]), fillColorSpace='rgb', fillRGB=array([ 1.,  1.,  1.]), interpolate=True, lineColor=array([ 1.,  1.,  1.]), lineColorSpace='rgb', lineRGB=array([ 1.,  1.,  1.]), lineWidth=1, name='polygon_3', opacity=1.0, ori=array(0.0), pos=array([ 0.,  0.]), size=array([ 100.,  100.]), units='pix', vertices=ndarray(...), win=Window(...))
8.5750 	EXP 	Created polygon_4 = Polygon(autoDraw=False, autoLog=True, closeShape=True, contrast=1.0, depth=-5.0, fillColor=array([ 1.,  1.,  1.]), fillColorSpace='rgb', fillRGB=array([ 1.,  1.,  1.]), interpolate=True, lineColor=array([ 1.,  1.,  1.]), lineColorSpace='rgb', lineRGB=array([ 1.,  1.,  1.]), lineWidth=1, name='polygon_4', opacity=1.0, ori=array(0.0), pos=array([ 0.,  0.]), size=array([ 100.,  100.]), units='pix', vertices=ndarray(...), win=Window(...))
8.5824 	EXP 	Created polygon_5 = Polygon(autoDraw=False, autoLog=True, closeShape=True, contrast=1.0, depth=-6.0, fillColor=array([ 1.,  1.,  1.]), fillColorSpace='rgb', fillRGB=array([ 1.,  1.,  1.]), interpolate=True, lineColor=array([ 1.,  1.,  1.]), lineColorSpace='rgb', lineRGB=array([ 1.,  1.,  1.]), lineWidth=1, name='polygon_5', opacity=1.0, ori=array(0.0), pos=array([ 0.,  0.]), size=array([ 100.,  100.]), units='pix', vertices=ndarray(...), win=Window(...))
8.5964 	EXP 	Created choice = TextStim(alignHoriz='center', alignVert='center', antialias=True, autoLog=True, bold=False, color=u'white', colorSpace='named', contrast=1.0, depth=-7.0, flipHoriz=False, flipVert=False, font=u'Arial', fontFiles=[], height=50, italic=False, name='choice', opacity=1.0, ori=0, pos=array([   0., -300.]), rgb=array([ 255.,  255.,  255.]), text=u"Press 'y' for Yes  \nPress 'n' for No", units='pix', win=Window(...), wrapWidth=500)
8.6107 	EXP 	Created ro = ImageStim(autoLog=True, color=array([ 1.,  1.,  1.]), colorSpace='rgb', contrast=1.0, depth=-9.0, flipHoriz=False, flipVert=False, image=u'robot1.png', interpolate=True, mask=None, maskParams=None, name='ro', opacity=1.0, ori=0.0, pos=array([ 0.,  0.]), size=array([ 100.,  100.]), texRes=128, units='pix', win=Window(...))
8.6245 	EXP 	Created rq = ImageStim(autoLog=True, color=array([ 1.,  1.,  1.]), colorSpace='rgb', contrast=1.0, depth=-10.0, flipHoriz=False, flipVert=False, image=u'robot1.png', interpolate=True, mask=None, maskParams=None, name='rq', opacity=1.0, ori=0.0, pos=array([ 0.,  0.]), size=array([ 100.,  100.]), texRes=128, units='pix', win=Window(...))
8.6400 	EXP 	Created thankyou = TextStim(alignHoriz='center', alignVert='center', antialias=True, autoLog=True, bold=False, color='white', colorSpace='named', contrast=1.0, depth=0.0, flipHoriz=False, flipVert=False, font='Arial', fontFiles=[], height=50, italic=False, name='thankyou', opacity=1.0, ori=0, pos=array([ 0.,  0.]), rgb=array([ 255.,  255.,  255.]), text=u'Thank you for your participation.\n', units='pix', win=Window(...), wrapWidth=500)
8.6623 	EXP 	instruct: pos = array([   0.,  150.])
8.6623 	EXP 	na: pos = array([-110., -100.])
8.6623 	EXP 	na: size = array([ 100.,  100.])
8.6623 	EXP 	nb: pos = array([   0., -100.])
8.6623 	EXP 	nb: size = array([ 100.,  100.])
8.6623 	EXP 	nc: pos = array([ 110., -100.])
8.6623 	EXP 	nc: size = array([ 100.,  100.])
8.6623 	EXP 	welcome: autoDraw = True
11.6457 	EXP 	welcome: autoDraw = False
11.6625 	EXP 	instruct: autoDraw = True
14.6627 	EXP 	rob0: autoDraw = True
14.6627 	EXP 	robb: autoDraw = True
15.1629 	EXP 	na: autoDraw = True
15.6629 	EXP 	nb: autoDraw = True
16.1629 	EXP 	nc: autoDraw = True
17.1631 	EXP 	s1: autoDraw = True
18.1631 	EXP 	s2: autoDraw = True
19.1632 	EXP 	s3: autoDraw = True
22.6473 	EXP 	na: autoDraw = False
22.6473 	EXP 	nb: autoDraw = False
22.6473 	EXP 	nc: autoDraw = False
22.6473 	EXP 	s1: autoDraw = False
22.6473 	EXP 	s2: autoDraw = False
22.6473 	EXP 	s3: autoDraw = False
22.6637 	EXP 	heart: autoDraw = True
26.6641 	EXP 	instruct: autoDraw = False
26.6641 	EXP 	rob0: autoDraw = False
26.6641 	EXP 	robb: autoDraw = False
26.6641 	EXP 	heart: autoDraw = False
26.6641 	EXP 	welcome: autoDraw = False
26.6641 	EXP 	instruct: autoDraw = False
26.6641 	EXP 	rob0: autoDraw = False
26.6641 	EXP 	robb: autoDraw = False
26.6641 	EXP 	na: autoDraw = False
26.6641 	EXP 	nb: autoDraw = False
26.6641 	EXP 	nc: autoDraw = False
26.6641 	EXP 	s1: autoDraw = False
26.6641 	EXP 	s2: autoDraw = False
26.6641 	EXP 	s3: autoDraw = False
26.6641 	EXP 	heart: autoDraw = False
26.6641 	EXP 	text_2: pos = array([-300.,  300.])
26.6641 	EXP 	nod1: fillColor = 'red (named)'
26.6641 	EXP 	nod1: pos = array([ 20.,   0.])
26.6641 	EXP 	nod2: fillColor = 'yellow (named)'
26.6641 	EXP 	nod2: pos = array([  20.,  115.])
26.6641 	EXP 	nod2: lineColor = 'yellow (named)'
26.6641 	EXP 	nod3: fillColor = 'blue (named)'
26.6641 	EXP 	nod3: lineColor = 'blue (named)'
26.6641 	EXP 	nod4: fillColor = 'blue (named)'
26.6641 	EXP 	nod4: lineColor = 'blue (named)'
26.6641 	EXP 	rob1: ori = 0.0
26.6641 	EXP 	rob2: image = 'robot1.png'
26.6641 	EXP 	sh1: size = array([  40.,  110.])
26.6641 	EXP 	text_2: autoDraw = True
26.6641 	EXP 	nod1: autoDraw = True
26.6641 	EXP 	nod2: autoDraw = True
26.6641 	EXP 	nod3: autoDraw = True
26.6641 	EXP 	nod4: autoDraw = True
26.6641 	EXP 	rob1: autoDraw = True
26.6641 	EXP 	rob2: autoDraw = True
28.6645 	EXP 	sh1: autoDraw = True
29.1644 	EXP 	sh2a: autoDraw = True
29.1644 	EXP 	sh2b: autoDraw = True
29.6643 	EXP 	sh3: autoDraw = True
30.1646 	EXP 	sh4: autoDraw = True
33.3478 	DATA 	Keypress: space
33.3817 	EXP 	text_2: autoDraw = False
33.3817 	EXP 	nod1: autoDraw = False
33.3817 	EXP 	nod2: autoDraw = False
33.3817 	EXP 	nod3: autoDraw = False
33.3817 	EXP 	nod4: autoDraw = False
33.3817 	EXP 	rob1: autoDraw = False
33.3817 	EXP 	rob2: autoDraw = False
33.3817 	EXP 	sh1: autoDraw = False
33.3817 	EXP 	sh2a: autoDraw = False
33.3817 	EXP 	sh2b: autoDraw = False
33.3817 	EXP 	sh3: autoDraw = False
33.3817 	EXP 	sh4: autoDraw = False
33.3817 	EXP 	star: autoDraw = True
33.8682 	DATA 	Keypress: space
33.8793 	EXP 	Imported designs.xlsx as conditions, 4 conditions, 17 params
33.8797 	EXP 	Created sequence: sequential, trialTypes=4, nReps=1, seed=None
33.8804 	EXP 	New trial (rep=0, index=0): {u'n2col': u'blue', u'n4col': u'red', u'n3col': u'green', u'corrAns': u'a', u'r4': u'd', u'n1col': u'blue', u'r1': u'a', u'r2': u'b', u'rs': u'LOC21', u'r3': u'c', u're': u'LOC9', u'n5col': u'red', u'n1': u'LOC22', u'n2': u'LOC23', u'n3': u'LOC24', u'n4': u'LOC19', u'n5': u'LOC14'}
33.8981 	EXP 	star: autoDraw = False
33.8981 	EXP 	robotS: pos = array([  20., -230.])
33.8981 	EXP 	node1: fillColor = u'blue (named)'
33.8981 	EXP 	node1: pos = array([ 135., -230.])
33.8981 	EXP 	node2: fillColor = u'blue (named)'
33.8981 	EXP 	node2: pos = array([ 250., -230.])
33.8981 	EXP 	node3: fillColor = u'green (named)'
33.8981 	EXP 	node3: pos = array([ 365., -230.])
33.8981 	EXP 	node4: fillColor = u'red (named)'
33.8981 	EXP 	node4: pos = array([ 365., -115.])
33.8981 	EXP 	node5: fillColor = u'red (named)'
33.8981 	EXP 	node5: pos = array([ 365.,    0.])
33.8981 	EXP 	robotF: pos = array([ 365.,  115.])
33.8981 	EXP 	whitebackground: autoDraw = True
33.8981 	EXP 	robotS: autoDraw = True
33.8981 	EXP 	node1: autoDraw = True
33.8981 	EXP 	node2: autoDraw = True
33.8981 	EXP 	node3: autoDraw = True
33.8981 	EXP 	node4: autoDraw = True
33.8981 	EXP 	node5: autoDraw = True
33.8981 	EXP 	robotF: autoDraw = True
33.8981 	EXP 	select1: autoDraw = True
33.8981 	EXP 	select2: autoDraw = True
33.8981 	EXP 	select3: autoDraw = True
33.8981 	EXP 	select4: autoDraw = True
33.8981 	EXP 	selection: autoDraw = True
33.8981 	EXP 	sel: autoDraw = True
35.3018 	DATA 	Keypress: a
35.6674 	DATA 	Keypress: a
36.2021 	DATA 	Keypress: a
38.6203 	DATA 	Keypress: a
38.6353 	EXP 	New trial (rep=0, index=1): {u'n2col': u'yellow', u'n4col': u'green', u'n3col': u'blue', u'corrAns': u'b', u'r4': u'd', u'n1col': u'red', u'r1': u'a', u'r2': u'b', u'rs': u'LOC21', u'r3': u'c', u're': u'LOC3', u'n5col': u'red', u'n1': u'LOC16', u'n2': u'LOC11', u'n3': u'LOC12', u'n4': u'LOC13', u'n5': u'LOC8'}
38.6487 	EXP 	whitebackground: autoDraw = False
38.6487 	EXP 	robotS: autoDraw = False
38.6487 	EXP 	node1: autoDraw = False
38.6487 	EXP 	node2: autoDraw = False
38.6487 	EXP 	node3: autoDraw = False
38.6487 	EXP 	node4: autoDraw = False
38.6487 	EXP 	node5: autoDraw = False
38.6487 	EXP 	robotF: autoDraw = False
38.6487 	EXP 	select1: autoDraw = False
38.6487 	EXP 	select2: autoDraw = False
38.6487 	EXP 	select3: autoDraw = False
38.6487 	EXP 	select4: autoDraw = False
38.6487 	EXP 	selection: autoDraw = False
38.6487 	EXP 	sel: autoDraw = False
38.6487 	EXP 	robotS: pos = array([  20., -230.])
38.6487 	EXP 	node1: fillColor = u'red (named)'
38.6487 	EXP 	node1: pos = array([  20., -115.])
38.6487 	EXP 	node2: fillColor = u'yellow (named)'
38.6487 	EXP 	node2: pos = array([ 20.,   0.])
38.6487 	EXP 	node3: fillColor = u'blue (named)'
38.6487 	EXP 	node3: pos = array([ 135.,    0.])
38.6487 	EXP 	node4: fillColor = u'green (named)'
38.6487 	EXP 	node4: pos = array([ 250.,    0.])
38.6487 	EXP 	node5: fillColor = u'red (named)'
38.6487 	EXP 	node5: pos = array([ 250.,  115.])
38.6487 	EXP 	robotF: pos = array([ 250.,  230.])
38.6487 	EXP 	whitebackground: autoDraw = True
38.6487 	EXP 	robotS: autoDraw = True
38.6487 	EXP 	node1: autoDraw = True
38.6487 	EXP 	node2: autoDraw = True
38.6487 	EXP 	node3: autoDraw = True
38.6487 	EXP 	node4: autoDraw = True
38.6487 	EXP 	node5: autoDraw = True
38.6487 	EXP 	robotF: autoDraw = True
38.6487 	EXP 	select1: autoDraw = True
38.6487 	EXP 	select2: autoDraw = True
38.6487 	EXP 	select3: autoDraw = True
38.6487 	EXP 	select4: autoDraw = True
38.6487 	EXP 	selection: autoDraw = True
38.6487 	EXP 	sel: autoDraw = True
39.5201 	DATA 	Keypress: a
39.9016 	DATA 	Keypress: a
40.5520 	DATA 	Keypress: a
40.9015 	DATA 	Keypress: a
40.9031 	EXP 	New trial (rep=0, index=2): {u'n2col': u'red', u'n4col': u'blue', u'n3col': u'yellow', u'corrAns': u'c', u'r4': u'd', u'n1col': u'red', u'r1': u'a', u'r2': u'b', u'rs': u'LOC22', u'r3': u'c', u're': u'LOC10', u'n5col': u'blue', u'n1': u'LOC17', u'n2': u'LOC12', u'n3': u'LOC7', u'n4': u'LOC8', u'n5': u'LOC9'}
40.9163 	EXP 	whitebackground: autoDraw = False
40.9163 	EXP 	robotS: autoDraw = False
40.9163 	EXP 	node1: autoDraw = False
40.9163 	EXP 	node2: autoDraw = False
40.9163 	EXP 	node3: autoDraw = False
40.9163 	EXP 	node4: autoDraw = False
40.9163 	EXP 	node5: autoDraw = False
40.9163 	EXP 	robotF: autoDraw = False
40.9163 	EXP 	select1: autoDraw = False
40.9163 	EXP 	select2: autoDraw = False
40.9163 	EXP 	select3: autoDraw = False
40.9163 	EXP 	select4: autoDraw = False
40.9163 	EXP 	selection: autoDraw = False
40.9163 	EXP 	sel: autoDraw = False
40.9163 	EXP 	robotS: pos = array([ 135., -230.])
40.9163 	EXP 	node1: fillColor = u'red (named)'
40.9163 	EXP 	node1: pos = array([ 135., -115.])
40.9163 	EXP 	node2: fillColor = u'red (named)'
40.9163 	EXP 	node2: pos = array([ 135.,    0.])
40.9163 	EXP 	node3: fillColor = u'yellow (named)'
40.9163 	EXP 	node3: pos = array([ 135.,  115.])
40.9163 	EXP 	node4: fillColor = u'blue (named)'
40.9163 	EXP 	node4: pos = array([ 250.,  115.])
40.9163 	EXP 	node5: fillColor = u'blue (named)'
40.9163 	EXP 	node5: pos = array([ 365.,  115.])
40.9163 	EXP 	robotF: pos = array([ 480.,  115.])
40.9163 	EXP 	whitebackground: autoDraw = True
40.9163 	EXP 	robotS: autoDraw = True
40.9163 	EXP 	node1: autoDraw = True
40.9163 	EXP 	node2: autoDraw = True
40.9163 	EXP 	node3: autoDraw = True
40.9163 	EXP 	node4: autoDraw = True
40.9163 	EXP 	node5: autoDraw = True
40.9163 	EXP 	robotF: autoDraw = True
40.9163 	EXP 	select1: autoDraw = True
40.9163 	EXP 	select2: autoDraw = True
40.9163 	EXP 	select3: autoDraw = True
40.9163 	EXP 	select4: autoDraw = True
40.9163 	EXP 	selection: autoDraw = True
40.9163 	EXP 	sel: autoDraw = True
41.2368 	DATA 	Keypress: a
41.5526 	DATA 	Keypress: a
41.8685 	DATA 	Keypress: a
42.1685 	DATA 	Keypress: a
42.1701 	EXP 	New trial (rep=0, index=3): {u'n2col': u'yellow', u'n4col': u'yellow', u'n3col': u'green', u'corrAns': u'd', u'r4': u'd', u'n1col': u'green', u'r1': u'a', u'r2': u'b', u'rs': u'LOC16', u'r3': u'c', u're': u'LOC10', u'n5col': u'blue', u'n1': u'LOC17', u'n2': u'LOC12', u'n3': u'LOC13', u'n4': u'LOC8', u'n5': u'LOC9'}
42.1825 	EXP 	whitebackground: autoDraw = False
42.1825 	EXP 	robotS: autoDraw = False
42.1825 	EXP 	node1: autoDraw = False
42.1825 	EXP 	node2: autoDraw = False
42.1825 	EXP 	node3: autoDraw = False
42.1825 	EXP 	node4: autoDraw = False
42.1825 	EXP 	node5: autoDraw = False
42.1825 	EXP 	robotF: autoDraw = False
42.1825 	EXP 	select1: autoDraw = False
42.1825 	EXP 	select2: autoDraw = False
42.1825 	EXP 	select3: autoDraw = False
42.1825 	EXP 	select4: autoDraw = False
42.1825 	EXP 	selection: autoDraw = False
42.1825 	EXP 	sel: autoDraw = False
42.1825 	EXP 	robotS: pos = array([  20., -115.])
42.1825 	EXP 	node1: fillColor = u'green (named)'
42.1825 	EXP 	node1: pos = array([ 135., -115.])
42.1825 	EXP 	node2: fillColor = u'yellow (named)'
42.1825 	EXP 	node2: pos = array([ 135.,    0.])
42.1825 	EXP 	node3: fillColor = u'green (named)'
42.1825 	EXP 	node3: pos = array([ 250.,    0.])
42.1825 	EXP 	node4: fillColor = u'yellow (named)'
42.1825 	EXP 	node4: pos = array([ 250.,  115.])
42.1825 	EXP 	node5: fillColor = u'blue (named)'
42.1825 	EXP 	node5: pos = array([ 365.,  115.])
42.1825 	EXP 	robotF: pos = array([ 480.,  115.])
42.1825 	EXP 	whitebackground: autoDraw = True
42.1825 	EXP 	robotS: autoDraw = True
42.1825 	EXP 	node1: autoDraw = True
42.1825 	EXP 	node2: autoDraw = True
42.1825 	EXP 	node3: autoDraw = True
42.1825 	EXP 	node4: autoDraw = True
42.1825 	EXP 	node5: autoDraw = True
42.1825 	EXP 	robotF: autoDraw = True
42.1825 	EXP 	select1: autoDraw = True
42.1825 	EXP 	select2: autoDraw = True
42.1825 	EXP 	select3: autoDraw = True
42.1825 	EXP 	select4: autoDraw = True
42.1825 	EXP 	selection: autoDraw = True
42.1825 	EXP 	sel: autoDraw = True
42.4229 	DATA 	Keypress: a
42.7200 	DATA 	Keypress: a
43.0210 	DATA 	Keypress: a
44.1516 	DATA 	Keypress: a
44.1617 	EXP 	Imported designs1.xlsx as conditions, 2 conditions, 17 params
44.1621 	EXP 	Created sequence: sequential, trialTypes=2, nReps=5, seed=None
44.1628 	EXP 	New trial (rep=0, index=0): {u'n2col': u'yellow', u'n4col': u'yellow', u'n3col': u'green', u'corrAns': u'y', u'r4': None, u'n1col': u'green', u'r1': None, u'r2': None, u'rs': u'LOC16', u'r3': None, u're': u'LOC10', u'n5col': u'blue', u'n1': u'LOC17', u'n2': u'LOC12', u'n3': u'LOC13', u'n4': u'LOC8', u'n5': u'LOC9'}
44.1828 	EXP 	whitebackground: autoDraw = False
44.1828 	EXP 	robotS: autoDraw = False
44.1828 	EXP 	node1: autoDraw = False
44.1828 	EXP 	node2: autoDraw = False
44.1828 	EXP 	node3: autoDraw = False
44.1828 	EXP 	node4: autoDraw = False
44.1828 	EXP 	node5: autoDraw = False
44.1828 	EXP 	robotF: autoDraw = False
44.1828 	EXP 	select1: autoDraw = False
44.1828 	EXP 	select2: autoDraw = False
44.1828 	EXP 	select3: autoDraw = False
44.1828 	EXP 	select4: autoDraw = False
44.1828 	EXP 	selection: autoDraw = False
44.1828 	EXP 	sel: autoDraw = False
44.1828 	EXP 	polygon: fillColor = u'green (named)'
44.1828 	EXP 	polygon: pos = array([ 135., -115.])
44.1828 	EXP 	polygon_2: fillColor = u'yellow (named)'
44.1828 	EXP 	polygon_2: pos = array([ 135.,    0.])
44.1828 	EXP 	polygon_3: fillColor = u'green (named)'
44.1828 	EXP 	polygon_3: pos = array([ 250.,    0.])
44.1828 	EXP 	polygon_4: fillColor = u'yellow (named)'
44.1828 	EXP 	polygon_4: pos = array([ 365.,  115.])
44.1828 	EXP 	polygon_5: fillColor = u'blue (named)'
44.1828 	EXP 	polygon_5: pos = array([ 365.,  115.])
44.1828 	EXP 	ro: color = '[ 1.  1.  1.] (rgb)'
44.1828 	EXP 	ro: pos = array([  20., -115.])
44.1828 	EXP 	rq: color = '[ 1.  1.  1.] (rgb)'
44.1828 	EXP 	rq: pos = array([ 480.,  115.])
44.1828 	EXP 	Evaluation: autoDraw = True
44.1828 	EXP 	polygon: autoDraw = True
44.1828 	EXP 	polygon_2: autoDraw = True
44.1828 	EXP 	polygon_3: autoDraw = True
44.1828 	EXP 	polygon_4: autoDraw = True
44.1828 	EXP 	polygon_5: autoDraw = True
44.1828 	EXP 	choice: autoDraw = True
44.1828 	EXP 	ro: autoDraw = True
44.1828 	EXP 	rq: autoDraw = True
54.4874 	DATA 	Keypress: y
54.4895 	EXP 	New trial (rep=0, index=1): {u'n2col': u'yellow', u'n4col': u'yellow', u'n3col': u'red', u'corrAns': u'n', u'r4': None, u'n1col': u'blue', u'r1': None, u'r2': None, u'rs': u'LOC16', u'r3': None, u're': u'LOC10', u'n5col': u'blue', u'n1': u'LOC17', u'n2': u'LOC12', u'n3': u'LOC13', u'n4': u'LOC8', u'n5': u'LOC9'}
54.5006 	EXP 	Evaluation: autoDraw = False
54.5006 	EXP 	polygon: autoDraw = False
54.5006 	EXP 	polygon_2: autoDraw = False
54.5006 	EXP 	polygon_3: autoDraw = False
54.5006 	EXP 	polygon_4: autoDraw = False
54.5006 	EXP 	polygon_5: autoDraw = False
54.5006 	EXP 	choice: autoDraw = False
54.5006 	EXP 	ro: autoDraw = False
54.5006 	EXP 	rq: autoDraw = False
54.5006 	EXP 	polygon: fillColor = u'blue (named)'
54.5006 	EXP 	polygon: pos = array([ 135., -115.])
54.5006 	EXP 	polygon_2: fillColor = u'yellow (named)'
54.5006 	EXP 	polygon_2: pos = array([ 135.,    0.])
54.5006 	EXP 	polygon_3: fillColor = u'red (named)'
54.5006 	EXP 	polygon_3: pos = array([ 250.,    0.])
54.5006 	EXP 	polygon_4: fillColor = u'yellow (named)'
54.5006 	EXP 	polygon_4: pos = array([ 365.,  115.])
54.5006 	EXP 	polygon_5: fillColor = u'blue (named)'
54.5006 	EXP 	polygon_5: pos = array([ 365.,  115.])
54.5006 	EXP 	ro: color = '[ 1.  1.  1.] (rgb)'
54.5006 	EXP 	ro: pos = array([  20., -115.])
54.5006 	EXP 	rq: color = '[ 1.  1.  1.] (rgb)'
54.5006 	EXP 	rq: pos = array([ 480.,  115.])
54.5006 	EXP 	Evaluation: autoDraw = True
54.5006 	EXP 	polygon: autoDraw = True
54.5006 	EXP 	polygon_2: autoDraw = True
54.5006 	EXP 	polygon_3: autoDraw = True
54.5006 	EXP 	polygon_4: autoDraw = True
54.5006 	EXP 	polygon_5: autoDraw = True
54.5006 	EXP 	choice: autoDraw = True
54.5006 	EXP 	ro: autoDraw = True
54.5006 	EXP 	rq: autoDraw = True
66.4391 	DATA 	Keypress: y
66.4413 	EXP 	New trial (rep=1, index=0): {u'n2col': u'yellow', u'n4col': u'yellow', u'n3col': u'green', u'corrAns': u'y', u'r4': None, u'n1col': u'green', u'r1': None, u'r2': None, u'rs': u'LOC16', u'r3': None, u're': u'LOC10', u'n5col': u'blue', u'n1': u'LOC17', u'n2': u'LOC12', u'n3': u'LOC13', u'n4': u'LOC8', u'n5': u'LOC9'}
66.4686 	EXP 	Evaluation: autoDraw = False
66.4686 	EXP 	polygon: autoDraw = False
66.4686 	EXP 	polygon_2: autoDraw = False
66.4686 	EXP 	polygon_3: autoDraw = False
66.4686 	EXP 	polygon_4: autoDraw = False
66.4686 	EXP 	polygon_5: autoDraw = False
66.4686 	EXP 	choice: autoDraw = False
66.4686 	EXP 	ro: autoDraw = False
66.4686 	EXP 	rq: autoDraw = False
66.4686 	EXP 	polygon: fillColor = u'green (named)'
66.4686 	EXP 	polygon: pos = array([ 135., -115.])
66.4686 	EXP 	polygon_2: fillColor = u'yellow (named)'
66.4686 	EXP 	polygon_2: pos = array([ 135.,    0.])
66.4686 	EXP 	polygon_3: fillColor = u'green (named)'
66.4686 	EXP 	polygon_3: pos = array([ 250.,    0.])
66.4686 	EXP 	polygon_4: fillColor = u'yellow (named)'
66.4686 	EXP 	polygon_4: pos = array([ 365.,  115.])
66.4686 	EXP 	polygon_5: fillColor = u'blue (named)'
66.4686 	EXP 	polygon_5: pos = array([ 365.,  115.])
66.4686 	EXP 	ro: color = '[ 1.  1.  1.] (rgb)'
66.4686 	EXP 	ro: pos = array([  20., -115.])
66.4686 	EXP 	rq: color = '[ 1.  1.  1.] (rgb)'
66.4686 	EXP 	rq: pos = array([ 480.,  115.])
66.4686 	EXP 	Evaluation: autoDraw = True
66.4686 	EXP 	polygon: autoDraw = True
66.4686 	EXP 	polygon_2: autoDraw = True
66.4686 	EXP 	polygon_3: autoDraw = True
66.4686 	EXP 	polygon_4: autoDraw = True
66.4686 	EXP 	polygon_5: autoDraw = True
66.4686 	EXP 	choice: autoDraw = True
66.4686 	EXP 	ro: autoDraw = True
66.4686 	EXP 	rq: autoDraw = True
82.8910 	DATA 	Keypress: escape
